F00:0001       ; OK : - demarrer sur un petit buffer vide : en fait ecrire dans sptr : 0x36C0000
F00:0002       ; OK - remplir chaque VBL N samples
F00:0003       ; OK - remplir chaque VBL N samples à une autre fréquence : 416 octets / 48 / 20833.333 hz.
F00:0004       ; OK - remplir en gérant un volume : table volume : samplevoltable , dans currentvol & DMA_volume . samplevoltable : 64
F00:0005       ; OK - convertir le sample en mu-law avant 
F00:0006       ; OK - mixer le même sample sur 4 voies
F00:0007       ; OK - mixer 4 voies : Paula emulateur
F00:0008       ; OK - virer le sample 
F00:0009       ; OK - initialiser les canaux avec le silence, rechecker tout.
F00:0010       ; OK - mettre en place la gestion de dmacon : avant le mixage, si bit du canal =0 => initialiser vers du silence : offse
F00:0011       ; OK - debug : on depasse lors des repetitions, si nouveau sample il ne faut pas reprendre le depassement. A voir
F00:0012       ; OK - correction des frequences
F00:0013       ; OK : faire une version avec test de bouclage pour comparer 
F00:0014       ; OK - copier la table d'instruments intégrées dans la table instruments locale
F00:0015       
F00:0016       ; - tester une frequence + élevée : 31250			624		32
F00:0017       
F00:0018       
F00:0019       ; faire une table de frequences calculées comme QTM
F00:0020       ; utiliser les registres FIQ : + 7 registres
F00:0021       ; deboucler le remplissage
F00:0022       
F00:0023       
F00:0024       
F00:0025       
F00:0026       
F00:0027       
F00:0028       
F00:0029       ; sample en 8 bits signés : The samples in a MOD file are raw, 8 bit, signed, headerless, linear digital data.
F00:0030       ; donc de -128 à 127
F00:0031       ; Signed : OK
F00:0032       ; 
F00:0033       
F00:0034       
F00:0035       ; 416 sample / VBL = 20 800 HZ
F00:0036       ; Sound Frequency Register (SFR}: Address C0H : micro seconde, de 3 à 256 :  1 s = 1 000 000 µs, /50 ( 1 VBL) = 20 000
F00:0037       
F00:0038       ; frequence ?
F00:0039       ; volume ?
F00:0040       ; activation registre de controle
F00:0041       
F00:0042       ; écriture directe : MEMC CONTROL REGISTER
F00:0043       ; 110110111000001001000011 , problème vitesse mémoire en dur
F00:0044       
F00:0045       
F00:0046       
F00:0047       ; initQTMsound
F00:0048       ;	- "XSound_Configure" avec R0-R4 = 0 => sauvegarde config son ( RO-R3 à stocker )
F00:0049       ;	- stock R3+8 & +12=volume scaled log amp table :  linear-log table, 
F00:0050       ;	- XSound_Configure avec : R4=0, R3=qtmblock ?, R0=nb canaux/voies, R1=dma size /16, R2=current us, frequence
F00:0051       ;	- 8 x XSound_Stereo : R1 = image position, R0 = numéro de la voie/channel 
F00:0052       ;
F00:0053       ; initQTMsound
F00:0054       ;
F00:0055       ; start
F00:0056       ;	- setDMAblock
F00:0057       ; 	- 
F00:0058       
F00:0059       
F00:0060       
F00:0061       ; frequence OK
F00:0062       ; 7812,499999	156		128
F00:0063       ; 9615,384614	192		104
F00:0064       ; 10416,66667	208		96,00000001
F00:0065       ; 12820,51282	256		78,00000001
F00:0066       ; 15625			312		64,00000001
F00:0067       ; 19230,76923	384		52,00000001
F00:0068       ; 20833,33333	416		48
F00:0069       ; 25641,02564	512		39
F00:0070       ; 31250			624		32
F00:0071       ; 38461,53846	768		26
F00:0072       ; 41666,66666	832		24
F00:0073       ; 62499,99999	1248	16
F00:0074       ; 76923,07692	1536	13
F00:0075       
F00:0076       .equ		ecart_sample,		1024
F00:0077       
F00:0078       ; parametre de qualité
F00:0079       .equ		frequence_replay,	20833							; 20833
F00:0080       .equ		nb_octets_par_vbl,	416								; 416
F00:0081       .equ		nb_octets_par_vbl_fois_4,	nb_octets_par_vbl*4
F00:0082       .equ		ms_freq_Archi,		48								; 48
F00:0083       .equ		ms_freq_Archi_div_4_pour_registre_direct,		ms_freq_Archi/4
F00:0084       
F00:0085       	.org 0x8000
F00:0086       	.balign 8
F00:0087       
F00:0088       .equ		dmabuffer1_fix,		0x7E000
F00:0089       .equ		dmabuffer2_fix,		0x7F000
F00:0090       
F00:0091       
F00:0092       .include "swis.h.asm"
F01:0001       .equ OS_WriteC, 0
F01:0002       .equ OS_WriteO, 2
F01:0003       .equ OS_NewLine, 3
F01:0004       .equ OS_Byte, 6
F01:0005       .equ XOS_Byte, OS_Byte | (1 << 17)
F01:0006       .equ OS_Word, 7
F01:0007       .equ OS_File, 8
F01:0008       .equ OS_Exit, 0x11
F01:0009       .equ OS_BreakPt, 0x17
F01:0010       .equ OS_ChangeDynamicArea, 0x2a
F01:0011       .equ OS_GenerateError, 0x2b
F01:0012       .equ OS_ReadVduVariables, 0x31
F01:0013       .equ OS_ReadMonotonicTime, 0x42
F01:0014       .equ OS_ReadDynamicArea, 0x5c
F01:0015       .equ OS_ConvertCardinal4, 0xd8	
F01:0016       .equ OS_EnterOS, 0x16						; supervisor
F01:0017       .equ OS_supervisor, 0x16						; supervisor
F01:0018       
F01:0019       
F01:0020       .equ OS_Module, 0x1E
F01:0021       
F01:0022       .equ OSByte_EventEnable, 14
F01:0023       .equ OSByte_EventDisable, 13
F01:0024       .equ OSByte_Vsync, 19
F01:0025       .equ OSByte_WriteVDUBank, 112
F01:0026       .equ OSByte_WriteDisplayBank, 113
F01:0027       .equ OSByte_ReadKey, 129
F01:0028       
F01:0029       .equ OSWord_WritePalette, 12
F01:0030       
F01:0031       .equ IKey_LeftClick, 0xf6
F01:0032       .equ IKey_RightClick, 0xf4
F01:0033       .equ IKey_Space, 0x9d
F01:0034       
F01:0035       .equ DynArea_Screen, 2
F01:0036       
F01:0037       .equ VD_ScreenStart, 148 
F01:0038       
F01:0039       .equ OS_Claim, 0x1f
F01:0040       .equ OS_Release, 0x20
F01:0041       .equ OS_AddToVector, 0x47
F01:0042       
F01:0043       .equ ErrorV, 0x01
F01:0044       .equ EventV, 0x10
F01:0045       .equ Event_VSync, 4
F01:0046       
F01:0047       .equ OS_ConvertHex2, 0xd1
F01:0048       .equ OS_ConvertHex4, 0xd2
F01:0049       .equ OS_ConvertHex8, 0xd4
F01:0050       
F01:0051       .equ QTM_Load, 0x47E40
F01:0052       .equ QTM_Start, 0x47E41
F01:0053       .equ QTM_Stop, 0x47E42
F01:0054       .equ QTM_SetSampleSpeed, 0x47E49
F01:0055       
F01:0056       ; Rasterman 
F01:0057       .equ	RasterMan_Version,			0x47e84
F01:0058       .equ	RasterMan_SetTables,		0x47e83
F01:0059       .equ	RasterMan_Install,			0x47e80
F01:0060       .equ	RasterMan_Release,			0x47e81
F01:0061       .equ	RasterMan_Wait,				0x47e82
F01:0062       .equ	RasterMan_ReadScanline,		0x47e85
F01:0063       .equ	RasterMan_SetVIDCRegister,	0x47e86
F01:0064       .equ	RasterMan_SetMEMCRegister,	0x47e87
F01:0065       .equ	RasterMan_QTMParamAddr,		0x47e88
F01:0066       .equ	RasterMan_ScanKeyboard,		0x47e89
F01:0067       .equ	RasterMan_ClearKeyBuffer, 	0x47e8a
F01:0068       .equ	RasterMan_ReadScanAddr,		0x47e8b
F01:0069       
F01:0070       ; QDebug_Break
F01:0071       .equ	BKP, 0x44B85
F01:0072       
F01:0073       ; XOS
F01:0074       .equ	XOS_ServiceCall,		0x20030
F01:0075       .equ	OS_ReadMonotonicTime,		0x42
F01:0076       
F01:0077       ; memory management
F01:0078       .equ	OS_ReadMemMapInfo,		0x51
F01:0079       .equ	OS_FindMemMapEntries,		0x60
F01:0080       .equ	XSound_SoundLog,		0x60181
F01:0081       .equ	XSound_Volume,			0x60180
F01:0082       .equ	XSound_Configure,		0x60140
F01:0083       .equ	XSound_Enable,			0x60141
F01:0084       
F01:0085       
F00:0093       
F00:0094       
F00:0095       
F00:0096       
F00:0097       main:
F00:0098       
F00:0099       ; read machine infos
F00:0100       	mov		R0,#2
               S01:00008000:  02 00 A0 E3
F00:0101       	swi		0x58				; OS_ReadSysInfo
               S01:00008004:  58 00 00 EF
F00:0102       	
F00:0103       ; R0 	Hardware configuration word 0 = 1 = VIDC1a MEMC1/MEMC1a IOC IOEB
F00:0104       ; R1 	Hardware configuration word 1 = 1 = 82C710
F00:0105       ; R2 	Hardware configuration word 2 =0 = LCD controller type none, IOMD, VIDC20 variant  VIDC20, 
F00:0106       ; R3 	Low half of machine ID
F00:0107       ; R4 	High half of machine ID 	
F00:0108       
F00:0109       
F00:0110       ; test sur les frequences pour correction	
F00:0111       	.ifeq	1
F00:0112       	ADR     R0,readclock
F00:0113       	ADR     R1,answer
F00:0114       	SWI 	0x31					; SWI     "XOS_ReadVduVariables"
F00:0115       
F00:0116       	LDR     R0,answer				; R0=clock of VIDC = 0x5DC0 = 24 000
F00:0117       ; VIDC1A
F00:0118       	
F00:0119       	LDR     R2,shiftclock				; 24000/1000*4096
F00:0120       	ldr		R3,current_uS				; 48
F00:0121       	LDR     R4,chans_use				; 4 canaux
F00:0122       
F00:0123       	MOV     R5,#24
F00:0124       	MUL     R0,R2,R3				; R0=48*4 
F00:0125       	MUL     R1,R4,R5				; R1=4*24
F00:0126       	;BL      r0_div_r1				; R0=(R0/R1) << 12 = (0x480000 / 0x60) = 0xC000
F00:0127       	mov		R0,#0xC000
F00:0128       
F00:0129       	MOV     R6,R0,LSR#12				; R6=R0>>12
F00:0130       	MUL     R6,R4,R6				; R6 = R6 * 4 canaux
F00:0131       	MOV     R0,R6,LSL#22				; R0 = R6 * 4 canaux << 22
F00:0132       	MOV     R1,R2,LSR#2				; R1 = shiftclock >> 2
F00:0133       
F00:0134       	;BL      r0_div_r1				; R0 = 0xC000000   R1=0x6000   => R0=0x2000
F00:0135       	mov		R0,#0x2000
F00:0136       	
F00:0137       	MUL     R0,R5,R0				; R0=actual_uS = 0x30000 = 48*4096 ( <<12)
F00:0138       
F00:0139       	str		R0,actual_uS
F00:0140       
F00:0141       ; test pour note = 400
F00:0142       ; dans la table
F00:0143       	mov		R0,#400
F00:0144       	adr		R1,table_increments_frequence
F00:0145       	mov		R0,R0,lsl #2		; note * 4
F00:0146       	ldr		R12,[R1,R0]			; R12 = increment note 400 = 0x6DF = 1759
F00:0147       
F00:0148       ; calcul avec formule QTM
F00:0149       
F00:0150       	mov		R2,#400				; Amiga note
F00:0151       	LDR     R10,Amiga_multiplier
F00:0152       	LDR     R9,actual_uS
F00:0153       	MOV     R7,#9				;default accuracy is 9bits
F00:0154       	RSB     R6,R7,#30               ;30-x
F00:0155       	MOV     R0,R10
F00:0156       	MOV     R1,R2
F00:0157       	;BL      r0_div_r1			; R0=R0/R1 = 0xE3005235 / 400 = 9 521 122
F00:0158       	ldr		R0,valeur9521122
F00:0159       	
F00:0160       	MOV     R0,R0,LSR R7
F00:0161       	MOV     R1,R9
F00:0162       	MUL     R0,R1,R0
F00:0163       	MOV     R2,R0,LSR R6		; R2=0x6CF => décalage de note
F00:0164       	.endif
F00:0165       	
F00:0166       ; increment dans R2
F00:0167       
F00:0168       	.ifeq	1
F00:0169       
F00:0170       	mov		R0,#0
F00:0171       	ldr		R1,pointeur_module_Amiga
F00:0172       	swi		QTM_Load
F00:0173       	
F00:0174       	nop
F00:0175       	
F00:0176       	SWI		QTM_Start
F00:0177       
F00:0178       	nop
F00:0179       
F00:0180       ; qtm sound control
F00:0181       	MVN       R0,#0
F00:0182       	MVN       R1,#0
F00:0183       	MVN       R2,#0
F00:0184       	SWI		0x47E58
F00:0185       	; RO=nb voies du module
F00:0186       
F00:0187       	mov		R0,R0
F00:0188       
F00:0189       ; pour SWI "QTM_MusicVolume" 
F00:0190       	mov		R0,#64
F00:0191       	swi		0x47E5C
F00:0192       
F00:0193       ;"XQTM_DMABuffer"
F00:0194       	SWI		0x47E4A
F00:0195       ; R0 = buffer DMA
F00:0196       
F00:0197       	mov		R0,R0
F00:0198       
F00:0199       
F00:0200       	
F00:0201       	MOV       R0,#0
F00:0202       	MOV       R1,#0
F00:0203       	MOV       R2,#0
F00:0204       	MOV       R3,#0
F00:0205       	MOV       R4,#0
F00:0206       	SWI       XSound_Configure					; Sound_Configure
F00:0207       	
F00:0208       	;R0=4
F00:0209       	;R1=0x1A0			 	Samples per channel=416 
F00:0210       	;R2=0x30				Sample period
F00:0211       	;R3=
F00:0212       	;R4=
F00:0213       	MUL       R0,R1,R0
F00:0214       	; R0=nb octets a remplir
F00:0215       	.endif
F00:0216       
F00:0217       
F00:0218       
F00:0219       	SWI		0x01
               S01:00008008:  01 00 00 EF
F00:0220       	.byte	"24KHZ module LSP player conversion unlooped -  No OS running.",13,10,0
               S01:0000800C:  32 34 4B 48 5A 20 6D 6F 64 75 6C 65 20 4C 53 50
               S01:0000801C:  20 70 6C 61 79 65 72 20 63 6F 6E 76 65 72 73 69
               S01:0000802C:  0D
               S01:0000802D:  0A
               S01:0000802E:  00
F00:0221       	.p2align 2
F00:0222       	SWI		0x01
               S01:0000804C:  01 00 00 EF
F00:0223       	.byte	"16 to 24 pixels",13,10,0
               S01:00008050:  31 36 20 74 6F 20 32 34 20 70 69 78 65 6C 73
               S01:0000805F:  0D
               S01:00008060:  0A
               S01:00008061:  00
F00:0224       	.p2align 2
F00:0225       	SWI		0x01
               S01:00008064:  01 00 00 EF
F00:0226       	.byte	"24 to 32 pixels",13,10,0
               S01:00008068:  32 34 20 74 6F 20 33 32 20 70 69 78 65 6C 73
               S01:00008077:  0D
               S01:00008078:  0A
               S01:00008079:  00
F00:0227       	.p2align 2
F00:0228       
F00:0229       ; set sound volume
F00:0230       	mov		R0,#100							; maxi 127
               S01:0000807C:  64 00 A0 E3
F00:0231       	SWI		XSound_Volume	
               S01:00008080:  80 01 06 EF
F00:0232       
F00:0233       ; read sound volume
F00:0234       	mov		R0,#0							; 0=read = OK 127
               S01:00008084:  00 00 A0 E3
F00:0235       	SWI		XSound_Volume
               S01:00008088:  80 01 06 EF
F00:0236       
F00:0237       
F00:0238       	bl		create_table_lin2log
               S01:0000808C:  B5 03 00 EB
F00:0239       
F00:0240       	mov		R0,R0
               S01:00008090:  00 00 A0 E1
F00:0241       	bl		LSP_PlayerInit_standard
               S01:00008094:  EE 01 00 EB
F00:0242       	bl		convertion_samples_instruments_en_mu_law
               S01:00008098:  B5 02 00 EB
F00:0243       	bl		ajout_ecart_entre_instruments_et_copie_repetitions
               S01:0000809C:  BF 02 00 EB
F00:0244       
F00:0245       
F00:0246       
F00:0247       	; read memc control register
F00:0248       	mov		R0,#0
               S01:000080A0:  00 00 A0 E3
F00:0249       	mov		R1,#0
               S01:000080A4:  00 10 A0 E3
F00:0250       	swi		0x1A
               S01:000080A8:  1A 00 00 EF
F00:0251       	str		R0,memc_control_register_original
               S01:000080AC:  C4 03 8F E5
F00:0252       	
F00:0253       ; default = 0x36E0D4C
F00:0254       ; 11 0110 1110 0000 1101 0100 1100
F00:0255       ; page size = 11 = 32 KB
F00:0256       ; low rom access time = 00 = 450ns
F00:0257       ; high rom access time = 01 = 325ns
F00:0258       ; Dram refresh control = 01 = during video fly back
F00:0259       ; video cursor dma = 1 = enable
F00:0260       ; Sound OMA Control = 1 = enable
F00:0261       ; Operating System Mode = 0 = OS Mode Off
F00:0262       
F00:0263       
F00:0264       		
F00:0265       
F00:0266       
F00:0267       
F00:0268       	
F00:0269       	
F00:0270       
F00:0271        ; Set screen size for number of buffers
F00:0272       	MOV 	r0, #DynArea_Screen
               S01:000080B0:  02 00 A0 E3
F00:0273       	SWI 	OS_ReadDynamicArea
               S01:000080B4:  5C 00 00 EF
F00:0274       	; r1=taille actuelle de la memoire ecran
F00:0275       	str		R1,taille_actuelle_memoire_ecran
               S01:000080B8:  BC 13 8F E5
F00:0276       	
F00:0277       	
F00:0278       	MOV r0, #DynArea_Screen
               S01:000080BC:  02 00 A0 E3
F00:0279       ; 416 * ( 32+258+32+258+32)
F00:0280       	MOV		r1, #4096				; 4Ko octets de plus pour le dma audio
               S01:000080C0:  01 1A A0 E3
F00:0281       	mov		R1,#65536				; evitons QDebug
               S01:000080C4:  01 18 A0 E3
F00:0282       	SWI		OS_ChangeDynamicArea
               S01:000080C8:  2A 00 00 EF
F00:0283       	
F00:0284       ; taille dynamic area screen = 320*256*2
F00:0285       
F00:0286       	MOV		r0, #DynArea_Screen
               S01:000080CC:  02 00 A0 E3
F00:0287       	SWI		OS_ReadDynamicArea
               S01:000080D0:  5C 00 00 EF
F00:0288       	
F00:0289       	; r0 = pointeur debut memoire ecrans
F00:0290       	ldr		R10,taille_actuelle_memoire_ecran
               S01:000080D4:  A0 A3 9F E5
F00:0291       	add		R0,R0,R10		; au bout de la mémoire video, le buffer dma
               S01:000080D8:  0A 00 80 E0
F00:0292       	str		R0,fin_de_la_memoire_video
               S01:000080DC:  F4 03 8F E5
F00:0293       	
F00:0294       	;add		R0,R0,#4096
F00:0295       	;add		R0,R0,#65536-16384-16384
F00:0296       	add		R1,R0,#16384
               S01:000080E0:  01 19 80 E2
F00:0297       	str		R0,adresse_dma1_logical
               S01:000080E4:  94 03 8F E5
F00:0298       	add		R1,R0,#16384
               S01:000080E8:  01 19 80 E2
F00:0299       	str		R1,adresse_dma2_logical	
               S01:000080EC:  94 13 8F E5
F00:0300       
F00:0301       	;add		R1,R0,#16384
F00:0302       	;str		R1,adresse_dma3_logical	
F00:0303       	
F00:0304       	;add		R1,R0,#16384
F00:0305       	;str		R1,adresse_dma4_logical		
F00:0306       
F00:0307       	
F00:0308       	
F00:0309       	
F00:0310       		ldr		R6,adresse_dma1_logical
               S01:000080F0:  88 63 9F E5
F00:0311       		ldr		R5,adresse_dma2_logical
               S01:000080F4:  8C 53 9F E5
F00:0312       	
F00:0313       		SWI       OS_ReadMemMapInfo 		;  read the page size used by the memory controller and the number of pages in use
               S01:000080F8:  51 00 00 EF
F00:0314       		STR       R0,pagesize
               S01:000080FC:  8C 03 8F E5
F00:0315       		STR       R1,numpages
               S01:00008100:  8C 13 8F E5
F00:0316       
F00:0317       		SUB       R4,R0,#1			; R4 = pagesize - 1
               S01:00008104:  01 40 40 E2
F00:0318       		BIC       R7,R5,R4          ; page for dmabuffer2 : 
               S01:00008108:  04 70 C5 E1
F00:0319       		BIC       R8,R6,R4          ; page for dmabuffer1 : and R6 & not(R4)
               S01:0000810C:  04 80 C6 E1
F00:0320       
F00:0321       		SUB       R5,R5,R7          ;offset into page dma2
               S01:00008110:  07 50 45 E0
F00:0322       		SUB       R6,R6,R8          ;offset into page dma1
               S01:00008114:  08 60 46 E0
F00:0323       
F00:0324       		ADR       R0,pagefindblk
               S01:00008118:  16 0C 8F E2 40 00 80 E2
F00:0325       		MOV       R1,#0
               S01:00008120:  00 10 A0 E3
F00:0326       		STR       R1,[R0,#0]
               S01:00008124:  00 10 80 E5
F00:0327       		STR       R1,[R0,#8]
               S01:00008128:  08 10 80 E5
F00:0328       		MVN       R1,#0
               S01:0000812C:  00 10 E0 E3
F00:0329       		STR       R1,[R0,#12]
               S01:00008130:  0C 10 80 E5
F00:0330       		STR       R7,[R0,#4]
               S01:00008134:  04 70 80 E5
F00:0331       		SWI       OS_FindMemMapEntries 		;not RISC OS 2 or earlier
               S01:00008138:  60 00 00 EF
F00:0332       		LDR       R1,[R0,#0]
               S01:0000813C:  00 10 90 E5
F00:0333       		LDR       R4,pagesize
               S01:00008140:  48 43 9F E5
F00:0334       		MUL       R1,R4,R1
               S01:00008144:  94 01 01 E0
F00:0335       		ADD       R1,R1,R5
               S01:00008148:  05 10 81 E0
F00:0336       		STR       R1,adresse_dma2_memc 			;got the correct phys addr of buf2 (R7)
               S01:0000814C:  38 13 8F E5
F00:0337       	
F00:0338       
F00:0339       		MOV       R1,#0
               S01:00008150:  00 10 A0 E3
F00:0340       		STR       R1,[R0,#0]
               S01:00008154:  00 10 80 E5
F00:0341       		STR       R1,[R0,#8]
               S01:00008158:  08 10 80 E5
F00:0342       		MVN       R1,#0
               S01:0000815C:  00 10 E0 E3
F00:0343       		STR       R1,[R0,#12]
               S01:00008160:  0C 10 80 E5
F00:0344       		STR       R8,[R0,#4]
               S01:00008164:  04 80 80 E5
F00:0345       		SWI       OS_FindMemMapEntries ;not RISC OS 2 or earlier
               S01:00008168:  60 00 00 EF
F00:0346       		LDR       R1,[R0,#0]
               S01:0000816C:  00 10 90 E5
F00:0347       		LDR       R4,pagesize
               S01:00008170:  18 43 9F E5
F00:0348       		MUL       R1,R4,R1
               S01:00008174:  94 01 01 E0
F00:0349       		ADD       R1,R1,R6
               S01:00008178:  06 10 81 E0
F00:0350       		STR       R1,adresse_dma1_memc ;got the correct phys addr of buf1 (R8)
               S01:0000817C:  00 13 8F E5
F00:0351       
F00:0352       
F00:0353       		;ldr		R6,adresse_dma3_logical
F00:0354       		;ldr		R5,adresse_dma4_logical
F00:0355       	
F00:0356       		;SWI       OS_ReadMemMapInfo 		;  read the page size used by the memory controller and the number of pages in use
F00:0357       		;STR       R0,pagesize
F00:0358       		;STR       R1,numpages
F00:0359       
F00:0360       		;SUB       R4,R0,#1			; R4 = pagesize - 1
F00:0361       		;BIC       R7,R5,R4          ; page for dmabuffer2 : 
F00:0362       		;BIC       R8,R6,R4          ; page for dmabuffer1 : and R6 & not(R4)
F00:0363       
F00:0364       		;SUB       R5,R5,R7          ;offset into page dma2
F00:0365       		;SUB       R6,R6,R8          ;offset into page dma1
F00:0366       
F00:0367       		;ADR       R0,pagefindblk
F00:0368       		;MOV       R1,#0
F00:0369       		;STR       R1,[R0,#0]
F00:0370       		;STR       R1,[R0,#8]
F00:0371       		;MVN       R1,#0
F00:0372       		;STR       R1,[R0,#12]
F00:0373       		;STR       R7,[R0,#4]
F00:0374       		;SWI       OS_FindMemMapEntries 		;not RISC OS 2 or earlier
F00:0375       		;LDR       R1,[R0,#0]
F00:0376       		;LDR       R4,pagesize
F00:0377       		;MUL       R1,R4,R1
F00:0378       		;ADD       R1,R1,R5
F00:0379       		;STR       R1,adresse_dma4_memc 			;got the correct phys addr of buf2 (R7)
F00:0380       	    ;
F00:0381       
F00:0382       		;MOV       R1,#0
F00:0383       		;STR       R1,[R0,#0]
F00:0384       		;STR       R1,[R0,#8]
F00:0385       		;MVN       R1,#0
F00:0386       		;STR       R1,[R0,#12]
F00:0387       		;STR       R8,[R0,#4]
F00:0388       		;SWI       OS_FindMemMapEntries ;not RISC OS 2 or earlier
F00:0389       		;LDR       R1,[R0,#0]
F00:0390       		;LDR       R4,pagesize
F00:0391       		;MUL       R1,R4,R1
F00:0392       		;ADD       R1,R1,R6
F00:0393       		;STR       R1,adresse_dma3_memc ;got the correct phys addr of buf1 (R8)
F00:0394       
F00:0395       	;.ifeq		1
F00:0396       	; test => KO	
F00:0397       	;mov		R0,#dmabuffer1_fix
F00:0398       	;str		R0,adresse_dma1_memc
F00:0399       	;ADD		R0,R0,#0x2000000
F00:0400       	;str		R0,adresse_dma1_logical
F00:0401       
F00:0402       	;mov		R0,#dmabuffer2_fix
F00:0403       	;str		R0,adresse_dma2_memc
F00:0404       	;ADD		R0,R0,#0x2000000
F00:0405       	;str		R0,adresse_dma2_logical
F00:0406       	;.endif
F00:0407       	
F00:0408       ;	ldr		r1,adresse_dma1_logical
F00:0409       ;	ldr		R2,adresse_dma1_memc
F00:0410       ;	ldr		R11,fin_de_la_memoire_video 
F00:0411       ;	ldr		R12,taille_actuelle_memoire_ecran
F00:0412       
F00:0413       ; +16384
F00:0414       
F00:0415       ;	ldr		r1,adresse_dma2_logical
F00:0416       ;	ldr		R2,adresse_dma2_memc
F00:0417       ;	ldr		R11,fin_de_la_memoire_video
F00:0418       ;	add		R11,R11,#16384
F00:0419       ;	ldr		R12,taille_actuelle_memoire_ecran
F00:0420       ;	add		R12,R12,#16384
F00:0421       
F00:0422       	
F00:0423       	
F00:0424       	
F00:0425       
F00:0426       
F00:0427       ; on met à zéro les buffers DMA
F00:0428       	ldr		R1,adresse_dma1_logical
               S01:00008180:  F8 12 9F E5
F00:0429       	mov		R2,#16384					; buffer 1 a 4
               S01:00008184:  01 29 A0 E3
F00:0430       	mov		R0,#0
               S01:00008188:  00 00 A0 E3
F00:0431       boucle_cls_buffer_dma:
F00:0432       	str		R0,[R1],#4
               S01:0000818C:  04 00 81 E4
F00:0433       	subs	R2,R2,#1
               S01:00008190:  01 20 52 E2
F00:0434       	bgt		boucle_cls_buffer_dma
               S01:00008194:  FC FF FF CA
F00:0435       
F00:0436       
F00:0437       	
F00:0438       
F00:0439       	MOV       R0,#0							;  	Channels for 8 bit sound
               S01:00008198:  00 00 A0 E3
F00:0440       	MOV       R1,#0						; Samples per channel (in bytes)
               S01:0000819C:  00 10 A0 E3
F00:0441       	MOV       R2,#0						; Sample period (in microseconds per channel) 
               S01:000081A0:  00 20 A0 E3
F00:0442       	MOV       R3,#0
               S01:000081A4:  00 30 A0 E3
F00:0443       	MOV       R4,#0
               S01:000081A8:  00 40 A0 E3
F00:0444       	SWI       XSound_Configure						;"Sound_Configure"
               S01:000081AC:  40 01 06 EF
F00:0445       	
F00:0446       	adr		R5,backup_params_sons
               S01:000081B0:  15 5C 8F E2 C4 50 85 E2
F00:0447       	stmia	R5,{r0-R4}
               S01:000081B8:  1F 00 85 E8
F00:0448       
F00:0449       
F00:0450       
F00:0451       	MOV       R0,#4							;  	Channels for 8 bit sound
               S01:000081BC:  04 00 A0 E3
F00:0452       	MOV       R1,#nb_octets_par_vbl_fois_4		; Samples per channel (in bytes)
               S01:000081C0:  1A 1D A0 E3
F00:0453       	MOV       R2,#ms_freq_Archi				; Sample period (in microseconds per channel)  = 48  / 125 pour 8000hz
               S01:000081C4:  30 20 A0 E3
F00:0454       	MOV       R3,#0
               S01:000081C8:  00 30 A0 E3
F00:0455       	MOV       R4,#0
               S01:000081CC:  00 40 A0 E3
F00:0456       	SWI       XSound_Configure						;"Sound_Configure"
               S01:000081D0:  40 01 06 EF
F00:0457       
F00:0458       
F00:0459       	MOV       R0,#0							;  	Channels for 8 bit sound
               S01:000081D4:  00 00 A0 E3
F00:0460       	MOV       R1,#0						; Samples per channel (in bytes)
               S01:000081D8:  00 10 A0 E3
F00:0461       	MOV       R2,#0						; Sample period (in microseconds per channel) 
               S01:000081DC:  00 20 A0 E3
F00:0462       	MOV       R3,#0
               S01:000081E0:  00 30 A0 E3
F00:0463       	MOV       R4,#0
               S01:000081E4:  00 40 A0 E3
F00:0464       	SWI       XSound_Configure						;"Sound_Configure"
               S01:000081E8:  40 01 06 EF
F00:0465       	MUL       R0,R1,R0
               S01:000081EC:  91 00 00 E0
F00:0466       ; R0=taille du dma 
F00:0467       	
F00:0468       ; variables pour PAULA
F00:0469       ; initialiser:
F00:0470       ; External :
F00:0471       ; 	- OK : offset pointeur sample A B C D
F00:0472       ;	- OK : length A B C D
F00:0473       ;	- note
F00:0474       ; 	- OK : volume A B C D = 64
F00:0475       
F00:0476       ; Internal
F00:0477       ; 	- OK : offset actuel lecture sample
F00:0478       ;	- OK : offset fin sample
F00:0479       ; 	- OK : increment A B C D = 0
F00:0480       
F00:0481       ; OK : DMACon = 0
F00:0482       
F00:0483       	adr		R0,Paula_registers_external
               S01:000081F0:  15 0C 8F E2 9C 00 80 E2
F00:0484       	ldr		R1,pointeur_debut_silence
               S01:000081F8:  A4 12 9F E5
F00:0485       	adr		R4,LSPBank
               S01:000081FC:  73 4E 8F E2 23 4A 84 E2
F00:0486       	subs	R2,R1,R4			; offset debut silence
               S01:00008204:  04 20 51 E0
F00:0487       
F00:0488       ; test silence
F00:0489       	str		R2,[R0,#0x00]		; External Audio channel 0 location
               S01:00008208:  00 20 80 E5
F00:0490       	str		R2,[R0,#0x14]
               S01:0000820C:  14 20 80 E5
F00:0491       	str		R2,[R0,#0x28]
               S01:00008210:  28 20 80 E5
F00:0492       	str		R2,[R0,#0x3C]
               S01:00008214:  3C 20 80 E5
F00:0493       	
F00:0494       	mov		R2,R2,lsl #12		; << 12
               S01:00008218:  02 26 A0 E1
F00:0495       	str		R2,[R0,#0x50]		; internal offsets pointeur debut sample A B C D
               S01:0000821C:  50 20 80 E5
F00:0496       	str		R2,[R0,#0x60]
               S01:00008220:  60 20 80 E5
F00:0497       	str		R2,[R0,#0x70]
               S01:00008224:  70 20 80 E5
F00:0498       	str		R2,[R0,#0x80]
               S01:00008228:  80 20 80 E5
F00:0499       		
F00:0500       	
F00:0501       	mov		R2,#0					; External
               S01:0000822C:  00 20 A0 E3
F00:0502       	
F00:0503       	str		R2,[R0,#0x90]			; DMACon = 0000
               S01:00008230:  90 20 80 E5
F00:0504       	
F00:0505       	str		R2,[R0,#0x0C]			; volume canal A
               S01:00008234:  0C 20 80 E5
F00:0506       	str		R2,[R0,#0x20]			; volume canal B
               S01:00008238:  20 20 80 E5
F00:0507       	str		R2,[R0,#0x34]			; volume canal C
               S01:0000823C:  34 20 80 E5
F00:0508       	str		R2,[R0,#0x48]			; volume canal D
               S01:00008240:  48 20 80 E5
F00:0509       
F00:0510       	mov		R2,#0					; Internal increment A B C D << 12
               S01:00008244:  00 20 A0 E3
F00:0511       	str		R2,[R0,#0x5C]
               S01:00008248:  5C 20 80 E5
F00:0512       	str		R2,[R0,#0x6C]
               S01:0000824C:  6C 20 80 E5
F00:0513       	str		R2,[R0,#0x7C]
               S01:00008250:  7C 20 80 E5
F00:0514       	str		R2,[R0,#0x8C]
               S01:00008254:  8C 20 80 E5
F00:0515       	
F00:0516       	
F00:0517       	ldr		R3,pointeur_LSPBank
               S01:00008258:  D4 3C 9F E5
F00:0518       	ldr		R3,pointeur_fin_silence
               S01:0000825C:  44 32 9F E5
F00:0519       	subs	R3,R3,R4				; fin de sample - debut sample = offset fin de sample
               S01:00008260:  04 30 53 E0
F00:0520       
F00:0521       ; test silence
F00:0522       	str		R3,[R0,#0x54]			; end sample offset channel 0
               S01:00008264:  54 30 80 E5
F00:0523       	str		R3,[R0,#0x64]
               S01:00008268:  64 30 80 E5
F00:0524       	str		R3,[R0,#0x74]
               S01:0000826C:  74 30 80 E5
F00:0525       	str		R3,[R0,#0x84]
               S01:00008270:  84 30 80 E5
F00:0526       
F00:0527       	mov		R3,#fin_silence-silence	; taille du silence
               S01:00008274:  10 30 A0 E3
F00:0528       	mov		R3,R3,lsr #1			; en mots/word 
               S01:00008278:  A3 30 A0 E1
F00:0529       	
F00:0530       	str		R3,[R0,#0x04]			; External Audio channel 0 length
               S01:0000827C:  04 30 80 E5
F00:0531       	str		R3,[R0,#0x18]			; External Audio channel 1 length
               S01:00008280:  18 30 80 E5
F00:0532       	str		R3,[R0,#0x2C]			; External Audio channel 2 length
               S01:00008284:  2C 30 80 E5
F00:0533       	str		R3,[R0,#0x40]			; External Audio channel 3 length
               S01:00008288:  40 30 80 E5
F00:0534       	
F00:0535       	mov		R2,#512
               S01:0000828C:  02 2C A0 E3
F00:0536       	str		R2,[R0,#0x08]			; External Audio period 0 / note
               S01:00008290:  08 20 80 E5
F00:0537       	str		R2,[R0,#0x1C]			; External Audio period 1 / note
               S01:00008294:  1C 20 80 E5
F00:0538       	str		R2,[R0,#0x30]			; External Audio period 2 / note
               S01:00008298:  30 20 80 E5
F00:0539       	str		R2,[R0,#0x44]			; External Audio period 3 / note
               S01:0000829C:  44 20 80 E5
F00:0540       
F00:0541       
F00:0542       ; EDZ
F00:0543       
F00:0544       	.ifeq		1
F00:0545       ; pour test
F00:0546       
F00:0547       
F00:0548       	mov		R1,#400
F00:0549       boucle_R1_compteur:
F00:0550       	str		R1,sauve_R1_compteur
F00:0551       	bl		LSP_Player_standard
F00:0552       ;	bl		Paula_remplissage_DMA_416
F00:0553       	mov		R0,#2
F00:0554       	bl		mixage_DMA_1_voie
F00:0555       
F00:0556       	;ldr		R1,sauve_R1_compteur
F00:0557       
F00:0558       	;cmp		R1,#200
F00:0559       	;bgt		zap_verif
F00:0560       	;bl		check_valeurs_repetition
F00:0561       ;zap_verif:
F00:0562       	ldr		R1,sauve_R1_compteur
F00:0563       	subs	R1,R1,#1
F00:0564       	bgt		boucle_R1_compteur
F00:0565       
F00:0566       
F00:0567       
F00:0568       	.endif
F00:0569       
F00:0570       
F00:0571       	.ifeq		1
F00:0572       
F00:0573       ; remplit les 2 dmas $8254
F00:0574       ;	bl		Paula_remplissage_DMA_416
F00:0575       	mov		R0,#0
F00:0576       	bl		mixage_DMA_1_voie
F00:0577       	mov		R0,#1
F00:0578       	bl		mixage_DMA_1_voie
F00:0579       	mov		R0,#2
F00:0580       	bl		mixage_DMA_1_voie
F00:0581       	mov		R0,#3
F00:0582       	bl		mixage_DMA_1_voie
F00:0583       	
F00:0584       	
F00:0585       	SWI		22
F00:0586       	MOVNV R0,R0
F00:0587       	bl		set_dma_dma1
F00:0588       	teqp  r15,#0                     
F00:0589       	mov   r0,r0	
F00:0590       	
F00:0591       	bl		swap_pointeurs_dma_son
F00:0592       
F00:0593       ;	bl		Paula_remplissage_DMA_416
F00:0594       	mov		R0,#0
F00:0595       	bl		mixage_DMA_1_voie
F00:0596       	mov		R0,#1
F00:0597       	bl		mixage_DMA_1_voie
F00:0598       	mov		R0,#2
F00:0599       	bl		mixage_DMA_1_voie
F00:0600       	mov		R0,#3
F00:0601       	bl		mixage_DMA_1_voie
F00:0602       
F00:0603       
F00:0604       	SWI		22
F00:0605       	MOVNV R0,R0
F00:0606       	bl		set_dma_dma1
F00:0607       	teqp  r15,#0                     
F00:0608       	mov   r0,r0	
F00:0609       	
F00:0610       	bl		swap_pointeurs_dma_son
F00:0611       
F00:0612       	.endif
F00:0613       
F00:0614       ; sound volume
F00:0615       	mov		R0,#127							; maxi 127
               S01:000082A0:  7F 00 A0 E3
F00:0616       	SWI		XSound_Volume		
               S01:000082A4:  80 01 06 EF
F00:0617       
F00:0618       
F00:0619       
F00:0620       
F00:0621       
F00:0622       
F00:0623       
F00:0624       	SWI		22
               S01:000082A8:  16 00 00 EF
F00:0625       	MOVNV R0,R0      
               S01:000082AC:  00 00 A0 F1
F00:0626       
F00:0627       
F00:0628       	.ifeq		1
F00:0629       ; clear all the internal timing signals
F00:0630       ;sound frequency register ? 0xC0 / VIDC
F00:0631       	mov		R0,#ms_freq_Archi_div_4_pour_registre_direct-1					; 48 pour : 20833,33
F00:0632       	;mov		R0,#12-1
F00:0633       	mov		r1,#0x3400000               
F00:0634       ; sound frequency VIDC
F00:0635       	mov		R2,#0xC0000000
F00:0636       	orr   r0,r0,R2
F00:0637       	str   r0,[r1]
F00:0638       	.endif
F00:0639       
F00:0640       
F00:0641       	.ifeq	1
F00:0642       ; stereo : 60,64,68,6C,70,74,78,7C
F00:0643       	mov		R0,#3						; 0
F00:0644       	mov		r1,#0x3400000               
F00:0645       	orr		r0,r0,#0x60000000            
F00:0646       	str		r0,[r1]  
F00:0647       
F00:0648       	mov		R0,#3						; 1
F00:0649       	mov		r1,#0x3400000               
F00:0650       	orr		r0,r0,#0x64000000           
F00:0651       	str		r0,[r1]  
F00:0652       	
F00:0653       	mov		R0,#3						; 2
F00:0654       	mov		r1,#0x3400000               
F00:0655       	orr		r0,r0,#0x68000000            
F00:0656       	str		r0,[r1]  
F00:0657       
F00:0658       	mov		R0,#3						; 3
F00:0659       	mov		r1,#0x3400000               
F00:0660       	orr		r0,r0,#0x6C000000            
F00:0661       	str		r0,[r1] 
F00:0662       
F00:0663       	mov		R0,#3						; 4
F00:0664       	mov		r1,#0x3400000               
F00:0665       	orr		r0,r0,#0x70000000            
F00:0666       	str		r0,[r1] 
F00:0667       
F00:0668       	mov		R0,#3						; 5
F00:0669       	mov		r1,#0x3400000               
F00:0670       	orr		r0,r0,#0x74000000            
F00:0671       	str		r0,[r1] 
F00:0672       
F00:0673       	mov		R0,#3						; 6
F00:0674       	mov		r1,#0x3400000               
F00:0675       	orr		r0,r0,#0x78000000            
F00:0676       	str		r0,[r1] 
F00:0677       
F00:0678       	mov		R0,#3						; 7
F00:0679       	mov		r1,#0x3400000               
F00:0680       	orr		r0,r0,#0x7C000000            
F00:0681       	str		r0,[r1] 
F00:0682       	
F00:0683       	.endif
F00:0684       
F00:0685       
F00:0686       	bl		set_dma_dma1
               S01:000082B0:  33 04 00 EB
F00:0687       
F00:0688       
F00:0689       ; write sptr pour reset DMA
F00:0690       	mov		R12,#0x36C0000
               S01:000082B4:  DB C7 A0 E3
F00:0691       	str		R12,[R12]
               S01:000082B8:  00 C0 8C E5
F00:0692       
F00:0693       	teqp  r15,#0                     
               S01:000082BC:  00 F0 3F E3
F00:0694       	mov   r0,r0
               S01:000082C0:  00 00 A0 E1
F00:0695       	
F00:0696       ;	mov		R0,#02								; Enable sound output 
F00:0697       ;	SWI		0x40141								; Sound_Enable	
F00:0698       
F00:0699       
F00:0700       	SWI		22
               S01:000082C4:  16 00 00 EF
F00:0701       	MOVNV R0,R0 
               S01:000082C8:  00 00 A0 F1
F00:0702       
F00:0703       ; installation vsync RM
F00:0704       	bl		install_vsync
               S01:000082CC:  5B 04 00 EB
F00:0705       	bl		wait_VBL
               S01:000082D0:  8E 04 00 EB
F00:0706       
F00:0707       	SWI		22
               S01:000082D4:  16 00 00 EF
F00:0708       	MOVNV R0,R0            
               S01:000082D8:  00 00 A0 F1
F00:0709       
F00:0710       	.ifeq	1
F00:0711       ; change bien la frequence
F00:0712       ;sound frequency register ? 0xC0 / VIDC
F00:0713       	mov		R0,#0x30-1
F00:0714       	mov		R0,#ms_freq_Archi_div_4_pour_registre_direct-1
F00:0715       
F00:0716       	mov		r1,#0x3400000               
F00:0717       ; sound frequency VIDC
F00:0718       	mov		R2,#0xC0000100
F00:0719       	orr   r0,r0,R2
F00:0720       	str   r0,[r1]  
F00:0721       	.endif
F00:0722       
F00:0723       
F00:0724       	.ifeq		0
F00:0725       
F00:0726       ; met dans le dma - petit buffer
F00:0727       	ldr		R12,adresse_dma1_memc
               S01:000082DC:  A0 C1 9F E5
F00:0728       	add		R10,R12,#64-16
               S01:000082E0:  30 A0 8C E2
F00:0729       
F00:0730       
F00:0731       	mov		r12,r12,lsr #4
               S01:000082E4:  2C C2 A0 E1
F00:0732       	mov		r12,r12,lsl #2
               S01:000082E8:  0C C1 A0 E1
F00:0733       	
F00:0734       	mov		r10,r10,lsr #4
               S01:000082EC:  2A A2 A0 E1
F00:0735       	mov		r10,r10,lsl #2
               S01:000082F0:  0A A1 A0 E1
F00:0736       
F00:0737       	MOV		R0,#0x36A0000     ; SendN
               S01:000082F4:  6A 08 A0 E3 03 04 80 E3
F00:0738       	add		R10,R10,R0
               S01:000082FC:  00 A0 8A E0
F00:0739       	str		R10,[R10]	
               S01:00008300:  00 A0 8A E5
F00:0740       
F00:0741       
F00:0742       	MOV		R0,#0x3680000     ; Sstart
               S01:00008304:  DA 07 A0 E3
F00:0743       	add		R12,R12,R0
               S01:00008308:  00 C0 8C E0
F00:0744       	str		R12,[R12]	
               S01:0000830C:  00 C0 8C E5
F00:0745       	
F00:0746       	
F00:0747       ; met dans le dma
F00:0748       	bl		set_dma_dma1
               S01:00008310:  1B 04 00 EB
F00:0749       
F00:0750       	bl		wait_VBL
               S01:00008314:  7D 04 00 EB
F00:0751       	bl		wait_VBL
               S01:00008318:  7C 04 00 EB
F00:0752       
F00:0753       
F00:0754       
F00:0755       	.endif
F00:0756       
F00:0757       ; stereo : 60,64,68,6C,70,74,78,7C
F00:0758       	mov		R0,#2						; 0
               S01:0000831C:  02 00 A0 E3
F00:0759       	mov		r1,#0x3400000               
               S01:00008320:  0D 15 A0 E3
F00:0760       	orr		r0,r0,#0x60000000            
               S01:00008324:  06 02 80 E3
F00:0761       	str		r0,[r1]  
               S01:00008328:  00 00 81 E5
F00:0762       
F00:0763       	mov		R0,#3						; 1
               S01:0000832C:  03 00 A0 E3
F00:0764       	mov		r1,#0x3400000               
               S01:00008330:  0D 15 A0 E3
F00:0765       	orr		r0,r0,#0x64000000           
               S01:00008334:  19 03 80 E3
F00:0766       	str		r0,[r1]  
               S01:00008338:  00 00 81 E5
F00:0767       	
F00:0768       	mov		R0,#5						; 2
               S01:0000833C:  05 00 A0 E3
F00:0769       	mov		r1,#0x3400000               
               S01:00008340:  0D 15 A0 E3
F00:0770       	orr		r0,r0,#0x68000000            
               S01:00008344:  1A 03 80 E3
F00:0771       	str		r0,[r1]  
               S01:00008348:  00 00 81 E5
F00:0772       
F00:0773       	mov		R0,#6						; 3
               S01:0000834C:  06 00 A0 E3
F00:0774       	mov		r1,#0x3400000               
               S01:00008350:  0D 15 A0 E3
F00:0775       	orr		r0,r0,#0x6C000000            
               S01:00008354:  1B 03 80 E3
F00:0776       	str		r0,[r1] 
               S01:00008358:  00 00 81 E5
F00:0777       
F00:0778       	mov		R0,#2						; 4
               S01:0000835C:  02 00 A0 E3
F00:0779       	mov		r1,#0x3400000               
               S01:00008360:  0D 15 A0 E3
F00:0780       	orr		r0,r0,#0x70000000            
               S01:00008364:  07 02 80 E3
F00:0781       	str		r0,[r1] 
               S01:00008368:  00 00 81 E5
F00:0782       
F00:0783       	mov		R0,#3						; 5
               S01:0000836C:  03 00 A0 E3
F00:0784       	mov		r1,#0x3400000               
               S01:00008370:  0D 15 A0 E3
F00:0785       	orr		r0,r0,#0x74000000            
               S01:00008374:  1D 03 80 E3
F00:0786       	str		r0,[r1] 
               S01:00008378:  00 00 81 E5
F00:0787       
F00:0788       	mov		R0,#5						; 6
               S01:0000837C:  05 00 A0 E3
F00:0789       	mov		r1,#0x3400000               
               S01:00008380:  0D 15 A0 E3
F00:0790       	orr		r0,r0,#0x78000000            
               S01:00008384:  1E 03 80 E3
F00:0791       	str		r0,[r1] 
               S01:00008388:  00 00 81 E5
F00:0792       
F00:0793       	mov		R0,#6						; 7
               S01:0000838C:  06 00 A0 E3
F00:0794       	mov		r1,#0x3400000               
               S01:00008390:  0D 15 A0 E3
F00:0795       	orr		r0,r0,#0x7C000000            
               S01:00008394:  1F 03 80 E3
F00:0796       	str		r0,[r1] 
               S01:00008398:  00 00 81 E5
F00:0797       	
F00:0798       ; write memc control register, start sound
F00:0799       
F00:0800       	ldr		R0,memc_control_register_original	
               S01:0000839C:  D4 00 9F E5
F00:0801       	orr		R0,R0,#0b100000000000
               S01:000083A0:  02 0B 80 E3
F00:0802       	str		R0,[R0]
               S01:000083A4:  00 00 80 E5
F00:0803       
F00:0804       
F00:0805       	teqp  r15,#0                     
               S01:000083A8:  00 F0 3F E3
F00:0806       	mov   r0,r0 
               S01:000083AC:  00 00 A0 E1
F00:0807       
F00:0808       
F00:0809       ;------------------------------------------------ boucle centrale
F00:0810       
F00:0811       boucle:
F00:0812       
F00:0813       	mov		R0,#5750
               S01:000083B0:  16 0C A0 E3 76 00 80 E3
F00:0814       boucle_attente:
F00:0815       	mov		R0,R0
               S01:000083B8:  00 00 A0 E1
F00:0816       	subs	R0,R0,#1
               S01:000083BC:  01 00 50 E2
F00:0817       	bgt		boucle_attente
               S01:000083C0:  FC FF FF CA
F00:0818       
F00:0819       
F00:0820       	SWI		22
               S01:000083C4:  16 00 00 EF
F00:0821       	MOVNV R0,R0            
               S01:000083C8:  00 00 A0 F1
F00:0822       
F00:0823       	mov   r0,#0x3400000               
               S01:000083CC:  0D 05 A0 E3
F00:0824       	mov   r1,#100
               S01:000083D0:  64 10 A0 E3
F00:0825       ; border	
F00:0826       	orr   r1,r1,#0x40000000              
               S01:000083D4:  01 11 81 E3
F00:0827       	str   r1,[r0]                     
               S01:000083D8:  00 10 80 E5
F00:0828       
F00:0829       	teqp  r15,#0                     
               S01:000083DC:  00 F0 3F E3
F00:0830       	mov   r0,r0	
               S01:000083E0:  00 00 A0 E1
F00:0831       
F00:0832       
F00:0833       
F00:0834       
F00:0835       	bl		LSP_Player_standard
               S01:000083E4:  3C 00 00 EB
F00:0836       
F00:0837       	bl		Paula_remplissage_DMA_416
               S01:000083E8:  F0 02 00 EB
F00:0838       
F00:0839       	.ifeq		1
F00:0840       	mov		R0,#0
F00:0841       	bl		mixage_DMA_1_voie
F00:0842       	mov		R0,#1
F00:0843       	bl		mixage_DMA_1_voie
F00:0844       	mov		R0,#2
F00:0845       	bl		mixage_DMA_1_voie
F00:0846       	mov		R0,#3
F00:0847       	bl		mixage_DMA_1_voie
F00:0848       	.endif
F00:0849       
F00:0850       	SWI		22
               S01:000083EC:  16 00 00 EF
F00:0851       	MOVNV R0,R0
               S01:000083F0:  00 00 A0 F1
F00:0852       	bl		set_dma_dma1
               S01:000083F4:  E2 03 00 EB
F00:0853       	bl		swap_pointeurs_dma_son
               S01:000083F8:  D8 03 00 EB
F00:0854       	teqp  r15,#0                     
               S01:000083FC:  00 F0 3F E3
F00:0855       	mov   r0,r0	
               S01:00008400:  00 00 A0 E1
F00:0856       
F00:0857       	SWI		22
               S01:00008404:  16 00 00 EF
F00:0858       	MOVNV R0,R0            
               S01:00008408:  00 00 A0 F1
F00:0859       
F00:0860       	mov   r0,#0x3400000               
               S01:0000840C:  0D 05 A0 E3
F00:0861       	mov   r1,#000  
               S01:00008410:  00 10 A0 E3
F00:0862       ; border	
F00:0863       	orr   r1,r1,#0x40000000               
               S01:00008414:  01 11 81 E3
F00:0864       	str   r1,[r0]                     
               S01:00008418:  00 10 80 E5
F00:0865       
F00:0866       	teqp  r15,#0                     
               S01:0000841C:  00 F0 3F E3
F00:0867       	mov   r0,r0	
               S01:00008420:  00 00 A0 E1
F00:0868       
F00:0869       	bl		wait_VBL
               S01:00008424:  39 04 00 EB
F00:0870       	
F00:0871       ; vsync par risc os
F00:0872       	;mov		R0,#0x13
F00:0873       	;swi		0x6
F00:0874       
F00:0875       
F00:0876       
F00:0877       
F00:0878       	bl      scankeyboard
               S01:00008428:  3D 04 00 EB
F00:0879       
F00:0880       test_touche_space:
F00:0881       	cmp		R0,#0x5F
               S01:0000842C:  5F 00 50 E3
F00:0882       	bne		boucle
               S01:00008430:  DE FF FF 1A
F00:0883       ;------------------------------------------------ boucle centrale
F00:0884       
F00:0885       
F00:0886       
F00:0887       exit:
F00:0888       	nop
               S01:00008434:  00 00 A0 E1
F00:0889       	nop
               S01:00008438:  00 00 A0 E1
F00:0890       
F00:0891       	bl		wait_VBL
               S01:0000843C:  33 04 00 EB
F00:0892       ;-----------------------
F00:0893       ;sortie
F00:0894       ;-----------------------
F00:0895       
F00:0896       	bl	remove_VBL
               S01:00008440:  EB 03 00 EB
F00:0897       
F00:0898       	adr		R5,backup_params_sons
               S01:00008444:  13 5C 8F E2 30 50 85 E2
F00:0899       	ldmia	R5,{r0-R4}
               S01:0000844C:  1F 00 95 E8
F00:0900       
F00:0901       	SWI       XSound_Configure						;"Sound_Configure"
               S01:00008450:  40 01 06 EF
F00:0902       	
F00:0903       	mov		R0,#01								; Disable sound output 
               S01:00008454:  01 00 A0 E3
F00:0904       	SWI		XSound_Enable								; Sound_Enable
               S01:00008458:  41 01 06 EF
F00:0905       
F00:0906       
F00:0907       	MOV r0,#22	;Set MODE
               S01:0000845C:  16 00 A0 E3
F00:0908       	SWI OS_WriteC
               S01:00008460:  00 00 00 EF
F00:0909       	MOV r0,#12
               S01:00008464:  0C 00 A0 E3
F00:0910       	SWI OS_WriteC
               S01:00008468:  00 00 00 EF
F00:0911       	
F00:0912       	
F00:0913       ; sortie
F00:0914       	MOV R0,#0
               S01:0000846C:  00 00 A0 E3
F00:0915       	SWI OS_Exit
               S01:00008470:  11 00 00 EF
F00:0916       
F00:0917       sauve_R1_compteur:		.long		0
               S01:00008474:  00 00 00 00
F00:0918       
F00:0919       memc_control_register_original:			.long	0
               S01:00008478:  00 00 00 00
F00:0920       taille_actuelle_memoire_ecran:			.long		0
               S01:0000847C:  00 00 00 00
F00:0921       
F00:0922       
F00:0923       adresse_dma1_logical:				.long		0
               S01:00008480:  00 00 00 00
F00:0924       ;adresse_dma1_logical_courant:		.long		0
F00:0925       ;adresse_dma1_logical_fin:			.long		0
F00:0926       adresse_dma1_memc:					.long		0
               S01:00008484:  00 00 00 00
F00:0927       ;adresse_dma1_memc_courant:			.long		0
F00:0928       
F00:0929       
F00:0930       adresse_dma2_logical:				.long		0
               S01:00008488:  00 00 00 00
F00:0931       ;adresse_dma2_logical_courant:		.long		0
F00:0932       ;adresse_dma2_logical_fin:			.long		0
F00:0933       adresse_dma2_memc:					.long		0
               S01:0000848C:  00 00 00 00
F00:0934       ;adresse_dma2_memc_courant:			.long		0
F00:0935       
F00:0936       ;adresse_dma3_logical:				.long		0
F00:0937       ;adresse_dma3_logical_courant:		.long		0
F00:0938       ;adresse_dma3_logical_fin:			.long		0
F00:0939       ;adresse_dma3_memc:					.long		0
F00:0940       ;adresse_dma3_memc_courant:			.long		0
F00:0941       
F00:0942       ;adresse_dma4_logical:				.long		0
F00:0943       ;adresse_dma4_logical_courant:		.long		0
F00:0944       ;adresse_dma4_logical_fin:			.long		0
F00:0945       ;adresse_dma4_memc:					.long		0
F00:0946       ;adresse_dma4_memc_courant:			.long		0
F00:0947       
F00:0948       
F00:0949       pagesize:		.long	0
               S01:00008490:  00 00 00 00
F00:0950       numpages:		.long	0
               S01:00008494:  00 00 00 00
F00:0951       
F00:0952       physicaldma1:	.long	0
               S01:00008498:  00 00 00 00
F00:0953       physicaldma2:	.long	0
               S01:0000849C:  00 00 00 00
F00:0954       
F00:0955       
F00:0956       offset_silence:				.long	silence-LSPBank
               S01:000084A0:  CE 2A 02 00
F00:0957       pointeur_debut_silence:		.long	silence
               S01:000084A4:  02 E4 04 00
F00:0958       pointeur_fin_silence:		.long	fin_silence
               S01:000084A8:  12 E4 04 00
F00:0959       longueur_silence:			.long	02
               S01:000084AC:  02 00 00 00
F00:0960       
F00:0961       nombre_instruments_du_module:		.long		0
               S01:000084B0:  00 00 00 00
F00:0962       
F00:0963       readclock:
F00:0964       	.long		172
               S01:000084B4:  AC 00 00 00
F00:0965       	.long		-1
               S01:000084B8:  FF FF FF FF
F00:0966       
F00:0967       answer:		.long		0
               S01:000084BC:  00 00 00 00
F00:0968       
F00:0969       shiftclock:			.long		98304					; 24000/1000*4096
               S01:000084C0:  00 80 01 00
F00:0970       current_uS:			.long		ms_freq_Archi			; 48
               S01:000084C4:  30 00 00 00
F00:0971       chans_use:			.long		4
               S01:000084C8:  04 00 00 00
F00:0972       actual_uS:			.long		0
               S01:000084CC:  00 00 00 00
F00:0973       Amiga_multiplier:	.long		0xE3005235
               S01:000084D0:  35 52 00 E3
F00:0974       valeur9521122:		.long		9521122
               S01:000084D4:  E2 47 91 00
F00:0975       
F00:0976       fin_de_la_memoire_video:	.long		0
               S01:000084D8:  00 00 00 00
F00:0977       
F00:0978       ;--------------------------------------------------------------------------------------------
F00:0979       ; routines LSP
F00:0980       ;--------------------------------------------------------------------------------------------
F00:0981       
F00:0982       	.ifeq		1
F00:0983       check_valeurs_repetition:
F00:0984       	ldr		R1,adresse_dma1_logical
F00:0985       	mov		R7,#nb_octets_par_vbl
F00:0986       	adr		R2,table_valeurs_repetition_instrument_7
F00:0987       boucle_lecture_buffer_dma:
F00:0988       	ldr		R0,[R1],#4
F00:0989       	mov		R0,R0,lsr #24
F00:0990       	mov		R4,R2
F00:0991       	mov		R5,#0			; R5 = flag trouvé ?
F00:0992       	mov		R6,#0x80		; nombre de valeurs dans la table
F00:0993       boucle_cherche:
F00:0994       	ldrb	R3,[R4],#1
F00:0995       	cmp		R3,R0
F00:0996       	bne		pas_trouve
F00:0997       ; trouve
F00:0998       	mov		R5,#1
F00:0999       pas_trouve:
F00:1000       	subs	R6,R6,#1
F00:1001       	bgt		boucle_cherche
F00:1002       	
F00:1003       	cmp		R5,#0
F00:1004       	bne		valeur_suivante
F00:1005       
F00:1006       valeur_suivante:
F00:1007       	subs	R7,R7,#1
F00:1008       	bgt		boucle_lecture_buffer_dma
F00:1009       	mov		pc,lr
F00:1010       	.endif
F00:1011       ;-------------------------------------
F00:1012       
F00:1013       LSP_Player_standard:								; player tick handle
F00:1014       	adr		R6,Paula_registers_external
               S01:000084DC:  12 6C 8F E2 B0 60 86 E2
F00:1015       	adr		R1,LSPVars_standard
               S01:000084E4:  07 1C 8F E2 F0 10 81 E2
F00:1016       	ldr		R0,[R1]							; byte stream	= $C412
               S01:000084EC:  00 00 91 E5
F00:1017       
F00:1018       process_Player_standard:
F00:1019       	mov		R11,#0
               S01:000084F0:  00 B0 A0 E3
F00:1020       	ldrb	R10,[R0],#1						; read 1 byte
               S01:000084F4:  01 A0 D0 E4
F00:1021       	cmp		R10,#0
               S01:000084F8:  00 00 5A E3
F00:1022       	bne		swCode_Player_standard
               S01:000084FC:  05 00 00 1A
F00:1023       	mov		R11,#0x100
               S01:00008500:  01 BC A0 E3
F00:1024       	ldrb	R10,[R0],#1						; read 1 byte
               S01:00008504:  01 A0 D0 E4
F00:1025       	cmp		R10,#0
               S01:00008508:  00 00 5A E3
F00:1026       	bne		swCode_Player_standard
               S01:0000850C:  01 00 00 1A
F00:1027       	mov		R11,#0x200
               S01:00008510:  02 BC A0 E3
F00:1028       	ldrb	R10,[R0],#1						; read 1 byte
               S01:00008514:  01 A0 D0 E4
F00:1029       
F00:1030       swCode_Player_standard:
F00:1031       	add		R10,R10,R11					; gere le +$100 et le +$200
               S01:00008518:  0B A0 8A E0
F00:1032       	
F00:1033       	add		R10,R10,R10					; R10*2 ; valeur byte stream * 2
               S01:0000851C:  0A A0 8A E0
F00:1034       
F00:1035       	ldr		R2,[R1,#12]					; m_codeTableAddr
               S01:00008520:  0C 20 91 E5
F00:1036       
F00:1037       	ldrb	R8,[R2,R10]					; 1 byte : code
               S01:00008524:  0A 80 D2 E7
F00:1038       	add		R10,R10,#1
               S01:00008528:  01 A0 8A E2
F00:1039       	ldrb	R9,[R2,R10]					; 1 byte : code
               S01:0000852C:  0A 90 D2 E7
F00:1040       	adds	R10,R9,R8,asl #8			; R10=code
               S01:00008530:  08 A4 99 E0
F00:1041       	beq		noInst_Player_standard		; code = 0 => no instrument, aucune action
               S01:00008534:  BD 00 00 0A
F00:1042       
F00:1043       	mov		R8,#0xFFFF
               S01:00008538:  FF 8C A0 E3 FF 80 88 E3
F00:1044       	cmp		R10,R8
               S01:00008540:  08 00 5A E1
F00:1045       	beq		r_rewind_Player_standard
               S01:00008544:  BB 00 00 0A
F00:1046       
F00:1047       	mov		R8,#0xF00F
               S01:00008548:  0F 8A A0 E3 0F 80 88 E3
F00:1048       	cmp		R10,R8
               S01:00008550:  08 00 5A E1
F00:1049       	beq		r_chgbpm_Player_standard
               S01:00008554:  BB 00 00 0A
F00:1050       	
F00:1051       ;.optim:
F00:1052       optim_Player_standard:	
F00:1053       	mov		R11,#15
               S01:00008558:  0F B0 A0 E3
F00:1054       	and		R11,R11,R10					; = 4 bits du bas du code = modif DMACon
               S01:0000855C:  0A B0 0B E0
F00:1055       
F00:1056       ; R13=mask pour tests
F00:1057       	mov		R13,#0b1000000000000000	
               S01:00008560:  02 D9 A0 E3
F00:1058       
F00:1059       	tst		R10,R13						; test bit 15
               S01:00008564:  0D 00 1A E1
F00:1060       	beq		noRd_Player_standard
               S01:00008568:  04 00 00 0A
F00:1061       ; repetition canal D
F00:1062       	
F00:1063       	ldr		R3,resetv
               S01:0000856C:  AC 39 9F E5
F00:1064       	ldr		R8,[R3],#4					; pointeur sur instrument, partie repetition
               S01:00008570:  04 80 93 E4
F00:1065       	str		R8,[R6,#0x3C]				; D0=AUD3LCH_L Audio channel 3 location offset	
               S01:00008574:  3C 80 86 E5
F00:1066       	ldr		R8,[R3],#4	
               S01:00008578:  04 80 93 E4
F00:1067       	str		R8,[R6,#0x40]				; AUD3LEN	
               S01:0000857C:  40 80 86 E5
F00:1068       
F00:1069       noRd_Player_standard:
F00:1070       	mov		R13,R13,lsr #1				; rotation du masque de test pour test bit suivant
               S01:00008580:  AD D0 A0 E1
F00:1071       	tst		R10,R13						; test bit 14
               S01:00008584:  0D 00 1A E1
F00:1072       	beq		noRc_Player_standard
               S01:00008588:  04 00 00 0A
F00:1073       
F00:1074       ;	swi		BKP
F00:1075       ; repetition canal C
F00:1076       	ldr		R3,resetv+4
               S01:0000858C:  90 39 9F E5
F00:1077       	ldr		R8,[R3],#4					; pointeur sur instrument, partie repetition
               S01:00008590:  04 80 93 E4
F00:1078       	str		R8,[R6,#0x28]				; D0=AUD2LCH_L Audio channel 2 location offset	
               S01:00008594:  28 80 86 E5
F00:1079       	ldr		R8,[R3],#4	
               S01:00008598:  04 80 93 E4
F00:1080       	str		R8,[R6,#0x2C]				; AUD2LEN		
               S01:0000859C:  2C 80 86 E5
F00:1081       
F00:1082       noRc_Player_standard:	
F00:1083       	mov		R13,R13,lsr #1				; rotation du masque de test pour test bit suivant
               S01:000085A0:  AD D0 A0 E1
F00:1084       	tst		R10,R13						; test bit 13
               S01:000085A4:  0D 00 1A E1
F00:1085       	beq		noRb_Player_standard
               S01:000085A8:  04 00 00 0A
F00:1086       ; repetition canal B
F00:1087       	ldr		R3,resetv+8
               S01:000085AC:  74 39 9F E5
F00:1088       	ldr		R8,[R3],#4					; pointeur sur instrument, partie repetition
               S01:000085B0:  04 80 93 E4
F00:1089       	str		R8,[R6,#0x14]				; D0=AUD1LCH_L Audio channel 1 location offset	
               S01:000085B4:  14 80 86 E5
F00:1090       	ldr		R8,[R3],#4	
               S01:000085B8:  04 80 93 E4
F00:1091       	str		R8,[R6,#0x18]				; AUD1LEN		
               S01:000085BC:  18 80 86 E5
F00:1092       	
F00:1093       noRb_Player_standard:
F00:1094       	mov		R13,R13,lsr #1				; rotation du masque de test pour test bit suivant
               S01:000085C0:  AD D0 A0 E1
F00:1095       	tst		R10,R13						; test bit 12
               S01:000085C4:  0D 00 1A E1
F00:1096       	beq		noRa_Player_standard
               S01:000085C8:  04 00 00 0A
F00:1097       ; repetition canal A
F00:1098       	ldr		R3,resetv+12
               S01:000085CC:  58 39 9F E5
F00:1099       	ldr		R8,[R3],#4					; pointeur sur instrument, partie repetition
               S01:000085D0:  04 80 93 E4
F00:1100       	str		R8,[R6,#0x00]				; D0=AUD1LCH_L Audio channel 1 location offset	
               S01:000085D4:  00 80 86 E5
F00:1101       	ldr		R8,[R3],#4	
               S01:000085D8:  04 80 93 E4
F00:1102       	str		R8,[R6,#0x04]				; AUD1LEN	
               S01:000085DC:  04 80 86 E5
F00:1103       
F00:1104       ; 4 tests pour les volumes	
F00:1105       noRa_Player_standard:
F00:1106       	mov		R13,R13,lsr #1				; test bit 11
               S01:000085E0:  AD D0 A0 E1
F00:1107       	tst		R10,R13
               S01:000085E4:  0D 00 1A E1
F00:1108       	beq		no_V_d_Player_standard
               S01:000085E8:  01 00 00 0A
F00:1109       	ldrb	R8,[R0],#1
               S01:000085EC:  01 80 D0 E4
F00:1110       	str		R8,[R6,#0x48]				; volume D
               S01:000085F0:  48 80 86 E5
F00:1111       
F00:1112       no_V_d_Player_standard:
F00:1113       	mov		R13,R13,lsr #1				; test bit 10
               S01:000085F4:  AD D0 A0 E1
F00:1114       	tst		R10,R13
               S01:000085F8:  0D 00 1A E1
F00:1115       	beq		no_V_c_Player_standard
               S01:000085FC:  01 00 00 0A
F00:1116       	ldrb	R8,[R0],#1
               S01:00008600:  01 80 D0 E4
F00:1117       	str		R8,[R6,#0x34]				; volume C
               S01:00008604:  34 80 86 E5
F00:1118       	
F00:1119       no_V_c_Player_standard:
F00:1120       	mov		R13,R13,lsr #1				; test bit 09
               S01:00008608:  AD D0 A0 E1
F00:1121       	tst		R10,R13
               S01:0000860C:  0D 00 1A E1
F00:1122       	beq		no_V_b_Player_standard
               S01:00008610:  01 00 00 0A
F00:1123       	ldrb	R8,[R0],#1
               S01:00008614:  01 80 D0 E4
F00:1124       	str		R8,[R6,#0x20]				; volume B
               S01:00008618:  20 80 86 E5
F00:1125       
F00:1126       no_V_b_Player_standard:
F00:1127       	mov		R13,R13,lsr #1				; test bit 08
               S01:0000861C:  AD D0 A0 E1
F00:1128       	tst		R10,R13
               S01:00008620:  0D 00 1A E1
F00:1129       	beq		no_V_a_Player_standard
               S01:00008624:  01 00 00 0A
F00:1130       	ldrb	R8,[R0],#1
               S01:00008628:  01 80 D0 E4
F00:1131       	str		R8,[R6,#0x0C]				; volume A
               S01:0000862C:  0C 80 86 E5
F00:1132       
F00:1133       no_V_a_Player_standard:
F00:1134       
F00:1135       	str		R0,[R1],#4					; store byte stream ptr
               S01:00008630:  04 00 81 E4
F00:1136       	
F00:1137       ; debut lecture du flux en word
F00:1138       	ldr		R0,[R1]
               S01:00008634:  00 00 91 E5
F00:1139       
F00:1140       ; 4 tests pour les notes
F00:1141       	mov		R13,R13,lsr #1				; test pour note canal D
               S01:00008638:  AD D0 A0 E1
F00:1142       	tst		R10,R13						; test bit 07
               S01:0000863C:  0D 00 1A E1
F00:1143       	beq		no_P_d_Player_standard
               S01:00008640:  03 00 00 0A
F00:1144       	ldrb	R8,[R0],#1					; lecture d'un word
               S01:00008644:  01 80 D0 E4
F00:1145       	ldrb	R9,[R0],#1
               S01:00008648:  01 90 D0 E4
F00:1146       	add		R8,R9,R8,lsl #8				; R8 = note
               S01:0000864C:  08 84 89 E0
F00:1147       	str		R8,[R6,#0x44]				; changement de note canal D
               S01:00008650:  44 80 86 E5
F00:1148       	
F00:1149       no_P_d_Player_standard:
F00:1150       	mov		R13,R13,lsr #1				; test pour note canal C
               S01:00008654:  AD D0 A0 E1
F00:1151       	tst		R10,R13						; test bit 06
               S01:00008658:  0D 00 1A E1
F00:1152       	beq		no_P_c_Player_standard
               S01:0000865C:  03 00 00 0A
F00:1153       	ldrb	R8,[R0],#1					; lecture d'un word
               S01:00008660:  01 80 D0 E4
F00:1154       	ldrb	R9,[R0],#1
               S01:00008664:  01 90 D0 E4
F00:1155       	add		R8,R9,R8,lsl #8				; R8 = note
               S01:00008668:  08 84 89 E0
F00:1156       	str		R8,[R6,#0x30]				; changement de note canal C
               S01:0000866C:  30 80 86 E5
F00:1157       	
F00:1158       no_P_c_Player_standard:
F00:1159       	mov		R13,R13,lsr #1				; test pour note canal B
               S01:00008670:  AD D0 A0 E1
F00:1160       	tst		R10,R13						; test bit 05
               S01:00008674:  0D 00 1A E1
F00:1161       	beq		no_P_b_Player_standard
               S01:00008678:  03 00 00 0A
F00:1162       	ldrb	R8,[R0],#1					; lecture d'un word
               S01:0000867C:  01 80 D0 E4
F00:1163       	ldrb	R9,[R0],#1
               S01:00008680:  01 90 D0 E4
F00:1164       	add		R8,R9,R8,lsl #8				; R8 = note
               S01:00008684:  08 84 89 E0
F00:1165       	str		R8,[R6,#0x1C]				; changement de note canal B
               S01:00008688:  1C 80 86 E5
F00:1166       	
F00:1167       no_P_b_Player_standard:
F00:1168       	mov		R13,R13,lsr #1				; test pour note canal A
               S01:0000868C:  AD D0 A0 E1
F00:1169       	tst		R10,R13						; test bit 04
               S01:00008690:  0D 00 1A E1
F00:1170       	beq		no_P_a_Player_standard
               S01:00008694:  03 00 00 0A
F00:1171       	ldrb	R8,[R0],#1					; lecture d'un word
               S01:00008698:  01 80 D0 E4
F00:1172       	ldrb	R9,[R0],#1
               S01:0000869C:  01 90 D0 E4
F00:1173       	add		R8,R9,R8,lsl #8				; R8 = note
               S01:000086A0:  08 84 89 E0
F00:1174       	str		R8,[R6,#0x08]				; changement de note canal A
               S01:000086A4:  08 80 86 E5
F00:1175       	
F00:1176       no_P_a_Player_standard:
F00:1177       ;.noPa
F00:1178       	cmp		R11,#0
               S01:000086A8:  00 00 5B E3
F00:1179       	beq		noInst_Player_standard
               S01:000086AC:  5F 00 00 0A
F00:1180       	
F00:1181       ; gestion du dmacon patch, donc coupe certaines voies
F00:1182       ; Notez que si vous remettez en route ces canaux DMA, Paula recommencera le son du début
F00:1183       ; dmacon : 0x90
F00:1184       
F00:1185       	orr		R3,R11,#0x8000				; activation des canaux, bit 15=0
               S01:000086B0:  02 39 8B E3
F00:1186       	;str		R3,DMAcon_Temp
F00:1187       	str		R11,[R6,#0x90]				; DMACon
               S01:000086B4:  90 B0 86 E5
F00:1188       
F00:1189       	adr		R3,resetv
               S01:000086B8:  02 3B 8F E2 60 30 83 E2
F00:1190       
F00:1191       	mov		R2,#0						; position courante et actualisée par rapport aux instruments en version * 12
               S01:000086C0:  00 20 A0 E3
F00:1192       
F00:1193       	adr		R4,table_12_16
               S01:000086C4:  B9 4F 8F E2
F00:1194       	adr		R5,LSP_InstrumentInfo-16	
               S01:000086C8:  06 5C 8F E2 40 50 85 E2
F00:1195       
F00:1196       ; utilisés :	R13,R10,R0,R1,R2,R3,R4,R8,R9,
F00:1197       ; le numéro d'instrument est relatif au numéro de l'instrument précédent	
F00:1198       ; le numéro d'instrument est multiplié par 12 et doit etre multiplié par 16 : table de conversion.
F00:1199       	mov		R13,R13,lsr #1				; test bit 03
               S01:000086D0:  AD D0 A0 E1
F00:1200       	tst		R10,R13
               S01:000086D4:  0D 00 1A E1
F00:1201       	beq		no_I_d_Player_standard
               S01:000086D8:  12 00 00 0A
F00:1202       	ldrb	R8,[R0],#1					; lecture d'un word
               S01:000086DC:  01 80 D0 E4
F00:1203       	tst		R8,#15						; valeur negative ?
               S01:000086E0:  0F 00 18 E3
F00:1204       	movne	R9,#0xFFFFFF00
               S01:000086E4:  FF 90 E0 13
F00:1205       	orrne	R8,R8,R9		
               S01:000086E8:  09 80 88 11
F00:1206       	ldrb	R9,[R0],#1
               S01:000086EC:  01 90 D0 E4
F00:1207       	add		R8,R9,R8,asl #8				; R8 = n° instrument * 12
               S01:000086F0:  08 84 89 E0
F00:1208       	adds	R2,R2,R8					; position relative en *12
               S01:000086F4:  08 20 92 E0
F00:1209       	ldr		R8,[R4,R2]					; *16 en fonction de la position relative
               S01:000086F8:  02 80 94 E7
F00:1210       	
F00:1211       ; on doit ecraser : location:OK, length:OK, current sample offset:OK,end sample offset:OK
F00:1212       	
F00:1213       	add		R12,R5,R8					; LSP_InstrumentInfo-16 + n°instrument * 16
               S01:000086FC:  08 C0 85 E0
F00:1214       ; pointeurs debut sample
F00:1215       	ldr		R8,[R12],#4					; AUD3LCH = offset instrument canal D0
               S01:00008700:  04 80 9C E4
F00:1216       	str		R8,[R6,#0x3C]				; External Audio channel 3 location
               S01:00008704:  3C 80 86 E5
F00:1217       	mov		R9,R8,lsl #12
               S01:00008708:  08 96 A0 E1
F00:1218       	str		R9,[R6,#0x80]				; Internal current sample offset channel 3 << 12
               S01:0000870C:  80 90 86 E5
F00:1219       ; longeur sample
F00:1220       	ldr		R9,[R12],#4					; AUD3LEN : longueur instrument
               S01:00008710:  04 90 9C E4
F00:1221       	str		R9,[R6,#0x40]				; Audio channel 3 length
               S01:00008714:  40 90 86 E5
F00:1222       	add		R8,R8,R9, lsl #1			; R8 = debut + 2 x longueur en mot => fin
               S01:00008718:  89 80 88 E0
F00:1223       	str		R8,[R6,#0x84]				; end sample offset channel 3
               S01:0000871C:  84 80 86 E5
F00:1224       ; on remplit Internal
F00:1225       	
F00:1226       	
F00:1227       	str		R12,[R3]					; pointeur position de la repetition de l'instrument canal D
               S01:00008720:  00 C0 83 E5
F00:1228       	add		R2,R2,#6					; on avance le pointeur relatif car on a lu debut ins + longueur ins = 6 octets
               S01:00008724:  06 20 82 E2
F00:1229       	
F00:1230       no_I_d_Player_standard:	
F00:1231       	mov		R13,R13,lsr #1				; test bit 02
               S01:00008728:  AD D0 A0 E1
F00:1232       	tst		R10,R13
               S01:0000872C:  0D 00 1A E1
F00:1233       	beq		no_I_c_Player_standard
               S01:00008730:  12 00 00 0A
F00:1234       ;	swi		BKP
F00:1235       	ldrb	R8,[R0],#1					; lecture d'un word
               S01:00008734:  01 80 D0 E4
F00:1236       	tst		R8,#15						; valeur negative ?
               S01:00008738:  0F 00 18 E3
F00:1237       	movne	R9,#0xFFFFFF00
               S01:0000873C:  FF 90 E0 13
F00:1238       	orrne	R8,R8,R9		
               S01:00008740:  09 80 88 11
F00:1239       	ldrb	R9,[R0],#1
               S01:00008744:  01 90 D0 E4
F00:1240       	add		R8,R9,R8,asl #8				; R8 = n° instrument * 12
               S01:00008748:  08 84 89 E0
F00:1241       	adds	R2,R2,R8					; position relative en *12
               S01:0000874C:  08 20 92 E0
F00:1242       	ldr		R8,[R4,R2]					; en fonction de la position relative	
               S01:00008750:  02 80 94 E7
F00:1243       	
F00:1244       	add		R12,R5,R8					; LSP_InstrumentInfo-16 + n°instrument
               S01:00008754:  08 C0 85 E0
F00:1245       	ldr		R8,[R12],#4					; AUD2LCH = offset instrument canal D0
               S01:00008758:  04 80 9C E4
F00:1246       	str		R8,[R6,#0x28]				; Audio channel 2 location
               S01:0000875C:  28 80 86 E5
F00:1247       	mov		R9,R8,lsl #12
               S01:00008760:  08 96 A0 E1
F00:1248       	str		R9,[R6,#0x70]				; Internal current sample offset channel 2 << 12
               S01:00008764:  70 90 86 E5
F00:1249       
F00:1250       	ldr		R9,[R12],#4					; AUD2LEN : longueur instrument
               S01:00008768:  04 90 9C E4
F00:1251       	str		R9,[R6,#0x2C]				; Audio channel 2 length
               S01:0000876C:  2C 90 86 E5
F00:1252       	add		R8,R8,R9, lsl #1			; R8 = debut + 2 x longueur en mot => fin
               S01:00008770:  89 80 88 E0
F00:1253       	str		R8,[R6,#0x74]				; end sample offset channel 2
               S01:00008774:  74 80 86 E5
F00:1254       	str		R12,[R3,#04]				; pointeur position de la repetition de l'instrument canal C
               S01:00008778:  04 C0 83 E5
F00:1255       	add		R2,R2,#6					; on avance le pointeur relatif car on a lu debut ins + longueur ins = 6 octets
               S01:0000877C:  06 20 82 E2
F00:1256       
F00:1257       no_I_c_Player_standard:	
F00:1258       	mov		R13,R13,lsr #1				; test bit 01
               S01:00008780:  AD D0 A0 E1
F00:1259       	tst		R10,R13
               S01:00008784:  0D 00 1A E1
F00:1260       	beq		no_I_b_Player_standard
               S01:00008788:  12 00 00 0A
F00:1261       	ldrb	R8,[R0],#1					; lecture d'un word
               S01:0000878C:  01 80 D0 E4
F00:1262       	tst		R8,#15						; valeur negative ?
               S01:00008790:  0F 00 18 E3
F00:1263       	movne	R9,#0xFFFFFF00
               S01:00008794:  FF 90 E0 13
F00:1264       	orrne	R8,R8,R9		
               S01:00008798:  09 80 88 11
F00:1265       	ldrb	R9,[R0],#1
               S01:0000879C:  01 90 D0 E4
F00:1266       	add		R8,R9,R8,asl #8				; R8 = n° instrument * 12
               S01:000087A0:  08 84 89 E0
F00:1267       	adds	R2,R2,R8					; position relative en *12
               S01:000087A4:  08 20 92 E0
F00:1268       	ldr		R8,[R4,R2]					; *16 en fonction de la position relative		
               S01:000087A8:  02 80 94 E7
F00:1269       	
F00:1270       	add		R12,R5,R8					; LSP_InstrumentInfo-16 + n°instrument
               S01:000087AC:  08 C0 85 E0
F00:1271       	ldr		R8,[R12],#4					; AUD3LCH = offset instrument canal D0
               S01:000087B0:  04 80 9C E4
F00:1272       	str		R8,[R6,#0x14]				; Audio channel 3 location
               S01:000087B4:  14 80 86 E5
F00:1273       	mov		R9,R8,lsl #12
               S01:000087B8:  08 96 A0 E1
F00:1274       	str		R9,[R6,#0x60]				; Internal current sample offset channel 1 << 12
               S01:000087BC:  60 90 86 E5
F00:1275       
F00:1276       	ldr		R9,[R12],#4					; AUD3LEN : longueur instrument
               S01:000087C0:  04 90 9C E4
F00:1277       	str		R9,[R6,#0x18]				; Audio channel 3 length
               S01:000087C4:  18 90 86 E5
F00:1278       	add		R8,R8,R9, lsl #1			; R8 = debut + 2 x longueur en mot => fin
               S01:000087C8:  89 80 88 E0
F00:1279       	str		R8,[R6,#0x64]				; end sample offset channel 1
               S01:000087CC:  64 80 86 E5
F00:1280       	str		R12,[R3,#8]					; pointeur position de la repetition de l'instrument canal B
               S01:000087D0:  08 C0 83 E5
F00:1281       	add		R2,R2,#6					; on avance le pointeur relatif car on a lu debut ins + longueur ins = 6 octets
               S01:000087D4:  06 20 82 E2
F00:1282       	
F00:1283       no_I_b_Player_standard:	
F00:1284       	mov		R13,R13,lsr #1				; test bit 00
               S01:000087D8:  AD D0 A0 E1
F00:1285       	tst		R10,R13
               S01:000087DC:  0D 00 1A E1
F00:1286       	beq		no_I_a_Player_standard
               S01:000087E0:  12 00 00 0A
F00:1287       	ldrb	R8,[R0],#1					; lecture d'un word
               S01:000087E4:  01 80 D0 E4
F00:1288       	tst		R8,#15						; valeur negative ?
               S01:000087E8:  0F 00 18 E3
F00:1289       	movne	R9,#0xFFFFFF00
               S01:000087EC:  FF 90 E0 13
F00:1290       	orrne	R8,R8,R9		
               S01:000087F0:  09 80 88 11
F00:1291       	ldrb	R9,[R0],#1
               S01:000087F4:  01 90 D0 E4
F00:1292       	add		R8,R9,R8,asl #8				; R8 = n° instrument * 12
               S01:000087F8:  08 84 89 E0
F00:1293       	adds	R2,R2,R8					; position relative en *12
               S01:000087FC:  08 20 92 E0
F00:1294       	ldr		R8,[R4,R2]					; *16 en fonction de la position relative		
               S01:00008800:  02 80 94 E7
F00:1295       	
F00:1296       	add		R12,R5,R8					; LSP_InstrumentInfo-16 + n°instrument
               S01:00008804:  08 C0 85 E0
F00:1297       	ldr		R8,[R12],#4					; AUD3LCH = offset instrument canal D0
               S01:00008808:  04 80 9C E4
F00:1298       	str		R8,[R6,#0x00]				; Audio channel 0 location
               S01:0000880C:  00 80 86 E5
F00:1299       	mov		R9,R8,lsl #12
               S01:00008810:  08 96 A0 E1
F00:1300       	str		R9,[R6,#0x50]				; Internal current sample offset channel 0 << 12
               S01:00008814:  50 90 86 E5
F00:1301       
F00:1302       	ldr		R9,[R12],#4					; AUD3LEN : longueur instrument
               S01:00008818:  04 90 9C E4
F00:1303       	str		R9,[R6,#0x04]				; Audio channel 0 length
               S01:0000881C:  04 90 86 E5
F00:1304       	add		R8,R8,R9, lsl #1			; R8 = debut + 2 x longueur en mot => fin
               S01:00008820:  89 80 88 E0
F00:1305       	str		R8,[R6,#0x54]				; end sample offset channel 0
               S01:00008824:  54 80 86 E5
F00:1306       	str		R12,[R3,#12]				; pointeur position de la repetition de l'instrument canal A
               S01:00008828:  0C C0 83 E5
F00:1307       	add		R2,R2,#6					; on avance le pointeur relatif car on a lu debut ins + longueur ins = 6 octets
               S01:0000882C:  06 20 82 E2
F00:1308       	
F00:1309       no_I_a_Player_standard:
F00:1310       	
F00:1311       noInst_Player_standard:
F00:1312       
F00:1313       	str		R0,[R1]
               S01:00008830:  00 00 81 E5
F00:1314       	
F00:1315       	mov		pc,lr	
               S01:00008834:  0E F0 A0 E1
F00:1316       
F00:1317       r_rewind_Player_standard:
F00:1318       	ldr		R0,[R1,#28]					; m_byteStreamLoop
               S01:00008838:  1C 00 91 E5
F00:1319       	ldr		R2,[R1,#32]					; m_wordStreamLoop
               S01:0000883C:  20 20 91 E5
F00:1320       	str		R2,[R1,#4]					; m_wordStream
               S01:00008840:  04 20 81 E5
F00:1321       	b		process_Player_standard
               S01:00008844:  29 FF FF EA
F00:1322       	
F00:1323       r_chgbpm_Player_standard:
F00:1324       	ldrb	R10,[R0],#1					; BPM
               S01:00008848:  01 A0 D0 E4
F00:1325       	str		R10,[R1,#24]				; m_currentBpm
               S01:0000884C:  18 A0 81 E5
F00:1326       	b		process_Player_standard	
               S01:00008850:  26 FF FF EA
F00:1327       
F00:1328       LSP_PlayerInit_standard:
F00:1329       	ldr		R0,pointeur_LSPMusic
               S01:00008854:  D4 06 9F E5
F00:1330       	ldr		R1,pointeur_LSPBank
               S01:00008858:  D4 16 9F E5
F00:1331       	adr		R3,LSPVars_standard
               S01:0000885C:  01 3B 8F E2 78 30 83 E2
F00:1332       	
F00:1333       	add		R0,R0,#4					; skip 'LSP1'
               S01:00008864:  04 00 80 E2
F00:1334       	add		R0,R0,#4					; skip unique id identique dans lsmusic & lsbank
               S01:00008868:  04 00 80 E2
F00:1335       	
F00:1336       	add		R0,R0,#2					; skip major & minor version of LSP (1.03)
               S01:0000886C:  02 00 80 E2
F00:1337       ; lecture du BPM	
F00:1338       	ldrb	R5,[R0],#1					; lecture d'un word...
               S01:00008870:  01 50 D0 E4
F00:1339       	ldrb	R4,[R0],#1
               S01:00008874:  01 40 D0 E4
F00:1340       	add		R4,R4,R5,lsl #8				; R4=R5*256+R4 = 1 word
               S01:00008878:  05 44 84 E0
F00:1341       	str		R4,[R3,#24]					; m_currentBpm default BPM : 125
               S01:0000887C:  18 40 83 E5
F00:1342       ; lecture nombre d'instruments
F00:1343       	ldrb	R5,[R0],#1					; lecture d'un word...
               S01:00008880:  01 50 D0 E4
F00:1344       	ldrb	R4,[R0],#1
               S01:00008884:  01 40 D0 E4
F00:1345       	add		R4,R4,R5,lsl #8				; instrument count : 0x000F R4=R5*256+R4 = 1 word
               S01:00008888:  05 44 84 E0
F00:1346       	
F00:1347       	sub		R5,R0,#12					; LSP data has -12 offset on instrument tab ( to win 2 cycles in fast player :) )
               S01:0000888C:  0C 50 40 E2
F00:1348       	str		R5,[R3,#16]					; instrument tab addr
               S01:00008890:  10 50 83 E5
F00:1349       	
F00:1350       	; pas de relocation des instruments
F00:1351       
F00:1352       	adr		R8,LSP_InstrumentInfo
               S01:00008894:  01 8B 8F E2 84 80 88 E2
F00:1353       	mov		R9,R4						; nb instruments
               S01:0000889C:  04 90 A0 E1
F00:1354       	str		R4,nombre_instruments_du_module
               S01:000088A0:  F8 43 0F E5
F00:1355       
F00:1356       boucle_copie_table_instruments:
F00:1357       ; copie les infos des instruments dans LSP_InstrumentInfo
F00:1358       	ldrb	R4,[R0],#1					; lecture d'un double word...
               S01:000088A4:  01 40 D0 E4
F00:1359       	ldrb	R5,[R0],#1
               S01:000088A8:  01 50 D0 E4
F00:1360       	ldrb	R6,[R0],#1					
               S01:000088AC:  01 60 D0 E4
F00:1361       	ldrb	R7,[R0],#1
               S01:000088B0:  01 70 D0 E4
F00:1362       	add		R7,R7,R6,lsl #8
               S01:000088B4:  06 74 87 E0
F00:1363       	add		R7,R7,R5,lsl #16
               S01:000088B8:  05 78 87 E0
F00:1364       	add		R7,R7,R4,lsl #24
               S01:000088BC:  04 7C 87 E0
F00:1365       	str		R7,[R8],#4					; stock offset debut instrument
               S01:000088C0:  04 70 88 E4
F00:1366       	
F00:1367       	ldrb	R4,[R0],#1					; lecture d'un double word...
               S01:000088C4:  01 40 D0 E4
F00:1368       	ldrb	R5,[R0],#1
               S01:000088C8:  01 50 D0 E4
F00:1369       	add		R5,R5,R4,lsl #8				; 
               S01:000088CC:  04 54 85 E0
F00:1370       	str		R5,[R8],#4					; stock longueur instrument
               S01:000088D0:  04 50 88 E4
F00:1371       	
F00:1372       	ldrb	R4,[R0],#1					; lecture d'un double word...
               S01:000088D4:  01 40 D0 E4
F00:1373       	ldrb	R5,[R0],#1
               S01:000088D8:  01 50 D0 E4
F00:1374       	ldrb	R6,[R0],#1					
               S01:000088DC:  01 60 D0 E4
F00:1375       	ldrb	R7,[R0],#1
               S01:000088E0:  01 70 D0 E4
F00:1376       	add		R7,R7,R6,lsl #8
               S01:000088E4:  06 74 87 E0
F00:1377       	add		R7,R7,R5,lsl #16
               S01:000088E8:  05 78 87 E0
F00:1378       	add		R7,R7,R4,lsl #24
               S01:000088EC:  04 7C 87 E0
F00:1379       	str		R7,[R8],#4					; stock offset debut repetition
               S01:000088F0:  04 70 88 E4
F00:1380       	
F00:1381       	ldrb	R4,[R0],#1					; lecture d'un double word...
               S01:000088F4:  01 40 D0 E4
F00:1382       	ldrb	R5,[R0],#1
               S01:000088F8:  01 50 D0 E4
F00:1383       	add		R5,R5,R4,lsl #8				; 
               S01:000088FC:  04 54 85 E0
F00:1384       	str		R5,[R8],#4					; stock longueur repetition
               S01:00008900:  04 50 88 E4
F00:1385       	
F00:1386       	subs	R9,R9,#1
               S01:00008904:  01 90 59 E2
F00:1387       	bgt		boucle_copie_table_instruments
               S01:00008908:  E5 FF FF CA
F00:1388       	
F00:1389       
F00:1390       
F00:1391       ; saute 12 x nb instruments R4 : 12=8+4
F00:1392       ;	add		R4,R4,R4					;  x2
F00:1393       ;	add		R4,R4,R4					;  x4
F00:1394       ;	add		R4,R4,R4, lsl #1			; x4 + x8 = x12
F00:1395       ;	add		R0,R0,R4					; R0+nb instruements * 12 = +180 => +194/+$C2
F00:1396       	
F00:1397       	ldrb	R5,[R0],#1					; lecture d'un word...
               S01:0000890C:  01 50 D0 E4
F00:1398       	ldrb	R4,[R0],#1
               S01:00008910:  01 40 D0 E4
F00:1399       	add		R4,R4,R5,lsl #8				; instrument count : 0x000F R4=R5*256+R4 = 1 word
               S01:00008914:  05 44 84 E0
F00:1400       ; codes count (+2)		d0=0x01c3
F00:1401       
F00:1402       	str		R0,[R3,#12]					; code table addr
               S01:00008918:  0C 00 83 E5
F00:1403       	add		R4,R4,R4					; *2 = +902   : $c4+ = $456
               S01:0000891C:  04 40 84 E0
F00:1404       	add		R0,R0,R4					; saute la table de code
               S01:00008920:  04 00 80 E0
F00:1405       
F00:1406       ; word stream size = $0000 BFBC ( en $44a dans le fichier lsmusic)	
F00:1407       	ldrb	R10,[R0],#1					; 00
               S01:00008924:  01 A0 D0 E4
F00:1408       	ldrb	R11,[R0],#1					; 00
               S01:00008928:  01 B0 D0 E4
F00:1409       	ldrb	R12,[R0],#1					; BF
               S01:0000892C:  01 C0 D0 E4
F00:1410       	ldrb	R13,[R0],#1					; BC 
               S01:00008930:  01 D0 D0 E4
F00:1411       	add		R13,R13,R10,lsl #24 
               S01:00008934:  0A DC 8D E0
F00:1412       	add		R13,R13,R11,lsl #16
               S01:00008938:  0B D8 8D E0
F00:1413       	add		R5,R13,R12,lsl #8 			; 4 octets => 1 mot long
               S01:0000893C:  0C 54 8D E0
F00:1414       
F00:1415       ; byte stream loop point = $0000 1ADA = 6874
F00:1416       	ldrb	R10,[R0],#1					; 00
               S01:00008940:  01 A0 D0 E4
F00:1417       	ldrb	R11,[R0],#1					; 00
               S01:00008944:  01 B0 D0 E4
F00:1418       	ldrb	R12,[R0],#1					; 1A
               S01:00008948:  01 C0 D0 E4
F00:1419       	ldrb	R13,[R0],#1					; DA 
               S01:0000894C:  01 D0 D0 E4
F00:1420       	add		R13,R13,R10,lsl #24 
               S01:00008950:  0A DC 8D E0
F00:1421       	add		R13,R13,R11,lsl #16
               S01:00008954:  0B D8 8D E0
F00:1422       	add		R6,R13,R12,lsl #8 			; 4 octets => 1 mot long
               S01:00008958:  0C 64 8D E0
F00:1423       	
F00:1424       ; word stream loop point = $0000 30F2 = 12530
F00:1425       	ldrb	R10,[R0],#1					; 00
               S01:0000895C:  01 A0 D0 E4
F00:1426       	ldrb	R11,[R0],#1					; 00
               S01:00008960:  01 B0 D0 E4
F00:1427       	ldrb	R12,[R0],#1					; 30
               S01:00008964:  01 C0 D0 E4
F00:1428       	ldrb	R13,[R0],#1					; F2 
               S01:00008968:  01 D0 D0 E4
F00:1429       	add		R13,R13,R10,lsl #24 
               S01:0000896C:  0A DC 8D E0
F00:1430       	add		R13,R13,R11,lsl #16
               S01:00008970:  0B D8 8D E0
F00:1431       	add		R7,R13,R12,lsl #8 			; 4 octets => 1 mot long
               S01:00008974:  0C 74 8D E0
F00:1432       	
F00:1433       	str		R0,[R3,#4]					; m_wordStream 
               S01:00008978:  04 00 83 E5
F00:1434       	add		R1,R0,R5					; byte stream = a0+d0
               S01:0000897C:  05 10 80 E0
F00:1435       	str		R1,[R3,#0]					; m_byteStream
               S01:00008980:  00 10 83 E5
F00:1436       	
F00:1437       	add		R0,R0,R7
               S01:00008984:  07 00 80 E0
F00:1438       	add		R1,R1,R6
               S01:00008988:  06 10 81 E0
F00:1439       	str		R0,[R3,#32]					; m_wordStreamLoop
               S01:0000898C:  20 00 83 E5
F00:1440       	str		R1,[R3,#28]					; m_byteStreamLoop
               S01:00008990:  1C 10 83 E5
F00:1441       	
F00:1442       	mov		pc,lr
               S01:00008994:  0E F0 A0 E1
F00:1443       
F00:1444       	.set	valeur16,-16*2
F00:1445       	.rept	2
F00:1448       
F02:0001       		.long	valeur16,valeur16,valeur16
               S01:00008998:  E0 FF FF FF
               S01:0000899C:  E0 FF FF FF
               S01:000089A0:  E0 FF FF FF
F02:0002       		.set valeur16,valeur16+16
F02:0003       	
F02:0001       		.long	valeur16,valeur16,valeur16
               S01:000089A4:  F0 FF FF FF
               S01:000089A8:  F0 FF FF FF
               S01:000089AC:  F0 FF FF FF
F02:0002       		.set valeur16,valeur16+16
F02:0003       	
F00:1449       table_12_16:
F00:1450       	.set	valeur16,0
F00:1451       	.rept	32
F00:1454       
F03:0001       		.long	valeur16,valeur16,valeur16
               S01:000089B0:  00 00 00 00
               S01:000089B4:  00 00 00 00
               S01:000089B8:  00 00 00 00
F03:0002       		.set valeur16,valeur16+16
F03:0003       	
F03:0001       		.long	valeur16,valeur16,valeur16
               S01:000089BC:  10 00 00 00
               S01:000089C0:  10 00 00 00
               S01:000089C4:  10 00 00 00
F03:0002       		.set valeur16,valeur16+16
F03:0003       	
F03:0001       		.long	valeur16,valeur16,valeur16
               S01:000089C8:  20 00 00 00
               S01:000089CC:  20 00 00 00
               S01:000089D0:  20 00 00 00
F03:0002       		.set valeur16,valeur16+16
F03:0003       	
F03:0001       		.long	valeur16,valeur16,valeur16
               S01:000089D4:  30 00 00 00
               S01:000089D8:  30 00 00 00
               S01:000089DC:  30 00 00 00
F03:0002       		.set valeur16,valeur16+16
F03:0003       	
F03:0001       		.long	valeur16,valeur16,valeur16
               S01:000089E0:  40 00 00 00
               S01:000089E4:  40 00 00 00
               S01:000089E8:  40 00 00 00
F03:0002       		.set valeur16,valeur16+16
F03:0003       	
F03:0001       		.long	valeur16,valeur16,valeur16
               S01:000089EC:  50 00 00 00
               S01:000089F0:  50 00 00 00
               S01:000089F4:  50 00 00 00
F03:0002       		.set valeur16,valeur16+16
F03:0003       	
F03:0001       		.long	valeur16,valeur16,valeur16
               S01:000089F8:  60 00 00 00
               S01:000089FC:  60 00 00 00
               S01:00008A00:  60 00 00 00
F03:0002       		.set valeur16,valeur16+16
F03:0003       	
F03:0001       		.long	valeur16,valeur16,valeur16
               S01:00008A04:  70 00 00 00
               S01:00008A08:  70 00 00 00
               S01:00008A0C:  70 00 00 00
F03:0002       		.set valeur16,valeur16+16
F03:0003       	
F03:0001       		.long	valeur16,valeur16,valeur16
               S01:00008A10:  80 00 00 00
               S01:00008A14:  80 00 00 00
               S01:00008A18:  80 00 00 00
F03:0002       		.set valeur16,valeur16+16
F03:0003       	
F03:0001       		.long	valeur16,valeur16,valeur16
               S01:00008A1C:  90 00 00 00
               S01:00008A20:  90 00 00 00
               S01:00008A24:  90 00 00 00
F03:0002       		.set valeur16,valeur16+16
F03:0003       	
F03:0001       		.long	valeur16,valeur16,valeur16
               S01:00008A28:  A0 00 00 00
               S01:00008A2C:  A0 00 00 00
               S01:00008A30:  A0 00 00 00
F03:0002       		.set valeur16,valeur16+16
F03:0003       	
F03:0001       		.long	valeur16,valeur16,valeur16
               S01:00008A34:  B0 00 00 00
               S01:00008A38:  B0 00 00 00
               S01:00008A3C:  B0 00 00 00
F03:0002       		.set valeur16,valeur16+16
F03:0003       	
F03:0001       		.long	valeur16,valeur16,valeur16
               S01:00008A40:  C0 00 00 00
               S01:00008A44:  C0 00 00 00
               S01:00008A48:  C0 00 00 00
F03:0002       		.set valeur16,valeur16+16
F03:0003       	
F03:0001       		.long	valeur16,valeur16,valeur16
               S01:00008A4C:  D0 00 00 00
               S01:00008A50:  D0 00 00 00
               S01:00008A54:  D0 00 00 00
F03:0002       		.set valeur16,valeur16+16
F03:0003       	
F03:0001       		.long	valeur16,valeur16,valeur16
               S01:00008A58:  E0 00 00 00
               S01:00008A5C:  E0 00 00 00
               S01:00008A60:  E0 00 00 00
F03:0002       		.set valeur16,valeur16+16
F03:0003       	
F03:0001       		.long	valeur16,valeur16,valeur16
               S01:00008A64:  F0 00 00 00
               S01:00008A68:  F0 00 00 00
               S01:00008A6C:  F0 00 00 00
F03:0002       		.set valeur16,valeur16+16
F03:0003       	
F03:0001       		.long	valeur16,valeur16,valeur16
               S01:00008A70:  00 01 00 00
               S01:00008A74:  00 01 00 00
               S01:00008A78:  00 01 00 00
F03:0002       		.set valeur16,valeur16+16
F03:0003       	
F03:0001       		.long	valeur16,valeur16,valeur16
               S01:00008A7C:  10 01 00 00
               S01:00008A80:  10 01 00 00
               S01:00008A84:  10 01 00 00
F03:0002       		.set valeur16,valeur16+16
F03:0003       	
F03:0001       		.long	valeur16,valeur16,valeur16
               S01:00008A88:  20 01 00 00
               S01:00008A8C:  20 01 00 00
               S01:00008A90:  20 01 00 00
F03:0002       		.set valeur16,valeur16+16
F03:0003       	
F03:0001       		.long	valeur16,valeur16,valeur16
               S01:00008A94:  30 01 00 00
               S01:00008A98:  30 01 00 00
               S01:00008A9C:  30 01 00 00
F03:0002       		.set valeur16,valeur16+16
F03:0003       	
F03:0001       		.long	valeur16,valeur16,valeur16
               S01:00008AA0:  40 01 00 00
               S01:00008AA4:  40 01 00 00
               S01:00008AA8:  40 01 00 00
F03:0002       		.set valeur16,valeur16+16
F03:0003       	
F03:0001       		.long	valeur16,valeur16,valeur16
               S01:00008AAC:  50 01 00 00
               S01:00008AB0:  50 01 00 00
               S01:00008AB4:  50 01 00 00
F03:0002       		.set valeur16,valeur16+16
F03:0003       	
F03:0001       		.long	valeur16,valeur16,valeur16
               S01:00008AB8:  60 01 00 00
               S01:00008ABC:  60 01 00 00
               S01:00008AC0:  60 01 00 00
F03:0002       		.set valeur16,valeur16+16
F03:0003       	
F03:0001       		.long	valeur16,valeur16,valeur16
               S01:00008AC4:  70 01 00 00
               S01:00008AC8:  70 01 00 00
               S01:00008ACC:  70 01 00 00
F03:0002       		.set valeur16,valeur16+16
F03:0003       	
F03:0001       		.long	valeur16,valeur16,valeur16
               S01:00008AD0:  80 01 00 00
               S01:00008AD4:  80 01 00 00
               S01:00008AD8:  80 01 00 00
F03:0002       		.set valeur16,valeur16+16
F03:0003       	
F03:0001       		.long	valeur16,valeur16,valeur16
               S01:00008ADC:  90 01 00 00
               S01:00008AE0:  90 01 00 00
               S01:00008AE4:  90 01 00 00
F03:0002       		.set valeur16,valeur16+16
F03:0003       	
F03:0001       		.long	valeur16,valeur16,valeur16
               S01:00008AE8:  A0 01 00 00
               S01:00008AEC:  A0 01 00 00
               S01:00008AF0:  A0 01 00 00
F03:0002       		.set valeur16,valeur16+16
F03:0003       	
F03:0001       		.long	valeur16,valeur16,valeur16
               S01:00008AF4:  B0 01 00 00
               S01:00008AF8:  B0 01 00 00
               S01:00008AFC:  B0 01 00 00
F03:0002       		.set valeur16,valeur16+16
F03:0003       	
F03:0001       		.long	valeur16,valeur16,valeur16
               S01:00008B00:  C0 01 00 00
               S01:00008B04:  C0 01 00 00
               S01:00008B08:  C0 01 00 00
F03:0002       		.set valeur16,valeur16+16
F03:0003       	
F03:0001       		.long	valeur16,valeur16,valeur16
               S01:00008B0C:  D0 01 00 00
               S01:00008B10:  D0 01 00 00
               S01:00008B14:  D0 01 00 00
F03:0002       		.set valeur16,valeur16+16
F03:0003       	
F03:0001       		.long	valeur16,valeur16,valeur16
               S01:00008B18:  E0 01 00 00
               S01:00008B1C:  E0 01 00 00
               S01:00008B20:  E0 01 00 00
F03:0002       		.set valeur16,valeur16+16
F03:0003       	
F03:0001       		.long	valeur16,valeur16,valeur16
               S01:00008B24:  F0 01 00 00
               S01:00008B28:  F0 01 00 00
               S01:00008B2C:  F0 01 00 00
F03:0002       		.set valeur16,valeur16+16
F03:0003       	
F00:1455       
F00:1456       LSP_PlayerInit_Insane:
F00:1457       ; OK - convertir les samples en mu-law
F00:1458       ; - relocaliser les samples en insérant de l'espace pour le bouclage
F00:1459       ; - mettre à jour la table LSP_InstrumentInfo avec les nouvelles positions des samples
F00:1460       ; - relativiser la table LSP_InstrumentInfo par rapport à LSPBank
F00:1461       	
F00:1462       
F00:1463       	ldr		R0,pointeur_LSPMusic
               S01:00008B30:  F8 03 9F E5
F00:1464       	ldr		R1,pointeur_LSPBank
               S01:00008B34:  F8 13 9F E5
F00:1465       	
F00:1466       	add		R0,R0,#8				; skip LSP1 + #$ee61e523
               S01:00008B38:  08 00 80 E2
F00:1467       	add		R0,R0,#1102				; skip header --depend du module
               S01:00008B3C:  01 0B 80 E2 4E 00 80 E2
F00:1468       	adr		R3,LSPVars_Insane
               S01:00008B44:  6D 3F 8F E2
F00:1469       	
F00:1470       	str		R0,[R3,#20]				; pointeur word stream
               S01:00008B48:  14 00 83 E5
F00:1471       	add		R4,R0,#49084			; --depend du module
               S01:00008B4C:  BF 4C 80 E2 BC 40 84 E2
F00:1472       	str		R4,[R3,#12]				; byte stream ptr
               S01:00008B54:  0C 40 83 E5
F00:1473       	
F00:1474       	add		R0,R0,#12530			; word stream loop pos : --depend du module
               S01:00008B58:  03 0A 80 E2 F2 00 80 E2
F00:1475       	str		R0,[R3]					; word stream loop ptr
               S01:00008B60:  00 00 83 E5
F00:1476       	
F00:1477       	add		R4,R4,#6874				; byte stream loop pos : --depend du module
               S01:00008B64:  1A 4C 84 E2 DA 40 84 E2
F00:1478       	str		R4,[R3,#28]				; byte stream loop ptr
               S01:00008B6C:  1C 40 83 E5
F00:1479       
F00:1480       	mov		pc,lr
               S01:00008B70:  0E F0 A0 E1
F00:1481       
F00:1482       	
F00:1483       convertion_samples_instruments_en_mu_law:
F00:1484       ; - convertir les samples en mu-law
F00:1485       
F00:1486       	ldr		R1,pointeur_LSPBank
               S01:00008B74:  B8 13 9F E5
F00:1487       	add		R1,R1,#4				; saute la somme de controle au début
               S01:00008B78:  04 10 81 E2
F00:1488       	ldr		R2,pointeur_LSPBank_end
               S01:00008B7C:  B4 23 9F E5
F00:1489       	adr		R6,lin2logtab
               S01:00008B80:  03 6B 8F E2 F8 60 86 E2
F00:1490       
F00:1491       boucle_convert_sample_mu_law_init_LSP:
F00:1492       
F00:1493       	ldrb	R0,[R1]
               S01:00008B88:  00 00 D1 E5
F00:1494       	ldrb	R0,[R6,R0]
               S01:00008B8C:  00 00 D6 E7
F00:1495       	strb	R0,[R1],#1
               S01:00008B90:  01 00 C1 E4
F00:1496       	cmp		R1,R2
               S01:00008B94:  02 00 51 E1
F00:1497       	blt		boucle_convert_sample_mu_law_init_LSP
               S01:00008B98:  FA FF FF BA
F00:1498       ; - fin de conversion des samples en mu-law
F00:1499       	mov		pc,lr
               S01:00008B9C:  0E F0 A0 E1
F00:1500       
F00:1501       ajout_ecart_entre_instruments_et_copie_repetitions:
F00:1502       ; - relocaliser les samples en insérant de l'espace pour le bouclage
F00:1503       ; OK - lire l'offset de début du sample
F00:1504       ; OK - calculer la fin : +2xtaille
F00:1505       ; OK - copier en commencant par la fin, le sample vers le bas.
F00:1506       ; OK - mettre à jour la table pour chaque sample
F00:1507       
F00:1508       	adr		R13,LSP_InstrumentInfo
               S01:00008BA0:  5E DF 8F E2
F00:1509       	ldr		R12,pointeur_LSPBank
               S01:00008BA4:  88 C3 9F E5
F00:1510       
F00:1511       	mov		R5,#ecart_sample
               S01:00008BA8:  01 5B A0 E3
F00:1512       	ldr		R8,nombre_instruments_du_module
               S01:00008BAC:  04 87 1F E5
F00:1513       
F00:1514       boucle_sample_par_sample:
F00:1515       	ldr		R4,pointeur_LSPBank_end	
               S01:00008BB0:  80 43 9F E5
F00:1516       	ldr		R1,[R13]				; offset debut sample
               S01:00008BB4:  00 10 9D E5
F00:1517       	ldr		R2,[R13,#4]				; nb words .w sample
               S01:00008BB8:  04 20 9D E5
F00:1518       	add		R2,R2,R2				; longeur en octets
               S01:00008BBC:  02 20 82 E0
F00:1519       	add		R3,R1,R2				; R3 = offset fin du sample
               S01:00008BC0:  02 30 81 E0
F00:1520       	
F00:1521       	add		R6,R4,R5				; R6 = nouvelle fin de lspbank
               S01:00008BC4:  05 60 84 E0
F00:1522       	str		R6,pointeur_LSPBank_end	; sauvegarde nouvelle fin
               S01:00008BC8:  68 63 8F E5
F00:1523       
F00:1524       	
F00:1525       	add		R3,R12,R3				; R3 = offset fin du sample  + pointeur_LSPBank
               S01:00008BCC:  03 30 8C E0
F00:1526       	
F00:1527       	
F00:1528       boucle_copie_un_sample_avec_ecart:
F00:1529       	subs	R4,R4,#1
               S01:00008BD0:  01 40 54 E2
F00:1530       	subs	R6,R6,#1
               S01:00008BD4:  01 60 56 E2
F00:1531       	ldrb	R0,[R4]
               S01:00008BD8:  00 00 D4 E5
F00:1532       	strb	R0,[R6]
               S01:00008BDC:  00 00 C6 E5
F00:1533       	cmp		R4,R3
               S01:00008BE0:  03 00 54 E1
F00:1534       	bgt		boucle_copie_un_sample_avec_ecart
               S01:00008BE4:  F9 FF FF CA
F00:1535       
F00:1536       
F00:1537       ; mets des zeros dans la zone ecart après le sample	
F00:1538       	mov		R7,R5				;  ecart_sample
               S01:00008BE8:  05 70 A0 E1
F00:1539       	mov		R0,#0
               S01:00008BEC:  00 00 A0 E3
F00:1540       boucle_copie_un_sample_zero_ecart:
F00:1541       	strb	R0,[R4],#1
               S01:00008BF0:  01 00 C4 E4
F00:1542       	subs	R7,R7,#1
               S01:00008BF4:  01 70 57 E2
F00:1543       	bgt		boucle_copie_un_sample_zero_ecart
               S01:00008BF8:  FC FF FF CA
F00:1544       
F00:1545       
F00:1546       ; recalculer les offsets qui sont > offset du sample en cours = R1
F00:1547       
F00:1548       	adr		R11,LSP_InstrumentInfo
               S01:00008BFC:  47 BF 8F E2
F00:1549       	ldr		R7,nombre_instruments_du_module					; N samples/instruments
               S01:00008C00:  58 77 1F E5
F00:1550       
F00:1551       reloc_offsets_du_sample_en_cours:	
F00:1552       	ldr		R0,[R11]
               S01:00008C04:  00 00 9B E5
F00:1553       	cmp		R0,R1
               S01:00008C08:  01 00 50 E1
F00:1554       	ble		.pas_de_recalcul_de_l_offset_du_sample
               S01:00008C0C:  04 00 00 DA
F00:1555       	add		R0,R0,R5		; on ajoute l ecart crée
               S01:00008C10:  05 00 80 E0
F00:1556       	str		R0,[R11]
               S01:00008C14:  00 00 8B E5
F00:1557       	ldr		R0,[R11,#8]		; offset repetition
               S01:00008C18:  08 00 9B E5
F00:1558       	add		R0,R0,R5		; on ajoute l ecart crée
               S01:00008C1C:  05 00 80 E0
F00:1559       	str		R0,[R11,#8]
               S01:00008C20:  08 00 8B E5
F00:1560       	
F00:1561       	
F00:1562       .pas_de_recalcul_de_l_offset_du_sample:
F00:1563       	add		R11,R11,#16
               S01:00008C24:  10 B0 8B E2
F00:1564       	
F00:1565       	subs	R7,R7,#1
               S01:00008C28:  01 70 57 E2
F00:1566       	bgt		reloc_offsets_du_sample_en_cours
               S01:00008C2C:  F4 FF FF CA
F00:1567       
F00:1568       
F00:1569       
F00:1570       	
F00:1571       	add		R13,R13,#16					; prochain Sample/intrument
               S01:00008C30:  10 D0 8D E2
F00:1572       	subs	R8,R8,#1
               S01:00008C34:  01 80 58 E2
F00:1573       	bgt		boucle_sample_par_sample
               S01:00008C38:  DC FF FF CA
F00:1574       
F00:1575       
F00:1576       ; remplir l'écart avec la répétition
F00:1577       	adr		R11,LSP_InstrumentInfo
               S01:00008C3C:  DC B0 8F E2
F00:1578       	ldr		R7,nombre_instruments_du_module					; N samples
               S01:00008C40:  98 77 1F E5
F00:1579       
F00:1580       boucle_repetition_sample_par_sample:
F00:1581       	ldr		R2,[R11]				; offset debut sample
               S01:00008C44:  00 20 9B E5
F00:1582       	ldr		R3,[R11,#4]				; longueur sample en mot
               S01:00008C48:  04 30 9B E5
F00:1583       	add		R3,R3,R3				; longueur * 2
               S01:00008C4C:  03 30 83 E0
F00:1584       	add		R3,R3,R2				; R3=offset fin sample
               S01:00008C50:  02 30 83 E0
F00:1585       	mov		R6,R3
               S01:00008C54:  03 60 A0 E1
F00:1586       
F00:1587       	ldr		R0,[R11,#12]			; longueur de la repetition, en mot
               S01:00008C58:  0C 00 9B E5
F00:1588       ; test length = 01 ?
F00:1589       	cmp		R0,#01					; repetition de silence ?
               S01:00008C5C:  01 00 50 E3
F00:1590       	beq		fin_copie_repetition_sample_dans_ecart
               S01:00008C60:  10 00 00 0A
F00:1591       	
F00:1592       
F00:1593       	ldr		R12,pointeur_LSPBank
               S01:00008C64:  C8 C2 9F E5
F00:1594       	add		R3,R3,R12				; R3=pointeur fin sample = position écart
               S01:00008C68:  0C 30 83 E0
F00:1595       	mov		R4,#ecart_sample
               S01:00008C6C:  01 4B A0 E3
F00:1596       	add		R4,R3,R4				; R4=fin de la zone a remplir
               S01:00008C70:  04 40 83 E0
F00:1597       ; remplir de R3 à R4
F00:1598       	ldr		R5,[R11,#8]				; offset repetition
               S01:00008C74:  08 50 9B E5
F00:1599       	add		R5,R5,R12				; adresse reelle debut repetition
               S01:00008C78:  0C 50 85 E0
F00:1600       	mov		R10,R5					; sauvegarde adresse reelle debut repetition
               S01:00008C7C:  05 A0 A0 E1
F00:1601       	
F00:1602       	add		R0,R0,R0				; R0=longueur a repeter en octets
               S01:00008C80:  00 00 80 E0
F00:1603       	mov		R9,R0					; sauvegarde longueur de la boucle de repetition
               S01:00008C84:  00 90 A0 E1
F00:1604       
F00:1605       boucle_copie_repetition_du_sample_dans_l_ecart:	
F00:1606       	ldrb	R8,[R5],#1
               S01:00008C88:  01 80 D5 E4
F00:1607       	strb	R8,[R3],#1
               S01:00008C8C:  01 80 C3 E4
F00:1608       	
F00:1609       	subs	R0,R0,#1				; diminue nb octets de la boucle de repetition
               S01:00008C90:  01 00 50 E2
F00:1610       	bgt		pas_de_fin_de_la_boucle_de_repetition_du_sample
               S01:00008C94:  01 00 00 CA
F00:1611       ; on a fini de copier une boucle de repetition
F00:1612       ; il faut réinitialiser R0 et R5
F00:1613       	mov		R0,R9					; nb octets de la boucle
               S01:00008C98:  09 00 A0 E1
F00:1614       	mov		R5,R10					; R5=adresse reelle debut repetition
               S01:00008C9C:  0A 50 A0 E1
F00:1615       
F00:1616       pas_de_fin_de_la_boucle_de_repetition_du_sample:
F00:1617       	cmp		R3,R4					; arrivé a la fin de l'écart ?
               S01:00008CA0:  04 00 53 E1
F00:1618       	blt		boucle_copie_repetition_du_sample_dans_l_ecart
               S01:00008CA4:  F7 FF FF BA
F00:1619       	
F00:1620       
F00:1621       fin_copie_repetition_sample_dans_ecart:
F00:1622       	str		R6,[R11,#8]				; mise à jour offset repetition = fin du sample
               S01:00008CA8:  08 60 8B E5
F00:1623       	
F00:1624       
F00:1625       	add		R11,R11,#16				; instrument suivant
               S01:00008CAC:  10 B0 8B E2
F00:1626       	subs	R7,R7,#1
               S01:00008CB0:  01 70 57 E2
F00:1627       	bgt		boucle_repetition_sample_par_sample
               S01:00008CB4:  E2 FF FF CA
F00:1628       	
F00:1629       
F00:1630       ; check des nouveaux offsets
F00:1631       	adr		R11,LSP_InstrumentInfo
               S01:00008CB8:  60 B0 8F E2
F00:1632       	ldr		R7,nombre_instruments_du_module					; N samples
               S01:00008CBC:  14 78 1F E5
F00:1633       	
F00:1634       boucle_verif_reloc_sample:	
F00:1635       	ldr		R0,[R11]				; offset debut sample/instrument
               S01:00008CC0:  00 00 9B E5
F00:1636       	add		R0,R0,R12				; + adresse lsp bank
               S01:00008CC4:  0C 00 80 E0
F00:1637       ; doit commencer par 4* 0x00
F00:1638       	add		R11,R11,#16
               S01:00008CC8:  10 B0 8B E2
F00:1639       	subs	R7,R7,#1
               S01:00008CCC:  01 70 57 E2
F00:1640       	bgt		boucle_verif_reloc_sample
               S01:00008CD0:  FA FF FF CA
F00:1641       
F00:1642       	mov		pc,lr
               S01:00008CD4:  0E F0 A0 E1
F00:1643       
F00:1644       pointeur_module_Amiga:		.long	moduleAmiga
               S01:00008CD8:  B4 F3 04 00
F00:1645       	
F00:1646       LSPVars_standard:
F00:1647       m_byteStream:			.long		0			; 0 byte stream
               S01:00008CDC:  00 00 00 00
F00:1648       m_wordStream:			.long		0			; 4 word stream
               S01:00008CE0:  00 00 00 00
F00:1649       m_dmaconPatch:			.long		0			; 8 m_lfmDmaConPatch
               S01:00008CE4:  00 00 00 00
F00:1650       m_codeTableAddr:		.long		0			; 12 code table addr
               S01:00008CE8:  00 00 00 00
F00:1651       m_lspInstruments:		.long		0			; 16 LSP instruments table addr
               S01:00008CEC:  00 00 00 00
F00:1652       m_relocDone:			.long		0			; 20 reloc done flag
               S01:00008CF0:  00 00 00 00
F00:1653       m_currentBpm:			.long		0			; 24 current BPM
               S01:00008CF4:  00 00 00 00
F00:1654       m_byteStreamLoop:		.long		0			; 28 byte stream loop point
               S01:00008CF8:  00 00 00 00
F00:1655       m_wordStreamLoop:		.long		0			; 32 word stream loop point
               S01:00008CFC:  00 00 00 00
F00:1656       	
F00:1657       LSPVars_Insane:
F00:1658       			.long		0			; 0  word stream loop
               S01:00008D00:  00 00 00 00
F00:1659       			.long		0			; 4  reloc has been done
               S01:00008D04:  00 00 00 00
F00:1660       			.long		0			; 8  current music BPM
               S01:00008D08:  00 00 00 00
F00:1661       			.long		0			; 12  pointeur byte stream		+8
               S01:00008D0C:  00 00 00 00
F00:1662       			.long		0			; 16 m_lfmDmaConPatch
               S01:00008D10:  00 00 00 00
F00:1663       			.long		0			; 20 pointeur word stream
               S01:00008D14:  00 00 00 00
F00:1664       			.long		0			; 24 pointeur word stream loop
               S01:00008D18:  00 00 00 00
F00:1665       			.long		0			; 28 pointeur byte stream loop
               S01:00008D1C:  00 00 00 00
F00:1666       			
F00:1667       ; WARNING: in word stream, instrument offset is shifted by -12 bytes (3 last long of .LSPVars)
F00:1668       LSP_InstrumentInfo:			; (15 instruments)
F00:1669       ; adresse relative début sample
F00:1670       ; longeur sample *2 ( valeur en word )
F00:1671       ; adresse relative début répétition sample
F00:1672       ; longeur répétition * 2 ( valeur en word )
F00:1673       ; quand repetition length = 0x0001, en fait il y a 4 octets à zéro au début du sample
F00:1674       			.long		0x0000c752,0x1188,0x0000ea62,0x0096
               S01:00008D20:  52 C7 00 00
               S01:00008D24:  88 11 00 00
               S01:00008D28:  62 EA 00 00
               S01:00008D2C:  96 00 00 00
F00:1675       			.long		0x0001ae9a,0x191d,0x0001e0d4,0x0001
               S01:00008D30:  9A AE 01 00
               S01:00008D34:  1D 19 00 00
               S01:00008D38:  D4 E0 01 00
               S01:00008D3C:  01 00 00 00
F00:1676       			.long		0x00000004,0x08a8,0x00001154,0x0001
               S01:00008D40:  04 00 00 00
               S01:00008D44:  A8 08 00 00
               S01:00008D48:  54 11 00 00
               S01:00008D4C:  01 00 00 00
F00:1677       			.long		0x00007cfc,0x0662,0x000089c0,0x0001
               S01:00008D50:  FC 7C 00 00
               S01:00008D54:  62 06 00 00
               S01:00008D58:  C0 89 00 00
               S01:00008D5C:  01 00 00 00
F00:1678       			.long		0x00008dc0,0x0d39,0x0000a832,0x0001
               S01:00008D60:  C0 8D 00 00
               S01:00008D64:  39 0D 00 00
               S01:00008D68:  32 A8 00 00
               S01:00008D6C:  01 00 00 00
F00:1679       			.long		0x00001554,0x2753,0x000063fa,0x0086
               S01:00008D70:  54 15 00 00
               S01:00008D74:  53 27 00 00
               S01:00008D78:  FA 63 00 00
               S01:00008D7C:  86 00 00 00
F00:1680       			.long		0x0001502e,0x0bba,0x000167a2,0x0040
               S01:00008D80:  2E 50 01 00
               S01:00008D84:  BA 0B 00 00
               S01:00008D88:  A2 67 01 00
               S01:00008D8C:  40 00 00 00
F00:1681       			.long		0x00012234,0x14fd,0x00014c2e,0x0001
               S01:00008D90:  34 22 01 00
               S01:00008D94:  FD 14 00 00
               S01:00008D98:  2E 4C 01 00
               S01:00008D9C:  01 00 00 00
F00:1682       			.long		0x0000ff2a,0x0F85,0x00011e34,0x0001
               S01:00008DA0:  2A FF 00 00
               S01:00008DA4:  85 0F 00 00
               S01:00008DA8:  34 1E 01 00
               S01:00008DAC:  01 00 00 00
F00:1683       			.long		0x0000ee62,0x0664,0x0000fb2a,0x0001
               S01:00008DB0:  62 EE 00 00
               S01:00008DB4:  64 06 00 00
               S01:00008DB8:  2A FB 00 00
               S01:00008DBC:  01 00 00 00
F00:1684       			.long		0x0000ac32,0x0B90,0x0000c352,0x0001
               S01:00008DC0:  32 AC 00 00
               S01:00008DC4:  90 0B 00 00
               S01:00008DC8:  52 C3 00 00
               S01:00008DCC:  01 00 00 00
F00:1685       			.long		0x000067fa,0x0881,0x000078fc,0x0001
               S01:00008DD0:  FA 67 00 00
               S01:00008DD4:  81 08 00 00
               S01:00008DD8:  FC 78 00 00
               S01:00008DDC:  01 00 00 00
F00:1686       			.long		0x000183ee,0x1356,0x0001aa9a,0x0001
               S01:00008DE0:  EE 83 01 00
               S01:00008DE4:  56 13 00 00
               S01:00008DE8:  9A AA 01 00
               S01:00008DEC:  01 00 00 00
F00:1687       			.long		0x00016ba2,0x0A26,0x00017fee,0x0001
               S01:00008DF0:  A2 6B 01 00
               S01:00008DF4:  26 0A 00 00
               S01:00008DF8:  EE 7F 01 00
               S01:00008DFC:  01 00 00 00
F00:1688       			.long		0x0001e4d4,0x0067,0x0001e5a2,0x000f
               S01:00008E00:  D4 E4 01 00
               S01:00008E04:  67 00 00 00
               S01:00008E08:  A2 E5 01 00
               S01:00008E0C:  0F 00 00 00
F00:1689       
F00:1690       			.ifeq		1
F00:1691       			.long		0x0000af52, 0x1188, 0x0000d134, 0x0096
F00:1692       			.long		0x00017a9a, 0x191d, 0x00017a9a, 0x0001
F00:1693       			.long		0x00000004, 0x08a8, 0x00000004, 0x0001
F00:1694       			.long		0x000070fc, 0x0662, 0x000070fc, 0x0001
F00:1695       			.long		0x00007dc0, 0x0d39, 0x00007dc0, 0x0001
F00:1696       			.long		0x00001154, 0x2753, 0x00005eee, 0x0086
F00:1697       			.long		0x0001282e, 0x0bba, 0x00013f22, 0x0040
F00:1698       			.long		0x0000fe34, 0x14fd, 0x0000fe34, 0x0001
F00:1699       			.long		0x0000df2a, 0x0f85, 0x0000df2a, 0x0001
F00:1700       			.long		0x0000d262, 0x0664, 0x0000d262, 0x0001
F00:1701       			.long		0x00009832, 0x0b90, 0x00009832, 0x0001
F00:1702       			.long		0x00005ffa, 0x0881, 0x00005ffa, 0x0001
F00:1703       			.long		0x000153ee, 0x1356, 0x000153ee, 0x0001
F00:1704       			.long		0x00013fa2, 0x0a26, 0x00013fa2, 0x0001
F00:1705       			.long		0x0001acd4, 0x00fd, 0x0001ad84, 0x000f
F00:1706       			.endif
F00:1707       			
F00:1708       			.rept		32-15
F00:1710       
F04:0001       			.long		0,0,0,0
               S01:00008E10:  00 00 00 00
               S01:00008E14:  00 00 00 00
               S01:00008E18:  00 00 00 00
               S01:00008E1C:  00 00 00 00
F04:0002       			
F04:0001       			.long		0,0,0,0
               S01:00008E20:  00 00 00 00
               S01:00008E24:  00 00 00 00
               S01:00008E28:  00 00 00 00
               S01:00008E2C:  00 00 00 00
F04:0002       			
F04:0001       			.long		0,0,0,0
               S01:00008E30:  00 00 00 00
               S01:00008E34:  00 00 00 00
               S01:00008E38:  00 00 00 00
               S01:00008E3C:  00 00 00 00
F04:0002       			
F04:0001       			.long		0,0,0,0
               S01:00008E40:  00 00 00 00
               S01:00008E44:  00 00 00 00
               S01:00008E48:  00 00 00 00
               S01:00008E4C:  00 00 00 00
F04:0002       			
F04:0001       			.long		0,0,0,0
               S01:00008E50:  00 00 00 00
               S01:00008E54:  00 00 00 00
               S01:00008E58:  00 00 00 00
               S01:00008E5C:  00 00 00 00
F04:0002       			
F04:0001       			.long		0,0,0,0
               S01:00008E60:  00 00 00 00
               S01:00008E64:  00 00 00 00
               S01:00008E68:  00 00 00 00
               S01:00008E6C:  00 00 00 00
F04:0002       			
F04:0001       			.long		0,0,0,0
               S01:00008E70:  00 00 00 00
               S01:00008E74:  00 00 00 00
               S01:00008E78:  00 00 00 00
               S01:00008E7C:  00 00 00 00
F04:0002       			
F04:0001       			.long		0,0,0,0
               S01:00008E80:  00 00 00 00
               S01:00008E84:  00 00 00 00
               S01:00008E88:  00 00 00 00
               S01:00008E8C:  00 00 00 00
F04:0002       			
F04:0001       			.long		0,0,0,0
               S01:00008E90:  00 00 00 00
               S01:00008E94:  00 00 00 00
               S01:00008E98:  00 00 00 00
               S01:00008E9C:  00 00 00 00
F04:0002       			
F04:0001       			.long		0,0,0,0
               S01:00008EA0:  00 00 00 00
               S01:00008EA4:  00 00 00 00
               S01:00008EA8:  00 00 00 00
               S01:00008EAC:  00 00 00 00
F04:0002       			
F04:0001       			.long		0,0,0,0
               S01:00008EB0:  00 00 00 00
               S01:00008EB4:  00 00 00 00
               S01:00008EB8:  00 00 00 00
               S01:00008EBC:  00 00 00 00
F04:0002       			
F04:0001       			.long		0,0,0,0
               S01:00008EC0:  00 00 00 00
               S01:00008EC4:  00 00 00 00
               S01:00008EC8:  00 00 00 00
               S01:00008ECC:  00 00 00 00
F04:0002       			
F04:0001       			.long		0,0,0,0
               S01:00008ED0:  00 00 00 00
               S01:00008ED4:  00 00 00 00
               S01:00008ED8:  00 00 00 00
               S01:00008EDC:  00 00 00 00
F04:0002       			
F04:0001       			.long		0,0,0,0
               S01:00008EE0:  00 00 00 00
               S01:00008EE4:  00 00 00 00
               S01:00008EE8:  00 00 00 00
               S01:00008EEC:  00 00 00 00
F04:0002       			
F04:0001       			.long		0,0,0,0
               S01:00008EF0:  00 00 00 00
               S01:00008EF4:  00 00 00 00
               S01:00008EF8:  00 00 00 00
               S01:00008EFC:  00 00 00 00
F04:0002       			
F04:0001       			.long		0,0,0,0
               S01:00008F00:  00 00 00 00
               S01:00008F04:  00 00 00 00
               S01:00008F08:  00 00 00 00
               S01:00008F0C:  00 00 00 00
F04:0002       			
F04:0001       			.long		0,0,0,0
               S01:00008F10:  00 00 00 00
               S01:00008F14:  00 00 00 00
               S01:00008F18:  00 00 00 00
               S01:00008F1C:  00 00 00 00
F04:0002       			
F00:1711       
F00:1712       ; pointeurs sur la table des instruments, pour repetition de D C B A
F00:1713       resetv:
F00:1714       		.long		0			; pointeur dans la table d'instruments LSP_InstrumentInfo, sur l'adresse de repetition du canal D
               S01:00008F20:  00 00 00 00
F00:1715       		.long		0			; canal C
               S01:00008F24:  00 00 00 00
F00:1716       		.long		0			; canal B
               S01:00008F28:  00 00 00 00
F00:1717       		.long		0			; canal A
               S01:00008F2C:  00 00 00 00
F00:1718       
F00:1719       pointeur_LSPMusic:			.long		LSPMusic
               S01:00008F30:  48 74 01 00
F00:1720       pointeur_LSPBank:			.long		LSPBank
               S01:00008F34:  34 B9 02 00
F00:1721       pointeur_LSPBank_end:		.long		LSPBank_end
               S01:00008F38:  02 68 04 00
F00:1722       
F00:1723       ;--------------------------------------------------------------------------------------------
F00:1724       
F00:1725       
F00:1726       	
F00:1727       
F00:1728       create_table_lin2log_edz:
F00:1729       	adr		R11,lin2logtab
               S01:00008F3C:  09 BC 8F E2 3C B0 8B E2
F00:1730       	mov		R1,#0
               S01:00008F44:  00 10 A0 E3
F00:1731       	mov		R2,#256
               S01:00008F48:  01 2C A0 E3
F00:1732       
F00:1733       boucle_table_lin2log_edz:
F00:1734       	mov		R0,R1,LSL #24			; de signed 8 bits à signed 32 bits
               S01:00008F4C:  01 0C A0 E1
F00:1735       	SWI     XSound_SoundLog		; This SWI is used to convert a signed linear sample to the 8 bit logarithmic format that’s 
               S01:00008F50:  81 01 06 EF
F00:1736       ; résultat dans R0
F00:1737       	STRB    R0,[R11],#1
               S01:00008F54:  01 00 CB E4
F00:1738       	adds	R1,R1,#1
               S01:00008F58:  01 10 91 E2
F00:1739       	cmp		R1,R2
               S01:00008F5C:  02 00 51 E1
F00:1740       	blt		boucle_table_lin2log_edz
               S01:00008F60:  F9 FF FF BA
F00:1741       	mov		pc,lr
               S01:00008F64:  0E F0 A0 E1
F00:1742       	
F00:1743       	
F00:1744       
F00:1745       create_table_lin2log:
F00:1746       	adr		R11,lin2logtab
               S01:00008F68:  91 BE 8F E2
F00:1747       	mov		R2,#256					; nb valeurs
               S01:00008F6C:  01 2C A0 E3
F00:1748       	mov		R1,#0					; valeur actuelle
               S01:00008F70:  00 10 A0 E3
F00:1749       	
F00:1750        	adr 	R11,lin2logtab
               S01:00008F74:  09 BC 8F E2 04 B0 8B E2
F00:1751        	MOV     R1,#255
               S01:00008F7C:  FF 10 A0 E3
F00:1752       setlinlogtab:
F00:1753       
F00:1754       	MOV     R0,R1,LSL#24		; R0=R1<<24 : en entrée du 8 bits donc shifté en haut, sur du 32 bits
               S01:00008F80:  01 0C A0 E1
F00:1755       	SWI     XSound_SoundLog		; This SWI is used to convert a signed linear sample to the 8 bit logarithmic format that’s 
               S01:00008F84:  81 01 06 EF
F00:1756       	STRB    R0,[R11,R1]			; 8 bit mu-law logarithmic sample 
               S01:00008F88:  01 00 CB E7
F00:1757       	SUBS    R1,R1,#1
               S01:00008F8C:  01 10 51 E2
F00:1758       	BGE     setlinlogtab
               S01:00008F90:  FA FF FF AA
F00:1759       	mov		pc,lr
               S01:00008F94:  0E F0 A0 E1
F00:1760       
F00:1761       
F00:1762       
F00:1763       
F00:1764       increment_frequence:			.long	1207959				; 20 bits de precision
               S01:00008F98:  97 6E 12 00
F00:1765       increment_frequence12bits:		.long	4719				; 12 bits de precision
               S01:00008F9C:  6F 12 00 00
F00:1766       
F00:1767       mask_bits_virgule_frequence:	.long	0b11111111111111111111
               S01:00008FA0:  FF FF 0F 00
F00:1768       save_R14_Paula:		.long	0
               S01:00008FA4:  00 00 00 00
F00:1769       ;-------------------------------
F00:1770       ; copie avec calcul d'avancée en fonction de la frequence
F00:1771       ; sample = 8000
F00:1772       ; réel = 20833,3333
F00:1773       ;
F00:1774       ; R0=sample, R1=adresse sample voie 1, R2=position actuelle sample voie 1
F00:1775       ;	ldrb	R0,[R1,R2, ASR#12]
F00:1776       ; R3=increment x 2^12
F00:1777       ;	add		R2,R2,R3
F00:1778       ; R4=volume, 0 = plein volume
F00:1779       ;	subs	R0,R0,R4
F00:1780       ; si volume négatif => 0
F00:1781       ;	movmi	R0,#0
F00:1782       ; R14=buffer canaux mélangés
F00:1783       ;	strb	R0,[R14],#1	
F00:1784       
F00:1785       ; R0 : registre de travail, sample
F00:1786       ; R1 : base des samples tous canaux
F00:1787       
F00:1788       ; R2 : index canal A ( par rapport au début des samples )
F00:1789       ; R3 : increment canal A
F00:1790       ; R4 : volume canal en cours
F00:1791       
F00:1792       ; R5 : index canal B ( par rapport au début des samples )
F00:1793       ; R6 : increment canal B
F00:1794       
F00:1795       ; R7 : octet final pour DMA
F00:1796       
F00:1797       ; R8 : index canal C ( par rapport au début des samples )
F00:1798       ; R9 : increment canal C
F00:1799       
F00:1800       ; R10: index boucle
F00:1801       
F00:1802       ; R11: index canal D ( par rapport au début des samples )
F00:1803       ; R12: increment canal D
F00:1804       
F00:1805       ; R13: volume canal A B C D
F00:1806       ; R14: destination buffer DMA
F00:1807       
F00:1808       ;-----------------------------------------------------------------------------------------------------------------------
F00:1809       ;-----------------------------------------------------------------------------------------------------------------------
F00:1810       ;-----------------------------------------------------------------------------------------------------------------------
F00:1811       valeur0x167a2:		.long		0x167a2+0x80*4
               S01:00008FA8:  A2 69 01 00
F00:1812       pointeur_expanded_mixing:	.long		expanded_filling_routine
               S01:00008FAC:  C0 D1 00 00
F00:1813       ; mixage avec gestion du Paula
F00:1814       Paula_remplissage_DMA_416:
F00:1815       	str	R14,save_R14_Paula
               S01:00008FB0:  14 E0 0F E5
F00:1816       
F00:1817       ;----------
F00:1818       ; U: R0,R1,R2,R3,R4
F00:1819       
F00:1820       	adr		R4,table_increments_frequence
               S01:00008FB4:  09 4C 8F E2 C4 40 84 E2
F00:1821       
F00:1822       	adr		R0,Paula_registers_external
               S01:00008FBC:  07 0C 8F E2 D0 00 80 E2
F00:1823       
F00:1824       	adr		R14,table_volume
               S01:00008FC4:  02 EB 8F E2 60 E0 8E E2
F00:1825       
F00:1826       	ldr		R1,[R0,#0x90]						; DMACon
               S01:00008FCC:  90 10 90 E5
F00:1827       	mov		R1,#0b000001111
               S01:00008FD0:  0F 10 A0 E3
F00:1828       
F00:1829       ; canal A	
F00:1830       	tst		R1,#01							; bit 0 de DMACon ?
               S01:00008FD4:  01 00 11 E3
F00:1831       	bne		DMACon_Canal_A_On
               S01:00008FD8:  04 00 00 1A
F00:1832       
F00:1833       	ldr		R2,offset_silence				; on pointe sur silence
               S01:00008FDC:  44 2B 1F E5
F00:1834       	mov		R2,R2,lsl #12
               S01:00008FE0:  02 26 A0 E1
F00:1835       	mov		R3,#0							; increment = 0
               S01:00008FE4:  00 30 A0 E3
F00:1836       	mov		R13,#64							; volume = 0
               S01:00008FE8:  40 D0 A0 E3
F00:1837       	b		continue_DMACon_Canal_A
               S01:00008FEC:  04 00 00 EA
F00:1838       DMACon_Canal_A_On:
F00:1839       	ldr		R2,[R0,#0x50]					; current sample ptr channel 0 / Paula_registers_internal
               S01:00008FF0:  50 20 90 E5
F00:1840       
F00:1841       	
F00:1842       	ldr		R3,[R0,#0x08]					; note Amiga canal A
               S01:00008FF4:  08 30 90 E5
F00:1843       	mov		R3,R3,lsl #2					; *4
               S01:00008FF8:  03 31 A0 E1
F00:1844       	ldr		R3,[R4,R3]
               S01:00008FFC:  03 30 94 E7
F00:1845       	
F00:1846       	ldr		R13,[R0,#0x0C]						; volume canal A
               S01:00009000:  0C D0 90 E5
F00:1847       continue_DMACon_Canal_A:
F00:1848       	ldrb	R13,[R14,R13]					; R13=volume A
               S01:00009004:  0D D0 DE E7
F00:1849       
F00:1850       ; canal B
F00:1851       	tst		R1,#02							; bit 1 de DMACon ?
               S01:00009008:  02 00 11 E3
F00:1852       	bne		DMACon_Canal_B_On
               S01:0000900C:  04 00 00 1A
F00:1853       	ldr		R5,offset_silence				; on pointe sur silence
               S01:00009010:  78 5B 1F E5
F00:1854       	mov		R5,R5,lsl #12
               S01:00009014:  05 56 A0 E1
F00:1855       	mov		R6,#0							; increment = 0
               S01:00009018:  00 60 A0 E3
F00:1856       	mov		R10,#64							; volume = 0
               S01:0000901C:  40 A0 A0 E3
F00:1857       	b		continue_DMACon_Canal_B
               S01:00009020:  04 00 00 EA
F00:1858       DMACon_Canal_B_On:
F00:1859       	ldr		R5,[R0,#0x60]
               S01:00009024:  60 50 90 E5
F00:1860       	ldr		R6,[R0,#0x1C]					; note Amiga canal B
               S01:00009028:  1C 60 90 E5
F00:1861       	mov		R6,R6,lsl #2					; *4
               S01:0000902C:  06 61 A0 E1
F00:1862       	ldr		R6,[R4,R6]
               S01:00009030:  06 60 94 E7
F00:1863       
F00:1864       	ldr		R10,[R0,#0x20]						; volume canal B
               S01:00009034:  20 A0 90 E5
F00:1865       continue_DMACon_Canal_B:
F00:1866       	ldrb	R10,[R14,R10]					; R10=volume
               S01:00009038:  0A A0 DE E7
F00:1867       	orr		R13,R10,R13,lsl #8
               S01:0000903C:  0D D4 8A E1
F00:1868       
F00:1869       ; canal C
F00:1870       	tst		R1,#04							; bit 2 de DMACon ?
               S01:00009040:  04 00 11 E3
F00:1871       	bne		DMACon_Canal_C_On
               S01:00009044:  04 00 00 1A
F00:1872       	ldr		R8,offset_silence				; on pointe sur silence
               S01:00009048:  B0 8B 1F E5
F00:1873       	mov		R8,R8,lsl #12
               S01:0000904C:  08 86 A0 E1
F00:1874       	mov		R9,#0							; increment = 0
               S01:00009050:  00 90 A0 E3
F00:1875       	mov		R10,#64							; volume = 0
               S01:00009054:  40 A0 A0 E3
F00:1876       	b		continue_DMACon_Canal_C
               S01:00009058:  04 00 00 EA
F00:1877       DMACon_Canal_C_On:
F00:1878       	ldr		R8,[R0,#0x70]					; current sample offset C
               S01:0000905C:  70 80 90 E5
F00:1879       	ldr		R9,[R0,#0x30]					; note Amiga canal C
               S01:00009060:  30 90 90 E5
F00:1880       	mov		R9,R9,lsl #2					; *4
               S01:00009064:  09 91 A0 E1
F00:1881       	ldr		R9,[R4,R9]
               S01:00009068:  09 90 94 E7
F00:1882       
F00:1883       	ldr		R10,[R0,#0x34]						; volume canal C
               S01:0000906C:  34 A0 90 E5
F00:1884       continue_DMACon_Canal_C:
F00:1885       	ldrb	R10,[R14,R10]					; R10=volume
               S01:00009070:  0A A0 DE E7
F00:1886       	orr		R13,R10,R13,lsl #8
               S01:00009074:  0D D4 8A E1
F00:1887       
F00:1888       ; canal D
F00:1889       	tst		R1,#8							; bit 3 de DMACon ?
               S01:00009078:  08 00 11 E3
F00:1890       	bne		DMACon_Canal_D_On
               S01:0000907C:  04 00 00 1A
F00:1891       	ldr		R11,offset_silence				; on pointe sur silence
               S01:00009080:  E8 BB 1F E5
F00:1892       	mov		R11,R11,lsl #12
               S01:00009084:  0B B6 A0 E1
F00:1893       	mov		R12,#0							; increment = 0
               S01:00009088:  00 C0 A0 E3
F00:1894       	mov		R10,#64							; volume = 0
               S01:0000908C:  40 A0 A0 E3
F00:1895       	b		continue_DMACon_Canal_D
               S01:00009090:  04 00 00 EA
F00:1896       DMACon_Canal_D_On:
F00:1897       	ldr		R11,[R0,#0x80]					; offset actuel position instrument
               S01:00009094:  80 B0 90 E5
F00:1898       	ldr		R12,[R0,#0x44]					; note Amiga canal D
               S01:00009098:  44 C0 90 E5
F00:1899       	mov		R12,R12,lsl #2					; *4
               S01:0000909C:  0C C1 A0 E1
F00:1900       	ldr		R12,[R4,R12]
               S01:000090A0:  0C C0 94 E7
F00:1901       	ldr		R10,[R0,#0x48]				; volume canal D
               S01:000090A4:  48 A0 90 E5
F00:1902       continue_DMACon_Canal_D:
F00:1903       	ldrb	R10,[R14,R10]					; R10=volume
               S01:000090A8:  0A A0 DE E7
F00:1904       	orr		R13,R10,R13,lsl #8
               S01:000090AC:  0D D4 8A E1
F00:1905       
F00:1906       ; R13 = vAvBvCvD
F00:1907       
F00:1908       
F00:1909       ;---------- Mixage
F00:1910       ;R0 = temp
F00:1911       ;R1 = debut des samples
F00:1912       ;R2 = offset actuel voie 1
F00:1913       ;R3 = increment suivant la frequence voie 1
F00:1914       ;R4 = volume de la voie en cours
F00:1915       ;R5 = offset actuel voie 2
F00:1916       ;R6= increment suivant la frequence voie 2
F00:1917       ;R7= resultat long mot
F00:1918       ;R8=offset actuel voie 3
F00:1919       ;R9= increment suivant la frequence voie 3
F00:1920       ;R10=compteur pour la boucle de remplissage
F00:1921       ;R11=offset actuel voie 4
F00:1922       ;R12= increment suivant la frequence voie 4
F00:1923       ;R13= tous les volumes sur 1 long mot
F00:1924       ;R14 = buffer dma destination
F00:1925       
F00:1926       
F00:1927       
F00:1928       	;mov		R2,#0xEA62
F00:1929       	;add		R2,R2,#0x110
F00:1930       	;mov		R2,R2,lsl #12
F00:1931       
F00:1932       	
F00:1933       	mov	R10,#nb_octets_par_vbl
               S01:000090B0:  1A AE A0 E3
F00:1934       
F00:1935       	ldr		R14,adresse_dma1_logical
               S01:000090B4:  3C EC 1F E5
F00:1936       
F00:1937       	adr		R1,LSPBank
               S01:000090B8:  8A 1B 8F E2 74 10 81 E2
F00:1938       
F00:1939       	;adr		R2,table_valeurs_repetition_instrument_7
F00:1940       	;sub		R2,R2,R1
F00:1941       	;mov		R2,R2,lsl #12
F00:1942       
F00:1943       	ldr		pc,pointeur_expanded_mixing
               S01:000090C0:  1C F1 1F E5
F00:1944       
F00:1945       boucle_Paula_remplissage_DMA_416:
F00:1946       	ldrb	R0,[R1,R2,lsr #12]
               S01:000090C4:  22 06 D1 E7
F00:1947       	add		R2,R2,R3
               S01:000090C8:  03 20 82 E0
F00:1948       	mov		R4,R13,lsr #24
               S01:000090CC:  2D 4C A0 E1
F00:1949       	subs	R0,R0,R4
               S01:000090D0:  04 00 50 E0
F00:1950       	movmi	R0,#0
               S01:000090D4:  00 00 A0 43
F00:1951       	mov		R7,R0,lsl #24
               S01:000090D8:  00 7C A0 E1
F00:1952       
F00:1953       	ldrb	R0,[R1,R5,lsr #12]
               S01:000090DC:  25 06 D1 E7
F00:1954       	add		R5,R5,R6
               S01:000090E0:  06 50 85 E0
F00:1955       	mov		R4,R13,lsl #8
               S01:000090E4:  0D 44 A0 E1
F00:1956       	subs	R0,R0,R4,lsr #24
               S01:000090E8:  24 0C 50 E0
F00:1957       	movmi	R0,#0
               S01:000090EC:  00 00 A0 43
F00:1958       	orr		R7,R7,R0,lsl #16
               S01:000090F0:  00 78 87 E1
F00:1959       
F00:1960       	ldrb	R0,[R1,R8,lsr #12]
               S01:000090F4:  28 06 D1 E7
F00:1961       	add		R8,R8,R9
               S01:000090F8:  09 80 88 E0
F00:1962       	mov		R4,R13,lsl #16
               S01:000090FC:  0D 48 A0 E1
F00:1963       	subs	R0,R0,R4, lsr #24
               S01:00009100:  24 0C 50 E0
F00:1964       	movmi	R0,#0
               S01:00009104:  00 00 A0 43
F00:1965       	orr		R7,R7,R0,lsl #8
               S01:00009108:  00 74 87 E1
F00:1966       
F00:1967       	ldrb	R0,[R1,R11,lsr #12]
               S01:0000910C:  2B 06 D1 E7
F00:1968       	add		R11,R11,R12
               S01:00009110:  0C B0 8B E0
F00:1969       	mov		R4,R13,lsl #24
               S01:00009114:  0D 4C A0 E1
F00:1970       	subs	R0,R0,R4,lsr #24
               S01:00009118:  24 0C 50 E0
F00:1971       	movmi	R0,#0
               S01:0000911C:  00 00 A0 43
F00:1972       	orr		R7,R7,R0
               S01:00009120:  00 70 87 E1
F00:1973       
F00:1974       	str		R7,[R14],#4
               S01:00009124:  04 70 8E E4
F00:1975       
F00:1976       
F00:1977       	subs	R10,R10,#1
               S01:00009128:  01 A0 5A E2
F00:1978       	bgt		boucle_Paula_remplissage_DMA_416
               S01:0000912C:  E4 FF FF CA
F00:1979       
F00:1980       ;---------- FIN Mixage
F00:1981       retour_mixage:
F00:1982       
F00:1983       ; verif fin de sample ?
F00:1984       ; conserver : R2,R5,R8,R11
F00:1985       
F00:1986       	adr		R10,Paula_registers_external
               S01:00009130:  06 AC 8F E2 5C A0 8A E2
F00:1987       	mov		R14,#4095
               S01:00009138:  0F EC A0 E3 FF E0 8E E3
F00:1988       
F00:1989       ; gestion bouclage canal A
F00:1990       	mov		R0,R2,asr #12			; R2 = offset actuel << 12
               S01:00009140:  42 06 A0 E1
F00:1991       	ldr		R1,[R10,#0x54]			; AUD0END : end sample offset channel 0
               S01:00009144:  54 10 9A E5
F00:1992       	subs	R0,R0,R1				; R0 = offset en cours - offset de fin
               S01:00009148:  01 00 50 E0
F00:1993       	blt		pas_de_bouclage_canal_A_Paula
               S01:0000914C:  10 00 00 BA
F00:1994       
F00:1995       ; R0=depassement
F00:1996       	ldr		R12,[R10,#0x04]			; R12 = longueur du sample en mots
               S01:00009150:  04 C0 9A E5
F00:1997       	cmp		R12,#01					; repetition courte, silence
               S01:00009154:  01 00 5C E3
F00:1998       	moveq	R0,#0
               S01:00009158:  00 00 A0 03
F00:1999       	beq		OK_depassement_canal_A
               S01:0000915C:  04 00 00 0A
F00:2000       	add		R12,R12,R12					; en octets	
               S01:00009160:  0C C0 8C E0
F00:2001       test_depassement_canal_A:
F00:2002       	cmp		R0,R12
               S01:00009164:  0C 00 50 E1
F00:2003       	blt		OK_depassement_canal_A
               S01:00009168:  01 00 00 BA
F00:2004       	subs	R0,R0,R12
               S01:0000916C:  0C 00 50 E0
F00:2005       	b		test_depassement_canal_A
               S01:00009170:  FB FF FF EA
F00:2006       OK_depassement_canal_A:	
F00:2007       	ldr		R3,[R10,#0x00]			; Audio channel 1 location
               S01:00009174:  00 30 9A E5
F00:2008       	add		R0,R0,R3				; offset début + dépassement
               S01:00009178:  03 00 80 E0
F00:2009       	and		R2,R2,R14
               S01:0000917C:  0E 20 02 E0
F00:2010       	orr		R2,R2,R0,lsl #12			; << 12
               S01:00009180:  00 26 82 E1
F00:2011       	
F00:2012       	ldr		R0,[R10,#0x04]			; Audio channel 1 length
               S01:00009184:  04 00 9A E5
F00:2013       	add		R0,R0,R0				; en octets = 2 x longeur en word
               S01:00009188:  00 00 80 E0
F00:2014       	add		R0,R0,R3				; offset de fin du sample = Audio channel 1 location + Audio channel 1 length
               S01:0000918C:  03 00 80 E0
F00:2015       	str		R0,[R10,#0x54]			; AUD0END : end sample offset channel 1
               S01:00009190:  54 00 8A E5
F00:2016       pas_de_bouclage_canal_A_Paula:
F00:2017       
F00:2018       ; gestion bouclage canal B
F00:2019       	mov		R0,R5,asr #12
               S01:00009194:  45 06 A0 E1
F00:2020       	ldr		R1,[R10,#0x64]			; AUD0END : end sample offset channel 1
               S01:00009198:  64 10 9A E5
F00:2021       	subs	R0,R0,R1				; R0 = offset en cours - offset de fin
               S01:0000919C:  01 00 50 E0
F00:2022       	blt		pas_de_bouclage_canal_B_Paula
               S01:000091A0:  10 00 00 BA
F00:2023       
F00:2024       ; R0=depassement
F00:2025       	ldr		R12,[R10,#0x18]			; R12 = longueur du sample en mots
               S01:000091A4:  18 C0 9A E5
F00:2026       	cmp		R12,#01					; repetition courte, silence
               S01:000091A8:  01 00 5C E3
F00:2027       	moveq	R0,#0
               S01:000091AC:  00 00 A0 03
F00:2028       	beq		OK_depassement_canal_B
               S01:000091B0:  04 00 00 0A
F00:2029       	add		R12,R12,R12					; en octets	
               S01:000091B4:  0C C0 8C E0
F00:2030       test_depassement_canal_B:
F00:2031       	cmp		R0,R12
               S01:000091B8:  0C 00 50 E1
F00:2032       	blt		OK_depassement_canal_B
               S01:000091BC:  01 00 00 BA
F00:2033       	subs	R0,R0,R12
               S01:000091C0:  0C 00 50 E0
F00:2034       	b		test_depassement_canal_B
               S01:000091C4:  FB FF FF EA
F00:2035       OK_depassement_canal_B:	
F00:2036       	ldr		R3,[R10,#0x14]			; Audio channel 1 location
               S01:000091C8:  14 30 9A E5
F00:2037       	add		R0,R0,R3				; offset début + dépassement
               S01:000091CC:  03 00 80 E0
F00:2038       	and		R5,R5,R14
               S01:000091D0:  0E 50 05 E0
F00:2039       	orr		R5,R5,R0,lsl #12			; << 12
               S01:000091D4:  00 56 85 E1
F00:2040       	
F00:2041       	ldr		R0,[R10,#0x18]			; Audio channel 1 length
               S01:000091D8:  18 00 9A E5
F00:2042       	add		R0,R0,R0				; en octets = 2 x longeur en word
               S01:000091DC:  00 00 80 E0
F00:2043       	add		R0,R0,R3				; offset de fin du sample = Audio channel 1 location + Audio channel 1 length
               S01:000091E0:  03 00 80 E0
F00:2044       	str		R0,[R10,#0x64]			; AUD0END : end sample offset channel 1
               S01:000091E4:  64 00 8A E5
F00:2045       pas_de_bouclage_canal_B_Paula:
F00:2046       
F00:2047       ; gestion bouclage canal C
F00:2048       	mov		R0,R8,asr #12
               S01:000091E8:  48 06 A0 E1
F00:2049       	ldr		R1,[R10,#0x74]			; AUD0END : end sample offset channel 0
               S01:000091EC:  74 10 9A E5
F00:2050       	subs	R0,R0,R1				; R0 = offset en cours - offset de fin
               S01:000091F0:  01 00 50 E0
F00:2051       	blt		pas_de_bouclage_canal_C_Paula
               S01:000091F4:  10 00 00 BA
F00:2052       
F00:2053       ; R0=depassement
F00:2054       	ldr		R12,[R10,#0x2C]			; R12 = longueur du sample en mots
               S01:000091F8:  2C C0 9A E5
F00:2055       	cmp		R12,#01					; repetition courte, silence
               S01:000091FC:  01 00 5C E3
F00:2056       	moveq	R0,#0
               S01:00009200:  00 00 A0 03
F00:2057       	beq		OK_depassement_canal_C
               S01:00009204:  04 00 00 0A
F00:2058       	add		R12,R12,R12					; en octets	
               S01:00009208:  0C C0 8C E0
F00:2059       test_depassement_canal_C:
F00:2060       	cmp		R0,R12
               S01:0000920C:  0C 00 50 E1
F00:2061       	blt		OK_depassement_canal_C
               S01:00009210:  01 00 00 BA
F00:2062       	subs	R0,R0,R12
               S01:00009214:  0C 00 50 E0
F00:2063       	b		test_depassement_canal_C
               S01:00009218:  FB FF FF EA
F00:2064       OK_depassement_canal_C:	
F00:2065       	ldr		R3,[R10,#0x28]			; Audio channel 2 location
               S01:0000921C:  28 30 9A E5
F00:2066       	add		R0,R0,R3				; offset début + dépassement
               S01:00009220:  03 00 80 E0
F00:2067       	and		R8,R8,R14
               S01:00009224:  0E 80 08 E0
F00:2068       	orr		R8,R8,R0,lsl #12			; << 12
               S01:00009228:  00 86 88 E1
F00:2069       	
F00:2070       	ldr		R0,[R10,#0x2C]			; Audio channel 2 length
               S01:0000922C:  2C 00 9A E5
F00:2071       	add		R0,R0,R0				; en octets = 2 x longeur en word
               S01:00009230:  00 00 80 E0
F00:2072       	add		R0,R0,R3				; offset de fin du sample = Audio channel 0 location + Audio channel 0 length
               S01:00009234:  03 00 80 E0
F00:2073       	str		R0,[R10,#0x74]			; AUD0END : end sample offset channel 0
               S01:00009238:  74 00 8A E5
F00:2074       pas_de_bouclage_canal_C_Paula:
F00:2075       
F00:2076       ; gestion bouclage canal D
F00:2077       	mov		R0,R11,asr #12
               S01:0000923C:  4B 06 A0 E1
F00:2078       	ldr		R1,[R10,#0x84]			; AUD0END : end sample offset channel 3
               S01:00009240:  84 10 9A E5
F00:2079       	subs	R0,R0,R1				; R0 = offset en cours - offset de fin
               S01:00009244:  01 00 50 E0
F00:2080       	blt		pas_de_bouclage_canal_D_Paula
               S01:00009248:  10 00 00 BA
F00:2081       
F00:2082       ; R0=depassement
F00:2083       	ldr		R12,[R10,#0x40]			; R12 = longueur du sample en mots
               S01:0000924C:  40 C0 9A E5
F00:2084       	cmp		R12,#01					; repetition courte, silence
               S01:00009250:  01 00 5C E3
F00:2085       	moveq	R0,#0
               S01:00009254:  00 00 A0 03
F00:2086       	beq		OK_depassement_canal_D
               S01:00009258:  04 00 00 0A
F00:2087       	add		R12,R12,R12					; en octets	
               S01:0000925C:  0C C0 8C E0
F00:2088       test_depassement_canal_D:
F00:2089       	cmp		R0,R12
               S01:00009260:  0C 00 50 E1
F00:2090       	blt		OK_depassement_canal_D
               S01:00009264:  01 00 00 BA
F00:2091       	subs	R0,R0,R12
               S01:00009268:  0C 00 50 E0
F00:2092       	b		test_depassement_canal_D
               S01:0000926C:  FB FF FF EA
F00:2093       OK_depassement_canal_D:	
F00:2094       	ldr		R3,[R10,#0x3C]			; Audio channel 3 location
               S01:00009270:  3C 30 9A E5
F00:2095       	add		R0,R0,R3				; offset début + dépassement
               S01:00009274:  03 00 80 E0
F00:2096       	and		R11,R11,R14
               S01:00009278:  0E B0 0B E0
F00:2097       	orr		R11,R11,R0,lsl #12			; << 12
               S01:0000927C:  00 B6 8B E1
F00:2098       	
F00:2099       	ldr		R0,[R10,#0x40]			; Audio channel 3 length
               S01:00009280:  40 00 9A E5
F00:2100       	add		R0,R0,R0				; en octets = 2 x longeur en word
               S01:00009284:  00 00 80 E0
F00:2101       	add		R0,R0,R3				; offset de fin du sample = Audio channel 0 location + Audio channel 0 length
               S01:00009288:  03 00 80 E0
F00:2102       	str		R0,[R10,#0x84]			; AUD0END : end sample offset channel 0
               S01:0000928C:  84 00 8A E5
F00:2103       pas_de_bouclage_canal_D_Paula:
F00:2104       
F00:2105       ; stockage des registres à jour
F00:2106       
F00:2107       	str		R2,[R10,#0x50]			; offset par rapport au debut des samples / canal A
               S01:00009290:  50 20 8A E5
F00:2108       
F00:2109       	str		R5,[R10,#0x60]			; offset par rapport au debut des samples / canal B
               S01:00009294:  60 50 8A E5
F00:2110       
F00:2111       	str		R8,[R10,#0x70]			; offset par rapport au debut des samples / canal C
               S01:00009298:  70 80 8A E5
F00:2112       
F00:2113       	str		R11,[R10,#0x80]			; offset par rapport au debut des samples / canal D
               S01:0000929C:  80 B0 8A E5
F00:2114       
F00:2115       
F00:2116       	ldr		R15,save_R14_Paula
               S01:000092A0:  04 F3 1F E5
F00:2117       
F00:2118       ;-----------------------------------------------------------------------------------------------------------------------
F00:2119       ; mixage voie par voie
F00:2120       ; en entrée : R0 = numéro de la voie à mixer
F00:2121       ;EDZ
F00:2122       mixage_DMA_1_voie:
F00:2123       	str		R14,save_R14_Paula
               S01:000092A4:  08 E3 0F E5
F00:2124       
F00:2125       	ldr		R14,adresse_dma1_logical	
               S01:000092A8:  30 EE 1F E5
F00:2126       	add		R14,R14,R0						; position R14 = dma buffer dest + numero de canal
               S01:000092AC:  00 E0 8E E0
F00:2127       	adr		R4,table_increments_frequence
               S01:000092B0:  06 4C 8F E2 C8 40 84 E2
F00:2128       
F00:2129       	adr		R1,table_volume
               S01:000092B8:  05 1C 8F E2 6C 10 81 E2
F00:2130       
F00:2131       
F00:2132       ; registres exterieurs Paula : R0*0x14 => x20 = *x16+x4
F00:2133       	mov		R8,r0,lsl #2		; r8=numero de canal * 4
               S01:000092C0:  00 81 A0 E1
F00:2134       	mov		R9,R8,lsl #2		; R9 = R8 * 4 = R0 * 4 * 4 = R0*16
               S01:000092C4:  08 91 A0 E1
F00:2135       	add		R8,R8,R8,lsl #2		; R8 = R8*4+R8*16=R8*20
               S01:000092C8:  08 81 88 E0
F00:2136       
F00:2137       
F00:2138       	adr		R0,Paula_registers_external
               S01:000092CC:  01 0B 8F E2 C0 00 80 E2
F00:2139       	add		R8,R8,R0					; R8=pointeur absolu registres externes du canal 
               S01:000092D4:  00 80 88 E0
F00:2140       	add		R9,R9,R0					; R9 = 
               S01:000092D8:  00 90 89 E0
F00:2141       	add		R9,R9,#0x50					; +0x50 debut registre internes
               S01:000092DC:  50 90 89 E2
F00:2142       
F00:2143       ; on charge les valeurs pour le canal concerné
F00:2144       	ldr		R11,[R8,#0]					; location external register = offset repetition
               S01:000092E0:  00 B0 98 E5
F00:2145       	ldr		R5,[R8,#04]					; length external register = longeur repetition en word
               S01:000092E4:  04 50 98 E5
F00:2146       	add		R5,R11,R5, lsl #1			; offset debut repetition + longueur * 2 
               S01:000092E8:  85 50 8B E0
F00:2147       	mov		R11,R11,lsl #12				; << 12 pour remplacer offset en cours
               S01:000092EC:  0B B6 A0 E1
F00:2148       	mov		R5,R5,lsl #12				; << 12 pour remplacer offset de fin en cours
               S01:000092F0:  05 56 A0 E1
F00:2149       	
F00:2150       	ldr		R2,[R9,#0x00]				; current sample ptr channel 0 / Paula_registers_internal
               S01:000092F4:  00 20 99 E5
F00:2151       	ldr		R12,[R9,#0x04]				; current sample end offset
               S01:000092F8:  04 C0 99 E5
F00:2152       	mov		R12,R12,lsl #12				; pour pouvoir comparer à R2
               S01:000092FC:  0C C6 A0 E1
F00:2153       	ldr		R3,[R8,#8]					; note Amiga canal A
               S01:00009300:  08 30 98 E5
F00:2154       	mov		R3,R3,lsl #2				; *4
               S01:00009304:  03 31 A0 E1
F00:2155       	ldr		R3,[R4,R3]					; increment
               S01:00009308:  03 30 94 E7
F00:2156       	ldr		R4,[R8,#0x0C]				; volume canal 
               S01:0000930C:  0C 40 98 E5
F00:2157       	ldrb	R4,[R1,R4]					; volume corrigé en fonction du volume global
               S01:00009310:  04 40 D1 E7
F00:2158       	
F00:2159       	
F00:2160       	adr		R1,LSPBank
               S01:00009314:  86 1F 8F E2 89 1B 81 E2
F00:2161       	mov		R10,#nb_octets_par_vbl
               S01:0000931C:  1A AE A0 E3
F00:2162       ;on garde
F00:2163       ;-R0 = temp
F00:2164       ;-R1 = debut des samples
F00:2165       ;-R2 = offset actuel voie 1 					- à Sauvegarder
F00:2166       ;-R3 = increment suivant la frequence voie 1
F00:2167       ;-R4 = volume de la voie en cours
F00:2168       ;-R5  = offset fin sample de la repetition << 12
F00:2169       
F00:2170       ;-R8 = pointeur sur la structure de registres du canal
F00:2171       ;-R11 = offset repetition << 12
F00:2172       ;-R12 = offset fin sample << 12					- à Sauvegarder
F00:2173       ;-R14 = buffer dma destination
F00:2174       
F00:2175       ; il faut garder la virgule en cours dans R2
F00:2176       
F00:2177       boucle_Paula_remplissage_DMA_1_voie:
F00:2178       	ldrb		R0,[R1,R2,lsr #12]		; lis octet sample source
               S01:00009320:  22 06 D1 E7
F00:2179       	add			R2,R2,R3			; incremente offset sample << 12
               S01:00009324:  03 20 82 E0
F00:2180       	cmp			R2,R12				; fin du sample << 12 ?
               S01:00009328:  0C 00 52 E1
F00:2181       	blt			pas_de_bouclage_mixage_1voie												; pour test
               S01:0000932C:  02 00 00 BA
F00:2182       ;	swi		BKP
F00:2183       	sub			R2,R2,R12				; R2 = depassement << 12
               S01:00009330:  0C 20 42 E0
F00:2184       	add			R2,R2,R11				; R2 = depassement << 12 + offset debut repetition << 12
               S01:00009334:  0B 20 82 E0
F00:2185       	mov			R12,R5					; remplacer R12 par nouvelle fin de sample R5
               S01:00009338:  05 C0 A0 E1
F00:2186       pas_de_bouclage_mixage_1voie:
F00:2187       	subs		R0,R0,R4
               S01:0000933C:  04 00 50 E0
F00:2188       	movmi		R0,#0
               S01:00009340:  00 00 A0 43
F00:2189       	strb		R0,[R14],#4
               S01:00009344:  04 00 CE E4
F00:2190       	subs		R10,R10,#1
               S01:00009348:  01 A0 5A E2
F00:2191       	bgt			boucle_Paula_remplissage_DMA_1_voie
               S01:0000934C:  F3 FF FF CA
F00:2192       
F00:2193       ; stockage de l'offset actuel R2
F00:2194       ; il faut garder la pos des registres de la voie
F00:2195       
F00:2196       	str		R2,[R9,#0x00]				; sauvegarde pointeur offset current sample
               S01:00009350:  00 20 89 E5
F00:2197       	mov		R12,R12,lsr #12
               S01:00009354:  2C C6 A0 E1
F00:2198       	str		R12,[R9,#0x04]				; sauvegarde fin de sample actualisé
               S01:00009358:  04 C0 89 E5
F00:2199       
F00:2200       	ldr		R15,save_R14_Paula
               S01:0000935C:  C0 F3 1F E5
F00:2201       
F00:2202       
F00:2203       ;-------------------------------	
F00:2204       swap_pointeurs_dma_son:
F00:2205       
F00:2206       	ldr		R8,adresse_dma1_memc
               S01:00009360:  E4 8E 1F E5
F00:2207       	ldr		R9,adresse_dma2_memc
               S01:00009364:  E0 9E 1F E5
F00:2208       	str		R8,adresse_dma2_memc
               S01:00009368:  E4 8E 0F E5
F00:2209       	str		R9,adresse_dma1_memc
               S01:0000936C:  F0 9E 0F E5
F00:2210       	
F00:2211       	ldr		R8,adresse_dma1_logical
               S01:00009370:  F8 8E 1F E5
F00:2212       	ldr		R9,adresse_dma2_logical
               S01:00009374:  F4 9E 1F E5
F00:2213       	str		R8,adresse_dma2_logical
               S01:00009378:  F8 8E 0F E5
F00:2214       	str		R9,adresse_dma1_logical
               S01:0000937C:  04 9F 0F E5
F00:2215       
F00:2216       	;ldr		R8,adresse_dma2_memc_courant
F00:2217       	;ldr		R9,adresse_dma1_memc_courant
F00:2218       	;str		R8,adresse_dma1_memc_courant
F00:2219       	;str		R9,adresse_dma2_memc_courant
F00:2220       
F00:2221       	;ldr		R8,adresse_dma1_logical_courant
F00:2222       	;ldr		R9,adresse_dma2_logical_courant
F00:2223       	;str		R8,adresse_dma2_logical_courant
F00:2224       	;str		R9,adresse_dma1_logical_courant
F00:2225       
F00:2226       	;ldr		R8,adresse_dma1_logical_fin
F00:2227       	;ldr		R9,adresse_dma2_logical_fin
F00:2228       	;str		R8,adresse_dma2_logical_fin
F00:2229       	;str		R9,adresse_dma1_logical_fin
F00:2230       
F00:2231       
F00:2232       	mov		pc,lr
               S01:00009380:  0E F0 A0 E1
F00:2233       
F00:2234       ;-------------------------------	
F00:2235       set_dma_dma1:
F00:2236       	ldr		  R12,adresse_dma1_memc
               S01:00009384:  08 CF 1F E5
F00:2237       	mov       R10,#nb_octets_par_vbl_fois_4
               S01:00009388:  1A AD A0 E3
F00:2238       	ADD       R10,R10,R12         ;SendN
               S01:0000938C:  0C A0 8A E0
F00:2239       	SUB       R10,R10,#16         ; fixit ;-)
               S01:00009390:  10 A0 4A E2
F00:2240       
F00:2241       
F00:2242       	MOV       R12,R12,LSR#2       ;(Sstart/16) << 2
               S01:00009394:  2C C1 A0 E1
F00:2243       	MOV       R10,R10,LSR#2       ;(SendN/16) << 2
               S01:00009398:  2A A1 A0 E1
F00:2244       	MOV       R0,#0x3600000     ;memc base
               S01:0000939C:  36 06 A0 E3
F00:2245       	ADD       R1,R0,#0x0080000     ;Sstart
               S01:000093A0:  02 17 80 E2
F00:2246       	ADD       R2,R0,#0x00A0000     ;SendN
               S01:000093A4:  0A 28 80 E2
F00:2247       	ORR       R1,R1,R12           ;Sstart
               S01:000093A8:  0C 10 81 E1
F00:2248       	ORR       R2,R2,R10           ;SendN
               S01:000093AC:  0A 20 82 E1
F00:2249       	STR       R2,[R2]
               S01:000093B0:  00 20 82 E5
F00:2250       	STR       R1,[R1]
               S01:000093B4:  00 10 81 E5
F00:2251       	mov		pc,lr
               S01:000093B8:  0E F0 A0 E1
F00:2252       
F00:2253       ; met dans le dma
F00:2254       	ldr		R12,adresse_dma1_memc
               S01:000093BC:  40 CF 1F E5
F00:2255       	;add		R10,R12,#416-16
F00:2256       	;add		R10,R12,#nb_octets_par_vbl_fois_4-16
F00:2257       	add		R10,R12,#nb_octets_par_vbl_fois_4
               S01:000093C0:  1A AD 8C E2
F00:2258       
F00:2259       
F00:2260       	mov		r12,r12,lsr #4
               S01:000093C4:  2C C2 A0 E1
F00:2261       	mov		r12,r12,lsl #2
               S01:000093C8:  0C C1 A0 E1
F00:2262       	
F00:2263       	mov		r10,r10,lsr #4
               S01:000093CC:  2A A2 A0 E1
F00:2264       	mov		r10,r10,lsl #2
               S01:000093D0:  0A A1 A0 E1
F00:2265       
F00:2266       	MOV		R0,#0x36A0000     ; SendN
               S01:000093D4:  6A 08 A0 E3 03 04 80 E3
F00:2267       	add		R10,R10,R0
               S01:000093DC:  00 A0 8A E0
F00:2268       	str		R10,[R10]	
               S01:000093E0:  00 A0 8A E5
F00:2269       
F00:2270       
F00:2271       	MOV		R0,#0x3680000     ; Sstart
               S01:000093E4:  DA 07 A0 E3
F00:2272       	add		R12,R12,R0
               S01:000093E8:  00 C0 8C E0
F00:2273       	str		R12,[R12]
               S01:000093EC:  00 C0 8C E5
F00:2274       
F00:2275       	mov		pc,lr
               S01:000093F0:  0E F0 A0 E1
F00:2276       
F00:2277       remove_VBL:
F00:2278       	str		lr,save_lr
               S01:000093F4:  90 E1 8F E5
F00:2279       
F00:2280       ; we own FIQs
F00:2281       				  
F00:2282       	TEQP      PC,#0x0C000001					; %11<<26 OR %01            ;disable IRQs and FIQs, switch FIQ mode
               S01:000093F8:  43 F3 3F E3
F00:2283       	MOV       R0,R0
               S01:000093FC:  00 00 A0 E1
F00:2284       
F00:2285       	MOV       R0,#0
               S01:00009400:  00 00 A0 E3
F00:2286       	LDR       R1,oldIRQbranch
               S01:00009404:  1C 12 9F E5
F00:2287       	STR       R1,[R0,#0x18]        ;restore original IRQ controller
               S01:00009408:  18 10 80 E5
F00:2288       	
F00:2289       	MOV       R0,#0
               S01:0000940C:  00 00 A0 E3
F00:2290       	MOV       R1,#0x3200000
               S01:00009410:  32 16 A0 E3
F00:2291       	STRB      R0,[R1,#0x38+2]      ;set FIQ mask to 0 (disable FIQs)
               S01:00009414:  3A 00 C1 E5
F00:2292       
F00:2293       	LDR       R0,oldIRQa
               S01:00009418:  FC 01 9F E5
F00:2294       	STRB      R0,[R1,#0x18+2]
               S01:0000941C:  1A 00 C1 E5
F00:2295       	LDR       R0,oldIRQb
               S01:00009420:  F8 01 9F E5
F00:2296       	STRB      R0,[R1,#0x28+2]      ;restore IRQ masks
               S01:00009424:  2A 00 C1 E5
F00:2297       
F00:2298       	TEQP      PC,#0b11  			; (%00<<26) OR %11          ;enable IRQs and FIQs, stay SVC mode
               S01:00009428:  03 F0 3F E3
F00:2299       	MOV       R0,R0
               S01:0000942C:  00 00 A0 E1
F00:2300       
F00:2301       
F00:2302       	MOV       R0,#0x0B             ;release FIQ
               S01:00009430:  0B 00 A0 E3
F00:2303       	SWI       XOS_ServiceCall
               S01:00009434:  30 00 02 EF
F00:2304       
F00:2305       	ldr		lr,save_lr
               S01:00009438:  4C E1 9F E5
F00:2306       	mov		pc,lr					; return USER mode, leave IRQs and FIQs on
               S01:0000943C:  0E F0 A0 E1
F00:2307       
F00:2308       
F00:2309       
F00:2310       install_vsync:
F00:2311       	str		lr,save_lr
               S01:00009440:  44 E1 8F E5
F00:2312       	; appel XOS car si appel OS_SWI si erreur, ça sort directement
F00:2313       	MOV		R0,#0x0C           ;claim FIQ
               S01:00009444:  0C 00 A0 E3
F00:2314       	SWI		XOS_ServiceCall
               S01:00009448:  30 00 02 EF
F00:2315       	bvs		exit
               S01:0000944C:  F8 FB FF 6A
F00:2316       	
F00:2317       	TEQP	PC,#0xC000001					; bit 27 & 26 = 1, bit 0=1 : IRQ Disable+FIRQ Disable+FIRQ mode ( pour récupérer et sauvegarde
               S01:00009450:  43 F3 3F E3
F00:2318       	
F00:2319       	MOV		R0,R0
               S01:00009454:  00 00 A0 E1
F00:2320       
F00:2321       	ADR       R0,fiqoriginal				; sauvegarde de R8-R14
               S01:00009458:  1A 0E 8F E2
F00:2322       	STMIA     R0,{R8-R14}
               S01:0000945C:  00 7F 80 E8
F00:2323       	
F00:2324       	MOV       R1,#0x3200000
               S01:00009460:  32 16 A0 E3
F00:2325       	LDRB      R0,[R1,#0x18]					; lecture et sauvegarde mask IRQ A
               S01:00009464:  18 00 D1 E5
F00:2326       	STR       R0,oldIRQa
               S01:00009468:  AC 01 8F E5
F00:2327       	LDRB      R0,[R1,#0x28]					; lecture et sauvegarde mask IRQ B
               S01:0000946C:  28 00 D1 E5
F00:2328       	STR       R0,oldIRQb
               S01:00009470:  A8 01 8F E5
F00:2329       	
F00:2330       	
F00:2331       ; When installing, we will start on the next VSync, so set IRQ for VSync only
F00:2332       ; and set T1 to contain 'vsyncvalue', so everything in place for VSync int...
F00:2333       
F00:2334       	MOV       R0,#0b00001000
               S01:00009474:  08 00 A0 E3
F00:2335       	STRB      R0,[R1,#0x18+2]    ;set IRQA mask to %00001000 = VSync only : bit 3 sur mask IRQ A = vsync
               S01:00009478:  1A 00 C1 E5
F00:2336       	MOV       R0,#0
               S01:0000947C:  00 00 A0 E3
F00:2337       	STRB      R0,[R1,#0x28+2]    ;set IRQB mask to 0					:	IRQ B mask à 0 = disabled
               S01:00009480:  2A 00 C1 E5
F00:2338       	STRB      R0,[R1,#0x38+2]    ;set FIQ mask to 0 (disable FIQs)		:	FIRQ  mask à 0 = disabled
               S01:00009484:  3A 00 C1 E5
F00:2339       
F00:2340       ; Timer 1 / IRQ A
F00:2341       	MOV       R0,#0xFF           ;*v0.14* set max T1 - ensure T1 doesn't trigger before first VSync!
               S01:00009488:  FF 00 A0 E3
F00:2342       	STRB      R0,[R1,#0x50+2]    ;T1 low byte, +2 for write			: verrou / compteur = 0xFFFF
               S01:0000948C:  52 00 C1 E5
F00:2343       	STRB      R0,[R1,#0x54+2]    ;T1 high byte, +2 for write
               S01:00009490:  56 00 C1 E5
F00:2344       	STRB      R1,[R1,#0x58+2]    ;T1_go = reset T1					: remet le compteur a la valeur latch ( verrou)
               S01:00009494:  5A 10 C1 E5
F00:2345       
F00:2346       ; poke our IRQ/FIQ code into &1C-&FC : copie des routines IRQ/FIRQ dans la mémoire basse en 0x18
F00:2347       	MOV       R0,#0
               S01:00009498:  00 00 A0 E3
F00:2348       	LDR       R1,[R0,#0x18]      ;load current IRQ vector
               S01:0000949C:  18 10 90 E5
F00:2349       	STR       R1,oldIRQbranch
               S01:000094A0:  80 11 8F E5
F00:2350       
F00:2351       	BIC       R1,R1,#0xFF000000
               S01:000094A4:  FF 14 C1 E3
F00:2352       	MOV       R1,R1,LSL#2
               S01:000094A8:  01 11 A0 E1
F00:2353       	ADD       R1,R1,#0x18+8
               S01:000094AC:  20 10 81 E2
F00:2354       	STR       R1,oldIRQaddress
               S01:000094B0:  74 11 8F E5
F00:2355       
F00:2356       ;copy IRQ/FIQ code to &18 onwards
F00:2357       	ldr			R0,pointeur_fiqbase
               S01:000094B4:  B8 01 9F E5
F00:2358       	MOV       R1,#0x18	
               S01:000094B8:  18 10 A0 E3
F00:2359       	LDMIA     R0!,{R2-R12}
               S01:000094BC:  FC 1F B0 E8
F00:2360       	STMIA     R1!,{R2-R12}      ;11 pokey codey
               S01:000094C0:  FC 1F A1 E8
F00:2361       	LDMIA     R0!,{R2-R12}
               S01:000094C4:  FC 1F B0 E8
F00:2362       	STMIA     R1!,{R2-R12}      ;22 pokey codey
               S01:000094C8:  FC 1F A1 E8
F00:2363       	LDMIA     R0!,{R2-R12}
               S01:000094CC:  FC 1F B0 E8
F00:2364       	STMIA     R1!,{R2-R12}      ;33 pokey codey
               S01:000094D0:  FC 1F A1 E8
F00:2365       	LDMIA     R0!,{R2-R12}
               S01:000094D4:  FC 1F B0 E8
F00:2366       	STMIA     R1!,{R2-R12}      ;44 pokey codey
               S01:000094D8:  FC 1F A1 E8
F00:2367       	LDMIA     R0!,{R2-R12}
               S01:000094DC:  FC 1F B0 E8
F00:2368       	STMIA     R1!,{R2-R12}      ;55 pokey codey
               S01:000094E0:  FC 1F A1 E8
F00:2369       	LDMIA     R0!,{R2-R4}
               S01:000094E4:  1C 00 B0 E8
F00:2370       	STMIA     R1!,{R2-R4}       ;58 pokey codey (58 max)
               S01:000094E8:  1C 00 A1 E8
F00:2371       
F00:2372       ; init des registres permanents
F00:2373       	MOV			R14,#0x3200000         	; 6 2C set R14 to IOC address
               S01:000094EC:  32 E6 A0 E3
F00:2374       	mov			R12,#0x3400000
               S01:000094F0:  0D C5 A0 E3
F00:2375       
F00:2376       
F00:2377       .equ 	FIQ_notHSync_valeur, 0xC0
F00:2378       ; on écrit l'adresse de la routine Vsync dans le code IRQ/FIRQ en bas de mémoire  pour revenir si vsync ou keyboard
F00:2379       	adr		R0,VBL					;FNlong_adr("",0,notHSync)   ;set up VSync code after copying
               S01:000094F4:  A8 00 8F E2
F00:2380       	MOV     R1,#FIQ_notHSync_valeur 	;ref. works if assembling on RO3, note 'FIQ_notHSync' is 0-relative!
               S01:000094F8:  C0 10 A0 E3
F00:2381       	STR       R0,[R1]
               S01:000094FC:  00 00 81 E5
F00:2382       
F00:2383       ; sauvegarde de la première instruction pour vérifier la présence du code , pour ne pas lancer plusieurs fois RM, inu
F00:2384       ;	MOV       R0,#0
F00:2385       ;	LDR       R1,[R0,#0x18]      ;first IRQ instruction from our code
F00:2386       ;	STR       R1,newIRQfirstinst
F00:2387       
F00:2388       ; sortie
F00:2389       ;									mode SVC Supervisor
F00:2390       	TEQP      PC,#0b11				; %00<<26 OR %11;enable IRQs and FIQs, change to user mode
               S01:00009500:  03 F0 3F E3
F00:2391       	MOV       R0,R0
               S01:00009504:  00 00 A0 E1
F00:2392       	
F00:2393       	ldr		lr,save_lr
               S01:00009508:  7C E0 9F E5
F00:2394       	mov		pc,lr					;exit in USER mode and with IRQs and FIQs on
               S01:0000950C:  0E F0 A0 E1
F00:2395       
F00:2396       ;----------------------------------------------------------------------------------------------------------------------
F00:2397       wait_VBL:
F00:2398       	LDRB      R11,vsyncbyte   ;load our byte from FIQ address, if enabled
               S01:00009510:  18 B1 DF E5
F00:2399       waitloop_vbl:
F00:2400       	LDRB      R12,vsyncbyte
               S01:00009514:  14 C1 DF E5
F00:2401       	TEQ       R12,R11
               S01:00009518:  0B 00 3C E1
F00:2402       	BEQ       waitloop_vbl
               S01:0000951C:  FC FF FF 0A
F00:2403       	MOVS      PC,R14
               S01:00009520:  0E F0 B0 E1
F00:2404       
F00:2405       ;----------------------------------------------------------------------------------------------------------------------
F00:2406       
F00:2407       ;----------------------------------------------------------------------------------------------------------------------
F00:2408       scankeyboard:
F00:2409       ; https://www.riscosopen.org/wiki/documentation/show/Low-Level%20Internal%20Key%20Numbers
F00:2410       ; retour : R0 = touche sur 2 octets
F00:2411       	;mov		R12,#0
F00:2412       	;mov		R0,#0
F00:2413       
F00:2414       	LDRB      R12,keybyte2
               S01:00009524:  66 C0 DF E5
F00:2415       	ands			R12,R12,#0b1111
               S01:00009528:  0F C0 1C E2
F00:2416       	beq		  sortie_keycheck
               S01:0000952C:  02 00 00 0A
F00:2417       	LDRB      R0,keybyte1
               S01:00009530:  59 00 DF E5
F00:2418       	ands			R0,R0,#0b1111
               S01:00009534:  0F 00 10 E2
F00:2419       	ORR       R0,R12,R0,LSL#4
               S01:00009538:  00 02 8C E1
F00:2420       
F00:2421       sortie_keycheck:
F00:2422       	mov		pc,lr				; retour 
               S01:0000953C:  0E F0 A0 E1
F00:2423       
F00:2424       ;----------------------------------------------------------------------------------------------------------------------
F00:2425       clearkeybuffer:		   ;10 - temp SWI, probably not needed in future once full handler done
F00:2426       	MOV       R12,#0
               S01:00009540:  00 C0 A0 E3
F00:2427       	STRB      R12,keybyte1
               S01:00009544:  45 C0 CF E5
F00:2428       	STRB      R12,keybyte2
               S01:00009548:  42 C0 CF E5
F00:2429       	MOV       PC,R14      ;flags not preserved
               S01:0000954C:  0E F0 A0 E1
F00:2430       
F00:2431       
F00:2432       ;----------------------------------------------------------------------------------------------------------------------
F00:2433       ; routine de verif du clavier executée pendant l'interruption.  lors de la lecture de 0x04, le bit d'interruption est r
F00:2434       check_keyboard:
F00:2435       	;CMP       R13,#256            ;retrace? - this is a backup to disable STx SRx irqs, n/r
F00:2436       	;MOVNE     R8,#%00000000       ;           n/r once everything is working
F00:2437       	;STRNEB    R8,[R14,#&28+2]     ;set IRQB mask to %11000000 = STx or SRx
F00:2438       	;BNE       exitVScode          ;back to IRQ mode and exit
F00:2439       
F00:2440       ; dans la vbl, registres sauvés en debut de VBL
F00:2441       	;ADR       R8,kbd_stack
F00:2442       	;STMIA     R8,{R4-R7}          ;some regs to play with
F00:2443       
F00:2444       ; R14 = IOC 
F00:2445       	MOV       R9,#0x3200000       ; R14 to IOC address
               S01:00009550:  32 96 A0 E3
F00:2446       	LDRB      R8,[R9,#0x24+0]     ;load irq_B triggers								:IRQ B Status, bit 7 = buffer clavier vide
               S01:00009554:  24 80 D9 E5
F00:2447       	TST       R8,#0b10000000       ;bit 7 = SRx, cleared by a read from 04
               S01:00009558:  80 00 18 E3
F00:2448       
F00:2449       	; LDMEQIA     R8,{R4-R7}          ;restore regs
F00:2450       	BEQ         exitVScode          ;back to IRQ mode and exit
               S01:0000955C:  1F 00 00 0A
F00:2451       ;BNE       kbd_received
F00:2452       ;:
F00:2453       ;.kbd_trans
F00:2454       ;TST       R4,#%01000000       ;bit 6 = STx, cleared by a write to 04
F00:2455       ;LDRNEB    R5,nextkeybyte
F00:2456       ;STRNEB    R5,[R14,#&04+2]     ;clear STx
F00:2457       ;MOVNE     R5,#%10000000       ;set mask to wait for ok-to-read
F00:2458       ;STRNEB    R5,[R14,#&28+2]     ;set IRQB mask to %10000000 = SRx
F00:2459       ;:
F00:2460       ;LDMIA     R8,{R4-R7}          ;restore regs
F00:2461       ;B         exitVScode          ;back to IRQ mode and exit
F00:2462       ;
F00:2463       ;
F00:2464       kbd_received:
F00:2465       
F00:2466       ; process key byte, and put ack value in nextkeybyte
F00:2467       
F00:2468       	LDRB      R8,keycounter
               S01:00009560:  28 80 DF E5
F00:2469       	RSBS      R8,R8,#1            ;if =1 (NE), then this is the first byte, else (EQ)=second byte
               S01:00009564:  01 80 78 E2
F00:2470       	STRB      R8,keycounter
               S01:00009568:  20 80 CF E5
F00:2471       
F00:2472       	LDRB      R10,[R9,#0x04+0]     ;load byte, clear SRx							: lors de la lecture de 0x04, le bit d'interruption est remi
               S01:0000956C:  04 A0 D9 E5
F00:2473       	STRNEB    R10,keybyte1															; si pas R10 vide on stock l'octet clavier 1
               S01:00009570:  19 A0 CF 15
F00:2474       	STRNEB    R9,keybyte2			;clear byte 2!!! (was key-bug until v0.20)
               S01:00009574:  16 90 CF 15
F00:2475       	
F00:2476       	MOVNE     R8,#0b00111111       ;if first byte, reply with bACK					: pdf TRM A4 : BACK 0011 1111 ACK for first keyboard
               S01:00009578:  3F 80 A0 13
F00:2477       	STREQB    R10,keybyte2
               S01:0000957C:  0E A0 CF 05
F00:2478       	
F00:2479       	MOVEQ     R8,#0b00110001       ;if second byte, reply with sACK					: pdf TRM A4 : SACK 0011 0001 Last data byte ACK.
               S01:00009580:  31 80 A0 03
F00:2480       	STRB      R8,[R9,#0x04+2] 		;transmit response = sACK
               S01:00009584:  06 80 C9 E5
F00:2481       	;STRB      R6,nextkeybyte
F00:2482       
F00:2483       	;MOV       R5,#%01000000       ;set mask to wait for ok-to-transmit
F00:2484       	;STRB      R5,[R14,#&28+2]     ;set IRQB mask to %01000000 = STx
F00:2485       	
F00:2486       	;LDMIA     R8,{R4-R7}          ;restore regs
F00:2487       	B         exitVScode          ;back to IRQ mode and exit
               S01:00009588:  14 00 00 EA
F00:2488       	;B         kbd_trans
F00:2489       
F00:2490       
F00:2491       ; bACK=%00111111
F00:2492       ; sACK=%00110001
F00:2493       save_lr:		.long		0
               S01:0000958C:  00 00 00 00
F00:2494       
F00:2495       
F00:2496       keycounter:  .byte 0 ;1 or 0
               S01:00009590:  00
F00:2497       keybyte1:    .byte 0
               S01:00009591:  00
F00:2498       keybyte2:    .byte 0
               S01:00009592:  00
F00:2499       nextkeybyte: .byte 0
               S01:00009593:  00
F00:2500       
F00:2501       kbd_stack:
F00:2502       .long      0 ;R4
               S01:00009594:  00 00 00 00
F00:2503       .long      0 ;R5
               S01:00009598:  00 00 00 00
F00:2504       .long      0 ;R6
               S01:0000959C:  00 00 00 00
F00:2505       .long      0 ;R7
               S01:000095A0:  00 00 00 00
F00:2506       
F00:2507       
F00:2508       ;currently have rem'd the disable STx SRx irqs in hsync code and checkkeyboard code
F00:2509       
F00:2510       ;next try only enabling receive, assume transmit is ok...
F00:2511       
F00:2512       ;something wrong - &FFFF (HRST) seems to be only byte received
F00:2513       ;v0.14 worked when trying only enabling receive, assume transmit is ok...
F00:2514       
F00:2515       ; on arrive avec:
F00:2516       ; sauvegarde de R14 dans saveR14_firq en 0xE0
F00:2517       ; sauvegarde de R4-R7 dans FIQ_tempstack en 0xD0
F00:2518       ;  R14 = pointeur sur saveR14_firq
F00:2519       ;  R8 = load irq_A triggers ( anciennement R8) R4 
F00:2520       ;  R5 = 0x3200000 ( anciennement R14)  - IOC -
F00:2521       ;  R6 = ...
F00:2522       ;  R7 = ...
F00:2523       
F00:2524       ;----------------------------------------------------------------------------------------------------------------------
F00:2525       VBL:
F00:2526       	TST       R8,#0b00001000       ;retest R5 is it bit 3 = Vsync? (bit 6 = T1 trigger/HSync)				: R8 = 0x14 = IRQ Request 
               S01:000095A4:  08 00 18 E3
F00:2527       	STRNEB    R14,[R14,#0x58+2]    ;if VSync, reset T1 (latch should already have the vsyncvalue...)		: si vsync, alors on 
               S01:000095A8:  5A E0 CE 15
F00:2528       ;
F00:2529       ; that's the high-priority stuff done, now we can check keyboard too...
F00:2530       ;
F00:2531       	BEQ       check_keyboard       ;check IRQ_B for SRx/STx interrupts									: R8=0 / si 0, c'est qu'on a ni bit3=vsync, 
               S01:000095AC:  E7 FF FF 0A
F00:2532       
F00:2533       	STRB      R8,[R14,#0x14+2]     ; ...and clear all IRQ_A interrupt triggers								: 1 = clear, donc ré-écrire la vale
               S01:000095B0:  16 80 CE E5
F00:2534       
F00:2535       ; remaskage IRQ A : Timer 1 + Vsync
F00:2536       	MOV       R8,#0b00001000		; EDZ : Vsync only
               S01:000095B4:  08 80 A0 E3
F00:2537       
F00:2538       	STRB      R8,[R14,#0x18+2]     ;set IRQA mask to %01000000 = T1 only									: mask IRQ A : bit 6 = Timer 1, plus de Vs
               S01:000095B8:  1A 80 CE E5
F00:2539       
F00:2540       ; remaskage IRQ B : clavier/keyboard
F00:2541       	MOV       R8,#0b10000000       ;R8,#%11000000
               S01:000095BC:  80 80 A0 E3
F00:2542       	STRB      R8,[R14,#0x28+2]     ;set IRQB mask to %11000000 = STx or SRx									: mask IRQ B pour clavier
               S01:000095C0:  2A 80 CE E5
F00:2543       
F00:2544       
F00:2545       ; vsyncbyte = 3 - vsyncbyte
F00:2546       ; sert de flag de vsync, si modifié => vsync
F00:2547       	LDRB      R8,vsyncbyte
               S01:000095C4:  64 80 DF E5
F00:2548       	RSB       R8,R8,#3
               S01:000095C8:  03 80 68 E2
F00:2549       	STRB      R8,vsyncbyte
               S01:000095CC:  5C 80 CF E5
F00:2550       
F00:2551       	adr		R8,pile_regs
               S01:000095D0:  5C 80 8F E2
F00:2552       	stmia	R8,{R0-R7}
               S01:000095D4:  FF 00 88 E8
F00:2553       
F00:2554       
F00:2555       	.ifeq	1
F00:2556       	ldr		R9,adresse_dma2_memc
F00:2557       	add		R8,R9,#nb_octets_par_vbl-2
F00:2558       
F00:2559       
F00:2560       	mov		r9,r9,lsr #4
F00:2561       	mov		r9,r9,lsl #2
F00:2562       	
F00:2563       	mov		r8,r8,lsr #4
F00:2564       	mov		r8,r8,lsl #2
F00:2565       
F00:2566       	MOV		R10,#0x36A0000     ; SendN
F00:2567       	add		R8,R8,R10
F00:2568       
F00:2569       
F00:2570       	MOV		R10,#0x3680000     ; Sstart
F00:2571       	add		R9,R9,R10
F00:2572       
F00:2573       	str		R8,[R8]	
F00:2574       	str		R9,[R9]
F00:2575       
F00:2576       
F00:2577       	ldr		R8,adresse_dma2_memc
F00:2578       	ldr		R9,adresse_dma1_memc
F00:2579       	str		R8,adresse_dma1_memc
F00:2580       	str		R9,adresse_dma2_memc
F00:2581       
F00:2582       	ldr		R8,adresse_dma1_logical
F00:2583       	ldr		R9,adresse_dma2_logical
F00:2584       	str		R8,adresse_dma2_logical
F00:2585       	str		R9,adresse_dma1_logical
F00:2586       
F00:2587       
F00:2588       
F00:2589       
F00:2590       
F00:2591       	mov   r9,#0x3400000               
F00:2592       	mov   r8,#777
F00:2593       ; border	
F00:2594       	orr   r8,r8,#0x40000000            
F00:2595       	str   r8,[r9]  
F00:2596       
F00:2597       
F00:2598       
F00:2599       ; --------------------
F00:2600       	ldr		R2,adresse_dma1_logical
F00:2601       	ldr		R5,fin_sample
F00:2602       	ldr		R1,pointeur_lecture_sample
F00:2603       	mov		R0,#nb_octets_par_vbl
F00:2604       	mov		R4,#0b11111110
F00:2605       	adr		R6,lin2logtab
F00:2606       	mov		R7,#127
F00:2607       	mov		R3,#0
F00:2608       bouclecopie2:
F00:2609       
F00:2610       
F00:2611       	ldrb		R3,[r1],#4
F00:2612       	ldrb		R3,[R6,R3]
F00:2613       	;and			R3,R3,R4
F00:2614       	;subs		R3,R3,#1
F00:2615       	;movmi		R3,#0
F00:2616       
F00:2617       	strb		R3,[R2],#1
F00:2618       	
F00:2619       	cmp		R1,R5
F00:2620       	;blt		.pas_fin_de_sample2
F00:2621       	ldrlt		R1,debut_sample
F00:2622       
F00:2623       .pas_fin_de_sample2:
F00:2624       	subs	R0,R0,#1
F00:2625       	bgt		bouclecopie2
F00:2626       	str		R1,pointeur_lecture_sample
F00:2627       
F00:2628       	.endif
F00:2629       
F00:2630       	adr		R8,pile_regs
               S01:000095D8:  54 80 8F E2
F00:2631       	ldmia	R8,{R0-R7}
               S01:000095DC:  FF 00 98 E8
F00:2632       
F00:2633       exitVScode:
F00:2634       	mov   r9,#0x3400000                
               S01:000095E0:  0D 95 A0 E3
F00:2635       	mov   r8,#000
               S01:000095E4:  00 80 A0 E3
F00:2636       ; border	
F00:2637       	orr   r8,r8,#0x40000000            
               S01:000095E8:  01 81 88 E3
F00:2638       	str   r8,[r9]  
               S01:000095EC:  00 80 89 E5
F00:2639       
F00:2640       
F00:2641       
F00:2642       ;	mode IRQ mode, 
F00:2643       	TEQP      PC,#0x0C000002			; %000011<<26 OR %10 ;36 A4 back to IRQ mode				: xor sur bits 27&26 = autorise IRQ et FIRQ.
               S01:000095F0:  83 F3 3F E3
F00:2644       	MOV       R0,R0                  ;37 A8 sync IRQ registers
               S01:000095F4:  00 00 A0 E1
F00:2645       	SUBS      PC,R14,#4              ;38 AC return to foreground
               S01:000095F8:  04 F0 5E E2
F00:2646       ;----------------------------------------------------------------------------------------------------------------------
F00:2647       
F00:2648       
F00:2649       ; ---------------------
F00:2650       ; variables RM
F00:2651       os_version:		.long      0         ;1 byte &A0 for Arthur 0.3/1.2, &A1 for RO2, &A3 for RO3.0, &A4 for RO3.1
               S01:000095FC:  00 00 00 00
F00:2652       fiqoriginal:	
F00:2653       .long      0         ;R8
               S01:00009600:  00 00 00 00
F00:2654       .long      0         ;R9
               S01:00009604:  00 00 00 00
F00:2655       .long      0         ;R10
               S01:00009608:  00 00 00 00
F00:2656       .long      0         ;R11
               S01:0000960C:  00 00 00 00
F00:2657       .long      0         ;R12
               S01:00009610:  00 00 00 00
F00:2658       .long      0         ;R13
               S01:00009614:  00 00 00 00
F00:2659       .long      0         ;R14
               S01:00009618:  00 00 00 00
F00:2660       
F00:2661       oldIRQa:	.long	0				; ancien vecteur IRQ A du système
               S01:0000961C:  00 00 00 00
F00:2662       oldIRQb:	.long	0				; ancien vecteur IRQ B du système
               S01:00009620:  00 00 00 00
F00:2663       newIRQfirstinst:	.long	0	
               S01:00009624:  00 00 00 00
F00:2664       oldIRQbranch:		.long 	0
               S01:00009628:  00 00 00 00
F00:2665       oldIRQaddress:		.long	0
               S01:0000962C:  00 00 00 00
F00:2666       
F00:2667       vsyncbyte:		.long 	0
               S01:00009630:  00 00 00 00
F00:2668       
F00:2669       pile_regs:
F00:2670       		.rept		16
F00:2672       
F05:0001       		.long		0
               S01:00009634:  00 00 00 00
F05:0002       		
F05:0001       		.long		0
               S01:00009638:  00 00 00 00
F05:0002       		
F05:0001       		.long		0
               S01:0000963C:  00 00 00 00
F05:0002       		
F05:0001       		.long		0
               S01:00009640:  00 00 00 00
F05:0002       		
F05:0001       		.long		0
               S01:00009644:  00 00 00 00
F05:0002       		
F05:0001       		.long		0
               S01:00009648:  00 00 00 00
F05:0002       		
F05:0001       		.long		0
               S01:0000964C:  00 00 00 00
F05:0002       		
F05:0001       		.long		0
               S01:00009650:  00 00 00 00
F05:0002       		
F05:0001       		.long		0
               S01:00009654:  00 00 00 00
F05:0002       		
F05:0001       		.long		0
               S01:00009658:  00 00 00 00
F05:0002       		
F05:0001       		.long		0
               S01:0000965C:  00 00 00 00
F05:0002       		
F05:0001       		.long		0
               S01:00009660:  00 00 00 00
F05:0002       		
F05:0001       		.long		0
               S01:00009664:  00 00 00 00
F05:0002       		
F05:0001       		.long		0
               S01:00009668:  00 00 00 00
F05:0002       		
F05:0001       		.long		0
               S01:0000966C:  00 00 00 00
F05:0002       		
F05:0001       		.long		0
               S01:00009670:  00 00 00 00
F05:0002       		
F00:2673       
F00:2674       
F00:2675       pointeur_fiqbase:		.long	fiqbase
               S01:00009674:  78 96 00 00
F00:2676       fiqbase:              ;copy to &18 onwards, 57 instructions max
F00:2677                             ;this pointer must be relative to module
F00:2678       
F00:2679       		.incbin		"build\fiqrmi2.bin"
               S01:00009678:  43 F3 3F E3 00 00 A0 E1 14 80 DE E5 40 00 18 E3
               S01:00009688:  90 F0 9F 05 16 80 CE E5 83 F3 3F E3 00 00 A0 E1
F00:2680       
F00:2681       
F00:2682       fiqend:
F00:2683       
F00:2684       
F00:2685       
F00:2686       
F00:2687       pagefindblk:
F00:2688       		.long      0 ;0
               S01:00009760:  00 00 00 00
F00:2689       		.long      0 ;4
               S01:00009764:  00 00 00 00
F00:2690       		.long      0 ;8
               S01:00009768:  00 00 00 00
F00:2691       		.long      0 ;12
               S01:0000976C:  00 00 00 00
F00:2692       
F00:2693       page_block:
F00:2694       	.long		0		; Physical page number 
               S01:00009770:  00 00 00 00
F00:2695       	.long		0		; Logical address 
               S01:00009774:  00 00 00 00
F00:2696       	.long		0		; Physical address 
               S01:00009778:  00 00 00 00
F00:2697       
F00:2698       backup_params_sons:	
F00:2699       	.long		0
               S01:0000977C:  00 00 00 00
F00:2700       	.long		0
               S01:00009780:  00 00 00 00
F00:2701       	.long		0
               S01:00009784:  00 00 00 00
F00:2702       	.long		0
               S01:00009788:  00 00 00 00
F00:2703       	.long		0
               S01:0000978C:  00 00 00 00
F00:2704       	.long		0
               S01:00009790:  00 00 00 00
F00:2705       
F00:2706       
F00:2707       
F00:2708       Paula_registers_external:
F00:2709       ; $dff0a0
F00:2710       ; canal A
F00:2711       AUD0LCH_L:	.long		0		; 00: Audio channel 0 location				00
               S01:00009794:  00 00 00 00
F00:2712       AUD0LEN:	.long		0		; 04: Audio channel 0 length				04
               S01:00009798:  00 00 00 00
F00:2713       AUD0PER:	.long		0		; 06: Audio channel 0 period				08
               S01:0000979C:  00 00 00 00
F00:2714       AUD0VOL:	.long		0		; 08: Audio channel 0 volume				0C
               S01:000097A0:  00 00 00 00
F00:2715       AUD0DAT:	.long		0		; 0A: Audio channel 0 data					10
               S01:000097A4:  00 00 00 00
F00:2716       ; canal B
F00:2717       AUD1LCH_L:	.long		0		; 10: Audio channel 1 location				14
               S01:000097A8:  00 00 00 00
F00:2718       AUD1LEN:	.long		0		; 14: Audio channel 1 length				18
               S01:000097AC:  00 00 00 00
F00:2719       AUD1PER:	.long		0		; 16: Audio channel 1 period				1C
               S01:000097B0:  00 00 00 00
F00:2720       AUD1VOL:	.long		0		; 18: Audio channel 1 volume				20
               S01:000097B4:  00 00 00 00
F00:2721       AUD1DAT:	.long		0		; 1A: Audio channel 1 data					24
               S01:000097B8:  00 00 00 00
F00:2722       ; canal C
F00:2723       AUD2LCH_L:	.long		0		; 10: Audio channel 2 location				28
               S01:000097BC:  00 00 00 00
F00:2724       AUD2LEN:	.long		0		; 14: Audio channel 2 length				2C
               S01:000097C0:  00 00 00 00
F00:2725       AUD2PER:	.long		0		; 16: Audio channel 2 period				30
               S01:000097C4:  00 00 00 00
F00:2726       AUD2VOL:	.long		0		; 18: Audio channel 2 volume				34
               S01:000097C8:  00 00 00 00
F00:2727       AUD2DAT:	.long		0		; 1A: Audio channel 2 data					38
               S01:000097CC:  00 00 00 00
F00:2728       ; canal D
F00:2729       AUD3LCH_L:	.long		0		; 10: Audio channel 3 location				3C
               S01:000097D0:  00 00 00 00
F00:2730       AUD3LEN:	.long		0		; 14: Audio channel 3 length				40
               S01:000097D4:  00 00 00 00
F00:2731       AUD3PER:	.long		0		; 16: Audio channel 3 period				44
               S01:000097D8:  00 00 00 00
F00:2732       AUD3VOL:	.long		0		; 18: Audio channel 3 volume				48
               S01:000097DC:  00 00 00 00
F00:2733       AUD3DAT:	.long		0		; 1A: Audio channel 3 data					4C
               S01:000097E0:  00 00 00 00
F00:2734       Paula_registers_internal:
F00:2735       ; canal A internal
F00:2736       AUD0POSCUR:	.long		0		; current sample offset channel 0 << 12		50
               S01:000097E4:  00 00 00 00
F00:2737       AUD0END:	.long		0		; end sample offset channel 0				54
               S01:000097E8:  00 00 00 00
F00:2738       AUD0FIXEDP:	.long		0		; current fixed point channel 0				58
               S01:000097EC:  00 00 00 00
F00:2739       AUD0INC:	.long		0		; increment <<12 channel 0					5C
               S01:000097F0:  00 00 00 00
F00:2740       ; canal B internal
F00:2741       AUD1POSCUR:	.long		0		; current sample offset channel 1 << 12		60
               S01:000097F4:  00 00 00 00
F00:2742       AUD1END:	.long		0		; end sample offset channel 1				64
               S01:000097F8:  00 00 00 00
F00:2743       AUD1FIXEDP:	.long		0		; current fixed point channel 1				68
               S01:000097FC:  00 00 00 00
F00:2744       AUD1INC:	.long		0		; increment <<12 channel 1					6C
               S01:00009800:  00 00 00 00
F00:2745       ; canal C internal
F00:2746       AUD2POSCUR:	.long		0		; current sample offset channel 2 << 12		70
               S01:00009804:  00 00 00 00
F00:2747       AUD2END:	.long		0		; end sample offset channel 2				74
               S01:00009808:  00 00 00 00
F00:2748       AUD2FIXEDP:	.long		0		; current fixed point channel 2				78
               S01:0000980C:  00 00 00 00
F00:2749       AUD2INC:	.long		0		; increment <<12 channel 2					7C
               S01:00009810:  00 00 00 00
F00:2750       ; canal D internal
F00:2751       AUD3POSCUR:	.long		0		; current sample offset channel 3 << 12		80
               S01:00009814:  00 00 00 00
F00:2752       AUD3END:	.long		0		; end sample offset channel 3				84
               S01:00009818:  00 00 00 00
F00:2753       AUD3FIXEDP:	.long		0		; current fixed point channel 3				88
               S01:0000981C:  00 00 00 00
F00:2754       AUD3INC:	.long		0		; increment <<12 channel 3					8C
               S01:00009820:  00 00 00 00
F00:2755       
F00:2756       DMACon:		.long		0		; DMA Control bits 03-00					90
               S01:00009824:  00 00 00 00
F00:2757       
F00:2758       DMAcon_Temp:	.long	0		; valeur DMACon temporaire avant traitement
               S01:00009828:  00 00 00 00
F00:2759       
F00:2760       table_volume:
F00:2761       	.byte		0xFE,0xB6,0x9A,0x8A,   0x7C,0x74,0x6C,0x64
               S01:0000982C:  FE
               S01:0000982D:  B6
               S01:0000982E:  9A
               S01:0000982F:  8A
               S01:00009830:  7C
               S01:00009831:  74
               S01:00009832:  6C
               S01:00009833:  64
F00:2762       	.byte		0x5C,0x58,0x54,0x50,   0x4C,0x48,0x44,0x40
               S01:00009834:  5C
               S01:00009835:  58
               S01:00009836:  54
               S01:00009837:  50
               S01:00009838:  4C
               S01:00009839:  48
               S01:0000983A:  44
               S01:0000983B:  40
F00:2763       	.byte		0x3C,0x3A,0x38,0x36,   0x34,0x32,0x30,0x2E
               S01:0000983C:  3C
               S01:0000983D:  3A
               S01:0000983E:  38
               S01:0000983F:  36
               S01:00009840:  34
               S01:00009841:  32
               S01:00009842:  30
               S01:00009843:  2E
F00:2764       	.byte		0x2C,0x2A,0x28,0x26,   0x24,0x22,0x20,0x1E
               S01:00009844:  2C
               S01:00009845:  2A
               S01:00009846:  28
               S01:00009847:  26
               S01:00009848:  24
               S01:00009849:  22
               S01:0000984A:  20
               S01:0000984B:  1E
F00:2765       	.byte		0x1C,0x1C,0x1A,0x1A,   0x18,0x18,0x16,0x16
               S01:0000984C:  1C
               S01:0000984D:  1C
               S01:0000984E:  1A
               S01:0000984F:  1A
               S01:00009850:  18
               S01:00009851:  18
               S01:00009852:  16
               S01:00009853:  16
F00:2766       	.byte		0x14,0x14,0x12,0x12,   0x10,0x10,0x0E,0x0E
               S01:00009854:  14
               S01:00009855:  14
               S01:00009856:  12
               S01:00009857:  12
               S01:00009858:  10
               S01:00009859:  10
               S01:0000985A:  0E
               S01:0000985B:  0E
F00:2767       	.byte		0x0C,0x0C,0x0A,0x0A,   0x08,0x08,0x06,0x06
               S01:0000985C:  0C
               S01:0000985D:  0C
               S01:0000985E:  0A
               S01:0000985F:  0A
               S01:00009860:  08
               S01:00009861:  08
               S01:00009862:  06
               S01:00009863:  06
F00:2768       	.byte		0x04,0x04,0x02,0x02,   0x00,0x00,0x00,0x00
               S01:00009864:  04
               S01:00009865:  04
               S01:00009866:  02
               S01:00009867:  02
               S01:00009868:  00
               S01:00009869:  00
               S01:0000986A:  00
               S01:0000986B:  00
F00:2769       	.byte		0x00,0x00,0x00,0x00,   0x00,0x00,0x00,0x00
               S01:0000986C:  00
               S01:0000986D:  00
               S01:0000986E:  00
               S01:0000986F:  00
               S01:00009870:  00
               S01:00009871:  00
               S01:00009872:  00
               S01:00009873:  00
F00:2770       	.p2align	4
F00:2771       
F00:2772       
F00:2773       lin2logtab:		.skip		256
F00:2774       
F00:2775       
F00:2776       table_increments_frequence:
F00:2777       	.if frequence_replay = 20833
F00:2778       	.include	"table_frequences_20833.s"
F06:0001             .long      697348, 697348, 348674, 232449, 174337, 139470, 116225, 99621
               S01:00009980:  04 A4 0A 00
               S01:00009984:  04 A4 0A 00
               S01:00009988:  02 52 05 00
               S01:0000998C:  01 8C 03 00
               S01:00009990:  01 A9 02 00
               S01:00009994:  CE 20 02 00
               S01:00009998:  01 C6 01 00
               S01:0000999C:  25 85 01 00
F06:0002             .long      87168, 77483, 69735, 63395, 58112, 53642, 49811, 46490
               S01:000099A0:  80 54 01 00
               S01:000099A4:  AB 2E 01 00
               S01:000099A8:  67 10 01 00
               S01:000099AC:  A3 F7 00 00
               S01:000099B0:  00 E3 00 00
               S01:000099B4:  8A D1 00 00
               S01:000099B8:  93 C2 00 00
               S01:000099BC:  9A B5 00 00
F06:0003             .long      43584, 41020, 38742, 36703, 34867, 33207, 31698, 30319
               S01:000099C0:  40 AA 00 00
               S01:000099C4:  3C A0 00 00
               S01:000099C8:  56 97 00 00
               S01:000099CC:  5F 8F 00 00
               S01:000099D0:  33 88 00 00
               S01:000099D4:  B7 81 00 00
               S01:000099D8:  D2 7B 00 00
               S01:000099DC:  6F 76 00 00
F06:0004             .long      29056, 27894, 26821, 25828, 24905, 24046, 23245, 22495
               S01:000099E0:  80 71 00 00
               S01:000099E4:  F6 6C 00 00
               S01:000099E8:  C5 68 00 00
               S01:000099EC:  E4 64 00 00
               S01:000099F0:  49 61 00 00
               S01:000099F4:  EE 5D 00 00
               S01:000099F8:  CD 5A 00 00
               S01:000099FC:  DF 57 00 00
F06:0005             .long      21792, 21132, 20510, 19924, 19371, 18847, 18351, 17881
               S01:00009A00:  20 55 00 00
               S01:00009A04:  8C 52 00 00
               S01:00009A08:  1E 50 00 00
               S01:00009A0C:  D4 4D 00 00
               S01:00009A10:  AB 4B 00 00
               S01:00009A14:  9F 49 00 00
               S01:00009A18:  AF 47 00 00
               S01:00009A1C:  D9 45 00 00
F06:0006             .long      17434, 17008, 16604, 16217, 15849, 15497, 15160, 14837
               S01:00009A20:  1A 44 00 00
               S01:00009A24:  70 42 00 00
               S01:00009A28:  DC 40 00 00
               S01:00009A2C:  59 3F 00 00
               S01:00009A30:  E9 3D 00 00
               S01:00009A34:  89 3C 00 00
               S01:00009A38:  38 3B 00 00
               S01:00009A3C:  F5 39 00 00
F06:0007             .long      14528, 14232, 13947, 13673, 13411, 13158, 12914, 12679
               S01:00009A40:  C0 38 00 00
               S01:00009A44:  98 37 00 00
               S01:00009A48:  7B 36 00 00
               S01:00009A4C:  69 35 00 00
               S01:00009A50:  63 34 00 00
               S01:00009A54:  66 33 00 00
               S01:00009A58:  72 32 00 00
               S01:00009A5C:  87 31 00 00
F06:0008             .long      12453, 12234, 12023, 11819, 11622, 11432, 11248, 11069
               S01:00009A60:  A5 30 00 00
               S01:00009A64:  CA 2F 00 00
               S01:00009A68:  F7 2E 00 00
               S01:00009A6C:  2B 2E 00 00
               S01:00009A70:  66 2D 00 00
               S01:00009A74:  A8 2C 00 00
               S01:00009A78:  F0 2B 00 00
               S01:00009A7C:  3D 2B 00 00
F06:0009             .long      10896, 10728, 10566, 10408, 10255, 10106, 9962, 9822
               S01:00009A80:  90 2A 00 00
               S01:00009A84:  E8 29 00 00
               S01:00009A88:  46 29 00 00
               S01:00009A8C:  A8 28 00 00
               S01:00009A90:  0F 28 00 00
               S01:00009A94:  7A 27 00 00
               S01:00009A98:  EA 26 00 00
               S01:00009A9C:  5E 26 00 00
F06:0010             .long      9685, 9553, 9424, 9298, 9176, 9056, 8940, 8827
               S01:00009AA0:  D5 25 00 00
               S01:00009AA4:  51 25 00 00
               S01:00009AA8:  D0 24 00 00
               S01:00009AAC:  52 24 00 00
               S01:00009AB0:  D8 23 00 00
               S01:00009AB4:  60 23 00 00
               S01:00009AB8:  EC 22 00 00
               S01:00009ABC:  7B 22 00 00
F06:0011             .long      8717, 8609, 8504, 8402, 8302, 8204, 8109, 8015
               S01:00009AC0:  0D 22 00 00
               S01:00009AC4:  A1 21 00 00
               S01:00009AC8:  38 21 00 00
               S01:00009ACC:  D2 20 00 00
               S01:00009AD0:  6E 20 00 00
               S01:00009AD4:  0C 20 00 00
               S01:00009AD8:  AD 1F 00 00
               S01:00009ADC:  4F 1F 00 00
F06:0012             .long      7924, 7835, 7748, 7663, 7580, 7498, 7419, 7341
               S01:00009AE0:  F4 1E 00 00
               S01:00009AE4:  9B 1E 00 00
               S01:00009AE8:  44 1E 00 00
               S01:00009AEC:  EF 1D 00 00
               S01:00009AF0:  9C 1D 00 00
               S01:00009AF4:  4A 1D 00 00
               S01:00009AF8:  FB 1C 00 00
               S01:00009AFC:  AD 1C 00 00
F06:0013             .long      7264, 7189, 7116, 7044, 6973, 6904, 6837, 6770
               S01:00009B00:  60 1C 00 00
               S01:00009B04:  15 1C 00 00
               S01:00009B08:  CC 1B 00 00
               S01:00009B0C:  84 1B 00 00
               S01:00009B10:  3D 1B 00 00
               S01:00009B14:  F8 1A 00 00
               S01:00009B18:  B5 1A 00 00
               S01:00009B1C:  72 1A 00 00
F06:0014             .long      6705, 6641, 6579, 6517, 6457, 6398, 6340, 6282
               S01:00009B20:  31 1A 00 00
               S01:00009B24:  F1 19 00 00
               S01:00009B28:  B3 19 00 00
               S01:00009B2C:  75 19 00 00
               S01:00009B30:  39 19 00 00
               S01:00009B34:  FE 18 00 00
               S01:00009B38:  C4 18 00 00
               S01:00009B3C:  8A 18 00 00
F06:0015             .long      6226, 6171, 6117, 6064, 6012, 5960, 5910, 5860
               S01:00009B40:  52 18 00 00
               S01:00009B44:  1B 18 00 00
               S01:00009B48:  E5 17 00 00
               S01:00009B4C:  B0 17 00 00
               S01:00009B50:  7C 17 00 00
               S01:00009B54:  48 17 00 00
               S01:00009B58:  16 17 00 00
               S01:00009B5C:  E4 16 00 00
F06:0016             .long      5811, 5763, 5716, 5669, 5624, 5579, 5535, 5491
               S01:00009B60:  B3 16 00 00
               S01:00009B64:  83 16 00 00
               S01:00009B68:  54 16 00 00
               S01:00009B6C:  25 16 00 00
               S01:00009B70:  F8 15 00 00
               S01:00009B74:  CB 15 00 00
               S01:00009B78:  9F 15 00 00
               S01:00009B7C:  73 15 00 00
F06:0017             .long      5448, 5406, 5364, 5323, 5283, 5243, 5204, 5166
               S01:00009B80:  48 15 00 00
               S01:00009B84:  1E 15 00 00
               S01:00009B88:  F4 14 00 00
               S01:00009B8C:  CB 14 00 00
               S01:00009B90:  A3 14 00 00
               S01:00009B94:  7B 14 00 00
               S01:00009B98:  54 14 00 00
               S01:00009B9C:  2E 14 00 00
F06:0018             .long      5128, 5090, 5053, 5017, 4981, 4946, 4911, 4877
               S01:00009BA0:  08 14 00 00
               S01:00009BA4:  E2 13 00 00
               S01:00009BA8:  BD 13 00 00
               S01:00009BAC:  99 13 00 00
               S01:00009BB0:  75 13 00 00
               S01:00009BB4:  52 13 00 00
               S01:00009BB8:  2F 13 00 00
               S01:00009BBC:  0D 13 00 00
F06:0019             .long      4843, 4809, 4776, 4744, 4712, 4680, 4649, 4618
               S01:00009BC0:  EB 12 00 00
               S01:00009BC4:  C9 12 00 00
               S01:00009BC8:  A8 12 00 00
               S01:00009BCC:  88 12 00 00
               S01:00009BD0:  68 12 00 00
               S01:00009BD4:  48 12 00 00
               S01:00009BD8:  29 12 00 00
               S01:00009BDC:  0A 12 00 00
F06:0020             .long      4588, 4558, 4528, 4499, 4470, 4442, 4414, 4386
               S01:00009BE0:  EC 11 00 00
               S01:00009BE4:  CE 11 00 00
               S01:00009BE8:  B0 11 00 00
               S01:00009BEC:  93 11 00 00
               S01:00009BF0:  76 11 00 00
               S01:00009BF4:  5A 11 00 00
               S01:00009BF8:  3E 11 00 00
               S01:00009BFC:  22 11 00 00
F06:0021             .long      4358, 4331, 4305, 4278, 4252, 4226, 4201, 4176
               S01:00009C00:  06 11 00 00
               S01:00009C04:  EB 10 00 00
               S01:00009C08:  D1 10 00 00
               S01:00009C0C:  B6 10 00 00
               S01:00009C10:  9C 10 00 00
               S01:00009C14:  82 10 00 00
               S01:00009C18:  69 10 00 00
               S01:00009C1C:  50 10 00 00
F06:0022             .long      4151, 4126, 4102, 4078, 4054, 4031, 4008, 3985
               S01:00009C20:  37 10 00 00
               S01:00009C24:  1E 10 00 00
               S01:00009C28:  06 10 00 00
               S01:00009C2C:  EE 0F 00 00
               S01:00009C30:  D6 0F 00 00
               S01:00009C34:  BF 0F 00 00
               S01:00009C38:  A8 0F 00 00
               S01:00009C3C:  91 0F 00 00
F06:0023             .long      3962, 3940, 3918, 3896, 3874, 3853, 3832, 3811
               S01:00009C40:  7A 0F 00 00
               S01:00009C44:  64 0F 00 00
               S01:00009C48:  4E 0F 00 00
               S01:00009C4C:  38 0F 00 00
               S01:00009C50:  22 0F 00 00
               S01:00009C54:  0D 0F 00 00
               S01:00009C58:  F8 0E 00 00
               S01:00009C5C:  E3 0E 00 00
F06:0024             .long      3790, 3769, 3749, 3729, 3709, 3690, 3670, 3651
               S01:00009C60:  CE 0E 00 00
               S01:00009C64:  B9 0E 00 00
               S01:00009C68:  A5 0E 00 00
               S01:00009C6C:  91 0E 00 00
               S01:00009C70:  7D 0E 00 00
               S01:00009C74:  6A 0E 00 00
               S01:00009C78:  56 0E 00 00
               S01:00009C7C:  43 0E 00 00
F06:0025             .long      3632, 3613, 3595, 3576, 3558, 3540, 3522, 3504
               S01:00009C80:  30 0E 00 00
               S01:00009C84:  1D 0E 00 00
               S01:00009C88:  0B 0E 00 00
               S01:00009C8C:  F8 0D 00 00
               S01:00009C90:  E6 0D 00 00
               S01:00009C94:  D4 0D 00 00
               S01:00009C98:  C2 0D 00 00
               S01:00009C9C:  B0 0D 00 00
F06:0026             .long      3487, 3469, 3452, 3435, 3418, 3402, 3385, 3369
               S01:00009CA0:  9F 0D 00 00
               S01:00009CA4:  8D 0D 00 00
               S01:00009CA8:  7C 0D 00 00
               S01:00009CAC:  6B 0D 00 00
               S01:00009CB0:  5A 0D 00 00
               S01:00009CB4:  4A 0D 00 00
               S01:00009CB8:  39 0D 00 00
               S01:00009CBC:  29 0D 00 00
F06:0027             .long      3353, 3337, 3321, 3305, 3289, 3274, 3259, 3243
               S01:00009CC0:  19 0D 00 00
               S01:00009CC4:  09 0D 00 00
               S01:00009CC8:  F9 0C 00 00
               S01:00009CCC:  E9 0C 00 00
               S01:00009CD0:  D9 0C 00 00
               S01:00009CD4:  CA 0C 00 00
               S01:00009CD8:  BB 0C 00 00
               S01:00009CDC:  AB 0C 00 00
F06:0028             .long      3228, 3214, 3199, 3184, 3170, 3155, 3141, 3127
               S01:00009CE0:  9C 0C 00 00
               S01:00009CE4:  8E 0C 00 00
               S01:00009CE8:  7F 0C 00 00
               S01:00009CEC:  70 0C 00 00
               S01:00009CF0:  62 0C 00 00
               S01:00009CF4:  53 0C 00 00
               S01:00009CF8:  45 0C 00 00
               S01:00009CFC:  37 0C 00 00
F06:0029             .long      3113, 3099, 3086, 3072, 3059, 3045, 3032, 3019
               S01:00009D00:  29 0C 00 00
               S01:00009D04:  1B 0C 00 00
               S01:00009D08:  0E 0C 00 00
               S01:00009D0C:  00 0C 00 00
               S01:00009D10:  F3 0B 00 00
               S01:00009D14:  E5 0B 00 00
               S01:00009D18:  D8 0B 00 00
               S01:00009D1C:  CB 0B 00 00
F06:0030             .long      3006, 2993, 2980, 2967, 2955, 2942, 2930, 2918
               S01:00009D20:  BE 0B 00 00
               S01:00009D24:  B1 0B 00 00
               S01:00009D28:  A4 0B 00 00
               S01:00009D2C:  97 0B 00 00
               S01:00009D30:  8B 0B 00 00
               S01:00009D34:  7E 0B 00 00
               S01:00009D38:  72 0B 00 00
               S01:00009D3C:  66 0B 00 00
F06:0031             .long      2906, 2894, 2882, 2870, 2858, 2846, 2835, 2823
               S01:00009D40:  5A 0B 00 00
               S01:00009D44:  4E 0B 00 00
               S01:00009D48:  42 0B 00 00
               S01:00009D4C:  36 0B 00 00
               S01:00009D50:  2A 0B 00 00
               S01:00009D54:  1E 0B 00 00
               S01:00009D58:  13 0B 00 00
               S01:00009D5C:  07 0B 00 00
F06:0032             .long      2812, 2801, 2789, 2778, 2767, 2756, 2745, 2735
               S01:00009D60:  FC 0A 00 00
               S01:00009D64:  F1 0A 00 00
               S01:00009D68:  E5 0A 00 00
               S01:00009D6C:  DA 0A 00 00
               S01:00009D70:  CF 0A 00 00
               S01:00009D74:  C4 0A 00 00
               S01:00009D78:  B9 0A 00 00
               S01:00009D7C:  AF 0A 00 00
F06:0033             .long      2724, 2713, 2703, 2692, 2682, 2672, 2662, 2652
               S01:00009D80:  A4 0A 00 00
               S01:00009D84:  99 0A 00 00
               S01:00009D88:  8F 0A 00 00
               S01:00009D8C:  84 0A 00 00
               S01:00009D90:  7A 0A 00 00
               S01:00009D94:  70 0A 00 00
               S01:00009D98:  66 0A 00 00
               S01:00009D9C:  5C 0A 00 00
F06:0034             .long      2641, 2632, 2622, 2612, 2602, 2592, 2583, 2573
               S01:00009DA0:  51 0A 00 00
               S01:00009DA4:  48 0A 00 00
               S01:00009DA8:  3E 0A 00 00
               S01:00009DAC:  34 0A 00 00
               S01:00009DB0:  2A 0A 00 00
               S01:00009DB4:  20 0A 00 00
               S01:00009DB8:  17 0A 00 00
               S01:00009DBC:  0D 0A 00 00
F06:0035             .long      2564, 2554, 2545, 2536, 2527, 2518, 2508, 2499
               S01:00009DC0:  04 0A 00 00
               S01:00009DC4:  FA 09 00 00
               S01:00009DC8:  F1 09 00 00
               S01:00009DCC:  E8 09 00 00
               S01:00009DD0:  DF 09 00 00
               S01:00009DD4:  D6 09 00 00
               S01:00009DD8:  CC 09 00 00
               S01:00009DDC:  C3 09 00 00
F06:0036             .long      2491, 2482, 2473, 2464, 2455, 2447, 2438, 2430
               S01:00009DE0:  BB 09 00 00
               S01:00009DE4:  B2 09 00 00
               S01:00009DE8:  A9 09 00 00
               S01:00009DEC:  A0 09 00 00
               S01:00009DF0:  97 09 00 00
               S01:00009DF4:  8F 09 00 00
               S01:00009DF8:  86 09 00 00
               S01:00009DFC:  7E 09 00 00
F06:0037             .long      2421, 2413, 2405, 2396, 2388, 2380, 2372, 2364
               S01:00009E00:  75 09 00 00
               S01:00009E04:  6D 09 00 00
               S01:00009E08:  65 09 00 00
               S01:00009E0C:  5C 09 00 00
               S01:00009E10:  54 09 00 00
               S01:00009E14:  4C 09 00 00
               S01:00009E18:  44 09 00 00
               S01:00009E1C:  3C 09 00 00
F06:0038             .long      2356, 2348, 2340, 2332, 2324, 2317, 2309, 2301
               S01:00009E20:  34 09 00 00
               S01:00009E24:  2C 09 00 00
               S01:00009E28:  24 09 00 00
               S01:00009E2C:  1C 09 00 00
               S01:00009E30:  14 09 00 00
               S01:00009E34:  0D 09 00 00
               S01:00009E38:  05 09 00 00
               S01:00009E3C:  FD 08 00 00
F06:0039             .long      2294, 2286, 2279, 2271, 2264, 2257, 2250, 2242
               S01:00009E40:  F6 08 00 00
               S01:00009E44:  EE 08 00 00
               S01:00009E48:  E7 08 00 00
               S01:00009E4C:  DF 08 00 00
               S01:00009E50:  D8 08 00 00
               S01:00009E54:  D1 08 00 00
               S01:00009E58:  CA 08 00 00
               S01:00009E5C:  C2 08 00 00
F06:0040             .long      2235, 2228, 2221, 2214, 2207, 2200, 2193, 2186
               S01:00009E60:  BB 08 00 00
               S01:00009E64:  B4 08 00 00
               S01:00009E68:  AD 08 00 00
               S01:00009E6C:  A6 08 00 00
               S01:00009E70:  9F 08 00 00
               S01:00009E74:  98 08 00 00
               S01:00009E78:  91 08 00 00
               S01:00009E7C:  8A 08 00 00
F06:0041             .long      2179, 2172, 2166, 2159, 2152, 2146, 2139, 2133
               S01:00009E80:  83 08 00 00
               S01:00009E84:  7C 08 00 00
               S01:00009E88:  76 08 00 00
               S01:00009E8C:  6F 08 00 00
               S01:00009E90:  68 08 00 00
               S01:00009E94:  62 08 00 00
               S01:00009E98:  5B 08 00 00
               S01:00009E9C:  55 08 00 00
F06:0042             .long      2126, 2120, 2113, 2107, 2100, 2094, 2088, 2082
               S01:00009EA0:  4E 08 00 00
               S01:00009EA4:  48 08 00 00
               S01:00009EA8:  41 08 00 00
               S01:00009EAC:  3B 08 00 00
               S01:00009EB0:  34 08 00 00
               S01:00009EB4:  2E 08 00 00
               S01:00009EB8:  28 08 00 00
               S01:00009EBC:  22 08 00 00
F06:0043             .long      2075, 2069, 2063, 2057, 2051, 2045, 2039, 2033
               S01:00009EC0:  1B 08 00 00
               S01:00009EC4:  15 08 00 00
               S01:00009EC8:  0F 08 00 00
               S01:00009ECC:  09 08 00 00
               S01:00009ED0:  03 08 00 00
               S01:00009ED4:  FD 07 00 00
               S01:00009ED8:  F7 07 00 00
               S01:00009EDC:  F1 07 00 00
F06:0044             .long      2027, 2021, 2015, 2010, 2004, 1998, 1992, 1987
               S01:00009EE0:  EB 07 00 00
               S01:00009EE4:  E5 07 00 00
               S01:00009EE8:  DF 07 00 00
               S01:00009EEC:  DA 07 00 00
               S01:00009EF0:  D4 07 00 00
               S01:00009EF4:  CE 07 00 00
               S01:00009EF8:  C8 07 00 00
               S01:00009EFC:  C3 07 00 00
F06:0045             .long      1981, 1975, 1970, 1964, 1959, 1953, 1948, 1942
               S01:00009F00:  BD 07 00 00
               S01:00009F04:  B7 07 00 00
               S01:00009F08:  B2 07 00 00
               S01:00009F0C:  AC 07 00 00
               S01:00009F10:  A7 07 00 00
               S01:00009F14:  A1 07 00 00
               S01:00009F18:  9C 07 00 00
               S01:00009F1C:  96 07 00 00
F06:0046             .long      1937, 1932, 1926, 1921, 1916, 1911, 1905, 1900
               S01:00009F20:  91 07 00 00
               S01:00009F24:  8C 07 00 00
               S01:00009F28:  86 07 00 00
               S01:00009F2C:  81 07 00 00
               S01:00009F30:  7C 07 00 00
               S01:00009F34:  77 07 00 00
               S01:00009F38:  71 07 00 00
               S01:00009F3C:  6C 07 00 00
F06:0047             .long      1895, 1890, 1885, 1880, 1875, 1870, 1865, 1860
               S01:00009F40:  67 07 00 00
               S01:00009F44:  62 07 00 00
               S01:00009F48:  5D 07 00 00
               S01:00009F4C:  58 07 00 00
               S01:00009F50:  53 07 00 00
               S01:00009F54:  4E 07 00 00
               S01:00009F58:  49 07 00 00
               S01:00009F5C:  44 07 00 00
F06:0048             .long      1855, 1850, 1845, 1840, 1835, 1830, 1826, 1821
               S01:00009F60:  3F 07 00 00
               S01:00009F64:  3A 07 00 00
               S01:00009F68:  35 07 00 00
               S01:00009F6C:  30 07 00 00
               S01:00009F70:  2B 07 00 00
               S01:00009F74:  26 07 00 00
               S01:00009F78:  22 07 00 00
               S01:00009F7C:  1D 07 00 00
F06:0049             .long      1816, 1811, 1807, 1802, 1797, 1793, 1788, 1783
               S01:00009F80:  18 07 00 00
               S01:00009F84:  13 07 00 00
               S01:00009F88:  0F 07 00 00
               S01:00009F8C:  0A 07 00 00
               S01:00009F90:  05 07 00 00
               S01:00009F94:  01 07 00 00
               S01:00009F98:  FC 06 00 00
               S01:00009F9C:  F7 06 00 00
F06:0050             .long      1779, 1774, 1770, 1765, 1761, 1757, 1752, 1748
               S01:00009FA0:  F3 06 00 00
               S01:00009FA4:  EE 06 00 00
               S01:00009FA8:  EA 06 00 00
               S01:00009FAC:  E5 06 00 00
               S01:00009FB0:  E1 06 00 00
               S01:00009FB4:  DD 06 00 00
               S01:00009FB8:  D8 06 00 00
               S01:00009FBC:  D4 06 00 00
F06:0051             .long      1743, 1739, 1735, 1730, 1726, 1722, 1718, 1713
               S01:00009FC0:  CF 06 00 00
               S01:00009FC4:  CB 06 00 00
               S01:00009FC8:  C7 06 00 00
               S01:00009FCC:  C2 06 00 00
               S01:00009FD0:  BE 06 00 00
               S01:00009FD4:  BA 06 00 00
               S01:00009FD8:  B6 06 00 00
               S01:00009FDC:  B1 06 00 00
F06:0052             .long      1709, 1705, 1701, 1697, 1693, 1688, 1684, 1680
               S01:00009FE0:  AD 06 00 00
               S01:00009FE4:  A9 06 00 00
               S01:00009FE8:  A5 06 00 00
               S01:00009FEC:  A1 06 00 00
               S01:00009FF0:  9D 06 00 00
               S01:00009FF4:  98 06 00 00
               S01:00009FF8:  94 06 00 00
               S01:00009FFC:  90 06 00 00
F06:0053             .long      1676, 1672, 1668, 1664, 1660, 1656, 1652, 1649
               S01:0000A000:  8C 06 00 00
               S01:0000A004:  88 06 00 00
               S01:0000A008:  84 06 00 00
               S01:0000A00C:  80 06 00 00
               S01:0000A010:  7C 06 00 00
               S01:0000A014:  78 06 00 00
               S01:0000A018:  74 06 00 00
               S01:0000A01C:  71 06 00 00
F06:0054             .long      1645, 1641, 1637, 1633, 1629, 1626, 1622, 1618
               S01:0000A020:  6D 06 00 00
               S01:0000A024:  69 06 00 00
               S01:0000A028:  65 06 00 00
               S01:0000A02C:  61 06 00 00
               S01:0000A030:  5D 06 00 00
               S01:0000A034:  5A 06 00 00
               S01:0000A038:  56 06 00 00
               S01:0000A03C:  52 06 00 00
F06:0055             .long      1614, 1611, 1607, 1603, 1599, 1596, 1592, 1588
               S01:0000A040:  4E 06 00 00
               S01:0000A044:  4B 06 00 00
               S01:0000A048:  47 06 00 00
               S01:0000A04C:  43 06 00 00
               S01:0000A050:  3F 06 00 00
               S01:0000A054:  3C 06 00 00
               S01:0000A058:  38 06 00 00
               S01:0000A05C:  34 06 00 00
F06:0056             .long      1585, 1581, 1578, 1574, 1571, 1567, 1564, 1560
               S01:0000A060:  31 06 00 00
               S01:0000A064:  2D 06 00 00
               S01:0000A068:  2A 06 00 00
               S01:0000A06C:  26 06 00 00
               S01:0000A070:  23 06 00 00
               S01:0000A074:  1F 06 00 00
               S01:0000A078:  1C 06 00 00
               S01:0000A07C:  18 06 00 00
F06:0057             .long      1557, 1553, 1550, 1546, 1543, 1539, 1536, 1533
               S01:0000A080:  15 06 00 00
               S01:0000A084:  11 06 00 00
               S01:0000A088:  0E 06 00 00
               S01:0000A08C:  0A 06 00 00
               S01:0000A090:  07 06 00 00
               S01:0000A094:  03 06 00 00
               S01:0000A098:  00 06 00 00
               S01:0000A09C:  FD 05 00 00
F06:0058             .long      1529, 1526, 1523, 1519, 1516, 1513, 1509, 1506
               S01:0000A0A0:  F9 05 00 00
               S01:0000A0A4:  F6 05 00 00
               S01:0000A0A8:  F3 05 00 00
               S01:0000A0AC:  EF 05 00 00
               S01:0000A0B0:  EC 05 00 00
               S01:0000A0B4:  E9 05 00 00
               S01:0000A0B8:  E5 05 00 00
               S01:0000A0BC:  E2 05 00 00
F06:0059             .long      1503, 1500, 1496, 1493, 1490, 1487, 1484, 1481
               S01:0000A0C0:  DF 05 00 00
               S01:0000A0C4:  DC 05 00 00
               S01:0000A0C8:  D8 05 00 00
               S01:0000A0CC:  D5 05 00 00
               S01:0000A0D0:  D2 05 00 00
               S01:0000A0D4:  CF 05 00 00
               S01:0000A0D8:  CC 05 00 00
               S01:0000A0DC:  C9 05 00 00
F06:0060             .long      1477, 1474, 1471, 1468, 1465, 1462, 1459, 1456
               S01:0000A0E0:  C5 05 00 00
               S01:0000A0E4:  C2 05 00 00
               S01:0000A0E8:  BF 05 00 00
               S01:0000A0EC:  BC 05 00 00
               S01:0000A0F0:  B9 05 00 00
               S01:0000A0F4:  B6 05 00 00
               S01:0000A0F8:  B3 05 00 00
               S01:0000A0FC:  B0 05 00 00
F06:0061             .long      1453, 1450, 1447, 1444, 1441, 1438, 1435, 1432
               S01:0000A100:  AD 05 00 00
               S01:0000A104:  AA 05 00 00
               S01:0000A108:  A7 05 00 00
               S01:0000A10C:  A4 05 00 00
               S01:0000A110:  A1 05 00 00
               S01:0000A114:  9E 05 00 00
               S01:0000A118:  9B 05 00 00
               S01:0000A11C:  98 05 00 00
F06:0062             .long      1429, 1426, 1423, 1420, 1417, 1414, 1412, 1409
               S01:0000A120:  95 05 00 00
               S01:0000A124:  92 05 00 00
               S01:0000A128:  8F 05 00 00
               S01:0000A12C:  8C 05 00 00
               S01:0000A130:  89 05 00 00
               S01:0000A134:  86 05 00 00
               S01:0000A138:  84 05 00 00
               S01:0000A13C:  81 05 00 00
F06:0063             .long      1406, 1403, 1400, 1397, 1395, 1392, 1389, 1386
               S01:0000A140:  7E 05 00 00
               S01:0000A144:  7B 05 00 00
               S01:0000A148:  78 05 00 00
               S01:0000A14C:  75 05 00 00
               S01:0000A150:  73 05 00 00
               S01:0000A154:  70 05 00 00
               S01:0000A158:  6D 05 00 00
               S01:0000A15C:  6A 05 00 00
F06:0064             .long      1384, 1381, 1378, 1375, 1373, 1370, 1367, 1365
               S01:0000A160:  68 05 00 00
               S01:0000A164:  65 05 00 00
               S01:0000A168:  62 05 00 00
               S01:0000A16C:  5F 05 00 00
               S01:0000A170:  5D 05 00 00
               S01:0000A174:  5A 05 00 00
               S01:0000A178:  57 05 00 00
               S01:0000A17C:  55 05 00 00
F06:0065             .long      1362, 1359, 1357, 1354, 1351, 1349, 1346, 1344
               S01:0000A180:  52 05 00 00
               S01:0000A184:  4F 05 00 00
               S01:0000A188:  4D 05 00 00
               S01:0000A18C:  4A 05 00 00
               S01:0000A190:  47 05 00 00
               S01:0000A194:  45 05 00 00
               S01:0000A198:  42 05 00 00
               S01:0000A19C:  40 05 00 00
F06:0066             .long      1341, 1338, 1336, 1333, 1331, 1328, 1326, 1323
               S01:0000A1A0:  3D 05 00 00
               S01:0000A1A4:  3A 05 00 00
               S01:0000A1A8:  38 05 00 00
               S01:0000A1AC:  35 05 00 00
               S01:0000A1B0:  33 05 00 00
               S01:0000A1B4:  30 05 00 00
               S01:0000A1B8:  2E 05 00 00
               S01:0000A1BC:  2B 05 00 00
F06:0067             .long      1321, 1318, 1316, 1313, 1311, 1308, 1306, 1303
               S01:0000A1C0:  29 05 00 00
               S01:0000A1C4:  26 05 00 00
               S01:0000A1C8:  24 05 00 00
               S01:0000A1CC:  21 05 00 00
               S01:0000A1D0:  1F 05 00 00
               S01:0000A1D4:  1C 05 00 00
               S01:0000A1D8:  1A 05 00 00
               S01:0000A1DC:  17 05 00 00
F06:0068             .long      1301, 1299, 1296, 1294, 1291, 1289, 1287, 1284
               S01:0000A1E0:  15 05 00 00
               S01:0000A1E4:  13 05 00 00
               S01:0000A1E8:  10 05 00 00
               S01:0000A1EC:  0E 05 00 00
               S01:0000A1F0:  0B 05 00 00
               S01:0000A1F4:  09 05 00 00
               S01:0000A1F8:  07 05 00 00
               S01:0000A1FC:  04 05 00 00
F06:0069             .long      1282, 1280, 1277, 1275, 1273, 1270, 1268, 1266
               S01:0000A200:  02 05 00 00
               S01:0000A204:  00 05 00 00
               S01:0000A208:  FD 04 00 00
               S01:0000A20C:  FB 04 00 00
               S01:0000A210:  F9 04 00 00
               S01:0000A214:  F6 04 00 00
               S01:0000A218:  F4 04 00 00
               S01:0000A21C:  F2 04 00 00
F06:0070             .long      1263, 1261, 1259, 1256, 1254, 1252, 1250, 1247
               S01:0000A220:  EF 04 00 00
               S01:0000A224:  ED 04 00 00
               S01:0000A228:  EB 04 00 00
               S01:0000A22C:  E8 04 00 00
               S01:0000A230:  E6 04 00 00
               S01:0000A234:  E4 04 00 00
               S01:0000A238:  E2 04 00 00
               S01:0000A23C:  DF 04 00 00
F06:0071             .long      1245, 1243, 1241, 1239, 1236, 1234, 1232, 1230
               S01:0000A240:  DD 04 00 00
               S01:0000A244:  DB 04 00 00
               S01:0000A248:  D9 04 00 00
               S01:0000A24C:  D7 04 00 00
               S01:0000A250:  D4 04 00 00
               S01:0000A254:  D2 04 00 00
               S01:0000A258:  D0 04 00 00
               S01:0000A25C:  CE 04 00 00
F06:0072             .long      1228, 1226, 1223, 1221, 1219, 1217, 1215, 1213
               S01:0000A260:  CC 04 00 00
               S01:0000A264:  CA 04 00 00
               S01:0000A268:  C7 04 00 00
               S01:0000A26C:  C5 04 00 00
               S01:0000A270:  C3 04 00 00
               S01:0000A274:  C1 04 00 00
               S01:0000A278:  BF 04 00 00
               S01:0000A27C:  BD 04 00 00
F06:0073             .long      1211, 1209, 1206, 1204, 1202, 1200, 1198, 1196
               S01:0000A280:  BB 04 00 00
               S01:0000A284:  B9 04 00 00
               S01:0000A288:  B6 04 00 00
               S01:0000A28C:  B4 04 00 00
               S01:0000A290:  B2 04 00 00
               S01:0000A294:  B0 04 00 00
               S01:0000A298:  AE 04 00 00
               S01:0000A29C:  AC 04 00 00
F06:0074             .long      1194, 1192, 1190, 1188, 1186, 1184, 1182, 1180
               S01:0000A2A0:  AA 04 00 00
               S01:0000A2A4:  A8 04 00 00
               S01:0000A2A8:  A6 04 00 00
               S01:0000A2AC:  A4 04 00 00
               S01:0000A2B0:  A2 04 00 00
               S01:0000A2B4:  A0 04 00 00
               S01:0000A2B8:  9E 04 00 00
               S01:0000A2BC:  9C 04 00 00
F06:0075             .long      1178, 1176, 1174, 1172, 1170, 1168, 1166, 1164
               S01:0000A2C0:  9A 04 00 00
               S01:0000A2C4:  98 04 00 00
               S01:0000A2C8:  96 04 00 00
               S01:0000A2CC:  94 04 00 00
               S01:0000A2D0:  92 04 00 00
               S01:0000A2D4:  90 04 00 00
               S01:0000A2D8:  8E 04 00 00
               S01:0000A2DC:  8C 04 00 00
F06:0076             .long      1162, 1160, 1158, 1156, 1155, 1153, 1151, 1149
               S01:0000A2E0:  8A 04 00 00
               S01:0000A2E4:  88 04 00 00
               S01:0000A2E8:  86 04 00 00
               S01:0000A2EC:  84 04 00 00
               S01:0000A2F0:  83 04 00 00
               S01:0000A2F4:  81 04 00 00
               S01:0000A2F8:  7F 04 00 00
               S01:0000A2FC:  7D 04 00 00
F06:0077             .long      1147, 1145, 1143, 1141, 1139, 1138, 1136, 1134
               S01:0000A300:  7B 04 00 00
               S01:0000A304:  79 04 00 00
               S01:0000A308:  77 04 00 00
               S01:0000A30C:  75 04 00 00
               S01:0000A310:  73 04 00 00
               S01:0000A314:  72 04 00 00
               S01:0000A318:  70 04 00 00
               S01:0000A31C:  6E 04 00 00
F06:0078             .long      1132, 1130, 1128, 1127, 1125, 1123, 1121, 1119
               S01:0000A320:  6C 04 00 00
               S01:0000A324:  6A 04 00 00
               S01:0000A328:  68 04 00 00
               S01:0000A32C:  67 04 00 00
               S01:0000A330:  65 04 00 00
               S01:0000A334:  63 04 00 00
               S01:0000A338:  61 04 00 00
               S01:0000A33C:  5F 04 00 00
F06:0079             .long      1118, 1116, 1114, 1112, 1110, 1109, 1107, 1105
               S01:0000A340:  5E 04 00 00
               S01:0000A344:  5C 04 00 00
               S01:0000A348:  5A 04 00 00
               S01:0000A34C:  58 04 00 00
               S01:0000A350:  56 04 00 00
               S01:0000A354:  55 04 00 00
               S01:0000A358:  53 04 00 00
               S01:0000A35C:  51 04 00 00
F06:0080             .long      1103, 1102, 1100, 1098, 1096, 1095, 1093, 1091
               S01:0000A360:  4F 04 00 00
               S01:0000A364:  4E 04 00 00
               S01:0000A368:  4C 04 00 00
               S01:0000A36C:  4A 04 00 00
               S01:0000A370:  48 04 00 00
               S01:0000A374:  47 04 00 00
               S01:0000A378:  45 04 00 00
               S01:0000A37C:  43 04 00 00
F06:0081             .long      1090, 1088, 1086, 1085, 1083, 1081, 1079, 1078
               S01:0000A380:  42 04 00 00
               S01:0000A384:  40 04 00 00
               S01:0000A388:  3E 04 00 00
               S01:0000A38C:  3D 04 00 00
               S01:0000A390:  3B 04 00 00
               S01:0000A394:  39 04 00 00
               S01:0000A398:  37 04 00 00
               S01:0000A39C:  36 04 00 00
F06:0082             .long      1076, 1074, 1073, 1071, 1070, 1068, 1066, 1065
               S01:0000A3A0:  34 04 00 00
               S01:0000A3A4:  32 04 00 00
               S01:0000A3A8:  31 04 00 00
               S01:0000A3AC:  2F 04 00 00
               S01:0000A3B0:  2E 04 00 00
               S01:0000A3B4:  2C 04 00 00
               S01:0000A3B8:  2A 04 00 00
               S01:0000A3BC:  29 04 00 00
F06:0083             .long      1063, 1061, 1060, 1058, 1057, 1055, 1053, 1052
               S01:0000A3C0:  27 04 00 00
               S01:0000A3C4:  25 04 00 00
               S01:0000A3C8:  24 04 00 00
               S01:0000A3CC:  22 04 00 00
               S01:0000A3D0:  21 04 00 00
               S01:0000A3D4:  1F 04 00 00
               S01:0000A3D8:  1D 04 00 00
               S01:0000A3DC:  1C 04 00 00
F06:0084             .long      1050, 1049, 1047, 1045, 1044, 1042, 1041, 1039
               S01:0000A3E0:  1A 04 00 00
               S01:0000A3E4:  19 04 00 00
               S01:0000A3E8:  17 04 00 00
               S01:0000A3EC:  15 04 00 00
               S01:0000A3F0:  14 04 00 00
               S01:0000A3F4:  12 04 00 00
               S01:0000A3F8:  11 04 00 00
               S01:0000A3FC:  0F 04 00 00
F06:0085             .long      1038, 1036, 1035, 1033, 1032, 1030, 1029, 1027
               S01:0000A400:  0E 04 00 00
               S01:0000A404:  0C 04 00 00
               S01:0000A408:  0B 04 00 00
               S01:0000A40C:  09 04 00 00
               S01:0000A410:  08 04 00 00
               S01:0000A414:  06 04 00 00
               S01:0000A418:  05 04 00 00
               S01:0000A41C:  03 04 00 00
F06:0086             .long      1026, 1024, 1023, 1021, 1020, 1018, 1017, 1015
               S01:0000A420:  02 04 00 00
               S01:0000A424:  00 04 00 00
               S01:0000A428:  FF 03 00 00
               S01:0000A42C:  FD 03 00 00
               S01:0000A430:  FC 03 00 00
               S01:0000A434:  FA 03 00 00
               S01:0000A438:  F9 03 00 00
               S01:0000A43C:  F7 03 00 00
F06:0087             .long      1014, 1012, 1011, 1009, 1008, 1006, 1005, 1003
               S01:0000A440:  F6 03 00 00
               S01:0000A444:  F4 03 00 00
               S01:0000A448:  F3 03 00 00
               S01:0000A44C:  F1 03 00 00
               S01:0000A450:  F0 03 00 00
               S01:0000A454:  EE 03 00 00
               S01:0000A458:  ED 03 00 00
               S01:0000A45C:  EB 03 00 00
F06:0088             .long      1002, 1000, 999, 998, 996, 995, 993, 992
               S01:0000A460:  EA 03 00 00
               S01:0000A464:  E8 03 00 00
               S01:0000A468:  E7 03 00 00
               S01:0000A46C:  E6 03 00 00
               S01:0000A470:  E4 03 00 00
               S01:0000A474:  E3 03 00 00
               S01:0000A478:  E1 03 00 00
               S01:0000A47C:  E0 03 00 00
F06:0089             .long      991, 989, 988, 986, 985, 984, 982, 981
               S01:0000A480:  DF 03 00 00
               S01:0000A484:  DD 03 00 00
               S01:0000A488:  DC 03 00 00
               S01:0000A48C:  DA 03 00 00
               S01:0000A490:  D9 03 00 00
               S01:0000A494:  D8 03 00 00
               S01:0000A498:  D6 03 00 00
               S01:0000A49C:  D5 03 00 00
F06:0090             .long      979, 978, 977, 975, 974, 973, 971, 970
               S01:0000A4A0:  D3 03 00 00
               S01:0000A4A4:  D2 03 00 00
               S01:0000A4A8:  D1 03 00 00
               S01:0000A4AC:  CF 03 00 00
               S01:0000A4B0:  CE 03 00 00
               S01:0000A4B4:  CD 03 00 00
               S01:0000A4B8:  CB 03 00 00
               S01:0000A4BC:  CA 03 00 00
F06:0091             .long      969, 967, 966, 965, 963, 962, 961, 959
               S01:0000A4C0:  C9 03 00 00
               S01:0000A4C4:  C7 03 00 00
               S01:0000A4C8:  C6 03 00 00
               S01:0000A4CC:  C5 03 00 00
               S01:0000A4D0:  C3 03 00 00
               S01:0000A4D4:  C2 03 00 00
               S01:0000A4D8:  C1 03 00 00
               S01:0000A4DC:  BF 03 00 00
F06:0092             .long      958, 957, 955, 954, 953, 951, 950, 949
               S01:0000A4E0:  BE 03 00 00
               S01:0000A4E4:  BD 03 00 00
               S01:0000A4E8:  BB 03 00 00
               S01:0000A4EC:  BA 03 00 00
               S01:0000A4F0:  B9 03 00 00
               S01:0000A4F4:  B7 03 00 00
               S01:0000A4F8:  B6 03 00 00
               S01:0000A4FC:  B5 03 00 00
F06:0093             .long      947, 946, 945, 944, 942, 941, 940, 939
               S01:0000A500:  B3 03 00 00
               S01:0000A504:  B2 03 00 00
               S01:0000A508:  B1 03 00 00
               S01:0000A50C:  B0 03 00 00
               S01:0000A510:  AE 03 00 00
               S01:0000A514:  AD 03 00 00
               S01:0000A518:  AC 03 00 00
               S01:0000A51C:  AB 03 00 00
F06:0094             .long      937, 936, 935, 934, 932, 931, 930, 929
               S01:0000A520:  A9 03 00 00
               S01:0000A524:  A8 03 00 00
               S01:0000A528:  A7 03 00 00
               S01:0000A52C:  A6 03 00 00
               S01:0000A530:  A4 03 00 00
               S01:0000A534:  A3 03 00 00
               S01:0000A538:  A2 03 00 00
               S01:0000A53C:  A1 03 00 00
F06:0095             .long      927, 926, 925, 924, 922, 921, 920, 919
               S01:0000A540:  9F 03 00 00
               S01:0000A544:  9E 03 00 00
               S01:0000A548:  9D 03 00 00
               S01:0000A54C:  9C 03 00 00
               S01:0000A550:  9A 03 00 00
               S01:0000A554:  99 03 00 00
               S01:0000A558:  98 03 00 00
               S01:0000A55C:  97 03 00 00
F06:0096             .long      918, 916, 915, 914, 913, 912, 910, 909
               S01:0000A560:  96 03 00 00
               S01:0000A564:  94 03 00 00
               S01:0000A568:  93 03 00 00
               S01:0000A56C:  92 03 00 00
               S01:0000A570:  91 03 00 00
               S01:0000A574:  90 03 00 00
               S01:0000A578:  8E 03 00 00
               S01:0000A57C:  8D 03 00 00
F06:0097             .long      908, 907, 906, 904, 903, 902, 901, 900
               S01:0000A580:  8C 03 00 00
               S01:0000A584:  8B 03 00 00
               S01:0000A588:  8A 03 00 00
               S01:0000A58C:  88 03 00 00
               S01:0000A590:  87 03 00 00
               S01:0000A594:  86 03 00 00
               S01:0000A598:  85 03 00 00
               S01:0000A59C:  84 03 00 00
F06:0098             .long      899, 897, 896, 895, 894, 893, 892, 891
               S01:0000A5A0:  83 03 00 00
               S01:0000A5A4:  81 03 00 00
               S01:0000A5A8:  80 03 00 00
               S01:0000A5AC:  7F 03 00 00
               S01:0000A5B0:  7E 03 00 00
               S01:0000A5B4:  7D 03 00 00
               S01:0000A5B8:  7C 03 00 00
               S01:0000A5BC:  7B 03 00 00
F06:0099             .long      889, 888, 887, 886, 885, 884, 883, 882
               S01:0000A5C0:  79 03 00 00
               S01:0000A5C4:  78 03 00 00
               S01:0000A5C8:  77 03 00 00
               S01:0000A5CC:  76 03 00 00
               S01:0000A5D0:  75 03 00 00
               S01:0000A5D4:  74 03 00 00
               S01:0000A5D8:  73 03 00 00
               S01:0000A5DC:  72 03 00 00
F06:0100             .long      880, 879, 878, 877, 876, 875, 874, 873
               S01:0000A5E0:  70 03 00 00
               S01:0000A5E4:  6F 03 00 00
               S01:0000A5E8:  6E 03 00 00
               S01:0000A5EC:  6D 03 00 00
               S01:0000A5F0:  6C 03 00 00
               S01:0000A5F4:  6B 03 00 00
               S01:0000A5F8:  6A 03 00 00
               S01:0000A5FC:  69 03 00 00
F06:0101             .long      872, 871, 870, 868, 867, 866, 865, 864
               S01:0000A600:  68 03 00 00
               S01:0000A604:  67 03 00 00
               S01:0000A608:  66 03 00 00
               S01:0000A60C:  64 03 00 00
               S01:0000A610:  63 03 00 00
               S01:0000A614:  62 03 00 00
               S01:0000A618:  61 03 00 00
               S01:0000A61C:  60 03 00 00
F06:0102             .long      863, 862, 861, 860, 859, 858, 857, 856
               S01:0000A620:  5F 03 00 00
               S01:0000A624:  5E 03 00 00
               S01:0000A628:  5D 03 00 00
               S01:0000A62C:  5C 03 00 00
               S01:0000A630:  5B 03 00 00
               S01:0000A634:  5A 03 00 00
               S01:0000A638:  59 03 00 00
               S01:0000A63C:  58 03 00 00
F06:0103             .long      855, 854, 853, 851, 850, 849, 848, 847
               S01:0000A640:  57 03 00 00
               S01:0000A644:  56 03 00 00
               S01:0000A648:  55 03 00 00
               S01:0000A64C:  53 03 00 00
               S01:0000A650:  52 03 00 00
               S01:0000A654:  51 03 00 00
               S01:0000A658:  50 03 00 00
               S01:0000A65C:  4F 03 00 00
F06:0104             .long      846, 845, 844, 843, 842, 841, 840, 839
               S01:0000A660:  4E 03 00 00
               S01:0000A664:  4D 03 00 00
               S01:0000A668:  4C 03 00 00
               S01:0000A66C:  4B 03 00 00
               S01:0000A670:  4A 03 00 00
               S01:0000A674:  49 03 00 00
               S01:0000A678:  48 03 00 00
               S01:0000A67C:  47 03 00 00
F06:0105             .long      838, 837, 836, 835, 834, 833, 832, 831
               S01:0000A680:  46 03 00 00
               S01:0000A684:  45 03 00 00
               S01:0000A688:  44 03 00 00
               S01:0000A68C:  43 03 00 00
               S01:0000A690:  42 03 00 00
               S01:0000A694:  41 03 00 00
               S01:0000A698:  40 03 00 00
               S01:0000A69C:  3F 03 00 00
F06:0106             .long      830, 829, 828, 827, 826, 825, 824, 823
               S01:0000A6A0:  3E 03 00 00
               S01:0000A6A4:  3D 03 00 00
               S01:0000A6A8:  3C 03 00 00
               S01:0000A6AC:  3B 03 00 00
               S01:0000A6B0:  3A 03 00 00
               S01:0000A6B4:  39 03 00 00
               S01:0000A6B8:  38 03 00 00
               S01:0000A6BC:  37 03 00 00
F06:0107             .long      822, 821, 820, 819, 818, 818, 817, 816
               S01:0000A6C0:  36 03 00 00
               S01:0000A6C4:  35 03 00 00
               S01:0000A6C8:  34 03 00 00
               S01:0000A6CC:  33 03 00 00
               S01:0000A6D0:  32 03 00 00
               S01:0000A6D4:  32 03 00 00
               S01:0000A6D8:  31 03 00 00
               S01:0000A6DC:  30 03 00 00
F06:0108             .long      815, 814, 813, 812, 811, 810, 809, 808
               S01:0000A6E0:  2F 03 00 00
               S01:0000A6E4:  2E 03 00 00
               S01:0000A6E8:  2D 03 00 00
               S01:0000A6EC:  2C 03 00 00
               S01:0000A6F0:  2B 03 00 00
               S01:0000A6F4:  2A 03 00 00
               S01:0000A6F8:  29 03 00 00
               S01:0000A6FC:  28 03 00 00
F06:0109             .long      807, 806, 805, 804, 803, 802, 802, 801
               S01:0000A700:  27 03 00 00
               S01:0000A704:  26 03 00 00
               S01:0000A708:  25 03 00 00
               S01:0000A70C:  24 03 00 00
               S01:0000A710:  23 03 00 00
               S01:0000A714:  22 03 00 00
               S01:0000A718:  22 03 00 00
               S01:0000A71C:  21 03 00 00
F06:0110             .long      800, 799, 798, 797, 796, 795, 794, 793
               S01:0000A720:  20 03 00 00
               S01:0000A724:  1F 03 00 00
               S01:0000A728:  1E 03 00 00
               S01:0000A72C:  1D 03 00 00
               S01:0000A730:  1C 03 00 00
               S01:0000A734:  1B 03 00 00
               S01:0000A738:  1A 03 00 00
               S01:0000A73C:  19 03 00 00
F06:0111             .long      792, 792, 791, 790, 789, 788, 787, 786
               S01:0000A740:  18 03 00 00
               S01:0000A744:  18 03 00 00
               S01:0000A748:  17 03 00 00
               S01:0000A74C:  16 03 00 00
               S01:0000A750:  15 03 00 00
               S01:0000A754:  14 03 00 00
               S01:0000A758:  13 03 00 00
               S01:0000A75C:  12 03 00 00
F06:0112             .long      785, 784, 784, 783, 782, 781, 780, 779
               S01:0000A760:  11 03 00 00
               S01:0000A764:  10 03 00 00
               S01:0000A768:  10 03 00 00
               S01:0000A76C:  0F 03 00 00
               S01:0000A770:  0E 03 00 00
               S01:0000A774:  0D 03 00 00
               S01:0000A778:  0C 03 00 00
               S01:0000A77C:  0B 03 00 00
F06:0113             .long      778, 777, 777, 776, 775, 774, 773, 772
               S01:0000A780:  0A 03 00 00
               S01:0000A784:  09 03 00 00
               S01:0000A788:  09 03 00 00
               S01:0000A78C:  08 03 00 00
               S01:0000A790:  07 03 00 00
               S01:0000A794:  06 03 00 00
               S01:0000A798:  05 03 00 00
               S01:0000A79C:  04 03 00 00
F06:0114             .long      771, 771, 770, 769, 768, 767, 766, 765
               S01:0000A7A0:  03 03 00 00
               S01:0000A7A4:  03 03 00 00
               S01:0000A7A8:  02 03 00 00
               S01:0000A7AC:  01 03 00 00
               S01:0000A7B0:  00 03 00 00
               S01:0000A7B4:  FF 02 00 00
               S01:0000A7B8:  FE 02 00 00
               S01:0000A7BC:  FD 02 00 00
F06:0115             .long      765, 764, 763, 762, 761, 760, 760, 759
               S01:0000A7C0:  FD 02 00 00
               S01:0000A7C4:  FC 02 00 00
               S01:0000A7C8:  FB 02 00 00
               S01:0000A7CC:  FA 02 00 00
               S01:0000A7D0:  F9 02 00 00
               S01:0000A7D4:  F8 02 00 00
               S01:0000A7D8:  F8 02 00 00
               S01:0000A7DC:  F7 02 00 00
F06:0116             .long      758, 757, 756, 756, 755, 754, 753, 752
               S01:0000A7E0:  F6 02 00 00
               S01:0000A7E4:  F5 02 00 00
               S01:0000A7E8:  F4 02 00 00
               S01:0000A7EC:  F4 02 00 00
               S01:0000A7F0:  F3 02 00 00
               S01:0000A7F4:  F2 02 00 00
               S01:0000A7F8:  F1 02 00 00
               S01:0000A7FC:  F0 02 00 00
F06:0117             .long      751, 751, 750, 749, 748, 747, 747, 746
               S01:0000A800:  EF 02 00 00
               S01:0000A804:  EF 02 00 00
               S01:0000A808:  EE 02 00 00
               S01:0000A80C:  ED 02 00 00
               S01:0000A810:  EC 02 00 00
               S01:0000A814:  EB 02 00 00
               S01:0000A818:  EB 02 00 00
               S01:0000A81C:  EA 02 00 00
F06:0118             .long      745, 744, 743, 743, 742, 741, 740, 739
               S01:0000A820:  E9 02 00 00
               S01:0000A824:  E8 02 00 00
               S01:0000A828:  E7 02 00 00
               S01:0000A82C:  E7 02 00 00
               S01:0000A830:  E6 02 00 00
               S01:0000A834:  E5 02 00 00
               S01:0000A838:  E4 02 00 00
               S01:0000A83C:  E3 02 00 00
F06:0119             .long      739, 738, 737, 736, 736, 735, 734, 733
               S01:0000A840:  E3 02 00 00
               S01:0000A844:  E2 02 00 00
               S01:0000A848:  E1 02 00 00
               S01:0000A84C:  E0 02 00 00
               S01:0000A850:  E0 02 00 00
               S01:0000A854:  DF 02 00 00
               S01:0000A858:  DE 02 00 00
               S01:0000A85C:  DD 02 00 00
F06:0120             .long      733, 732, 731, 730, 729, 729, 728, 727
               S01:0000A860:  DD 02 00 00
               S01:0000A864:  DC 02 00 00
               S01:0000A868:  DB 02 00 00
               S01:0000A86C:  DA 02 00 00
               S01:0000A870:  D9 02 00 00
               S01:0000A874:  D9 02 00 00
               S01:0000A878:  D8 02 00 00
               S01:0000A87C:  D7 02 00 00
F06:0121             .long      726, 726, 725, 724, 723, 723, 722, 721
               S01:0000A880:  D6 02 00 00
               S01:0000A884:  D6 02 00 00
               S01:0000A888:  D5 02 00 00
               S01:0000A88C:  D4 02 00 00
               S01:0000A890:  D3 02 00 00
               S01:0000A894:  D3 02 00 00
               S01:0000A898:  D2 02 00 00
               S01:0000A89C:  D1 02 00 00
F06:0122             .long      720, 720, 719, 718, 717, 717, 716, 715
               S01:0000A8A0:  D0 02 00 00
               S01:0000A8A4:  D0 02 00 00
               S01:0000A8A8:  CF 02 00 00
               S01:0000A8AC:  CE 02 00 00
               S01:0000A8B0:  CD 02 00 00
               S01:0000A8B4:  CD 02 00 00
               S01:0000A8B8:  CC 02 00 00
               S01:0000A8BC:  CB 02 00 00
F06:0123             .long      714, 714, 713, 712, 712, 711, 710, 709
               S01:0000A8C0:  CA 02 00 00
               S01:0000A8C4:  CA 02 00 00
               S01:0000A8C8:  C9 02 00 00
               S01:0000A8CC:  C8 02 00 00
               S01:0000A8D0:  C8 02 00 00
               S01:0000A8D4:  C7 02 00 00
               S01:0000A8D8:  C6 02 00 00
               S01:0000A8DC:  C5 02 00 00
F06:0124             .long      709, 708, 707, 707, 706, 705, 704, 704
               S01:0000A8E0:  C5 02 00 00
               S01:0000A8E4:  C4 02 00 00
               S01:0000A8E8:  C3 02 00 00
               S01:0000A8EC:  C3 02 00 00
               S01:0000A8F0:  C2 02 00 00
               S01:0000A8F4:  C1 02 00 00
               S01:0000A8F8:  C0 02 00 00
               S01:0000A8FC:  C0 02 00 00
F06:0125             .long      703, 702, 702, 701, 700, 699, 699, 698
               S01:0000A900:  BF 02 00 00
               S01:0000A904:  BE 02 00 00
               S01:0000A908:  BE 02 00 00
               S01:0000A90C:  BD 02 00 00
               S01:0000A910:  BC 02 00 00
               S01:0000A914:  BB 02 00 00
               S01:0000A918:  BB 02 00 00
               S01:0000A91C:  BA 02 00 00
F06:0126             .long      697, 697, 696, 695, 695, 694, 693, 693
               S01:0000A920:  B9 02 00 00
               S01:0000A924:  B9 02 00 00
               S01:0000A928:  B8 02 00 00
               S01:0000A92C:  B7 02 00 00
               S01:0000A930:  B7 02 00 00
               S01:0000A934:  B6 02 00 00
               S01:0000A938:  B5 02 00 00
               S01:0000A93C:  B5 02 00 00
F06:0127             .long      692, 691, 690, 690, 689, 688, 688, 687
               S01:0000A940:  B4 02 00 00
               S01:0000A944:  B3 02 00 00
               S01:0000A948:  B2 02 00 00
               S01:0000A94C:  B2 02 00 00
               S01:0000A950:  B1 02 00 00
               S01:0000A954:  B0 02 00 00
               S01:0000A958:  B0 02 00 00
               S01:0000A95C:  AF 02 00 00
F06:0128             .long      686, 686, 685, 684, 684, 683, 682, 682
               S01:0000A960:  AE 02 00 00
               S01:0000A964:  AE 02 00 00
               S01:0000A968:  AD 02 00 00
               S01:0000A96C:  AC 02 00 00
               S01:0000A970:  AC 02 00 00
               S01:0000A974:  AB 02 00 00
               S01:0000A978:  AA 02 00 00
               S01:0000A97C:  AA 02 00 00
F06:0129             .long      681, 680, 680, 679, 678, 678, 677, 676
               S01:0000A980:  A9 02 00 00
               S01:0000A984:  A8 02 00 00
               S01:0000A988:  A8 02 00 00
               S01:0000A98C:  A7 02 00 00
               S01:0000A990:  A6 02 00 00
               S01:0000A994:  A6 02 00 00
               S01:0000A998:  A5 02 00 00
               S01:0000A99C:  A4 02 00 00
F06:0130             .long      676, 675, 674, 674, 673, 672, 672, 671
               S01:0000A9A0:  A4 02 00 00
               S01:0000A9A4:  A3 02 00 00
               S01:0000A9A8:  A2 02 00 00
               S01:0000A9AC:  A2 02 00 00
               S01:0000A9B0:  A1 02 00 00
               S01:0000A9B4:  A0 02 00 00
               S01:0000A9B8:  A0 02 00 00
               S01:0000A9BC:  9F 02 00 00
F06:0131             .long      671, 670, 669, 669, 668, 667, 667, 666
               S01:0000A9C0:  9F 02 00 00
               S01:0000A9C4:  9E 02 00 00
               S01:0000A9C8:  9D 02 00 00
               S01:0000A9CC:  9D 02 00 00
               S01:0000A9D0:  9C 02 00 00
               S01:0000A9D4:  9B 02 00 00
               S01:0000A9D8:  9B 02 00 00
               S01:0000A9DC:  9A 02 00 00
F06:0132             .long      665, 665, 664, 664, 663, 662, 662, 661
               S01:0000A9E0:  99 02 00 00
               S01:0000A9E4:  99 02 00 00
               S01:0000A9E8:  98 02 00 00
               S01:0000A9EC:  98 02 00 00
               S01:0000A9F0:  97 02 00 00
               S01:0000A9F4:  96 02 00 00
               S01:0000A9F8:  96 02 00 00
               S01:0000A9FC:  95 02 00 00
F06:0133             .long      660, 660, 659, 658, 658, 657, 657, 656
               S01:0000AA00:  94 02 00 00
               S01:0000AA04:  94 02 00 00
               S01:0000AA08:  93 02 00 00
               S01:0000AA0C:  92 02 00 00
               S01:0000AA10:  92 02 00 00
               S01:0000AA14:  91 02 00 00
               S01:0000AA18:  91 02 00 00
               S01:0000AA1C:  90 02 00 00
F06:0134             .long      655, 655, 654, 654, 653, 652, 652, 651
               S01:0000AA20:  8F 02 00 00
               S01:0000AA24:  8F 02 00 00
               S01:0000AA28:  8E 02 00 00
               S01:0000AA2C:  8E 02 00 00
               S01:0000AA30:  8D 02 00 00
               S01:0000AA34:  8C 02 00 00
               S01:0000AA38:  8C 02 00 00
               S01:0000AA3C:  8B 02 00 00
F06:0135             .long      651, 650, 649, 649, 648, 647, 647, 646
               S01:0000AA40:  8B 02 00 00
               S01:0000AA44:  8A 02 00 00
               S01:0000AA48:  89 02 00 00
               S01:0000AA4C:  89 02 00 00
               S01:0000AA50:  88 02 00 00
               S01:0000AA54:  87 02 00 00
               S01:0000AA58:  87 02 00 00
               S01:0000AA5C:  86 02 00 00
F06:0136             .long      646, 645, 644, 644, 643, 643, 642, 642
               S01:0000AA60:  86 02 00 00
               S01:0000AA64:  85 02 00 00
               S01:0000AA68:  84 02 00 00
               S01:0000AA6C:  84 02 00 00
               S01:0000AA70:  83 02 00 00
               S01:0000AA74:  83 02 00 00
               S01:0000AA78:  82 02 00 00
               S01:0000AA7C:  82 02 00 00
F06:0137             .long      641, 640, 640, 639, 639, 638, 637, 637
               S01:0000AA80:  81 02 00 00
               S01:0000AA84:  80 02 00 00
               S01:0000AA88:  80 02 00 00
               S01:0000AA8C:  7F 02 00 00
               S01:0000AA90:  7F 02 00 00
               S01:0000AA94:  7E 02 00 00
               S01:0000AA98:  7D 02 00 00
               S01:0000AA9C:  7D 02 00 00
F06:0138             .long      636, 636, 635, 635, 634, 633, 633, 632
               S01:0000AAA0:  7C 02 00 00
               S01:0000AAA4:  7C 02 00 00
               S01:0000AAA8:  7B 02 00 00
               S01:0000AAAC:  7B 02 00 00
               S01:0000AAB0:  7A 02 00 00
               S01:0000AAB4:  79 02 00 00
               S01:0000AAB8:  79 02 00 00
               S01:0000AABC:  78 02 00 00
F06:0139             .long      632, 631, 631, 630, 629, 629, 628, 628
               S01:0000AAC0:  78 02 00 00
               S01:0000AAC4:  77 02 00 00
               S01:0000AAC8:  77 02 00 00
               S01:0000AACC:  76 02 00 00
               S01:0000AAD0:  75 02 00 00
               S01:0000AAD4:  75 02 00 00
               S01:0000AAD8:  74 02 00 00
               S01:0000AADC:  74 02 00 00
F06:0140             .long      627, 627, 626, 625, 625, 624, 624, 623
               S01:0000AAE0:  73 02 00 00
               S01:0000AAE4:  73 02 00 00
               S01:0000AAE8:  72 02 00 00
               S01:0000AAEC:  71 02 00 00
               S01:0000AAF0:  71 02 00 00
               S01:0000AAF4:  70 02 00 00
               S01:0000AAF8:  70 02 00 00
               S01:0000AAFC:  6F 02 00 00
F06:0141             .long      623, 622, 622, 621, 620, 620, 619, 619
               S01:0000AB00:  6F 02 00 00
               S01:0000AB04:  6E 02 00 00
               S01:0000AB08:  6E 02 00 00
               S01:0000AB0C:  6D 02 00 00
               S01:0000AB10:  6C 02 00 00
               S01:0000AB14:  6C 02 00 00
               S01:0000AB18:  6B 02 00 00
               S01:0000AB1C:  6B 02 00 00
F06:0142             .long      618, 618, 617, 617, 616, 615, 615, 614
               S01:0000AB20:  6A 02 00 00
               S01:0000AB24:  6A 02 00 00
               S01:0000AB28:  69 02 00 00
               S01:0000AB2C:  69 02 00 00
               S01:0000AB30:  68 02 00 00
               S01:0000AB34:  67 02 00 00
               S01:0000AB38:  67 02 00 00
               S01:0000AB3C:  66 02 00 00
F06:0143             .long      614, 613, 613, 612, 612, 611, 611, 610
               S01:0000AB40:  66 02 00 00
               S01:0000AB44:  65 02 00 00
               S01:0000AB48:  65 02 00 00
               S01:0000AB4C:  64 02 00 00
               S01:0000AB50:  64 02 00 00
               S01:0000AB54:  63 02 00 00
               S01:0000AB58:  63 02 00 00
               S01:0000AB5C:  62 02 00 00
F06:0144             .long      610, 609, 609, 608, 607, 607, 606, 606
               S01:0000AB60:  62 02 00 00
               S01:0000AB64:  61 02 00 00
               S01:0000AB68:  61 02 00 00
               S01:0000AB6C:  60 02 00 00
               S01:0000AB70:  5F 02 00 00
               S01:0000AB74:  5F 02 00 00
               S01:0000AB78:  5E 02 00 00
               S01:0000AB7C:  5E 02 00 00
F06:0145             .long      605, 605, 604, 604, 603, 603, 602, 602
               S01:0000AB80:  5D 02 00 00
               S01:0000AB84:  5D 02 00 00
               S01:0000AB88:  5C 02 00 00
               S01:0000AB8C:  5C 02 00 00
               S01:0000AB90:  5B 02 00 00
               S01:0000AB94:  5B 02 00 00
               S01:0000AB98:  5A 02 00 00
               S01:0000AB9C:  5A 02 00 00
F06:0146             .long      601, 601, 600, 600, 599, 599, 598, 598
               S01:0000ABA0:  59 02 00 00
               S01:0000ABA4:  59 02 00 00
               S01:0000ABA8:  58 02 00 00
               S01:0000ABAC:  58 02 00 00
               S01:0000ABB0:  57 02 00 00
               S01:0000ABB4:  57 02 00 00
               S01:0000ABB8:  56 02 00 00
               S01:0000ABBC:  56 02 00 00
F06:0147             .long      597, 597, 596, 596, 595, 594, 594, 593
               S01:0000ABC0:  55 02 00 00
               S01:0000ABC4:  55 02 00 00
               S01:0000ABC8:  54 02 00 00
               S01:0000ABCC:  54 02 00 00
               S01:0000ABD0:  53 02 00 00
               S01:0000ABD4:  52 02 00 00
               S01:0000ABD8:  52 02 00 00
               S01:0000ABDC:  51 02 00 00
F06:0148             .long      593, 592, 592, 591, 591, 590, 590, 589
               S01:0000ABE0:  51 02 00 00
               S01:0000ABE4:  50 02 00 00
               S01:0000ABE8:  50 02 00 00
               S01:0000ABEC:  4F 02 00 00
               S01:0000ABF0:  4F 02 00 00
               S01:0000ABF4:  4E 02 00 00
               S01:0000ABF8:  4E 02 00 00
               S01:0000ABFC:  4D 02 00 00
F06:0149             .long      589, 588, 588, 587, 587, 586, 586, 586
               S01:0000AC00:  4D 02 00 00
               S01:0000AC04:  4C 02 00 00
               S01:0000AC08:  4C 02 00 00
               S01:0000AC0C:  4B 02 00 00
               S01:0000AC10:  4B 02 00 00
               S01:0000AC14:  4A 02 00 00
               S01:0000AC18:  4A 02 00 00
               S01:0000AC1C:  4A 02 00 00
F06:0150             .long      585, 585, 584, 584, 583, 583, 582, 582
               S01:0000AC20:  49 02 00 00
               S01:0000AC24:  49 02 00 00
               S01:0000AC28:  48 02 00 00
               S01:0000AC2C:  48 02 00 00
               S01:0000AC30:  47 02 00 00
               S01:0000AC34:  47 02 00 00
               S01:0000AC38:  46 02 00 00
               S01:0000AC3C:  46 02 00 00
F06:0151             .long      581, 581, 580, 580, 579, 579, 578, 578
               S01:0000AC40:  45 02 00 00
               S01:0000AC44:  45 02 00 00
               S01:0000AC48:  44 02 00 00
               S01:0000AC4C:  44 02 00 00
               S01:0000AC50:  43 02 00 00
               S01:0000AC54:  43 02 00 00
               S01:0000AC58:  42 02 00 00
               S01:0000AC5C:  42 02 00 00
F06:0152             .long      577, 577, 576, 576, 575, 575, 574, 574
               S01:0000AC60:  41 02 00 00
               S01:0000AC64:  41 02 00 00
               S01:0000AC68:  40 02 00 00
               S01:0000AC6C:  40 02 00 00
               S01:0000AC70:  3F 02 00 00
               S01:0000AC74:  3F 02 00 00
               S01:0000AC78:  3E 02 00 00
               S01:0000AC7C:  3E 02 00 00
F06:0153             .long      573, 573, 573, 572, 572, 571, 571, 570
               S01:0000AC80:  3D 02 00 00
               S01:0000AC84:  3D 02 00 00
               S01:0000AC88:  3D 02 00 00
               S01:0000AC8C:  3C 02 00 00
               S01:0000AC90:  3C 02 00 00
               S01:0000AC94:  3B 02 00 00
               S01:0000AC98:  3B 02 00 00
               S01:0000AC9C:  3A 02 00 00
F06:0154             .long      570, 569, 569, 568, 568, 567, 567, 566
               S01:0000ACA0:  3A 02 00 00
               S01:0000ACA4:  39 02 00 00
               S01:0000ACA8:  39 02 00 00
               S01:0000ACAC:  38 02 00 00
               S01:0000ACB0:  38 02 00 00
               S01:0000ACB4:  37 02 00 00
               S01:0000ACB8:  37 02 00 00
               S01:0000ACBC:  36 02 00 00
F06:0155             .long      566, 566, 565, 565, 564, 564, 563, 563
               S01:0000ACC0:  36 02 00 00
               S01:0000ACC4:  36 02 00 00
               S01:0000ACC8:  35 02 00 00
               S01:0000ACCC:  35 02 00 00
               S01:0000ACD0:  34 02 00 00
               S01:0000ACD4:  34 02 00 00
               S01:0000ACD8:  33 02 00 00
               S01:0000ACDC:  33 02 00 00
F06:0156             .long      562, 562, 561, 561, 561, 560, 560, 559
               S01:0000ACE0:  32 02 00 00
               S01:0000ACE4:  32 02 00 00
               S01:0000ACE8:  31 02 00 00
               S01:0000ACEC:  31 02 00 00
               S01:0000ACF0:  31 02 00 00
               S01:0000ACF4:  30 02 00 00
               S01:0000ACF8:  30 02 00 00
               S01:0000ACFC:  2F 02 00 00
F06:0157             .long      559, 558, 558, 557, 557, 557, 556, 556
               S01:0000AD00:  2F 02 00 00
               S01:0000AD04:  2E 02 00 00
               S01:0000AD08:  2E 02 00 00
               S01:0000AD0C:  2D 02 00 00
               S01:0000AD10:  2D 02 00 00
               S01:0000AD14:  2D 02 00 00
               S01:0000AD18:  2C 02 00 00
               S01:0000AD1C:  2C 02 00 00
F06:0158             .long      555, 555, 554, 554, 553, 553, 553, 552
               S01:0000AD20:  2B 02 00 00
               S01:0000AD24:  2B 02 00 00
               S01:0000AD28:  2A 02 00 00
               S01:0000AD2C:  2A 02 00 00
               S01:0000AD30:  29 02 00 00
               S01:0000AD34:  29 02 00 00
               S01:0000AD38:  29 02 00 00
               S01:0000AD3C:  28 02 00 00
F06:0159             .long      552, 551, 551, 550, 550, 550, 549, 549
               S01:0000AD40:  28 02 00 00
               S01:0000AD44:  27 02 00 00
               S01:0000AD48:  27 02 00 00
               S01:0000AD4C:  26 02 00 00
               S01:0000AD50:  26 02 00 00
               S01:0000AD54:  26 02 00 00
               S01:0000AD58:  25 02 00 00
               S01:0000AD5C:  25 02 00 00
F06:0160             .long      548, 548, 547, 547, 547, 546, 546, 545
               S01:0000AD60:  24 02 00 00
               S01:0000AD64:  24 02 00 00
               S01:0000AD68:  23 02 00 00
               S01:0000AD6C:  23 02 00 00
               S01:0000AD70:  23 02 00 00
               S01:0000AD74:  22 02 00 00
               S01:0000AD78:  22 02 00 00
               S01:0000AD7C:  21 02 00 00
F06:0161             .long      545, 544, 544, 544, 543, 543, 542, 542
               S01:0000AD80:  21 02 00 00
               S01:0000AD84:  20 02 00 00
               S01:0000AD88:  20 02 00 00
               S01:0000AD8C:  20 02 00 00
               S01:0000AD90:  1F 02 00 00
               S01:0000AD94:  1F 02 00 00
               S01:0000AD98:  1E 02 00 00
               S01:0000AD9C:  1E 02 00 00
F06:0162             .long      541, 541, 541, 540, 540, 539, 539, 538
               S01:0000ADA0:  1D 02 00 00
               S01:0000ADA4:  1D 02 00 00
               S01:0000ADA8:  1D 02 00 00
               S01:0000ADAC:  1C 02 00 00
               S01:0000ADB0:  1C 02 00 00
               S01:0000ADB4:  1B 02 00 00
               S01:0000ADB8:  1B 02 00 00
               S01:0000ADBC:  1A 02 00 00
F06:0163             .long      538, 538, 537, 537, 536, 536, 536, 535
               S01:0000ADC0:  1A 02 00 00
               S01:0000ADC4:  1A 02 00 00
               S01:0000ADC8:  19 02 00 00
               S01:0000ADCC:  19 02 00 00
               S01:0000ADD0:  18 02 00 00
               S01:0000ADD4:  18 02 00 00
               S01:0000ADD8:  18 02 00 00
               S01:0000ADDC:  17 02 00 00
F06:0164             .long      535, 534, 534, 534, 533, 533, 532, 532
               S01:0000ADE0:  17 02 00 00
               S01:0000ADE4:  16 02 00 00
               S01:0000ADE8:  16 02 00 00
               S01:0000ADEC:  16 02 00 00
               S01:0000ADF0:  15 02 00 00
               S01:0000ADF4:  15 02 00 00
               S01:0000ADF8:  14 02 00 00
               S01:0000ADFC:  14 02 00 00
F06:0165             .long      532, 531, 531, 530, 530, 529, 529, 529
               S01:0000AE00:  14 02 00 00
               S01:0000AE04:  13 02 00 00
               S01:0000AE08:  13 02 00 00
               S01:0000AE0C:  12 02 00 00
               S01:0000AE10:  12 02 00 00
               S01:0000AE14:  11 02 00 00
               S01:0000AE18:  11 02 00 00
               S01:0000AE1C:  11 02 00 00
F06:0166             .long      528, 528, 527, 527, 527, 526, 526, 526
               S01:0000AE20:  10 02 00 00
               S01:0000AE24:  10 02 00 00
               S01:0000AE28:  0F 02 00 00
               S01:0000AE2C:  0F 02 00 00
               S01:0000AE30:  0F 02 00 00
               S01:0000AE34:  0E 02 00 00
               S01:0000AE38:  0E 02 00 00
               S01:0000AE3C:  0E 02 00 00
F06:0167             .long      525, 525, 524, 524, 524, 523, 523, 522
               S01:0000AE40:  0D 02 00 00
               S01:0000AE44:  0D 02 00 00
               S01:0000AE48:  0C 02 00 00
               S01:0000AE4C:  0C 02 00 00
               S01:0000AE50:  0C 02 00 00
               S01:0000AE54:  0B 02 00 00
               S01:0000AE58:  0B 02 00 00
               S01:0000AE5C:  0A 02 00 00
F06:0168             .long      522, 522, 521, 521, 520, 520, 520, 519
               S01:0000AE60:  0A 02 00 00
               S01:0000AE64:  0A 02 00 00
               S01:0000AE68:  09 02 00 00
               S01:0000AE6C:  09 02 00 00
               S01:0000AE70:  08 02 00 00
               S01:0000AE74:  08 02 00 00
               S01:0000AE78:  08 02 00 00
               S01:0000AE7C:  07 02 00 00
F06:0169             .long      519, 518, 518, 518, 517, 517, 517, 516
               S01:0000AE80:  07 02 00 00
               S01:0000AE84:  06 02 00 00
               S01:0000AE88:  06 02 00 00
               S01:0000AE8C:  06 02 00 00
               S01:0000AE90:  05 02 00 00
               S01:0000AE94:  05 02 00 00
               S01:0000AE98:  05 02 00 00
               S01:0000AE9C:  04 02 00 00
F06:0170             .long      516, 515, 515, 515, 514, 514, 514, 513
               S01:0000AEA0:  04 02 00 00
               S01:0000AEA4:  03 02 00 00
               S01:0000AEA8:  03 02 00 00
               S01:0000AEAC:  03 02 00 00
               S01:0000AEB0:  02 02 00 00
               S01:0000AEB4:  02 02 00 00
               S01:0000AEB8:  02 02 00 00
               S01:0000AEBC:  01 02 00 00
F06:0171             .long      513, 512, 512, 512, 511, 511, 511, 510
               S01:0000AEC0:  01 02 00 00
               S01:0000AEC4:  00 02 00 00
               S01:0000AEC8:  00 02 00 00
               S01:0000AECC:  00 02 00 00
               S01:0000AED0:  FF 01 00 00
               S01:0000AED4:  FF 01 00 00
               S01:0000AED8:  FF 01 00 00
               S01:0000AEDC:  FE 01 00 00
F06:0172             .long      510, 509, 509, 509, 508, 508, 508, 507
               S01:0000AEE0:  FE 01 00 00
               S01:0000AEE4:  FD 01 00 00
               S01:0000AEE8:  FD 01 00 00
               S01:0000AEEC:  FD 01 00 00
               S01:0000AEF0:  FC 01 00 00
               S01:0000AEF4:  FC 01 00 00
               S01:0000AEF8:  FC 01 00 00
               S01:0000AEFC:  FB 01 00 00
F06:0173             .long      507, 506, 506, 506, 505, 505, 505, 504
               S01:0000AF00:  FB 01 00 00
               S01:0000AF04:  FA 01 00 00
               S01:0000AF08:  FA 01 00 00
               S01:0000AF0C:  FA 01 00 00
               S01:0000AF10:  F9 01 00 00
               S01:0000AF14:  F9 01 00 00
               S01:0000AF18:  F9 01 00 00
               S01:0000AF1C:  F8 01 00 00
F06:0174             .long      504, 504, 503, 503, 502, 502, 502, 501
               S01:0000AF20:  F8 01 00 00
               S01:0000AF24:  F8 01 00 00
               S01:0000AF28:  F7 01 00 00
               S01:0000AF2C:  F7 01 00 00
               S01:0000AF30:  F6 01 00 00
               S01:0000AF34:  F6 01 00 00
               S01:0000AF38:  F6 01 00 00
               S01:0000AF3C:  F5 01 00 00
F06:0175             .long      501, 501, 500, 500, 500, 499, 499, 498
               S01:0000AF40:  F5 01 00 00
               S01:0000AF44:  F5 01 00 00
               S01:0000AF48:  F4 01 00 00
               S01:0000AF4C:  F4 01 00 00
               S01:0000AF50:  F4 01 00 00
               S01:0000AF54:  F3 01 00 00
               S01:0000AF58:  F3 01 00 00
               S01:0000AF5C:  F2 01 00 00
F06:0176             .long      498, 498, 497, 497, 497, 496, 496, 496
               S01:0000AF60:  F2 01 00 00
               S01:0000AF64:  F2 01 00 00
               S01:0000AF68:  F1 01 00 00
               S01:0000AF6C:  F1 01 00 00
               S01:0000AF70:  F1 01 00 00
               S01:0000AF74:  F0 01 00 00
               S01:0000AF78:  F0 01 00 00
               S01:0000AF7C:  F0 01 00 00
F06:0177             .long      495, 495, 495, 494, 494, 494, 493, 493
               S01:0000AF80:  EF 01 00 00
               S01:0000AF84:  EF 01 00 00
               S01:0000AF88:  EF 01 00 00
               S01:0000AF8C:  EE 01 00 00
               S01:0000AF90:  EE 01 00 00
               S01:0000AF94:  EE 01 00 00
               S01:0000AF98:  ED 01 00 00
               S01:0000AF9C:  ED 01 00 00
F06:0178             .long      492, 492, 492, 491, 491, 491, 490, 490
               S01:0000AFA0:  EC 01 00 00
               S01:0000AFA4:  EC 01 00 00
               S01:0000AFA8:  EC 01 00 00
               S01:0000AFAC:  EB 01 00 00
               S01:0000AFB0:  EB 01 00 00
               S01:0000AFB4:  EB 01 00 00
               S01:0000AFB8:  EA 01 00 00
               S01:0000AFBC:  EA 01 00 00
F06:0179             .long      490, 489, 489, 489, 488, 488, 488, 487
               S01:0000AFC0:  EA 01 00 00
               S01:0000AFC4:  E9 01 00 00
               S01:0000AFC8:  E9 01 00 00
               S01:0000AFCC:  E9 01 00 00
               S01:0000AFD0:  E8 01 00 00
               S01:0000AFD4:  E8 01 00 00
               S01:0000AFD8:  E8 01 00 00
               S01:0000AFDC:  E7 01 00 00
F06:0180             .long      487, 487, 486, 486, 486, 485, 485, 485
               S01:0000AFE0:  E7 01 00 00
               S01:0000AFE4:  E7 01 00 00
               S01:0000AFE8:  E6 01 00 00
               S01:0000AFEC:  E6 01 00 00
               S01:0000AFF0:  E6 01 00 00
               S01:0000AFF4:  E5 01 00 00
               S01:0000AFF8:  E5 01 00 00
               S01:0000AFFC:  E5 01 00 00
F06:0181             .long      484, 484, 484, 483, 483, 483, 482, 482
               S01:0000B000:  E4 01 00 00
               S01:0000B004:  E4 01 00 00
               S01:0000B008:  E4 01 00 00
               S01:0000B00C:  E3 01 00 00
               S01:0000B010:  E3 01 00 00
               S01:0000B014:  E3 01 00 00
               S01:0000B018:  E2 01 00 00
               S01:0000B01C:  E2 01 00 00
F06:0182             .long      482, 481, 481, 481, 480, 480, 480, 479
               S01:0000B020:  E2 01 00 00
               S01:0000B024:  E1 01 00 00
               S01:0000B028:  E1 01 00 00
               S01:0000B02C:  E1 01 00 00
               S01:0000B030:  E0 01 00 00
               S01:0000B034:  E0 01 00 00
               S01:0000B038:  E0 01 00 00
               S01:0000B03C:  DF 01 00 00
F06:0183             .long      479, 479, 478, 478, 478, 477, 477, 477
               S01:0000B040:  DF 01 00 00
               S01:0000B044:  DF 01 00 00
               S01:0000B048:  DE 01 00 00
               S01:0000B04C:  DE 01 00 00
               S01:0000B050:  DE 01 00 00
               S01:0000B054:  DD 01 00 00
               S01:0000B058:  DD 01 00 00
               S01:0000B05C:  DD 01 00 00
F06:0184             .long      476, 476, 476, 475, 475, 475, 474, 474
               S01:0000B060:  DC 01 00 00
               S01:0000B064:  DC 01 00 00
               S01:0000B068:  DC 01 00 00
               S01:0000B06C:  DB 01 00 00
               S01:0000B070:  DB 01 00 00
               S01:0000B074:  DB 01 00 00
               S01:0000B078:  DA 01 00 00
               S01:0000B07C:  DA 01 00 00
F06:0185             .long      474, 473, 473, 473, 472, 472, 472, 471
               S01:0000B080:  DA 01 00 00
               S01:0000B084:  D9 01 00 00
               S01:0000B088:  D9 01 00 00
               S01:0000B08C:  D9 01 00 00
               S01:0000B090:  D8 01 00 00
               S01:0000B094:  D8 01 00 00
               S01:0000B098:  D8 01 00 00
               S01:0000B09C:  D7 01 00 00
F06:0186             .long      471, 471, 471, 470, 470, 470, 469, 469
               S01:0000B0A0:  D7 01 00 00
               S01:0000B0A4:  D7 01 00 00
               S01:0000B0A8:  D7 01 00 00
               S01:0000B0AC:  D6 01 00 00
               S01:0000B0B0:  D6 01 00 00
               S01:0000B0B4:  D6 01 00 00
               S01:0000B0B8:  D5 01 00 00
               S01:0000B0BC:  D5 01 00 00
F06:0187             .long      469, 468, 468, 468, 467, 467, 467, 466
               S01:0000B0C0:  D5 01 00 00
               S01:0000B0C4:  D4 01 00 00
               S01:0000B0C8:  D4 01 00 00
               S01:0000B0CC:  D4 01 00 00
               S01:0000B0D0:  D3 01 00 00
               S01:0000B0D4:  D3 01 00 00
               S01:0000B0D8:  D3 01 00 00
               S01:0000B0DC:  D2 01 00 00
F06:0188             .long      466, 466, 466, 465, 465, 465, 464, 464
               S01:0000B0E0:  D2 01 00 00
               S01:0000B0E4:  D2 01 00 00
               S01:0000B0E8:  D2 01 00 00
               S01:0000B0EC:  D1 01 00 00
               S01:0000B0F0:  D1 01 00 00
               S01:0000B0F4:  D1 01 00 00
               S01:0000B0F8:  D0 01 00 00
               S01:0000B0FC:  D0 01 00 00
F06:0189             .long      464, 463, 463, 463, 462, 462, 462, 462
               S01:0000B100:  D0 01 00 00
               S01:0000B104:  CF 01 00 00
               S01:0000B108:  CF 01 00 00
               S01:0000B10C:  CF 01 00 00
               S01:0000B110:  CE 01 00 00
               S01:0000B114:  CE 01 00 00
               S01:0000B118:  CE 01 00 00
               S01:0000B11C:  CE 01 00 00
F06:0190             .long      461, 461, 461, 460, 460, 460, 459, 459
               S01:0000B120:  CD 01 00 00
               S01:0000B124:  CD 01 00 00
               S01:0000B128:  CD 01 00 00
               S01:0000B12C:  CC 01 00 00
               S01:0000B130:  CC 01 00 00
               S01:0000B134:  CC 01 00 00
               S01:0000B138:  CB 01 00 00
               S01:0000B13C:  CB 01 00 00
F06:0191             .long      459, 458, 458, 458, 458, 457, 457, 457
               S01:0000B140:  CB 01 00 00
               S01:0000B144:  CA 01 00 00
               S01:0000B148:  CA 01 00 00
               S01:0000B14C:  CA 01 00 00
               S01:0000B150:  CA 01 00 00
               S01:0000B154:  C9 01 00 00
               S01:0000B158:  C9 01 00 00
               S01:0000B15C:  C9 01 00 00
F06:0192             .long      456, 456, 456, 455, 455, 455, 455, 454
               S01:0000B160:  C8 01 00 00
               S01:0000B164:  C8 01 00 00
               S01:0000B168:  C8 01 00 00
               S01:0000B16C:  C7 01 00 00
               S01:0000B170:  C7 01 00 00
               S01:0000B174:  C7 01 00 00
               S01:0000B178:  C7 01 00 00
               S01:0000B17C:  C6 01 00 00
F06:0193             .long      454, 454, 453, 453, 453, 453, 452, 452
               S01:0000B180:  C6 01 00 00
               S01:0000B184:  C6 01 00 00
               S01:0000B188:  C5 01 00 00
               S01:0000B18C:  C5 01 00 00
               S01:0000B190:  C5 01 00 00
               S01:0000B194:  C5 01 00 00
               S01:0000B198:  C4 01 00 00
               S01:0000B19C:  C4 01 00 00
F06:0194             .long      452, 451, 451, 451, 450, 450, 450, 450
               S01:0000B1A0:  C4 01 00 00
               S01:0000B1A4:  C3 01 00 00
               S01:0000B1A8:  C3 01 00 00
               S01:0000B1AC:  C3 01 00 00
               S01:0000B1B0:  C2 01 00 00
               S01:0000B1B4:  C2 01 00 00
               S01:0000B1B8:  C2 01 00 00
               S01:0000B1BC:  C2 01 00 00
F06:0195             .long      449, 449, 449, 448, 448, 448, 448, 447
               S01:0000B1C0:  C1 01 00 00
               S01:0000B1C4:  C1 01 00 00
               S01:0000B1C8:  C1 01 00 00
               S01:0000B1CC:  C0 01 00 00
               S01:0000B1D0:  C0 01 00 00
               S01:0000B1D4:  C0 01 00 00
               S01:0000B1D8:  C0 01 00 00
               S01:0000B1DC:  BF 01 00 00
F06:0196             .long      447, 447, 446, 446, 446, 446, 445, 445
               S01:0000B1E0:  BF 01 00 00
               S01:0000B1E4:  BF 01 00 00
               S01:0000B1E8:  BE 01 00 00
               S01:0000B1EC:  BE 01 00 00
               S01:0000B1F0:  BE 01 00 00
               S01:0000B1F4:  BE 01 00 00
               S01:0000B1F8:  BD 01 00 00
               S01:0000B1FC:  BD 01 00 00
F06:0197             .long      445, 444, 444, 444, 444, 443, 443, 443
               S01:0000B200:  BD 01 00 00
               S01:0000B204:  BC 01 00 00
               S01:0000B208:  BC 01 00 00
               S01:0000B20C:  BC 01 00 00
               S01:0000B210:  BC 01 00 00
               S01:0000B214:  BB 01 00 00
               S01:0000B218:  BB 01 00 00
               S01:0000B21C:  BB 01 00 00
F06:0198             .long      442, 442, 442, 442, 441, 441, 441, 441
               S01:0000B220:  BA 01 00 00
               S01:0000B224:  BA 01 00 00
               S01:0000B228:  BA 01 00 00
               S01:0000B22C:  BA 01 00 00
               S01:0000B230:  B9 01 00 00
               S01:0000B234:  B9 01 00 00
               S01:0000B238:  B9 01 00 00
               S01:0000B23C:  B9 01 00 00
F06:0199             .long      440, 440, 440, 439, 439, 439, 439, 438
               S01:0000B240:  B8 01 00 00
               S01:0000B244:  B8 01 00 00
               S01:0000B248:  B8 01 00 00
               S01:0000B24C:  B7 01 00 00
               S01:0000B250:  B7 01 00 00
               S01:0000B254:  B7 01 00 00
               S01:0000B258:  B7 01 00 00
               S01:0000B25C:  B6 01 00 00
F06:0200             .long      438, 438, 437, 437, 437, 437, 436, 436
               S01:0000B260:  B6 01 00 00
               S01:0000B264:  B6 01 00 00
               S01:0000B268:  B5 01 00 00
               S01:0000B26C:  B5 01 00 00
               S01:0000B270:  B5 01 00 00
               S01:0000B274:  B5 01 00 00
               S01:0000B278:  B4 01 00 00
               S01:0000B27C:  B4 01 00 00
F06:0201             .long      436, 436, 435, 435, 435, 434, 434, 434
               S01:0000B280:  B4 01 00 00
               S01:0000B284:  B4 01 00 00
               S01:0000B288:  B3 01 00 00
               S01:0000B28C:  B3 01 00 00
               S01:0000B290:  B3 01 00 00
               S01:0000B294:  B2 01 00 00
               S01:0000B298:  B2 01 00 00
               S01:0000B29C:  B2 01 00 00
F06:0202             .long      434, 433, 433, 433, 433, 432, 432, 432
               S01:0000B2A0:  B2 01 00 00
               S01:0000B2A4:  B1 01 00 00
               S01:0000B2A8:  B1 01 00 00
               S01:0000B2AC:  B1 01 00 00
               S01:0000B2B0:  B1 01 00 00
               S01:0000B2B4:  B0 01 00 00
               S01:0000B2B8:  B0 01 00 00
               S01:0000B2BC:  B0 01 00 00
F06:0203             .long      432, 431, 431, 431, 430, 430, 430, 430
               S01:0000B2C0:  B0 01 00 00
               S01:0000B2C4:  AF 01 00 00
               S01:0000B2C8:  AF 01 00 00
               S01:0000B2CC:  AF 01 00 00
               S01:0000B2D0:  AE 01 00 00
               S01:0000B2D4:  AE 01 00 00
               S01:0000B2D8:  AE 01 00 00
               S01:0000B2DC:  AE 01 00 00
F06:0204             .long      429, 429, 429, 429, 428, 428, 428, 428
               S01:0000B2E0:  AD 01 00 00
               S01:0000B2E4:  AD 01 00 00
               S01:0000B2E8:  AD 01 00 00
               S01:0000B2EC:  AD 01 00 00
               S01:0000B2F0:  AC 01 00 00
               S01:0000B2F4:  AC 01 00 00
               S01:0000B2F8:  AC 01 00 00
               S01:0000B2FC:  AC 01 00 00
F06:0205             .long      427, 427, 427, 427, 426, 426, 426, 425
               S01:0000B300:  AB 01 00 00
               S01:0000B304:  AB 01 00 00
               S01:0000B308:  AB 01 00 00
               S01:0000B30C:  AB 01 00 00
               S01:0000B310:  AA 01 00 00
               S01:0000B314:  AA 01 00 00
               S01:0000B318:  AA 01 00 00
               S01:0000B31C:  A9 01 00 00
F06:0206             .long      425, 425, 425, 424, 424, 424, 424, 423
               S01:0000B320:  A9 01 00 00
               S01:0000B324:  A9 01 00 00
               S01:0000B328:  A9 01 00 00
               S01:0000B32C:  A8 01 00 00
               S01:0000B330:  A8 01 00 00
               S01:0000B334:  A8 01 00 00
               S01:0000B338:  A8 01 00 00
               S01:0000B33C:  A7 01 00 00
F06:0207             .long      423, 423, 423, 422, 422, 422, 422, 421
               S01:0000B340:  A7 01 00 00
               S01:0000B344:  A7 01 00 00
               S01:0000B348:  A7 01 00 00
               S01:0000B34C:  A6 01 00 00
               S01:0000B350:  A6 01 00 00
               S01:0000B354:  A6 01 00 00
               S01:0000B358:  A6 01 00 00
               S01:0000B35C:  A5 01 00 00
F06:0208             .long      421, 421, 421, 420, 420, 420, 420, 419
               S01:0000B360:  A5 01 00 00
               S01:0000B364:  A5 01 00 00
               S01:0000B368:  A5 01 00 00
               S01:0000B36C:  A4 01 00 00
               S01:0000B370:  A4 01 00 00
               S01:0000B374:  A4 01 00 00
               S01:0000B378:  A4 01 00 00
               S01:0000B37C:  A3 01 00 00
F06:0209             .long      419, 419, 419, 418, 418, 418, 418, 417
               S01:0000B380:  A3 01 00 00
               S01:0000B384:  A3 01 00 00
               S01:0000B388:  A3 01 00 00
               S01:0000B38C:  A2 01 00 00
               S01:0000B390:  A2 01 00 00
               S01:0000B394:  A2 01 00 00
               S01:0000B398:  A2 01 00 00
               S01:0000B39C:  A1 01 00 00
F06:0210             .long      417, 417, 417, 416, 416, 416, 416, 415
               S01:0000B3A0:  A1 01 00 00
               S01:0000B3A4:  A1 01 00 00
               S01:0000B3A8:  A1 01 00 00
               S01:0000B3AC:  A0 01 00 00
               S01:0000B3B0:  A0 01 00 00
               S01:0000B3B4:  A0 01 00 00
               S01:0000B3B8:  A0 01 00 00
               S01:0000B3BC:  9F 01 00 00
F06:0211             .long      415, 415, 415, 414, 414, 414, 414, 413
               S01:0000B3C0:  9F 01 00 00
               S01:0000B3C4:  9F 01 00 00
               S01:0000B3C8:  9F 01 00 00
               S01:0000B3CC:  9E 01 00 00
               S01:0000B3D0:  9E 01 00 00
               S01:0000B3D4:  9E 01 00 00
               S01:0000B3D8:  9E 01 00 00
               S01:0000B3DC:  9D 01 00 00
F06:0212             .long      413, 413, 413, 412, 412, 412, 412, 411
               S01:0000B3E0:  9D 01 00 00
               S01:0000B3E4:  9D 01 00 00
               S01:0000B3E8:  9D 01 00 00
               S01:0000B3EC:  9C 01 00 00
               S01:0000B3F0:  9C 01 00 00
               S01:0000B3F4:  9C 01 00 00
               S01:0000B3F8:  9C 01 00 00
               S01:0000B3FC:  9B 01 00 00
F06:0213             .long      411, 411, 411, 410, 410, 410, 410, 409
               S01:0000B400:  9B 01 00 00
               S01:0000B404:  9B 01 00 00
               S01:0000B408:  9B 01 00 00
               S01:0000B40C:  9A 01 00 00
               S01:0000B410:  9A 01 00 00
               S01:0000B414:  9A 01 00 00
               S01:0000B418:  9A 01 00 00
               S01:0000B41C:  99 01 00 00
F06:0214             .long      409, 409, 409, 409, 408, 408, 408, 408
               S01:0000B420:  99 01 00 00
               S01:0000B424:  99 01 00 00
               S01:0000B428:  99 01 00 00
               S01:0000B42C:  99 01 00 00
               S01:0000B430:  98 01 00 00
               S01:0000B434:  98 01 00 00
               S01:0000B438:  98 01 00 00
               S01:0000B43C:  98 01 00 00
F06:0215             .long      407, 407, 407, 407, 406, 406, 406, 406
               S01:0000B440:  97 01 00 00
               S01:0000B444:  97 01 00 00
               S01:0000B448:  97 01 00 00
               S01:0000B44C:  97 01 00 00
               S01:0000B450:  96 01 00 00
               S01:0000B454:  96 01 00 00
               S01:0000B458:  96 01 00 00
               S01:0000B45C:  96 01 00 00
F06:0216             .long      405, 405, 405, 405, 404, 404, 404, 404
               S01:0000B460:  95 01 00 00
               S01:0000B464:  95 01 00 00
               S01:0000B468:  95 01 00 00
               S01:0000B46C:  95 01 00 00
               S01:0000B470:  94 01 00 00
               S01:0000B474:  94 01 00 00
               S01:0000B478:  94 01 00 00
               S01:0000B47C:  94 01 00 00
F06:0217             .long      404, 403, 403, 403, 403, 402, 402, 402
               S01:0000B480:  94 01 00 00
               S01:0000B484:  93 01 00 00
               S01:0000B488:  93 01 00 00
               S01:0000B48C:  93 01 00 00
               S01:0000B490:  93 01 00 00
               S01:0000B494:  92 01 00 00
               S01:0000B498:  92 01 00 00
               S01:0000B49C:  92 01 00 00
F06:0218             .long      402, 401, 401, 401, 401, 401, 400, 400
               S01:0000B4A0:  92 01 00 00
               S01:0000B4A4:  91 01 00 00
               S01:0000B4A8:  91 01 00 00
               S01:0000B4AC:  91 01 00 00
               S01:0000B4B0:  91 01 00 00
               S01:0000B4B4:  91 01 00 00
               S01:0000B4B8:  90 01 00 00
               S01:0000B4BC:  90 01 00 00
F06:0219             .long      400, 400, 399, 399, 399, 399, 398, 398
               S01:0000B4C0:  90 01 00 00
               S01:0000B4C4:  90 01 00 00
               S01:0000B4C8:  8F 01 00 00
               S01:0000B4CC:  8F 01 00 00
               S01:0000B4D0:  8F 01 00 00
               S01:0000B4D4:  8F 01 00 00
               S01:0000B4D8:  8E 01 00 00
               S01:0000B4DC:  8E 01 00 00
F06:0220             .long      398, 398, 398, 397, 397, 397, 397, 396
               S01:0000B4E0:  8E 01 00 00
               S01:0000B4E4:  8E 01 00 00
               S01:0000B4E8:  8E 01 00 00
               S01:0000B4EC:  8D 01 00 00
               S01:0000B4F0:  8D 01 00 00
               S01:0000B4F4:  8D 01 00 00
               S01:0000B4F8:  8D 01 00 00
               S01:0000B4FC:  8C 01 00 00
F06:0221             .long      396, 396, 396, 396, 395, 395, 395, 395
               S01:0000B500:  8C 01 00 00
               S01:0000B504:  8C 01 00 00
               S01:0000B508:  8C 01 00 00
               S01:0000B50C:  8C 01 00 00
               S01:0000B510:  8B 01 00 00
               S01:0000B514:  8B 01 00 00
               S01:0000B518:  8B 01 00 00
               S01:0000B51C:  8B 01 00 00
F06:0222             .long      394, 394, 394, 394, 394, 393, 393, 393
               S01:0000B520:  8A 01 00 00
               S01:0000B524:  8A 01 00 00
               S01:0000B528:  8A 01 00 00
               S01:0000B52C:  8A 01 00 00
               S01:0000B530:  8A 01 00 00
               S01:0000B534:  89 01 00 00
               S01:0000B538:  89 01 00 00
               S01:0000B53C:  89 01 00 00
F06:0223             .long      393, 392, 392, 392, 392, 392, 391, 391
               S01:0000B540:  89 01 00 00
               S01:0000B544:  88 01 00 00
               S01:0000B548:  88 01 00 00
               S01:0000B54C:  88 01 00 00
               S01:0000B550:  88 01 00 00
               S01:0000B554:  88 01 00 00
               S01:0000B558:  87 01 00 00
               S01:0000B55C:  87 01 00 00
F06:0224             .long      391, 391, 390, 390, 390, 390, 390, 389
               S01:0000B560:  87 01 00 00
               S01:0000B564:  87 01 00 00
               S01:0000B568:  86 01 00 00
               S01:0000B56C:  86 01 00 00
               S01:0000B570:  86 01 00 00
               S01:0000B574:  86 01 00 00
               S01:0000B578:  86 01 00 00
               S01:0000B57C:  85 01 00 00
F06:0225             .long      389, 389, 389, 388, 388, 388, 388, 388
               S01:0000B580:  85 01 00 00
               S01:0000B584:  85 01 00 00
               S01:0000B588:  85 01 00 00
               S01:0000B58C:  84 01 00 00
               S01:0000B590:  84 01 00 00
               S01:0000B594:  84 01 00 00
               S01:0000B598:  84 01 00 00
               S01:0000B59C:  84 01 00 00
F06:0226             .long      387, 387, 387, 387, 387, 386, 386, 386
               S01:0000B5A0:  83 01 00 00
               S01:0000B5A4:  83 01 00 00
               S01:0000B5A8:  83 01 00 00
               S01:0000B5AC:  83 01 00 00
               S01:0000B5B0:  83 01 00 00
               S01:0000B5B4:  82 01 00 00
               S01:0000B5B8:  82 01 00 00
               S01:0000B5BC:  82 01 00 00
F06:0227             .long      386, 385, 385, 385, 385, 385, 384, 384
               S01:0000B5C0:  82 01 00 00
               S01:0000B5C4:  81 01 00 00
               S01:0000B5C8:  81 01 00 00
               S01:0000B5CC:  81 01 00 00
               S01:0000B5D0:  81 01 00 00
               S01:0000B5D4:  81 01 00 00
               S01:0000B5D8:  80 01 00 00
               S01:0000B5DC:  80 01 00 00
F06:0228             .long      384, 384, 384, 383, 383, 383, 383, 383
               S01:0000B5E0:  80 01 00 00
               S01:0000B5E4:  80 01 00 00
               S01:0000B5E8:  80 01 00 00
               S01:0000B5EC:  7F 01 00 00
               S01:0000B5F0:  7F 01 00 00
               S01:0000B5F4:  7F 01 00 00
               S01:0000B5F8:  7F 01 00 00
               S01:0000B5FC:  7F 01 00 00
F06:0229             .long      382, 382, 382, 382, 381, 381, 381, 381
               S01:0000B600:  7E 01 00 00
               S01:0000B604:  7E 01 00 00
               S01:0000B608:  7E 01 00 00
               S01:0000B60C:  7E 01 00 00
               S01:0000B610:  7D 01 00 00
               S01:0000B614:  7D 01 00 00
               S01:0000B618:  7D 01 00 00
               S01:0000B61C:  7D 01 00 00
F06:0230             .long      381, 380, 380, 380, 380, 380, 379, 379
               S01:0000B620:  7D 01 00 00
               S01:0000B624:  7C 01 00 00
               S01:0000B628:  7C 01 00 00
               S01:0000B62C:  7C 01 00 00
               S01:0000B630:  7C 01 00 00
               S01:0000B634:  7C 01 00 00
               S01:0000B638:  7B 01 00 00
               S01:0000B63C:  7B 01 00 00
F06:0231             .long      379, 379, 379, 378, 378, 378, 378, 378
               S01:0000B640:  7B 01 00 00
               S01:0000B644:  7B 01 00 00
               S01:0000B648:  7B 01 00 00
               S01:0000B64C:  7A 01 00 00
               S01:0000B650:  7A 01 00 00
               S01:0000B654:  7A 01 00 00
               S01:0000B658:  7A 01 00 00
               S01:0000B65C:  7A 01 00 00
F06:0232             .long      377, 377, 377, 377, 377, 376, 376, 376
               S01:0000B660:  79 01 00 00
               S01:0000B664:  79 01 00 00
               S01:0000B668:  79 01 00 00
               S01:0000B66C:  79 01 00 00
               S01:0000B670:  79 01 00 00
               S01:0000B674:  78 01 00 00
               S01:0000B678:  78 01 00 00
               S01:0000B67C:  78 01 00 00
F06:0233             .long      376, 376, 375, 375, 375, 375, 375, 374
               S01:0000B680:  78 01 00 00
               S01:0000B684:  78 01 00 00
               S01:0000B688:  77 01 00 00
               S01:0000B68C:  77 01 00 00
               S01:0000B690:  77 01 00 00
               S01:0000B694:  77 01 00 00
               S01:0000B698:  77 01 00 00
               S01:0000B69C:  76 01 00 00
F06:0234             .long      374, 374, 374, 374, 373, 373, 373, 373
               S01:0000B6A0:  76 01 00 00
               S01:0000B6A4:  76 01 00 00
               S01:0000B6A8:  76 01 00 00
               S01:0000B6AC:  76 01 00 00
               S01:0000B6B0:  75 01 00 00
               S01:0000B6B4:  75 01 00 00
               S01:0000B6B8:  75 01 00 00
               S01:0000B6BC:  75 01 00 00
F06:0235             .long      373, 372, 372, 372, 372, 372, 371, 371
               S01:0000B6C0:  75 01 00 00
               S01:0000B6C4:  74 01 00 00
               S01:0000B6C8:  74 01 00 00
               S01:0000B6CC:  74 01 00 00
               S01:0000B6D0:  74 01 00 00
               S01:0000B6D4:  74 01 00 00
               S01:0000B6D8:  73 01 00 00
               S01:0000B6DC:  73 01 00 00
F06:0236             .long      371, 371, 371, 370, 370, 370, 370, 370
               S01:0000B6E0:  73 01 00 00
               S01:0000B6E4:  73 01 00 00
               S01:0000B6E8:  73 01 00 00
               S01:0000B6EC:  72 01 00 00
               S01:0000B6F0:  72 01 00 00
               S01:0000B6F4:  72 01 00 00
               S01:0000B6F8:  72 01 00 00
               S01:0000B6FC:  72 01 00 00
F06:0237             .long      369, 369, 369, 369, 369, 368, 368, 368
               S01:0000B700:  71 01 00 00
               S01:0000B704:  71 01 00 00
               S01:0000B708:  71 01 00 00
               S01:0000B70C:  71 01 00 00
               S01:0000B710:  71 01 00 00
               S01:0000B714:  70 01 00 00
               S01:0000B718:  70 01 00 00
               S01:0000B71C:  70 01 00 00
F06:0238             .long      368, 368, 367, 367, 367, 367, 367, 366
               S01:0000B720:  70 01 00 00
               S01:0000B724:  70 01 00 00
               S01:0000B728:  6F 01 00 00
               S01:0000B72C:  6F 01 00 00
               S01:0000B730:  6F 01 00 00
               S01:0000B734:  6F 01 00 00
               S01:0000B738:  6F 01 00 00
               S01:0000B73C:  6E 01 00 00
F06:0239             .long      366, 366, 366, 366, 365, 365, 365, 365
               S01:0000B740:  6E 01 00 00
               S01:0000B744:  6E 01 00 00
               S01:0000B748:  6E 01 00 00
               S01:0000B74C:  6E 01 00 00
               S01:0000B750:  6D 01 00 00
               S01:0000B754:  6D 01 00 00
               S01:0000B758:  6D 01 00 00
               S01:0000B75C:  6D 01 00 00
F06:0240             .long      365, 365, 364, 364, 364, 364, 364, 363
               S01:0000B760:  6D 01 00 00
               S01:0000B764:  6D 01 00 00
               S01:0000B768:  6C 01 00 00
               S01:0000B76C:  6C 01 00 00
               S01:0000B770:  6C 01 00 00
               S01:0000B774:  6C 01 00 00
               S01:0000B778:  6C 01 00 00
               S01:0000B77C:  6B 01 00 00
F06:0241             .long      363, 363, 363, 363, 362, 362, 362, 362
               S01:0000B780:  6B 01 00 00
               S01:0000B784:  6B 01 00 00
               S01:0000B788:  6B 01 00 00
               S01:0000B78C:  6B 01 00 00
               S01:0000B790:  6A 01 00 00
               S01:0000B794:  6A 01 00 00
               S01:0000B798:  6A 01 00 00
               S01:0000B79C:  6A 01 00 00
F06:0242             .long      362, 362, 361, 361, 361, 361, 361, 360
               S01:0000B7A0:  6A 01 00 00
               S01:0000B7A4:  6A 01 00 00
               S01:0000B7A8:  69 01 00 00
               S01:0000B7AC:  69 01 00 00
               S01:0000B7B0:  69 01 00 00
               S01:0000B7B4:  69 01 00 00
               S01:0000B7B8:  69 01 00 00
               S01:0000B7BC:  68 01 00 00
F06:0243             .long      360, 360, 360, 360, 359, 359, 359, 359
               S01:0000B7C0:  68 01 00 00
               S01:0000B7C4:  68 01 00 00
               S01:0000B7C8:  68 01 00 00
               S01:0000B7CC:  68 01 00 00
               S01:0000B7D0:  67 01 00 00
               S01:0000B7D4:  67 01 00 00
               S01:0000B7D8:  67 01 00 00
               S01:0000B7DC:  67 01 00 00
F06:0244             .long      359, 359, 358, 358, 358, 358, 358, 357
               S01:0000B7E0:  67 01 00 00
               S01:0000B7E4:  67 01 00 00
               S01:0000B7E8:  66 01 00 00
               S01:0000B7EC:  66 01 00 00
               S01:0000B7F0:  66 01 00 00
               S01:0000B7F4:  66 01 00 00
               S01:0000B7F8:  66 01 00 00
               S01:0000B7FC:  65 01 00 00
F06:0245             .long      357, 357, 357, 357, 357, 356, 356, 356
               S01:0000B800:  65 01 00 00
               S01:0000B804:  65 01 00 00
               S01:0000B808:  65 01 00 00
               S01:0000B80C:  65 01 00 00
               S01:0000B810:  65 01 00 00
               S01:0000B814:  64 01 00 00
               S01:0000B818:  64 01 00 00
               S01:0000B81C:  64 01 00 00
F06:0246             .long      356, 356, 355, 355, 355, 355, 355, 355
               S01:0000B820:  64 01 00 00
               S01:0000B824:  64 01 00 00
               S01:0000B828:  63 01 00 00
               S01:0000B82C:  63 01 00 00
               S01:0000B830:  63 01 00 00
               S01:0000B834:  63 01 00 00
               S01:0000B838:  63 01 00 00
               S01:0000B83C:  63 01 00 00
F06:0247             .long      354, 354, 354, 354, 354, 353, 353, 353
               S01:0000B840:  62 01 00 00
               S01:0000B844:  62 01 00 00
               S01:0000B848:  62 01 00 00
               S01:0000B84C:  62 01 00 00
               S01:0000B850:  62 01 00 00
               S01:0000B854:  61 01 00 00
               S01:0000B858:  61 01 00 00
               S01:0000B85C:  61 01 00 00
F06:0248             .long      353, 353, 353, 352, 352, 352, 352, 352
               S01:0000B860:  61 01 00 00
               S01:0000B864:  61 01 00 00
               S01:0000B868:  61 01 00 00
               S01:0000B86C:  60 01 00 00
               S01:0000B870:  60 01 00 00
               S01:0000B874:  60 01 00 00
               S01:0000B878:  60 01 00 00
               S01:0000B87C:  60 01 00 00
F06:0249             .long      351, 351, 351, 351, 351, 351, 350, 350
               S01:0000B880:  5F 01 00 00
               S01:0000B884:  5F 01 00 00
               S01:0000B888:  5F 01 00 00
               S01:0000B88C:  5F 01 00 00
               S01:0000B890:  5F 01 00 00
               S01:0000B894:  5F 01 00 00
               S01:0000B898:  5E 01 00 00
               S01:0000B89C:  5E 01 00 00
F06:0250             .long      350, 350, 350, 350, 349, 349, 349, 349
               S01:0000B8A0:  5E 01 00 00
               S01:0000B8A4:  5E 01 00 00
               S01:0000B8A8:  5E 01 00 00
               S01:0000B8AC:  5E 01 00 00
               S01:0000B8B0:  5D 01 00 00
               S01:0000B8B4:  5D 01 00 00
               S01:0000B8B8:  5D 01 00 00
               S01:0000B8BC:  5D 01 00 00
F06:0251             .long      349, 348, 348, 348, 348, 348, 348, 347
               S01:0000B8C0:  5D 01 00 00
               S01:0000B8C4:  5C 01 00 00
               S01:0000B8C8:  5C 01 00 00
               S01:0000B8CC:  5C 01 00 00
               S01:0000B8D0:  5C 01 00 00
               S01:0000B8D4:  5C 01 00 00
               S01:0000B8D8:  5C 01 00 00
               S01:0000B8DC:  5B 01 00 00
F06:0252             .long      347, 347, 347, 347, 347, 346, 346, 346
               S01:0000B8E0:  5B 01 00 00
               S01:0000B8E4:  5B 01 00 00
               S01:0000B8E8:  5B 01 00 00
               S01:0000B8EC:  5B 01 00 00
               S01:0000B8F0:  5B 01 00 00
               S01:0000B8F4:  5A 01 00 00
               S01:0000B8F8:  5A 01 00 00
               S01:0000B8FC:  5A 01 00 00
F06:0253             .long      346, 346, 346, 345, 345, 345, 345, 345
               S01:0000B900:  5A 01 00 00
               S01:0000B904:  5A 01 00 00
               S01:0000B908:  5A 01 00 00
               S01:0000B90C:  59 01 00 00
               S01:0000B910:  59 01 00 00
               S01:0000B914:  59 01 00 00
               S01:0000B918:  59 01 00 00
               S01:0000B91C:  59 01 00 00
F06:0254             .long      345, 344, 344, 344, 344, 344, 344, 343
               S01:0000B920:  59 01 00 00
               S01:0000B924:  58 01 00 00
               S01:0000B928:  58 01 00 00
               S01:0000B92C:  58 01 00 00
               S01:0000B930:  58 01 00 00
               S01:0000B934:  58 01 00 00
               S01:0000B938:  58 01 00 00
               S01:0000B93C:  57 01 00 00
F06:0255             .long      343, 343, 343, 343, 343, 342, 342, 342
               S01:0000B940:  57 01 00 00
               S01:0000B944:  57 01 00 00
               S01:0000B948:  57 01 00 00
               S01:0000B94C:  57 01 00 00
               S01:0000B950:  57 01 00 00
               S01:0000B954:  56 01 00 00
               S01:0000B958:  56 01 00 00
               S01:0000B95C:  56 01 00 00
F06:0256             .long      342, 342, 342, 341, 341, 341, 341, 341
               S01:0000B960:  56 01 00 00
               S01:0000B964:  56 01 00 00
               S01:0000B968:  56 01 00 00
               S01:0000B96C:  55 01 00 00
               S01:0000B970:  55 01 00 00
               S01:0000B974:  55 01 00 00
               S01:0000B978:  55 01 00 00
               S01:0000B97C:  55 01 00 00
F06:0257             .long      341, 340, 340, 340, 340, 340, 340, 339
               S01:0000B980:  55 01 00 00
               S01:0000B984:  54 01 00 00
               S01:0000B988:  54 01 00 00
               S01:0000B98C:  54 01 00 00
               S01:0000B990:  54 01 00 00
               S01:0000B994:  54 01 00 00
               S01:0000B998:  54 01 00 00
               S01:0000B99C:  53 01 00 00
F06:0258             .long      339, 339, 339, 339, 339, 338, 338, 338
               S01:0000B9A0:  53 01 00 00
               S01:0000B9A4:  53 01 00 00
               S01:0000B9A8:  53 01 00 00
               S01:0000B9AC:  53 01 00 00
               S01:0000B9B0:  53 01 00 00
               S01:0000B9B4:  52 01 00 00
               S01:0000B9B8:  52 01 00 00
               S01:0000B9BC:  52 01 00 00
F06:0259             .long      338, 338, 338, 337, 337, 337, 337, 337
               S01:0000B9C0:  52 01 00 00
               S01:0000B9C4:  52 01 00 00
               S01:0000B9C8:  52 01 00 00
               S01:0000B9CC:  51 01 00 00
               S01:0000B9D0:  51 01 00 00
               S01:0000B9D4:  51 01 00 00
               S01:0000B9D8:  51 01 00 00
               S01:0000B9DC:  51 01 00 00
F06:0260             .long      337, 336, 336, 336, 336, 336, 336, 335
               S01:0000B9E0:  51 01 00 00
               S01:0000B9E4:  50 01 00 00
               S01:0000B9E8:  50 01 00 00
               S01:0000B9EC:  50 01 00 00
               S01:0000B9F0:  50 01 00 00
               S01:0000B9F4:  50 01 00 00
               S01:0000B9F8:  50 01 00 00
               S01:0000B9FC:  4F 01 00 00
F06:0261             .long      335, 335, 335, 335, 335, 334, 334, 334
               S01:0000BA00:  4F 01 00 00
               S01:0000BA04:  4F 01 00 00
               S01:0000BA08:  4F 01 00 00
               S01:0000BA0C:  4F 01 00 00
               S01:0000BA10:  4F 01 00 00
               S01:0000BA14:  4E 01 00 00
               S01:0000BA18:  4E 01 00 00
               S01:0000BA1C:  4E 01 00 00
F06:0262             .long      334, 334, 334, 333, 333, 333, 333, 333
               S01:0000BA20:  4E 01 00 00
               S01:0000BA24:  4E 01 00 00
               S01:0000BA28:  4E 01 00 00
               S01:0000BA2C:  4D 01 00 00
               S01:0000BA30:  4D 01 00 00
               S01:0000BA34:  4D 01 00 00
               S01:0000BA38:  4D 01 00 00
               S01:0000BA3C:  4D 01 00 00
F06:0263             .long      333, 333, 332, 332, 332, 332, 332, 332
               S01:0000BA40:  4D 01 00 00
               S01:0000BA44:  4D 01 00 00
               S01:0000BA48:  4C 01 00 00
               S01:0000BA4C:  4C 01 00 00
               S01:0000BA50:  4C 01 00 00
               S01:0000BA54:  4C 01 00 00
               S01:0000BA58:  4C 01 00 00
               S01:0000BA5C:  4C 01 00 00
F06:0264             .long      331, 331, 331, 331, 331, 331, 330, 330
               S01:0000BA60:  4B 01 00 00
               S01:0000BA64:  4B 01 00 00
               S01:0000BA68:  4B 01 00 00
               S01:0000BA6C:  4B 01 00 00
               S01:0000BA70:  4B 01 00 00
               S01:0000BA74:  4B 01 00 00
               S01:0000BA78:  4A 01 00 00
               S01:0000BA7C:  4A 01 00 00
F06:0265             .long      330, 330, 330, 330, 330, 329, 329, 329
               S01:0000BA80:  4A 01 00 00
               S01:0000BA84:  4A 01 00 00
               S01:0000BA88:  4A 01 00 00
               S01:0000BA8C:  4A 01 00 00
               S01:0000BA90:  4A 01 00 00
               S01:0000BA94:  49 01 00 00
               S01:0000BA98:  49 01 00 00
               S01:0000BA9C:  49 01 00 00
F06:0266             .long      329, 329, 329, 328, 328, 328, 328, 328
               S01:0000BAA0:  49 01 00 00
               S01:0000BAA4:  49 01 00 00
               S01:0000BAA8:  49 01 00 00
               S01:0000BAAC:  48 01 00 00
               S01:0000BAB0:  48 01 00 00
               S01:0000BAB4:  48 01 00 00
               S01:0000BAB8:  48 01 00 00
               S01:0000BABC:  48 01 00 00
F06:0267             .long      328, 328, 327, 327, 327, 327, 327, 327
               S01:0000BAC0:  48 01 00 00
               S01:0000BAC4:  48 01 00 00
               S01:0000BAC8:  47 01 00 00
               S01:0000BACC:  47 01 00 00
               S01:0000BAD0:  47 01 00 00
               S01:0000BAD4:  47 01 00 00
               S01:0000BAD8:  47 01 00 00
               S01:0000BADC:  47 01 00 00
F06:0268             .long      326, 326, 326, 326, 326, 326, 326, 325
               S01:0000BAE0:  46 01 00 00
               S01:0000BAE4:  46 01 00 00
               S01:0000BAE8:  46 01 00 00
               S01:0000BAEC:  46 01 00 00
               S01:0000BAF0:  46 01 00 00
               S01:0000BAF4:  46 01 00 00
               S01:0000BAF8:  46 01 00 00
               S01:0000BAFC:  45 01 00 00
F06:0269             .long      325, 325, 325, 325, 325, 324, 324, 324
               S01:0000BB00:  45 01 00 00
               S01:0000BB04:  45 01 00 00
               S01:0000BB08:  45 01 00 00
               S01:0000BB0C:  45 01 00 00
               S01:0000BB10:  45 01 00 00
               S01:0000BB14:  44 01 00 00
               S01:0000BB18:  44 01 00 00
               S01:0000BB1C:  44 01 00 00
F06:0270             .long      324, 324, 324, 324, 323, 323, 323, 323
               S01:0000BB20:  44 01 00 00
               S01:0000BB24:  44 01 00 00
               S01:0000BB28:  44 01 00 00
               S01:0000BB2C:  44 01 00 00
               S01:0000BB30:  43 01 00 00
               S01:0000BB34:  43 01 00 00
               S01:0000BB38:  43 01 00 00
               S01:0000BB3C:  43 01 00 00
F06:0271             .long      323, 323, 323, 322, 322, 322, 322, 322
               S01:0000BB40:  43 01 00 00
               S01:0000BB44:  43 01 00 00
               S01:0000BB48:  43 01 00 00
               S01:0000BB4C:  42 01 00 00
               S01:0000BB50:  42 01 00 00
               S01:0000BB54:  42 01 00 00
               S01:0000BB58:  42 01 00 00
               S01:0000BB5C:  42 01 00 00
F06:0272             .long      322, 322, 321, 321, 321, 321, 321, 321
               S01:0000BB60:  42 01 00 00
               S01:0000BB64:  42 01 00 00
               S01:0000BB68:  41 01 00 00
               S01:0000BB6C:  41 01 00 00
               S01:0000BB70:  41 01 00 00
               S01:0000BB74:  41 01 00 00
               S01:0000BB78:  41 01 00 00
               S01:0000BB7C:  41 01 00 00
F06:0273             .long      320, 320, 320, 320, 320, 320, 320, 319
               S01:0000BB80:  40 01 00 00
               S01:0000BB84:  40 01 00 00
               S01:0000BB88:  40 01 00 00
               S01:0000BB8C:  40 01 00 00
               S01:0000BB90:  40 01 00 00
               S01:0000BB94:  40 01 00 00
               S01:0000BB98:  40 01 00 00
               S01:0000BB9C:  3F 01 00 00
F06:0274             .long      319, 319, 319, 319, 319, 319, 318, 318
               S01:0000BBA0:  3F 01 00 00
               S01:0000BBA4:  3F 01 00 00
               S01:0000BBA8:  3F 01 00 00
               S01:0000BBAC:  3F 01 00 00
               S01:0000BBB0:  3F 01 00 00
               S01:0000BBB4:  3F 01 00 00
               S01:0000BBB8:  3E 01 00 00
               S01:0000BBBC:  3E 01 00 00
F06:0275             .long      318, 318, 318, 318, 318, 317, 317, 317
               S01:0000BBC0:  3E 01 00 00
               S01:0000BBC4:  3E 01 00 00
               S01:0000BBC8:  3E 01 00 00
               S01:0000BBCC:  3E 01 00 00
               S01:0000BBD0:  3E 01 00 00
               S01:0000BBD4:  3D 01 00 00
               S01:0000BBD8:  3D 01 00 00
               S01:0000BBDC:  3D 01 00 00
F06:0276             .long      317, 317, 317, 317, 316, 316, 316, 316
               S01:0000BBE0:  3D 01 00 00
               S01:0000BBE4:  3D 01 00 00
               S01:0000BBE8:  3D 01 00 00
               S01:0000BBEC:  3D 01 00 00
               S01:0000BBF0:  3C 01 00 00
               S01:0000BBF4:  3C 01 00 00
               S01:0000BBF8:  3C 01 00 00
               S01:0000BBFC:  3C 01 00 00
F06:0277             .long      316, 316, 316, 315, 315, 315, 315, 315
               S01:0000BC00:  3C 01 00 00
               S01:0000BC04:  3C 01 00 00
               S01:0000BC08:  3C 01 00 00
               S01:0000BC0C:  3B 01 00 00
               S01:0000BC10:  3B 01 00 00
               S01:0000BC14:  3B 01 00 00
               S01:0000BC18:  3B 01 00 00
               S01:0000BC1C:  3B 01 00 00
F06:0278             .long      315, 315, 314, 314, 314, 314, 314, 314
               S01:0000BC20:  3B 01 00 00
               S01:0000BC24:  3B 01 00 00
               S01:0000BC28:  3A 01 00 00
               S01:0000BC2C:  3A 01 00 00
               S01:0000BC30:  3A 01 00 00
               S01:0000BC34:  3A 01 00 00
               S01:0000BC38:  3A 01 00 00
               S01:0000BC3C:  3A 01 00 00
F06:0279             .long      314, 313, 313, 313, 313, 313, 313, 313
               S01:0000BC40:  3A 01 00 00
               S01:0000BC44:  39 01 00 00
               S01:0000BC48:  39 01 00 00
               S01:0000BC4C:  39 01 00 00
               S01:0000BC50:  39 01 00 00
               S01:0000BC54:  39 01 00 00
               S01:0000BC58:  39 01 00 00
               S01:0000BC5C:  39 01 00 00
F06:0280             .long      312, 312, 312, 312, 312, 312, 312, 311
               S01:0000BC60:  38 01 00 00
               S01:0000BC64:  38 01 00 00
               S01:0000BC68:  38 01 00 00
               S01:0000BC6C:  38 01 00 00
               S01:0000BC70:  38 01 00 00
               S01:0000BC74:  38 01 00 00
               S01:0000BC78:  38 01 00 00
               S01:0000BC7C:  37 01 00 00
F06:0281             .long      311, 311, 311, 311, 311, 311, 310, 310
               S01:0000BC80:  37 01 00 00
               S01:0000BC84:  37 01 00 00
               S01:0000BC88:  37 01 00 00
               S01:0000BC8C:  37 01 00 00
               S01:0000BC90:  37 01 00 00
               S01:0000BC94:  37 01 00 00
               S01:0000BC98:  36 01 00 00
               S01:0000BC9C:  36 01 00 00
F06:0282             .long      310, 310, 310, 310, 310, 310, 309, 309
               S01:0000BCA0:  36 01 00 00
               S01:0000BCA4:  36 01 00 00
               S01:0000BCA8:  36 01 00 00
               S01:0000BCAC:  36 01 00 00
               S01:0000BCB0:  36 01 00 00
               S01:0000BCB4:  36 01 00 00
               S01:0000BCB8:  35 01 00 00
               S01:0000BCBC:  35 01 00 00
F06:0283             .long      309, 309, 309, 309, 309, 308, 308, 308
               S01:0000BCC0:  35 01 00 00
               S01:0000BCC4:  35 01 00 00
               S01:0000BCC8:  35 01 00 00
               S01:0000BCCC:  35 01 00 00
               S01:0000BCD0:  35 01 00 00
               S01:0000BCD4:  34 01 00 00
               S01:0000BCD8:  34 01 00 00
               S01:0000BCDC:  34 01 00 00
F06:0284             .long      308, 308, 308, 308, 307, 307, 307, 307
               S01:0000BCE0:  34 01 00 00
               S01:0000BCE4:  34 01 00 00
               S01:0000BCE8:  34 01 00 00
               S01:0000BCEC:  34 01 00 00
               S01:0000BCF0:  33 01 00 00
               S01:0000BCF4:  33 01 00 00
               S01:0000BCF8:  33 01 00 00
               S01:0000BCFC:  33 01 00 00
F06:0285             .long      307, 307, 307, 307, 306, 306, 306, 306
               S01:0000BD00:  33 01 00 00
               S01:0000BD04:  33 01 00 00
               S01:0000BD08:  33 01 00 00
               S01:0000BD0C:  33 01 00 00
               S01:0000BD10:  32 01 00 00
               S01:0000BD14:  32 01 00 00
               S01:0000BD18:  32 01 00 00
               S01:0000BD1C:  32 01 00 00
F06:0286             .long      306, 306, 306, 305, 305, 305, 305, 305
               S01:0000BD20:  32 01 00 00
               S01:0000BD24:  32 01 00 00
               S01:0000BD28:  32 01 00 00
               S01:0000BD2C:  31 01 00 00
               S01:0000BD30:  31 01 00 00
               S01:0000BD34:  31 01 00 00
               S01:0000BD38:  31 01 00 00
               S01:0000BD3C:  31 01 00 00
F06:0287             .long      305, 305, 305, 304, 304, 304, 304, 304
               S01:0000BD40:  31 01 00 00
               S01:0000BD44:  31 01 00 00
               S01:0000BD48:  31 01 00 00
               S01:0000BD4C:  30 01 00 00
               S01:0000BD50:  30 01 00 00
               S01:0000BD54:  30 01 00 00
               S01:0000BD58:  30 01 00 00
               S01:0000BD5C:  30 01 00 00
F06:0288             .long      304, 304, 303, 303, 303, 303, 303, 303
               S01:0000BD60:  30 01 00 00
               S01:0000BD64:  30 01 00 00
               S01:0000BD68:  2F 01 00 00
               S01:0000BD6C:  2F 01 00 00
               S01:0000BD70:  2F 01 00 00
               S01:0000BD74:  2F 01 00 00
               S01:0000BD78:  2F 01 00 00
               S01:0000BD7C:  2F 01 00 00
F06:0289             .long      303, 303, 302, 302, 302, 302, 302, 302
               S01:0000BD80:  2F 01 00 00
               S01:0000BD84:  2F 01 00 00
               S01:0000BD88:  2E 01 00 00
               S01:0000BD8C:  2E 01 00 00
               S01:0000BD90:  2E 01 00 00
               S01:0000BD94:  2E 01 00 00
               S01:0000BD98:  2E 01 00 00
               S01:0000BD9C:  2E 01 00 00
F06:0290             .long      302, 301, 301, 301, 301, 301, 301, 301
               S01:0000BDA0:  2E 01 00 00
               S01:0000BDA4:  2D 01 00 00
               S01:0000BDA8:  2D 01 00 00
               S01:0000BDAC:  2D 01 00 00
               S01:0000BDB0:  2D 01 00 00
               S01:0000BDB4:  2D 01 00 00
               S01:0000BDB8:  2D 01 00 00
               S01:0000BDBC:  2D 01 00 00
F06:0291             .long      301, 300, 300, 300, 300, 300, 300, 300
               S01:0000BDC0:  2D 01 00 00
               S01:0000BDC4:  2C 01 00 00
               S01:0000BDC8:  2C 01 00 00
               S01:0000BDCC:  2C 01 00 00
               S01:0000BDD0:  2C 01 00 00
               S01:0000BDD4:  2C 01 00 00
               S01:0000BDD8:  2C 01 00 00
               S01:0000BDDC:  2C 01 00 00
F06:0292             .long      300, 299, 299, 299, 299, 299, 299, 299
               S01:0000BDE0:  2C 01 00 00
               S01:0000BDE4:  2B 01 00 00
               S01:0000BDE8:  2B 01 00 00
               S01:0000BDEC:  2B 01 00 00
               S01:0000BDF0:  2B 01 00 00
               S01:0000BDF4:  2B 01 00 00
               S01:0000BDF8:  2B 01 00 00
               S01:0000BDFC:  2B 01 00 00
F06:0293             .long      299, 298, 298, 298, 298, 298, 298, 298
               S01:0000BE00:  2B 01 00 00
               S01:0000BE04:  2A 01 00 00
               S01:0000BE08:  2A 01 00 00
               S01:0000BE0C:  2A 01 00 00
               S01:0000BE10:  2A 01 00 00
               S01:0000BE14:  2A 01 00 00
               S01:0000BE18:  2A 01 00 00
               S01:0000BE1C:  2A 01 00 00
F06:0294             .long      298, 297, 297, 297, 297, 297, 297, 297
               S01:0000BE20:  2A 01 00 00
               S01:0000BE24:  29 01 00 00
               S01:0000BE28:  29 01 00 00
               S01:0000BE2C:  29 01 00 00
               S01:0000BE30:  29 01 00 00
               S01:0000BE34:  29 01 00 00
               S01:0000BE38:  29 01 00 00
               S01:0000BE3C:  29 01 00 00
F06:0295             .long      296, 296, 296, 296, 296, 296, 296, 296
               S01:0000BE40:  28 01 00 00
               S01:0000BE44:  28 01 00 00
               S01:0000BE48:  28 01 00 00
               S01:0000BE4C:  28 01 00 00
               S01:0000BE50:  28 01 00 00
               S01:0000BE54:  28 01 00 00
               S01:0000BE58:  28 01 00 00
               S01:0000BE5C:  28 01 00 00
F06:0296             .long      295, 295, 295, 295, 295, 295, 295, 295
               S01:0000BE60:  27 01 00 00
               S01:0000BE64:  27 01 00 00
               S01:0000BE68:  27 01 00 00
               S01:0000BE6C:  27 01 00 00
               S01:0000BE70:  27 01 00 00
               S01:0000BE74:  27 01 00 00
               S01:0000BE78:  27 01 00 00
               S01:0000BE7C:  27 01 00 00
F06:0297             .long      294, 294, 294, 294, 294, 294, 294, 294
               S01:0000BE80:  26 01 00 00
               S01:0000BE84:  26 01 00 00
               S01:0000BE88:  26 01 00 00
               S01:0000BE8C:  26 01 00 00
               S01:0000BE90:  26 01 00 00
               S01:0000BE94:  26 01 00 00
               S01:0000BE98:  26 01 00 00
               S01:0000BE9C:  26 01 00 00
F06:0298             .long      293, 293, 293, 293, 293, 293, 293, 293
               S01:0000BEA0:  25 01 00 00
               S01:0000BEA4:  25 01 00 00
               S01:0000BEA8:  25 01 00 00
               S01:0000BEAC:  25 01 00 00
               S01:0000BEB0:  25 01 00 00
               S01:0000BEB4:  25 01 00 00
               S01:0000BEB8:  25 01 00 00
               S01:0000BEBC:  25 01 00 00
F06:0299             .long      293, 292, 292, 292, 292, 292, 292, 292
               S01:0000BEC0:  25 01 00 00
               S01:0000BEC4:  24 01 00 00
               S01:0000BEC8:  24 01 00 00
               S01:0000BECC:  24 01 00 00
               S01:0000BED0:  24 01 00 00
               S01:0000BED4:  24 01 00 00
               S01:0000BED8:  24 01 00 00
               S01:0000BEDC:  24 01 00 00
F06:0300             .long      292, 291, 291, 291, 291, 291, 291, 291
               S01:0000BEE0:  24 01 00 00
               S01:0000BEE4:  23 01 00 00
               S01:0000BEE8:  23 01 00 00
               S01:0000BEEC:  23 01 00 00
               S01:0000BEF0:  23 01 00 00
               S01:0000BEF4:  23 01 00 00
               S01:0000BEF8:  23 01 00 00
               S01:0000BEFC:  23 01 00 00
F06:0301             .long      291, 290, 290, 290, 290, 290, 290, 290
               S01:0000BF00:  23 01 00 00
               S01:0000BF04:  22 01 00 00
               S01:0000BF08:  22 01 00 00
               S01:0000BF0C:  22 01 00 00
               S01:0000BF10:  22 01 00 00
               S01:0000BF14:  22 01 00 00
               S01:0000BF18:  22 01 00 00
               S01:0000BF1C:  22 01 00 00
F06:0302             .long      290, 289, 289, 289, 289, 289, 289, 289
               S01:0000BF20:  22 01 00 00
               S01:0000BF24:  21 01 00 00
               S01:0000BF28:  21 01 00 00
               S01:0000BF2C:  21 01 00 00
               S01:0000BF30:  21 01 00 00
               S01:0000BF34:  21 01 00 00
               S01:0000BF38:  21 01 00 00
               S01:0000BF3C:  21 01 00 00
F06:0303             .long      289, 289, 288, 288, 288, 288, 288, 288
               S01:0000BF40:  21 01 00 00
               S01:0000BF44:  21 01 00 00
               S01:0000BF48:  20 01 00 00
               S01:0000BF4C:  20 01 00 00
               S01:0000BF50:  20 01 00 00
               S01:0000BF54:  20 01 00 00
               S01:0000BF58:  20 01 00 00
               S01:0000BF5C:  20 01 00 00
F06:0304             .long      288, 288, 287, 287, 287, 287, 287, 287
               S01:0000BF60:  20 01 00 00
               S01:0000BF64:  20 01 00 00
               S01:0000BF68:  1F 01 00 00
               S01:0000BF6C:  1F 01 00 00
               S01:0000BF70:  1F 01 00 00
               S01:0000BF74:  1F 01 00 00
               S01:0000BF78:  1F 01 00 00
               S01:0000BF7C:  1F 01 00 00
F06:0305             .long      287, 287, 287, 286, 286, 286, 286, 286
               S01:0000BF80:  1F 01 00 00
               S01:0000BF84:  1F 01 00 00
               S01:0000BF88:  1F 01 00 00
               S01:0000BF8C:  1E 01 00 00
               S01:0000BF90:  1E 01 00 00
               S01:0000BF94:  1E 01 00 00
               S01:0000BF98:  1E 01 00 00
               S01:0000BF9C:  1E 01 00 00
F06:0306             .long      286, 286, 286, 285, 285, 285, 285, 285
               S01:0000BFA0:  1E 01 00 00
               S01:0000BFA4:  1E 01 00 00
               S01:0000BFA8:  1E 01 00 00
               S01:0000BFAC:  1D 01 00 00
               S01:0000BFB0:  1D 01 00 00
               S01:0000BFB4:  1D 01 00 00
               S01:0000BFB8:  1D 01 00 00
               S01:0000BFBC:  1D 01 00 00
F06:0307             .long      285, 285, 285, 285, 284, 284, 284, 284
               S01:0000BFC0:  1D 01 00 00
               S01:0000BFC4:  1D 01 00 00
               S01:0000BFC8:  1D 01 00 00
               S01:0000BFCC:  1D 01 00 00
               S01:0000BFD0:  1C 01 00 00
               S01:0000BFD4:  1C 01 00 00
               S01:0000BFD8:  1C 01 00 00
               S01:0000BFDC:  1C 01 00 00
F06:0308             .long      284, 284, 284, 284, 283, 283, 283, 283
               S01:0000BFE0:  1C 01 00 00
               S01:0000BFE4:  1C 01 00 00
               S01:0000BFE8:  1C 01 00 00
               S01:0000BFEC:  1C 01 00 00
               S01:0000BFF0:  1B 01 00 00
               S01:0000BFF4:  1B 01 00 00
               S01:0000BFF8:  1B 01 00 00
               S01:0000BFFC:  1B 01 00 00
F06:0309             .long      283, 283, 283, 283, 283, 282, 282, 282
               S01:0000C000:  1B 01 00 00
               S01:0000C004:  1B 01 00 00
               S01:0000C008:  1B 01 00 00
               S01:0000C00C:  1B 01 00 00
               S01:0000C010:  1B 01 00 00
               S01:0000C014:  1A 01 00 00
               S01:0000C018:  1A 01 00 00
               S01:0000C01C:  1A 01 00 00
F06:0310             .long      282, 282, 282, 282, 282, 282, 281, 281
               S01:0000C020:  1A 01 00 00
               S01:0000C024:  1A 01 00 00
               S01:0000C028:  1A 01 00 00
               S01:0000C02C:  1A 01 00 00
               S01:0000C030:  1A 01 00 00
               S01:0000C034:  1A 01 00 00
               S01:0000C038:  19 01 00 00
               S01:0000C03C:  19 01 00 00
F06:0311             .long      281, 281, 281, 281, 281, 281, 281, 280
               S01:0000C040:  19 01 00 00
               S01:0000C044:  19 01 00 00
               S01:0000C048:  19 01 00 00
               S01:0000C04C:  19 01 00 00
               S01:0000C050:  19 01 00 00
               S01:0000C054:  19 01 00 00
               S01:0000C058:  19 01 00 00
               S01:0000C05C:  18 01 00 00
F06:0312             .long      280, 280, 280, 280, 280, 280, 280, 279
               S01:0000C060:  18 01 00 00
               S01:0000C064:  18 01 00 00
               S01:0000C068:  18 01 00 00
               S01:0000C06C:  18 01 00 00
               S01:0000C070:  18 01 00 00
               S01:0000C074:  18 01 00 00
               S01:0000C078:  18 01 00 00
               S01:0000C07C:  17 01 00 00
F06:0313             .long      279, 279, 279, 279, 279, 279, 279, 279
               S01:0000C080:  17 01 00 00
               S01:0000C084:  17 01 00 00
               S01:0000C088:  17 01 00 00
               S01:0000C08C:  17 01 00 00
               S01:0000C090:  17 01 00 00
               S01:0000C094:  17 01 00 00
               S01:0000C098:  17 01 00 00
               S01:0000C09C:  17 01 00 00
F06:0314             .long      278, 278, 278, 278, 278, 278, 278, 278
               S01:0000C0A0:  16 01 00 00
               S01:0000C0A4:  16 01 00 00
               S01:0000C0A8:  16 01 00 00
               S01:0000C0AC:  16 01 00 00
               S01:0000C0B0:  16 01 00 00
               S01:0000C0B4:  16 01 00 00
               S01:0000C0B8:  16 01 00 00
               S01:0000C0BC:  16 01 00 00
F06:0315             .long      278, 277, 277, 277, 277, 277, 277, 277
               S01:0000C0C0:  16 01 00 00
               S01:0000C0C4:  15 01 00 00
               S01:0000C0C8:  15 01 00 00
               S01:0000C0CC:  15 01 00 00
               S01:0000C0D0:  15 01 00 00
               S01:0000C0D4:  15 01 00 00
               S01:0000C0D8:  15 01 00 00
               S01:0000C0DC:  15 01 00 00
F06:0316             .long      277, 277, 277, 276, 276, 276, 276, 276
               S01:0000C0E0:  15 01 00 00
               S01:0000C0E4:  15 01 00 00
               S01:0000C0E8:  15 01 00 00
               S01:0000C0EC:  14 01 00 00
               S01:0000C0F0:  14 01 00 00
               S01:0000C0F4:  14 01 00 00
               S01:0000C0F8:  14 01 00 00
               S01:0000C0FC:  14 01 00 00
F06:0317             .long      276, 276, 276, 276, 275, 275, 275, 275
               S01:0000C100:  14 01 00 00
               S01:0000C104:  14 01 00 00
               S01:0000C108:  14 01 00 00
               S01:0000C10C:  14 01 00 00
               S01:0000C110:  13 01 00 00
               S01:0000C114:  13 01 00 00
               S01:0000C118:  13 01 00 00
               S01:0000C11C:  13 01 00 00
F06:0318             .long      275, 275, 275, 275, 275, 274, 274, 274
               S01:0000C120:  13 01 00 00
               S01:0000C124:  13 01 00 00
               S01:0000C128:  13 01 00 00
               S01:0000C12C:  13 01 00 00
               S01:0000C130:  13 01 00 00
               S01:0000C134:  12 01 00 00
               S01:0000C138:  12 01 00 00
               S01:0000C13C:  12 01 00 00
F06:0319             .long      274, 274, 274, 274, 274, 274, 273, 273
               S01:0000C140:  12 01 00 00
               S01:0000C144:  12 01 00 00
               S01:0000C148:  12 01 00 00
               S01:0000C14C:  12 01 00 00
               S01:0000C150:  12 01 00 00
               S01:0000C154:  12 01 00 00
               S01:0000C158:  11 01 00 00
               S01:0000C15C:  11 01 00 00
F06:0320             .long      273, 273, 273, 273, 273, 273, 273, 273
               S01:0000C160:  11 01 00 00
               S01:0000C164:  11 01 00 00
               S01:0000C168:  11 01 00 00
               S01:0000C16C:  11 01 00 00
               S01:0000C170:  11 01 00 00
               S01:0000C174:  11 01 00 00
               S01:0000C178:  11 01 00 00
               S01:0000C17C:  11 01 00 00
F06:0321             .long      272, 272, 272, 272, 272, 272, 272, 272
               S01:0000C180:  10 01 00 00
               S01:0000C184:  10 01 00 00
               S01:0000C188:  10 01 00 00
               S01:0000C18C:  10 01 00 00
               S01:0000C190:  10 01 00 00
               S01:0000C194:  10 01 00 00
               S01:0000C198:  10 01 00 00
               S01:0000C19C:  10 01 00 00
F06:0322             .long      272, 271, 271, 271, 271, 271, 271, 271
               S01:0000C1A0:  10 01 00 00
               S01:0000C1A4:  0F 01 00 00
               S01:0000C1A8:  0F 01 00 00
               S01:0000C1AC:  0F 01 00 00
               S01:0000C1B0:  0F 01 00 00
               S01:0000C1B4:  0F 01 00 00
               S01:0000C1B8:  0F 01 00 00
               S01:0000C1BC:  0F 01 00 00
F06:0323             .long      271, 271, 270, 270, 270, 270, 270, 270
               S01:0000C1C0:  0F 01 00 00
               S01:0000C1C4:  0F 01 00 00
               S01:0000C1C8:  0E 01 00 00
               S01:0000C1CC:  0E 01 00 00
               S01:0000C1D0:  0E 01 00 00
               S01:0000C1D4:  0E 01 00 00
               S01:0000C1D8:  0E 01 00 00
               S01:0000C1DC:  0E 01 00 00
F06:0324             .long      270, 270, 270, 270, 269, 269, 269, 269
               S01:0000C1E0:  0E 01 00 00
               S01:0000C1E4:  0E 01 00 00
               S01:0000C1E8:  0E 01 00 00
               S01:0000C1EC:  0E 01 00 00
               S01:0000C1F0:  0D 01 00 00
               S01:0000C1F4:  0D 01 00 00
               S01:0000C1F8:  0D 01 00 00
               S01:0000C1FC:  0D 01 00 00
F06:0325             .long      269, 269, 269, 269, 269, 269, 268, 268
               S01:0000C200:  0D 01 00 00
               S01:0000C204:  0D 01 00 00
               S01:0000C208:  0D 01 00 00
               S01:0000C20C:  0D 01 00 00
               S01:0000C210:  0D 01 00 00
               S01:0000C214:  0D 01 00 00
               S01:0000C218:  0C 01 00 00
               S01:0000C21C:  0C 01 00 00
F06:0326             .long      268, 268, 268, 268, 268, 268, 268, 267
               S01:0000C220:  0C 01 00 00
               S01:0000C224:  0C 01 00 00
               S01:0000C228:  0C 01 00 00
               S01:0000C22C:  0C 01 00 00
               S01:0000C230:  0C 01 00 00
               S01:0000C234:  0C 01 00 00
               S01:0000C238:  0C 01 00 00
               S01:0000C23C:  0B 01 00 00
F06:0327             .long      267, 267, 267, 267, 267, 267, 267, 267
               S01:0000C240:  0B 01 00 00
               S01:0000C244:  0B 01 00 00
               S01:0000C248:  0B 01 00 00
               S01:0000C24C:  0B 01 00 00
               S01:0000C250:  0B 01 00 00
               S01:0000C254:  0B 01 00 00
               S01:0000C258:  0B 01 00 00
               S01:0000C25C:  0B 01 00 00
F06:0328             .long      267, 266, 266, 266, 266, 266, 266, 266
               S01:0000C260:  0B 01 00 00
               S01:0000C264:  0A 01 00 00
               S01:0000C268:  0A 01 00 00
               S01:0000C26C:  0A 01 00 00
               S01:0000C270:  0A 01 00 00
               S01:0000C274:  0A 01 00 00
               S01:0000C278:  0A 01 00 00
               S01:0000C27C:  0A 01 00 00
F06:0329             .long      266, 266, 266, 265, 265, 265, 265, 265
               S01:0000C280:  0A 01 00 00
               S01:0000C284:  0A 01 00 00
               S01:0000C288:  0A 01 00 00
               S01:0000C28C:  09 01 00 00
               S01:0000C290:  09 01 00 00
               S01:0000C294:  09 01 00 00
               S01:0000C298:  09 01 00 00
               S01:0000C29C:  09 01 00 00
F06:0330             .long      265, 265, 265, 265, 265, 264, 264, 264
               S01:0000C2A0:  09 01 00 00
               S01:0000C2A4:  09 01 00 00
               S01:0000C2A8:  09 01 00 00
               S01:0000C2AC:  09 01 00 00
               S01:0000C2B0:  09 01 00 00
               S01:0000C2B4:  08 01 00 00
               S01:0000C2B8:  08 01 00 00
               S01:0000C2BC:  08 01 00 00
F06:0331             .long      264, 264, 264, 264, 264, 264, 264, 263
               S01:0000C2C0:  08 01 00 00
               S01:0000C2C4:  08 01 00 00
               S01:0000C2C8:  08 01 00 00
               S01:0000C2CC:  08 01 00 00
               S01:0000C2D0:  08 01 00 00
               S01:0000C2D4:  08 01 00 00
               S01:0000C2D8:  08 01 00 00
               S01:0000C2DC:  07 01 00 00
F06:0332             .long      263, 263, 263, 263, 263, 263, 263, 263
               S01:0000C2E0:  07 01 00 00
               S01:0000C2E4:  07 01 00 00
               S01:0000C2E8:  07 01 00 00
               S01:0000C2EC:  07 01 00 00
               S01:0000C2F0:  07 01 00 00
               S01:0000C2F4:  07 01 00 00
               S01:0000C2F8:  07 01 00 00
               S01:0000C2FC:  07 01 00 00
F06:0333             .long      263, 262, 262, 262, 262, 262, 262, 262
               S01:0000C300:  07 01 00 00
               S01:0000C304:  06 01 00 00
               S01:0000C308:  06 01 00 00
               S01:0000C30C:  06 01 00 00
               S01:0000C310:  06 01 00 00
               S01:0000C314:  06 01 00 00
               S01:0000C318:  06 01 00 00
               S01:0000C31C:  06 01 00 00
F06:0334             .long      262, 262, 262, 261, 261, 261, 261, 261
               S01:0000C320:  06 01 00 00
               S01:0000C324:  06 01 00 00
               S01:0000C328:  06 01 00 00
               S01:0000C32C:  05 01 00 00
               S01:0000C330:  05 01 00 00
               S01:0000C334:  05 01 00 00
               S01:0000C338:  05 01 00 00
               S01:0000C33C:  05 01 00 00
F06:0335             .long      261, 261, 261, 261, 261, 260, 260, 260
               S01:0000C340:  05 01 00 00
               S01:0000C344:  05 01 00 00
               S01:0000C348:  05 01 00 00
               S01:0000C34C:  05 01 00 00
               S01:0000C350:  05 01 00 00
               S01:0000C354:  04 01 00 00
               S01:0000C358:  04 01 00 00
               S01:0000C35C:  04 01 00 00
F06:0336             .long      260, 260, 260, 260, 260, 260, 260, 260
               S01:0000C360:  04 01 00 00
               S01:0000C364:  04 01 00 00
               S01:0000C368:  04 01 00 00
               S01:0000C36C:  04 01 00 00
               S01:0000C370:  04 01 00 00
               S01:0000C374:  04 01 00 00
               S01:0000C378:  04 01 00 00
               S01:0000C37C:  04 01 00 00
F06:0337             .long      259, 259, 259, 259, 259, 259, 259, 259
               S01:0000C380:  03 01 00 00
               S01:0000C384:  03 01 00 00
               S01:0000C388:  03 01 00 00
               S01:0000C38C:  03 01 00 00
               S01:0000C390:  03 01 00 00
               S01:0000C394:  03 01 00 00
               S01:0000C398:  03 01 00 00
               S01:0000C39C:  03 01 00 00
F06:0338             .long      259, 259, 258, 258, 258, 258, 258, 258
               S01:0000C3A0:  03 01 00 00
               S01:0000C3A4:  03 01 00 00
               S01:0000C3A8:  02 01 00 00
               S01:0000C3AC:  02 01 00 00
               S01:0000C3B0:  02 01 00 00
               S01:0000C3B4:  02 01 00 00
               S01:0000C3B8:  02 01 00 00
               S01:0000C3BC:  02 01 00 00
F06:0339             .long      258, 258, 258, 258, 258, 257, 257, 257
               S01:0000C3C0:  02 01 00 00
               S01:0000C3C4:  02 01 00 00
               S01:0000C3C8:  02 01 00 00
               S01:0000C3CC:  02 01 00 00
               S01:0000C3D0:  02 01 00 00
               S01:0000C3D4:  01 01 00 00
               S01:0000C3D8:  01 01 00 00
               S01:0000C3DC:  01 01 00 00
F06:0340             .long      257, 257, 257, 257, 257, 257, 257, 256
               S01:0000C3E0:  01 01 00 00
               S01:0000C3E4:  01 01 00 00
               S01:0000C3E8:  01 01 00 00
               S01:0000C3EC:  01 01 00 00
               S01:0000C3F0:  01 01 00 00
               S01:0000C3F4:  01 01 00 00
               S01:0000C3F8:  01 01 00 00
               S01:0000C3FC:  00 01 00 00
F06:0341             .long      256, 256, 256, 256, 256, 256, 256, 256
               S01:0000C400:  00 01 00 00
               S01:0000C404:  00 01 00 00
               S01:0000C408:  00 01 00 00
               S01:0000C40C:  00 01 00 00
               S01:0000C410:  00 01 00 00
               S01:0000C414:  00 01 00 00
               S01:0000C418:  00 01 00 00
               S01:0000C41C:  00 01 00 00
F06:0342             .long      256, 256, 255, 255, 255, 255, 255, 255
               S01:0000C420:  00 01 00 00
               S01:0000C424:  00 01 00 00
               S01:0000C428:  FF 00 00 00
               S01:0000C42C:  FF 00 00 00
               S01:0000C430:  FF 00 00 00
               S01:0000C434:  FF 00 00 00
               S01:0000C438:  FF 00 00 00
               S01:0000C43C:  FF 00 00 00
F06:0343             .long      255, 255, 255, 255, 255, 254, 254, 254
               S01:0000C440:  FF 00 00 00
               S01:0000C444:  FF 00 00 00
               S01:0000C448:  FF 00 00 00
               S01:0000C44C:  FF 00 00 00
               S01:0000C450:  FF 00 00 00
               S01:0000C454:  FE 00 00 00
               S01:0000C458:  FE 00 00 00
               S01:0000C45C:  FE 00 00 00
F06:0344             .long      254, 254, 254, 254, 254, 254, 254, 253
               S01:0000C460:  FE 00 00 00
               S01:0000C464:  FE 00 00 00
               S01:0000C468:  FE 00 00 00
               S01:0000C46C:  FE 00 00 00
               S01:0000C470:  FE 00 00 00
               S01:0000C474:  FE 00 00 00
               S01:0000C478:  FE 00 00 00
               S01:0000C47C:  FD 00 00 00
F06:0345             .long      253, 253, 253, 253, 253, 253, 253, 253
               S01:0000C480:  FD 00 00 00
               S01:0000C484:  FD 00 00 00
               S01:0000C488:  FD 00 00 00
               S01:0000C48C:  FD 00 00 00
               S01:0000C490:  FD 00 00 00
               S01:0000C494:  FD 00 00 00
               S01:0000C498:  FD 00 00 00
               S01:0000C49C:  FD 00 00 00
F06:0346             .long      253, 253, 252, 252, 252, 252, 252, 252
               S01:0000C4A0:  FD 00 00 00
               S01:0000C4A4:  FD 00 00 00
               S01:0000C4A8:  FC 00 00 00
               S01:0000C4AC:  FC 00 00 00
               S01:0000C4B0:  FC 00 00 00
               S01:0000C4B4:  FC 00 00 00
               S01:0000C4B8:  FC 00 00 00
               S01:0000C4BC:  FC 00 00 00
F06:0347             .long      252, 252, 252, 252, 252, 251, 251, 251
               S01:0000C4C0:  FC 00 00 00
               S01:0000C4C4:  FC 00 00 00
               S01:0000C4C8:  FC 00 00 00
               S01:0000C4CC:  FC 00 00 00
               S01:0000C4D0:  FC 00 00 00
               S01:0000C4D4:  FB 00 00 00
               S01:0000C4D8:  FB 00 00 00
               S01:0000C4DC:  FB 00 00 00
F06:0348             .long      251, 251, 251, 251, 251, 251, 251, 251
               S01:0000C4E0:  FB 00 00 00
               S01:0000C4E4:  FB 00 00 00
               S01:0000C4E8:  FB 00 00 00
               S01:0000C4EC:  FB 00 00 00
               S01:0000C4F0:  FB 00 00 00
               S01:0000C4F4:  FB 00 00 00
               S01:0000C4F8:  FB 00 00 00
               S01:0000C4FC:  FB 00 00 00
F06:0349             .long      250, 250, 250, 250, 250, 250, 250, 250
               S01:0000C500:  FA 00 00 00
               S01:0000C504:  FA 00 00 00
               S01:0000C508:  FA 00 00 00
               S01:0000C50C:  FA 00 00 00
               S01:0000C510:  FA 00 00 00
               S01:0000C514:  FA 00 00 00
               S01:0000C518:  FA 00 00 00
               S01:0000C51C:  FA 00 00 00
F06:0350             .long      250, 250, 250, 249, 249, 249, 249, 249
               S01:0000C520:  FA 00 00 00
               S01:0000C524:  FA 00 00 00
               S01:0000C528:  FA 00 00 00
               S01:0000C52C:  F9 00 00 00
               S01:0000C530:  F9 00 00 00
               S01:0000C534:  F9 00 00 00
               S01:0000C538:  F9 00 00 00
               S01:0000C53C:  F9 00 00 00
F06:0351             .long      249, 249, 249, 249, 249, 249, 249, 248
               S01:0000C540:  F9 00 00 00
               S01:0000C544:  F9 00 00 00
               S01:0000C548:  F9 00 00 00
               S01:0000C54C:  F9 00 00 00
               S01:0000C550:  F9 00 00 00
               S01:0000C554:  F9 00 00 00
               S01:0000C558:  F9 00 00 00
               S01:0000C55C:  F8 00 00 00
F06:0352             .long      248, 248, 248, 248, 248, 248, 248, 248
               S01:0000C560:  F8 00 00 00
               S01:0000C564:  F8 00 00 00
               S01:0000C568:  F8 00 00 00
               S01:0000C56C:  F8 00 00 00
               S01:0000C570:  F8 00 00 00
               S01:0000C574:  F8 00 00 00
               S01:0000C578:  F8 00 00 00
               S01:0000C57C:  F8 00 00 00
F06:0353             .long      248, 248, 247, 247, 247, 247, 247, 247
               S01:0000C580:  F8 00 00 00
               S01:0000C584:  F8 00 00 00
               S01:0000C588:  F7 00 00 00
               S01:0000C58C:  F7 00 00 00
               S01:0000C590:  F7 00 00 00
               S01:0000C594:  F7 00 00 00
               S01:0000C598:  F7 00 00 00
               S01:0000C59C:  F7 00 00 00
F06:0354             .long      247, 247, 247, 247, 247, 246, 246, 246
               S01:0000C5A0:  F7 00 00 00
               S01:0000C5A4:  F7 00 00 00
               S01:0000C5A8:  F7 00 00 00
               S01:0000C5AC:  F7 00 00 00
               S01:0000C5B0:  F7 00 00 00
               S01:0000C5B4:  F6 00 00 00
               S01:0000C5B8:  F6 00 00 00
               S01:0000C5BC:  F6 00 00 00
F06:0355             .long      246, 246, 246, 246, 246, 246, 246, 246
               S01:0000C5C0:  F6 00 00 00
               S01:0000C5C4:  F6 00 00 00
               S01:0000C5C8:  F6 00 00 00
               S01:0000C5CC:  F6 00 00 00
               S01:0000C5D0:  F6 00 00 00
               S01:0000C5D4:  F6 00 00 00
               S01:0000C5D8:  F6 00 00 00
               S01:0000C5DC:  F6 00 00 00
F06:0356             .long      246, 245, 245, 245, 245, 245, 245, 245
               S01:0000C5E0:  F6 00 00 00
               S01:0000C5E4:  F5 00 00 00
               S01:0000C5E8:  F5 00 00 00
               S01:0000C5EC:  F5 00 00 00
               S01:0000C5F0:  F5 00 00 00
               S01:0000C5F4:  F5 00 00 00
               S01:0000C5F8:  F5 00 00 00
               S01:0000C5FC:  F5 00 00 00
F06:0357             .long      245, 245, 245, 245, 245, 244, 244, 244
               S01:0000C600:  F5 00 00 00
               S01:0000C604:  F5 00 00 00
               S01:0000C608:  F5 00 00 00
               S01:0000C60C:  F5 00 00 00
               S01:0000C610:  F5 00 00 00
               S01:0000C614:  F4 00 00 00
               S01:0000C618:  F4 00 00 00
               S01:0000C61C:  F4 00 00 00
F06:0358             .long      244, 244, 244, 244, 244, 244, 244, 244
               S01:0000C620:  F4 00 00 00
               S01:0000C624:  F4 00 00 00
               S01:0000C628:  F4 00 00 00
               S01:0000C62C:  F4 00 00 00
               S01:0000C630:  F4 00 00 00
               S01:0000C634:  F4 00 00 00
               S01:0000C638:  F4 00 00 00
               S01:0000C63C:  F4 00 00 00
F06:0359             .long      243, 243, 243, 243, 243, 243, 243, 243
               S01:0000C640:  F3 00 00 00
               S01:0000C644:  F3 00 00 00
               S01:0000C648:  F3 00 00 00
               S01:0000C64C:  F3 00 00 00
               S01:0000C650:  F3 00 00 00
               S01:0000C654:  F3 00 00 00
               S01:0000C658:  F3 00 00 00
               S01:0000C65C:  F3 00 00 00
F06:0360             .long      243, 243, 243, 243, 242, 242, 242, 242
               S01:0000C660:  F3 00 00 00
               S01:0000C664:  F3 00 00 00
               S01:0000C668:  F3 00 00 00
               S01:0000C66C:  F3 00 00 00
               S01:0000C670:  F2 00 00 00
               S01:0000C674:  F2 00 00 00
               S01:0000C678:  F2 00 00 00
               S01:0000C67C:  F2 00 00 00
F06:0361             .long      242, 242, 242, 242, 242, 242, 242, 242
               S01:0000C680:  F2 00 00 00
               S01:0000C684:  F2 00 00 00
               S01:0000C688:  F2 00 00 00
               S01:0000C68C:  F2 00 00 00
               S01:0000C690:  F2 00 00 00
               S01:0000C694:  F2 00 00 00
               S01:0000C698:  F2 00 00 00
               S01:0000C69C:  F2 00 00 00
F06:0362             .long      241, 241, 241, 241, 241, 241, 241, 241
               S01:0000C6A0:  F1 00 00 00
               S01:0000C6A4:  F1 00 00 00
               S01:0000C6A8:  F1 00 00 00
               S01:0000C6AC:  F1 00 00 00
               S01:0000C6B0:  F1 00 00 00
               S01:0000C6B4:  F1 00 00 00
               S01:0000C6B8:  F1 00 00 00
               S01:0000C6BC:  F1 00 00 00
F06:0363             .long      241, 241, 241, 241, 240, 240, 240, 240
               S01:0000C6C0:  F1 00 00 00
               S01:0000C6C4:  F1 00 00 00
               S01:0000C6C8:  F1 00 00 00
               S01:0000C6CC:  F1 00 00 00
               S01:0000C6D0:  F0 00 00 00
               S01:0000C6D4:  F0 00 00 00
               S01:0000C6D8:  F0 00 00 00
               S01:0000C6DC:  F0 00 00 00
F06:0364             .long      240, 240, 240, 240, 240, 240, 240, 240
               S01:0000C6E0:  F0 00 00 00
               S01:0000C6E4:  F0 00 00 00
               S01:0000C6E8:  F0 00 00 00
               S01:0000C6EC:  F0 00 00 00
               S01:0000C6F0:  F0 00 00 00
               S01:0000C6F4:  F0 00 00 00
               S01:0000C6F8:  F0 00 00 00
               S01:0000C6FC:  F0 00 00 00
F06:0365             .long      239, 239, 239, 239, 239, 239, 239, 239
               S01:0000C700:  EF 00 00 00
               S01:0000C704:  EF 00 00 00
               S01:0000C708:  EF 00 00 00
               S01:0000C70C:  EF 00 00 00
               S01:0000C710:  EF 00 00 00
               S01:0000C714:  EF 00 00 00
               S01:0000C718:  EF 00 00 00
               S01:0000C71C:  EF 00 00 00
F06:0366             .long      239, 239, 239, 239, 238, 238, 238, 238
               S01:0000C720:  EF 00 00 00
               S01:0000C724:  EF 00 00 00
               S01:0000C728:  EF 00 00 00
               S01:0000C72C:  EF 00 00 00
               S01:0000C730:  EE 00 00 00
               S01:0000C734:  EE 00 00 00
               S01:0000C738:  EE 00 00 00
               S01:0000C73C:  EE 00 00 00
F06:0367             .long      238, 238, 238, 238, 238, 238, 238, 238
               S01:0000C740:  EE 00 00 00
               S01:0000C744:  EE 00 00 00
               S01:0000C748:  EE 00 00 00
               S01:0000C74C:  EE 00 00 00
               S01:0000C750:  EE 00 00 00
               S01:0000C754:  EE 00 00 00
               S01:0000C758:  EE 00 00 00
               S01:0000C75C:  EE 00 00 00
F06:0368             .long      238, 237, 237, 237, 237, 237, 237, 237
               S01:0000C760:  EE 00 00 00
               S01:0000C764:  ED 00 00 00
               S01:0000C768:  ED 00 00 00
               S01:0000C76C:  ED 00 00 00
               S01:0000C770:  ED 00 00 00
               S01:0000C774:  ED 00 00 00
               S01:0000C778:  ED 00 00 00
               S01:0000C77C:  ED 00 00 00
F06:0369             .long      237, 237, 237, 237, 237, 236, 236, 236
               S01:0000C780:  ED 00 00 00
               S01:0000C784:  ED 00 00 00
               S01:0000C788:  ED 00 00 00
               S01:0000C78C:  ED 00 00 00
               S01:0000C790:  ED 00 00 00
               S01:0000C794:  EC 00 00 00
               S01:0000C798:  EC 00 00 00
               S01:0000C79C:  EC 00 00 00
F06:0370             .long      236, 236, 236, 236, 236, 236, 236, 236
               S01:0000C7A0:  EC 00 00 00
               S01:0000C7A4:  EC 00 00 00
               S01:0000C7A8:  EC 00 00 00
               S01:0000C7AC:  EC 00 00 00
               S01:0000C7B0:  EC 00 00 00
               S01:0000C7B4:  EC 00 00 00
               S01:0000C7B8:  EC 00 00 00
               S01:0000C7BC:  EC 00 00 00
F06:0371             .long      236, 236, 235, 235, 235, 235, 235, 235
               S01:0000C7C0:  EC 00 00 00
               S01:0000C7C4:  EC 00 00 00
               S01:0000C7C8:  EB 00 00 00
               S01:0000C7CC:  EB 00 00 00
               S01:0000C7D0:  EB 00 00 00
               S01:0000C7D4:  EB 00 00 00
               S01:0000C7D8:  EB 00 00 00
               S01:0000C7DC:  EB 00 00 00
F06:0372             .long      235, 235, 235, 235, 235, 235, 234, 234
               S01:0000C7E0:  EB 00 00 00
               S01:0000C7E4:  EB 00 00 00
               S01:0000C7E8:  EB 00 00 00
               S01:0000C7EC:  EB 00 00 00
               S01:0000C7F0:  EB 00 00 00
               S01:0000C7F4:  EB 00 00 00
               S01:0000C7F8:  EA 00 00 00
               S01:0000C7FC:  EA 00 00 00
F06:0373             .long      234, 234, 234, 234, 234, 234, 234, 234
               S01:0000C800:  EA 00 00 00
               S01:0000C804:  EA 00 00 00
               S01:0000C808:  EA 00 00 00
               S01:0000C80C:  EA 00 00 00
               S01:0000C810:  EA 00 00 00
               S01:0000C814:  EA 00 00 00
               S01:0000C818:  EA 00 00 00
               S01:0000C81C:  EA 00 00 00
F06:0374             .long      234, 234, 234, 233, 233, 233, 233, 233
               S01:0000C820:  EA 00 00 00
               S01:0000C824:  EA 00 00 00
               S01:0000C828:  EA 00 00 00
               S01:0000C82C:  E9 00 00 00
               S01:0000C830:  E9 00 00 00
               S01:0000C834:  E9 00 00 00
               S01:0000C838:  E9 00 00 00
               S01:0000C83C:  E9 00 00 00
F06:0375             .long      233, 233, 233, 233, 233, 233, 233, 233
               S01:0000C840:  E9 00 00 00
               S01:0000C844:  E9 00 00 00
               S01:0000C848:  E9 00 00 00
               S01:0000C84C:  E9 00 00 00
               S01:0000C850:  E9 00 00 00
               S01:0000C854:  E9 00 00 00
               S01:0000C858:  E9 00 00 00
               S01:0000C85C:  E9 00 00 00
F06:0376             .long      232, 232, 232, 232, 232, 232, 232, 232
               S01:0000C860:  E8 00 00 00
               S01:0000C864:  E8 00 00 00
               S01:0000C868:  E8 00 00 00
               S01:0000C86C:  E8 00 00 00
               S01:0000C870:  E8 00 00 00
               S01:0000C874:  E8 00 00 00
               S01:0000C878:  E8 00 00 00
               S01:0000C87C:  E8 00 00 00
F06:0377             .long      232, 232, 232, 232, 232, 231, 231, 231
               S01:0000C880:  E8 00 00 00
               S01:0000C884:  E8 00 00 00
               S01:0000C888:  E8 00 00 00
               S01:0000C88C:  E8 00 00 00
               S01:0000C890:  E8 00 00 00
               S01:0000C894:  E7 00 00 00
               S01:0000C898:  E7 00 00 00
               S01:0000C89C:  E7 00 00 00
F06:0378             .long      231, 231, 231, 231, 231, 231, 231, 231
               S01:0000C8A0:  E7 00 00 00
               S01:0000C8A4:  E7 00 00 00
               S01:0000C8A8:  E7 00 00 00
               S01:0000C8AC:  E7 00 00 00
               S01:0000C8B0:  E7 00 00 00
               S01:0000C8B4:  E7 00 00 00
               S01:0000C8B8:  E7 00 00 00
               S01:0000C8BC:  E7 00 00 00
F06:0379             .long      231, 231, 230, 230, 230, 230, 230, 230
               S01:0000C8C0:  E7 00 00 00
               S01:0000C8C4:  E7 00 00 00
               S01:0000C8C8:  E6 00 00 00
               S01:0000C8CC:  E6 00 00 00
               S01:0000C8D0:  E6 00 00 00
               S01:0000C8D4:  E6 00 00 00
               S01:0000C8D8:  E6 00 00 00
               S01:0000C8DC:  E6 00 00 00
F06:0380             .long      230, 230, 230, 230, 230, 230, 230, 229
               S01:0000C8E0:  E6 00 00 00
               S01:0000C8E4:  E6 00 00 00
               S01:0000C8E8:  E6 00 00 00
               S01:0000C8EC:  E6 00 00 00
               S01:0000C8F0:  E6 00 00 00
               S01:0000C8F4:  E6 00 00 00
               S01:0000C8F8:  E6 00 00 00
               S01:0000C8FC:  E5 00 00 00
F06:0381             .long      229, 229, 229, 229, 229, 229, 229, 229
               S01:0000C900:  E5 00 00 00
               S01:0000C904:  E5 00 00 00
               S01:0000C908:  E5 00 00 00
               S01:0000C90C:  E5 00 00 00
               S01:0000C910:  E5 00 00 00
               S01:0000C914:  E5 00 00 00
               S01:0000C918:  E5 00 00 00
               S01:0000C91C:  E5 00 00 00
F06:0382             .long      229, 229, 229, 229, 228, 228, 228, 228
               S01:0000C920:  E5 00 00 00
               S01:0000C924:  E5 00 00 00
               S01:0000C928:  E5 00 00 00
               S01:0000C92C:  E5 00 00 00
               S01:0000C930:  E4 00 00 00
               S01:0000C934:  E4 00 00 00
               S01:0000C938:  E4 00 00 00
               S01:0000C93C:  E4 00 00 00
F06:0383             .long      228, 228, 228, 228, 228, 228, 228, 228
               S01:0000C940:  E4 00 00 00
               S01:0000C944:  E4 00 00 00
               S01:0000C948:  E4 00 00 00
               S01:0000C94C:  E4 00 00 00
               S01:0000C950:  E4 00 00 00
               S01:0000C954:  E4 00 00 00
               S01:0000C958:  E4 00 00 00
               S01:0000C95C:  E4 00 00 00
F06:0384             .long      228, 228, 227, 227, 227, 227, 227, 227
               S01:0000C960:  E4 00 00 00
               S01:0000C964:  E4 00 00 00
               S01:0000C968:  E3 00 00 00
               S01:0000C96C:  E3 00 00 00
               S01:0000C970:  E3 00 00 00
               S01:0000C974:  E3 00 00 00
               S01:0000C978:  E3 00 00 00
               S01:0000C97C:  E3 00 00 00
F06:0385             .long      227, 227, 227, 227, 227, 227, 227, 226
               S01:0000C980:  E3 00 00 00
               S01:0000C984:  E3 00 00 00
               S01:0000C988:  E3 00 00 00
               S01:0000C98C:  E3 00 00 00
               S01:0000C990:  E3 00 00 00
               S01:0000C994:  E3 00 00 00
               S01:0000C998:  E3 00 00 00
               S01:0000C99C:  E2 00 00 00
F06:0386             .long      226, 226, 226, 226, 226, 226, 226, 226
               S01:0000C9A0:  E2 00 00 00
               S01:0000C9A4:  E2 00 00 00
               S01:0000C9A8:  E2 00 00 00
               S01:0000C9AC:  E2 00 00 00
               S01:0000C9B0:  E2 00 00 00
               S01:0000C9B4:  E2 00 00 00
               S01:0000C9B8:  E2 00 00 00
               S01:0000C9BC:  E2 00 00 00
F06:0387             .long      226, 226, 226, 226, 226, 225, 225, 225
               S01:0000C9C0:  E2 00 00 00
               S01:0000C9C4:  E2 00 00 00
               S01:0000C9C8:  E2 00 00 00
               S01:0000C9CC:  E2 00 00 00
               S01:0000C9D0:  E2 00 00 00
               S01:0000C9D4:  E1 00 00 00
               S01:0000C9D8:  E1 00 00 00
               S01:0000C9DC:  E1 00 00 00
F06:0388             .long      225, 225, 225, 225, 225, 225, 225, 225
               S01:0000C9E0:  E1 00 00 00
               S01:0000C9E4:  E1 00 00 00
               S01:0000C9E8:  E1 00 00 00
               S01:0000C9EC:  E1 00 00 00
               S01:0000C9F0:  E1 00 00 00
               S01:0000C9F4:  E1 00 00 00
               S01:0000C9F8:  E1 00 00 00
               S01:0000C9FC:  E1 00 00 00
F06:0389             .long      225, 225, 225, 224, 224, 224, 224, 224
               S01:0000CA00:  E1 00 00 00
               S01:0000CA04:  E1 00 00 00
               S01:0000CA08:  E1 00 00 00
               S01:0000CA0C:  E0 00 00 00
               S01:0000CA10:  E0 00 00 00
               S01:0000CA14:  E0 00 00 00
               S01:0000CA18:  E0 00 00 00
               S01:0000CA1C:  E0 00 00 00
F06:0390             .long      224, 224, 224, 224, 224, 224, 224, 224
               S01:0000CA20:  E0 00 00 00
               S01:0000CA24:  E0 00 00 00
               S01:0000CA28:  E0 00 00 00
               S01:0000CA2C:  E0 00 00 00
               S01:0000CA30:  E0 00 00 00
               S01:0000CA34:  E0 00 00 00
               S01:0000CA38:  E0 00 00 00
               S01:0000CA3C:  E0 00 00 00
F06:0391             .long      224, 223, 223, 223, 223, 223, 223, 223
               S01:0000CA40:  E0 00 00 00
               S01:0000CA44:  DF 00 00 00
               S01:0000CA48:  DF 00 00 00
               S01:0000CA4C:  DF 00 00 00
               S01:0000CA50:  DF 00 00 00
               S01:0000CA54:  DF 00 00 00
               S01:0000CA58:  DF 00 00 00
               S01:0000CA5C:  DF 00 00 00
F06:0392             .long      223, 223, 223, 223, 223, 223, 223, 222
               S01:0000CA60:  DF 00 00 00
               S01:0000CA64:  DF 00 00 00
               S01:0000CA68:  DF 00 00 00
               S01:0000CA6C:  DF 00 00 00
               S01:0000CA70:  DF 00 00 00
               S01:0000CA74:  DF 00 00 00
               S01:0000CA78:  DF 00 00 00
               S01:0000CA7C:  DE 00 00 00
F06:0393             .long      222, 222, 222, 222, 222, 222, 222, 222
               S01:0000CA80:  DE 00 00 00
               S01:0000CA84:  DE 00 00 00
               S01:0000CA88:  DE 00 00 00
               S01:0000CA8C:  DE 00 00 00
               S01:0000CA90:  DE 00 00 00
               S01:0000CA94:  DE 00 00 00
               S01:0000CA98:  DE 00 00 00
               S01:0000CA9C:  DE 00 00 00
F06:0394             .long      222, 222, 222, 222, 222, 221, 221, 221
               S01:0000CAA0:  DE 00 00 00
               S01:0000CAA4:  DE 00 00 00
               S01:0000CAA8:  DE 00 00 00
               S01:0000CAAC:  DE 00 00 00
               S01:0000CAB0:  DE 00 00 00
               S01:0000CAB4:  DD 00 00 00
               S01:0000CAB8:  DD 00 00 00
               S01:0000CABC:  DD 00 00 00
F06:0395             .long      221, 221, 221, 221, 221, 221, 221, 221
               S01:0000CAC0:  DD 00 00 00
               S01:0000CAC4:  DD 00 00 00
               S01:0000CAC8:  DD 00 00 00
               S01:0000CACC:  DD 00 00 00
               S01:0000CAD0:  DD 00 00 00
               S01:0000CAD4:  DD 00 00 00
               S01:0000CAD8:  DD 00 00 00
               S01:0000CADC:  DD 00 00 00
F06:0396             .long      221, 221, 221, 220, 220, 220, 220, 220
               S01:0000CAE0:  DD 00 00 00
               S01:0000CAE4:  DD 00 00 00
               S01:0000CAE8:  DD 00 00 00
               S01:0000CAEC:  DC 00 00 00
               S01:0000CAF0:  DC 00 00 00
               S01:0000CAF4:  DC 00 00 00
               S01:0000CAF8:  DC 00 00 00
               S01:0000CAFC:  DC 00 00 00
F06:0397             .long      220, 220, 220, 220, 220, 220, 220, 220
               S01:0000CB00:  DC 00 00 00
               S01:0000CB04:  DC 00 00 00
               S01:0000CB08:  DC 00 00 00
               S01:0000CB0C:  DC 00 00 00
               S01:0000CB10:  DC 00 00 00
               S01:0000CB14:  DC 00 00 00
               S01:0000CB18:  DC 00 00 00
               S01:0000CB1C:  DC 00 00 00
F06:0398             .long      220, 219, 219, 219, 219, 219, 219, 219
               S01:0000CB20:  DC 00 00 00
               S01:0000CB24:  DB 00 00 00
               S01:0000CB28:  DB 00 00 00
               S01:0000CB2C:  DB 00 00 00
               S01:0000CB30:  DB 00 00 00
               S01:0000CB34:  DB 00 00 00
               S01:0000CB38:  DB 00 00 00
               S01:0000CB3C:  DB 00 00 00
F06:0399             .long      219, 219, 219, 219, 219, 219, 219, 219
               S01:0000CB40:  DB 00 00 00
               S01:0000CB44:  DB 00 00 00
               S01:0000CB48:  DB 00 00 00
               S01:0000CB4C:  DB 00 00 00
               S01:0000CB50:  DB 00 00 00
               S01:0000CB54:  DB 00 00 00
               S01:0000CB58:  DB 00 00 00
               S01:0000CB5C:  DB 00 00 00
F06:0400             .long      218, 218, 218, 218, 218, 218, 218, 218
               S01:0000CB60:  DA 00 00 00
               S01:0000CB64:  DA 00 00 00
               S01:0000CB68:  DA 00 00 00
               S01:0000CB6C:  DA 00 00 00
               S01:0000CB70:  DA 00 00 00
               S01:0000CB74:  DA 00 00 00
               S01:0000CB78:  DA 00 00 00
               S01:0000CB7C:  DA 00 00 00
F06:0401             .long      218, 218, 218, 218, 218, 218, 218, 217
               S01:0000CB80:  DA 00 00 00
               S01:0000CB84:  DA 00 00 00
               S01:0000CB88:  DA 00 00 00
               S01:0000CB8C:  DA 00 00 00
               S01:0000CB90:  DA 00 00 00
               S01:0000CB94:  DA 00 00 00
               S01:0000CB98:  DA 00 00 00
               S01:0000CB9C:  D9 00 00 00
F06:0402             .long      217, 217, 217, 217, 217, 217, 217, 217
               S01:0000CBA0:  D9 00 00 00
               S01:0000CBA4:  D9 00 00 00
               S01:0000CBA8:  D9 00 00 00
               S01:0000CBAC:  D9 00 00 00
               S01:0000CBB0:  D9 00 00 00
               S01:0000CBB4:  D9 00 00 00
               S01:0000CBB8:  D9 00 00 00
               S01:0000CBBC:  D9 00 00 00
F06:0403             .long      217, 217, 217, 217, 217, 217, 216, 216
               S01:0000CBC0:  D9 00 00 00
               S01:0000CBC4:  D9 00 00 00
               S01:0000CBC8:  D9 00 00 00
               S01:0000CBCC:  D9 00 00 00
               S01:0000CBD0:  D9 00 00 00
               S01:0000CBD4:  D9 00 00 00
               S01:0000CBD8:  D8 00 00 00
               S01:0000CBDC:  D8 00 00 00
F06:0404             .long      216, 216, 216, 216, 216, 216, 216, 216
               S01:0000CBE0:  D8 00 00 00
               S01:0000CBE4:  D8 00 00 00
               S01:0000CBE8:  D8 00 00 00
               S01:0000CBEC:  D8 00 00 00
               S01:0000CBF0:  D8 00 00 00
               S01:0000CBF4:  D8 00 00 00
               S01:0000CBF8:  D8 00 00 00
               S01:0000CBFC:  D8 00 00 00
F06:0405             .long      216, 216, 216, 216, 215, 215, 215, 215
               S01:0000CC00:  D8 00 00 00
               S01:0000CC04:  D8 00 00 00
               S01:0000CC08:  D8 00 00 00
               S01:0000CC0C:  D8 00 00 00
               S01:0000CC10:  D7 00 00 00
               S01:0000CC14:  D7 00 00 00
               S01:0000CC18:  D7 00 00 00
               S01:0000CC1C:  D7 00 00 00
F06:0406             .long      215, 215, 215, 215, 215, 215, 215, 215
               S01:0000CC20:  D7 00 00 00
               S01:0000CC24:  D7 00 00 00
               S01:0000CC28:  D7 00 00 00
               S01:0000CC2C:  D7 00 00 00
               S01:0000CC30:  D7 00 00 00
               S01:0000CC34:  D7 00 00 00
               S01:0000CC38:  D7 00 00 00
               S01:0000CC3C:  D7 00 00 00
F06:0407             .long      215, 215, 215, 215, 214, 214, 214, 214
               S01:0000CC40:  D7 00 00 00
               S01:0000CC44:  D7 00 00 00
               S01:0000CC48:  D7 00 00 00
               S01:0000CC4C:  D7 00 00 00
               S01:0000CC50:  D6 00 00 00
               S01:0000CC54:  D6 00 00 00
               S01:0000CC58:  D6 00 00 00
               S01:0000CC5C:  D6 00 00 00
F06:0408             .long      214, 214, 214, 214, 214, 214, 214, 214
               S01:0000CC60:  D6 00 00 00
               S01:0000CC64:  D6 00 00 00
               S01:0000CC68:  D6 00 00 00
               S01:0000CC6C:  D6 00 00 00
               S01:0000CC70:  D6 00 00 00
               S01:0000CC74:  D6 00 00 00
               S01:0000CC78:  D6 00 00 00
               S01:0000CC7C:  D6 00 00 00
F06:0409             .long      214, 214, 214, 213, 213, 213, 213, 213
               S01:0000CC80:  D6 00 00 00
               S01:0000CC84:  D6 00 00 00
               S01:0000CC88:  D6 00 00 00
               S01:0000CC8C:  D5 00 00 00
               S01:0000CC90:  D5 00 00 00
               S01:0000CC94:  D5 00 00 00
               S01:0000CC98:  D5 00 00 00
               S01:0000CC9C:  D5 00 00 00
F06:0410             .long      213, 213, 213, 213, 213, 213, 213, 213
               S01:0000CCA0:  D5 00 00 00
               S01:0000CCA4:  D5 00 00 00
               S01:0000CCA8:  D5 00 00 00
               S01:0000CCAC:  D5 00 00 00
               S01:0000CCB0:  D5 00 00 00
               S01:0000CCB4:  D5 00 00 00
               S01:0000CCB8:  D5 00 00 00
               S01:0000CCBC:  D5 00 00 00
F06:0411             .long      213, 213, 212, 212, 212, 212, 212, 212
               S01:0000CCC0:  D5 00 00 00
               S01:0000CCC4:  D5 00 00 00
               S01:0000CCC8:  D4 00 00 00
               S01:0000CCCC:  D4 00 00 00
               S01:0000CCD0:  D4 00 00 00
               S01:0000CCD4:  D4 00 00 00
               S01:0000CCD8:  D4 00 00 00
               S01:0000CCDC:  D4 00 00 00
F06:0412             .long      212, 212, 212, 212, 212, 212, 212, 212
               S01:0000CCE0:  D4 00 00 00
               S01:0000CCE4:  D4 00 00 00
               S01:0000CCE8:  D4 00 00 00
               S01:0000CCEC:  D4 00 00 00
               S01:0000CCF0:  D4 00 00 00
               S01:0000CCF4:  D4 00 00 00
               S01:0000CCF8:  D4 00 00 00
               S01:0000CCFC:  D4 00 00 00
F06:0413             .long      212, 212, 211, 211, 211, 211, 211, 211
               S01:0000CD00:  D4 00 00 00
               S01:0000CD04:  D4 00 00 00
               S01:0000CD08:  D3 00 00 00
               S01:0000CD0C:  D3 00 00 00
               S01:0000CD10:  D3 00 00 00
               S01:0000CD14:  D3 00 00 00
               S01:0000CD18:  D3 00 00 00
               S01:0000CD1C:  D3 00 00 00
F06:0414             .long      211, 211, 211, 211, 211, 211, 211, 211
               S01:0000CD20:  D3 00 00 00
               S01:0000CD24:  D3 00 00 00
               S01:0000CD28:  D3 00 00 00
               S01:0000CD2C:  D3 00 00 00
               S01:0000CD30:  D3 00 00 00
               S01:0000CD34:  D3 00 00 00
               S01:0000CD38:  D3 00 00 00
               S01:0000CD3C:  D3 00 00 00
F06:0415             .long      211, 210, 210, 210, 210, 210, 210, 210
               S01:0000CD40:  D3 00 00 00
               S01:0000CD44:  D2 00 00 00
               S01:0000CD48:  D2 00 00 00
               S01:0000CD4C:  D2 00 00 00
               S01:0000CD50:  D2 00 00 00
               S01:0000CD54:  D2 00 00 00
               S01:0000CD58:  D2 00 00 00
               S01:0000CD5C:  D2 00 00 00
F06:0416             .long      210, 210, 210, 210, 210, 210, 210, 210
               S01:0000CD60:  D2 00 00 00
               S01:0000CD64:  D2 00 00 00
               S01:0000CD68:  D2 00 00 00
               S01:0000CD6C:  D2 00 00 00
               S01:0000CD70:  D2 00 00 00
               S01:0000CD74:  D2 00 00 00
               S01:0000CD78:  D2 00 00 00
               S01:0000CD7C:  D2 00 00 00
F06:0417             .long      210, 209, 209, 209, 209, 209, 209, 209
               S01:0000CD80:  D2 00 00 00
               S01:0000CD84:  D1 00 00 00
               S01:0000CD88:  D1 00 00 00
               S01:0000CD8C:  D1 00 00 00
               S01:0000CD90:  D1 00 00 00
               S01:0000CD94:  D1 00 00 00
               S01:0000CD98:  D1 00 00 00
               S01:0000CD9C:  D1 00 00 00
F06:0418             .long      209, 209, 209, 209, 209, 209, 209, 209
               S01:0000CDA0:  D1 00 00 00
               S01:0000CDA4:  D1 00 00 00
               S01:0000CDA8:  D1 00 00 00
               S01:0000CDAC:  D1 00 00 00
               S01:0000CDB0:  D1 00 00 00
               S01:0000CDB4:  D1 00 00 00
               S01:0000CDB8:  D1 00 00 00
               S01:0000CDBC:  D1 00 00 00
F06:0419             .long      209, 208, 208, 208, 208, 208, 208, 208
               S01:0000CDC0:  D1 00 00 00
               S01:0000CDC4:  D0 00 00 00
               S01:0000CDC8:  D0 00 00 00
               S01:0000CDCC:  D0 00 00 00
               S01:0000CDD0:  D0 00 00 00
               S01:0000CDD4:  D0 00 00 00
               S01:0000CDD8:  D0 00 00 00
               S01:0000CDDC:  D0 00 00 00
F06:0420             .long      208, 208, 208, 208, 208, 208, 208, 208
               S01:0000CDE0:  D0 00 00 00
               S01:0000CDE4:  D0 00 00 00
               S01:0000CDE8:  D0 00 00 00
               S01:0000CDEC:  D0 00 00 00
               S01:0000CDF0:  D0 00 00 00
               S01:0000CDF4:  D0 00 00 00
               S01:0000CDF8:  D0 00 00 00
               S01:0000CDFC:  D0 00 00 00
F06:0421             .long      208, 207, 207, 207, 207, 207, 207, 207
               S01:0000CE00:  D0 00 00 00
               S01:0000CE04:  CF 00 00 00
               S01:0000CE08:  CF 00 00 00
               S01:0000CE0C:  CF 00 00 00
               S01:0000CE10:  CF 00 00 00
               S01:0000CE14:  CF 00 00 00
               S01:0000CE18:  CF 00 00 00
               S01:0000CE1C:  CF 00 00 00
F06:0422             .long      207, 207, 207, 207, 207, 207, 207, 207
               S01:0000CE20:  CF 00 00 00
               S01:0000CE24:  CF 00 00 00
               S01:0000CE28:  CF 00 00 00
               S01:0000CE2C:  CF 00 00 00
               S01:0000CE30:  CF 00 00 00
               S01:0000CE34:  CF 00 00 00
               S01:0000CE38:  CF 00 00 00
               S01:0000CE3C:  CF 00 00 00
F06:0423             .long      207, 206, 206, 206, 206, 206, 206, 206
               S01:0000CE40:  CF 00 00 00
               S01:0000CE44:  CE 00 00 00
               S01:0000CE48:  CE 00 00 00
               S01:0000CE4C:  CE 00 00 00
               S01:0000CE50:  CE 00 00 00
               S01:0000CE54:  CE 00 00 00
               S01:0000CE58:  CE 00 00 00
               S01:0000CE5C:  CE 00 00 00
F06:0424             .long      206, 206, 206, 206, 206, 206, 206, 206
               S01:0000CE60:  CE 00 00 00
               S01:0000CE64:  CE 00 00 00
               S01:0000CE68:  CE 00 00 00
               S01:0000CE6C:  CE 00 00 00
               S01:0000CE70:  CE 00 00 00
               S01:0000CE74:  CE 00 00 00
               S01:0000CE78:  CE 00 00 00
               S01:0000CE7C:  CE 00 00 00
F06:0425             .long      206, 206, 205, 205, 205, 205, 205, 205
               S01:0000CE80:  CE 00 00 00
               S01:0000CE84:  CE 00 00 00
               S01:0000CE88:  CD 00 00 00
               S01:0000CE8C:  CD 00 00 00
               S01:0000CE90:  CD 00 00 00
               S01:0000CE94:  CD 00 00 00
               S01:0000CE98:  CD 00 00 00
               S01:0000CE9C:  CD 00 00 00
F06:0426             .long      205, 205, 205, 205, 205, 205, 205, 205
               S01:0000CEA0:  CD 00 00 00
               S01:0000CEA4:  CD 00 00 00
               S01:0000CEA8:  CD 00 00 00
               S01:0000CEAC:  CD 00 00 00
               S01:0000CEB0:  CD 00 00 00
               S01:0000CEB4:  CD 00 00 00
               S01:0000CEB8:  CD 00 00 00
               S01:0000CEBC:  CD 00 00 00
F06:0427             .long      205, 205, 205, 204, 204, 204, 204, 204
               S01:0000CEC0:  CD 00 00 00
               S01:0000CEC4:  CD 00 00 00
               S01:0000CEC8:  CD 00 00 00
               S01:0000CECC:  CC 00 00 00
               S01:0000CED0:  CC 00 00 00
               S01:0000CED4:  CC 00 00 00
               S01:0000CED8:  CC 00 00 00
               S01:0000CEDC:  CC 00 00 00
F06:0428             .long      204, 204, 204, 204, 204, 204, 204, 204
               S01:0000CEE0:  CC 00 00 00
               S01:0000CEE4:  CC 00 00 00
               S01:0000CEE8:  CC 00 00 00
               S01:0000CEEC:  CC 00 00 00
               S01:0000CEF0:  CC 00 00 00
               S01:0000CEF4:  CC 00 00 00
               S01:0000CEF8:  CC 00 00 00
               S01:0000CEFC:  CC 00 00 00
F06:0429             .long      204, 204, 204, 203, 203, 203, 203, 203
               S01:0000CF00:  CC 00 00 00
               S01:0000CF04:  CC 00 00 00
               S01:0000CF08:  CC 00 00 00
               S01:0000CF0C:  CB 00 00 00
               S01:0000CF10:  CB 00 00 00
               S01:0000CF14:  CB 00 00 00
               S01:0000CF18:  CB 00 00 00
               S01:0000CF1C:  CB 00 00 00
F06:0430             .long      203, 203, 203, 203, 203, 203, 203, 203
               S01:0000CF20:  CB 00 00 00
               S01:0000CF24:  CB 00 00 00
               S01:0000CF28:  CB 00 00 00
               S01:0000CF2C:  CB 00 00 00
               S01:0000CF30:  CB 00 00 00
               S01:0000CF34:  CB 00 00 00
               S01:0000CF38:  CB 00 00 00
               S01:0000CF3C:  CB 00 00 00
F06:0431             .long      203, 203, 203, 203, 202, 202, 202, 202
               S01:0000CF40:  CB 00 00 00
               S01:0000CF44:  CB 00 00 00
               S01:0000CF48:  CB 00 00 00
               S01:0000CF4C:  CB 00 00 00
               S01:0000CF50:  CA 00 00 00
               S01:0000CF54:  CA 00 00 00
               S01:0000CF58:  CA 00 00 00
               S01:0000CF5C:  CA 00 00 00
F06:0432             .long      202, 202, 202, 202, 202, 202, 202, 202
               S01:0000CF60:  CA 00 00 00
               S01:0000CF64:  CA 00 00 00
               S01:0000CF68:  CA 00 00 00
               S01:0000CF6C:  CA 00 00 00
               S01:0000CF70:  CA 00 00 00
               S01:0000CF74:  CA 00 00 00
               S01:0000CF78:  CA 00 00 00
               S01:0000CF7C:  CA 00 00 00
F06:0433             .long      202, 202, 202, 202, 202, 201, 201, 201
               S01:0000CF80:  CA 00 00 00
               S01:0000CF84:  CA 00 00 00
               S01:0000CF88:  CA 00 00 00
               S01:0000CF8C:  CA 00 00 00
               S01:0000CF90:  CA 00 00 00
               S01:0000CF94:  C9 00 00 00
               S01:0000CF98:  C9 00 00 00
               S01:0000CF9C:  C9 00 00 00
F06:0434             .long      201, 201, 201, 201, 201, 201, 201, 201
               S01:0000CFA0:  C9 00 00 00
               S01:0000CFA4:  C9 00 00 00
               S01:0000CFA8:  C9 00 00 00
               S01:0000CFAC:  C9 00 00 00
               S01:0000CFB0:  C9 00 00 00
               S01:0000CFB4:  C9 00 00 00
               S01:0000CFB8:  C9 00 00 00
               S01:0000CFBC:  C9 00 00 00
F06:0435             .long      201, 201, 201, 201, 201, 201, 201, 200
               S01:0000CFC0:  C9 00 00 00
               S01:0000CFC4:  C9 00 00 00
               S01:0000CFC8:  C9 00 00 00
               S01:0000CFCC:  C9 00 00 00
               S01:0000CFD0:  C9 00 00 00
               S01:0000CFD4:  C9 00 00 00
               S01:0000CFD8:  C9 00 00 00
               S01:0000CFDC:  C8 00 00 00
F06:0436             .long      200, 200, 200, 200, 200, 200, 200, 200
               S01:0000CFE0:  C8 00 00 00
               S01:0000CFE4:  C8 00 00 00
               S01:0000CFE8:  C8 00 00 00
               S01:0000CFEC:  C8 00 00 00
               S01:0000CFF0:  C8 00 00 00
               S01:0000CFF4:  C8 00 00 00
               S01:0000CFF8:  C8 00 00 00
               S01:0000CFFC:  C8 00 00 00
F06:0437             .long      200, 200, 200, 200, 200, 200, 200, 200
               S01:0000D000:  C8 00 00 00
               S01:0000D004:  C8 00 00 00
               S01:0000D008:  C8 00 00 00
               S01:0000D00C:  C8 00 00 00
               S01:0000D010:  C8 00 00 00
               S01:0000D014:  C8 00 00 00
               S01:0000D018:  C8 00 00 00
               S01:0000D01C:  C8 00 00 00
F06:0438             .long      199, 199, 199, 199, 199, 199, 199, 199
               S01:0000D020:  C7 00 00 00
               S01:0000D024:  C7 00 00 00
               S01:0000D028:  C7 00 00 00
               S01:0000D02C:  C7 00 00 00
               S01:0000D030:  C7 00 00 00
               S01:0000D034:  C7 00 00 00
               S01:0000D038:  C7 00 00 00
               S01:0000D03C:  C7 00 00 00
F06:0439             .long      199, 199, 199, 199, 199, 199, 199, 199
               S01:0000D040:  C7 00 00 00
               S01:0000D044:  C7 00 00 00
               S01:0000D048:  C7 00 00 00
               S01:0000D04C:  C7 00 00 00
               S01:0000D050:  C7 00 00 00
               S01:0000D054:  C7 00 00 00
               S01:0000D058:  C7 00 00 00
               S01:0000D05C:  C7 00 00 00
F06:0440             .long      199, 199, 198, 198, 198, 198, 198, 198
               S01:0000D060:  C7 00 00 00
               S01:0000D064:  C7 00 00 00
               S01:0000D068:  C6 00 00 00
               S01:0000D06C:  C6 00 00 00
               S01:0000D070:  C6 00 00 00
               S01:0000D074:  C6 00 00 00
               S01:0000D078:  C6 00 00 00
               S01:0000D07C:  C6 00 00 00
F06:0441             .long      198, 198, 198, 198, 198, 198, 198, 198
               S01:0000D080:  C6 00 00 00
               S01:0000D084:  C6 00 00 00
               S01:0000D088:  C6 00 00 00
               S01:0000D08C:  C6 00 00 00
               S01:0000D090:  C6 00 00 00
               S01:0000D094:  C6 00 00 00
               S01:0000D098:  C6 00 00 00
               S01:0000D09C:  C6 00 00 00
F06:0442             .long      198, 198, 198, 197, 197, 197, 197, 197
               S01:0000D0A0:  C6 00 00 00
               S01:0000D0A4:  C6 00 00 00
               S01:0000D0A8:  C6 00 00 00
               S01:0000D0AC:  C5 00 00 00
               S01:0000D0B0:  C5 00 00 00
               S01:0000D0B4:  C5 00 00 00
               S01:0000D0B8:  C5 00 00 00
               S01:0000D0BC:  C5 00 00 00
F06:0443             .long      197, 197, 197, 197, 197, 197, 197, 197
               S01:0000D0C0:  C5 00 00 00
               S01:0000D0C4:  C5 00 00 00
               S01:0000D0C8:  C5 00 00 00
               S01:0000D0CC:  C5 00 00 00
               S01:0000D0D0:  C5 00 00 00
               S01:0000D0D4:  C5 00 00 00
               S01:0000D0D8:  C5 00 00 00
               S01:0000D0DC:  C5 00 00 00
F06:0444             .long      197, 197, 197, 197, 197, 196, 196, 196
               S01:0000D0E0:  C5 00 00 00
               S01:0000D0E4:  C5 00 00 00
               S01:0000D0E8:  C5 00 00 00
               S01:0000D0EC:  C5 00 00 00
               S01:0000D0F0:  C5 00 00 00
               S01:0000D0F4:  C4 00 00 00
               S01:0000D0F8:  C4 00 00 00
               S01:0000D0FC:  C4 00 00 00
F06:0445             .long      196, 196, 196, 196, 196, 196, 196, 196
               S01:0000D100:  C4 00 00 00
               S01:0000D104:  C4 00 00 00
               S01:0000D108:  C4 00 00 00
               S01:0000D10C:  C4 00 00 00
               S01:0000D110:  C4 00 00 00
               S01:0000D114:  C4 00 00 00
               S01:0000D118:  C4 00 00 00
               S01:0000D11C:  C4 00 00 00
F06:0446             .long      196, 196, 196, 196, 196, 196, 196, 195
               S01:0000D120:  C4 00 00 00
               S01:0000D124:  C4 00 00 00
               S01:0000D128:  C4 00 00 00
               S01:0000D12C:  C4 00 00 00
               S01:0000D130:  C4 00 00 00
               S01:0000D134:  C4 00 00 00
               S01:0000D138:  C4 00 00 00
               S01:0000D13C:  C3 00 00 00
F06:0447             .long      195, 195, 195, 195, 195, 195, 195, 195
               S01:0000D140:  C3 00 00 00
               S01:0000D144:  C3 00 00 00
               S01:0000D148:  C3 00 00 00
               S01:0000D14C:  C3 00 00 00
               S01:0000D150:  C3 00 00 00
               S01:0000D154:  C3 00 00 00
               S01:0000D158:  C3 00 00 00
               S01:0000D15C:  C3 00 00 00
F06:0448             .long      195, 195, 195, 195, 195, 195, 195, 195
               S01:0000D160:  C3 00 00 00
               S01:0000D164:  C3 00 00 00
               S01:0000D168:  C3 00 00 00
               S01:0000D16C:  C3 00 00 00
               S01:0000D170:  C3 00 00 00
               S01:0000D174:  C3 00 00 00
               S01:0000D178:  C3 00 00 00
               S01:0000D17C:  C3 00 00 00
F06:0449             .long      195, 195, 194, 194, 194, 194, 194, 194
               S01:0000D180:  C3 00 00 00
               S01:0000D184:  C3 00 00 00
               S01:0000D188:  C2 00 00 00
               S01:0000D18C:  C2 00 00 00
               S01:0000D190:  C2 00 00 00
               S01:0000D194:  C2 00 00 00
               S01:0000D198:  C2 00 00 00
               S01:0000D19C:  C2 00 00 00
F06:0450             .long      194, 194, 194, 194, 194, 194, 194, 194
               S01:0000D1A0:  C2 00 00 00
               S01:0000D1A4:  C2 00 00 00
               S01:0000D1A8:  C2 00 00 00
               S01:0000D1AC:  C2 00 00 00
               S01:0000D1B0:  C2 00 00 00
               S01:0000D1B4:  C2 00 00 00
               S01:0000D1B8:  C2 00 00 00
               S01:0000D1BC:  C2 00 00 00
F06:0451       
F06:0452       
F00:2779       	.endif
F00:2780       	.if frequence_replay = 31250
F00:2781       	.include	"table_frequences_31250.s"
F00:2782       	.endif
F00:2783       
F00:2784       expanded_filling_routine:
F00:2785       	.rept		416
F00:2815       
F07:0001       	ldrb	R0,[R1,R2,lsr #12]
               S01:0000D1C0:  22 06 D1 E7
F07:0002       	add		R2,R2,R3
               S01:0000D1C4:  03 20 82 E0
F07:0003       	mov		R4,R13,lsr #24
               S01:0000D1C8:  2D 4C A0 E1
F07:0004       	subs	R0,R0,R4
               S01:0000D1CC:  04 00 50 E0
F07:0005       	movmi	R0,#0
               S01:0000D1D0:  00 00 A0 43
F07:0006       	mov		R7,R0,lsl #24
               S01:0000D1D4:  00 7C A0 E1
F07:0007       
F07:0008       	ldrb	R0,[R1,R5,lsr #12]
               S01:0000D1D8:  25 06 D1 E7
F07:0009       	add		R5,R5,R6
               S01:0000D1DC:  06 50 85 E0
F07:0010       	mov		R4,R13,lsl #8
               S01:0000D1E0:  0D 44 A0 E1
F07:0011       	subs	R0,R0,R4,lsr #24
               S01:0000D1E4:  24 0C 50 E0
F07:0012       	movmi	R0,#0
               S01:0000D1E8:  00 00 A0 43
F07:0013       	orr		R7,R7,R0,lsl #16
               S01:0000D1EC:  00 78 87 E1
F07:0014       
F07:0015       	ldrb	R0,[R1,R8,lsr #12]
               S01:0000D1F0:  28 06 D1 E7
F07:0016       	add		R8,R8,R9
               S01:0000D1F4:  09 80 88 E0
F07:0017       	mov		R4,R13,lsl #16
               S01:0000D1F8:  0D 48 A0 E1
F07:0018       	subs	R0,R0,R4, lsr #24
               S01:0000D1FC:  24 0C 50 E0
F07:0019       	movmi	R0,#0
               S01:0000D200:  00 00 A0 43
F07:0020       	orr		R7,R7,R0,lsl #8
               S01:0000D204:  00 74 87 E1
F07:0021       
F07:0022       	ldrb	R0,[R1,R11,lsr #12]
               S01:0000D208:  2B 06 D1 E7
F07:0023       	add		R11,R11,R12
               S01:0000D20C:  0C B0 8B E0
F07:0024       	mov		R4,R13,lsl #24
               S01:0000D210:  0D 4C A0 E1
F07:0025       	subs	R0,R0,R4,lsr #24
               S01:0000D214:  24 0C 50 E0
F07:0026       	movmi	R0,#0
               S01:0000D218:  00 00 A0 43
F07:0027       	orr		R7,R7,R0
               S01:0000D21C:  00 70 87 E1
F07:0028       
F07:0029       	str		R7,[R14],#4		
               S01:0000D220:  04 70 8E E4
F07:0030       	
F07:0001       	ldrb	R0,[R1,R2,lsr #12]
               S01:0000D224:  22 06 D1 E7
F07:0002       	add		R2,R2,R3
               S01:0000D228:  03 20 82 E0
F07:0003       	mov		R4,R13,lsr #24
               S01:0000D22C:  2D 4C A0 E1
F07:0004       	subs	R0,R0,R4
               S01:0000D230:  04 00 50 E0
F07:0005       	movmi	R0,#0
               S01:0000D234:  00 00 A0 43
F07:0006       	mov		R7,R0,lsl #24
               S01:0000D238:  00 7C A0 E1
F07:0007       
F07:0008       	ldrb	R0,[R1,R5,lsr #12]
               S01:0000D23C:  25 06 D1 E7
F07:0009       	add		R5,R5,R6
               S01:0000D240:  06 50 85 E0
F07:0010       	mov		R4,R13,lsl #8
               S01:0000D244:  0D 44 A0 E1
F07:0011       	subs	R0,R0,R4,lsr #24
               S01:0000D248:  24 0C 50 E0
F07:0012       	movmi	R0,#0
               S01:0000D24C:  00 00 A0 43
F07:0013       	orr		R7,R7,R0,lsl #16
               S01:0000D250:  00 78 87 E1
F07:0014       
F07:0015       	ldrb	R0,[R1,R8,lsr #12]
               S01:0000D254:  28 06 D1 E7
F07:0016       	add		R8,R8,R9
               S01:0000D258:  09 80 88 E0
F07:0017       	mov		R4,R13,lsl #16
               S01:0000D25C:  0D 48 A0 E1
F07:0018       	subs	R0,R0,R4, lsr #24
               S01:0000D260:  24 0C 50 E0
F07:0019       	movmi	R0,#0
               S01:0000D264:  00 00 A0 43
F07:0020       	orr		R7,R7,R0,lsl #8
               S01:0000D268:  00 74 87 E1
F07:0021       
F07:0022       	ldrb	R0,[R1,R11,lsr #12]
               S01:0000D26C:  2B 06 D1 E7
F07:0023       	add		R11,R11,R12
               S01:0000D270:  0C B0 8B E0
F07:0024       	mov		R4,R13,lsl #24
               S01:0000D274:  0D 4C A0 E1
F07:0025       	subs	R0,R0,R4,lsr #24
               S01:0000D278:  24 0C 50 E0
F07:0026       	movmi	R0,#0
               S01:0000D27C:  00 00 A0 43
F07:0027       	orr		R7,R7,R0
               S01:0000D280:  00 70 87 E1
F07:0028       
F07:0029       	str		R7,[R14],#4		
               S01:0000D284:  04 70 8E E4
F07:0030       	
F07:0001       	ldrb	R0,[R1,R2,lsr #12]
               S01:0000D288:  22 06 D1 E7
F07:0002       	add		R2,R2,R3
               S01:0000D28C:  03 20 82 E0
F07:0003       	mov		R4,R13,lsr #24
               S01:0000D290:  2D 4C A0 E1
F07:0004       	subs	R0,R0,R4
               S01:0000D294:  04 00 50 E0
F07:0005       	movmi	R0,#0
               S01:0000D298:  00 00 A0 43
F07:0006       	mov		R7,R0,lsl #24
               S01:0000D29C:  00 7C A0 E1
F07:0007       
F07:0008       	ldrb	R0,[R1,R5,lsr #12]
               S01:0000D2A0:  25 06 D1 E7
F07:0009       	add		R5,R5,R6
               S01:0000D2A4:  06 50 85 E0
F07:0010       	mov		R4,R13,lsl #8
               S01:0000D2A8:  0D 44 A0 E1
F07:0011       	subs	R0,R0,R4,lsr #24
               S01:0000D2AC:  24 0C 50 E0
F07:0012       	movmi	R0,#0
               S01:0000D2B0:  00 00 A0 43
F07:0013       	orr		R7,R7,R0,lsl #16
               S01:0000D2B4:  00 78 87 E1
F07:0014       
F07:0015       	ldrb	R0,[R1,R8,lsr #12]
               S01:0000D2B8:  28 06 D1 E7
F07:0016       	add		R8,R8,R9
               S01:0000D2BC:  09 80 88 E0
F07:0017       	mov		R4,R13,lsl #16
               S01:0000D2C0:  0D 48 A0 E1
F07:0018       	subs	R0,R0,R4, lsr #24
               S01:0000D2C4:  24 0C 50 E0
F07:0019       	movmi	R0,#0
               S01:0000D2C8:  00 00 A0 43
F07:0020       	orr		R7,R7,R0,lsl #8
               S01:0000D2CC:  00 74 87 E1
F07:0021       
F07:0022       	ldrb	R0,[R1,R11,lsr #12]
               S01:0000D2D0:  2B 06 D1 E7
F07:0023       	add		R11,R11,R12
               S01:0000D2D4:  0C B0 8B E0
F07:0024       	mov		R4,R13,lsl #24
               S01:0000D2D8:  0D 4C A0 E1
F07:0025       	subs	R0,R0,R4,lsr #24
               S01:0000D2DC:  24 0C 50 E0
F07:0026       	movmi	R0,#0
               S01:0000D2E0:  00 00 A0 43
F07:0027       	orr		R7,R7,R0
               S01:0000D2E4:  00 70 87 E1
F07:0028       
F07:0029       	str		R7,[R14],#4		
               S01:0000D2E8:  04 70 8E E4
F07:0030       	
F07:0001       	ldrb	R0,[R1,R2,lsr #12]
               S01:0000D2EC:  22 06 D1 E7
F07:0002       	add		R2,R2,R3
               S01:0000D2F0:  03 20 82 E0
F07:0003       	mov		R4,R13,lsr #24
               S01:0000D2F4:  2D 4C A0 E1
F07:0004       	subs	R0,R0,R4
               S01:0000D2F8:  04 00 50 E0
F07:0005       	movmi	R0,#0
               S01:0000D2FC:  00 00 A0 43
F07:0006       	mov		R7,R0,lsl #24
               S01:0000D300:  00 7C A0 E1
F07:0007       
F07:0008       	ldrb	R0,[R1,R5,lsr #12]
               S01:0000D304:  25 06 D1 E7
F07:0009       	add		R5,R5,R6
               S01:0000D308:  06 50 85 E0
F07:0010       	mov		R4,R13,lsl #8
               S01:0000D30C:  0D 44 A0 E1
F07:0011       	subs	R0,R0,R4,lsr #24
               S01:0000D310:  24 0C 50 E0
F07:0012       	movmi	R0,#0
               S01:0000D314:  00 00 A0 43
F07:0013       	orr		R7,R7,R0,lsl #16
               S01:0000D318:  00 78 87 E1
F07:0014       
F07:0015       	ldrb	R0,[R1,R8,lsr #12]
               S01:0000D31C:  28 06 D1 E7
F07:0016       	add		R8,R8,R9
               S01:0000D320:  09 80 88 E0
F07:0017       	mov		R4,R13,lsl #16
               S01:0000D324:  0D 48 A0 E1
F07:0018       	subs	R0,R0,R4, lsr #24
               S01:0000D328:  24 0C 50 E0
F07:0019       	movmi	R0,#0
               S01:0000D32C:  00 00 A0 43
F07:0020       	orr		R7,R7,R0,lsl #8
               S01:0000D330:  00 74 87 E1
F07:0021       
F07:0022       	ldrb	R0,[R1,R11,lsr #12]
               S01:0000D334:  2B 06 D1 E7
F07:0023       	add		R11,R11,R12
               S01:0000D338:  0C B0 8B E0
F07:0024       	mov		R4,R13,lsl #24
               S01:0000D33C:  0D 4C A0 E1
F07:0025       	subs	R0,R0,R4,lsr #24
               S01:0000D340:  24 0C 50 E0
F07:0026       	movmi	R0,#0
               S01:0000D344:  00 00 A0 43
F07:0027       	orr		R7,R7,R0
               S01:0000D348:  00 70 87 E1
F07:0028       
F07:0029       	str		R7,[R14],#4		
               S01:0000D34C:  04 70 8E E4
F07:0030       	
F07:0001       	ldrb	R0,[R1,R2,lsr #12]
               S01:0000D350:  22 06 D1 E7
F07:0002       	add		R2,R2,R3
               S01:0000D354:  03 20 82 E0
F07:0003       	mov		R4,R13,lsr #24
               S01:0000D358:  2D 4C A0 E1
F07:0004       	subs	R0,R0,R4
               S01:0000D35C:  04 00 50 E0
F07:0005       	movmi	R0,#0
               S01:0000D360:  00 00 A0 43
F07:0006       	mov		R7,R0,lsl #24
               S01:0000D364:  00 7C A0 E1
F07:0007       
F07:0008       	ldrb	R0,[R1,R5,lsr #12]
               S01:0000D368:  25 06 D1 E7
F07:0009       	add		R5,R5,R6
               S01:0000D36C:  06 50 85 E0
F07:0010       	mov		R4,R13,lsl #8
               S01:0000D370:  0D 44 A0 E1
F07:0011       	subs	R0,R0,R4,lsr #24
               S01:0000D374:  24 0C 50 E0
F07:0012       	movmi	R0,#0
               S01:0000D378:  00 00 A0 43
F07:0013       	orr		R7,R7,R0,lsl #16
               S01:0000D37C:  00 78 87 E1
F07:0014       
F07:0015       	ldrb	R0,[R1,R8,lsr #12]
               S01:0000D380:  28 06 D1 E7
F07:0016       	add		R8,R8,R9
               S01:0000D384:  09 80 88 E0
F07:0017       	mov		R4,R13,lsl #16
               S01:0000D388:  0D 48 A0 E1
F07:0018       	subs	R0,R0,R4, lsr #24
               S01:0000D38C:  24 0C 50 E0
F07:0019       	movmi	R0,#0
               S01:0000D390:  00 00 A0 43
F07:0020       	orr		R7,R7,R0,lsl #8
               S01:0000D394:  00 74 87 E1
F07:0021       
F07:0022       	ldrb	R0,[R1,R11,lsr #12]
               S01:0000D398:  2B 06 D1 E7
F07:0023       	add		R11,R11,R12
               S01:0000D39C:  0C B0 8B E0
F07:0024       	mov		R4,R13,lsl #24
               S01:0000D3A0:  0D 4C A0 E1
F07:0025       	subs	R0,R0,R4,lsr #24
               S01:0000D3A4:  24 0C 50 E0
F07:0026       	movmi	R0,#0
               S01:0000D3A8:  00 00 A0 43
F07:0027       	orr		R7,R7,R0
               S01:0000D3AC:  00 70 87 E1
F07:0028       
F07:0029       	str		R7,[R14],#4		
               S01:0000D3B0:  04 70 8E E4
F07:0030       	
F07:0001       	ldrb	R0,[R1,R2,lsr #12]
               S01:0000D3B4:  22 06 D1 E7
F07:0002       	add		R2,R2,R3
               S01:0000D3B8:  03 20 82 E0
F07:0003       	mov		R4,R13,lsr #24
               S01:0000D3BC:  2D 4C A0 E1
F07:0004       	subs	R0,R0,R4
               S01:0000D3C0:  04 00 50 E0
F07:0005       	movmi	R0,#0
               S01:0000D3C4:  00 00 A0 43
F07:0006       	mov		R7,R0,lsl #24
               S01:0000D3C8:  00 7C A0 E1
F07:0007       
F07:0008       	ldrb	R0,[R1,R5,lsr #12]
               S01:0000D3CC:  25 06 D1 E7
F07:0009       	add		R5,R5,R6
               S01:0000D3D0:  06 50 85 E0
F07:0010       	mov		R4,R13,lsl #8
               S01:0000D3D4:  0D 44 A0 E1
F07:0011       	subs	R0,R0,R4,lsr #24
               S01:0000D3D8:  24 0C 50 E0
F07:0012       	movmi	R0,#0
               S01:0000D3DC:  00 00 A0 43
F07:0013       	orr		R7,R7,R0,lsl #16
               S01:0000D3E0:  00 78 87 E1
F07:0014       
F07:0015       	ldrb	R0,[R1,R8,lsr #12]
               S01:0000D3E4:  28 06 D1 E7
F07:0016       	add		R8,R8,R9
               S01:0000D3E8:  09 80 88 E0
F07:0017       	mov		R4,R13,lsl #16
               S01:0000D3EC:  0D 48 A0 E1
F07:0018       	subs	R0,R0,R4, lsr #24
               S01:0000D3F0:  24 0C 50 E0
F07:0019       	movmi	R0,#0
               S01:0000D3F4:  00 00 A0 43
F07:0020       	orr		R7,R7,R0,lsl #8
               S01:0000D3F8:  00 74 87 E1
F07:0021       
F07:0022       	ldrb	R0,[R1,R11,lsr #12]
               S01:0000D3FC:  2B 06 D1 E7
F07:0023       	add		R11,R11,R12
               S01:0000D400:  0C B0 8B E0
F07:0024       	mov		R4,R13,lsl #24
               S01:0000D404:  0D 4C A0 E1
F07:0025       	subs	R0,R0,R4,lsr #24
               S01:0000D408:  24 0C 50 E0
F07:0026       	movmi	R0,#0
               S01:0000D40C:  00 00 A0 43
F07:0027       	orr		R7,R7,R0
               S01:0000D410:  00 70 87 E1
F07:0028       
F07:0029       	str		R7,[R14],#4		
               S01:0000D414:  04 70 8E E4
F07:0030       	
F07:0001       	ldrb	R0,[R1,R2,lsr #12]
               S01:0000D418:  22 06 D1 E7
F07:0002       	add		R2,R2,R3
               S01:0000D41C:  03 20 82 E0
F07:0003       	mov		R4,R13,lsr #24
               S01:0000D420:  2D 4C A0 E1
F07:0004       	subs	R0,R0,R4
               S01:0000D424:  04 00 50 E0
F07:0005       	movmi	R0,#0
               S01:0000D428:  00 00 A0 43
F07:0006       	mov		R7,R0,lsl #24
               S01:0000D42C:  00 7C A0 E1
F07:0007       
F07:0008       	ldrb	R0,[R1,R5,lsr #12]
               S01:0000D430:  25 06 D1 E7
F07:0009       	add		R5,R5,R6
               S01:0000D434:  06 50 85 E0
F07:0010       	mov		R4,R13,lsl #8
               S01:0000D438:  0D 44 A0 E1
F07:0011       	subs	R0,R0,R4,lsr #24
               S01:0000D43C:  24 0C 50 E0
F07:0012       	movmi	R0,#0
               S01:0000D440:  00 00 A0 43
F07:0013       	orr		R7,R7,R0,lsl #16
               S01:0000D444:  00 78 87 E1
F07:0014       
F07:0015       	ldrb	R0,[R1,R8,lsr #12]
               S01:0000D448:  28 06 D1 E7
F07:0016       	add		R8,R8,R9
               S01:0000D44C:  09 80 88 E0
F07:0017       	mov		R4,R13,lsl #16
               S01:0000D450:  0D 48 A0 E1
F07:0018       	subs	R0,R0,R4, lsr #24
               S01:0000D454:  24 0C 50 E0
F07:0019       	movmi	R0,#0
               S01:0000D458:  00 00 A0 43
F07:0020       	orr		R7,R7,R0,lsl #8
               S01:0000D45C:  00 74 87 E1
F07:0021       
F07:0022       	ldrb	R0,[R1,R11,lsr #12]
               S01:0000D460:  2B 06 D1 E7
F07:0023       	add		R11,R11,R12
               S01:0000D464:  0C B0 8B E0
F07:0024       	mov		R4,R13,lsl #24
               S01:0000D468:  0D 4C A0 E1
F07:0025       	subs	R0,R0,R4,lsr #24
               S01:0000D46C:  24 0C 50 E0
F07:0026       	movmi	R0,#0
               S01:0000D470:  00 00 A0 43
F07:0027       	orr		R7,R7,R0
               S01:0000D474:  00 70 87 E1
F07:0028       
F07:0029       	str		R7,[R14],#4		
               S01:0000D478:  04 70 8E E4
F07:0030       	
F07:0001       	ldrb	R0,[R1,R2,lsr #12]
               S01:0000D47C:  22 06 D1 E7
F07:0002       	add		R2,R2,R3
               S01:0000D480:  03 20 82 E0
F07:0003       	mov		R4,R13,lsr #24
               S01:0000D484:  2D 4C A0 E1
F07:0004       	subs	R0,R0,R4
               S01:0000D488:  04 00 50 E0
F07:0005       	movmi	R0,#0
               S01:0000D48C:  00 00 A0 43
F07:0006       	mov		R7,R0,lsl #24
               S01:0000D490:  00 7C A0 E1
F07:0007       
F07:0008       	ldrb	R0,[R1,R5,lsr #12]
               S01:0000D494:  25 06 D1 E7
F07:0009       	add		R5,R5,R6
               S01:0000D498:  06 50 85 E0
F07:0010       	mov		R4,R13,lsl #8
               S01:0000D49C:  0D 44 A0 E1
F07:0011       	subs	R0,R0,R4,lsr #24
               S01:0000D4A0:  24 0C 50 E0
F07:0012       	movmi	R0,#0
               S01:0000D4A4:  00 00 A0 43
F07:0013       	orr		R7,R7,R0,lsl #16
               S01:0000D4A8:  00 78 87 E1
F07:0014       
F07:0015       	ldrb	R0,[R1,R8,lsr #12]
               S01:0000D4AC:  28 06 D1 E7
F07:0016       	add		R8,R8,R9
               S01:0000D4B0:  09 80 88 E0
F07:0017       	mov		R4,R13,lsl #16
               S01:0000D4B4:  0D 48 A0 E1
F07:0018       	subs	R0,R0,R4, lsr #24
               S01:0000D4B8:  24 0C 50 E0
F07:0019       	movmi	R0,#0
               S01:0000D4BC:  00 00 A0 43
F07:0020       	orr		R7,R7,R0,lsl #8
               S01:0000D4C0:  00 74 87 E1
F07:0021       
F07:0022       	ldrb	R0,[R1,R11,lsr #12]
               S01:0000D4C4:  2B 06 D1 E7
F07:0023       	add		R11,R11,R12
               S01:0000D4C8:  0C B0 8B E0
F07:0024       	mov		R4,R13,lsl #24
               S01:0000D4CC:  0D 4C A0 E1
F07:0025       	subs	R0,R0,R4,lsr #24
               S01:0000D4D0:  24 0C 50 E0
F07:0026       	movmi	R0,#0
               S01:0000D4D4:  00 00 A0 43
F07:0027       	orr		R7,R7,R0
               S01:0000D4D8:  00 70 87 E1
F07:0028       
F07:0029       	str		R7,[R14],#4		
               S01:0000D4DC:  04 70 8E E4
F07:0030       	
F07:0001       	ldrb	R0,[R1,R2,lsr #12]
               S01:0000D4E0:  22 06 D1 E7
F07:0002       	add		R2,R2,R3
               S01:0000D4E4:  03 20 82 E0
F07:0003       	mov		R4,R13,lsr #24
               S01:0000D4E8:  2D 4C A0 E1
F07:0004       	subs	R0,R0,R4
               S01:0000D4EC:  04 00 50 E0
F07:0005       	movmi	R0,#0
               S01:0000D4F0:  00 00 A0 43
F07:0006       	mov		R7,R0,lsl #24
               S01:0000D4F4:  00 7C A0 E1
F07:0007       
F07:0008       	ldrb	R0,[R1,R5,lsr #12]
               S01:0000D4F8:  25 06 D1 E7
F07:0009       	add		R5,R5,R6
               S01:0000D4FC:  06 50 85 E0
F07:0010       	mov		R4,R13,lsl #8
               S01:0000D500:  0D 44 A0 E1
F07:0011       	subs	R0,R0,R4,lsr #24
               S01:0000D504:  24 0C 50 E0
F07:0012       	movmi	R0,#0
               S01:0000D508:  00 00 A0 43
F07:0013       	orr		R7,R7,R0,lsl #16
               S01:0000D50C:  00 78 87 E1
F07:0014       
F07:0015       	ldrb	R0,[R1,R8,lsr #12]
               S01:0000D510:  28 06 D1 E7
F07:0016       	add		R8,R8,R9
               S01:0000D514:  09 80 88 E0
F07:0017       	mov		R4,R13,lsl #16
               S01:0000D518:  0D 48 A0 E1
F07:0018       	subs	R0,R0,R4, lsr #24
               S01:0000D51C:  24 0C 50 E0
F07:0019       	movmi	R0,#0
               S01:0000D520:  00 00 A0 43
F07:0020       	orr		R7,R7,R0,lsl #8
               S01:0000D524:  00 74 87 E1
F07:0021       
F07:0022       	ldrb	R0,[R1,R11,lsr #12]
               S01:0000D528:  2B 06 D1 E7
F07:0023       	add		R11,R11,R12
               S01:0000D52C:  0C B0 8B E0
F07:0024       	mov		R4,R13,lsl #24
               S01:0000D530:  0D 4C A0 E1
F07:0025       	subs	R0,R0,R4,lsr #24
               S01:0000D534:  24 0C 50 E0
F07:0026       	movmi	R0,#0
               S01:0000D538:  00 00 A0 43
F07:0027       	orr		R7,R7,R0
               S01:0000D53C:  00 70 87 E1
F07:0028       
F07:0029       	str		R7,[R14],#4		
               S01:0000D540:  04 70 8E E4
F07:0030       	
F07:0001       	ldrb	R0,[R1,R2,lsr #12]
               S01:0000D544:  22 06 D1 E7
F07:0002       	add		R2,R2,R3
               S01:0000D548:  03 20 82 E0
F07:0003       	mov		R4,R13,lsr #24
               S01:0000D54C:  2D 4C A0 E1
F07:0004       	subs	R0,R0,R4
               S01:0000D550:  04 00 50 E0
F07:0005       	movmi	R0,#0
               S01:0000D554:  00 00 A0 43
F07:0006       	mov		R7,R0,lsl #24
               S01:0000D558:  00 7C A0 E1
F07:0007       
F07:0008       	ldrb	R0,[R1,R5,lsr #12]
               S01:0000D55C:  25 06 D1 E7
F07:0009       	add		R5,R5,R6
               S01:0000D560:  06 50 85 E0
F07:0010       	mov		R4,R13,lsl #8
               S01:0000D564:  0D 44 A0 E1
F07:0011       	subs	R0,R0,R4,lsr #24
               S01:0000D568:  24 0C 50 E0
F07:0012       	movmi	R0,#0
               S01:0000D56C:  00 00 A0 43
F07:0013       	orr		R7,R7,R0,lsl #16
               S01:0000D570:  00 78 87 E1
F07:0014       
F07:0015       	ldrb	R0,[R1,R8,lsr #12]
               S01:0000D574:  28 06 D1 E7
F07:0016       	add		R8,R8,R9
               S01:0000D578:  09 80 88 E0
F07:0017       	mov		R4,R13,lsl #16
               S01:0000D57C:  0D 48 A0 E1
F07:0018       	subs	R0,R0,R4, lsr #24
               S01:0000D580:  24 0C 50 E0
F07:0019       	movmi	R0,#0
               S01:0000D584:  00 00 A0 43
F07:0020       	orr		R7,R7,R0,lsl #8
               S01:0000D588:  00 74 87 E1
F07:0021       
F07:0022       	ldrb	R0,[R1,R11,lsr #12]
               S01:0000D58C:  2B 06 D1 E7
F07:0023       	add		R11,R11,R12
               S01:0000D590:  0C B0 8B E0
F07:0024       	mov		R4,R13,lsl #24
               S01:0000D594:  0D 4C A0 E1
F07:0025       	subs	R0,R0,R4,lsr #24
               S01:0000D598:  24 0C 50 E0
F07:0026       	movmi	R0,#0
               S01:0000D59C:  00 00 A0 43
F07:0027       	orr		R7,R7,R0
               S01:0000D5A0:  00 70 87 E1
F07:0028       
F07:0029       	str		R7,[R14],#4		
               S01:0000D5A4:  04 70 8E E4
F07:0030       	
F07:0001       	ldrb	R0,[R1,R2,lsr #12]
               S01:0000D5A8:  22 06 D1 E7
F07:0002       	add		R2,R2,R3
               S01:0000D5AC:  03 20 82 E0
F07:0003       	mov		R4,R13,lsr #24
               S01:0000D5B0:  2D 4C A0 E1
F07:0004       	subs	R0,R0,R4
               S01:0000D5B4:  04 00 50 E0
F07:0005       	movmi	R0,#0
               S01:0000D5B8:  00 00 A0 43
F07:0006       	mov		R7,R0,lsl #24
               S01:0000D5BC:  00 7C A0 E1
F07:0007       
F07:0008       	ldrb	R0,[R1,R5,lsr #12]
               S01:0000D5C0:  25 06 D1 E7
F07:0009       	add		R5,R5,R6
               S01:0000D5C4:  06 50 85 E0
F07:0010       	mov		R4,R13,lsl #8
               S01:0000D5C8:  0D 44 A0 E1
F07:0011       	subs	R0,R0,R4,lsr #24
               S01:0000D5CC:  24 0C 50 E0
F07:0012       	movmi	R0,#0
               S01:0000D5D0:  00 00 A0 43
F07:0013       	orr		R7,R7,R0,lsl #16
               S01:0000D5D4:  00 78 87 E1
F07:0014       
F07:0015       	ldrb	R0,[R1,R8,lsr #12]
               S01:0000D5D8:  28 06 D1 E7
F07:0016       	add		R8,R8,R9
               S01:0000D5DC:  09 80 88 E0
F07:0017       	mov		R4,R13,lsl #16
               S01:0000D5E0:  0D 48 A0 E1
F07:0018       	subs	R0,R0,R4, lsr #24
               S01:0000D5E4:  24 0C 50 E0
F07:0019       	movmi	R0,#0
               S01:0000D5E8:  00 00 A0 43
F07:0020       	orr		R7,R7,R0,lsl #8
               S01:0000D5EC:  00 74 87 E1
F07:0021       
F07:0022       	ldrb	R0,[R1,R11,lsr #12]
               S01:0000D5F0:  2B 06 D1 E7
F07:0023       	add		R11,R11,R12
               S01:0000D5F4:  0C B0 8B E0
F07:0024       	mov		R4,R13,lsl #24
               S01:0000D5F8:  0D 4C A0 E1
F07:0025       	subs	R0,R0,R4,lsr #24
               S01:0000D5FC:  24 0C 50 E0
F07:0026       	movmi	R0,#0
               S01:0000D600:  00 00 A0 43
F07:0027       	orr		R7,R7,R0
               S01:0000D604:  00 70 87 E1
F07:0028       
F07:0029       	str		R7,[R14],#4		
               S01:0000D608:  04 70 8E E4
F07:0030       	
F07:0001       	ldrb	R0,[R1,R2,lsr #12]
               S01:0000D60C:  22 06 D1 E7
F07:0002       	add		R2,R2,R3
               S01:0000D610:  03 20 82 E0
F07:0003       	mov		R4,R13,lsr #24
               S01:0000D614:  2D 4C A0 E1
F07:0004       	subs	R0,R0,R4
               S01:0000D618:  04 00 50 E0
F07:0005       	movmi	R0,#0
               S01:0000D61C:  00 00 A0 43
F07:0006       	mov		R7,R0,lsl #24
               S01:0000D620:  00 7C A0 E1
F07:0007       
F07:0008       	ldrb	R0,[R1,R5,lsr #12]
               S01:0000D624:  25 06 D1 E7
F07:0009       	add		R5,R5,R6
               S01:0000D628:  06 50 85 E0
F07:0010       	mov		R4,R13,lsl #8
               S01:0000D62C:  0D 44 A0 E1
F07:0011       	subs	R0,R0,R4,lsr #24
               S01:0000D630:  24 0C 50 E0
F07:0012       	movmi	R0,#0
               S01:0000D634:  00 00 A0 43
F07:0013       	orr		R7,R7,R0,lsl #16
               S01:0000D638:  00 78 87 E1
F07:0014       
F07:0015       	ldrb	R0,[R1,R8,lsr #12]
               S01:0000D63C:  28 06 D1 E7
F07:0016       	add		R8,R8,R9
               S01:0000D640:  09 80 88 E0
F07:0017       	mov		R4,R13,lsl #16
               S01:0000D644:  0D 48 A0 E1
F07:0018       	subs	R0,R0,R4, lsr #24
               S01:0000D648:  24 0C 50 E0
F07:0019       	movmi	R0,#0
               S01:0000D64C:  00 00 A0 43
F07:0020       	orr		R7,R7,R0,lsl #8
               S01:0000D650:  00 74 87 E1
F07:0021       
F07:0022       	ldrb	R0,[R1,R11,lsr #12]
               S01:0000D654:  2B 06 D1 E7
F07:0023       	add		R11,R11,R12
               S01:0000D658:  0C B0 8B E0
F07:0024       	mov		R4,R13,lsl #24
               S01:0000D65C:  0D 4C A0 E1
F07:0025       	subs	R0,R0,R4,lsr #24
               S01:0000D660:  24 0C 50 E0
F07:0026       	movmi	R0,#0
               S01:0000D664:  00 00 A0 43
F07:0027       	orr		R7,R7,R0
               S01:0000D668:  00 70 87 E1
F07:0028       
F07:0029       	str		R7,[R14],#4		
               S01:0000D66C:  04 70 8E E4
F07:0030       	
F07:0001       	ldrb	R0,[R1,R2,lsr #12]
               S01:0000D670:  22 06 D1 E7
F07:0002       	add		R2,R2,R3
               S01:0000D674:  03 20 82 E0
F07:0003       	mov		R4,R13,lsr #24
               S01:0000D678:  2D 4C A0 E1
F07:0004       	subs	R0,R0,R4
               S01:0000D67C:  04 00 50 E0
F07:0005       	movmi	R0,#0
               S01:0000D680:  00 00 A0 43
F07:0006       	mov		R7,R0,lsl #24
               S01:0000D684:  00 7C A0 E1
F07:0007       
F07:0008       	ldrb	R0,[R1,R5,lsr #12]
               S01:0000D688:  25 06 D1 E7
F07:0009       	add		R5,R5,R6
               S01:0000D68C:  06 50 85 E0
F07:0010       	mov		R4,R13,lsl #8
               S01:0000D690:  0D 44 A0 E1
F07:0011       	subs	R0,R0,R4,lsr #24
               S01:0000D694:  24 0C 50 E0
F07:0012       	movmi	R0,#0
               S01:0000D698:  00 00 A0 43
F07:0013       	orr		R7,R7,R0,lsl #16
               S01:0000D69C:  00 78 87 E1
F07:0014       
F07:0015       	ldrb	R0,[R1,R8,lsr #12]
               S01:0000D6A0:  28 06 D1 E7
F07:0016       	add		R8,R8,R9
               S01:0000D6A4:  09 80 88 E0
F07:0017       	mov		R4,R13,lsl #16
               S01:0000D6A8:  0D 48 A0 E1
F07:0018       	subs	R0,R0,R4, lsr #24
               S01:0000D6AC:  24 0C 50 E0
F07:0019       	movmi	R0,#0
               S01:0000D6B0:  00 00 A0 43
F07:0020       	orr		R7,R7,R0,lsl #8
               S01:0000D6B4:  00 74 87 E1
F07:0021       
F07:0022       	ldrb	R0,[R1,R11,lsr #12]
               S01:0000D6B8:  2B 06 D1 E7
F07:0023       	add		R11,R11,R12
               S01:0000D6BC:  0C B0 8B E0
F07:0024       	mov		R4,R13,lsl #24
               S01:0000D6C0:  0D 4C A0 E1
F07:0025       	subs	R0,R0,R4,lsr #24
               S01:0000D6C4:  24 0C 50 E0
F07:0026       	movmi	R0,#0
               S01:0000D6C8:  00 00 A0 43
F07:0027       	orr		R7,R7,R0
               S01:0000D6CC:  00 70 87 E1
F07:0028       
F07:0029       	str		R7,[R14],#4		
               S01:0000D6D0:  04 70 8E E4
F07:0030       	
F07:0001       	ldrb	R0,[R1,R2,lsr #12]
               S01:0000D6D4:  22 06 D1 E7
F07:0002       	add		R2,R2,R3
               S01:0000D6D8:  03 20 82 E0
F07:0003       	mov		R4,R13,lsr #24
               S01:0000D6DC:  2D 4C A0 E1
F07:0004       	subs	R0,R0,R4
               S01:0000D6E0:  04 00 50 E0
F07:0005       	movmi	R0,#0
               S01:0000D6E4:  00 00 A0 43
F07:0006       	mov		R7,R0,lsl #24
               S01:0000D6E8:  00 7C A0 E1
F07:0007       
F07:0008       	ldrb	R0,[R1,R5,lsr #12]
               S01:0000D6EC:  25 06 D1 E7
F07:0009       	add		R5,R5,R6
               S01:0000D6F0:  06 50 85 E0
F07:0010       	mov		R4,R13,lsl #8
               S01:0000D6F4:  0D 44 A0 E1
F07:0011       	subs	R0,R0,R4,lsr #24
               S01:0000D6F8:  24 0C 50 E0
F07:0012       	movmi	R0,#0
               S01:0000D6FC:  00 00 A0 43
F07:0013       	orr		R7,R7,R0,lsl #16
               S01:0000D700:  00 78 87 E1
F07:0014       
F07:0015       	ldrb	R0,[R1,R8,lsr #12]
               S01:0000D704:  28 06 D1 E7
F07:0016       	add		R8,R8,R9
               S01:0000D708:  09 80 88 E0
F07:0017       	mov		R4,R13,lsl #16
               S01:0000D70C:  0D 48 A0 E1
F07:0018       	subs	R0,R0,R4, lsr #24
               S01:0000D710:  24 0C 50 E0
F07:0019       	movmi	R0,#0
               S01:0000D714:  00 00 A0 43
F07:0020       	orr		R7,R7,R0,lsl #8
               S01:0000D718:  00 74 87 E1
F07:0021       
F07:0022       	ldrb	R0,[R1,R11,lsr #12]
               S01:0000D71C:  2B 06 D1 E7
F07:0023       	add		R11,R11,R12
               S01:0000D720:  0C B0 8B E0
F07:0024       	mov		R4,R13,lsl #24
               S01:0000D724:  0D 4C A0 E1
F07:0025       	subs	R0,R0,R4,lsr #24
               S01:0000D728:  24 0C 50 E0
F07:0026       	movmi	R0,#0
               S01:0000D72C:  00 00 A0 43
F07:0027       	orr		R7,R7,R0
               S01:0000D730:  00 70 87 E1
F07:0028       
F07:0029       	str		R7,[R14],#4		
               S01:0000D734:  04 70 8E E4
F07:0030       	
F07:0001       	ldrb	R0,[R1,R2,lsr #12]
               S01:0000D738:  22 06 D1 E7
F07:0002       	add		R2,R2,R3
               S01:0000D73C:  03 20 82 E0
F07:0003       	mov		R4,R13,lsr #24
               S01:0000D740:  2D 4C A0 E1
F07:0004       	subs	R0,R0,R4
               S01:0000D744:  04 00 50 E0
F07:0005       	movmi	R0,#0
               S01:0000D748:  00 00 A0 43
F07:0006       	mov		R7,R0,lsl #24
               S01:0000D74C:  00 7C A0 E1
F07:0007       
F07:0008       	ldrb	R0,[R1,R5,lsr #12]
               S01:0000D750:  25 06 D1 E7
F07:0009       	add		R5,R5,R6
               S01:0000D754:  06 50 85 E0
F07:0010       	mov		R4,R13,lsl #8
               S01:0000D758:  0D 44 A0 E1
F07:0011       	subs	R0,R0,R4,lsr #24
               S01:0000D75C:  24 0C 50 E0
F07:0012       	movmi	R0,#0
               S01:0000D760:  00 00 A0 43
F07:0013       	orr		R7,R7,R0,lsl #16
               S01:0000D764:  00 78 87 E1
F07:0014       
F07:0015       	ldrb	R0,[R1,R8,lsr #12]
               S01:0000D768:  28 06 D1 E7
F07:0016       	add		R8,R8,R9
               S01:0000D76C:  09 80 88 E0
F07:0017       	mov		R4,R13,lsl #16
               S01:0000D770:  0D 48 A0 E1
F07:0018       	subs	R0,R0,R4, lsr #24
               S01:0000D774:  24 0C 50 E0
F07:0019       	movmi	R0,#0
               S01:0000D778:  00 00 A0 43
F07:0020       	orr		R7,R7,R0,lsl #8
               S01:0000D77C:  00 74 87 E1
F07:0021       
F07:0022       	ldrb	R0,[R1,R11,lsr #12]
               S01:0000D780:  2B 06 D1 E7
F07:0023       	add		R11,R11,R12
               S01:0000D784:  0C B0 8B E0
F07:0024       	mov		R4,R13,lsl #24
               S01:0000D788:  0D 4C A0 E1
F07:0025       	subs	R0,R0,R4,lsr #24
               S01:0000D78C:  24 0C 50 E0
F07:0026       	movmi	R0,#0
               S01:0000D790:  00 00 A0 43
F07:0027       	orr		R7,R7,R0
               S01:0000D794:  00 70 87 E1
F07:0028       
F07:0029       	str		R7,[R14],#4		
               S01:0000D798:  04 70 8E E4
F07:0030       	
F07:0001       	ldrb	R0,[R1,R2,lsr #12]
               S01:0000D79C:  22 06 D1 E7
F07:0002       	add		R2,R2,R3
               S01:0000D7A0:  03 20 82 E0
F07:0003       	mov		R4,R13,lsr #24
               S01:0000D7A4:  2D 4C A0 E1
F07:0004       	subs	R0,R0,R4
               S01:0000D7A8:  04 00 50 E0
F07:0005       	movmi	R0,#0
               S01:0000D7AC:  00 00 A0 43
F07:0006       	mov		R7,R0,lsl #24
               S01:0000D7B0:  00 7C A0 E1
F07:0007       
F07:0008       	ldrb	R0,[R1,R5,lsr #12]
               S01:0000D7B4:  25 06 D1 E7
F07:0009       	add		R5,R5,R6
               S01:0000D7B8:  06 50 85 E0
F07:0010       	mov		R4,R13,lsl #8
               S01:0000D7BC:  0D 44 A0 E1
F07:0011       	subs	R0,R0,R4,lsr #24
               S01:0000D7C0:  24 0C 50 E0
F07:0012       	movmi	R0,#0
               S01:0000D7C4:  00 00 A0 43
F07:0013       	orr		R7,R7,R0,lsl #16
               S01:0000D7C8:  00 78 87 E1
F07:0014       
F07:0015       	ldrb	R0,[R1,R8,lsr #12]
               S01:0000D7CC:  28 06 D1 E7
F07:0016       	add		R8,R8,R9
               S01:0000D7D0:  09 80 88 E0
F07:0017       	mov		R4,R13,lsl #16
               S01:0000D7D4:  0D 48 A0 E1
F07:0018       	subs	R0,R0,R4, lsr #24
               S01:0000D7D8:  24 0C 50 E0
F07:0019       	movmi	R0,#0
               S01:0000D7DC:  00 00 A0 43
F07:0020       	orr		R7,R7,R0,lsl #8
               S01:0000D7E0:  00 74 87 E1
F07:0021       
F07:0022       	ldrb	R0,[R1,R11,lsr #12]
               S01:0000D7E4:  2B 06 D1 E7
F07:0023       	add		R11,R11,R12
               S01:0000D7E8:  0C B0 8B E0
F07:0024       	mov		R4,R13,lsl #24
               S01:0000D7EC:  0D 4C A0 E1
F07:0025       	subs	R0,R0,R4,lsr #24
               S01:0000D7F0:  24 0C 50 E0
F07:0026       	movmi	R0,#0
               S01:0000D7F4:  00 00 A0 43
F07:0027       	orr		R7,R7,R0
               S01:0000D7F8:  00 70 87 E1
F07:0028       
F07:0029       	str		R7,[R14],#4		
               S01:0000D7FC:  04 70 8E E4
F07:0030       	
F07:0001       	ldrb	R0,[R1,R2,lsr #12]
               S01:0000D800:  22 06 D1 E7
F07:0002       	add		R2,R2,R3
               S01:0000D804:  03 20 82 E0
F07:0003       	mov		R4,R13,lsr #24
               S01:0000D808:  2D 4C A0 E1
F07:0004       	subs	R0,R0,R4
               S01:0000D80C:  04 00 50 E0
F07:0005       	movmi	R0,#0
               S01:0000D810:  00 00 A0 43
F07:0006       	mov		R7,R0,lsl #24
               S01:0000D814:  00 7C A0 E1
F07:0007       
F07:0008       	ldrb	R0,[R1,R5,lsr #12]
               S01:0000D818:  25 06 D1 E7
F07:0009       	add		R5,R5,R6
               S01:0000D81C:  06 50 85 E0
F07:0010       	mov		R4,R13,lsl #8
               S01:0000D820:  0D 44 A0 E1
F07:0011       	subs	R0,R0,R4,lsr #24
               S01:0000D824:  24 0C 50 E0
F07:0012       	movmi	R0,#0
               S01:0000D828:  00 00 A0 43
F07:0013       	orr		R7,R7,R0,lsl #16
               S01:0000D82C:  00 78 87 E1
F07:0014       
F07:0015       	ldrb	R0,[R1,R8,lsr #12]
               S01:0000D830:  28 06 D1 E7
F07:0016       	add		R8,R8,R9
               S01:0000D834:  09 80 88 E0
F07:0017       	mov		R4,R13,lsl #16
               S01:0000D838:  0D 48 A0 E1
F07:0018       	subs	R0,R0,R4, lsr #24
               S01:0000D83C:  24 0C 50 E0
F07:0019       	movmi	R0,#0
               S01:0000D840:  00 00 A0 43
F07:0020       	orr		R7,R7,R0,lsl #8
               S01:0000D844:  00 74 87 E1
F07:0021       
F07:0022       	ldrb	R0,[R1,R11,lsr #12]
               S01:0000D848:  2B 06 D1 E7
F07:0023       	add		R11,R11,R12
               S01:0000D84C:  0C B0 8B E0
F07:0024       	mov		R4,R13,lsl #24
               S01:0000D850:  0D 4C A0 E1
F07:0025       	subs	R0,R0,R4,lsr #24
               S01:0000D854:  24 0C 50 E0
F07:0026       	movmi	R0,#0
               S01:0000D858:  00 00 A0 43
F07:0027       	orr		R7,R7,R0
               S01:0000D85C:  00 70 87 E1
F07:0028       
F07:0029       	str		R7,[R14],#4		
               S01:0000D860:  04 70 8E E4
F07:0030       	
F07:0001       	ldrb	R0,[R1,R2,lsr #12]
               S01:0000D864:  22 06 D1 E7
F07:0002       	add		R2,R2,R3
               S01:0000D868:  03 20 82 E0
F07:0003       	mov		R4,R13,lsr #24
               S01:0000D86C:  2D 4C A0 E1
F07:0004       	subs	R0,R0,R4
               S01:0000D870:  04 00 50 E0
F07:0005       	movmi	R0,#0
               S01:0000D874:  00 00 A0 43
F07:0006       	mov		R7,R0,lsl #24
               S01:0000D878:  00 7C A0 E1
F07:0007       
F07:0008       	ldrb	R0,[R1,R5,lsr #12]
               S01:0000D87C:  25 06 D1 E7
F07:0009       	add		R5,R5,R6
               S01:0000D880:  06 50 85 E0
F07:0010       	mov		R4,R13,lsl #8
               S01:0000D884:  0D 44 A0 E1
F07:0011       	subs	R0,R0,R4,lsr #24
               S01:0000D888:  24 0C 50 E0
F07:0012       	movmi	R0,#0
               S01:0000D88C:  00 00 A0 43
F07:0013       	orr		R7,R7,R0,lsl #16
               S01:0000D890:  00 78 87 E1
F07:0014       
F07:0015       	ldrb	R0,[R1,R8,lsr #12]
               S01:0000D894:  28 06 D1 E7
F07:0016       	add		R8,R8,R9
               S01:0000D898:  09 80 88 E0
F07:0017       	mov		R4,R13,lsl #16
               S01:0000D89C:  0D 48 A0 E1
F07:0018       	subs	R0,R0,R4, lsr #24
               S01:0000D8A0:  24 0C 50 E0
F07:0019       	movmi	R0,#0
               S01:0000D8A4:  00 00 A0 43
F07:0020       	orr		R7,R7,R0,lsl #8
               S01:0000D8A8:  00 74 87 E1
F07:0021       
F07:0022       	ldrb	R0,[R1,R11,lsr #12]
               S01:0000D8AC:  2B 06 D1 E7
F07:0023       	add		R11,R11,R12
               S01:0000D8B0:  0C B0 8B E0
F07:0024       	mov		R4,R13,lsl #24
               S01:0000D8B4:  0D 4C A0 E1
F07:0025       	subs	R0,R0,R4,lsr #24
               S01:0000D8B8:  24 0C 50 E0
F07:0026       	movmi	R0,#0
               S01:0000D8BC:  00 00 A0 43
F07:0027       	orr		R7,R7,R0
               S01:0000D8C0:  00 70 87 E1
F07:0028       
F07:0029       	str		R7,[R14],#4		
               S01:0000D8C4:  04 70 8E E4
F07:0030       	
F07:0001       	ldrb	R0,[R1,R2,lsr #12]
               S01:0000D8C8:  22 06 D1 E7
F07:0002       	add		R2,R2,R3
               S01:0000D8CC:  03 20 82 E0
F07:0003       	mov		R4,R13,lsr #24
               S01:0000D8D0:  2D 4C A0 E1
F07:0004       	subs	R0,R0,R4
               S01:0000D8D4:  04 00 50 E0
F07:0005       	movmi	R0,#0
               S01:0000D8D8:  00 00 A0 43
F07:0006       	mov		R7,R0,lsl #24
               S01:0000D8DC:  00 7C A0 E1
F07:0007       
F07:0008       	ldrb	R0,[R1,R5,lsr #12]
               S01:0000D8E0:  25 06 D1 E7
F07:0009       	add		R5,R5,R6
               S01:0000D8E4:  06 50 85 E0
F07:0010       	mov		R4,R13,lsl #8
               S01:0000D8E8:  0D 44 A0 E1
F07:0011       	subs	R0,R0,R4,lsr #24
               S01:0000D8EC:  24 0C 50 E0
F07:0012       	movmi	R0,#0
               S01:0000D8F0:  00 00 A0 43
F07:0013       	orr		R7,R7,R0,lsl #16
               S01:0000D8F4:  00 78 87 E1
F07:0014       
F07:0015       	ldrb	R0,[R1,R8,lsr #12]
               S01:0000D8F8:  28 06 D1 E7
F07:0016       	add		R8,R8,R9
               S01:0000D8FC:  09 80 88 E0
F07:0017       	mov		R4,R13,lsl #16
               S01:0000D900:  0D 48 A0 E1
F07:0018       	subs	R0,R0,R4, lsr #24
               S01:0000D904:  24 0C 50 E0
F07:0019       	movmi	R0,#0
               S01:0000D908:  00 00 A0 43
F07:0020       	orr		R7,R7,R0,lsl #8
               S01:0000D90C:  00 74 87 E1
F07:0021       
F07:0022       	ldrb	R0,[R1,R11,lsr #12]
               S01:0000D910:  2B 06 D1 E7
F07:0023       	add		R11,R11,R12
               S01:0000D914:  0C B0 8B E0
F07:0024       	mov		R4,R13,lsl #24
               S01:0000D918:  0D 4C A0 E1
F07:0025       	subs	R0,R0,R4,lsr #24
               S01:0000D91C:  24 0C 50 E0
F07:0026       	movmi	R0,#0
               S01:0000D920:  00 00 A0 43
F07:0027       	orr		R7,R7,R0
               S01:0000D924:  00 70 87 E1
F07:0028       
F07:0029       	str		R7,[R14],#4		
               S01:0000D928:  04 70 8E E4
F07:0030       	
F07:0001       	ldrb	R0,[R1,R2,lsr #12]
               S01:0000D92C:  22 06 D1 E7
F07:0002       	add		R2,R2,R3
               S01:0000D930:  03 20 82 E0
F07:0003       	mov		R4,R13,lsr #24
               S01:0000D934:  2D 4C A0 E1
F07:0004       	subs	R0,R0,R4
               S01:0000D938:  04 00 50 E0
F07:0005       	movmi	R0,#0
               S01:0000D93C:  00 00 A0 43
F07:0006       	mov		R7,R0,lsl #24
               S01:0000D940:  00 7C A0 E1
F07:0007       
F07:0008       	ldrb	R0,[R1,R5,lsr #12]
               S01:0000D944:  25 06 D1 E7
F07:0009       	add		R5,R5,R6
               S01:0000D948:  06 50 85 E0
F07:0010       	mov		R4,R13,lsl #8
               S01:0000D94C:  0D 44 A0 E1
F07:0011       	subs	R0,R0,R4,lsr #24
               S01:0000D950:  24 0C 50 E0
F07:0012       	movmi	R0,#0
               S01:0000D954:  00 00 A0 43
F07:0013       	orr		R7,R7,R0,lsl #16
               S01:0000D958:  00 78 87 E1
F07:0014       
F07:0015       	ldrb	R0,[R1,R8,lsr #12]
               S01:0000D95C:  28 06 D1 E7
F07:0016       	add		R8,R8,R9
               S01:0000D960:  09 80 88 E0
F07:0017       	mov		R4,R13,lsl #16
               S01:0000D964:  0D 48 A0 E1
F07:0018       	subs	R0,R0,R4, lsr #24
               S01:0000D968:  24 0C 50 E0
F07:0019       	movmi	R0,#0
               S01:0000D96C:  00 00 A0 43
F07:0020       	orr		R7,R7,R0,lsl #8
               S01:0000D970:  00 74 87 E1
F07:0021       
F07:0022       	ldrb	R0,[R1,R11,lsr #12]
               S01:0000D974:  2B 06 D1 E7
F07:0023       	add		R11,R11,R12
               S01:0000D978:  0C B0 8B E0
F07:0024       	mov		R4,R13,lsl #24
               S01:0000D97C:  0D 4C A0 E1
F07:0025       	subs	R0,R0,R4,lsr #24
               S01:0000D980:  24 0C 50 E0
F07:0026       	movmi	R0,#0
               S01:0000D984:  00 00 A0 43
F07:0027       	orr		R7,R7,R0
               S01:0000D988:  00 70 87 E1
F07:0028       
F07:0029       	str		R7,[R14],#4		
               S01:0000D98C:  04 70 8E E4
F07:0030       	
F07:0001       	ldrb	R0,[R1,R2,lsr #12]
               S01:0000D990:  22 06 D1 E7
F07:0002       	add		R2,R2,R3
               S01:0000D994:  03 20 82 E0
F07:0003       	mov		R4,R13,lsr #24
               S01:0000D998:  2D 4C A0 E1
F07:0004       	subs	R0,R0,R4
               S01:0000D99C:  04 00 50 E0
F07:0005       	movmi	R0,#0
               S01:0000D9A0:  00 00 A0 43
F07:0006       	mov		R7,R0,lsl #24
               S01:0000D9A4:  00 7C A0 E1
F07:0007       
F07:0008       	ldrb	R0,[R1,R5,lsr #12]
               S01:0000D9A8:  25 06 D1 E7
F07:0009       	add		R5,R5,R6
               S01:0000D9AC:  06 50 85 E0
F07:0010       	mov		R4,R13,lsl #8
               S01:0000D9B0:  0D 44 A0 E1
F07:0011       	subs	R0,R0,R4,lsr #24
               S01:0000D9B4:  24 0C 50 E0
F07:0012       	movmi	R0,#0
               S01:0000D9B8:  00 00 A0 43
F07:0013       	orr		R7,R7,R0,lsl #16
               S01:0000D9BC:  00 78 87 E1
F07:0014       
F07:0015       	ldrb	R0,[R1,R8,lsr #12]
               S01:0000D9C0:  28 06 D1 E7
F07:0016       	add		R8,R8,R9
               S01:0000D9C4:  09 80 88 E0
F07:0017       	mov		R4,R13,lsl #16
               S01:0000D9C8:  0D 48 A0 E1
F07:0018       	subs	R0,R0,R4, lsr #24
               S01:0000D9CC:  24 0C 50 E0
F07:0019       	movmi	R0,#0
               S01:0000D9D0:  00 00 A0 43
F07:0020       	orr		R7,R7,R0,lsl #8
               S01:0000D9D4:  00 74 87 E1
F07:0021       
F07:0022       	ldrb	R0,[R1,R11,lsr #12]
               S01:0000D9D8:  2B 06 D1 E7
F07:0023       	add		R11,R11,R12
               S01:0000D9DC:  0C B0 8B E0
F07:0024       	mov		R4,R13,lsl #24
               S01:0000D9E0:  0D 4C A0 E1
F07:0025       	subs	R0,R0,R4,lsr #24
               S01:0000D9E4:  24 0C 50 E0
F07:0026       	movmi	R0,#0
               S01:0000D9E8:  00 00 A0 43
F07:0027       	orr		R7,R7,R0
               S01:0000D9EC:  00 70 87 E1
F07:0028       
F07:0029       	str		R7,[R14],#4		
               S01:0000D9F0:  04 70 8E E4
F07:0030       	
F07:0001       	ldrb	R0,[R1,R2,lsr #12]
               S01:0000D9F4:  22 06 D1 E7
F07:0002       	add		R2,R2,R3
               S01:0000D9F8:  03 20 82 E0
F07:0003       	mov		R4,R13,lsr #24
               S01:0000D9FC:  2D 4C A0 E1
F07:0004       	subs	R0,R0,R4
               S01:0000DA00:  04 00 50 E0
F07:0005       	movmi	R0,#0
               S01:0000DA04:  00 00 A0 43
F07:0006       	mov		R7,R0,lsl #24
               S01:0000DA08:  00 7C A0 E1
F07:0007       
F07:0008       	ldrb	R0,[R1,R5,lsr #12]
               S01:0000DA0C:  25 06 D1 E7
F07:0009       	add		R5,R5,R6
               S01:0000DA10:  06 50 85 E0
F07:0010       	mov		R4,R13,lsl #8
               S01:0000DA14:  0D 44 A0 E1
F07:0011       	subs	R0,R0,R4,lsr #24
               S01:0000DA18:  24 0C 50 E0
F07:0012       	movmi	R0,#0
               S01:0000DA1C:  00 00 A0 43
F07:0013       	orr		R7,R7,R0,lsl #16
               S01:0000DA20:  00 78 87 E1
F07:0014       
F07:0015       	ldrb	R0,[R1,R8,lsr #12]
               S01:0000DA24:  28 06 D1 E7
F07:0016       	add		R8,R8,R9
               S01:0000DA28:  09 80 88 E0
F07:0017       	mov		R4,R13,lsl #16
               S01:0000DA2C:  0D 48 A0 E1
F07:0018       	subs	R0,R0,R4, lsr #24
               S01:0000DA30:  24 0C 50 E0
F07:0019       	movmi	R0,#0
               S01:0000DA34:  00 00 A0 43
F07:0020       	orr		R7,R7,R0,lsl #8
               S01:0000DA38:  00 74 87 E1
F07:0021       
F07:0022       	ldrb	R0,[R1,R11,lsr #12]
               S01:0000DA3C:  2B 06 D1 E7
F07:0023       	add		R11,R11,R12
               S01:0000DA40:  0C B0 8B E0
F07:0024       	mov		R4,R13,lsl #24
               S01:0000DA44:  0D 4C A0 E1
F07:0025       	subs	R0,R0,R4,lsr #24
               S01:0000DA48:  24 0C 50 E0
F07:0026       	movmi	R0,#0
               S01:0000DA4C:  00 00 A0 43
F07:0027       	orr		R7,R7,R0
               S01:0000DA50:  00 70 87 E1
F07:0028       
F07:0029       	str		R7,[R14],#4		
               S01:0000DA54:  04 70 8E E4
F07:0030       	
F07:0001       	ldrb	R0,[R1,R2,lsr #12]
               S01:0000DA58:  22 06 D1 E7
F07:0002       	add		R2,R2,R3
               S01:0000DA5C:  03 20 82 E0
F07:0003       	mov		R4,R13,lsr #24
               S01:0000DA60:  2D 4C A0 E1
F07:0004       	subs	R0,R0,R4
               S01:0000DA64:  04 00 50 E0
F07:0005       	movmi	R0,#0
               S01:0000DA68:  00 00 A0 43
F07:0006       	mov		R7,R0,lsl #24
               S01:0000DA6C:  00 7C A0 E1
F07:0007       
F07:0008       	ldrb	R0,[R1,R5,lsr #12]
               S01:0000DA70:  25 06 D1 E7
F07:0009       	add		R5,R5,R6
               S01:0000DA74:  06 50 85 E0
F07:0010       	mov		R4,R13,lsl #8
               S01:0000DA78:  0D 44 A0 E1
F07:0011       	subs	R0,R0,R4,lsr #24
               S01:0000DA7C:  24 0C 50 E0
F07:0012       	movmi	R0,#0
               S01:0000DA80:  00 00 A0 43
F07:0013       	orr		R7,R7,R0,lsl #16
               S01:0000DA84:  00 78 87 E1
F07:0014       
F07:0015       	ldrb	R0,[R1,R8,lsr #12]
               S01:0000DA88:  28 06 D1 E7
F07:0016       	add		R8,R8,R9
               S01:0000DA8C:  09 80 88 E0
F07:0017       	mov		R4,R13,lsl #16
               S01:0000DA90:  0D 48 A0 E1
F07:0018       	subs	R0,R0,R4, lsr #24
               S01:0000DA94:  24 0C 50 E0
F07:0019       	movmi	R0,#0
               S01:0000DA98:  00 00 A0 43
F07:0020       	orr		R7,R7,R0,lsl #8
               S01:0000DA9C:  00 74 87 E1
F07:0021       
F07:0022       	ldrb	R0,[R1,R11,lsr #12]
               S01:0000DAA0:  2B 06 D1 E7
F07:0023       	add		R11,R11,R12
               S01:0000DAA4:  0C B0 8B E0
F07:0024       	mov		R4,R13,lsl #24
               S01:0000DAA8:  0D 4C A0 E1
F07:0025       	subs	R0,R0,R4,lsr #24
               S01:0000DAAC:  24 0C 50 E0
F07:0026       	movmi	R0,#0
               S01:0000DAB0:  00 00 A0 43
F07:0027       	orr		R7,R7,R0
               S01:0000DAB4:  00 70 87 E1
F07:0028       
F07:0029       	str		R7,[R14],#4		
               S01:0000DAB8:  04 70 8E E4
F07:0030       	
F07:0001       	ldrb	R0,[R1,R2,lsr #12]
               S01:0000DABC:  22 06 D1 E7
F07:0002       	add		R2,R2,R3
               S01:0000DAC0:  03 20 82 E0
F07:0003       	mov		R4,R13,lsr #24
               S01:0000DAC4:  2D 4C A0 E1
F07:0004       	subs	R0,R0,R4
               S01:0000DAC8:  04 00 50 E0
F07:0005       	movmi	R0,#0
               S01:0000DACC:  00 00 A0 43
F07:0006       	mov		R7,R0,lsl #24
               S01:0000DAD0:  00 7C A0 E1
F07:0007       
F07:0008       	ldrb	R0,[R1,R5,lsr #12]
               S01:0000DAD4:  25 06 D1 E7
F07:0009       	add		R5,R5,R6
               S01:0000DAD8:  06 50 85 E0
F07:0010       	mov		R4,R13,lsl #8
               S01:0000DADC:  0D 44 A0 E1
F07:0011       	subs	R0,R0,R4,lsr #24
               S01:0000DAE0:  24 0C 50 E0
F07:0012       	movmi	R0,#0
               S01:0000DAE4:  00 00 A0 43
F07:0013       	orr		R7,R7,R0,lsl #16
               S01:0000DAE8:  00 78 87 E1
F07:0014       
F07:0015       	ldrb	R0,[R1,R8,lsr #12]
               S01:0000DAEC:  28 06 D1 E7
F07:0016       	add		R8,R8,R9
               S01:0000DAF0:  09 80 88 E0
F07:0017       	mov		R4,R13,lsl #16
               S01:0000DAF4:  0D 48 A0 E1
F07:0018       	subs	R0,R0,R4, lsr #24
               S01:0000DAF8:  24 0C 50 E0
F07:0019       	movmi	R0,#0
               S01:0000DAFC:  00 00 A0 43
F07:0020       	orr		R7,R7,R0,lsl #8
               S01:0000DB00:  00 74 87 E1
F07:0021       
F07:0022       	ldrb	R0,[R1,R11,lsr #12]
               S01:0000DB04:  2B 06 D1 E7
F07:0023       	add		R11,R11,R12
               S01:0000DB08:  0C B0 8B E0
F07:0024       	mov		R4,R13,lsl #24
               S01:0000DB0C:  0D 4C A0 E1
F07:0025       	subs	R0,R0,R4,lsr #24
               S01:0000DB10:  24 0C 50 E0
F07:0026       	movmi	R0,#0
               S01:0000DB14:  00 00 A0 43
F07:0027       	orr		R7,R7,R0
               S01:0000DB18:  00 70 87 E1
F07:0028       
F07:0029       	str		R7,[R14],#4		
               S01:0000DB1C:  04 70 8E E4
F07:0030       	
F07:0001       	ldrb	R0,[R1,R2,lsr #12]
               S01:0000DB20:  22 06 D1 E7
F07:0002       	add		R2,R2,R3
               S01:0000DB24:  03 20 82 E0
F07:0003       	mov		R4,R13,lsr #24
               S01:0000DB28:  2D 4C A0 E1
F07:0004       	subs	R0,R0,R4
               S01:0000DB2C:  04 00 50 E0
F07:0005       	movmi	R0,#0
               S01:0000DB30:  00 00 A0 43
F07:0006       	mov		R7,R0,lsl #24
               S01:0000DB34:  00 7C A0 E1
F07:0007       
F07:0008       	ldrb	R0,[R1,R5,lsr #12]
               S01:0000DB38:  25 06 D1 E7
F07:0009       	add		R5,R5,R6
               S01:0000DB3C:  06 50 85 E0
F07:0010       	mov		R4,R13,lsl #8
               S01:0000DB40:  0D 44 A0 E1
F07:0011       	subs	R0,R0,R4,lsr #24
               S01:0000DB44:  24 0C 50 E0
F07:0012       	movmi	R0,#0
               S01:0000DB48:  00 00 A0 43
F07:0013       	orr		R7,R7,R0,lsl #16
               S01:0000DB4C:  00 78 87 E1
F07:0014       
F07:0015       	ldrb	R0,[R1,R8,lsr #12]
               S01:0000DB50:  28 06 D1 E7
F07:0016       	add		R8,R8,R9
               S01:0000DB54:  09 80 88 E0
F07:0017       	mov		R4,R13,lsl #16
               S01:0000DB58:  0D 48 A0 E1
F07:0018       	subs	R0,R0,R4, lsr #24
               S01:0000DB5C:  24 0C 50 E0
F07:0019       	movmi	R0,#0
               S01:0000DB60:  00 00 A0 43
F07:0020       	orr		R7,R7,R0,lsl #8
               S01:0000DB64:  00 74 87 E1
F07:0021       
F07:0022       	ldrb	R0,[R1,R11,lsr #12]
               S01:0000DB68:  2B 06 D1 E7
F07:0023       	add		R11,R11,R12
               S01:0000DB6C:  0C B0 8B E0
F07:0024       	mov		R4,R13,lsl #24
               S01:0000DB70:  0D 4C A0 E1
F07:0025       	subs	R0,R0,R4,lsr #24
               S01:0000DB74:  24 0C 50 E0
F07:0026       	movmi	R0,#0
               S01:0000DB78:  00 00 A0 43
F07:0027       	orr		R7,R7,R0
               S01:0000DB7C:  00 70 87 E1
F07:0028       
F07:0029       	str		R7,[R14],#4		
               S01:0000DB80:  04 70 8E E4
F07:0030       	
F07:0001       	ldrb	R0,[R1,R2,lsr #12]
               S01:0000DB84:  22 06 D1 E7
F07:0002       	add		R2,R2,R3
               S01:0000DB88:  03 20 82 E0
F07:0003       	mov		R4,R13,lsr #24
               S01:0000DB8C:  2D 4C A0 E1
F07:0004       	subs	R0,R0,R4
               S01:0000DB90:  04 00 50 E0
F07:0005       	movmi	R0,#0
               S01:0000DB94:  00 00 A0 43
F07:0006       	mov		R7,R0,lsl #24
               S01:0000DB98:  00 7C A0 E1
F07:0007       
F07:0008       	ldrb	R0,[R1,R5,lsr #12]
               S01:0000DB9C:  25 06 D1 E7
F07:0009       	add		R5,R5,R6
               S01:0000DBA0:  06 50 85 E0
F07:0010       	mov		R4,R13,lsl #8
               S01:0000DBA4:  0D 44 A0 E1
F07:0011       	subs	R0,R0,R4,lsr #24
               S01:0000DBA8:  24 0C 50 E0
F07:0012       	movmi	R0,#0
               S01:0000DBAC:  00 00 A0 43
F07:0013       	orr		R7,R7,R0,lsl #16
               S01:0000DBB0:  00 78 87 E1
F07:0014       
F07:0015       	ldrb	R0,[R1,R8,lsr #12]
               S01:0000DBB4:  28 06 D1 E7
F07:0016       	add		R8,R8,R9
               S01:0000DBB8:  09 80 88 E0
F07:0017       	mov		R4,R13,lsl #16
               S01:0000DBBC:  0D 48 A0 E1
F07:0018       	subs	R0,R0,R4, lsr #24
               S01:0000DBC0:  24 0C 50 E0
F07:0019       	movmi	R0,#0
               S01:0000DBC4:  00 00 A0 43
F07:0020       	orr		R7,R7,R0,lsl #8
               S01:0000DBC8:  00 74 87 E1
F07:0021       
F07:0022       	ldrb	R0,[R1,R11,lsr #12]
               S01:0000DBCC:  2B 06 D1 E7
F07:0023       	add		R11,R11,R12
               S01:0000DBD0:  0C B0 8B E0
F07:0024       	mov		R4,R13,lsl #24
               S01:0000DBD4:  0D 4C A0 E1
F07:0025       	subs	R0,R0,R4,lsr #24
               S01:0000DBD8:  24 0C 50 E0
F07:0026       	movmi	R0,#0
               S01:0000DBDC:  00 00 A0 43
F07:0027       	orr		R7,R7,R0
               S01:0000DBE0:  00 70 87 E1
F07:0028       
F07:0029       	str		R7,[R14],#4		
               S01:0000DBE4:  04 70 8E E4
F07:0030       	
F07:0001       	ldrb	R0,[R1,R2,lsr #12]
               S01:0000DBE8:  22 06 D1 E7
F07:0002       	add		R2,R2,R3
               S01:0000DBEC:  03 20 82 E0
F07:0003       	mov		R4,R13,lsr #24
               S01:0000DBF0:  2D 4C A0 E1
F07:0004       	subs	R0,R0,R4
               S01:0000DBF4:  04 00 50 E0
F07:0005       	movmi	R0,#0
               S01:0000DBF8:  00 00 A0 43
F07:0006       	mov		R7,R0,lsl #24
               S01:0000DBFC:  00 7C A0 E1
F07:0007       
F07:0008       	ldrb	R0,[R1,R5,lsr #12]
               S01:0000DC00:  25 06 D1 E7
F07:0009       	add		R5,R5,R6
               S01:0000DC04:  06 50 85 E0
F07:0010       	mov		R4,R13,lsl #8
               S01:0000DC08:  0D 44 A0 E1
F07:0011       	subs	R0,R0,R4,lsr #24
               S01:0000DC0C:  24 0C 50 E0
F07:0012       	movmi	R0,#0
               S01:0000DC10:  00 00 A0 43
F07:0013       	orr		R7,R7,R0,lsl #16
               S01:0000DC14:  00 78 87 E1
F07:0014       
F07:0015       	ldrb	R0,[R1,R8,lsr #12]
               S01:0000DC18:  28 06 D1 E7
F07:0016       	add		R8,R8,R9
               S01:0000DC1C:  09 80 88 E0
F07:0017       	mov		R4,R13,lsl #16
               S01:0000DC20:  0D 48 A0 E1
F07:0018       	subs	R0,R0,R4, lsr #24
               S01:0000DC24:  24 0C 50 E0
F07:0019       	movmi	R0,#0
               S01:0000DC28:  00 00 A0 43
F07:0020       	orr		R7,R7,R0,lsl #8
               S01:0000DC2C:  00 74 87 E1
F07:0021       
F07:0022       	ldrb	R0,[R1,R11,lsr #12]
               S01:0000DC30:  2B 06 D1 E7
F07:0023       	add		R11,R11,R12
               S01:0000DC34:  0C B0 8B E0
F07:0024       	mov		R4,R13,lsl #24
               S01:0000DC38:  0D 4C A0 E1
F07:0025       	subs	R0,R0,R4,lsr #24
               S01:0000DC3C:  24 0C 50 E0
F07:0026       	movmi	R0,#0
               S01:0000DC40:  00 00 A0 43
F07:0027       	orr		R7,R7,R0
               S01:0000DC44:  00 70 87 E1
F07:0028       
F07:0029       	str		R7,[R14],#4		
               S01:0000DC48:  04 70 8E E4
F07:0030       	
F07:0001       	ldrb	R0,[R1,R2,lsr #12]
               S01:0000DC4C:  22 06 D1 E7
F07:0002       	add		R2,R2,R3
               S01:0000DC50:  03 20 82 E0
F07:0003       	mov		R4,R13,lsr #24
               S01:0000DC54:  2D 4C A0 E1
F07:0004       	subs	R0,R0,R4
               S01:0000DC58:  04 00 50 E0
F07:0005       	movmi	R0,#0
               S01:0000DC5C:  00 00 A0 43
F07:0006       	mov		R7,R0,lsl #24
               S01:0000DC60:  00 7C A0 E1
F07:0007       
F07:0008       	ldrb	R0,[R1,R5,lsr #12]
               S01:0000DC64:  25 06 D1 E7
F07:0009       	add		R5,R5,R6
               S01:0000DC68:  06 50 85 E0
F07:0010       	mov		R4,R13,lsl #8
               S01:0000DC6C:  0D 44 A0 E1
F07:0011       	subs	R0,R0,R4,lsr #24
               S01:0000DC70:  24 0C 50 E0
F07:0012       	movmi	R0,#0
               S01:0000DC74:  00 00 A0 43
F07:0013       	orr		R7,R7,R0,lsl #16
               S01:0000DC78:  00 78 87 E1
F07:0014       
F07:0015       	ldrb	R0,[R1,R8,lsr #12]
               S01:0000DC7C:  28 06 D1 E7
F07:0016       	add		R8,R8,R9
               S01:0000DC80:  09 80 88 E0
F07:0017       	mov		R4,R13,lsl #16
               S01:0000DC84:  0D 48 A0 E1
F07:0018       	subs	R0,R0,R4, lsr #24
               S01:0000DC88:  24 0C 50 E0
F07:0019       	movmi	R0,#0
               S01:0000DC8C:  00 00 A0 43
F07:0020       	orr		R7,R7,R0,lsl #8
               S01:0000DC90:  00 74 87 E1
F07:0021       
F07:0022       	ldrb	R0,[R1,R11,lsr #12]
               S01:0000DC94:  2B 06 D1 E7
F07:0023       	add		R11,R11,R12
               S01:0000DC98:  0C B0 8B E0
F07:0024       	mov		R4,R13,lsl #24
               S01:0000DC9C:  0D 4C A0 E1
F07:0025       	subs	R0,R0,R4,lsr #24
               S01:0000DCA0:  24 0C 50 E0
F07:0026       	movmi	R0,#0
               S01:0000DCA4:  00 00 A0 43
F07:0027       	orr		R7,R7,R0
               S01:0000DCA8:  00 70 87 E1
F07:0028       
F07:0029       	str		R7,[R14],#4		
               S01:0000DCAC:  04 70 8E E4
F07:0030       	
F07:0001       	ldrb	R0,[R1,R2,lsr #12]
               S01:0000DCB0:  22 06 D1 E7
F07:0002       	add		R2,R2,R3
               S01:0000DCB4:  03 20 82 E0
F07:0003       	mov		R4,R13,lsr #24
               S01:0000DCB8:  2D 4C A0 E1
F07:0004       	subs	R0,R0,R4
               S01:0000DCBC:  04 00 50 E0
F07:0005       	movmi	R0,#0
               S01:0000DCC0:  00 00 A0 43
F07:0006       	mov		R7,R0,lsl #24
               S01:0000DCC4:  00 7C A0 E1
F07:0007       
F07:0008       	ldrb	R0,[R1,R5,lsr #12]
               S01:0000DCC8:  25 06 D1 E7
F07:0009       	add		R5,R5,R6
               S01:0000DCCC:  06 50 85 E0
F07:0010       	mov		R4,R13,lsl #8
               S01:0000DCD0:  0D 44 A0 E1
F07:0011       	subs	R0,R0,R4,lsr #24
               S01:0000DCD4:  24 0C 50 E0
F07:0012       	movmi	R0,#0
               S01:0000DCD8:  00 00 A0 43
F07:0013       	orr		R7,R7,R0,lsl #16
               S01:0000DCDC:  00 78 87 E1
F07:0014       
F07:0015       	ldrb	R0,[R1,R8,lsr #12]
               S01:0000DCE0:  28 06 D1 E7
F07:0016       	add		R8,R8,R9
               S01:0000DCE4:  09 80 88 E0
F07:0017       	mov		R4,R13,lsl #16
               S01:0000DCE8:  0D 48 A0 E1
F07:0018       	subs	R0,R0,R4, lsr #24
               S01:0000DCEC:  24 0C 50 E0
F07:0019       	movmi	R0,#0
               S01:0000DCF0:  00 00 A0 43
F07:0020       	orr		R7,R7,R0,lsl #8
               S01:0000DCF4:  00 74 87 E1
F07:0021       
F07:0022       	ldrb	R0,[R1,R11,lsr #12]
               S01:0000DCF8:  2B 06 D1 E7
F07:0023       	add		R11,R11,R12
               S01:0000DCFC:  0C B0 8B E0
F07:0024       	mov		R4,R13,lsl #24
               S01:0000DD00:  0D 4C A0 E1
F07:0025       	subs	R0,R0,R4,lsr #24
               S01:0000DD04:  24 0C 50 E0
F07:0026       	movmi	R0,#0
               S01:0000DD08:  00 00 A0 43
F07:0027       	orr		R7,R7,R0
               S01:0000DD0C:  00 70 87 E1
F07:0028       
F07:0029       	str		R7,[R14],#4		
               S01:0000DD10:  04 70 8E E4
F07:0030       	
F07:0001       	ldrb	R0,[R1,R2,lsr #12]
               S01:0000DD14:  22 06 D1 E7
F07:0002       	add		R2,R2,R3
               S01:0000DD18:  03 20 82 E0
F07:0003       	mov		R4,R13,lsr #24
               S01:0000DD1C:  2D 4C A0 E1
F07:0004       	subs	R0,R0,R4
               S01:0000DD20:  04 00 50 E0
F07:0005       	movmi	R0,#0
               S01:0000DD24:  00 00 A0 43
F07:0006       	mov		R7,R0,lsl #24
               S01:0000DD28:  00 7C A0 E1
F07:0007       
F07:0008       	ldrb	R0,[R1,R5,lsr #12]
               S01:0000DD2C:  25 06 D1 E7
F07:0009       	add		R5,R5,R6
               S01:0000DD30:  06 50 85 E0
F07:0010       	mov		R4,R13,lsl #8
               S01:0000DD34:  0D 44 A0 E1
F07:0011       	subs	R0,R0,R4,lsr #24
               S01:0000DD38:  24 0C 50 E0
F07:0012       	movmi	R0,#0
               S01:0000DD3C:  00 00 A0 43
F07:0013       	orr		R7,R7,R0,lsl #16
               S01:0000DD40:  00 78 87 E1
F07:0014       
F07:0015       	ldrb	R0,[R1,R8,lsr #12]
               S01:0000DD44:  28 06 D1 E7
F07:0016       	add		R8,R8,R9
               S01:0000DD48:  09 80 88 E0
F07:0017       	mov		R4,R13,lsl #16
               S01:0000DD4C:  0D 48 A0 E1
F07:0018       	subs	R0,R0,R4, lsr #24
               S01:0000DD50:  24 0C 50 E0
F07:0019       	movmi	R0,#0
               S01:0000DD54:  00 00 A0 43
F07:0020       	orr		R7,R7,R0,lsl #8
               S01:0000DD58:  00 74 87 E1
F07:0021       
F07:0022       	ldrb	R0,[R1,R11,lsr #12]
               S01:0000DD5C:  2B 06 D1 E7
F07:0023       	add		R11,R11,R12
               S01:0000DD60:  0C B0 8B E0
F07:0024       	mov		R4,R13,lsl #24
               S01:0000DD64:  0D 4C A0 E1
F07:0025       	subs	R0,R0,R4,lsr #24
               S01:0000DD68:  24 0C 50 E0
F07:0026       	movmi	R0,#0
               S01:0000DD6C:  00 00 A0 43
F07:0027       	orr		R7,R7,R0
               S01:0000DD70:  00 70 87 E1
F07:0028       
F07:0029       	str		R7,[R14],#4		
               S01:0000DD74:  04 70 8E E4
F07:0030       	
F07:0001       	ldrb	R0,[R1,R2,lsr #12]
               S01:0000DD78:  22 06 D1 E7
F07:0002       	add		R2,R2,R3
               S01:0000DD7C:  03 20 82 E0
F07:0003       	mov		R4,R13,lsr #24
               S01:0000DD80:  2D 4C A0 E1
F07:0004       	subs	R0,R0,R4
               S01:0000DD84:  04 00 50 E0
F07:0005       	movmi	R0,#0
               S01:0000DD88:  00 00 A0 43
F07:0006       	mov		R7,R0,lsl #24
               S01:0000DD8C:  00 7C A0 E1
F07:0007       
F07:0008       	ldrb	R0,[R1,R5,lsr #12]
               S01:0000DD90:  25 06 D1 E7
F07:0009       	add		R5,R5,R6
               S01:0000DD94:  06 50 85 E0
F07:0010       	mov		R4,R13,lsl #8
               S01:0000DD98:  0D 44 A0 E1
F07:0011       	subs	R0,R0,R4,lsr #24
               S01:0000DD9C:  24 0C 50 E0
F07:0012       	movmi	R0,#0
               S01:0000DDA0:  00 00 A0 43
F07:0013       	orr		R7,R7,R0,lsl #16
               S01:0000DDA4:  00 78 87 E1
F07:0014       
F07:0015       	ldrb	R0,[R1,R8,lsr #12]
               S01:0000DDA8:  28 06 D1 E7
F07:0016       	add		R8,R8,R9
               S01:0000DDAC:  09 80 88 E0
F07:0017       	mov		R4,R13,lsl #16
               S01:0000DDB0:  0D 48 A0 E1
F07:0018       	subs	R0,R0,R4, lsr #24
               S01:0000DDB4:  24 0C 50 E0
F07:0019       	movmi	R0,#0
               S01:0000DDB8:  00 00 A0 43
F07:0020       	orr		R7,R7,R0,lsl #8
               S01:0000DDBC:  00 74 87 E1
F07:0021       
F07:0022       	ldrb	R0,[R1,R11,lsr #12]
               S01:0000DDC0:  2B 06 D1 E7
F07:0023       	add		R11,R11,R12
               S01:0000DDC4:  0C B0 8B E0
F07:0024       	mov		R4,R13,lsl #24
               S01:0000DDC8:  0D 4C A0 E1
F07:0025       	subs	R0,R0,R4,lsr #24
               S01:0000DDCC:  24 0C 50 E0
F07:0026       	movmi	R0,#0
               S01:0000DDD0:  00 00 A0 43
F07:0027       	orr		R7,R7,R0
               S01:0000DDD4:  00 70 87 E1
F07:0028       
F07:0029       	str		R7,[R14],#4		
               S01:0000DDD8:  04 70 8E E4
F07:0030       	
F07:0001       	ldrb	R0,[R1,R2,lsr #12]
               S01:0000DDDC:  22 06 D1 E7
F07:0002       	add		R2,R2,R3
               S01:0000DDE0:  03 20 82 E0
F07:0003       	mov		R4,R13,lsr #24
               S01:0000DDE4:  2D 4C A0 E1
F07:0004       	subs	R0,R0,R4
               S01:0000DDE8:  04 00 50 E0
F07:0005       	movmi	R0,#0
               S01:0000DDEC:  00 00 A0 43
F07:0006       	mov		R7,R0,lsl #24
               S01:0000DDF0:  00 7C A0 E1
F07:0007       
F07:0008       	ldrb	R0,[R1,R5,lsr #12]
               S01:0000DDF4:  25 06 D1 E7
F07:0009       	add		R5,R5,R6
               S01:0000DDF8:  06 50 85 E0
F07:0010       	mov		R4,R13,lsl #8
               S01:0000DDFC:  0D 44 A0 E1
F07:0011       	subs	R0,R0,R4,lsr #24
               S01:0000DE00:  24 0C 50 E0
F07:0012       	movmi	R0,#0
               S01:0000DE04:  00 00 A0 43
F07:0013       	orr		R7,R7,R0,lsl #16
               S01:0000DE08:  00 78 87 E1
F07:0014       
F07:0015       	ldrb	R0,[R1,R8,lsr #12]
               S01:0000DE0C:  28 06 D1 E7
F07:0016       	add		R8,R8,R9
               S01:0000DE10:  09 80 88 E0
F07:0017       	mov		R4,R13,lsl #16
               S01:0000DE14:  0D 48 A0 E1
F07:0018       	subs	R0,R0,R4, lsr #24
               S01:0000DE18:  24 0C 50 E0
F07:0019       	movmi	R0,#0
               S01:0000DE1C:  00 00 A0 43
F07:0020       	orr		R7,R7,R0,lsl #8
               S01:0000DE20:  00 74 87 E1
F07:0021       
F07:0022       	ldrb	R0,[R1,R11,lsr #12]
               S01:0000DE24:  2B 06 D1 E7
F07:0023       	add		R11,R11,R12
               S01:0000DE28:  0C B0 8B E0
F07:0024       	mov		R4,R13,lsl #24
               S01:0000DE2C:  0D 4C A0 E1
F07:0025       	subs	R0,R0,R4,lsr #24
               S01:0000DE30:  24 0C 50 E0
F07:0026       	movmi	R0,#0
               S01:0000DE34:  00 00 A0 43
F07:0027       	orr		R7,R7,R0
               S01:0000DE38:  00 70 87 E1
F07:0028       
F07:0029       	str		R7,[R14],#4		
               S01:0000DE3C:  04 70 8E E4
F07:0030       	
F07:0001       	ldrb	R0,[R1,R2,lsr #12]
               S01:0000DE40:  22 06 D1 E7
F07:0002       	add		R2,R2,R3
               S01:0000DE44:  03 20 82 E0
F07:0003       	mov		R4,R13,lsr #24
               S01:0000DE48:  2D 4C A0 E1
F07:0004       	subs	R0,R0,R4
               S01:0000DE4C:  04 00 50 E0
F07:0005       	movmi	R0,#0
               S01:0000DE50:  00 00 A0 43
F07:0006       	mov		R7,R0,lsl #24
               S01:0000DE54:  00 7C A0 E1
F07:0007       
F07:0008       	ldrb	R0,[R1,R5,lsr #12]
               S01:0000DE58:  25 06 D1 E7
F07:0009       	add		R5,R5,R6
               S01:0000DE5C:  06 50 85 E0
F07:0010       	mov		R4,R13,lsl #8
               S01:0000DE60:  0D 44 A0 E1
F07:0011       	subs	R0,R0,R4,lsr #24
               S01:0000DE64:  24 0C 50 E0
F07:0012       	movmi	R0,#0
               S01:0000DE68:  00 00 A0 43
F07:0013       	orr		R7,R7,R0,lsl #16
               S01:0000DE6C:  00 78 87 E1
F07:0014       
F07:0015       	ldrb	R0,[R1,R8,lsr #12]
               S01:0000DE70:  28 06 D1 E7
F07:0016       	add		R8,R8,R9
               S01:0000DE74:  09 80 88 E0
F07:0017       	mov		R4,R13,lsl #16
               S01:0000DE78:  0D 48 A0 E1
F07:0018       	subs	R0,R0,R4, lsr #24
               S01:0000DE7C:  24 0C 50 E0
F07:0019       	movmi	R0,#0
               S01:0000DE80:  00 00 A0 43
F07:0020       	orr		R7,R7,R0,lsl #8
               S01:0000DE84:  00 74 87 E1
F07:0021       
F07:0022       	ldrb	R0,[R1,R11,lsr #12]
               S01:0000DE88:  2B 06 D1 E7
F07:0023       	add		R11,R11,R12
               S01:0000DE8C:  0C B0 8B E0
F07:0024       	mov		R4,R13,lsl #24
               S01:0000DE90:  0D 4C A0 E1
F07:0025       	subs	R0,R0,R4,lsr #24
               S01:0000DE94:  24 0C 50 E0
F07:0026       	movmi	R0,#0
               S01:0000DE98:  00 00 A0 43
F07:0027       	orr		R7,R7,R0
               S01:0000DE9C:  00 70 87 E1
F07:0028       
F07:0029       	str		R7,[R14],#4		
               S01:0000DEA0:  04 70 8E E4
F07:0030       	
F07:0001       	ldrb	R0,[R1,R2,lsr #12]
               S01:0000DEA4:  22 06 D1 E7
F07:0002       	add		R2,R2,R3
               S01:0000DEA8:  03 20 82 E0
F07:0003       	mov		R4,R13,lsr #24
               S01:0000DEAC:  2D 4C A0 E1
F07:0004       	subs	R0,R0,R4
               S01:0000DEB0:  04 00 50 E0
F07:0005       	movmi	R0,#0
               S01:0000DEB4:  00 00 A0 43
F07:0006       	mov		R7,R0,lsl #24
               S01:0000DEB8:  00 7C A0 E1
F07:0007       
F07:0008       	ldrb	R0,[R1,R5,lsr #12]
               S01:0000DEBC:  25 06 D1 E7
F07:0009       	add		R5,R5,R6
               S01:0000DEC0:  06 50 85 E0
F07:0010       	mov		R4,R13,lsl #8
               S01:0000DEC4:  0D 44 A0 E1
F07:0011       	subs	R0,R0,R4,lsr #24
               S01:0000DEC8:  24 0C 50 E0
F07:0012       	movmi	R0,#0
               S01:0000DECC:  00 00 A0 43
F07:0013       	orr		R7,R7,R0,lsl #16
               S01:0000DED0:  00 78 87 E1
F07:0014       
F07:0015       	ldrb	R0,[R1,R8,lsr #12]
               S01:0000DED4:  28 06 D1 E7
F07:0016       	add		R8,R8,R9
               S01:0000DED8:  09 80 88 E0
F07:0017       	mov		R4,R13,lsl #16
               S01:0000DEDC:  0D 48 A0 E1
F07:0018       	subs	R0,R0,R4, lsr #24
               S01:0000DEE0:  24 0C 50 E0
F07:0019       	movmi	R0,#0
               S01:0000DEE4:  00 00 A0 43
F07:0020       	orr		R7,R7,R0,lsl #8
               S01:0000DEE8:  00 74 87 E1
F07:0021       
F07:0022       	ldrb	R0,[R1,R11,lsr #12]
               S01:0000DEEC:  2B 06 D1 E7
F07:0023       	add		R11,R11,R12
               S01:0000DEF0:  0C B0 8B E0
F07:0024       	mov		R4,R13,lsl #24
               S01:0000DEF4:  0D 4C A0 E1
F07:0025       	subs	R0,R0,R4,lsr #24
               S01:0000DEF8:  24 0C 50 E0
F07:0026       	movmi	R0,#0
               S01:0000DEFC:  00 00 A0 43
F07:0027       	orr		R7,R7,R0
               S01:0000DF00:  00 70 87 E1
F07:0028       
F07:0029       	str		R7,[R14],#4		
               S01:0000DF04:  04 70 8E E4
F07:0030       	
F07:0001       	ldrb	R0,[R1,R2,lsr #12]
               S01:0000DF08:  22 06 D1 E7
F07:0002       	add		R2,R2,R3
               S01:0000DF0C:  03 20 82 E0
F07:0003       	mov		R4,R13,lsr #24
               S01:0000DF10:  2D 4C A0 E1
F07:0004       	subs	R0,R0,R4
               S01:0000DF14:  04 00 50 E0
F07:0005       	movmi	R0,#0
               S01:0000DF18:  00 00 A0 43
F07:0006       	mov		R7,R0,lsl #24
               S01:0000DF1C:  00 7C A0 E1
F07:0007       
F07:0008       	ldrb	R0,[R1,R5,lsr #12]
               S01:0000DF20:  25 06 D1 E7
F07:0009       	add		R5,R5,R6
               S01:0000DF24:  06 50 85 E0
F07:0010       	mov		R4,R13,lsl #8
               S01:0000DF28:  0D 44 A0 E1
F07:0011       	subs	R0,R0,R4,lsr #24
               S01:0000DF2C:  24 0C 50 E0
F07:0012       	movmi	R0,#0
               S01:0000DF30:  00 00 A0 43
F07:0013       	orr		R7,R7,R0,lsl #16
               S01:0000DF34:  00 78 87 E1
F07:0014       
F07:0015       	ldrb	R0,[R1,R8,lsr #12]
               S01:0000DF38:  28 06 D1 E7
F07:0016       	add		R8,R8,R9
               S01:0000DF3C:  09 80 88 E0
F07:0017       	mov		R4,R13,lsl #16
               S01:0000DF40:  0D 48 A0 E1
F07:0018       	subs	R0,R0,R4, lsr #24
               S01:0000DF44:  24 0C 50 E0
F07:0019       	movmi	R0,#0
               S01:0000DF48:  00 00 A0 43
F07:0020       	orr		R7,R7,R0,lsl #8
               S01:0000DF4C:  00 74 87 E1
F07:0021       
F07:0022       	ldrb	R0,[R1,R11,lsr #12]
               S01:0000DF50:  2B 06 D1 E7
F07:0023       	add		R11,R11,R12
               S01:0000DF54:  0C B0 8B E0
F07:0024       	mov		R4,R13,lsl #24
               S01:0000DF58:  0D 4C A0 E1
F07:0025       	subs	R0,R0,R4,lsr #24
               S01:0000DF5C:  24 0C 50 E0
F07:0026       	movmi	R0,#0
               S01:0000DF60:  00 00 A0 43
F07:0027       	orr		R7,R7,R0
               S01:0000DF64:  00 70 87 E1
F07:0028       
F07:0029       	str		R7,[R14],#4		
               S01:0000DF68:  04 70 8E E4
F07:0030       	
F07:0001       	ldrb	R0,[R1,R2,lsr #12]
               S01:0000DF6C:  22 06 D1 E7
F07:0002       	add		R2,R2,R3
               S01:0000DF70:  03 20 82 E0
F07:0003       	mov		R4,R13,lsr #24
               S01:0000DF74:  2D 4C A0 E1
F07:0004       	subs	R0,R0,R4
               S01:0000DF78:  04 00 50 E0
F07:0005       	movmi	R0,#0
               S01:0000DF7C:  00 00 A0 43
F07:0006       	mov		R7,R0,lsl #24
               S01:0000DF80:  00 7C A0 E1
F07:0007       
F07:0008       	ldrb	R0,[R1,R5,lsr #12]
               S01:0000DF84:  25 06 D1 E7
F07:0009       	add		R5,R5,R6
               S01:0000DF88:  06 50 85 E0
F07:0010       	mov		R4,R13,lsl #8
               S01:0000DF8C:  0D 44 A0 E1
F07:0011       	subs	R0,R0,R4,lsr #24
               S01:0000DF90:  24 0C 50 E0
F07:0012       	movmi	R0,#0
               S01:0000DF94:  00 00 A0 43
F07:0013       	orr		R7,R7,R0,lsl #16
               S01:0000DF98:  00 78 87 E1
F07:0014       
F07:0015       	ldrb	R0,[R1,R8,lsr #12]
               S01:0000DF9C:  28 06 D1 E7
F07:0016       	add		R8,R8,R9
               S01:0000DFA0:  09 80 88 E0
F07:0017       	mov		R4,R13,lsl #16
               S01:0000DFA4:  0D 48 A0 E1
F07:0018       	subs	R0,R0,R4, lsr #24
               S01:0000DFA8:  24 0C 50 E0
F07:0019       	movmi	R0,#0
               S01:0000DFAC:  00 00 A0 43
F07:0020       	orr		R7,R7,R0,lsl #8
               S01:0000DFB0:  00 74 87 E1
F07:0021       
F07:0022       	ldrb	R0,[R1,R11,lsr #12]
               S01:0000DFB4:  2B 06 D1 E7
F07:0023       	add		R11,R11,R12
               S01:0000DFB8:  0C B0 8B E0
F07:0024       	mov		R4,R13,lsl #24
               S01:0000DFBC:  0D 4C A0 E1
F07:0025       	subs	R0,R0,R4,lsr #24
               S01:0000DFC0:  24 0C 50 E0
F07:0026       	movmi	R0,#0
               S01:0000DFC4:  00 00 A0 43
F07:0027       	orr		R7,R7,R0
               S01:0000DFC8:  00 70 87 E1
F07:0028       
F07:0029       	str		R7,[R14],#4		
               S01:0000DFCC:  04 70 8E E4
F07:0030       	
F07:0001       	ldrb	R0,[R1,R2,lsr #12]
               S01:0000DFD0:  22 06 D1 E7
F07:0002       	add		R2,R2,R3
               S01:0000DFD4:  03 20 82 E0
F07:0003       	mov		R4,R13,lsr #24
               S01:0000DFD8:  2D 4C A0 E1
F07:0004       	subs	R0,R0,R4
               S01:0000DFDC:  04 00 50 E0
F07:0005       	movmi	R0,#0
               S01:0000DFE0:  00 00 A0 43
F07:0006       	mov		R7,R0,lsl #24
               S01:0000DFE4:  00 7C A0 E1
F07:0007       
F07:0008       	ldrb	R0,[R1,R5,lsr #12]
               S01:0000DFE8:  25 06 D1 E7
F07:0009       	add		R5,R5,R6
               S01:0000DFEC:  06 50 85 E0
F07:0010       	mov		R4,R13,lsl #8
               S01:0000DFF0:  0D 44 A0 E1
F07:0011       	subs	R0,R0,R4,lsr #24
               S01:0000DFF4:  24 0C 50 E0
F07:0012       	movmi	R0,#0
               S01:0000DFF8:  00 00 A0 43
F07:0013       	orr		R7,R7,R0,lsl #16
               S01:0000DFFC:  00 78 87 E1
F07:0014       
F07:0015       	ldrb	R0,[R1,R8,lsr #12]
               S01:0000E000:  28 06 D1 E7
F07:0016       	add		R8,R8,R9
               S01:0000E004:  09 80 88 E0
F07:0017       	mov		R4,R13,lsl #16
               S01:0000E008:  0D 48 A0 E1
F07:0018       	subs	R0,R0,R4, lsr #24
               S01:0000E00C:  24 0C 50 E0
F07:0019       	movmi	R0,#0
               S01:0000E010:  00 00 A0 43
F07:0020       	orr		R7,R7,R0,lsl #8
               S01:0000E014:  00 74 87 E1
F07:0021       
F07:0022       	ldrb	R0,[R1,R11,lsr #12]
               S01:0000E018:  2B 06 D1 E7
F07:0023       	add		R11,R11,R12
               S01:0000E01C:  0C B0 8B E0
F07:0024       	mov		R4,R13,lsl #24
               S01:0000E020:  0D 4C A0 E1
F07:0025       	subs	R0,R0,R4,lsr #24
               S01:0000E024:  24 0C 50 E0
F07:0026       	movmi	R0,#0
               S01:0000E028:  00 00 A0 43
F07:0027       	orr		R7,R7,R0
               S01:0000E02C:  00 70 87 E1
F07:0028       
F07:0029       	str		R7,[R14],#4		
               S01:0000E030:  04 70 8E E4
F07:0030       	
F07:0001       	ldrb	R0,[R1,R2,lsr #12]
               S01:0000E034:  22 06 D1 E7
F07:0002       	add		R2,R2,R3
               S01:0000E038:  03 20 82 E0
F07:0003       	mov		R4,R13,lsr #24
               S01:0000E03C:  2D 4C A0 E1
F07:0004       	subs	R0,R0,R4
               S01:0000E040:  04 00 50 E0
F07:0005       	movmi	R0,#0
               S01:0000E044:  00 00 A0 43
F07:0006       	mov		R7,R0,lsl #24
               S01:0000E048:  00 7C A0 E1
F07:0007       
F07:0008       	ldrb	R0,[R1,R5,lsr #12]
               S01:0000E04C:  25 06 D1 E7
F07:0009       	add		R5,R5,R6
               S01:0000E050:  06 50 85 E0
F07:0010       	mov		R4,R13,lsl #8
               S01:0000E054:  0D 44 A0 E1
F07:0011       	subs	R0,R0,R4,lsr #24
               S01:0000E058:  24 0C 50 E0
F07:0012       	movmi	R0,#0
               S01:0000E05C:  00 00 A0 43
F07:0013       	orr		R7,R7,R0,lsl #16
               S01:0000E060:  00 78 87 E1
F07:0014       
F07:0015       	ldrb	R0,[R1,R8,lsr #12]
               S01:0000E064:  28 06 D1 E7
F07:0016       	add		R8,R8,R9
               S01:0000E068:  09 80 88 E0
F07:0017       	mov		R4,R13,lsl #16
               S01:0000E06C:  0D 48 A0 E1
F07:0018       	subs	R0,R0,R4, lsr #24
               S01:0000E070:  24 0C 50 E0
F07:0019       	movmi	R0,#0
               S01:0000E074:  00 00 A0 43
F07:0020       	orr		R7,R7,R0,lsl #8
               S01:0000E078:  00 74 87 E1
F07:0021       
F07:0022       	ldrb	R0,[R1,R11,lsr #12]
               S01:0000E07C:  2B 06 D1 E7
F07:0023       	add		R11,R11,R12
               S01:0000E080:  0C B0 8B E0
F07:0024       	mov		R4,R13,lsl #24
               S01:0000E084:  0D 4C A0 E1
F07:0025       	subs	R0,R0,R4,lsr #24
               S01:0000E088:  24 0C 50 E0
F07:0026       	movmi	R0,#0
               S01:0000E08C:  00 00 A0 43
F07:0027       	orr		R7,R7,R0
               S01:0000E090:  00 70 87 E1
F07:0028       
F07:0029       	str		R7,[R14],#4		
               S01:0000E094:  04 70 8E E4
F07:0030       	
F07:0001       	ldrb	R0,[R1,R2,lsr #12]
               S01:0000E098:  22 06 D1 E7
F07:0002       	add		R2,R2,R3
               S01:0000E09C:  03 20 82 E0
F07:0003       	mov		R4,R13,lsr #24
               S01:0000E0A0:  2D 4C A0 E1
F07:0004       	subs	R0,R0,R4
               S01:0000E0A4:  04 00 50 E0
F07:0005       	movmi	R0,#0
               S01:0000E0A8:  00 00 A0 43
F07:0006       	mov		R7,R0,lsl #24
               S01:0000E0AC:  00 7C A0 E1
F07:0007       
F07:0008       	ldrb	R0,[R1,R5,lsr #12]
               S01:0000E0B0:  25 06 D1 E7
F07:0009       	add		R5,R5,R6
               S01:0000E0B4:  06 50 85 E0
F07:0010       	mov		R4,R13,lsl #8
               S01:0000E0B8:  0D 44 A0 E1
F07:0011       	subs	R0,R0,R4,lsr #24
               S01:0000E0BC:  24 0C 50 E0
F07:0012       	movmi	R0,#0
               S01:0000E0C0:  00 00 A0 43
F07:0013       	orr		R7,R7,R0,lsl #16
               S01:0000E0C4:  00 78 87 E1
F07:0014       
F07:0015       	ldrb	R0,[R1,R8,lsr #12]
               S01:0000E0C8:  28 06 D1 E7
F07:0016       	add		R8,R8,R9
               S01:0000E0CC:  09 80 88 E0
F07:0017       	mov		R4,R13,lsl #16
               S01:0000E0D0:  0D 48 A0 E1
F07:0018       	subs	R0,R0,R4, lsr #24
               S01:0000E0D4:  24 0C 50 E0
F07:0019       	movmi	R0,#0
               S01:0000E0D8:  00 00 A0 43
F07:0020       	orr		R7,R7,R0,lsl #8
               S01:0000E0DC:  00 74 87 E1
F07:0021       
F07:0022       	ldrb	R0,[R1,R11,lsr #12]
               S01:0000E0E0:  2B 06 D1 E7
F07:0023       	add		R11,R11,R12
               S01:0000E0E4:  0C B0 8B E0
F07:0024       	mov		R4,R13,lsl #24
               S01:0000E0E8:  0D 4C A0 E1
F07:0025       	subs	R0,R0,R4,lsr #24
               S01:0000E0EC:  24 0C 50 E0
F07:0026       	movmi	R0,#0
               S01:0000E0F0:  00 00 A0 43
F07:0027       	orr		R7,R7,R0
               S01:0000E0F4:  00 70 87 E1
F07:0028       
F07:0029       	str		R7,[R14],#4		
               S01:0000E0F8:  04 70 8E E4
F07:0030       	
F07:0001       	ldrb	R0,[R1,R2,lsr #12]
               S01:0000E0FC:  22 06 D1 E7
F07:0002       	add		R2,R2,R3
               S01:0000E100:  03 20 82 E0
F07:0003       	mov		R4,R13,lsr #24
               S01:0000E104:  2D 4C A0 E1
F07:0004       	subs	R0,R0,R4
               S01:0000E108:  04 00 50 E0
F07:0005       	movmi	R0,#0
               S01:0000E10C:  00 00 A0 43
F07:0006       	mov		R7,R0,lsl #24
               S01:0000E110:  00 7C A0 E1
F07:0007       
F07:0008       	ldrb	R0,[R1,R5,lsr #12]
               S01:0000E114:  25 06 D1 E7
F07:0009       	add		R5,R5,R6
               S01:0000E118:  06 50 85 E0
F07:0010       	mov		R4,R13,lsl #8
               S01:0000E11C:  0D 44 A0 E1
F07:0011       	subs	R0,R0,R4,lsr #24
               S01:0000E120:  24 0C 50 E0
F07:0012       	movmi	R0,#0
               S01:0000E124:  00 00 A0 43
F07:0013       	orr		R7,R7,R0,lsl #16
               S01:0000E128:  00 78 87 E1
F07:0014       
F07:0015       	ldrb	R0,[R1,R8,lsr #12]
               S01:0000E12C:  28 06 D1 E7
F07:0016       	add		R8,R8,R9
               S01:0000E130:  09 80 88 E0
F07:0017       	mov		R4,R13,lsl #16
               S01:0000E134:  0D 48 A0 E1
F07:0018       	subs	R0,R0,R4, lsr #24
               S01:0000E138:  24 0C 50 E0
F07:0019       	movmi	R0,#0
               S01:0000E13C:  00 00 A0 43
F07:0020       	orr		R7,R7,R0,lsl #8
               S01:0000E140:  00 74 87 E1
F07:0021       
F07:0022       	ldrb	R0,[R1,R11,lsr #12]
               S01:0000E144:  2B 06 D1 E7
F07:0023       	add		R11,R11,R12
               S01:0000E148:  0C B0 8B E0
F07:0024       	mov		R4,R13,lsl #24
               S01:0000E14C:  0D 4C A0 E1
F07:0025       	subs	R0,R0,R4,lsr #24
               S01:0000E150:  24 0C 50 E0
F07:0026       	movmi	R0,#0
               S01:0000E154:  00 00 A0 43
F07:0027       	orr		R7,R7,R0
               S01:0000E158:  00 70 87 E1
F07:0028       
F07:0029       	str		R7,[R14],#4		
               S01:0000E15C:  04 70 8E E4
F07:0030       	
F07:0001       	ldrb	R0,[R1,R2,lsr #12]
               S01:0000E160:  22 06 D1 E7
F07:0002       	add		R2,R2,R3
               S01:0000E164:  03 20 82 E0
F07:0003       	mov		R4,R13,lsr #24
               S01:0000E168:  2D 4C A0 E1
F07:0004       	subs	R0,R0,R4
               S01:0000E16C:  04 00 50 E0
F07:0005       	movmi	R0,#0
               S01:0000E170:  00 00 A0 43
F07:0006       	mov		R7,R0,lsl #24
               S01:0000E174:  00 7C A0 E1
F07:0007       
F07:0008       	ldrb	R0,[R1,R5,lsr #12]
               S01:0000E178:  25 06 D1 E7
F07:0009       	add		R5,R5,R6
               S01:0000E17C:  06 50 85 E0
F07:0010       	mov		R4,R13,lsl #8
               S01:0000E180:  0D 44 A0 E1
F07:0011       	subs	R0,R0,R4,lsr #24
               S01:0000E184:  24 0C 50 E0
F07:0012       	movmi	R0,#0
               S01:0000E188:  00 00 A0 43
F07:0013       	orr		R7,R7,R0,lsl #16
               S01:0000E18C:  00 78 87 E1
F07:0014       
F07:0015       	ldrb	R0,[R1,R8,lsr #12]
               S01:0000E190:  28 06 D1 E7
F07:0016       	add		R8,R8,R9
               S01:0000E194:  09 80 88 E0
F07:0017       	mov		R4,R13,lsl #16
               S01:0000E198:  0D 48 A0 E1
F07:0018       	subs	R0,R0,R4, lsr #24
               S01:0000E19C:  24 0C 50 E0
F07:0019       	movmi	R0,#0
               S01:0000E1A0:  00 00 A0 43
F07:0020       	orr		R7,R7,R0,lsl #8
               S01:0000E1A4:  00 74 87 E1
F07:0021       
F07:0022       	ldrb	R0,[R1,R11,lsr #12]
               S01:0000E1A8:  2B 06 D1 E7
F07:0023       	add		R11,R11,R12
               S01:0000E1AC:  0C B0 8B E0
F07:0024       	mov		R4,R13,lsl #24
               S01:0000E1B0:  0D 4C A0 E1
F07:0025       	subs	R0,R0,R4,lsr #24
               S01:0000E1B4:  24 0C 50 E0
F07:0026       	movmi	R0,#0
               S01:0000E1B8:  00 00 A0 43
F07:0027       	orr		R7,R7,R0
               S01:0000E1BC:  00 70 87 E1
F07:0028       
F07:0029       	str		R7,[R14],#4		
               S01:0000E1C0:  04 70 8E E4
F07:0030       	
F07:0001       	ldrb	R0,[R1,R2,lsr #12]
               S01:0000E1C4:  22 06 D1 E7
F07:0002       	add		R2,R2,R3
               S01:0000E1C8:  03 20 82 E0
F07:0003       	mov		R4,R13,lsr #24
               S01:0000E1CC:  2D 4C A0 E1
F07:0004       	subs	R0,R0,R4
               S01:0000E1D0:  04 00 50 E0
F07:0005       	movmi	R0,#0
               S01:0000E1D4:  00 00 A0 43
F07:0006       	mov		R7,R0,lsl #24
               S01:0000E1D8:  00 7C A0 E1
F07:0007       
F07:0008       	ldrb	R0,[R1,R5,lsr #12]
               S01:0000E1DC:  25 06 D1 E7
F07:0009       	add		R5,R5,R6
               S01:0000E1E0:  06 50 85 E0
F07:0010       	mov		R4,R13,lsl #8
               S01:0000E1E4:  0D 44 A0 E1
F07:0011       	subs	R0,R0,R4,lsr #24
               S01:0000E1E8:  24 0C 50 E0
F07:0012       	movmi	R0,#0
               S01:0000E1EC:  00 00 A0 43
F07:0013       	orr		R7,R7,R0,lsl #16
               S01:0000E1F0:  00 78 87 E1
F07:0014       
F07:0015       	ldrb	R0,[R1,R8,lsr #12]
               S01:0000E1F4:  28 06 D1 E7
F07:0016       	add		R8,R8,R9
               S01:0000E1F8:  09 80 88 E0
F07:0017       	mov		R4,R13,lsl #16
               S01:0000E1FC:  0D 48 A0 E1
F07:0018       	subs	R0,R0,R4, lsr #24
               S01:0000E200:  24 0C 50 E0
F07:0019       	movmi	R0,#0
               S01:0000E204:  00 00 A0 43
F07:0020       	orr		R7,R7,R0,lsl #8
               S01:0000E208:  00 74 87 E1
F07:0021       
F07:0022       	ldrb	R0,[R1,R11,lsr #12]
               S01:0000E20C:  2B 06 D1 E7
F07:0023       	add		R11,R11,R12
               S01:0000E210:  0C B0 8B E0
F07:0024       	mov		R4,R13,lsl #24
               S01:0000E214:  0D 4C A0 E1
F07:0025       	subs	R0,R0,R4,lsr #24
               S01:0000E218:  24 0C 50 E0
F07:0026       	movmi	R0,#0
               S01:0000E21C:  00 00 A0 43
F07:0027       	orr		R7,R7,R0
               S01:0000E220:  00 70 87 E1
F07:0028       
F07:0029       	str		R7,[R14],#4		
               S01:0000E224:  04 70 8E E4
F07:0030       	
F07:0001       	ldrb	R0,[R1,R2,lsr #12]
               S01:0000E228:  22 06 D1 E7
F07:0002       	add		R2,R2,R3
               S01:0000E22C:  03 20 82 E0
F07:0003       	mov		R4,R13,lsr #24
               S01:0000E230:  2D 4C A0 E1
F07:0004       	subs	R0,R0,R4
               S01:0000E234:  04 00 50 E0
F07:0005       	movmi	R0,#0
               S01:0000E238:  00 00 A0 43
F07:0006       	mov		R7,R0,lsl #24
               S01:0000E23C:  00 7C A0 E1
F07:0007       
F07:0008       	ldrb	R0,[R1,R5,lsr #12]
               S01:0000E240:  25 06 D1 E7
F07:0009       	add		R5,R5,R6
               S01:0000E244:  06 50 85 E0
F07:0010       	mov		R4,R13,lsl #8
               S01:0000E248:  0D 44 A0 E1
F07:0011       	subs	R0,R0,R4,lsr #24
               S01:0000E24C:  24 0C 50 E0
F07:0012       	movmi	R0,#0
               S01:0000E250:  00 00 A0 43
F07:0013       	orr		R7,R7,R0,lsl #16
               S01:0000E254:  00 78 87 E1
F07:0014       
F07:0015       	ldrb	R0,[R1,R8,lsr #12]
               S01:0000E258:  28 06 D1 E7
F07:0016       	add		R8,R8,R9
               S01:0000E25C:  09 80 88 E0
F07:0017       	mov		R4,R13,lsl #16
               S01:0000E260:  0D 48 A0 E1
F07:0018       	subs	R0,R0,R4, lsr #24
               S01:0000E264:  24 0C 50 E0
F07:0019       	movmi	R0,#0
               S01:0000E268:  00 00 A0 43
F07:0020       	orr		R7,R7,R0,lsl #8
               S01:0000E26C:  00 74 87 E1
F07:0021       
F07:0022       	ldrb	R0,[R1,R11,lsr #12]
               S01:0000E270:  2B 06 D1 E7
F07:0023       	add		R11,R11,R12
               S01:0000E274:  0C B0 8B E0
F07:0024       	mov		R4,R13,lsl #24
               S01:0000E278:  0D 4C A0 E1
F07:0025       	subs	R0,R0,R4,lsr #24
               S01:0000E27C:  24 0C 50 E0
F07:0026       	movmi	R0,#0
               S01:0000E280:  00 00 A0 43
F07:0027       	orr		R7,R7,R0
               S01:0000E284:  00 70 87 E1
F07:0028       
F07:0029       	str		R7,[R14],#4		
               S01:0000E288:  04 70 8E E4
F07:0030       	
F07:0001       	ldrb	R0,[R1,R2,lsr #12]
               S01:0000E28C:  22 06 D1 E7
F07:0002       	add		R2,R2,R3
               S01:0000E290:  03 20 82 E0
F07:0003       	mov		R4,R13,lsr #24
               S01:0000E294:  2D 4C A0 E1
F07:0004       	subs	R0,R0,R4
               S01:0000E298:  04 00 50 E0
F07:0005       	movmi	R0,#0
               S01:0000E29C:  00 00 A0 43
F07:0006       	mov		R7,R0,lsl #24
               S01:0000E2A0:  00 7C A0 E1
F07:0007       
F07:0008       	ldrb	R0,[R1,R5,lsr #12]
               S01:0000E2A4:  25 06 D1 E7
F07:0009       	add		R5,R5,R6
               S01:0000E2A8:  06 50 85 E0
F07:0010       	mov		R4,R13,lsl #8
               S01:0000E2AC:  0D 44 A0 E1
F07:0011       	subs	R0,R0,R4,lsr #24
               S01:0000E2B0:  24 0C 50 E0
F07:0012       	movmi	R0,#0
               S01:0000E2B4:  00 00 A0 43
F07:0013       	orr		R7,R7,R0,lsl #16
               S01:0000E2B8:  00 78 87 E1
F07:0014       
F07:0015       	ldrb	R0,[R1,R8,lsr #12]
               S01:0000E2BC:  28 06 D1 E7
F07:0016       	add		R8,R8,R9
               S01:0000E2C0:  09 80 88 E0
F07:0017       	mov		R4,R13,lsl #16
               S01:0000E2C4:  0D 48 A0 E1
F07:0018       	subs	R0,R0,R4, lsr #24
               S01:0000E2C8:  24 0C 50 E0
F07:0019       	movmi	R0,#0
               S01:0000E2CC:  00 00 A0 43
F07:0020       	orr		R7,R7,R0,lsl #8
               S01:0000E2D0:  00 74 87 E1
F07:0021       
F07:0022       	ldrb	R0,[R1,R11,lsr #12]
               S01:0000E2D4:  2B 06 D1 E7
F07:0023       	add		R11,R11,R12
               S01:0000E2D8:  0C B0 8B E0
F07:0024       	mov		R4,R13,lsl #24
               S01:0000E2DC:  0D 4C A0 E1
F07:0025       	subs	R0,R0,R4,lsr #24
               S01:0000E2E0:  24 0C 50 E0
F07:0026       	movmi	R0,#0
               S01:0000E2E4:  00 00 A0 43
F07:0027       	orr		R7,R7,R0
               S01:0000E2E8:  00 70 87 E1
F07:0028       
F07:0029       	str		R7,[R14],#4		
               S01:0000E2EC:  04 70 8E E4
F07:0030       	
F07:0001       	ldrb	R0,[R1,R2,lsr #12]
               S01:0000E2F0:  22 06 D1 E7
F07:0002       	add		R2,R2,R3
               S01:0000E2F4:  03 20 82 E0
F07:0003       	mov		R4,R13,lsr #24
               S01:0000E2F8:  2D 4C A0 E1
F07:0004       	subs	R0,R0,R4
               S01:0000E2FC:  04 00 50 E0
F07:0005       	movmi	R0,#0
               S01:0000E300:  00 00 A0 43
F07:0006       	mov		R7,R0,lsl #24
               S01:0000E304:  00 7C A0 E1
F07:0007       
F07:0008       	ldrb	R0,[R1,R5,lsr #12]
               S01:0000E308:  25 06 D1 E7
F07:0009       	add		R5,R5,R6
               S01:0000E30C:  06 50 85 E0
F07:0010       	mov		R4,R13,lsl #8
               S01:0000E310:  0D 44 A0 E1
F07:0011       	subs	R0,R0,R4,lsr #24
               S01:0000E314:  24 0C 50 E0
F07:0012       	movmi	R0,#0
               S01:0000E318:  00 00 A0 43
F07:0013       	orr		R7,R7,R0,lsl #16
               S01:0000E31C:  00 78 87 E1
F07:0014       
F07:0015       	ldrb	R0,[R1,R8,lsr #12]
               S01:0000E320:  28 06 D1 E7
F07:0016       	add		R8,R8,R9
               S01:0000E324:  09 80 88 E0
F07:0017       	mov		R4,R13,lsl #16
               S01:0000E328:  0D 48 A0 E1
F07:0018       	subs	R0,R0,R4, lsr #24
               S01:0000E32C:  24 0C 50 E0
F07:0019       	movmi	R0,#0
               S01:0000E330:  00 00 A0 43
F07:0020       	orr		R7,R7,R0,lsl #8
               S01:0000E334:  00 74 87 E1
F07:0021       
F07:0022       	ldrb	R0,[R1,R11,lsr #12]
               S01:0000E338:  2B 06 D1 E7
F07:0023       	add		R11,R11,R12
               S01:0000E33C:  0C B0 8B E0
F07:0024       	mov		R4,R13,lsl #24
               S01:0000E340:  0D 4C A0 E1
F07:0025       	subs	R0,R0,R4,lsr #24
               S01:0000E344:  24 0C 50 E0
F07:0026       	movmi	R0,#0
               S01:0000E348:  00 00 A0 43
F07:0027       	orr		R7,R7,R0
               S01:0000E34C:  00 70 87 E1
F07:0028       
F07:0029       	str		R7,[R14],#4		
               S01:0000E350:  04 70 8E E4
F07:0030       	
F07:0001       	ldrb	R0,[R1,R2,lsr #12]
               S01:0000E354:  22 06 D1 E7
F07:0002       	add		R2,R2,R3
               S01:0000E358:  03 20 82 E0
F07:0003       	mov		R4,R13,lsr #24
               S01:0000E35C:  2D 4C A0 E1
F07:0004       	subs	R0,R0,R4
               S01:0000E360:  04 00 50 E0
F07:0005       	movmi	R0,#0
               S01:0000E364:  00 00 A0 43
F07:0006       	mov		R7,R0,lsl #24
               S01:0000E368:  00 7C A0 E1
F07:0007       
F07:0008       	ldrb	R0,[R1,R5,lsr #12]
               S01:0000E36C:  25 06 D1 E7
F07:0009       	add		R5,R5,R6
               S01:0000E370:  06 50 85 E0
F07:0010       	mov		R4,R13,lsl #8
               S01:0000E374:  0D 44 A0 E1
F07:0011       	subs	R0,R0,R4,lsr #24
               S01:0000E378:  24 0C 50 E0
F07:0012       	movmi	R0,#0
               S01:0000E37C:  00 00 A0 43
F07:0013       	orr		R7,R7,R0,lsl #16
               S01:0000E380:  00 78 87 E1
F07:0014       
F07:0015       	ldrb	R0,[R1,R8,lsr #12]
               S01:0000E384:  28 06 D1 E7
F07:0016       	add		R8,R8,R9
               S01:0000E388:  09 80 88 E0
F07:0017       	mov		R4,R13,lsl #16
               S01:0000E38C:  0D 48 A0 E1
F07:0018       	subs	R0,R0,R4, lsr #24
               S01:0000E390:  24 0C 50 E0
F07:0019       	movmi	R0,#0
               S01:0000E394:  00 00 A0 43
F07:0020       	orr		R7,R7,R0,lsl #8
               S01:0000E398:  00 74 87 E1
F07:0021       
F07:0022       	ldrb	R0,[R1,R11,lsr #12]
               S01:0000E39C:  2B 06 D1 E7
F07:0023       	add		R11,R11,R12
               S01:0000E3A0:  0C B0 8B E0
F07:0024       	mov		R4,R13,lsl #24
               S01:0000E3A4:  0D 4C A0 E1
F07:0025       	subs	R0,R0,R4,lsr #24
               S01:0000E3A8:  24 0C 50 E0
F07:0026       	movmi	R0,#0
               S01:0000E3AC:  00 00 A0 43
F07:0027       	orr		R7,R7,R0
               S01:0000E3B0:  00 70 87 E1
F07:0028       
F07:0029       	str		R7,[R14],#4		
               S01:0000E3B4:  04 70 8E E4
F07:0030       	
F07:0001       	ldrb	R0,[R1,R2,lsr #12]
               S01:0000E3B8:  22 06 D1 E7
F07:0002       	add		R2,R2,R3
               S01:0000E3BC:  03 20 82 E0
F07:0003       	mov		R4,R13,lsr #24
               S01:0000E3C0:  2D 4C A0 E1
F07:0004       	subs	R0,R0,R4
               S01:0000E3C4:  04 00 50 E0
F07:0005       	movmi	R0,#0
               S01:0000E3C8:  00 00 A0 43
F07:0006       	mov		R7,R0,lsl #24
               S01:0000E3CC:  00 7C A0 E1
F07:0007       
F07:0008       	ldrb	R0,[R1,R5,lsr #12]
               S01:0000E3D0:  25 06 D1 E7
F07:0009       	add		R5,R5,R6
               S01:0000E3D4:  06 50 85 E0
F07:0010       	mov		R4,R13,lsl #8
               S01:0000E3D8:  0D 44 A0 E1
F07:0011       	subs	R0,R0,R4,lsr #24
               S01:0000E3DC:  24 0C 50 E0
F07:0012       	movmi	R0,#0
               S01:0000E3E0:  00 00 A0 43
F07:0013       	orr		R7,R7,R0,lsl #16
               S01:0000E3E4:  00 78 87 E1
F07:0014       
F07:0015       	ldrb	R0,[R1,R8,lsr #12]
               S01:0000E3E8:  28 06 D1 E7
F07:0016       	add		R8,R8,R9
               S01:0000E3EC:  09 80 88 E0
F07:0017       	mov		R4,R13,lsl #16
               S01:0000E3F0:  0D 48 A0 E1
F07:0018       	subs	R0,R0,R4, lsr #24
               S01:0000E3F4:  24 0C 50 E0
F07:0019       	movmi	R0,#0
               S01:0000E3F8:  00 00 A0 43
F07:0020       	orr		R7,R7,R0,lsl #8
               S01:0000E3FC:  00 74 87 E1
F07:0021       
F07:0022       	ldrb	R0,[R1,R11,lsr #12]
               S01:0000E400:  2B 06 D1 E7
F07:0023       	add		R11,R11,R12
               S01:0000E404:  0C B0 8B E0
F07:0024       	mov		R4,R13,lsl #24
               S01:0000E408:  0D 4C A0 E1
F07:0025       	subs	R0,R0,R4,lsr #24
               S01:0000E40C:  24 0C 50 E0
F07:0026       	movmi	R0,#0
               S01:0000E410:  00 00 A0 43
F07:0027       	orr		R7,R7,R0
               S01:0000E414:  00 70 87 E1
F07:0028       
F07:0029       	str		R7,[R14],#4		
               S01:0000E418:  04 70 8E E4
F07:0030       	
F07:0001       	ldrb	R0,[R1,R2,lsr #12]
               S01:0000E41C:  22 06 D1 E7
F07:0002       	add		R2,R2,R3
               S01:0000E420:  03 20 82 E0
F07:0003       	mov		R4,R13,lsr #24
               S01:0000E424:  2D 4C A0 E1
F07:0004       	subs	R0,R0,R4
               S01:0000E428:  04 00 50 E0
F07:0005       	movmi	R0,#0
               S01:0000E42C:  00 00 A0 43
F07:0006       	mov		R7,R0,lsl #24
               S01:0000E430:  00 7C A0 E1
F07:0007       
F07:0008       	ldrb	R0,[R1,R5,lsr #12]
               S01:0000E434:  25 06 D1 E7
F07:0009       	add		R5,R5,R6
               S01:0000E438:  06 50 85 E0
F07:0010       	mov		R4,R13,lsl #8
               S01:0000E43C:  0D 44 A0 E1
F07:0011       	subs	R0,R0,R4,lsr #24
               S01:0000E440:  24 0C 50 E0
F07:0012       	movmi	R0,#0
               S01:0000E444:  00 00 A0 43
F07:0013       	orr		R7,R7,R0,lsl #16
               S01:0000E448:  00 78 87 E1
F07:0014       
F07:0015       	ldrb	R0,[R1,R8,lsr #12]
               S01:0000E44C:  28 06 D1 E7
F07:0016       	add		R8,R8,R9
               S01:0000E450:  09 80 88 E0
F07:0017       	mov		R4,R13,lsl #16
               S01:0000E454:  0D 48 A0 E1
F07:0018       	subs	R0,R0,R4, lsr #24
               S01:0000E458:  24 0C 50 E0
F07:0019       	movmi	R0,#0
               S01:0000E45C:  00 00 A0 43
F07:0020       	orr		R7,R7,R0,lsl #8
               S01:0000E460:  00 74 87 E1
F07:0021       
F07:0022       	ldrb	R0,[R1,R11,lsr #12]
               S01:0000E464:  2B 06 D1 E7
F07:0023       	add		R11,R11,R12
               S01:0000E468:  0C B0 8B E0
F07:0024       	mov		R4,R13,lsl #24
               S01:0000E46C:  0D 4C A0 E1
F07:0025       	subs	R0,R0,R4,lsr #24
               S01:0000E470:  24 0C 50 E0
F07:0026       	movmi	R0,#0
               S01:0000E474:  00 00 A0 43
F07:0027       	orr		R7,R7,R0
               S01:0000E478:  00 70 87 E1
F07:0028       
F07:0029       	str		R7,[R14],#4		
               S01:0000E47C:  04 70 8E E4
F07:0030       	
F07:0001       	ldrb	R0,[R1,R2,lsr #12]
               S01:0000E480:  22 06 D1 E7
F07:0002       	add		R2,R2,R3
               S01:0000E484:  03 20 82 E0
F07:0003       	mov		R4,R13,lsr #24
               S01:0000E488:  2D 4C A0 E1
F07:0004       	subs	R0,R0,R4
               S01:0000E48C:  04 00 50 E0
F07:0005       	movmi	R0,#0
               S01:0000E490:  00 00 A0 43
F07:0006       	mov		R7,R0,lsl #24
               S01:0000E494:  00 7C A0 E1
F07:0007       
F07:0008       	ldrb	R0,[R1,R5,lsr #12]
               S01:0000E498:  25 06 D1 E7
F07:0009       	add		R5,R5,R6
               S01:0000E49C:  06 50 85 E0
F07:0010       	mov		R4,R13,lsl #8
               S01:0000E4A0:  0D 44 A0 E1
F07:0011       	subs	R0,R0,R4,lsr #24
               S01:0000E4A4:  24 0C 50 E0
F07:0012       	movmi	R0,#0
               S01:0000E4A8:  00 00 A0 43
F07:0013       	orr		R7,R7,R0,lsl #16
               S01:0000E4AC:  00 78 87 E1
F07:0014       
F07:0015       	ldrb	R0,[R1,R8,lsr #12]
               S01:0000E4B0:  28 06 D1 E7
F07:0016       	add		R8,R8,R9
               S01:0000E4B4:  09 80 88 E0
F07:0017       	mov		R4,R13,lsl #16
               S01:0000E4B8:  0D 48 A0 E1
F07:0018       	subs	R0,R0,R4, lsr #24
               S01:0000E4BC:  24 0C 50 E0
F07:0019       	movmi	R0,#0
               S01:0000E4C0:  00 00 A0 43
F07:0020       	orr		R7,R7,R0,lsl #8
               S01:0000E4C4:  00 74 87 E1
F07:0021       
F07:0022       	ldrb	R0,[R1,R11,lsr #12]
               S01:0000E4C8:  2B 06 D1 E7
F07:0023       	add		R11,R11,R12
               S01:0000E4CC:  0C B0 8B E0
F07:0024       	mov		R4,R13,lsl #24
               S01:0000E4D0:  0D 4C A0 E1
F07:0025       	subs	R0,R0,R4,lsr #24
               S01:0000E4D4:  24 0C 50 E0
F07:0026       	movmi	R0,#0
               S01:0000E4D8:  00 00 A0 43
F07:0027       	orr		R7,R7,R0
               S01:0000E4DC:  00 70 87 E1
F07:0028       
F07:0029       	str		R7,[R14],#4		
               S01:0000E4E0:  04 70 8E E4
F07:0030       	
F07:0001       	ldrb	R0,[R1,R2,lsr #12]
               S01:0000E4E4:  22 06 D1 E7
F07:0002       	add		R2,R2,R3
               S01:0000E4E8:  03 20 82 E0
F07:0003       	mov		R4,R13,lsr #24
               S01:0000E4EC:  2D 4C A0 E1
F07:0004       	subs	R0,R0,R4
               S01:0000E4F0:  04 00 50 E0
F07:0005       	movmi	R0,#0
               S01:0000E4F4:  00 00 A0 43
F07:0006       	mov		R7,R0,lsl #24
               S01:0000E4F8:  00 7C A0 E1
F07:0007       
F07:0008       	ldrb	R0,[R1,R5,lsr #12]
               S01:0000E4FC:  25 06 D1 E7
F07:0009       	add		R5,R5,R6
               S01:0000E500:  06 50 85 E0
F07:0010       	mov		R4,R13,lsl #8
               S01:0000E504:  0D 44 A0 E1
F07:0011       	subs	R0,R0,R4,lsr #24
               S01:0000E508:  24 0C 50 E0
F07:0012       	movmi	R0,#0
               S01:0000E50C:  00 00 A0 43
F07:0013       	orr		R7,R7,R0,lsl #16
               S01:0000E510:  00 78 87 E1
F07:0014       
F07:0015       	ldrb	R0,[R1,R8,lsr #12]
               S01:0000E514:  28 06 D1 E7
F07:0016       	add		R8,R8,R9
               S01:0000E518:  09 80 88 E0
F07:0017       	mov		R4,R13,lsl #16
               S01:0000E51C:  0D 48 A0 E1
F07:0018       	subs	R0,R0,R4, lsr #24
               S01:0000E520:  24 0C 50 E0
F07:0019       	movmi	R0,#0
               S01:0000E524:  00 00 A0 43
F07:0020       	orr		R7,R7,R0,lsl #8
               S01:0000E528:  00 74 87 E1
F07:0021       
F07:0022       	ldrb	R0,[R1,R11,lsr #12]
               S01:0000E52C:  2B 06 D1 E7
F07:0023       	add		R11,R11,R12
               S01:0000E530:  0C B0 8B E0
F07:0024       	mov		R4,R13,lsl #24
               S01:0000E534:  0D 4C A0 E1
F07:0025       	subs	R0,R0,R4,lsr #24
               S01:0000E538:  24 0C 50 E0
F07:0026       	movmi	R0,#0
               S01:0000E53C:  00 00 A0 43
F07:0027       	orr		R7,R7,R0
               S01:0000E540:  00 70 87 E1
F07:0028       
F07:0029       	str		R7,[R14],#4		
               S01:0000E544:  04 70 8E E4
F07:0030       	
F07:0001       	ldrb	R0,[R1,R2,lsr #12]
               S01:0000E548:  22 06 D1 E7
F07:0002       	add		R2,R2,R3
               S01:0000E54C:  03 20 82 E0
F07:0003       	mov		R4,R13,lsr #24
               S01:0000E550:  2D 4C A0 E1
F07:0004       	subs	R0,R0,R4
               S01:0000E554:  04 00 50 E0
F07:0005       	movmi	R0,#0
               S01:0000E558:  00 00 A0 43
F07:0006       	mov		R7,R0,lsl #24
               S01:0000E55C:  00 7C A0 E1
F07:0007       
F07:0008       	ldrb	R0,[R1,R5,lsr #12]
               S01:0000E560:  25 06 D1 E7
F07:0009       	add		R5,R5,R6
               S01:0000E564:  06 50 85 E0
F07:0010       	mov		R4,R13,lsl #8
               S01:0000E568:  0D 44 A0 E1
F07:0011       	subs	R0,R0,R4,lsr #24
               S01:0000E56C:  24 0C 50 E0
F07:0012       	movmi	R0,#0
               S01:0000E570:  00 00 A0 43
F07:0013       	orr		R7,R7,R0,lsl #16
               S01:0000E574:  00 78 87 E1
F07:0014       
F07:0015       	ldrb	R0,[R1,R8,lsr #12]
               S01:0000E578:  28 06 D1 E7
F07:0016       	add		R8,R8,R9
               S01:0000E57C:  09 80 88 E0
F07:0017       	mov		R4,R13,lsl #16
               S01:0000E580:  0D 48 A0 E1
F07:0018       	subs	R0,R0,R4, lsr #24
               S01:0000E584:  24 0C 50 E0
F07:0019       	movmi	R0,#0
               S01:0000E588:  00 00 A0 43
F07:0020       	orr		R7,R7,R0,lsl #8
               S01:0000E58C:  00 74 87 E1
F07:0021       
F07:0022       	ldrb	R0,[R1,R11,lsr #12]
               S01:0000E590:  2B 06 D1 E7
F07:0023       	add		R11,R11,R12
               S01:0000E594:  0C B0 8B E0
F07:0024       	mov		R4,R13,lsl #24
               S01:0000E598:  0D 4C A0 E1
F07:0025       	subs	R0,R0,R4,lsr #24
               S01:0000E59C:  24 0C 50 E0
F07:0026       	movmi	R0,#0
               S01:0000E5A0:  00 00 A0 43
F07:0027       	orr		R7,R7,R0
               S01:0000E5A4:  00 70 87 E1
F07:0028       
F07:0029       	str		R7,[R14],#4		
               S01:0000E5A8:  04 70 8E E4
F07:0030       	
F07:0001       	ldrb	R0,[R1,R2,lsr #12]
               S01:0000E5AC:  22 06 D1 E7
F07:0002       	add		R2,R2,R3
               S01:0000E5B0:  03 20 82 E0
F07:0003       	mov		R4,R13,lsr #24
               S01:0000E5B4:  2D 4C A0 E1
F07:0004       	subs	R0,R0,R4
               S01:0000E5B8:  04 00 50 E0
F07:0005       	movmi	R0,#0
               S01:0000E5BC:  00 00 A0 43
F07:0006       	mov		R7,R0,lsl #24
               S01:0000E5C0:  00 7C A0 E1
F07:0007       
F07:0008       	ldrb	R0,[R1,R5,lsr #12]
               S01:0000E5C4:  25 06 D1 E7
F07:0009       	add		R5,R5,R6
               S01:0000E5C8:  06 50 85 E0
F07:0010       	mov		R4,R13,lsl #8
               S01:0000E5CC:  0D 44 A0 E1
F07:0011       	subs	R0,R0,R4,lsr #24
               S01:0000E5D0:  24 0C 50 E0
F07:0012       	movmi	R0,#0
               S01:0000E5D4:  00 00 A0 43
F07:0013       	orr		R7,R7,R0,lsl #16
               S01:0000E5D8:  00 78 87 E1
F07:0014       
F07:0015       	ldrb	R0,[R1,R8,lsr #12]
               S01:0000E5DC:  28 06 D1 E7
F07:0016       	add		R8,R8,R9
               S01:0000E5E0:  09 80 88 E0
F07:0017       	mov		R4,R13,lsl #16
               S01:0000E5E4:  0D 48 A0 E1
F07:0018       	subs	R0,R0,R4, lsr #24
               S01:0000E5E8:  24 0C 50 E0
F07:0019       	movmi	R0,#0
               S01:0000E5EC:  00 00 A0 43
F07:0020       	orr		R7,R7,R0,lsl #8
               S01:0000E5F0:  00 74 87 E1
F07:0021       
F07:0022       	ldrb	R0,[R1,R11,lsr #12]
               S01:0000E5F4:  2B 06 D1 E7
F07:0023       	add		R11,R11,R12
               S01:0000E5F8:  0C B0 8B E0
F07:0024       	mov		R4,R13,lsl #24
               S01:0000E5FC:  0D 4C A0 E1
F07:0025       	subs	R0,R0,R4,lsr #24
               S01:0000E600:  24 0C 50 E0
F07:0026       	movmi	R0,#0
               S01:0000E604:  00 00 A0 43
F07:0027       	orr		R7,R7,R0
               S01:0000E608:  00 70 87 E1
F07:0028       
F07:0029       	str		R7,[R14],#4		
               S01:0000E60C:  04 70 8E E4
F07:0030       	
F07:0001       	ldrb	R0,[R1,R2,lsr #12]
               S01:0000E610:  22 06 D1 E7
F07:0002       	add		R2,R2,R3
               S01:0000E614:  03 20 82 E0
F07:0003       	mov		R4,R13,lsr #24
               S01:0000E618:  2D 4C A0 E1
F07:0004       	subs	R0,R0,R4
               S01:0000E61C:  04 00 50 E0
F07:0005       	movmi	R0,#0
               S01:0000E620:  00 00 A0 43
F07:0006       	mov		R7,R0,lsl #24
               S01:0000E624:  00 7C A0 E1
F07:0007       
F07:0008       	ldrb	R0,[R1,R5,lsr #12]
               S01:0000E628:  25 06 D1 E7
F07:0009       	add		R5,R5,R6
               S01:0000E62C:  06 50 85 E0
F07:0010       	mov		R4,R13,lsl #8
               S01:0000E630:  0D 44 A0 E1
F07:0011       	subs	R0,R0,R4,lsr #24
               S01:0000E634:  24 0C 50 E0
F07:0012       	movmi	R0,#0
               S01:0000E638:  00 00 A0 43
F07:0013       	orr		R7,R7,R0,lsl #16
               S01:0000E63C:  00 78 87 E1
F07:0014       
F07:0015       	ldrb	R0,[R1,R8,lsr #12]
               S01:0000E640:  28 06 D1 E7
F07:0016       	add		R8,R8,R9
               S01:0000E644:  09 80 88 E0
F07:0017       	mov		R4,R13,lsl #16
               S01:0000E648:  0D 48 A0 E1
F07:0018       	subs	R0,R0,R4, lsr #24
               S01:0000E64C:  24 0C 50 E0
F07:0019       	movmi	R0,#0
               S01:0000E650:  00 00 A0 43
F07:0020       	orr		R7,R7,R0,lsl #8
               S01:0000E654:  00 74 87 E1
F07:0021       
F07:0022       	ldrb	R0,[R1,R11,lsr #12]
               S01:0000E658:  2B 06 D1 E7
F07:0023       	add		R11,R11,R12
               S01:0000E65C:  0C B0 8B E0
F07:0024       	mov		R4,R13,lsl #24
               S01:0000E660:  0D 4C A0 E1
F07:0025       	subs	R0,R0,R4,lsr #24
               S01:0000E664:  24 0C 50 E0
F07:0026       	movmi	R0,#0
               S01:0000E668:  00 00 A0 43
F07:0027       	orr		R7,R7,R0
               S01:0000E66C:  00 70 87 E1
F07:0028       
F07:0029       	str		R7,[R14],#4		
               S01:0000E670:  04 70 8E E4
F07:0030       	
F07:0001       	ldrb	R0,[R1,R2,lsr #12]
               S01:0000E674:  22 06 D1 E7
F07:0002       	add		R2,R2,R3
               S01:0000E678:  03 20 82 E0
F07:0003       	mov		R4,R13,lsr #24
               S01:0000E67C:  2D 4C A0 E1
F07:0004       	subs	R0,R0,R4
               S01:0000E680:  04 00 50 E0
F07:0005       	movmi	R0,#0
               S01:0000E684:  00 00 A0 43
F07:0006       	mov		R7,R0,lsl #24
               S01:0000E688:  00 7C A0 E1
F07:0007       
F07:0008       	ldrb	R0,[R1,R5,lsr #12]
               S01:0000E68C:  25 06 D1 E7
F07:0009       	add		R5,R5,R6
               S01:0000E690:  06 50 85 E0
F07:0010       	mov		R4,R13,lsl #8
               S01:0000E694:  0D 44 A0 E1
F07:0011       	subs	R0,R0,R4,lsr #24
               S01:0000E698:  24 0C 50 E0
F07:0012       	movmi	R0,#0
               S01:0000E69C:  00 00 A0 43
F07:0013       	orr		R7,R7,R0,lsl #16
               S01:0000E6A0:  00 78 87 E1
F07:0014       
F07:0015       	ldrb	R0,[R1,R8,lsr #12]
               S01:0000E6A4:  28 06 D1 E7
F07:0016       	add		R8,R8,R9
               S01:0000E6A8:  09 80 88 E0
F07:0017       	mov		R4,R13,lsl #16
               S01:0000E6AC:  0D 48 A0 E1
F07:0018       	subs	R0,R0,R4, lsr #24
               S01:0000E6B0:  24 0C 50 E0
F07:0019       	movmi	R0,#0
               S01:0000E6B4:  00 00 A0 43
F07:0020       	orr		R7,R7,R0,lsl #8
               S01:0000E6B8:  00 74 87 E1
F07:0021       
F07:0022       	ldrb	R0,[R1,R11,lsr #12]
               S01:0000E6BC:  2B 06 D1 E7
F07:0023       	add		R11,R11,R12
               S01:0000E6C0:  0C B0 8B E0
F07:0024       	mov		R4,R13,lsl #24
               S01:0000E6C4:  0D 4C A0 E1
F07:0025       	subs	R0,R0,R4,lsr #24
               S01:0000E6C8:  24 0C 50 E0
F07:0026       	movmi	R0,#0
               S01:0000E6CC:  00 00 A0 43
F07:0027       	orr		R7,R7,R0
               S01:0000E6D0:  00 70 87 E1
F07:0028       
F07:0029       	str		R7,[R14],#4		
               S01:0000E6D4:  04 70 8E E4
F07:0030       	
F07:0001       	ldrb	R0,[R1,R2,lsr #12]
               S01:0000E6D8:  22 06 D1 E7
F07:0002       	add		R2,R2,R3
               S01:0000E6DC:  03 20 82 E0
F07:0003       	mov		R4,R13,lsr #24
               S01:0000E6E0:  2D 4C A0 E1
F07:0004       	subs	R0,R0,R4
               S01:0000E6E4:  04 00 50 E0
F07:0005       	movmi	R0,#0
               S01:0000E6E8:  00 00 A0 43
F07:0006       	mov		R7,R0,lsl #24
               S01:0000E6EC:  00 7C A0 E1
F07:0007       
F07:0008       	ldrb	R0,[R1,R5,lsr #12]
               S01:0000E6F0:  25 06 D1 E7
F07:0009       	add		R5,R5,R6
               S01:0000E6F4:  06 50 85 E0
F07:0010       	mov		R4,R13,lsl #8
               S01:0000E6F8:  0D 44 A0 E1
F07:0011       	subs	R0,R0,R4,lsr #24
               S01:0000E6FC:  24 0C 50 E0
F07:0012       	movmi	R0,#0
               S01:0000E700:  00 00 A0 43
F07:0013       	orr		R7,R7,R0,lsl #16
               S01:0000E704:  00 78 87 E1
F07:0014       
F07:0015       	ldrb	R0,[R1,R8,lsr #12]
               S01:0000E708:  28 06 D1 E7
F07:0016       	add		R8,R8,R9
               S01:0000E70C:  09 80 88 E0
F07:0017       	mov		R4,R13,lsl #16
               S01:0000E710:  0D 48 A0 E1
F07:0018       	subs	R0,R0,R4, lsr #24
               S01:0000E714:  24 0C 50 E0
F07:0019       	movmi	R0,#0
               S01:0000E718:  00 00 A0 43
F07:0020       	orr		R7,R7,R0,lsl #8
               S01:0000E71C:  00 74 87 E1
F07:0021       
F07:0022       	ldrb	R0,[R1,R11,lsr #12]
               S01:0000E720:  2B 06 D1 E7
F07:0023       	add		R11,R11,R12
               S01:0000E724:  0C B0 8B E0
F07:0024       	mov		R4,R13,lsl #24
               S01:0000E728:  0D 4C A0 E1
F07:0025       	subs	R0,R0,R4,lsr #24
               S01:0000E72C:  24 0C 50 E0
F07:0026       	movmi	R0,#0
               S01:0000E730:  00 00 A0 43
F07:0027       	orr		R7,R7,R0
               S01:0000E734:  00 70 87 E1
F07:0028       
F07:0029       	str		R7,[R14],#4		
               S01:0000E738:  04 70 8E E4
F07:0030       	
F07:0001       	ldrb	R0,[R1,R2,lsr #12]
               S01:0000E73C:  22 06 D1 E7
F07:0002       	add		R2,R2,R3
               S01:0000E740:  03 20 82 E0
F07:0003       	mov		R4,R13,lsr #24
               S01:0000E744:  2D 4C A0 E1
F07:0004       	subs	R0,R0,R4
               S01:0000E748:  04 00 50 E0
F07:0005       	movmi	R0,#0
               S01:0000E74C:  00 00 A0 43
F07:0006       	mov		R7,R0,lsl #24
               S01:0000E750:  00 7C A0 E1
F07:0007       
F07:0008       	ldrb	R0,[R1,R5,lsr #12]
               S01:0000E754:  25 06 D1 E7
F07:0009       	add		R5,R5,R6
               S01:0000E758:  06 50 85 E0
F07:0010       	mov		R4,R13,lsl #8
               S01:0000E75C:  0D 44 A0 E1
F07:0011       	subs	R0,R0,R4,lsr #24
               S01:0000E760:  24 0C 50 E0
F07:0012       	movmi	R0,#0
               S01:0000E764:  00 00 A0 43
F07:0013       	orr		R7,R7,R0,lsl #16
               S01:0000E768:  00 78 87 E1
F07:0014       
F07:0015       	ldrb	R0,[R1,R8,lsr #12]
               S01:0000E76C:  28 06 D1 E7
F07:0016       	add		R8,R8,R9
               S01:0000E770:  09 80 88 E0
F07:0017       	mov		R4,R13,lsl #16
               S01:0000E774:  0D 48 A0 E1
F07:0018       	subs	R0,R0,R4, lsr #24
               S01:0000E778:  24 0C 50 E0
F07:0019       	movmi	R0,#0
               S01:0000E77C:  00 00 A0 43
F07:0020       	orr		R7,R7,R0,lsl #8
               S01:0000E780:  00 74 87 E1
F07:0021       
F07:0022       	ldrb	R0,[R1,R11,lsr #12]
               S01:0000E784:  2B 06 D1 E7
F07:0023       	add		R11,R11,R12
               S01:0000E788:  0C B0 8B E0
F07:0024       	mov		R4,R13,lsl #24
               S01:0000E78C:  0D 4C A0 E1
F07:0025       	subs	R0,R0,R4,lsr #24
               S01:0000E790:  24 0C 50 E0
F07:0026       	movmi	R0,#0
               S01:0000E794:  00 00 A0 43
F07:0027       	orr		R7,R7,R0
               S01:0000E798:  00 70 87 E1
F07:0028       
F07:0029       	str		R7,[R14],#4		
               S01:0000E79C:  04 70 8E E4
F07:0030       	
F07:0001       	ldrb	R0,[R1,R2,lsr #12]
               S01:0000E7A0:  22 06 D1 E7
F07:0002       	add		R2,R2,R3
               S01:0000E7A4:  03 20 82 E0
F07:0003       	mov		R4,R13,lsr #24
               S01:0000E7A8:  2D 4C A0 E1
F07:0004       	subs	R0,R0,R4
               S01:0000E7AC:  04 00 50 E0
F07:0005       	movmi	R0,#0
               S01:0000E7B0:  00 00 A0 43
F07:0006       	mov		R7,R0,lsl #24
               S01:0000E7B4:  00 7C A0 E1
F07:0007       
F07:0008       	ldrb	R0,[R1,R5,lsr #12]
               S01:0000E7B8:  25 06 D1 E7
F07:0009       	add		R5,R5,R6
               S01:0000E7BC:  06 50 85 E0
F07:0010       	mov		R4,R13,lsl #8
               S01:0000E7C0:  0D 44 A0 E1
F07:0011       	subs	R0,R0,R4,lsr #24
               S01:0000E7C4:  24 0C 50 E0
F07:0012       	movmi	R0,#0
               S01:0000E7C8:  00 00 A0 43
F07:0013       	orr		R7,R7,R0,lsl #16
               S01:0000E7CC:  00 78 87 E1
F07:0014       
F07:0015       	ldrb	R0,[R1,R8,lsr #12]
               S01:0000E7D0:  28 06 D1 E7
F07:0016       	add		R8,R8,R9
               S01:0000E7D4:  09 80 88 E0
F07:0017       	mov		R4,R13,lsl #16
               S01:0000E7D8:  0D 48 A0 E1
F07:0018       	subs	R0,R0,R4, lsr #24
               S01:0000E7DC:  24 0C 50 E0
F07:0019       	movmi	R0,#0
               S01:0000E7E0:  00 00 A0 43
F07:0020       	orr		R7,R7,R0,lsl #8
               S01:0000E7E4:  00 74 87 E1
F07:0021       
F07:0022       	ldrb	R0,[R1,R11,lsr #12]
               S01:0000E7E8:  2B 06 D1 E7
F07:0023       	add		R11,R11,R12
               S01:0000E7EC:  0C B0 8B E0
F07:0024       	mov		R4,R13,lsl #24
               S01:0000E7F0:  0D 4C A0 E1
F07:0025       	subs	R0,R0,R4,lsr #24
               S01:0000E7F4:  24 0C 50 E0
F07:0026       	movmi	R0,#0
               S01:0000E7F8:  00 00 A0 43
F07:0027       	orr		R7,R7,R0
               S01:0000E7FC:  00 70 87 E1
F07:0028       
F07:0029       	str		R7,[R14],#4		
               S01:0000E800:  04 70 8E E4
F07:0030       	
F07:0001       	ldrb	R0,[R1,R2,lsr #12]
               S01:0000E804:  22 06 D1 E7
F07:0002       	add		R2,R2,R3
               S01:0000E808:  03 20 82 E0
F07:0003       	mov		R4,R13,lsr #24
               S01:0000E80C:  2D 4C A0 E1
F07:0004       	subs	R0,R0,R4
               S01:0000E810:  04 00 50 E0
F07:0005       	movmi	R0,#0
               S01:0000E814:  00 00 A0 43
F07:0006       	mov		R7,R0,lsl #24
               S01:0000E818:  00 7C A0 E1
F07:0007       
F07:0008       	ldrb	R0,[R1,R5,lsr #12]
               S01:0000E81C:  25 06 D1 E7
F07:0009       	add		R5,R5,R6
               S01:0000E820:  06 50 85 E0
F07:0010       	mov		R4,R13,lsl #8
               S01:0000E824:  0D 44 A0 E1
F07:0011       	subs	R0,R0,R4,lsr #24
               S01:0000E828:  24 0C 50 E0
F07:0012       	movmi	R0,#0
               S01:0000E82C:  00 00 A0 43
F07:0013       	orr		R7,R7,R0,lsl #16
               S01:0000E830:  00 78 87 E1
F07:0014       
F07:0015       	ldrb	R0,[R1,R8,lsr #12]
               S01:0000E834:  28 06 D1 E7
F07:0016       	add		R8,R8,R9
               S01:0000E838:  09 80 88 E0
F07:0017       	mov		R4,R13,lsl #16
               S01:0000E83C:  0D 48 A0 E1
F07:0018       	subs	R0,R0,R4, lsr #24
               S01:0000E840:  24 0C 50 E0
F07:0019       	movmi	R0,#0
               S01:0000E844:  00 00 A0 43
F07:0020       	orr		R7,R7,R0,lsl #8
               S01:0000E848:  00 74 87 E1
F07:0021       
F07:0022       	ldrb	R0,[R1,R11,lsr #12]
               S01:0000E84C:  2B 06 D1 E7
F07:0023       	add		R11,R11,R12
               S01:0000E850:  0C B0 8B E0
F07:0024       	mov		R4,R13,lsl #24
               S01:0000E854:  0D 4C A0 E1
F07:0025       	subs	R0,R0,R4,lsr #24
               S01:0000E858:  24 0C 50 E0
F07:0026       	movmi	R0,#0
               S01:0000E85C:  00 00 A0 43
F07:0027       	orr		R7,R7,R0
               S01:0000E860:  00 70 87 E1
F07:0028       
F07:0029       	str		R7,[R14],#4		
               S01:0000E864:  04 70 8E E4
F07:0030       	
F07:0001       	ldrb	R0,[R1,R2,lsr #12]
               S01:0000E868:  22 06 D1 E7
F07:0002       	add		R2,R2,R3
               S01:0000E86C:  03 20 82 E0
F07:0003       	mov		R4,R13,lsr #24
               S01:0000E870:  2D 4C A0 E1
F07:0004       	subs	R0,R0,R4
               S01:0000E874:  04 00 50 E0
F07:0005       	movmi	R0,#0
               S01:0000E878:  00 00 A0 43
F07:0006       	mov		R7,R0,lsl #24
               S01:0000E87C:  00 7C A0 E1
F07:0007       
F07:0008       	ldrb	R0,[R1,R5,lsr #12]
               S01:0000E880:  25 06 D1 E7
F07:0009       	add		R5,R5,R6
               S01:0000E884:  06 50 85 E0
F07:0010       	mov		R4,R13,lsl #8
               S01:0000E888:  0D 44 A0 E1
F07:0011       	subs	R0,R0,R4,lsr #24
               S01:0000E88C:  24 0C 50 E0
F07:0012       	movmi	R0,#0
               S01:0000E890:  00 00 A0 43
F07:0013       	orr		R7,R7,R0,lsl #16
               S01:0000E894:  00 78 87 E1
F07:0014       
F07:0015       	ldrb	R0,[R1,R8,lsr #12]
               S01:0000E898:  28 06 D1 E7
F07:0016       	add		R8,R8,R9
               S01:0000E89C:  09 80 88 E0
F07:0017       	mov		R4,R13,lsl #16
               S01:0000E8A0:  0D 48 A0 E1
F07:0018       	subs	R0,R0,R4, lsr #24
               S01:0000E8A4:  24 0C 50 E0
F07:0019       	movmi	R0,#0
               S01:0000E8A8:  00 00 A0 43
F07:0020       	orr		R7,R7,R0,lsl #8
               S01:0000E8AC:  00 74 87 E1
F07:0021       
F07:0022       	ldrb	R0,[R1,R11,lsr #12]
               S01:0000E8B0:  2B 06 D1 E7
F07:0023       	add		R11,R11,R12
               S01:0000E8B4:  0C B0 8B E0
F07:0024       	mov		R4,R13,lsl #24
               S01:0000E8B8:  0D 4C A0 E1
F07:0025       	subs	R0,R0,R4,lsr #24
               S01:0000E8BC:  24 0C 50 E0
F07:0026       	movmi	R0,#0
               S01:0000E8C0:  00 00 A0 43
F07:0027       	orr		R7,R7,R0
               S01:0000E8C4:  00 70 87 E1
F07:0028       
F07:0029       	str		R7,[R14],#4		
               S01:0000E8C8:  04 70 8E E4
F07:0030       	
F07:0001       	ldrb	R0,[R1,R2,lsr #12]
               S01:0000E8CC:  22 06 D1 E7
F07:0002       	add		R2,R2,R3
               S01:0000E8D0:  03 20 82 E0
F07:0003       	mov		R4,R13,lsr #24
               S01:0000E8D4:  2D 4C A0 E1
F07:0004       	subs	R0,R0,R4
               S01:0000E8D8:  04 00 50 E0
F07:0005       	movmi	R0,#0
               S01:0000E8DC:  00 00 A0 43
F07:0006       	mov		R7,R0,lsl #24
               S01:0000E8E0:  00 7C A0 E1
F07:0007       
F07:0008       	ldrb	R0,[R1,R5,lsr #12]
               S01:0000E8E4:  25 06 D1 E7
F07:0009       	add		R5,R5,R6
               S01:0000E8E8:  06 50 85 E0
F07:0010       	mov		R4,R13,lsl #8
               S01:0000E8EC:  0D 44 A0 E1
F07:0011       	subs	R0,R0,R4,lsr #24
               S01:0000E8F0:  24 0C 50 E0
F07:0012       	movmi	R0,#0
               S01:0000E8F4:  00 00 A0 43
F07:0013       	orr		R7,R7,R0,lsl #16
               S01:0000E8F8:  00 78 87 E1
F07:0014       
F07:0015       	ldrb	R0,[R1,R8,lsr #12]
               S01:0000E8FC:  28 06 D1 E7
F07:0016       	add		R8,R8,R9
               S01:0000E900:  09 80 88 E0
F07:0017       	mov		R4,R13,lsl #16
               S01:0000E904:  0D 48 A0 E1
F07:0018       	subs	R0,R0,R4, lsr #24
               S01:0000E908:  24 0C 50 E0
F07:0019       	movmi	R0,#0
               S01:0000E90C:  00 00 A0 43
F07:0020       	orr		R7,R7,R0,lsl #8
               S01:0000E910:  00 74 87 E1
F07:0021       
F07:0022       	ldrb	R0,[R1,R11,lsr #12]
               S01:0000E914:  2B 06 D1 E7
F07:0023       	add		R11,R11,R12
               S01:0000E918:  0C B0 8B E0
F07:0024       	mov		R4,R13,lsl #24
               S01:0000E91C:  0D 4C A0 E1
F07:0025       	subs	R0,R0,R4,lsr #24
               S01:0000E920:  24 0C 50 E0
F07:0026       	movmi	R0,#0
               S01:0000E924:  00 00 A0 43
F07:0027       	orr		R7,R7,R0
               S01:0000E928:  00 70 87 E1
F07:0028       
F07:0029       	str		R7,[R14],#4		
               S01:0000E92C:  04 70 8E E4
F07:0030       	
F07:0001       	ldrb	R0,[R1,R2,lsr #12]
               S01:0000E930:  22 06 D1 E7
F07:0002       	add		R2,R2,R3
               S01:0000E934:  03 20 82 E0
F07:0003       	mov		R4,R13,lsr #24
               S01:0000E938:  2D 4C A0 E1
F07:0004       	subs	R0,R0,R4
               S01:0000E93C:  04 00 50 E0
F07:0005       	movmi	R0,#0
               S01:0000E940:  00 00 A0 43
F07:0006       	mov		R7,R0,lsl #24
               S01:0000E944:  00 7C A0 E1
F07:0007       
F07:0008       	ldrb	R0,[R1,R5,lsr #12]
               S01:0000E948:  25 06 D1 E7
F07:0009       	add		R5,R5,R6
               S01:0000E94C:  06 50 85 E0
F07:0010       	mov		R4,R13,lsl #8
               S01:0000E950:  0D 44 A0 E1
F07:0011       	subs	R0,R0,R4,lsr #24
               S01:0000E954:  24 0C 50 E0
F07:0012       	movmi	R0,#0
               S01:0000E958:  00 00 A0 43
F07:0013       	orr		R7,R7,R0,lsl #16
               S01:0000E95C:  00 78 87 E1
F07:0014       
F07:0015       	ldrb	R0,[R1,R8,lsr #12]
               S01:0000E960:  28 06 D1 E7
F07:0016       	add		R8,R8,R9
               S01:0000E964:  09 80 88 E0
F07:0017       	mov		R4,R13,lsl #16
               S01:0000E968:  0D 48 A0 E1
F07:0018       	subs	R0,R0,R4, lsr #24
               S01:0000E96C:  24 0C 50 E0
F07:0019       	movmi	R0,#0
               S01:0000E970:  00 00 A0 43
F07:0020       	orr		R7,R7,R0,lsl #8
               S01:0000E974:  00 74 87 E1
F07:0021       
F07:0022       	ldrb	R0,[R1,R11,lsr #12]
               S01:0000E978:  2B 06 D1 E7
F07:0023       	add		R11,R11,R12
               S01:0000E97C:  0C B0 8B E0
F07:0024       	mov		R4,R13,lsl #24
               S01:0000E980:  0D 4C A0 E1
F07:0025       	subs	R0,R0,R4,lsr #24
               S01:0000E984:  24 0C 50 E0
F07:0026       	movmi	R0,#0
               S01:0000E988:  00 00 A0 43
F07:0027       	orr		R7,R7,R0
               S01:0000E98C:  00 70 87 E1
F07:0028       
F07:0029       	str		R7,[R14],#4		
               S01:0000E990:  04 70 8E E4
F07:0030       	
F07:0001       	ldrb	R0,[R1,R2,lsr #12]
               S01:0000E994:  22 06 D1 E7
F07:0002       	add		R2,R2,R3
               S01:0000E998:  03 20 82 E0
F07:0003       	mov		R4,R13,lsr #24
               S01:0000E99C:  2D 4C A0 E1
F07:0004       	subs	R0,R0,R4
               S01:0000E9A0:  04 00 50 E0
F07:0005       	movmi	R0,#0
               S01:0000E9A4:  00 00 A0 43
F07:0006       	mov		R7,R0,lsl #24
               S01:0000E9A8:  00 7C A0 E1
F07:0007       
F07:0008       	ldrb	R0,[R1,R5,lsr #12]
               S01:0000E9AC:  25 06 D1 E7
F07:0009       	add		R5,R5,R6
               S01:0000E9B0:  06 50 85 E0
F07:0010       	mov		R4,R13,lsl #8
               S01:0000E9B4:  0D 44 A0 E1
F07:0011       	subs	R0,R0,R4,lsr #24
               S01:0000E9B8:  24 0C 50 E0
F07:0012       	movmi	R0,#0
               S01:0000E9BC:  00 00 A0 43
F07:0013       	orr		R7,R7,R0,lsl #16
               S01:0000E9C0:  00 78 87 E1
F07:0014       
F07:0015       	ldrb	R0,[R1,R8,lsr #12]
               S01:0000E9C4:  28 06 D1 E7
F07:0016       	add		R8,R8,R9
               S01:0000E9C8:  09 80 88 E0
F07:0017       	mov		R4,R13,lsl #16
               S01:0000E9CC:  0D 48 A0 E1
F07:0018       	subs	R0,R0,R4, lsr #24
               S01:0000E9D0:  24 0C 50 E0
F07:0019       	movmi	R0,#0
               S01:0000E9D4:  00 00 A0 43
F07:0020       	orr		R7,R7,R0,lsl #8
               S01:0000E9D8:  00 74 87 E1
F07:0021       
F07:0022       	ldrb	R0,[R1,R11,lsr #12]
               S01:0000E9DC:  2B 06 D1 E7
F07:0023       	add		R11,R11,R12
               S01:0000E9E0:  0C B0 8B E0
F07:0024       	mov		R4,R13,lsl #24
               S01:0000E9E4:  0D 4C A0 E1
F07:0025       	subs	R0,R0,R4,lsr #24
               S01:0000E9E8:  24 0C 50 E0
F07:0026       	movmi	R0,#0
               S01:0000E9EC:  00 00 A0 43
F07:0027       	orr		R7,R7,R0
               S01:0000E9F0:  00 70 87 E1
F07:0028       
F07:0029       	str		R7,[R14],#4		
               S01:0000E9F4:  04 70 8E E4
F07:0030       	
F07:0001       	ldrb	R0,[R1,R2,lsr #12]
               S01:0000E9F8:  22 06 D1 E7
F07:0002       	add		R2,R2,R3
               S01:0000E9FC:  03 20 82 E0
F07:0003       	mov		R4,R13,lsr #24
               S01:0000EA00:  2D 4C A0 E1
F07:0004       	subs	R0,R0,R4
               S01:0000EA04:  04 00 50 E0
F07:0005       	movmi	R0,#0
               S01:0000EA08:  00 00 A0 43
F07:0006       	mov		R7,R0,lsl #24
               S01:0000EA0C:  00 7C A0 E1
F07:0007       
F07:0008       	ldrb	R0,[R1,R5,lsr #12]
               S01:0000EA10:  25 06 D1 E7
F07:0009       	add		R5,R5,R6
               S01:0000EA14:  06 50 85 E0
F07:0010       	mov		R4,R13,lsl #8
               S01:0000EA18:  0D 44 A0 E1
F07:0011       	subs	R0,R0,R4,lsr #24
               S01:0000EA1C:  24 0C 50 E0
F07:0012       	movmi	R0,#0
               S01:0000EA20:  00 00 A0 43
F07:0013       	orr		R7,R7,R0,lsl #16
               S01:0000EA24:  00 78 87 E1
F07:0014       
F07:0015       	ldrb	R0,[R1,R8,lsr #12]
               S01:0000EA28:  28 06 D1 E7
F07:0016       	add		R8,R8,R9
               S01:0000EA2C:  09 80 88 E0
F07:0017       	mov		R4,R13,lsl #16
               S01:0000EA30:  0D 48 A0 E1
F07:0018       	subs	R0,R0,R4, lsr #24
               S01:0000EA34:  24 0C 50 E0
F07:0019       	movmi	R0,#0
               S01:0000EA38:  00 00 A0 43
F07:0020       	orr		R7,R7,R0,lsl #8
               S01:0000EA3C:  00 74 87 E1
F07:0021       
F07:0022       	ldrb	R0,[R1,R11,lsr #12]
               S01:0000EA40:  2B 06 D1 E7
F07:0023       	add		R11,R11,R12
               S01:0000EA44:  0C B0 8B E0
F07:0024       	mov		R4,R13,lsl #24
               S01:0000EA48:  0D 4C A0 E1
F07:0025       	subs	R0,R0,R4,lsr #24
               S01:0000EA4C:  24 0C 50 E0
F07:0026       	movmi	R0,#0
               S01:0000EA50:  00 00 A0 43
F07:0027       	orr		R7,R7,R0
               S01:0000EA54:  00 70 87 E1
F07:0028       
F07:0029       	str		R7,[R14],#4		
               S01:0000EA58:  04 70 8E E4
F07:0030       	
F07:0001       	ldrb	R0,[R1,R2,lsr #12]
               S01:0000EA5C:  22 06 D1 E7
F07:0002       	add		R2,R2,R3
               S01:0000EA60:  03 20 82 E0
F07:0003       	mov		R4,R13,lsr #24
               S01:0000EA64:  2D 4C A0 E1
F07:0004       	subs	R0,R0,R4
               S01:0000EA68:  04 00 50 E0
F07:0005       	movmi	R0,#0
               S01:0000EA6C:  00 00 A0 43
F07:0006       	mov		R7,R0,lsl #24
               S01:0000EA70:  00 7C A0 E1
F07:0007       
F07:0008       	ldrb	R0,[R1,R5,lsr #12]
               S01:0000EA74:  25 06 D1 E7
F07:0009       	add		R5,R5,R6
               S01:0000EA78:  06 50 85 E0
F07:0010       	mov		R4,R13,lsl #8
               S01:0000EA7C:  0D 44 A0 E1
F07:0011       	subs	R0,R0,R4,lsr #24
               S01:0000EA80:  24 0C 50 E0
F07:0012       	movmi	R0,#0
               S01:0000EA84:  00 00 A0 43
F07:0013       	orr		R7,R7,R0,lsl #16
               S01:0000EA88:  00 78 87 E1
F07:0014       
F07:0015       	ldrb	R0,[R1,R8,lsr #12]
               S01:0000EA8C:  28 06 D1 E7
F07:0016       	add		R8,R8,R9
               S01:0000EA90:  09 80 88 E0
F07:0017       	mov		R4,R13,lsl #16
               S01:0000EA94:  0D 48 A0 E1
F07:0018       	subs	R0,R0,R4, lsr #24
               S01:0000EA98:  24 0C 50 E0
F07:0019       	movmi	R0,#0
               S01:0000EA9C:  00 00 A0 43
F07:0020       	orr		R7,R7,R0,lsl #8
               S01:0000EAA0:  00 74 87 E1
F07:0021       
F07:0022       	ldrb	R0,[R1,R11,lsr #12]
               S01:0000EAA4:  2B 06 D1 E7
F07:0023       	add		R11,R11,R12
               S01:0000EAA8:  0C B0 8B E0
F07:0024       	mov		R4,R13,lsl #24
               S01:0000EAAC:  0D 4C A0 E1
F07:0025       	subs	R0,R0,R4,lsr #24
               S01:0000EAB0:  24 0C 50 E0
F07:0026       	movmi	R0,#0
               S01:0000EAB4:  00 00 A0 43
F07:0027       	orr		R7,R7,R0
               S01:0000EAB8:  00 70 87 E1
F07:0028       
F07:0029       	str		R7,[R14],#4		
               S01:0000EABC:  04 70 8E E4
F07:0030       	
F07:0001       	ldrb	R0,[R1,R2,lsr #12]
               S01:0000EAC0:  22 06 D1 E7
F07:0002       	add		R2,R2,R3
               S01:0000EAC4:  03 20 82 E0
F07:0003       	mov		R4,R13,lsr #24
               S01:0000EAC8:  2D 4C A0 E1
F07:0004       	subs	R0,R0,R4
               S01:0000EACC:  04 00 50 E0
F07:0005       	movmi	R0,#0
               S01:0000EAD0:  00 00 A0 43
F07:0006       	mov		R7,R0,lsl #24
               S01:0000EAD4:  00 7C A0 E1
F07:0007       
F07:0008       	ldrb	R0,[R1,R5,lsr #12]
               S01:0000EAD8:  25 06 D1 E7
F07:0009       	add		R5,R5,R6
               S01:0000EADC:  06 50 85 E0
F07:0010       	mov		R4,R13,lsl #8
               S01:0000EAE0:  0D 44 A0 E1
F07:0011       	subs	R0,R0,R4,lsr #24
               S01:0000EAE4:  24 0C 50 E0
F07:0012       	movmi	R0,#0
               S01:0000EAE8:  00 00 A0 43
F07:0013       	orr		R7,R7,R0,lsl #16
               S01:0000EAEC:  00 78 87 E1
F07:0014       
F07:0015       	ldrb	R0,[R1,R8,lsr #12]
               S01:0000EAF0:  28 06 D1 E7
F07:0016       	add		R8,R8,R9
               S01:0000EAF4:  09 80 88 E0
F07:0017       	mov		R4,R13,lsl #16
               S01:0000EAF8:  0D 48 A0 E1
F07:0018       	subs	R0,R0,R4, lsr #24
               S01:0000EAFC:  24 0C 50 E0
F07:0019       	movmi	R0,#0
               S01:0000EB00:  00 00 A0 43
F07:0020       	orr		R7,R7,R0,lsl #8
               S01:0000EB04:  00 74 87 E1
F07:0021       
F07:0022       	ldrb	R0,[R1,R11,lsr #12]
               S01:0000EB08:  2B 06 D1 E7
F07:0023       	add		R11,R11,R12
               S01:0000EB0C:  0C B0 8B E0
F07:0024       	mov		R4,R13,lsl #24
               S01:0000EB10:  0D 4C A0 E1
F07:0025       	subs	R0,R0,R4,lsr #24
               S01:0000EB14:  24 0C 50 E0
F07:0026       	movmi	R0,#0
               S01:0000EB18:  00 00 A0 43
F07:0027       	orr		R7,R7,R0
               S01:0000EB1C:  00 70 87 E1
F07:0028       
F07:0029       	str		R7,[R14],#4		
               S01:0000EB20:  04 70 8E E4
F07:0030       	
F07:0001       	ldrb	R0,[R1,R2,lsr #12]
               S01:0000EB24:  22 06 D1 E7
F07:0002       	add		R2,R2,R3
               S01:0000EB28:  03 20 82 E0
F07:0003       	mov		R4,R13,lsr #24
               S01:0000EB2C:  2D 4C A0 E1
F07:0004       	subs	R0,R0,R4
               S01:0000EB30:  04 00 50 E0
F07:0005       	movmi	R0,#0
               S01:0000EB34:  00 00 A0 43
F07:0006       	mov		R7,R0,lsl #24
               S01:0000EB38:  00 7C A0 E1
F07:0007       
F07:0008       	ldrb	R0,[R1,R5,lsr #12]
               S01:0000EB3C:  25 06 D1 E7
F07:0009       	add		R5,R5,R6
               S01:0000EB40:  06 50 85 E0
F07:0010       	mov		R4,R13,lsl #8
               S01:0000EB44:  0D 44 A0 E1
F07:0011       	subs	R0,R0,R4,lsr #24
               S01:0000EB48:  24 0C 50 E0
F07:0012       	movmi	R0,#0
               S01:0000EB4C:  00 00 A0 43
F07:0013       	orr		R7,R7,R0,lsl #16
               S01:0000EB50:  00 78 87 E1
F07:0014       
F07:0015       	ldrb	R0,[R1,R8,lsr #12]
               S01:0000EB54:  28 06 D1 E7
F07:0016       	add		R8,R8,R9
               S01:0000EB58:  09 80 88 E0
F07:0017       	mov		R4,R13,lsl #16
               S01:0000EB5C:  0D 48 A0 E1
F07:0018       	subs	R0,R0,R4, lsr #24
               S01:0000EB60:  24 0C 50 E0
F07:0019       	movmi	R0,#0
               S01:0000EB64:  00 00 A0 43
F07:0020       	orr		R7,R7,R0,lsl #8
               S01:0000EB68:  00 74 87 E1
F07:0021       
F07:0022       	ldrb	R0,[R1,R11,lsr #12]
               S01:0000EB6C:  2B 06 D1 E7
F07:0023       	add		R11,R11,R12
               S01:0000EB70:  0C B0 8B E0
F07:0024       	mov		R4,R13,lsl #24
               S01:0000EB74:  0D 4C A0 E1
F07:0025       	subs	R0,R0,R4,lsr #24
               S01:0000EB78:  24 0C 50 E0
F07:0026       	movmi	R0,#0
               S01:0000EB7C:  00 00 A0 43
F07:0027       	orr		R7,R7,R0
               S01:0000EB80:  00 70 87 E1
F07:0028       
F07:0029       	str		R7,[R14],#4		
               S01:0000EB84:  04 70 8E E4
F07:0030       	
F07:0001       	ldrb	R0,[R1,R2,lsr #12]
               S01:0000EB88:  22 06 D1 E7
F07:0002       	add		R2,R2,R3
               S01:0000EB8C:  03 20 82 E0
F07:0003       	mov		R4,R13,lsr #24
               S01:0000EB90:  2D 4C A0 E1
F07:0004       	subs	R0,R0,R4
               S01:0000EB94:  04 00 50 E0
F07:0005       	movmi	R0,#0
               S01:0000EB98:  00 00 A0 43
F07:0006       	mov		R7,R0,lsl #24
               S01:0000EB9C:  00 7C A0 E1
F07:0007       
F07:0008       	ldrb	R0,[R1,R5,lsr #12]
               S01:0000EBA0:  25 06 D1 E7
F07:0009       	add		R5,R5,R6
               S01:0000EBA4:  06 50 85 E0
F07:0010       	mov		R4,R13,lsl #8
               S01:0000EBA8:  0D 44 A0 E1
F07:0011       	subs	R0,R0,R4,lsr #24
               S01:0000EBAC:  24 0C 50 E0
F07:0012       	movmi	R0,#0
               S01:0000EBB0:  00 00 A0 43
F07:0013       	orr		R7,R7,R0,lsl #16
               S01:0000EBB4:  00 78 87 E1
F07:0014       
F07:0015       	ldrb	R0,[R1,R8,lsr #12]
               S01:0000EBB8:  28 06 D1 E7
F07:0016       	add		R8,R8,R9
               S01:0000EBBC:  09 80 88 E0
F07:0017       	mov		R4,R13,lsl #16
               S01:0000EBC0:  0D 48 A0 E1
F07:0018       	subs	R0,R0,R4, lsr #24
               S01:0000EBC4:  24 0C 50 E0
F07:0019       	movmi	R0,#0
               S01:0000EBC8:  00 00 A0 43
F07:0020       	orr		R7,R7,R0,lsl #8
               S01:0000EBCC:  00 74 87 E1
F07:0021       
F07:0022       	ldrb	R0,[R1,R11,lsr #12]
               S01:0000EBD0:  2B 06 D1 E7
F07:0023       	add		R11,R11,R12
               S01:0000EBD4:  0C B0 8B E0
F07:0024       	mov		R4,R13,lsl #24
               S01:0000EBD8:  0D 4C A0 E1
F07:0025       	subs	R0,R0,R4,lsr #24
               S01:0000EBDC:  24 0C 50 E0
F07:0026       	movmi	R0,#0
               S01:0000EBE0:  00 00 A0 43
F07:0027       	orr		R7,R7,R0
               S01:0000EBE4:  00 70 87 E1
F07:0028       
F07:0029       	str		R7,[R14],#4		
               S01:0000EBE8:  04 70 8E E4
F07:0030       	
F07:0001       	ldrb	R0,[R1,R2,lsr #12]
               S01:0000EBEC:  22 06 D1 E7
F07:0002       	add		R2,R2,R3
               S01:0000EBF0:  03 20 82 E0
F07:0003       	mov		R4,R13,lsr #24
               S01:0000EBF4:  2D 4C A0 E1
F07:0004       	subs	R0,R0,R4
               S01:0000EBF8:  04 00 50 E0
F07:0005       	movmi	R0,#0
               S01:0000EBFC:  00 00 A0 43
F07:0006       	mov		R7,R0,lsl #24
               S01:0000EC00:  00 7C A0 E1
F07:0007       
F07:0008       	ldrb	R0,[R1,R5,lsr #12]
               S01:0000EC04:  25 06 D1 E7
F07:0009       	add		R5,R5,R6
               S01:0000EC08:  06 50 85 E0
F07:0010       	mov		R4,R13,lsl #8
               S01:0000EC0C:  0D 44 A0 E1
F07:0011       	subs	R0,R0,R4,lsr #24
               S01:0000EC10:  24 0C 50 E0
F07:0012       	movmi	R0,#0
               S01:0000EC14:  00 00 A0 43
F07:0013       	orr		R7,R7,R0,lsl #16
               S01:0000EC18:  00 78 87 E1
F07:0014       
F07:0015       	ldrb	R0,[R1,R8,lsr #12]
               S01:0000EC1C:  28 06 D1 E7
F07:0016       	add		R8,R8,R9
               S01:0000EC20:  09 80 88 E0
F07:0017       	mov		R4,R13,lsl #16
               S01:0000EC24:  0D 48 A0 E1
F07:0018       	subs	R0,R0,R4, lsr #24
               S01:0000EC28:  24 0C 50 E0
F07:0019       	movmi	R0,#0
               S01:0000EC2C:  00 00 A0 43
F07:0020       	orr		R7,R7,R0,lsl #8
               S01:0000EC30:  00 74 87 E1
F07:0021       
F07:0022       	ldrb	R0,[R1,R11,lsr #12]
               S01:0000EC34:  2B 06 D1 E7
F07:0023       	add		R11,R11,R12
               S01:0000EC38:  0C B0 8B E0
F07:0024       	mov		R4,R13,lsl #24
               S01:0000EC3C:  0D 4C A0 E1
F07:0025       	subs	R0,R0,R4,lsr #24
               S01:0000EC40:  24 0C 50 E0
F07:0026       	movmi	R0,#0
               S01:0000EC44:  00 00 A0 43
F07:0027       	orr		R7,R7,R0
               S01:0000EC48:  00 70 87 E1
F07:0028       
F07:0029       	str		R7,[R14],#4		
               S01:0000EC4C:  04 70 8E E4
F07:0030       	
F07:0001       	ldrb	R0,[R1,R2,lsr #12]
               S01:0000EC50:  22 06 D1 E7
F07:0002       	add		R2,R2,R3
               S01:0000EC54:  03 20 82 E0
F07:0003       	mov		R4,R13,lsr #24
               S01:0000EC58:  2D 4C A0 E1
F07:0004       	subs	R0,R0,R4
               S01:0000EC5C:  04 00 50 E0
F07:0005       	movmi	R0,#0
               S01:0000EC60:  00 00 A0 43
F07:0006       	mov		R7,R0,lsl #24
               S01:0000EC64:  00 7C A0 E1
F07:0007       
F07:0008       	ldrb	R0,[R1,R5,lsr #12]
               S01:0000EC68:  25 06 D1 E7
F07:0009       	add		R5,R5,R6
               S01:0000EC6C:  06 50 85 E0
F07:0010       	mov		R4,R13,lsl #8
               S01:0000EC70:  0D 44 A0 E1
F07:0011       	subs	R0,R0,R4,lsr #24
               S01:0000EC74:  24 0C 50 E0
F07:0012       	movmi	R0,#0
               S01:0000EC78:  00 00 A0 43
F07:0013       	orr		R7,R7,R0,lsl #16
               S01:0000EC7C:  00 78 87 E1
F07:0014       
F07:0015       	ldrb	R0,[R1,R8,lsr #12]
               S01:0000EC80:  28 06 D1 E7
F07:0016       	add		R8,R8,R9
               S01:0000EC84:  09 80 88 E0
F07:0017       	mov		R4,R13,lsl #16
               S01:0000EC88:  0D 48 A0 E1
F07:0018       	subs	R0,R0,R4, lsr #24
               S01:0000EC8C:  24 0C 50 E0
F07:0019       	movmi	R0,#0
               S01:0000EC90:  00 00 A0 43
F07:0020       	orr		R7,R7,R0,lsl #8
               S01:0000EC94:  00 74 87 E1
F07:0021       
F07:0022       	ldrb	R0,[R1,R11,lsr #12]
               S01:0000EC98:  2B 06 D1 E7
F07:0023       	add		R11,R11,R12
               S01:0000EC9C:  0C B0 8B E0
F07:0024       	mov		R4,R13,lsl #24
               S01:0000ECA0:  0D 4C A0 E1
F07:0025       	subs	R0,R0,R4,lsr #24
               S01:0000ECA4:  24 0C 50 E0
F07:0026       	movmi	R0,#0
               S01:0000ECA8:  00 00 A0 43
F07:0027       	orr		R7,R7,R0
               S01:0000ECAC:  00 70 87 E1
F07:0028       
F07:0029       	str		R7,[R14],#4		
               S01:0000ECB0:  04 70 8E E4
F07:0030       	
F07:0001       	ldrb	R0,[R1,R2,lsr #12]
               S01:0000ECB4:  22 06 D1 E7
F07:0002       	add		R2,R2,R3
               S01:0000ECB8:  03 20 82 E0
F07:0003       	mov		R4,R13,lsr #24
               S01:0000ECBC:  2D 4C A0 E1
F07:0004       	subs	R0,R0,R4
               S01:0000ECC0:  04 00 50 E0
F07:0005       	movmi	R0,#0
               S01:0000ECC4:  00 00 A0 43
F07:0006       	mov		R7,R0,lsl #24
               S01:0000ECC8:  00 7C A0 E1
F07:0007       
F07:0008       	ldrb	R0,[R1,R5,lsr #12]
               S01:0000ECCC:  25 06 D1 E7
F07:0009       	add		R5,R5,R6
               S01:0000ECD0:  06 50 85 E0
F07:0010       	mov		R4,R13,lsl #8
               S01:0000ECD4:  0D 44 A0 E1
F07:0011       	subs	R0,R0,R4,lsr #24
               S01:0000ECD8:  24 0C 50 E0
F07:0012       	movmi	R0,#0
               S01:0000ECDC:  00 00 A0 43
F07:0013       	orr		R7,R7,R0,lsl #16
               S01:0000ECE0:  00 78 87 E1
F07:0014       
F07:0015       	ldrb	R0,[R1,R8,lsr #12]
               S01:0000ECE4:  28 06 D1 E7
F07:0016       	add		R8,R8,R9
               S01:0000ECE8:  09 80 88 E0
F07:0017       	mov		R4,R13,lsl #16
               S01:0000ECEC:  0D 48 A0 E1
F07:0018       	subs	R0,R0,R4, lsr #24
               S01:0000ECF0:  24 0C 50 E0
F07:0019       	movmi	R0,#0
               S01:0000ECF4:  00 00 A0 43
F07:0020       	orr		R7,R7,R0,lsl #8
               S01:0000ECF8:  00 74 87 E1
F07:0021       
F07:0022       	ldrb	R0,[R1,R11,lsr #12]
               S01:0000ECFC:  2B 06 D1 E7
F07:0023       	add		R11,R11,R12
               S01:0000ED00:  0C B0 8B E0
F07:0024       	mov		R4,R13,lsl #24
               S01:0000ED04:  0D 4C A0 E1
F07:0025       	subs	R0,R0,R4,lsr #24
               S01:0000ED08:  24 0C 50 E0
F07:0026       	movmi	R0,#0
               S01:0000ED0C:  00 00 A0 43
F07:0027       	orr		R7,R7,R0
               S01:0000ED10:  00 70 87 E1
F07:0028       
F07:0029       	str		R7,[R14],#4		
               S01:0000ED14:  04 70 8E E4
F07:0030       	
F07:0001       	ldrb	R0,[R1,R2,lsr #12]
               S01:0000ED18:  22 06 D1 E7
F07:0002       	add		R2,R2,R3
               S01:0000ED1C:  03 20 82 E0
F07:0003       	mov		R4,R13,lsr #24
               S01:0000ED20:  2D 4C A0 E1
F07:0004       	subs	R0,R0,R4
               S01:0000ED24:  04 00 50 E0
F07:0005       	movmi	R0,#0
               S01:0000ED28:  00 00 A0 43
F07:0006       	mov		R7,R0,lsl #24
               S01:0000ED2C:  00 7C A0 E1
F07:0007       
F07:0008       	ldrb	R0,[R1,R5,lsr #12]
               S01:0000ED30:  25 06 D1 E7
F07:0009       	add		R5,R5,R6
               S01:0000ED34:  06 50 85 E0
F07:0010       	mov		R4,R13,lsl #8
               S01:0000ED38:  0D 44 A0 E1
F07:0011       	subs	R0,R0,R4,lsr #24
               S01:0000ED3C:  24 0C 50 E0
F07:0012       	movmi	R0,#0
               S01:0000ED40:  00 00 A0 43
F07:0013       	orr		R7,R7,R0,lsl #16
               S01:0000ED44:  00 78 87 E1
F07:0014       
F07:0015       	ldrb	R0,[R1,R8,lsr #12]
               S01:0000ED48:  28 06 D1 E7
F07:0016       	add		R8,R8,R9
               S01:0000ED4C:  09 80 88 E0
F07:0017       	mov		R4,R13,lsl #16
               S01:0000ED50:  0D 48 A0 E1
F07:0018       	subs	R0,R0,R4, lsr #24
               S01:0000ED54:  24 0C 50 E0
F07:0019       	movmi	R0,#0
               S01:0000ED58:  00 00 A0 43
F07:0020       	orr		R7,R7,R0,lsl #8
               S01:0000ED5C:  00 74 87 E1
F07:0021       
F07:0022       	ldrb	R0,[R1,R11,lsr #12]
               S01:0000ED60:  2B 06 D1 E7
F07:0023       	add		R11,R11,R12
               S01:0000ED64:  0C B0 8B E0
F07:0024       	mov		R4,R13,lsl #24
               S01:0000ED68:  0D 4C A0 E1
F07:0025       	subs	R0,R0,R4,lsr #24
               S01:0000ED6C:  24 0C 50 E0
F07:0026       	movmi	R0,#0
               S01:0000ED70:  00 00 A0 43
F07:0027       	orr		R7,R7,R0
               S01:0000ED74:  00 70 87 E1
F07:0028       
F07:0029       	str		R7,[R14],#4		
               S01:0000ED78:  04 70 8E E4
F07:0030       	
F07:0001       	ldrb	R0,[R1,R2,lsr #12]
               S01:0000ED7C:  22 06 D1 E7
F07:0002       	add		R2,R2,R3
               S01:0000ED80:  03 20 82 E0
F07:0003       	mov		R4,R13,lsr #24
               S01:0000ED84:  2D 4C A0 E1
F07:0004       	subs	R0,R0,R4
               S01:0000ED88:  04 00 50 E0
F07:0005       	movmi	R0,#0
               S01:0000ED8C:  00 00 A0 43
F07:0006       	mov		R7,R0,lsl #24
               S01:0000ED90:  00 7C A0 E1
F07:0007       
F07:0008       	ldrb	R0,[R1,R5,lsr #12]
               S01:0000ED94:  25 06 D1 E7
F07:0009       	add		R5,R5,R6
               S01:0000ED98:  06 50 85 E0
F07:0010       	mov		R4,R13,lsl #8
               S01:0000ED9C:  0D 44 A0 E1
F07:0011       	subs	R0,R0,R4,lsr #24
               S01:0000EDA0:  24 0C 50 E0
F07:0012       	movmi	R0,#0
               S01:0000EDA4:  00 00 A0 43
F07:0013       	orr		R7,R7,R0,lsl #16
               S01:0000EDA8:  00 78 87 E1
F07:0014       
F07:0015       	ldrb	R0,[R1,R8,lsr #12]
               S01:0000EDAC:  28 06 D1 E7
F07:0016       	add		R8,R8,R9
               S01:0000EDB0:  09 80 88 E0
F07:0017       	mov		R4,R13,lsl #16
               S01:0000EDB4:  0D 48 A0 E1
F07:0018       	subs	R0,R0,R4, lsr #24
               S01:0000EDB8:  24 0C 50 E0
F07:0019       	movmi	R0,#0
               S01:0000EDBC:  00 00 A0 43
F07:0020       	orr		R7,R7,R0,lsl #8
               S01:0000EDC0:  00 74 87 E1
F07:0021       
F07:0022       	ldrb	R0,[R1,R11,lsr #12]
               S01:0000EDC4:  2B 06 D1 E7
F07:0023       	add		R11,R11,R12
               S01:0000EDC8:  0C B0 8B E0
F07:0024       	mov		R4,R13,lsl #24
               S01:0000EDCC:  0D 4C A0 E1
F07:0025       	subs	R0,R0,R4,lsr #24
               S01:0000EDD0:  24 0C 50 E0
F07:0026       	movmi	R0,#0
               S01:0000EDD4:  00 00 A0 43
F07:0027       	orr		R7,R7,R0
               S01:0000EDD8:  00 70 87 E1
F07:0028       
F07:0029       	str		R7,[R14],#4		
               S01:0000EDDC:  04 70 8E E4
F07:0030       	
F07:0001       	ldrb	R0,[R1,R2,lsr #12]
               S01:0000EDE0:  22 06 D1 E7
F07:0002       	add		R2,R2,R3
               S01:0000EDE4:  03 20 82 E0
F07:0003       	mov		R4,R13,lsr #24
               S01:0000EDE8:  2D 4C A0 E1
F07:0004       	subs	R0,R0,R4
               S01:0000EDEC:  04 00 50 E0
F07:0005       	movmi	R0,#0
               S01:0000EDF0:  00 00 A0 43
F07:0006       	mov		R7,R0,lsl #24
               S01:0000EDF4:  00 7C A0 E1
F07:0007       
F07:0008       	ldrb	R0,[R1,R5,lsr #12]
               S01:0000EDF8:  25 06 D1 E7
F07:0009       	add		R5,R5,R6
               S01:0000EDFC:  06 50 85 E0
F07:0010       	mov		R4,R13,lsl #8
               S01:0000EE00:  0D 44 A0 E1
F07:0011       	subs	R0,R0,R4,lsr #24
               S01:0000EE04:  24 0C 50 E0
F07:0012       	movmi	R0,#0
               S01:0000EE08:  00 00 A0 43
F07:0013       	orr		R7,R7,R0,lsl #16
               S01:0000EE0C:  00 78 87 E1
F07:0014       
F07:0015       	ldrb	R0,[R1,R8,lsr #12]
               S01:0000EE10:  28 06 D1 E7
F07:0016       	add		R8,R8,R9
               S01:0000EE14:  09 80 88 E0
F07:0017       	mov		R4,R13,lsl #16
               S01:0000EE18:  0D 48 A0 E1
F07:0018       	subs	R0,R0,R4, lsr #24
               S01:0000EE1C:  24 0C 50 E0
F07:0019       	movmi	R0,#0
               S01:0000EE20:  00 00 A0 43
F07:0020       	orr		R7,R7,R0,lsl #8
               S01:0000EE24:  00 74 87 E1
F07:0021       
F07:0022       	ldrb	R0,[R1,R11,lsr #12]
               S01:0000EE28:  2B 06 D1 E7
F07:0023       	add		R11,R11,R12
               S01:0000EE2C:  0C B0 8B E0
F07:0024       	mov		R4,R13,lsl #24
               S01:0000EE30:  0D 4C A0 E1
F07:0025       	subs	R0,R0,R4,lsr #24
               S01:0000EE34:  24 0C 50 E0
F07:0026       	movmi	R0,#0
               S01:0000EE38:  00 00 A0 43
F07:0027       	orr		R7,R7,R0
               S01:0000EE3C:  00 70 87 E1
F07:0028       
F07:0029       	str		R7,[R14],#4		
               S01:0000EE40:  04 70 8E E4
F07:0030       	
F07:0001       	ldrb	R0,[R1,R2,lsr #12]
               S01:0000EE44:  22 06 D1 E7
F07:0002       	add		R2,R2,R3
               S01:0000EE48:  03 20 82 E0
F07:0003       	mov		R4,R13,lsr #24
               S01:0000EE4C:  2D 4C A0 E1
F07:0004       	subs	R0,R0,R4
               S01:0000EE50:  04 00 50 E0
F07:0005       	movmi	R0,#0
               S01:0000EE54:  00 00 A0 43
F07:0006       	mov		R7,R0,lsl #24
               S01:0000EE58:  00 7C A0 E1
F07:0007       
F07:0008       	ldrb	R0,[R1,R5,lsr #12]
               S01:0000EE5C:  25 06 D1 E7
F07:0009       	add		R5,R5,R6
               S01:0000EE60:  06 50 85 E0
F07:0010       	mov		R4,R13,lsl #8
               S01:0000EE64:  0D 44 A0 E1
F07:0011       	subs	R0,R0,R4,lsr #24
               S01:0000EE68:  24 0C 50 E0
F07:0012       	movmi	R0,#0
               S01:0000EE6C:  00 00 A0 43
F07:0013       	orr		R7,R7,R0,lsl #16
               S01:0000EE70:  00 78 87 E1
F07:0014       
F07:0015       	ldrb	R0,[R1,R8,lsr #12]
               S01:0000EE74:  28 06 D1 E7
F07:0016       	add		R8,R8,R9
               S01:0000EE78:  09 80 88 E0
F07:0017       	mov		R4,R13,lsl #16
               S01:0000EE7C:  0D 48 A0 E1
F07:0018       	subs	R0,R0,R4, lsr #24
               S01:0000EE80:  24 0C 50 E0
F07:0019       	movmi	R0,#0
               S01:0000EE84:  00 00 A0 43
F07:0020       	orr		R7,R7,R0,lsl #8
               S01:0000EE88:  00 74 87 E1
F07:0021       
F07:0022       	ldrb	R0,[R1,R11,lsr #12]
               S01:0000EE8C:  2B 06 D1 E7
F07:0023       	add		R11,R11,R12
               S01:0000EE90:  0C B0 8B E0
F07:0024       	mov		R4,R13,lsl #24
               S01:0000EE94:  0D 4C A0 E1
F07:0025       	subs	R0,R0,R4,lsr #24
               S01:0000EE98:  24 0C 50 E0
F07:0026       	movmi	R0,#0
               S01:0000EE9C:  00 00 A0 43
F07:0027       	orr		R7,R7,R0
               S01:0000EEA0:  00 70 87 E1
F07:0028       
F07:0029       	str		R7,[R14],#4		
               S01:0000EEA4:  04 70 8E E4
F07:0030       	
F07:0001       	ldrb	R0,[R1,R2,lsr #12]
               S01:0000EEA8:  22 06 D1 E7
F07:0002       	add		R2,R2,R3
               S01:0000EEAC:  03 20 82 E0
F07:0003       	mov		R4,R13,lsr #24
               S01:0000EEB0:  2D 4C A0 E1
F07:0004       	subs	R0,R0,R4
               S01:0000EEB4:  04 00 50 E0
F07:0005       	movmi	R0,#0
               S01:0000EEB8:  00 00 A0 43
F07:0006       	mov		R7,R0,lsl #24
               S01:0000EEBC:  00 7C A0 E1
F07:0007       
F07:0008       	ldrb	R0,[R1,R5,lsr #12]
               S01:0000EEC0:  25 06 D1 E7
F07:0009       	add		R5,R5,R6
               S01:0000EEC4:  06 50 85 E0
F07:0010       	mov		R4,R13,lsl #8
               S01:0000EEC8:  0D 44 A0 E1
F07:0011       	subs	R0,R0,R4,lsr #24
               S01:0000EECC:  24 0C 50 E0
F07:0012       	movmi	R0,#0
               S01:0000EED0:  00 00 A0 43
F07:0013       	orr		R7,R7,R0,lsl #16
               S01:0000EED4:  00 78 87 E1
F07:0014       
F07:0015       	ldrb	R0,[R1,R8,lsr #12]
               S01:0000EED8:  28 06 D1 E7
F07:0016       	add		R8,R8,R9
               S01:0000EEDC:  09 80 88 E0
F07:0017       	mov		R4,R13,lsl #16
               S01:0000EEE0:  0D 48 A0 E1
F07:0018       	subs	R0,R0,R4, lsr #24
               S01:0000EEE4:  24 0C 50 E0
F07:0019       	movmi	R0,#0
               S01:0000EEE8:  00 00 A0 43
F07:0020       	orr		R7,R7,R0,lsl #8
               S01:0000EEEC:  00 74 87 E1
F07:0021       
F07:0022       	ldrb	R0,[R1,R11,lsr #12]
               S01:0000EEF0:  2B 06 D1 E7
F07:0023       	add		R11,R11,R12
               S01:0000EEF4:  0C B0 8B E0
F07:0024       	mov		R4,R13,lsl #24
               S01:0000EEF8:  0D 4C A0 E1
F07:0025       	subs	R0,R0,R4,lsr #24
               S01:0000EEFC:  24 0C 50 E0
F07:0026       	movmi	R0,#0
               S01:0000EF00:  00 00 A0 43
F07:0027       	orr		R7,R7,R0
               S01:0000EF04:  00 70 87 E1
F07:0028       
F07:0029       	str		R7,[R14],#4		
               S01:0000EF08:  04 70 8E E4
F07:0030       	
F07:0001       	ldrb	R0,[R1,R2,lsr #12]
               S01:0000EF0C:  22 06 D1 E7
F07:0002       	add		R2,R2,R3
               S01:0000EF10:  03 20 82 E0
F07:0003       	mov		R4,R13,lsr #24
               S01:0000EF14:  2D 4C A0 E1
F07:0004       	subs	R0,R0,R4
               S01:0000EF18:  04 00 50 E0
F07:0005       	movmi	R0,#0
               S01:0000EF1C:  00 00 A0 43
F07:0006       	mov		R7,R0,lsl #24
               S01:0000EF20:  00 7C A0 E1
F07:0007       
F07:0008       	ldrb	R0,[R1,R5,lsr #12]
               S01:0000EF24:  25 06 D1 E7
F07:0009       	add		R5,R5,R6
               S01:0000EF28:  06 50 85 E0
F07:0010       	mov		R4,R13,lsl #8
               S01:0000EF2C:  0D 44 A0 E1
F07:0011       	subs	R0,R0,R4,lsr #24
               S01:0000EF30:  24 0C 50 E0
F07:0012       	movmi	R0,#0
               S01:0000EF34:  00 00 A0 43
F07:0013       	orr		R7,R7,R0,lsl #16
               S01:0000EF38:  00 78 87 E1
F07:0014       
F07:0015       	ldrb	R0,[R1,R8,lsr #12]
               S01:0000EF3C:  28 06 D1 E7
F07:0016       	add		R8,R8,R9
               S01:0000EF40:  09 80 88 E0
F07:0017       	mov		R4,R13,lsl #16
               S01:0000EF44:  0D 48 A0 E1
F07:0018       	subs	R0,R0,R4, lsr #24
               S01:0000EF48:  24 0C 50 E0
F07:0019       	movmi	R0,#0
               S01:0000EF4C:  00 00 A0 43
F07:0020       	orr		R7,R7,R0,lsl #8
               S01:0000EF50:  00 74 87 E1
F07:0021       
F07:0022       	ldrb	R0,[R1,R11,lsr #12]
               S01:0000EF54:  2B 06 D1 E7
F07:0023       	add		R11,R11,R12
               S01:0000EF58:  0C B0 8B E0
F07:0024       	mov		R4,R13,lsl #24
               S01:0000EF5C:  0D 4C A0 E1
F07:0025       	subs	R0,R0,R4,lsr #24
               S01:0000EF60:  24 0C 50 E0
F07:0026       	movmi	R0,#0
               S01:0000EF64:  00 00 A0 43
F07:0027       	orr		R7,R7,R0
               S01:0000EF68:  00 70 87 E1
F07:0028       
F07:0029       	str		R7,[R14],#4		
               S01:0000EF6C:  04 70 8E E4
F07:0030       	
F07:0001       	ldrb	R0,[R1,R2,lsr #12]
               S01:0000EF70:  22 06 D1 E7
F07:0002       	add		R2,R2,R3
               S01:0000EF74:  03 20 82 E0
F07:0003       	mov		R4,R13,lsr #24
               S01:0000EF78:  2D 4C A0 E1
F07:0004       	subs	R0,R0,R4
               S01:0000EF7C:  04 00 50 E0
F07:0005       	movmi	R0,#0
               S01:0000EF80:  00 00 A0 43
F07:0006       	mov		R7,R0,lsl #24
               S01:0000EF84:  00 7C A0 E1
F07:0007       
F07:0008       	ldrb	R0,[R1,R5,lsr #12]
               S01:0000EF88:  25 06 D1 E7
F07:0009       	add		R5,R5,R6
               S01:0000EF8C:  06 50 85 E0
F07:0010       	mov		R4,R13,lsl #8
               S01:0000EF90:  0D 44 A0 E1
F07:0011       	subs	R0,R0,R4,lsr #24
               S01:0000EF94:  24 0C 50 E0
F07:0012       	movmi	R0,#0
               S01:0000EF98:  00 00 A0 43
F07:0013       	orr		R7,R7,R0,lsl #16
               S01:0000EF9C:  00 78 87 E1
F07:0014       
F07:0015       	ldrb	R0,[R1,R8,lsr #12]
               S01:0000EFA0:  28 06 D1 E7
F07:0016       	add		R8,R8,R9
               S01:0000EFA4:  09 80 88 E0
F07:0017       	mov		R4,R13,lsl #16
               S01:0000EFA8:  0D 48 A0 E1
F07:0018       	subs	R0,R0,R4, lsr #24
               S01:0000EFAC:  24 0C 50 E0
F07:0019       	movmi	R0,#0
               S01:0000EFB0:  00 00 A0 43
F07:0020       	orr		R7,R7,R0,lsl #8
               S01:0000EFB4:  00 74 87 E1
F07:0021       
F07:0022       	ldrb	R0,[R1,R11,lsr #12]
               S01:0000EFB8:  2B 06 D1 E7
F07:0023       	add		R11,R11,R12
               S01:0000EFBC:  0C B0 8B E0
F07:0024       	mov		R4,R13,lsl #24
               S01:0000EFC0:  0D 4C A0 E1
F07:0025       	subs	R0,R0,R4,lsr #24
               S01:0000EFC4:  24 0C 50 E0
F07:0026       	movmi	R0,#0
               S01:0000EFC8:  00 00 A0 43
F07:0027       	orr		R7,R7,R0
               S01:0000EFCC:  00 70 87 E1
F07:0028       
F07:0029       	str		R7,[R14],#4		
               S01:0000EFD0:  04 70 8E E4
F07:0030       	
F07:0001       	ldrb	R0,[R1,R2,lsr #12]
               S01:0000EFD4:  22 06 D1 E7
F07:0002       	add		R2,R2,R3
               S01:0000EFD8:  03 20 82 E0
F07:0003       	mov		R4,R13,lsr #24
               S01:0000EFDC:  2D 4C A0 E1
F07:0004       	subs	R0,R0,R4
               S01:0000EFE0:  04 00 50 E0
F07:0005       	movmi	R0,#0
               S01:0000EFE4:  00 00 A0 43
F07:0006       	mov		R7,R0,lsl #24
               S01:0000EFE8:  00 7C A0 E1
F07:0007       
F07:0008       	ldrb	R0,[R1,R5,lsr #12]
               S01:0000EFEC:  25 06 D1 E7
F07:0009       	add		R5,R5,R6
               S01:0000EFF0:  06 50 85 E0
F07:0010       	mov		R4,R13,lsl #8
               S01:0000EFF4:  0D 44 A0 E1
F07:0011       	subs	R0,R0,R4,lsr #24
               S01:0000EFF8:  24 0C 50 E0
F07:0012       	movmi	R0,#0
               S01:0000EFFC:  00 00 A0 43
F07:0013       	orr		R7,R7,R0,lsl #16
               S01:0000F000:  00 78 87 E1
F07:0014       
F07:0015       	ldrb	R0,[R1,R8,lsr #12]
               S01:0000F004:  28 06 D1 E7
F07:0016       	add		R8,R8,R9
               S01:0000F008:  09 80 88 E0
F07:0017       	mov		R4,R13,lsl #16
               S01:0000F00C:  0D 48 A0 E1
F07:0018       	subs	R0,R0,R4, lsr #24
               S01:0000F010:  24 0C 50 E0
F07:0019       	movmi	R0,#0
               S01:0000F014:  00 00 A0 43
F07:0020       	orr		R7,R7,R0,lsl #8
               S01:0000F018:  00 74 87 E1
F07:0021       
F07:0022       	ldrb	R0,[R1,R11,lsr #12]
               S01:0000F01C:  2B 06 D1 E7
F07:0023       	add		R11,R11,R12
               S01:0000F020:  0C B0 8B E0
F07:0024       	mov		R4,R13,lsl #24
               S01:0000F024:  0D 4C A0 E1
F07:0025       	subs	R0,R0,R4,lsr #24
               S01:0000F028:  24 0C 50 E0
F07:0026       	movmi	R0,#0
               S01:0000F02C:  00 00 A0 43
F07:0027       	orr		R7,R7,R0
               S01:0000F030:  00 70 87 E1
F07:0028       
F07:0029       	str		R7,[R14],#4		
               S01:0000F034:  04 70 8E E4
F07:0030       	
F07:0001       	ldrb	R0,[R1,R2,lsr #12]
               S01:0000F038:  22 06 D1 E7
F07:0002       	add		R2,R2,R3
               S01:0000F03C:  03 20 82 E0
F07:0003       	mov		R4,R13,lsr #24
               S01:0000F040:  2D 4C A0 E1
F07:0004       	subs	R0,R0,R4
               S01:0000F044:  04 00 50 E0
F07:0005       	movmi	R0,#0
               S01:0000F048:  00 00 A0 43
F07:0006       	mov		R7,R0,lsl #24
               S01:0000F04C:  00 7C A0 E1
F07:0007       
F07:0008       	ldrb	R0,[R1,R5,lsr #12]
               S01:0000F050:  25 06 D1 E7
F07:0009       	add		R5,R5,R6
               S01:0000F054:  06 50 85 E0
F07:0010       	mov		R4,R13,lsl #8
               S01:0000F058:  0D 44 A0 E1
F07:0011       	subs	R0,R0,R4,lsr #24
               S01:0000F05C:  24 0C 50 E0
F07:0012       	movmi	R0,#0
               S01:0000F060:  00 00 A0 43
F07:0013       	orr		R7,R7,R0,lsl #16
               S01:0000F064:  00 78 87 E1
F07:0014       
F07:0015       	ldrb	R0,[R1,R8,lsr #12]
               S01:0000F068:  28 06 D1 E7
F07:0016       	add		R8,R8,R9
               S01:0000F06C:  09 80 88 E0
F07:0017       	mov		R4,R13,lsl #16
               S01:0000F070:  0D 48 A0 E1
F07:0018       	subs	R0,R0,R4, lsr #24
               S01:0000F074:  24 0C 50 E0
F07:0019       	movmi	R0,#0
               S01:0000F078:  00 00 A0 43
F07:0020       	orr		R7,R7,R0,lsl #8
               S01:0000F07C:  00 74 87 E1
F07:0021       
F07:0022       	ldrb	R0,[R1,R11,lsr #12]
               S01:0000F080:  2B 06 D1 E7
F07:0023       	add		R11,R11,R12
               S01:0000F084:  0C B0 8B E0
F07:0024       	mov		R4,R13,lsl #24
               S01:0000F088:  0D 4C A0 E1
F07:0025       	subs	R0,R0,R4,lsr #24
               S01:0000F08C:  24 0C 50 E0
F07:0026       	movmi	R0,#0
               S01:0000F090:  00 00 A0 43
F07:0027       	orr		R7,R7,R0
               S01:0000F094:  00 70 87 E1
F07:0028       
F07:0029       	str		R7,[R14],#4		
               S01:0000F098:  04 70 8E E4
F07:0030       	
F07:0001       	ldrb	R0,[R1,R2,lsr #12]
               S01:0000F09C:  22 06 D1 E7
F07:0002       	add		R2,R2,R3
               S01:0000F0A0:  03 20 82 E0
F07:0003       	mov		R4,R13,lsr #24
               S01:0000F0A4:  2D 4C A0 E1
F07:0004       	subs	R0,R0,R4
               S01:0000F0A8:  04 00 50 E0
F07:0005       	movmi	R0,#0
               S01:0000F0AC:  00 00 A0 43
F07:0006       	mov		R7,R0,lsl #24
               S01:0000F0B0:  00 7C A0 E1
F07:0007       
F07:0008       	ldrb	R0,[R1,R5,lsr #12]
               S01:0000F0B4:  25 06 D1 E7
F07:0009       	add		R5,R5,R6
               S01:0000F0B8:  06 50 85 E0
F07:0010       	mov		R4,R13,lsl #8
               S01:0000F0BC:  0D 44 A0 E1
F07:0011       	subs	R0,R0,R4,lsr #24
               S01:0000F0C0:  24 0C 50 E0
F07:0012       	movmi	R0,#0
               S01:0000F0C4:  00 00 A0 43
F07:0013       	orr		R7,R7,R0,lsl #16
               S01:0000F0C8:  00 78 87 E1
F07:0014       
F07:0015       	ldrb	R0,[R1,R8,lsr #12]
               S01:0000F0CC:  28 06 D1 E7
F07:0016       	add		R8,R8,R9
               S01:0000F0D0:  09 80 88 E0
F07:0017       	mov		R4,R13,lsl #16
               S01:0000F0D4:  0D 48 A0 E1
F07:0018       	subs	R0,R0,R4, lsr #24
               S01:0000F0D8:  24 0C 50 E0
F07:0019       	movmi	R0,#0
               S01:0000F0DC:  00 00 A0 43
F07:0020       	orr		R7,R7,R0,lsl #8
               S01:0000F0E0:  00 74 87 E1
F07:0021       
F07:0022       	ldrb	R0,[R1,R11,lsr #12]
               S01:0000F0E4:  2B 06 D1 E7
F07:0023       	add		R11,R11,R12
               S01:0000F0E8:  0C B0 8B E0
F07:0024       	mov		R4,R13,lsl #24
               S01:0000F0EC:  0D 4C A0 E1
F07:0025       	subs	R0,R0,R4,lsr #24
               S01:0000F0F0:  24 0C 50 E0
F07:0026       	movmi	R0,#0
               S01:0000F0F4:  00 00 A0 43
F07:0027       	orr		R7,R7,R0
               S01:0000F0F8:  00 70 87 E1
F07:0028       
F07:0029       	str		R7,[R14],#4		
               S01:0000F0FC:  04 70 8E E4
F07:0030       	
F07:0001       	ldrb	R0,[R1,R2,lsr #12]
               S01:0000F100:  22 06 D1 E7
F07:0002       	add		R2,R2,R3
               S01:0000F104:  03 20 82 E0
F07:0003       	mov		R4,R13,lsr #24
               S01:0000F108:  2D 4C A0 E1
F07:0004       	subs	R0,R0,R4
               S01:0000F10C:  04 00 50 E0
F07:0005       	movmi	R0,#0
               S01:0000F110:  00 00 A0 43
F07:0006       	mov		R7,R0,lsl #24
               S01:0000F114:  00 7C A0 E1
F07:0007       
F07:0008       	ldrb	R0,[R1,R5,lsr #12]
               S01:0000F118:  25 06 D1 E7
F07:0009       	add		R5,R5,R6
               S01:0000F11C:  06 50 85 E0
F07:0010       	mov		R4,R13,lsl #8
               S01:0000F120:  0D 44 A0 E1
F07:0011       	subs	R0,R0,R4,lsr #24
               S01:0000F124:  24 0C 50 E0
F07:0012       	movmi	R0,#0
               S01:0000F128:  00 00 A0 43
F07:0013       	orr		R7,R7,R0,lsl #16
               S01:0000F12C:  00 78 87 E1
F07:0014       
F07:0015       	ldrb	R0,[R1,R8,lsr #12]
               S01:0000F130:  28 06 D1 E7
F07:0016       	add		R8,R8,R9
               S01:0000F134:  09 80 88 E0
F07:0017       	mov		R4,R13,lsl #16
               S01:0000F138:  0D 48 A0 E1
F07:0018       	subs	R0,R0,R4, lsr #24
               S01:0000F13C:  24 0C 50 E0
F07:0019       	movmi	R0,#0
               S01:0000F140:  00 00 A0 43
F07:0020       	orr		R7,R7,R0,lsl #8
               S01:0000F144:  00 74 87 E1
F07:0021       
F07:0022       	ldrb	R0,[R1,R11,lsr #12]
               S01:0000F148:  2B 06 D1 E7
F07:0023       	add		R11,R11,R12
               S01:0000F14C:  0C B0 8B E0
F07:0024       	mov		R4,R13,lsl #24
               S01:0000F150:  0D 4C A0 E1
F07:0025       	subs	R0,R0,R4,lsr #24
               S01:0000F154:  24 0C 50 E0
F07:0026       	movmi	R0,#0
               S01:0000F158:  00 00 A0 43
F07:0027       	orr		R7,R7,R0
               S01:0000F15C:  00 70 87 E1
F07:0028       
F07:0029       	str		R7,[R14],#4		
               S01:0000F160:  04 70 8E E4
F07:0030       	
F07:0001       	ldrb	R0,[R1,R2,lsr #12]
               S01:0000F164:  22 06 D1 E7
F07:0002       	add		R2,R2,R3
               S01:0000F168:  03 20 82 E0
F07:0003       	mov		R4,R13,lsr #24
               S01:0000F16C:  2D 4C A0 E1
F07:0004       	subs	R0,R0,R4
               S01:0000F170:  04 00 50 E0
F07:0005       	movmi	R0,#0
               S01:0000F174:  00 00 A0 43
F07:0006       	mov		R7,R0,lsl #24
               S01:0000F178:  00 7C A0 E1
F07:0007       
F07:0008       	ldrb	R0,[R1,R5,lsr #12]
               S01:0000F17C:  25 06 D1 E7
F07:0009       	add		R5,R5,R6
               S01:0000F180:  06 50 85 E0
F07:0010       	mov		R4,R13,lsl #8
               S01:0000F184:  0D 44 A0 E1
F07:0011       	subs	R0,R0,R4,lsr #24
               S01:0000F188:  24 0C 50 E0
F07:0012       	movmi	R0,#0
               S01:0000F18C:  00 00 A0 43
F07:0013       	orr		R7,R7,R0,lsl #16
               S01:0000F190:  00 78 87 E1
F07:0014       
F07:0015       	ldrb	R0,[R1,R8,lsr #12]
               S01:0000F194:  28 06 D1 E7
F07:0016       	add		R8,R8,R9
               S01:0000F198:  09 80 88 E0
F07:0017       	mov		R4,R13,lsl #16
               S01:0000F19C:  0D 48 A0 E1
F07:0018       	subs	R0,R0,R4, lsr #24
               S01:0000F1A0:  24 0C 50 E0
F07:0019       	movmi	R0,#0
               S01:0000F1A4:  00 00 A0 43
F07:0020       	orr		R7,R7,R0,lsl #8
               S01:0000F1A8:  00 74 87 E1
F07:0021       
F07:0022       	ldrb	R0,[R1,R11,lsr #12]
               S01:0000F1AC:  2B 06 D1 E7
F07:0023       	add		R11,R11,R12
               S01:0000F1B0:  0C B0 8B E0
F07:0024       	mov		R4,R13,lsl #24
               S01:0000F1B4:  0D 4C A0 E1
F07:0025       	subs	R0,R0,R4,lsr #24
               S01:0000F1B8:  24 0C 50 E0
F07:0026       	movmi	R0,#0
               S01:0000F1BC:  00 00 A0 43
F07:0027       	orr		R7,R7,R0
               S01:0000F1C0:  00 70 87 E1
F07:0028       
F07:0029       	str		R7,[R14],#4		
               S01:0000F1C4:  04 70 8E E4
F07:0030       	
F07:0001       	ldrb	R0,[R1,R2,lsr #12]
               S01:0000F1C8:  22 06 D1 E7
F07:0002       	add		R2,R2,R3
               S01:0000F1CC:  03 20 82 E0
F07:0003       	mov		R4,R13,lsr #24
               S01:0000F1D0:  2D 4C A0 E1
F07:0004       	subs	R0,R0,R4
               S01:0000F1D4:  04 00 50 E0
F07:0005       	movmi	R0,#0
               S01:0000F1D8:  00 00 A0 43
F07:0006       	mov		R7,R0,lsl #24
               S01:0000F1DC:  00 7C A0 E1
F07:0007       
F07:0008       	ldrb	R0,[R1,R5,lsr #12]
               S01:0000F1E0:  25 06 D1 E7
F07:0009       	add		R5,R5,R6
               S01:0000F1E4:  06 50 85 E0
F07:0010       	mov		R4,R13,lsl #8
               S01:0000F1E8:  0D 44 A0 E1
F07:0011       	subs	R0,R0,R4,lsr #24
               S01:0000F1EC:  24 0C 50 E0
F07:0012       	movmi	R0,#0
               S01:0000F1F0:  00 00 A0 43
F07:0013       	orr		R7,R7,R0,lsl #16
               S01:0000F1F4:  00 78 87 E1
F07:0014       
F07:0015       	ldrb	R0,[R1,R8,lsr #12]
               S01:0000F1F8:  28 06 D1 E7
F07:0016       	add		R8,R8,R9
               S01:0000F1FC:  09 80 88 E0
F07:0017       	mov		R4,R13,lsl #16
               S01:0000F200:  0D 48 A0 E1
F07:0018       	subs	R0,R0,R4, lsr #24
               S01:0000F204:  24 0C 50 E0
F07:0019       	movmi	R0,#0
               S01:0000F208:  00 00 A0 43
F07:0020       	orr		R7,R7,R0,lsl #8
               S01:0000F20C:  00 74 87 E1
F07:0021       
F07:0022       	ldrb	R0,[R1,R11,lsr #12]
               S01:0000F210:  2B 06 D1 E7
F07:0023       	add		R11,R11,R12
               S01:0000F214:  0C B0 8B E0
F07:0024       	mov		R4,R13,lsl #24
               S01:0000F218:  0D 4C A0 E1
F07:0025       	subs	R0,R0,R4,lsr #24
               S01:0000F21C:  24 0C 50 E0
F07:0026       	movmi	R0,#0
               S01:0000F220:  00 00 A0 43
F07:0027       	orr		R7,R7,R0
               S01:0000F224:  00 70 87 E1
F07:0028       
F07:0029       	str		R7,[R14],#4		
               S01:0000F228:  04 70 8E E4
F07:0030       	
F07:0001       	ldrb	R0,[R1,R2,lsr #12]
               S01:0000F22C:  22 06 D1 E7
F07:0002       	add		R2,R2,R3
               S01:0000F230:  03 20 82 E0
F07:0003       	mov		R4,R13,lsr #24
               S01:0000F234:  2D 4C A0 E1
F07:0004       	subs	R0,R0,R4
               S01:0000F238:  04 00 50 E0
F07:0005       	movmi	R0,#0
               S01:0000F23C:  00 00 A0 43
F07:0006       	mov		R7,R0,lsl #24
               S01:0000F240:  00 7C A0 E1
F07:0007       
F07:0008       	ldrb	R0,[R1,R5,lsr #12]
               S01:0000F244:  25 06 D1 E7
F07:0009       	add		R5,R5,R6
               S01:0000F248:  06 50 85 E0
F07:0010       	mov		R4,R13,lsl #8
               S01:0000F24C:  0D 44 A0 E1
F07:0011       	subs	R0,R0,R4,lsr #24
               S01:0000F250:  24 0C 50 E0
F07:0012       	movmi	R0,#0
               S01:0000F254:  00 00 A0 43
F07:0013       	orr		R7,R7,R0,lsl #16
               S01:0000F258:  00 78 87 E1
F07:0014       
F07:0015       	ldrb	R0,[R1,R8,lsr #12]
               S01:0000F25C:  28 06 D1 E7
F07:0016       	add		R8,R8,R9
               S01:0000F260:  09 80 88 E0
F07:0017       	mov		R4,R13,lsl #16
               S01:0000F264:  0D 48 A0 E1
F07:0018       	subs	R0,R0,R4, lsr #24
               S01:0000F268:  24 0C 50 E0
F07:0019       	movmi	R0,#0
               S01:0000F26C:  00 00 A0 43
F07:0020       	orr		R7,R7,R0,lsl #8
               S01:0000F270:  00 74 87 E1
F07:0021       
F07:0022       	ldrb	R0,[R1,R11,lsr #12]
               S01:0000F274:  2B 06 D1 E7
F07:0023       	add		R11,R11,R12
               S01:0000F278:  0C B0 8B E0
F07:0024       	mov		R4,R13,lsl #24
               S01:0000F27C:  0D 4C A0 E1
F07:0025       	subs	R0,R0,R4,lsr #24
               S01:0000F280:  24 0C 50 E0
F07:0026       	movmi	R0,#0
               S01:0000F284:  00 00 A0 43
F07:0027       	orr		R7,R7,R0
               S01:0000F288:  00 70 87 E1
F07:0028       
F07:0029       	str		R7,[R14],#4		
               S01:0000F28C:  04 70 8E E4
F07:0030       	
F07:0001       	ldrb	R0,[R1,R2,lsr #12]
               S01:0000F290:  22 06 D1 E7
F07:0002       	add		R2,R2,R3
               S01:0000F294:  03 20 82 E0
F07:0003       	mov		R4,R13,lsr #24
               S01:0000F298:  2D 4C A0 E1
F07:0004       	subs	R0,R0,R4
               S01:0000F29C:  04 00 50 E0
F07:0005       	movmi	R0,#0
               S01:0000F2A0:  00 00 A0 43
F07:0006       	mov		R7,R0,lsl #24
               S01:0000F2A4:  00 7C A0 E1
F07:0007       
F07:0008       	ldrb	R0,[R1,R5,lsr #12]
               S01:0000F2A8:  25 06 D1 E7
F07:0009       	add		R5,R5,R6
               S01:0000F2AC:  06 50 85 E0
F07:0010       	mov		R4,R13,lsl #8
               S01:0000F2B0:  0D 44 A0 E1
F07:0011       	subs	R0,R0,R4,lsr #24
               S01:0000F2B4:  24 0C 50 E0
F07:0012       	movmi	R0,#0
               S01:0000F2B8:  00 00 A0 43
F07:0013       	orr		R7,R7,R0,lsl #16
               S01:0000F2BC:  00 78 87 E1
F07:0014       
F07:0015       	ldrb	R0,[R1,R8,lsr #12]
               S01:0000F2C0:  28 06 D1 E7
F07:0016       	add		R8,R8,R9
               S01:0000F2C4:  09 80 88 E0
F07:0017       	mov		R4,R13,lsl #16
               S01:0000F2C8:  0D 48 A0 E1
F07:0018       	subs	R0,R0,R4, lsr #24
               S01:0000F2CC:  24 0C 50 E0
F07:0019       	movmi	R0,#0
               S01:0000F2D0:  00 00 A0 43
F07:0020       	orr		R7,R7,R0,lsl #8
               S01:0000F2D4:  00 74 87 E1
F07:0021       
F07:0022       	ldrb	R0,[R1,R11,lsr #12]
               S01:0000F2D8:  2B 06 D1 E7
F07:0023       	add		R11,R11,R12
               S01:0000F2DC:  0C B0 8B E0
F07:0024       	mov		R4,R13,lsl #24
               S01:0000F2E0:  0D 4C A0 E1
F07:0025       	subs	R0,R0,R4,lsr #24
               S01:0000F2E4:  24 0C 50 E0
F07:0026       	movmi	R0,#0
               S01:0000F2E8:  00 00 A0 43
F07:0027       	orr		R7,R7,R0
               S01:0000F2EC:  00 70 87 E1
F07:0028       
F07:0029       	str		R7,[R14],#4		
               S01:0000F2F0:  04 70 8E E4
F07:0030       	
F07:0001       	ldrb	R0,[R1,R2,lsr #12]
               S01:0000F2F4:  22 06 D1 E7
F07:0002       	add		R2,R2,R3
               S01:0000F2F8:  03 20 82 E0
F07:0003       	mov		R4,R13,lsr #24
               S01:0000F2FC:  2D 4C A0 E1
F07:0004       	subs	R0,R0,R4
               S01:0000F300:  04 00 50 E0
F07:0005       	movmi	R0,#0
               S01:0000F304:  00 00 A0 43
F07:0006       	mov		R7,R0,lsl #24
               S01:0000F308:  00 7C A0 E1
F07:0007       
F07:0008       	ldrb	R0,[R1,R5,lsr #12]
               S01:0000F30C:  25 06 D1 E7
F07:0009       	add		R5,R5,R6
               S01:0000F310:  06 50 85 E0
F07:0010       	mov		R4,R13,lsl #8
               S01:0000F314:  0D 44 A0 E1
F07:0011       	subs	R0,R0,R4,lsr #24
               S01:0000F318:  24 0C 50 E0
F07:0012       	movmi	R0,#0
               S01:0000F31C:  00 00 A0 43
F07:0013       	orr		R7,R7,R0,lsl #16
               S01:0000F320:  00 78 87 E1
F07:0014       
F07:0015       	ldrb	R0,[R1,R8,lsr #12]
               S01:0000F324:  28 06 D1 E7
F07:0016       	add		R8,R8,R9
               S01:0000F328:  09 80 88 E0
F07:0017       	mov		R4,R13,lsl #16
               S01:0000F32C:  0D 48 A0 E1
F07:0018       	subs	R0,R0,R4, lsr #24
               S01:0000F330:  24 0C 50 E0
F07:0019       	movmi	R0,#0
               S01:0000F334:  00 00 A0 43
F07:0020       	orr		R7,R7,R0,lsl #8
               S01:0000F338:  00 74 87 E1
F07:0021       
F07:0022       	ldrb	R0,[R1,R11,lsr #12]
               S01:0000F33C:  2B 06 D1 E7
F07:0023       	add		R11,R11,R12
               S01:0000F340:  0C B0 8B E0
F07:0024       	mov		R4,R13,lsl #24
               S01:0000F344:  0D 4C A0 E1
F07:0025       	subs	R0,R0,R4,lsr #24
               S01:0000F348:  24 0C 50 E0
F07:0026       	movmi	R0,#0
               S01:0000F34C:  00 00 A0 43
F07:0027       	orr		R7,R7,R0
               S01:0000F350:  00 70 87 E1
F07:0028       
F07:0029       	str		R7,[R14],#4		
               S01:0000F354:  04 70 8E E4
F07:0030       	
F07:0001       	ldrb	R0,[R1,R2,lsr #12]
               S01:0000F358:  22 06 D1 E7
F07:0002       	add		R2,R2,R3
               S01:0000F35C:  03 20 82 E0
F07:0003       	mov		R4,R13,lsr #24
               S01:0000F360:  2D 4C A0 E1
F07:0004       	subs	R0,R0,R4
               S01:0000F364:  04 00 50 E0
F07:0005       	movmi	R0,#0
               S01:0000F368:  00 00 A0 43
F07:0006       	mov		R7,R0,lsl #24
               S01:0000F36C:  00 7C A0 E1
F07:0007       
F07:0008       	ldrb	R0,[R1,R5,lsr #12]
               S01:0000F370:  25 06 D1 E7
F07:0009       	add		R5,R5,R6
               S01:0000F374:  06 50 85 E0
F07:0010       	mov		R4,R13,lsl #8
               S01:0000F378:  0D 44 A0 E1
F07:0011       	subs	R0,R0,R4,lsr #24
               S01:0000F37C:  24 0C 50 E0
F07:0012       	movmi	R0,#0
               S01:0000F380:  00 00 A0 43
F07:0013       	orr		R7,R7,R0,lsl #16
               S01:0000F384:  00 78 87 E1
F07:0014       
F07:0015       	ldrb	R0,[R1,R8,lsr #12]
               S01:0000F388:  28 06 D1 E7
F07:0016       	add		R8,R8,R9
               S01:0000F38C:  09 80 88 E0
F07:0017       	mov		R4,R13,lsl #16
               S01:0000F390:  0D 48 A0 E1
F07:0018       	subs	R0,R0,R4, lsr #24
               S01:0000F394:  24 0C 50 E0
F07:0019       	movmi	R0,#0
               S01:0000F398:  00 00 A0 43
F07:0020       	orr		R7,R7,R0,lsl #8
               S01:0000F39C:  00 74 87 E1
F07:0021       
F07:0022       	ldrb	R0,[R1,R11,lsr #12]
               S01:0000F3A0:  2B 06 D1 E7
F07:0023       	add		R11,R11,R12
               S01:0000F3A4:  0C B0 8B E0
F07:0024       	mov		R4,R13,lsl #24
               S01:0000F3A8:  0D 4C A0 E1
F07:0025       	subs	R0,R0,R4,lsr #24
               S01:0000F3AC:  24 0C 50 E0
F07:0026       	movmi	R0,#0
               S01:0000F3B0:  00 00 A0 43
F07:0027       	orr		R7,R7,R0
               S01:0000F3B4:  00 70 87 E1
F07:0028       
F07:0029       	str		R7,[R14],#4		
               S01:0000F3B8:  04 70 8E E4
F07:0030       	
F07:0001       	ldrb	R0,[R1,R2,lsr #12]
               S01:0000F3BC:  22 06 D1 E7
F07:0002       	add		R2,R2,R3
               S01:0000F3C0:  03 20 82 E0
F07:0003       	mov		R4,R13,lsr #24
               S01:0000F3C4:  2D 4C A0 E1
F07:0004       	subs	R0,R0,R4
               S01:0000F3C8:  04 00 50 E0
F07:0005       	movmi	R0,#0
               S01:0000F3CC:  00 00 A0 43
F07:0006       	mov		R7,R0,lsl #24
               S01:0000F3D0:  00 7C A0 E1
F07:0007       
F07:0008       	ldrb	R0,[R1,R5,lsr #12]
               S01:0000F3D4:  25 06 D1 E7
F07:0009       	add		R5,R5,R6
               S01:0000F3D8:  06 50 85 E0
F07:0010       	mov		R4,R13,lsl #8
               S01:0000F3DC:  0D 44 A0 E1
F07:0011       	subs	R0,R0,R4,lsr #24
               S01:0000F3E0:  24 0C 50 E0
F07:0012       	movmi	R0,#0
               S01:0000F3E4:  00 00 A0 43
F07:0013       	orr		R7,R7,R0,lsl #16
               S01:0000F3E8:  00 78 87 E1
F07:0014       
F07:0015       	ldrb	R0,[R1,R8,lsr #12]
               S01:0000F3EC:  28 06 D1 E7
F07:0016       	add		R8,R8,R9
               S01:0000F3F0:  09 80 88 E0
F07:0017       	mov		R4,R13,lsl #16
               S01:0000F3F4:  0D 48 A0 E1
F07:0018       	subs	R0,R0,R4, lsr #24
               S01:0000F3F8:  24 0C 50 E0
F07:0019       	movmi	R0,#0
               S01:0000F3FC:  00 00 A0 43
F07:0020       	orr		R7,R7,R0,lsl #8
               S01:0000F400:  00 74 87 E1
F07:0021       
F07:0022       	ldrb	R0,[R1,R11,lsr #12]
               S01:0000F404:  2B 06 D1 E7
F07:0023       	add		R11,R11,R12
               S01:0000F408:  0C B0 8B E0
F07:0024       	mov		R4,R13,lsl #24
               S01:0000F40C:  0D 4C A0 E1
F07:0025       	subs	R0,R0,R4,lsr #24
               S01:0000F410:  24 0C 50 E0
F07:0026       	movmi	R0,#0
               S01:0000F414:  00 00 A0 43
F07:0027       	orr		R7,R7,R0
               S01:0000F418:  00 70 87 E1
F07:0028       
F07:0029       	str		R7,[R14],#4		
               S01:0000F41C:  04 70 8E E4
F07:0030       	
F07:0001       	ldrb	R0,[R1,R2,lsr #12]
               S01:0000F420:  22 06 D1 E7
F07:0002       	add		R2,R2,R3
               S01:0000F424:  03 20 82 E0
F07:0003       	mov		R4,R13,lsr #24
               S01:0000F428:  2D 4C A0 E1
F07:0004       	subs	R0,R0,R4
               S01:0000F42C:  04 00 50 E0
F07:0005       	movmi	R0,#0
               S01:0000F430:  00 00 A0 43
F07:0006       	mov		R7,R0,lsl #24
               S01:0000F434:  00 7C A0 E1
F07:0007       
F07:0008       	ldrb	R0,[R1,R5,lsr #12]
               S01:0000F438:  25 06 D1 E7
F07:0009       	add		R5,R5,R6
               S01:0000F43C:  06 50 85 E0
F07:0010       	mov		R4,R13,lsl #8
               S01:0000F440:  0D 44 A0 E1
F07:0011       	subs	R0,R0,R4,lsr #24
               S01:0000F444:  24 0C 50 E0
F07:0012       	movmi	R0,#0
               S01:0000F448:  00 00 A0 43
F07:0013       	orr		R7,R7,R0,lsl #16
               S01:0000F44C:  00 78 87 E1
F07:0014       
F07:0015       	ldrb	R0,[R1,R8,lsr #12]
               S01:0000F450:  28 06 D1 E7
F07:0016       	add		R8,R8,R9
               S01:0000F454:  09 80 88 E0
F07:0017       	mov		R4,R13,lsl #16
               S01:0000F458:  0D 48 A0 E1
F07:0018       	subs	R0,R0,R4, lsr #24
               S01:0000F45C:  24 0C 50 E0
F07:0019       	movmi	R0,#0
               S01:0000F460:  00 00 A0 43
F07:0020       	orr		R7,R7,R0,lsl #8
               S01:0000F464:  00 74 87 E1
F07:0021       
F07:0022       	ldrb	R0,[R1,R11,lsr #12]
               S01:0000F468:  2B 06 D1 E7
F07:0023       	add		R11,R11,R12
               S01:0000F46C:  0C B0 8B E0
F07:0024       	mov		R4,R13,lsl #24
               S01:0000F470:  0D 4C A0 E1
F07:0025       	subs	R0,R0,R4,lsr #24
               S01:0000F474:  24 0C 50 E0
F07:0026       	movmi	R0,#0
               S01:0000F478:  00 00 A0 43
F07:0027       	orr		R7,R7,R0
               S01:0000F47C:  00 70 87 E1
F07:0028       
F07:0029       	str		R7,[R14],#4		
               S01:0000F480:  04 70 8E E4
F07:0030       	
F07:0001       	ldrb	R0,[R1,R2,lsr #12]
               S01:0000F484:  22 06 D1 E7
F07:0002       	add		R2,R2,R3
               S01:0000F488:  03 20 82 E0
F07:0003       	mov		R4,R13,lsr #24
               S01:0000F48C:  2D 4C A0 E1
F07:0004       	subs	R0,R0,R4
               S01:0000F490:  04 00 50 E0
F07:0005       	movmi	R0,#0
               S01:0000F494:  00 00 A0 43
F07:0006       	mov		R7,R0,lsl #24
               S01:0000F498:  00 7C A0 E1
F07:0007       
F07:0008       	ldrb	R0,[R1,R5,lsr #12]
               S01:0000F49C:  25 06 D1 E7
F07:0009       	add		R5,R5,R6
               S01:0000F4A0:  06 50 85 E0
F07:0010       	mov		R4,R13,lsl #8
               S01:0000F4A4:  0D 44 A0 E1
F07:0011       	subs	R0,R0,R4,lsr #24
               S01:0000F4A8:  24 0C 50 E0
F07:0012       	movmi	R0,#0
               S01:0000F4AC:  00 00 A0 43
F07:0013       	orr		R7,R7,R0,lsl #16
               S01:0000F4B0:  00 78 87 E1
F07:0014       
F07:0015       	ldrb	R0,[R1,R8,lsr #12]
               S01:0000F4B4:  28 06 D1 E7
F07:0016       	add		R8,R8,R9
               S01:0000F4B8:  09 80 88 E0
F07:0017       	mov		R4,R13,lsl #16
               S01:0000F4BC:  0D 48 A0 E1
F07:0018       	subs	R0,R0,R4, lsr #24
               S01:0000F4C0:  24 0C 50 E0
F07:0019       	movmi	R0,#0
               S01:0000F4C4:  00 00 A0 43
F07:0020       	orr		R7,R7,R0,lsl #8
               S01:0000F4C8:  00 74 87 E1
F07:0021       
F07:0022       	ldrb	R0,[R1,R11,lsr #12]
               S01:0000F4CC:  2B 06 D1 E7
F07:0023       	add		R11,R11,R12
               S01:0000F4D0:  0C B0 8B E0
F07:0024       	mov		R4,R13,lsl #24
               S01:0000F4D4:  0D 4C A0 E1
F07:0025       	subs	R0,R0,R4,lsr #24
               S01:0000F4D8:  24 0C 50 E0
F07:0026       	movmi	R0,#0
               S01:0000F4DC:  00 00 A0 43
F07:0027       	orr		R7,R7,R0
               S01:0000F4E0:  00 70 87 E1
F07:0028       
F07:0029       	str		R7,[R14],#4		
               S01:0000F4E4:  04 70 8E E4
F07:0030       	
F07:0001       	ldrb	R0,[R1,R2,lsr #12]
               S01:0000F4E8:  22 06 D1 E7
F07:0002       	add		R2,R2,R3
               S01:0000F4EC:  03 20 82 E0
F07:0003       	mov		R4,R13,lsr #24
               S01:0000F4F0:  2D 4C A0 E1
F07:0004       	subs	R0,R0,R4
               S01:0000F4F4:  04 00 50 E0
F07:0005       	movmi	R0,#0
               S01:0000F4F8:  00 00 A0 43
F07:0006       	mov		R7,R0,lsl #24
               S01:0000F4FC:  00 7C A0 E1
F07:0007       
F07:0008       	ldrb	R0,[R1,R5,lsr #12]
               S01:0000F500:  25 06 D1 E7
F07:0009       	add		R5,R5,R6
               S01:0000F504:  06 50 85 E0
F07:0010       	mov		R4,R13,lsl #8
               S01:0000F508:  0D 44 A0 E1
F07:0011       	subs	R0,R0,R4,lsr #24
               S01:0000F50C:  24 0C 50 E0
F07:0012       	movmi	R0,#0
               S01:0000F510:  00 00 A0 43
F07:0013       	orr		R7,R7,R0,lsl #16
               S01:0000F514:  00 78 87 E1
F07:0014       
F07:0015       	ldrb	R0,[R1,R8,lsr #12]
               S01:0000F518:  28 06 D1 E7
F07:0016       	add		R8,R8,R9
               S01:0000F51C:  09 80 88 E0
F07:0017       	mov		R4,R13,lsl #16
               S01:0000F520:  0D 48 A0 E1
F07:0018       	subs	R0,R0,R4, lsr #24
               S01:0000F524:  24 0C 50 E0
F07:0019       	movmi	R0,#0
               S01:0000F528:  00 00 A0 43
F07:0020       	orr		R7,R7,R0,lsl #8
               S01:0000F52C:  00 74 87 E1
F07:0021       
F07:0022       	ldrb	R0,[R1,R11,lsr #12]
               S01:0000F530:  2B 06 D1 E7
F07:0023       	add		R11,R11,R12
               S01:0000F534:  0C B0 8B E0
F07:0024       	mov		R4,R13,lsl #24
               S01:0000F538:  0D 4C A0 E1
F07:0025       	subs	R0,R0,R4,lsr #24
               S01:0000F53C:  24 0C 50 E0
F07:0026       	movmi	R0,#0
               S01:0000F540:  00 00 A0 43
F07:0027       	orr		R7,R7,R0
               S01:0000F544:  00 70 87 E1
F07:0028       
F07:0029       	str		R7,[R14],#4		
               S01:0000F548:  04 70 8E E4
F07:0030       	
F07:0001       	ldrb	R0,[R1,R2,lsr #12]
               S01:0000F54C:  22 06 D1 E7
F07:0002       	add		R2,R2,R3
               S01:0000F550:  03 20 82 E0
F07:0003       	mov		R4,R13,lsr #24
               S01:0000F554:  2D 4C A0 E1
F07:0004       	subs	R0,R0,R4
               S01:0000F558:  04 00 50 E0
F07:0005       	movmi	R0,#0
               S01:0000F55C:  00 00 A0 43
F07:0006       	mov		R7,R0,lsl #24
               S01:0000F560:  00 7C A0 E1
F07:0007       
F07:0008       	ldrb	R0,[R1,R5,lsr #12]
               S01:0000F564:  25 06 D1 E7
F07:0009       	add		R5,R5,R6
               S01:0000F568:  06 50 85 E0
F07:0010       	mov		R4,R13,lsl #8
               S01:0000F56C:  0D 44 A0 E1
F07:0011       	subs	R0,R0,R4,lsr #24
               S01:0000F570:  24 0C 50 E0
F07:0012       	movmi	R0,#0
               S01:0000F574:  00 00 A0 43
F07:0013       	orr		R7,R7,R0,lsl #16
               S01:0000F578:  00 78 87 E1
F07:0014       
F07:0015       	ldrb	R0,[R1,R8,lsr #12]
               S01:0000F57C:  28 06 D1 E7
F07:0016       	add		R8,R8,R9
               S01:0000F580:  09 80 88 E0
F07:0017       	mov		R4,R13,lsl #16
               S01:0000F584:  0D 48 A0 E1
F07:0018       	subs	R0,R0,R4, lsr #24
               S01:0000F588:  24 0C 50 E0
F07:0019       	movmi	R0,#0
               S01:0000F58C:  00 00 A0 43
F07:0020       	orr		R7,R7,R0,lsl #8
               S01:0000F590:  00 74 87 E1
F07:0021       
F07:0022       	ldrb	R0,[R1,R11,lsr #12]
               S01:0000F594:  2B 06 D1 E7
F07:0023       	add		R11,R11,R12
               S01:0000F598:  0C B0 8B E0
F07:0024       	mov		R4,R13,lsl #24
               S01:0000F59C:  0D 4C A0 E1
F07:0025       	subs	R0,R0,R4,lsr #24
               S01:0000F5A0:  24 0C 50 E0
F07:0026       	movmi	R0,#0
               S01:0000F5A4:  00 00 A0 43
F07:0027       	orr		R7,R7,R0
               S01:0000F5A8:  00 70 87 E1
F07:0028       
F07:0029       	str		R7,[R14],#4		
               S01:0000F5AC:  04 70 8E E4
F07:0030       	
F07:0001       	ldrb	R0,[R1,R2,lsr #12]
               S01:0000F5B0:  22 06 D1 E7
F07:0002       	add		R2,R2,R3
               S01:0000F5B4:  03 20 82 E0
F07:0003       	mov		R4,R13,lsr #24
               S01:0000F5B8:  2D 4C A0 E1
F07:0004       	subs	R0,R0,R4
               S01:0000F5BC:  04 00 50 E0
F07:0005       	movmi	R0,#0
               S01:0000F5C0:  00 00 A0 43
F07:0006       	mov		R7,R0,lsl #24
               S01:0000F5C4:  00 7C A0 E1
F07:0007       
F07:0008       	ldrb	R0,[R1,R5,lsr #12]
               S01:0000F5C8:  25 06 D1 E7
F07:0009       	add		R5,R5,R6
               S01:0000F5CC:  06 50 85 E0
F07:0010       	mov		R4,R13,lsl #8
               S01:0000F5D0:  0D 44 A0 E1
F07:0011       	subs	R0,R0,R4,lsr #24
               S01:0000F5D4:  24 0C 50 E0
F07:0012       	movmi	R0,#0
               S01:0000F5D8:  00 00 A0 43
F07:0013       	orr		R7,R7,R0,lsl #16
               S01:0000F5DC:  00 78 87 E1
F07:0014       
F07:0015       	ldrb	R0,[R1,R8,lsr #12]
               S01:0000F5E0:  28 06 D1 E7
F07:0016       	add		R8,R8,R9
               S01:0000F5E4:  09 80 88 E0
F07:0017       	mov		R4,R13,lsl #16
               S01:0000F5E8:  0D 48 A0 E1
F07:0018       	subs	R0,R0,R4, lsr #24
               S01:0000F5EC:  24 0C 50 E0
F07:0019       	movmi	R0,#0
               S01:0000F5F0:  00 00 A0 43
F07:0020       	orr		R7,R7,R0,lsl #8
               S01:0000F5F4:  00 74 87 E1
F07:0021       
F07:0022       	ldrb	R0,[R1,R11,lsr #12]
               S01:0000F5F8:  2B 06 D1 E7
F07:0023       	add		R11,R11,R12
               S01:0000F5FC:  0C B0 8B E0
F07:0024       	mov		R4,R13,lsl #24
               S01:0000F600:  0D 4C A0 E1
F07:0025       	subs	R0,R0,R4,lsr #24
               S01:0000F604:  24 0C 50 E0
F07:0026       	movmi	R0,#0
               S01:0000F608:  00 00 A0 43
F07:0027       	orr		R7,R7,R0
               S01:0000F60C:  00 70 87 E1
F07:0028       
F07:0029       	str		R7,[R14],#4		
               S01:0000F610:  04 70 8E E4
F07:0030       	
F07:0001       	ldrb	R0,[R1,R2,lsr #12]
               S01:0000F614:  22 06 D1 E7
F07:0002       	add		R2,R2,R3
               S01:0000F618:  03 20 82 E0
F07:0003       	mov		R4,R13,lsr #24
               S01:0000F61C:  2D 4C A0 E1
F07:0004       	subs	R0,R0,R4
               S01:0000F620:  04 00 50 E0
F07:0005       	movmi	R0,#0
               S01:0000F624:  00 00 A0 43
F07:0006       	mov		R7,R0,lsl #24
               S01:0000F628:  00 7C A0 E1
F07:0007       
F07:0008       	ldrb	R0,[R1,R5,lsr #12]
               S01:0000F62C:  25 06 D1 E7
F07:0009       	add		R5,R5,R6
               S01:0000F630:  06 50 85 E0
F07:0010       	mov		R4,R13,lsl #8
               S01:0000F634:  0D 44 A0 E1
F07:0011       	subs	R0,R0,R4,lsr #24
               S01:0000F638:  24 0C 50 E0
F07:0012       	movmi	R0,#0
               S01:0000F63C:  00 00 A0 43
F07:0013       	orr		R7,R7,R0,lsl #16
               S01:0000F640:  00 78 87 E1
F07:0014       
F07:0015       	ldrb	R0,[R1,R8,lsr #12]
               S01:0000F644:  28 06 D1 E7
F07:0016       	add		R8,R8,R9
               S01:0000F648:  09 80 88 E0
F07:0017       	mov		R4,R13,lsl #16
               S01:0000F64C:  0D 48 A0 E1
F07:0018       	subs	R0,R0,R4, lsr #24
               S01:0000F650:  24 0C 50 E0
F07:0019       	movmi	R0,#0
               S01:0000F654:  00 00 A0 43
F07:0020       	orr		R7,R7,R0,lsl #8
               S01:0000F658:  00 74 87 E1
F07:0021       
F07:0022       	ldrb	R0,[R1,R11,lsr #12]
               S01:0000F65C:  2B 06 D1 E7
F07:0023       	add		R11,R11,R12
               S01:0000F660:  0C B0 8B E0
F07:0024       	mov		R4,R13,lsl #24
               S01:0000F664:  0D 4C A0 E1
F07:0025       	subs	R0,R0,R4,lsr #24
               S01:0000F668:  24 0C 50 E0
F07:0026       	movmi	R0,#0
               S01:0000F66C:  00 00 A0 43
F07:0027       	orr		R7,R7,R0
               S01:0000F670:  00 70 87 E1
F07:0028       
F07:0029       	str		R7,[R14],#4		
               S01:0000F674:  04 70 8E E4
F07:0030       	
F07:0001       	ldrb	R0,[R1,R2,lsr #12]
               S01:0000F678:  22 06 D1 E7
F07:0002       	add		R2,R2,R3
               S01:0000F67C:  03 20 82 E0
F07:0003       	mov		R4,R13,lsr #24
               S01:0000F680:  2D 4C A0 E1
F07:0004       	subs	R0,R0,R4
               S01:0000F684:  04 00 50 E0
F07:0005       	movmi	R0,#0
               S01:0000F688:  00 00 A0 43
F07:0006       	mov		R7,R0,lsl #24
               S01:0000F68C:  00 7C A0 E1
F07:0007       
F07:0008       	ldrb	R0,[R1,R5,lsr #12]
               S01:0000F690:  25 06 D1 E7
F07:0009       	add		R5,R5,R6
               S01:0000F694:  06 50 85 E0
F07:0010       	mov		R4,R13,lsl #8
               S01:0000F698:  0D 44 A0 E1
F07:0011       	subs	R0,R0,R4,lsr #24
               S01:0000F69C:  24 0C 50 E0
F07:0012       	movmi	R0,#0
               S01:0000F6A0:  00 00 A0 43
F07:0013       	orr		R7,R7,R0,lsl #16
               S01:0000F6A4:  00 78 87 E1
F07:0014       
F07:0015       	ldrb	R0,[R1,R8,lsr #12]
               S01:0000F6A8:  28 06 D1 E7
F07:0016       	add		R8,R8,R9
               S01:0000F6AC:  09 80 88 E0
F07:0017       	mov		R4,R13,lsl #16
               S01:0000F6B0:  0D 48 A0 E1
F07:0018       	subs	R0,R0,R4, lsr #24
               S01:0000F6B4:  24 0C 50 E0
F07:0019       	movmi	R0,#0
               S01:0000F6B8:  00 00 A0 43
F07:0020       	orr		R7,R7,R0,lsl #8
               S01:0000F6BC:  00 74 87 E1
F07:0021       
F07:0022       	ldrb	R0,[R1,R11,lsr #12]
               S01:0000F6C0:  2B 06 D1 E7
F07:0023       	add		R11,R11,R12
               S01:0000F6C4:  0C B0 8B E0
F07:0024       	mov		R4,R13,lsl #24
               S01:0000F6C8:  0D 4C A0 E1
F07:0025       	subs	R0,R0,R4,lsr #24
               S01:0000F6CC:  24 0C 50 E0
F07:0026       	movmi	R0,#0
               S01:0000F6D0:  00 00 A0 43
F07:0027       	orr		R7,R7,R0
               S01:0000F6D4:  00 70 87 E1
F07:0028       
F07:0029       	str		R7,[R14],#4		
               S01:0000F6D8:  04 70 8E E4
F07:0030       	
F07:0001       	ldrb	R0,[R1,R2,lsr #12]
               S01:0000F6DC:  22 06 D1 E7
F07:0002       	add		R2,R2,R3
               S01:0000F6E0:  03 20 82 E0
F07:0003       	mov		R4,R13,lsr #24
               S01:0000F6E4:  2D 4C A0 E1
F07:0004       	subs	R0,R0,R4
               S01:0000F6E8:  04 00 50 E0
F07:0005       	movmi	R0,#0
               S01:0000F6EC:  00 00 A0 43
F07:0006       	mov		R7,R0,lsl #24
               S01:0000F6F0:  00 7C A0 E1
F07:0007       
F07:0008       	ldrb	R0,[R1,R5,lsr #12]
               S01:0000F6F4:  25 06 D1 E7
F07:0009       	add		R5,R5,R6
               S01:0000F6F8:  06 50 85 E0
F07:0010       	mov		R4,R13,lsl #8
               S01:0000F6FC:  0D 44 A0 E1
F07:0011       	subs	R0,R0,R4,lsr #24
               S01:0000F700:  24 0C 50 E0
F07:0012       	movmi	R0,#0
               S01:0000F704:  00 00 A0 43
F07:0013       	orr		R7,R7,R0,lsl #16
               S01:0000F708:  00 78 87 E1
F07:0014       
F07:0015       	ldrb	R0,[R1,R8,lsr #12]
               S01:0000F70C:  28 06 D1 E7
F07:0016       	add		R8,R8,R9
               S01:0000F710:  09 80 88 E0
F07:0017       	mov		R4,R13,lsl #16
               S01:0000F714:  0D 48 A0 E1
F07:0018       	subs	R0,R0,R4, lsr #24
               S01:0000F718:  24 0C 50 E0
F07:0019       	movmi	R0,#0
               S01:0000F71C:  00 00 A0 43
F07:0020       	orr		R7,R7,R0,lsl #8
               S01:0000F720:  00 74 87 E1
F07:0021       
F07:0022       	ldrb	R0,[R1,R11,lsr #12]
               S01:0000F724:  2B 06 D1 E7
F07:0023       	add		R11,R11,R12
               S01:0000F728:  0C B0 8B E0
F07:0024       	mov		R4,R13,lsl #24
               S01:0000F72C:  0D 4C A0 E1
F07:0025       	subs	R0,R0,R4,lsr #24
               S01:0000F730:  24 0C 50 E0
F07:0026       	movmi	R0,#0
               S01:0000F734:  00 00 A0 43
F07:0027       	orr		R7,R7,R0
               S01:0000F738:  00 70 87 E1
F07:0028       
F07:0029       	str		R7,[R14],#4		
               S01:0000F73C:  04 70 8E E4
F07:0030       	
F07:0001       	ldrb	R0,[R1,R2,lsr #12]
               S01:0000F740:  22 06 D1 E7
F07:0002       	add		R2,R2,R3
               S01:0000F744:  03 20 82 E0
F07:0003       	mov		R4,R13,lsr #24
               S01:0000F748:  2D 4C A0 E1
F07:0004       	subs	R0,R0,R4
               S01:0000F74C:  04 00 50 E0
F07:0005       	movmi	R0,#0
               S01:0000F750:  00 00 A0 43
F07:0006       	mov		R7,R0,lsl #24
               S01:0000F754:  00 7C A0 E1
F07:0007       
F07:0008       	ldrb	R0,[R1,R5,lsr #12]
               S01:0000F758:  25 06 D1 E7
F07:0009       	add		R5,R5,R6
               S01:0000F75C:  06 50 85 E0
F07:0010       	mov		R4,R13,lsl #8
               S01:0000F760:  0D 44 A0 E1
F07:0011       	subs	R0,R0,R4,lsr #24
               S01:0000F764:  24 0C 50 E0
F07:0012       	movmi	R0,#0
               S01:0000F768:  00 00 A0 43
F07:0013       	orr		R7,R7,R0,lsl #16
               S01:0000F76C:  00 78 87 E1
F07:0014       
F07:0015       	ldrb	R0,[R1,R8,lsr #12]
               S01:0000F770:  28 06 D1 E7
F07:0016       	add		R8,R8,R9
               S01:0000F774:  09 80 88 E0
F07:0017       	mov		R4,R13,lsl #16
               S01:0000F778:  0D 48 A0 E1
F07:0018       	subs	R0,R0,R4, lsr #24
               S01:0000F77C:  24 0C 50 E0
F07:0019       	movmi	R0,#0
               S01:0000F780:  00 00 A0 43
F07:0020       	orr		R7,R7,R0,lsl #8
               S01:0000F784:  00 74 87 E1
F07:0021       
F07:0022       	ldrb	R0,[R1,R11,lsr #12]
               S01:0000F788:  2B 06 D1 E7
F07:0023       	add		R11,R11,R12
               S01:0000F78C:  0C B0 8B E0
F07:0024       	mov		R4,R13,lsl #24
               S01:0000F790:  0D 4C A0 E1
F07:0025       	subs	R0,R0,R4,lsr #24
               S01:0000F794:  24 0C 50 E0
F07:0026       	movmi	R0,#0
               S01:0000F798:  00 00 A0 43
F07:0027       	orr		R7,R7,R0
               S01:0000F79C:  00 70 87 E1
F07:0028       
F07:0029       	str		R7,[R14],#4		
               S01:0000F7A0:  04 70 8E E4
F07:0030       	
F07:0001       	ldrb	R0,[R1,R2,lsr #12]
               S01:0000F7A4:  22 06 D1 E7
F07:0002       	add		R2,R2,R3
               S01:0000F7A8:  03 20 82 E0
F07:0003       	mov		R4,R13,lsr #24
               S01:0000F7AC:  2D 4C A0 E1
F07:0004       	subs	R0,R0,R4
               S01:0000F7B0:  04 00 50 E0
F07:0005       	movmi	R0,#0
               S01:0000F7B4:  00 00 A0 43
F07:0006       	mov		R7,R0,lsl #24
               S01:0000F7B8:  00 7C A0 E1
F07:0007       
F07:0008       	ldrb	R0,[R1,R5,lsr #12]
               S01:0000F7BC:  25 06 D1 E7
F07:0009       	add		R5,R5,R6
               S01:0000F7C0:  06 50 85 E0
F07:0010       	mov		R4,R13,lsl #8
               S01:0000F7C4:  0D 44 A0 E1
F07:0011       	subs	R0,R0,R4,lsr #24
               S01:0000F7C8:  24 0C 50 E0
F07:0012       	movmi	R0,#0
               S01:0000F7CC:  00 00 A0 43
F07:0013       	orr		R7,R7,R0,lsl #16
               S01:0000F7D0:  00 78 87 E1
F07:0014       
F07:0015       	ldrb	R0,[R1,R8,lsr #12]
               S01:0000F7D4:  28 06 D1 E7
F07:0016       	add		R8,R8,R9
               S01:0000F7D8:  09 80 88 E0
F07:0017       	mov		R4,R13,lsl #16
               S01:0000F7DC:  0D 48 A0 E1
F07:0018       	subs	R0,R0,R4, lsr #24
               S01:0000F7E0:  24 0C 50 E0
F07:0019       	movmi	R0,#0
               S01:0000F7E4:  00 00 A0 43
F07:0020       	orr		R7,R7,R0,lsl #8
               S01:0000F7E8:  00 74 87 E1
F07:0021       
F07:0022       	ldrb	R0,[R1,R11,lsr #12]
               S01:0000F7EC:  2B 06 D1 E7
F07:0023       	add		R11,R11,R12
               S01:0000F7F0:  0C B0 8B E0
F07:0024       	mov		R4,R13,lsl #24
               S01:0000F7F4:  0D 4C A0 E1
F07:0025       	subs	R0,R0,R4,lsr #24
               S01:0000F7F8:  24 0C 50 E0
F07:0026       	movmi	R0,#0
               S01:0000F7FC:  00 00 A0 43
F07:0027       	orr		R7,R7,R0
               S01:0000F800:  00 70 87 E1
F07:0028       
F07:0029       	str		R7,[R14],#4		
               S01:0000F804:  04 70 8E E4
F07:0030       	
F07:0001       	ldrb	R0,[R1,R2,lsr #12]
               S01:0000F808:  22 06 D1 E7
F07:0002       	add		R2,R2,R3
               S01:0000F80C:  03 20 82 E0
F07:0003       	mov		R4,R13,lsr #24
               S01:0000F810:  2D 4C A0 E1
F07:0004       	subs	R0,R0,R4
               S01:0000F814:  04 00 50 E0
F07:0005       	movmi	R0,#0
               S01:0000F818:  00 00 A0 43
F07:0006       	mov		R7,R0,lsl #24
               S01:0000F81C:  00 7C A0 E1
F07:0007       
F07:0008       	ldrb	R0,[R1,R5,lsr #12]
               S01:0000F820:  25 06 D1 E7
F07:0009       	add		R5,R5,R6
               S01:0000F824:  06 50 85 E0
F07:0010       	mov		R4,R13,lsl #8
               S01:0000F828:  0D 44 A0 E1
F07:0011       	subs	R0,R0,R4,lsr #24
               S01:0000F82C:  24 0C 50 E0
F07:0012       	movmi	R0,#0
               S01:0000F830:  00 00 A0 43
F07:0013       	orr		R7,R7,R0,lsl #16
               S01:0000F834:  00 78 87 E1
F07:0014       
F07:0015       	ldrb	R0,[R1,R8,lsr #12]
               S01:0000F838:  28 06 D1 E7
F07:0016       	add		R8,R8,R9
               S01:0000F83C:  09 80 88 E0
F07:0017       	mov		R4,R13,lsl #16
               S01:0000F840:  0D 48 A0 E1
F07:0018       	subs	R0,R0,R4, lsr #24
               S01:0000F844:  24 0C 50 E0
F07:0019       	movmi	R0,#0
               S01:0000F848:  00 00 A0 43
F07:0020       	orr		R7,R7,R0,lsl #8
               S01:0000F84C:  00 74 87 E1
F07:0021       
F07:0022       	ldrb	R0,[R1,R11,lsr #12]
               S01:0000F850:  2B 06 D1 E7
F07:0023       	add		R11,R11,R12
               S01:0000F854:  0C B0 8B E0
F07:0024       	mov		R4,R13,lsl #24
               S01:0000F858:  0D 4C A0 E1
F07:0025       	subs	R0,R0,R4,lsr #24
               S01:0000F85C:  24 0C 50 E0
F07:0026       	movmi	R0,#0
               S01:0000F860:  00 00 A0 43
F07:0027       	orr		R7,R7,R0
               S01:0000F864:  00 70 87 E1
F07:0028       
F07:0029       	str		R7,[R14],#4		
               S01:0000F868:  04 70 8E E4
F07:0030       	
F07:0001       	ldrb	R0,[R1,R2,lsr #12]
               S01:0000F86C:  22 06 D1 E7
F07:0002       	add		R2,R2,R3
               S01:0000F870:  03 20 82 E0
F07:0003       	mov		R4,R13,lsr #24
               S01:0000F874:  2D 4C A0 E1
F07:0004       	subs	R0,R0,R4
               S01:0000F878:  04 00 50 E0
F07:0005       	movmi	R0,#0
               S01:0000F87C:  00 00 A0 43
F07:0006       	mov		R7,R0,lsl #24
               S01:0000F880:  00 7C A0 E1
F07:0007       
F07:0008       	ldrb	R0,[R1,R5,lsr #12]
               S01:0000F884:  25 06 D1 E7
F07:0009       	add		R5,R5,R6
               S01:0000F888:  06 50 85 E0
F07:0010       	mov		R4,R13,lsl #8
               S01:0000F88C:  0D 44 A0 E1
F07:0011       	subs	R0,R0,R4,lsr #24
               S01:0000F890:  24 0C 50 E0
F07:0012       	movmi	R0,#0
               S01:0000F894:  00 00 A0 43
F07:0013       	orr		R7,R7,R0,lsl #16
               S01:0000F898:  00 78 87 E1
F07:0014       
F07:0015       	ldrb	R0,[R1,R8,lsr #12]
               S01:0000F89C:  28 06 D1 E7
F07:0016       	add		R8,R8,R9
               S01:0000F8A0:  09 80 88 E0
F07:0017       	mov		R4,R13,lsl #16
               S01:0000F8A4:  0D 48 A0 E1
F07:0018       	subs	R0,R0,R4, lsr #24
               S01:0000F8A8:  24 0C 50 E0
F07:0019       	movmi	R0,#0
               S01:0000F8AC:  00 00 A0 43
F07:0020       	orr		R7,R7,R0,lsl #8
               S01:0000F8B0:  00 74 87 E1
F07:0021       
F07:0022       	ldrb	R0,[R1,R11,lsr #12]
               S01:0000F8B4:  2B 06 D1 E7
F07:0023       	add		R11,R11,R12
               S01:0000F8B8:  0C B0 8B E0
F07:0024       	mov		R4,R13,lsl #24
               S01:0000F8BC:  0D 4C A0 E1
F07:0025       	subs	R0,R0,R4,lsr #24
               S01:0000F8C0:  24 0C 50 E0
F07:0026       	movmi	R0,#0
               S01:0000F8C4:  00 00 A0 43
F07:0027       	orr		R7,R7,R0
               S01:0000F8C8:  00 70 87 E1
F07:0028       
F07:0029       	str		R7,[R14],#4		
               S01:0000F8CC:  04 70 8E E4
F07:0030       	
F07:0001       	ldrb	R0,[R1,R2,lsr #12]
               S01:0000F8D0:  22 06 D1 E7
F07:0002       	add		R2,R2,R3
               S01:0000F8D4:  03 20 82 E0
F07:0003       	mov		R4,R13,lsr #24
               S01:0000F8D8:  2D 4C A0 E1
F07:0004       	subs	R0,R0,R4
               S01:0000F8DC:  04 00 50 E0
F07:0005       	movmi	R0,#0
               S01:0000F8E0:  00 00 A0 43
F07:0006       	mov		R7,R0,lsl #24
               S01:0000F8E4:  00 7C A0 E1
F07:0007       
F07:0008       	ldrb	R0,[R1,R5,lsr #12]
               S01:0000F8E8:  25 06 D1 E7
F07:0009       	add		R5,R5,R6
               S01:0000F8EC:  06 50 85 E0
F07:0010       	mov		R4,R13,lsl #8
               S01:0000F8F0:  0D 44 A0 E1
F07:0011       	subs	R0,R0,R4,lsr #24
               S01:0000F8F4:  24 0C 50 E0
F07:0012       	movmi	R0,#0
               S01:0000F8F8:  00 00 A0 43
F07:0013       	orr		R7,R7,R0,lsl #16
               S01:0000F8FC:  00 78 87 E1
F07:0014       
F07:0015       	ldrb	R0,[R1,R8,lsr #12]
               S01:0000F900:  28 06 D1 E7
F07:0016       	add		R8,R8,R9
               S01:0000F904:  09 80 88 E0
F07:0017       	mov		R4,R13,lsl #16
               S01:0000F908:  0D 48 A0 E1
F07:0018       	subs	R0,R0,R4, lsr #24
               S01:0000F90C:  24 0C 50 E0
F07:0019       	movmi	R0,#0
               S01:0000F910:  00 00 A0 43
F07:0020       	orr		R7,R7,R0,lsl #8
               S01:0000F914:  00 74 87 E1
F07:0021       
F07:0022       	ldrb	R0,[R1,R11,lsr #12]
               S01:0000F918:  2B 06 D1 E7
F07:0023       	add		R11,R11,R12
               S01:0000F91C:  0C B0 8B E0
F07:0024       	mov		R4,R13,lsl #24
               S01:0000F920:  0D 4C A0 E1
F07:0025       	subs	R0,R0,R4,lsr #24
               S01:0000F924:  24 0C 50 E0
F07:0026       	movmi	R0,#0
               S01:0000F928:  00 00 A0 43
F07:0027       	orr		R7,R7,R0
               S01:0000F92C:  00 70 87 E1
F07:0028       
F07:0029       	str		R7,[R14],#4		
               S01:0000F930:  04 70 8E E4
F07:0030       	
F07:0001       	ldrb	R0,[R1,R2,lsr #12]
               S01:0000F934:  22 06 D1 E7
F07:0002       	add		R2,R2,R3
               S01:0000F938:  03 20 82 E0
F07:0003       	mov		R4,R13,lsr #24
               S01:0000F93C:  2D 4C A0 E1
F07:0004       	subs	R0,R0,R4
               S01:0000F940:  04 00 50 E0
F07:0005       	movmi	R0,#0
               S01:0000F944:  00 00 A0 43
F07:0006       	mov		R7,R0,lsl #24
               S01:0000F948:  00 7C A0 E1
F07:0007       
F07:0008       	ldrb	R0,[R1,R5,lsr #12]
               S01:0000F94C:  25 06 D1 E7
F07:0009       	add		R5,R5,R6
               S01:0000F950:  06 50 85 E0
F07:0010       	mov		R4,R13,lsl #8
               S01:0000F954:  0D 44 A0 E1
F07:0011       	subs	R0,R0,R4,lsr #24
               S01:0000F958:  24 0C 50 E0
F07:0012       	movmi	R0,#0
               S01:0000F95C:  00 00 A0 43
F07:0013       	orr		R7,R7,R0,lsl #16
               S01:0000F960:  00 78 87 E1
F07:0014       
F07:0015       	ldrb	R0,[R1,R8,lsr #12]
               S01:0000F964:  28 06 D1 E7
F07:0016       	add		R8,R8,R9
               S01:0000F968:  09 80 88 E0
F07:0017       	mov		R4,R13,lsl #16
               S01:0000F96C:  0D 48 A0 E1
F07:0018       	subs	R0,R0,R4, lsr #24
               S01:0000F970:  24 0C 50 E0
F07:0019       	movmi	R0,#0
               S01:0000F974:  00 00 A0 43
F07:0020       	orr		R7,R7,R0,lsl #8
               S01:0000F978:  00 74 87 E1
F07:0021       
F07:0022       	ldrb	R0,[R1,R11,lsr #12]
               S01:0000F97C:  2B 06 D1 E7
F07:0023       	add		R11,R11,R12
               S01:0000F980:  0C B0 8B E0
F07:0024       	mov		R4,R13,lsl #24
               S01:0000F984:  0D 4C A0 E1
F07:0025       	subs	R0,R0,R4,lsr #24
               S01:0000F988:  24 0C 50 E0
F07:0026       	movmi	R0,#0
               S01:0000F98C:  00 00 A0 43
F07:0027       	orr		R7,R7,R0
               S01:0000F990:  00 70 87 E1
F07:0028       
F07:0029       	str		R7,[R14],#4		
               S01:0000F994:  04 70 8E E4
F07:0030       	
F07:0001       	ldrb	R0,[R1,R2,lsr #12]
               S01:0000F998:  22 06 D1 E7
F07:0002       	add		R2,R2,R3
               S01:0000F99C:  03 20 82 E0
F07:0003       	mov		R4,R13,lsr #24
               S01:0000F9A0:  2D 4C A0 E1
F07:0004       	subs	R0,R0,R4
               S01:0000F9A4:  04 00 50 E0
F07:0005       	movmi	R0,#0
               S01:0000F9A8:  00 00 A0 43
F07:0006       	mov		R7,R0,lsl #24
               S01:0000F9AC:  00 7C A0 E1
F07:0007       
F07:0008       	ldrb	R0,[R1,R5,lsr #12]
               S01:0000F9B0:  25 06 D1 E7
F07:0009       	add		R5,R5,R6
               S01:0000F9B4:  06 50 85 E0
F07:0010       	mov		R4,R13,lsl #8
               S01:0000F9B8:  0D 44 A0 E1
F07:0011       	subs	R0,R0,R4,lsr #24
               S01:0000F9BC:  24 0C 50 E0
F07:0012       	movmi	R0,#0
               S01:0000F9C0:  00 00 A0 43
F07:0013       	orr		R7,R7,R0,lsl #16
               S01:0000F9C4:  00 78 87 E1
F07:0014       
F07:0015       	ldrb	R0,[R1,R8,lsr #12]
               S01:0000F9C8:  28 06 D1 E7
F07:0016       	add		R8,R8,R9
               S01:0000F9CC:  09 80 88 E0
F07:0017       	mov		R4,R13,lsl #16
               S01:0000F9D0:  0D 48 A0 E1
F07:0018       	subs	R0,R0,R4, lsr #24
               S01:0000F9D4:  24 0C 50 E0
F07:0019       	movmi	R0,#0
               S01:0000F9D8:  00 00 A0 43
F07:0020       	orr		R7,R7,R0,lsl #8
               S01:0000F9DC:  00 74 87 E1
F07:0021       
F07:0022       	ldrb	R0,[R1,R11,lsr #12]
               S01:0000F9E0:  2B 06 D1 E7
F07:0023       	add		R11,R11,R12
               S01:0000F9E4:  0C B0 8B E0
F07:0024       	mov		R4,R13,lsl #24
               S01:0000F9E8:  0D 4C A0 E1
F07:0025       	subs	R0,R0,R4,lsr #24
               S01:0000F9EC:  24 0C 50 E0
F07:0026       	movmi	R0,#0
               S01:0000F9F0:  00 00 A0 43
F07:0027       	orr		R7,R7,R0
               S01:0000F9F4:  00 70 87 E1
F07:0028       
F07:0029       	str		R7,[R14],#4		
               S01:0000F9F8:  04 70 8E E4
F07:0030       	
F07:0001       	ldrb	R0,[R1,R2,lsr #12]
               S01:0000F9FC:  22 06 D1 E7
F07:0002       	add		R2,R2,R3
               S01:0000FA00:  03 20 82 E0
F07:0003       	mov		R4,R13,lsr #24
               S01:0000FA04:  2D 4C A0 E1
F07:0004       	subs	R0,R0,R4
               S01:0000FA08:  04 00 50 E0
F07:0005       	movmi	R0,#0
               S01:0000FA0C:  00 00 A0 43
F07:0006       	mov		R7,R0,lsl #24
               S01:0000FA10:  00 7C A0 E1
F07:0007       
F07:0008       	ldrb	R0,[R1,R5,lsr #12]
               S01:0000FA14:  25 06 D1 E7
F07:0009       	add		R5,R5,R6
               S01:0000FA18:  06 50 85 E0
F07:0010       	mov		R4,R13,lsl #8
               S01:0000FA1C:  0D 44 A0 E1
F07:0011       	subs	R0,R0,R4,lsr #24
               S01:0000FA20:  24 0C 50 E0
F07:0012       	movmi	R0,#0
               S01:0000FA24:  00 00 A0 43
F07:0013       	orr		R7,R7,R0,lsl #16
               S01:0000FA28:  00 78 87 E1
F07:0014       
F07:0015       	ldrb	R0,[R1,R8,lsr #12]
               S01:0000FA2C:  28 06 D1 E7
F07:0016       	add		R8,R8,R9
               S01:0000FA30:  09 80 88 E0
F07:0017       	mov		R4,R13,lsl #16
               S01:0000FA34:  0D 48 A0 E1
F07:0018       	subs	R0,R0,R4, lsr #24
               S01:0000FA38:  24 0C 50 E0
F07:0019       	movmi	R0,#0
               S01:0000FA3C:  00 00 A0 43
F07:0020       	orr		R7,R7,R0,lsl #8
               S01:0000FA40:  00 74 87 E1
F07:0021       
F07:0022       	ldrb	R0,[R1,R11,lsr #12]
               S01:0000FA44:  2B 06 D1 E7
F07:0023       	add		R11,R11,R12
               S01:0000FA48:  0C B0 8B E0
F07:0024       	mov		R4,R13,lsl #24
               S01:0000FA4C:  0D 4C A0 E1
F07:0025       	subs	R0,R0,R4,lsr #24
               S01:0000FA50:  24 0C 50 E0
F07:0026       	movmi	R0,#0
               S01:0000FA54:  00 00 A0 43
F07:0027       	orr		R7,R7,R0
               S01:0000FA58:  00 70 87 E1
F07:0028       
F07:0029       	str		R7,[R14],#4		
               S01:0000FA5C:  04 70 8E E4
F07:0030       	
F07:0001       	ldrb	R0,[R1,R2,lsr #12]
               S01:0000FA60:  22 06 D1 E7
F07:0002       	add		R2,R2,R3
               S01:0000FA64:  03 20 82 E0
F07:0003       	mov		R4,R13,lsr #24
               S01:0000FA68:  2D 4C A0 E1
F07:0004       	subs	R0,R0,R4
               S01:0000FA6C:  04 00 50 E0
F07:0005       	movmi	R0,#0
               S01:0000FA70:  00 00 A0 43
F07:0006       	mov		R7,R0,lsl #24
               S01:0000FA74:  00 7C A0 E1
F07:0007       
F07:0008       	ldrb	R0,[R1,R5,lsr #12]
               S01:0000FA78:  25 06 D1 E7
F07:0009       	add		R5,R5,R6
               S01:0000FA7C:  06 50 85 E0
F07:0010       	mov		R4,R13,lsl #8
               S01:0000FA80:  0D 44 A0 E1
F07:0011       	subs	R0,R0,R4,lsr #24
               S01:0000FA84:  24 0C 50 E0
F07:0012       	movmi	R0,#0
               S01:0000FA88:  00 00 A0 43
F07:0013       	orr		R7,R7,R0,lsl #16
               S01:0000FA8C:  00 78 87 E1
F07:0014       
F07:0015       	ldrb	R0,[R1,R8,lsr #12]
               S01:0000FA90:  28 06 D1 E7
F07:0016       	add		R8,R8,R9
               S01:0000FA94:  09 80 88 E0
F07:0017       	mov		R4,R13,lsl #16
               S01:0000FA98:  0D 48 A0 E1
F07:0018       	subs	R0,R0,R4, lsr #24
               S01:0000FA9C:  24 0C 50 E0
F07:0019       	movmi	R0,#0
               S01:0000FAA0:  00 00 A0 43
F07:0020       	orr		R7,R7,R0,lsl #8
               S01:0000FAA4:  00 74 87 E1
F07:0021       
F07:0022       	ldrb	R0,[R1,R11,lsr #12]
               S01:0000FAA8:  2B 06 D1 E7
F07:0023       	add		R11,R11,R12
               S01:0000FAAC:  0C B0 8B E0
F07:0024       	mov		R4,R13,lsl #24
               S01:0000FAB0:  0D 4C A0 E1
F07:0025       	subs	R0,R0,R4,lsr #24
               S01:0000FAB4:  24 0C 50 E0
F07:0026       	movmi	R0,#0
               S01:0000FAB8:  00 00 A0 43
F07:0027       	orr		R7,R7,R0
               S01:0000FABC:  00 70 87 E1
F07:0028       
F07:0029       	str		R7,[R14],#4		
               S01:0000FAC0:  04 70 8E E4
F07:0030       	
F07:0001       	ldrb	R0,[R1,R2,lsr #12]
               S01:0000FAC4:  22 06 D1 E7
F07:0002       	add		R2,R2,R3
               S01:0000FAC8:  03 20 82 E0
F07:0003       	mov		R4,R13,lsr #24
               S01:0000FACC:  2D 4C A0 E1
F07:0004       	subs	R0,R0,R4
               S01:0000FAD0:  04 00 50 E0
F07:0005       	movmi	R0,#0
               S01:0000FAD4:  00 00 A0 43
F07:0006       	mov		R7,R0,lsl #24
               S01:0000FAD8:  00 7C A0 E1
F07:0007       
F07:0008       	ldrb	R0,[R1,R5,lsr #12]
               S01:0000FADC:  25 06 D1 E7
F07:0009       	add		R5,R5,R6
               S01:0000FAE0:  06 50 85 E0
F07:0010       	mov		R4,R13,lsl #8
               S01:0000FAE4:  0D 44 A0 E1
F07:0011       	subs	R0,R0,R4,lsr #24
               S01:0000FAE8:  24 0C 50 E0
F07:0012       	movmi	R0,#0
               S01:0000FAEC:  00 00 A0 43
F07:0013       	orr		R7,R7,R0,lsl #16
               S01:0000FAF0:  00 78 87 E1
F07:0014       
F07:0015       	ldrb	R0,[R1,R8,lsr #12]
               S01:0000FAF4:  28 06 D1 E7
F07:0016       	add		R8,R8,R9
               S01:0000FAF8:  09 80 88 E0
F07:0017       	mov		R4,R13,lsl #16
               S01:0000FAFC:  0D 48 A0 E1
F07:0018       	subs	R0,R0,R4, lsr #24
               S01:0000FB00:  24 0C 50 E0
F07:0019       	movmi	R0,#0
               S01:0000FB04:  00 00 A0 43
F07:0020       	orr		R7,R7,R0,lsl #8
               S01:0000FB08:  00 74 87 E1
F07:0021       
F07:0022       	ldrb	R0,[R1,R11,lsr #12]
               S01:0000FB0C:  2B 06 D1 E7
F07:0023       	add		R11,R11,R12
               S01:0000FB10:  0C B0 8B E0
F07:0024       	mov		R4,R13,lsl #24
               S01:0000FB14:  0D 4C A0 E1
F07:0025       	subs	R0,R0,R4,lsr #24
               S01:0000FB18:  24 0C 50 E0
F07:0026       	movmi	R0,#0
               S01:0000FB1C:  00 00 A0 43
F07:0027       	orr		R7,R7,R0
               S01:0000FB20:  00 70 87 E1
F07:0028       
F07:0029       	str		R7,[R14],#4		
               S01:0000FB24:  04 70 8E E4
F07:0030       	
F07:0001       	ldrb	R0,[R1,R2,lsr #12]
               S01:0000FB28:  22 06 D1 E7
F07:0002       	add		R2,R2,R3
               S01:0000FB2C:  03 20 82 E0
F07:0003       	mov		R4,R13,lsr #24
               S01:0000FB30:  2D 4C A0 E1
F07:0004       	subs	R0,R0,R4
               S01:0000FB34:  04 00 50 E0
F07:0005       	movmi	R0,#0
               S01:0000FB38:  00 00 A0 43
F07:0006       	mov		R7,R0,lsl #24
               S01:0000FB3C:  00 7C A0 E1
F07:0007       
F07:0008       	ldrb	R0,[R1,R5,lsr #12]
               S01:0000FB40:  25 06 D1 E7
F07:0009       	add		R5,R5,R6
               S01:0000FB44:  06 50 85 E0
F07:0010       	mov		R4,R13,lsl #8
               S01:0000FB48:  0D 44 A0 E1
F07:0011       	subs	R0,R0,R4,lsr #24
               S01:0000FB4C:  24 0C 50 E0
F07:0012       	movmi	R0,#0
               S01:0000FB50:  00 00 A0 43
F07:0013       	orr		R7,R7,R0,lsl #16
               S01:0000FB54:  00 78 87 E1
F07:0014       
F07:0015       	ldrb	R0,[R1,R8,lsr #12]
               S01:0000FB58:  28 06 D1 E7
F07:0016       	add		R8,R8,R9
               S01:0000FB5C:  09 80 88 E0
F07:0017       	mov		R4,R13,lsl #16
               S01:0000FB60:  0D 48 A0 E1
F07:0018       	subs	R0,R0,R4, lsr #24
               S01:0000FB64:  24 0C 50 E0
F07:0019       	movmi	R0,#0
               S01:0000FB68:  00 00 A0 43
F07:0020       	orr		R7,R7,R0,lsl #8
               S01:0000FB6C:  00 74 87 E1
F07:0021       
F07:0022       	ldrb	R0,[R1,R11,lsr #12]
               S01:0000FB70:  2B 06 D1 E7
F07:0023       	add		R11,R11,R12
               S01:0000FB74:  0C B0 8B E0
F07:0024       	mov		R4,R13,lsl #24
               S01:0000FB78:  0D 4C A0 E1
F07:0025       	subs	R0,R0,R4,lsr #24
               S01:0000FB7C:  24 0C 50 E0
F07:0026       	movmi	R0,#0
               S01:0000FB80:  00 00 A0 43
F07:0027       	orr		R7,R7,R0
               S01:0000FB84:  00 70 87 E1
F07:0028       
F07:0029       	str		R7,[R14],#4		
               S01:0000FB88:  04 70 8E E4
F07:0030       	
F07:0001       	ldrb	R0,[R1,R2,lsr #12]
               S01:0000FB8C:  22 06 D1 E7
F07:0002       	add		R2,R2,R3
               S01:0000FB90:  03 20 82 E0
F07:0003       	mov		R4,R13,lsr #24
               S01:0000FB94:  2D 4C A0 E1
F07:0004       	subs	R0,R0,R4
               S01:0000FB98:  04 00 50 E0
F07:0005       	movmi	R0,#0
               S01:0000FB9C:  00 00 A0 43
F07:0006       	mov		R7,R0,lsl #24
               S01:0000FBA0:  00 7C A0 E1
F07:0007       
F07:0008       	ldrb	R0,[R1,R5,lsr #12]
               S01:0000FBA4:  25 06 D1 E7
F07:0009       	add		R5,R5,R6
               S01:0000FBA8:  06 50 85 E0
F07:0010       	mov		R4,R13,lsl #8
               S01:0000FBAC:  0D 44 A0 E1
F07:0011       	subs	R0,R0,R4,lsr #24
               S01:0000FBB0:  24 0C 50 E0
F07:0012       	movmi	R0,#0
               S01:0000FBB4:  00 00 A0 43
F07:0013       	orr		R7,R7,R0,lsl #16
               S01:0000FBB8:  00 78 87 E1
F07:0014       
F07:0015       	ldrb	R0,[R1,R8,lsr #12]
               S01:0000FBBC:  28 06 D1 E7
F07:0016       	add		R8,R8,R9
               S01:0000FBC0:  09 80 88 E0
F07:0017       	mov		R4,R13,lsl #16
               S01:0000FBC4:  0D 48 A0 E1
F07:0018       	subs	R0,R0,R4, lsr #24
               S01:0000FBC8:  24 0C 50 E0
F07:0019       	movmi	R0,#0
               S01:0000FBCC:  00 00 A0 43
F07:0020       	orr		R7,R7,R0,lsl #8
               S01:0000FBD0:  00 74 87 E1
F07:0021       
F07:0022       	ldrb	R0,[R1,R11,lsr #12]
               S01:0000FBD4:  2B 06 D1 E7
F07:0023       	add		R11,R11,R12
               S01:0000FBD8:  0C B0 8B E0
F07:0024       	mov		R4,R13,lsl #24
               S01:0000FBDC:  0D 4C A0 E1
F07:0025       	subs	R0,R0,R4,lsr #24
               S01:0000FBE0:  24 0C 50 E0
F07:0026       	movmi	R0,#0
               S01:0000FBE4:  00 00 A0 43
F07:0027       	orr		R7,R7,R0
               S01:0000FBE8:  00 70 87 E1
F07:0028       
F07:0029       	str		R7,[R14],#4		
               S01:0000FBEC:  04 70 8E E4
F07:0030       	
F07:0001       	ldrb	R0,[R1,R2,lsr #12]
               S01:0000FBF0:  22 06 D1 E7
F07:0002       	add		R2,R2,R3
               S01:0000FBF4:  03 20 82 E0
F07:0003       	mov		R4,R13,lsr #24
               S01:0000FBF8:  2D 4C A0 E1
F07:0004       	subs	R0,R0,R4
               S01:0000FBFC:  04 00 50 E0
F07:0005       	movmi	R0,#0
               S01:0000FC00:  00 00 A0 43
F07:0006       	mov		R7,R0,lsl #24
               S01:0000FC04:  00 7C A0 E1
F07:0007       
F07:0008       	ldrb	R0,[R1,R5,lsr #12]
               S01:0000FC08:  25 06 D1 E7
F07:0009       	add		R5,R5,R6
               S01:0000FC0C:  06 50 85 E0
F07:0010       	mov		R4,R13,lsl #8
               S01:0000FC10:  0D 44 A0 E1
F07:0011       	subs	R0,R0,R4,lsr #24
               S01:0000FC14:  24 0C 50 E0
F07:0012       	movmi	R0,#0
               S01:0000FC18:  00 00 A0 43
F07:0013       	orr		R7,R7,R0,lsl #16
               S01:0000FC1C:  00 78 87 E1
F07:0014       
F07:0015       	ldrb	R0,[R1,R8,lsr #12]
               S01:0000FC20:  28 06 D1 E7
F07:0016       	add		R8,R8,R9
               S01:0000FC24:  09 80 88 E0
F07:0017       	mov		R4,R13,lsl #16
               S01:0000FC28:  0D 48 A0 E1
F07:0018       	subs	R0,R0,R4, lsr #24
               S01:0000FC2C:  24 0C 50 E0
F07:0019       	movmi	R0,#0
               S01:0000FC30:  00 00 A0 43
F07:0020       	orr		R7,R7,R0,lsl #8
               S01:0000FC34:  00 74 87 E1
F07:0021       
F07:0022       	ldrb	R0,[R1,R11,lsr #12]
               S01:0000FC38:  2B 06 D1 E7
F07:0023       	add		R11,R11,R12
               S01:0000FC3C:  0C B0 8B E0
F07:0024       	mov		R4,R13,lsl #24
               S01:0000FC40:  0D 4C A0 E1
F07:0025       	subs	R0,R0,R4,lsr #24
               S01:0000FC44:  24 0C 50 E0
F07:0026       	movmi	R0,#0
               S01:0000FC48:  00 00 A0 43
F07:0027       	orr		R7,R7,R0
               S01:0000FC4C:  00 70 87 E1
F07:0028       
F07:0029       	str		R7,[R14],#4		
               S01:0000FC50:  04 70 8E E4
F07:0030       	
F07:0001       	ldrb	R0,[R1,R2,lsr #12]
               S01:0000FC54:  22 06 D1 E7
F07:0002       	add		R2,R2,R3
               S01:0000FC58:  03 20 82 E0
F07:0003       	mov		R4,R13,lsr #24
               S01:0000FC5C:  2D 4C A0 E1
F07:0004       	subs	R0,R0,R4
               S01:0000FC60:  04 00 50 E0
F07:0005       	movmi	R0,#0
               S01:0000FC64:  00 00 A0 43
F07:0006       	mov		R7,R0,lsl #24
               S01:0000FC68:  00 7C A0 E1
F07:0007       
F07:0008       	ldrb	R0,[R1,R5,lsr #12]
               S01:0000FC6C:  25 06 D1 E7
F07:0009       	add		R5,R5,R6
               S01:0000FC70:  06 50 85 E0
F07:0010       	mov		R4,R13,lsl #8
               S01:0000FC74:  0D 44 A0 E1
F07:0011       	subs	R0,R0,R4,lsr #24
               S01:0000FC78:  24 0C 50 E0
F07:0012       	movmi	R0,#0
               S01:0000FC7C:  00 00 A0 43
F07:0013       	orr		R7,R7,R0,lsl #16
               S01:0000FC80:  00 78 87 E1
F07:0014       
F07:0015       	ldrb	R0,[R1,R8,lsr #12]
               S01:0000FC84:  28 06 D1 E7
F07:0016       	add		R8,R8,R9
               S01:0000FC88:  09 80 88 E0
F07:0017       	mov		R4,R13,lsl #16
               S01:0000FC8C:  0D 48 A0 E1
F07:0018       	subs	R0,R0,R4, lsr #24
               S01:0000FC90:  24 0C 50 E0
F07:0019       	movmi	R0,#0
               S01:0000FC94:  00 00 A0 43
F07:0020       	orr		R7,R7,R0,lsl #8
               S01:0000FC98:  00 74 87 E1
F07:0021       
F07:0022       	ldrb	R0,[R1,R11,lsr #12]
               S01:0000FC9C:  2B 06 D1 E7
F07:0023       	add		R11,R11,R12
               S01:0000FCA0:  0C B0 8B E0
F07:0024       	mov		R4,R13,lsl #24
               S01:0000FCA4:  0D 4C A0 E1
F07:0025       	subs	R0,R0,R4,lsr #24
               S01:0000FCA8:  24 0C 50 E0
F07:0026       	movmi	R0,#0
               S01:0000FCAC:  00 00 A0 43
F07:0027       	orr		R7,R7,R0
               S01:0000FCB0:  00 70 87 E1
F07:0028       
F07:0029       	str		R7,[R14],#4		
               S01:0000FCB4:  04 70 8E E4
F07:0030       	
F07:0001       	ldrb	R0,[R1,R2,lsr #12]
               S01:0000FCB8:  22 06 D1 E7
F07:0002       	add		R2,R2,R3
               S01:0000FCBC:  03 20 82 E0
F07:0003       	mov		R4,R13,lsr #24
               S01:0000FCC0:  2D 4C A0 E1
F07:0004       	subs	R0,R0,R4
               S01:0000FCC4:  04 00 50 E0
F07:0005       	movmi	R0,#0
               S01:0000FCC8:  00 00 A0 43
F07:0006       	mov		R7,R0,lsl #24
               S01:0000FCCC:  00 7C A0 E1
F07:0007       
F07:0008       	ldrb	R0,[R1,R5,lsr #12]
               S01:0000FCD0:  25 06 D1 E7
F07:0009       	add		R5,R5,R6
               S01:0000FCD4:  06 50 85 E0
F07:0010       	mov		R4,R13,lsl #8
               S01:0000FCD8:  0D 44 A0 E1
F07:0011       	subs	R0,R0,R4,lsr #24
               S01:0000FCDC:  24 0C 50 E0
F07:0012       	movmi	R0,#0
               S01:0000FCE0:  00 00 A0 43
F07:0013       	orr		R7,R7,R0,lsl #16
               S01:0000FCE4:  00 78 87 E1
F07:0014       
F07:0015       	ldrb	R0,[R1,R8,lsr #12]
               S01:0000FCE8:  28 06 D1 E7
F07:0016       	add		R8,R8,R9
               S01:0000FCEC:  09 80 88 E0
F07:0017       	mov		R4,R13,lsl #16
               S01:0000FCF0:  0D 48 A0 E1
F07:0018       	subs	R0,R0,R4, lsr #24
               S01:0000FCF4:  24 0C 50 E0
F07:0019       	movmi	R0,#0
               S01:0000FCF8:  00 00 A0 43
F07:0020       	orr		R7,R7,R0,lsl #8
               S01:0000FCFC:  00 74 87 E1
F07:0021       
F07:0022       	ldrb	R0,[R1,R11,lsr #12]
               S01:0000FD00:  2B 06 D1 E7
F07:0023       	add		R11,R11,R12
               S01:0000FD04:  0C B0 8B E0
F07:0024       	mov		R4,R13,lsl #24
               S01:0000FD08:  0D 4C A0 E1
F07:0025       	subs	R0,R0,R4,lsr #24
               S01:0000FD0C:  24 0C 50 E0
F07:0026       	movmi	R0,#0
               S01:0000FD10:  00 00 A0 43
F07:0027       	orr		R7,R7,R0
               S01:0000FD14:  00 70 87 E1
F07:0028       
F07:0029       	str		R7,[R14],#4		
               S01:0000FD18:  04 70 8E E4
F07:0030       	
F07:0001       	ldrb	R0,[R1,R2,lsr #12]
               S01:0000FD1C:  22 06 D1 E7
F07:0002       	add		R2,R2,R3
               S01:0000FD20:  03 20 82 E0
F07:0003       	mov		R4,R13,lsr #24
               S01:0000FD24:  2D 4C A0 E1
F07:0004       	subs	R0,R0,R4
               S01:0000FD28:  04 00 50 E0
F07:0005       	movmi	R0,#0
               S01:0000FD2C:  00 00 A0 43
F07:0006       	mov		R7,R0,lsl #24
               S01:0000FD30:  00 7C A0 E1
F07:0007       
F07:0008       	ldrb	R0,[R1,R5,lsr #12]
               S01:0000FD34:  25 06 D1 E7
F07:0009       	add		R5,R5,R6
               S01:0000FD38:  06 50 85 E0
F07:0010       	mov		R4,R13,lsl #8
               S01:0000FD3C:  0D 44 A0 E1
F07:0011       	subs	R0,R0,R4,lsr #24
               S01:0000FD40:  24 0C 50 E0
F07:0012       	movmi	R0,#0
               S01:0000FD44:  00 00 A0 43
F07:0013       	orr		R7,R7,R0,lsl #16
               S01:0000FD48:  00 78 87 E1
F07:0014       
F07:0015       	ldrb	R0,[R1,R8,lsr #12]
               S01:0000FD4C:  28 06 D1 E7
F07:0016       	add		R8,R8,R9
               S01:0000FD50:  09 80 88 E0
F07:0017       	mov		R4,R13,lsl #16
               S01:0000FD54:  0D 48 A0 E1
F07:0018       	subs	R0,R0,R4, lsr #24
               S01:0000FD58:  24 0C 50 E0
F07:0019       	movmi	R0,#0
               S01:0000FD5C:  00 00 A0 43
F07:0020       	orr		R7,R7,R0,lsl #8
               S01:0000FD60:  00 74 87 E1
F07:0021       
F07:0022       	ldrb	R0,[R1,R11,lsr #12]
               S01:0000FD64:  2B 06 D1 E7
F07:0023       	add		R11,R11,R12
               S01:0000FD68:  0C B0 8B E0
F07:0024       	mov		R4,R13,lsl #24
               S01:0000FD6C:  0D 4C A0 E1
F07:0025       	subs	R0,R0,R4,lsr #24
               S01:0000FD70:  24 0C 50 E0
F07:0026       	movmi	R0,#0
               S01:0000FD74:  00 00 A0 43
F07:0027       	orr		R7,R7,R0
               S01:0000FD78:  00 70 87 E1
F07:0028       
F07:0029       	str		R7,[R14],#4		
               S01:0000FD7C:  04 70 8E E4
F07:0030       	
F07:0001       	ldrb	R0,[R1,R2,lsr #12]
               S01:0000FD80:  22 06 D1 E7
F07:0002       	add		R2,R2,R3
               S01:0000FD84:  03 20 82 E0
F07:0003       	mov		R4,R13,lsr #24
               S01:0000FD88:  2D 4C A0 E1
F07:0004       	subs	R0,R0,R4
               S01:0000FD8C:  04 00 50 E0
F07:0005       	movmi	R0,#0
               S01:0000FD90:  00 00 A0 43
F07:0006       	mov		R7,R0,lsl #24
               S01:0000FD94:  00 7C A0 E1
F07:0007       
F07:0008       	ldrb	R0,[R1,R5,lsr #12]
               S01:0000FD98:  25 06 D1 E7
F07:0009       	add		R5,R5,R6
               S01:0000FD9C:  06 50 85 E0
F07:0010       	mov		R4,R13,lsl #8
               S01:0000FDA0:  0D 44 A0 E1
F07:0011       	subs	R0,R0,R4,lsr #24
               S01:0000FDA4:  24 0C 50 E0
F07:0012       	movmi	R0,#0
               S01:0000FDA8:  00 00 A0 43
F07:0013       	orr		R7,R7,R0,lsl #16
               S01:0000FDAC:  00 78 87 E1
F07:0014       
F07:0015       	ldrb	R0,[R1,R8,lsr #12]
               S01:0000FDB0:  28 06 D1 E7
F07:0016       	add		R8,R8,R9
               S01:0000FDB4:  09 80 88 E0
F07:0017       	mov		R4,R13,lsl #16
               S01:0000FDB8:  0D 48 A0 E1
F07:0018       	subs	R0,R0,R4, lsr #24
               S01:0000FDBC:  24 0C 50 E0
F07:0019       	movmi	R0,#0
               S01:0000FDC0:  00 00 A0 43
F07:0020       	orr		R7,R7,R0,lsl #8
               S01:0000FDC4:  00 74 87 E1
F07:0021       
F07:0022       	ldrb	R0,[R1,R11,lsr #12]
               S01:0000FDC8:  2B 06 D1 E7
F07:0023       	add		R11,R11,R12
               S01:0000FDCC:  0C B0 8B E0
F07:0024       	mov		R4,R13,lsl #24
               S01:0000FDD0:  0D 4C A0 E1
F07:0025       	subs	R0,R0,R4,lsr #24
               S01:0000FDD4:  24 0C 50 E0
F07:0026       	movmi	R0,#0
               S01:0000FDD8:  00 00 A0 43
F07:0027       	orr		R7,R7,R0
               S01:0000FDDC:  00 70 87 E1
F07:0028       
F07:0029       	str		R7,[R14],#4		
               S01:0000FDE0:  04 70 8E E4
F07:0030       	
F07:0001       	ldrb	R0,[R1,R2,lsr #12]
               S01:0000FDE4:  22 06 D1 E7
F07:0002       	add		R2,R2,R3
               S01:0000FDE8:  03 20 82 E0
F07:0003       	mov		R4,R13,lsr #24
               S01:0000FDEC:  2D 4C A0 E1
F07:0004       	subs	R0,R0,R4
               S01:0000FDF0:  04 00 50 E0
F07:0005       	movmi	R0,#0
               S01:0000FDF4:  00 00 A0 43
F07:0006       	mov		R7,R0,lsl #24
               S01:0000FDF8:  00 7C A0 E1
F07:0007       
F07:0008       	ldrb	R0,[R1,R5,lsr #12]
               S01:0000FDFC:  25 06 D1 E7
F07:0009       	add		R5,R5,R6
               S01:0000FE00:  06 50 85 E0
F07:0010       	mov		R4,R13,lsl #8
               S01:0000FE04:  0D 44 A0 E1
F07:0011       	subs	R0,R0,R4,lsr #24
               S01:0000FE08:  24 0C 50 E0
F07:0012       	movmi	R0,#0
               S01:0000FE0C:  00 00 A0 43
F07:0013       	orr		R7,R7,R0,lsl #16
               S01:0000FE10:  00 78 87 E1
F07:0014       
F07:0015       	ldrb	R0,[R1,R8,lsr #12]
               S01:0000FE14:  28 06 D1 E7
F07:0016       	add		R8,R8,R9
               S01:0000FE18:  09 80 88 E0
F07:0017       	mov		R4,R13,lsl #16
               S01:0000FE1C:  0D 48 A0 E1
F07:0018       	subs	R0,R0,R4, lsr #24
               S01:0000FE20:  24 0C 50 E0
F07:0019       	movmi	R0,#0
               S01:0000FE24:  00 00 A0 43
F07:0020       	orr		R7,R7,R0,lsl #8
               S01:0000FE28:  00 74 87 E1
F07:0021       
F07:0022       	ldrb	R0,[R1,R11,lsr #12]
               S01:0000FE2C:  2B 06 D1 E7
F07:0023       	add		R11,R11,R12
               S01:0000FE30:  0C B0 8B E0
F07:0024       	mov		R4,R13,lsl #24
               S01:0000FE34:  0D 4C A0 E1
F07:0025       	subs	R0,R0,R4,lsr #24
               S01:0000FE38:  24 0C 50 E0
F07:0026       	movmi	R0,#0
               S01:0000FE3C:  00 00 A0 43
F07:0027       	orr		R7,R7,R0
               S01:0000FE40:  00 70 87 E1
F07:0028       
F07:0029       	str		R7,[R14],#4		
               S01:0000FE44:  04 70 8E E4
F07:0030       	
F07:0001       	ldrb	R0,[R1,R2,lsr #12]
               S01:0000FE48:  22 06 D1 E7
F07:0002       	add		R2,R2,R3
               S01:0000FE4C:  03 20 82 E0
F07:0003       	mov		R4,R13,lsr #24
               S01:0000FE50:  2D 4C A0 E1
F07:0004       	subs	R0,R0,R4
               S01:0000FE54:  04 00 50 E0
F07:0005       	movmi	R0,#0
               S01:0000FE58:  00 00 A0 43
F07:0006       	mov		R7,R0,lsl #24
               S01:0000FE5C:  00 7C A0 E1
F07:0007       
F07:0008       	ldrb	R0,[R1,R5,lsr #12]
               S01:0000FE60:  25 06 D1 E7
F07:0009       	add		R5,R5,R6
               S01:0000FE64:  06 50 85 E0
F07:0010       	mov		R4,R13,lsl #8
               S01:0000FE68:  0D 44 A0 E1
F07:0011       	subs	R0,R0,R4,lsr #24
               S01:0000FE6C:  24 0C 50 E0
F07:0012       	movmi	R0,#0
               S01:0000FE70:  00 00 A0 43
F07:0013       	orr		R7,R7,R0,lsl #16
               S01:0000FE74:  00 78 87 E1
F07:0014       
F07:0015       	ldrb	R0,[R1,R8,lsr #12]
               S01:0000FE78:  28 06 D1 E7
F07:0016       	add		R8,R8,R9
               S01:0000FE7C:  09 80 88 E0
F07:0017       	mov		R4,R13,lsl #16
               S01:0000FE80:  0D 48 A0 E1
F07:0018       	subs	R0,R0,R4, lsr #24
               S01:0000FE84:  24 0C 50 E0
F07:0019       	movmi	R0,#0
               S01:0000FE88:  00 00 A0 43
F07:0020       	orr		R7,R7,R0,lsl #8
               S01:0000FE8C:  00 74 87 E1
F07:0021       
F07:0022       	ldrb	R0,[R1,R11,lsr #12]
               S01:0000FE90:  2B 06 D1 E7
F07:0023       	add		R11,R11,R12
               S01:0000FE94:  0C B0 8B E0
F07:0024       	mov		R4,R13,lsl #24
               S01:0000FE98:  0D 4C A0 E1
F07:0025       	subs	R0,R0,R4,lsr #24
               S01:0000FE9C:  24 0C 50 E0
F07:0026       	movmi	R0,#0
               S01:0000FEA0:  00 00 A0 43
F07:0027       	orr		R7,R7,R0
               S01:0000FEA4:  00 70 87 E1
F07:0028       
F07:0029       	str		R7,[R14],#4		
               S01:0000FEA8:  04 70 8E E4
F07:0030       	
F07:0001       	ldrb	R0,[R1,R2,lsr #12]
               S01:0000FEAC:  22 06 D1 E7
F07:0002       	add		R2,R2,R3
               S01:0000FEB0:  03 20 82 E0
F07:0003       	mov		R4,R13,lsr #24
               S01:0000FEB4:  2D 4C A0 E1
F07:0004       	subs	R0,R0,R4
               S01:0000FEB8:  04 00 50 E0
F07:0005       	movmi	R0,#0
               S01:0000FEBC:  00 00 A0 43
F07:0006       	mov		R7,R0,lsl #24
               S01:0000FEC0:  00 7C A0 E1
F07:0007       
F07:0008       	ldrb	R0,[R1,R5,lsr #12]
               S01:0000FEC4:  25 06 D1 E7
F07:0009       	add		R5,R5,R6
               S01:0000FEC8:  06 50 85 E0
F07:0010       	mov		R4,R13,lsl #8
               S01:0000FECC:  0D 44 A0 E1
F07:0011       	subs	R0,R0,R4,lsr #24
               S01:0000FED0:  24 0C 50 E0
F07:0012       	movmi	R0,#0
               S01:0000FED4:  00 00 A0 43
F07:0013       	orr		R7,R7,R0,lsl #16
               S01:0000FED8:  00 78 87 E1
F07:0014       
F07:0015       	ldrb	R0,[R1,R8,lsr #12]
               S01:0000FEDC:  28 06 D1 E7
F07:0016       	add		R8,R8,R9
               S01:0000FEE0:  09 80 88 E0
F07:0017       	mov		R4,R13,lsl #16
               S01:0000FEE4:  0D 48 A0 E1
F07:0018       	subs	R0,R0,R4, lsr #24
               S01:0000FEE8:  24 0C 50 E0
F07:0019       	movmi	R0,#0
               S01:0000FEEC:  00 00 A0 43
F07:0020       	orr		R7,R7,R0,lsl #8
               S01:0000FEF0:  00 74 87 E1
F07:0021       
F07:0022       	ldrb	R0,[R1,R11,lsr #12]
               S01:0000FEF4:  2B 06 D1 E7
F07:0023       	add		R11,R11,R12
               S01:0000FEF8:  0C B0 8B E0
F07:0024       	mov		R4,R13,lsl #24
               S01:0000FEFC:  0D 4C A0 E1
F07:0025       	subs	R0,R0,R4,lsr #24
               S01:0000FF00:  24 0C 50 E0
F07:0026       	movmi	R0,#0
               S01:0000FF04:  00 00 A0 43
F07:0027       	orr		R7,R7,R0
               S01:0000FF08:  00 70 87 E1
F07:0028       
F07:0029       	str		R7,[R14],#4		
               S01:0000FF0C:  04 70 8E E4
F07:0030       	
F07:0001       	ldrb	R0,[R1,R2,lsr #12]
               S01:0000FF10:  22 06 D1 E7
F07:0002       	add		R2,R2,R3
               S01:0000FF14:  03 20 82 E0
F07:0003       	mov		R4,R13,lsr #24
               S01:0000FF18:  2D 4C A0 E1
F07:0004       	subs	R0,R0,R4
               S01:0000FF1C:  04 00 50 E0
F07:0005       	movmi	R0,#0
               S01:0000FF20:  00 00 A0 43
F07:0006       	mov		R7,R0,lsl #24
               S01:0000FF24:  00 7C A0 E1
F07:0007       
F07:0008       	ldrb	R0,[R1,R5,lsr #12]
               S01:0000FF28:  25 06 D1 E7
F07:0009       	add		R5,R5,R6
               S01:0000FF2C:  06 50 85 E0
F07:0010       	mov		R4,R13,lsl #8
               S01:0000FF30:  0D 44 A0 E1
F07:0011       	subs	R0,R0,R4,lsr #24
               S01:0000FF34:  24 0C 50 E0
F07:0012       	movmi	R0,#0
               S01:0000FF38:  00 00 A0 43
F07:0013       	orr		R7,R7,R0,lsl #16
               S01:0000FF3C:  00 78 87 E1
F07:0014       
F07:0015       	ldrb	R0,[R1,R8,lsr #12]
               S01:0000FF40:  28 06 D1 E7
F07:0016       	add		R8,R8,R9
               S01:0000FF44:  09 80 88 E0
F07:0017       	mov		R4,R13,lsl #16
               S01:0000FF48:  0D 48 A0 E1
F07:0018       	subs	R0,R0,R4, lsr #24
               S01:0000FF4C:  24 0C 50 E0
F07:0019       	movmi	R0,#0
               S01:0000FF50:  00 00 A0 43
F07:0020       	orr		R7,R7,R0,lsl #8
               S01:0000FF54:  00 74 87 E1
F07:0021       
F07:0022       	ldrb	R0,[R1,R11,lsr #12]
               S01:0000FF58:  2B 06 D1 E7
F07:0023       	add		R11,R11,R12
               S01:0000FF5C:  0C B0 8B E0
F07:0024       	mov		R4,R13,lsl #24
               S01:0000FF60:  0D 4C A0 E1
F07:0025       	subs	R0,R0,R4,lsr #24
               S01:0000FF64:  24 0C 50 E0
F07:0026       	movmi	R0,#0
               S01:0000FF68:  00 00 A0 43
F07:0027       	orr		R7,R7,R0
               S01:0000FF6C:  00 70 87 E1
F07:0028       
F07:0029       	str		R7,[R14],#4		
               S01:0000FF70:  04 70 8E E4
F07:0030       	
F07:0001       	ldrb	R0,[R1,R2,lsr #12]
               S01:0000FF74:  22 06 D1 E7
F07:0002       	add		R2,R2,R3
               S01:0000FF78:  03 20 82 E0
F07:0003       	mov		R4,R13,lsr #24
               S01:0000FF7C:  2D 4C A0 E1
F07:0004       	subs	R0,R0,R4
               S01:0000FF80:  04 00 50 E0
F07:0005       	movmi	R0,#0
               S01:0000FF84:  00 00 A0 43
F07:0006       	mov		R7,R0,lsl #24
               S01:0000FF88:  00 7C A0 E1
F07:0007       
F07:0008       	ldrb	R0,[R1,R5,lsr #12]
               S01:0000FF8C:  25 06 D1 E7
F07:0009       	add		R5,R5,R6
               S01:0000FF90:  06 50 85 E0
F07:0010       	mov		R4,R13,lsl #8
               S01:0000FF94:  0D 44 A0 E1
F07:0011       	subs	R0,R0,R4,lsr #24
               S01:0000FF98:  24 0C 50 E0
F07:0012       	movmi	R0,#0
               S01:0000FF9C:  00 00 A0 43
F07:0013       	orr		R7,R7,R0,lsl #16
               S01:0000FFA0:  00 78 87 E1
F07:0014       
F07:0015       	ldrb	R0,[R1,R8,lsr #12]
               S01:0000FFA4:  28 06 D1 E7
F07:0016       	add		R8,R8,R9
               S01:0000FFA8:  09 80 88 E0
F07:0017       	mov		R4,R13,lsl #16
               S01:0000FFAC:  0D 48 A0 E1
F07:0018       	subs	R0,R0,R4, lsr #24
               S01:0000FFB0:  24 0C 50 E0
F07:0019       	movmi	R0,#0
               S01:0000FFB4:  00 00 A0 43
F07:0020       	orr		R7,R7,R0,lsl #8
               S01:0000FFB8:  00 74 87 E1
F07:0021       
F07:0022       	ldrb	R0,[R1,R11,lsr #12]
               S01:0000FFBC:  2B 06 D1 E7
F07:0023       	add		R11,R11,R12
               S01:0000FFC0:  0C B0 8B E0
F07:0024       	mov		R4,R13,lsl #24
               S01:0000FFC4:  0D 4C A0 E1
F07:0025       	subs	R0,R0,R4,lsr #24
               S01:0000FFC8:  24 0C 50 E0
F07:0026       	movmi	R0,#0
               S01:0000FFCC:  00 00 A0 43
F07:0027       	orr		R7,R7,R0
               S01:0000FFD0:  00 70 87 E1
F07:0028       
F07:0029       	str		R7,[R14],#4		
               S01:0000FFD4:  04 70 8E E4
F07:0030       	
F07:0001       	ldrb	R0,[R1,R2,lsr #12]
               S01:0000FFD8:  22 06 D1 E7
F07:0002       	add		R2,R2,R3
               S01:0000FFDC:  03 20 82 E0
F07:0003       	mov		R4,R13,lsr #24
               S01:0000FFE0:  2D 4C A0 E1
F07:0004       	subs	R0,R0,R4
               S01:0000FFE4:  04 00 50 E0
F07:0005       	movmi	R0,#0
               S01:0000FFE8:  00 00 A0 43
F07:0006       	mov		R7,R0,lsl #24
               S01:0000FFEC:  00 7C A0 E1
F07:0007       
F07:0008       	ldrb	R0,[R1,R5,lsr #12]
               S01:0000FFF0:  25 06 D1 E7
F07:0009       	add		R5,R5,R6
               S01:0000FFF4:  06 50 85 E0
F07:0010       	mov		R4,R13,lsl #8
               S01:0000FFF8:  0D 44 A0 E1
F07:0011       	subs	R0,R0,R4,lsr #24
               S01:0000FFFC:  24 0C 50 E0
F07:0012       	movmi	R0,#0
               S01:00010000:  00 00 A0 43
F07:0013       	orr		R7,R7,R0,lsl #16
               S01:00010004:  00 78 87 E1
F07:0014       
F07:0015       	ldrb	R0,[R1,R8,lsr #12]
               S01:00010008:  28 06 D1 E7
F07:0016       	add		R8,R8,R9
               S01:0001000C:  09 80 88 E0
F07:0017       	mov		R4,R13,lsl #16
               S01:00010010:  0D 48 A0 E1
F07:0018       	subs	R0,R0,R4, lsr #24
               S01:00010014:  24 0C 50 E0
F07:0019       	movmi	R0,#0
               S01:00010018:  00 00 A0 43
F07:0020       	orr		R7,R7,R0,lsl #8
               S01:0001001C:  00 74 87 E1
F07:0021       
F07:0022       	ldrb	R0,[R1,R11,lsr #12]
               S01:00010020:  2B 06 D1 E7
F07:0023       	add		R11,R11,R12
               S01:00010024:  0C B0 8B E0
F07:0024       	mov		R4,R13,lsl #24
               S01:00010028:  0D 4C A0 E1
F07:0025       	subs	R0,R0,R4,lsr #24
               S01:0001002C:  24 0C 50 E0
F07:0026       	movmi	R0,#0
               S01:00010030:  00 00 A0 43
F07:0027       	orr		R7,R7,R0
               S01:00010034:  00 70 87 E1
F07:0028       
F07:0029       	str		R7,[R14],#4		
               S01:00010038:  04 70 8E E4
F07:0030       	
F07:0001       	ldrb	R0,[R1,R2,lsr #12]
               S01:0001003C:  22 06 D1 E7
F07:0002       	add		R2,R2,R3
               S01:00010040:  03 20 82 E0
F07:0003       	mov		R4,R13,lsr #24
               S01:00010044:  2D 4C A0 E1
F07:0004       	subs	R0,R0,R4
               S01:00010048:  04 00 50 E0
F07:0005       	movmi	R0,#0
               S01:0001004C:  00 00 A0 43
F07:0006       	mov		R7,R0,lsl #24
               S01:00010050:  00 7C A0 E1
F07:0007       
F07:0008       	ldrb	R0,[R1,R5,lsr #12]
               S01:00010054:  25 06 D1 E7
F07:0009       	add		R5,R5,R6
               S01:00010058:  06 50 85 E0
F07:0010       	mov		R4,R13,lsl #8
               S01:0001005C:  0D 44 A0 E1
F07:0011       	subs	R0,R0,R4,lsr #24
               S01:00010060:  24 0C 50 E0
F07:0012       	movmi	R0,#0
               S01:00010064:  00 00 A0 43
F07:0013       	orr		R7,R7,R0,lsl #16
               S01:00010068:  00 78 87 E1
F07:0014       
F07:0015       	ldrb	R0,[R1,R8,lsr #12]
               S01:0001006C:  28 06 D1 E7
F07:0016       	add		R8,R8,R9
               S01:00010070:  09 80 88 E0
F07:0017       	mov		R4,R13,lsl #16
               S01:00010074:  0D 48 A0 E1
F07:0018       	subs	R0,R0,R4, lsr #24
               S01:00010078:  24 0C 50 E0
F07:0019       	movmi	R0,#0
               S01:0001007C:  00 00 A0 43
F07:0020       	orr		R7,R7,R0,lsl #8
               S01:00010080:  00 74 87 E1
F07:0021       
F07:0022       	ldrb	R0,[R1,R11,lsr #12]
               S01:00010084:  2B 06 D1 E7
F07:0023       	add		R11,R11,R12
               S01:00010088:  0C B0 8B E0
F07:0024       	mov		R4,R13,lsl #24
               S01:0001008C:  0D 4C A0 E1
F07:0025       	subs	R0,R0,R4,lsr #24
               S01:00010090:  24 0C 50 E0
F07:0026       	movmi	R0,#0
               S01:00010094:  00 00 A0 43
F07:0027       	orr		R7,R7,R0
               S01:00010098:  00 70 87 E1
F07:0028       
F07:0029       	str		R7,[R14],#4		
               S01:0001009C:  04 70 8E E4
F07:0030       	
F07:0001       	ldrb	R0,[R1,R2,lsr #12]
               S01:000100A0:  22 06 D1 E7
F07:0002       	add		R2,R2,R3
               S01:000100A4:  03 20 82 E0
F07:0003       	mov		R4,R13,lsr #24
               S01:000100A8:  2D 4C A0 E1
F07:0004       	subs	R0,R0,R4
               S01:000100AC:  04 00 50 E0
F07:0005       	movmi	R0,#0
               S01:000100B0:  00 00 A0 43
F07:0006       	mov		R7,R0,lsl #24
               S01:000100B4:  00 7C A0 E1
F07:0007       
F07:0008       	ldrb	R0,[R1,R5,lsr #12]
               S01:000100B8:  25 06 D1 E7
F07:0009       	add		R5,R5,R6
               S01:000100BC:  06 50 85 E0
F07:0010       	mov		R4,R13,lsl #8
               S01:000100C0:  0D 44 A0 E1
F07:0011       	subs	R0,R0,R4,lsr #24
               S01:000100C4:  24 0C 50 E0
F07:0012       	movmi	R0,#0
               S01:000100C8:  00 00 A0 43
F07:0013       	orr		R7,R7,R0,lsl #16
               S01:000100CC:  00 78 87 E1
F07:0014       
F07:0015       	ldrb	R0,[R1,R8,lsr #12]
               S01:000100D0:  28 06 D1 E7
F07:0016       	add		R8,R8,R9
               S01:000100D4:  09 80 88 E0
F07:0017       	mov		R4,R13,lsl #16
               S01:000100D8:  0D 48 A0 E1
F07:0018       	subs	R0,R0,R4, lsr #24
               S01:000100DC:  24 0C 50 E0
F07:0019       	movmi	R0,#0
               S01:000100E0:  00 00 A0 43
F07:0020       	orr		R7,R7,R0,lsl #8
               S01:000100E4:  00 74 87 E1
F07:0021       
F07:0022       	ldrb	R0,[R1,R11,lsr #12]
               S01:000100E8:  2B 06 D1 E7
F07:0023       	add		R11,R11,R12
               S01:000100EC:  0C B0 8B E0
F07:0024       	mov		R4,R13,lsl #24
               S01:000100F0:  0D 4C A0 E1
F07:0025       	subs	R0,R0,R4,lsr #24
               S01:000100F4:  24 0C 50 E0
F07:0026       	movmi	R0,#0
               S01:000100F8:  00 00 A0 43
F07:0027       	orr		R7,R7,R0
               S01:000100FC:  00 70 87 E1
F07:0028       
F07:0029       	str		R7,[R14],#4		
               S01:00010100:  04 70 8E E4
F07:0030       	
F07:0001       	ldrb	R0,[R1,R2,lsr #12]
               S01:00010104:  22 06 D1 E7
F07:0002       	add		R2,R2,R3
               S01:00010108:  03 20 82 E0
F07:0003       	mov		R4,R13,lsr #24
               S01:0001010C:  2D 4C A0 E1
F07:0004       	subs	R0,R0,R4
               S01:00010110:  04 00 50 E0
F07:0005       	movmi	R0,#0
               S01:00010114:  00 00 A0 43
F07:0006       	mov		R7,R0,lsl #24
               S01:00010118:  00 7C A0 E1
F07:0007       
F07:0008       	ldrb	R0,[R1,R5,lsr #12]
               S01:0001011C:  25 06 D1 E7
F07:0009       	add		R5,R5,R6
               S01:00010120:  06 50 85 E0
F07:0010       	mov		R4,R13,lsl #8
               S01:00010124:  0D 44 A0 E1
F07:0011       	subs	R0,R0,R4,lsr #24
               S01:00010128:  24 0C 50 E0
F07:0012       	movmi	R0,#0
               S01:0001012C:  00 00 A0 43
F07:0013       	orr		R7,R7,R0,lsl #16
               S01:00010130:  00 78 87 E1
F07:0014       
F07:0015       	ldrb	R0,[R1,R8,lsr #12]
               S01:00010134:  28 06 D1 E7
F07:0016       	add		R8,R8,R9
               S01:00010138:  09 80 88 E0
F07:0017       	mov		R4,R13,lsl #16
               S01:0001013C:  0D 48 A0 E1
F07:0018       	subs	R0,R0,R4, lsr #24
               S01:00010140:  24 0C 50 E0
F07:0019       	movmi	R0,#0
               S01:00010144:  00 00 A0 43
F07:0020       	orr		R7,R7,R0,lsl #8
               S01:00010148:  00 74 87 E1
F07:0021       
F07:0022       	ldrb	R0,[R1,R11,lsr #12]
               S01:0001014C:  2B 06 D1 E7
F07:0023       	add		R11,R11,R12
               S01:00010150:  0C B0 8B E0
F07:0024       	mov		R4,R13,lsl #24
               S01:00010154:  0D 4C A0 E1
F07:0025       	subs	R0,R0,R4,lsr #24
               S01:00010158:  24 0C 50 E0
F07:0026       	movmi	R0,#0
               S01:0001015C:  00 00 A0 43
F07:0027       	orr		R7,R7,R0
               S01:00010160:  00 70 87 E1
F07:0028       
F07:0029       	str		R7,[R14],#4		
               S01:00010164:  04 70 8E E4
F07:0030       	
F07:0001       	ldrb	R0,[R1,R2,lsr #12]
               S01:00010168:  22 06 D1 E7
F07:0002       	add		R2,R2,R3
               S01:0001016C:  03 20 82 E0
F07:0003       	mov		R4,R13,lsr #24
               S01:00010170:  2D 4C A0 E1
F07:0004       	subs	R0,R0,R4
               S01:00010174:  04 00 50 E0
F07:0005       	movmi	R0,#0
               S01:00010178:  00 00 A0 43
F07:0006       	mov		R7,R0,lsl #24
               S01:0001017C:  00 7C A0 E1
F07:0007       
F07:0008       	ldrb	R0,[R1,R5,lsr #12]
               S01:00010180:  25 06 D1 E7
F07:0009       	add		R5,R5,R6
               S01:00010184:  06 50 85 E0
F07:0010       	mov		R4,R13,lsl #8
               S01:00010188:  0D 44 A0 E1
F07:0011       	subs	R0,R0,R4,lsr #24
               S01:0001018C:  24 0C 50 E0
F07:0012       	movmi	R0,#0
               S01:00010190:  00 00 A0 43
F07:0013       	orr		R7,R7,R0,lsl #16
               S01:00010194:  00 78 87 E1
F07:0014       
F07:0015       	ldrb	R0,[R1,R8,lsr #12]
               S01:00010198:  28 06 D1 E7
F07:0016       	add		R8,R8,R9
               S01:0001019C:  09 80 88 E0
F07:0017       	mov		R4,R13,lsl #16
               S01:000101A0:  0D 48 A0 E1
F07:0018       	subs	R0,R0,R4, lsr #24
               S01:000101A4:  24 0C 50 E0
F07:0019       	movmi	R0,#0
               S01:000101A8:  00 00 A0 43
F07:0020       	orr		R7,R7,R0,lsl #8
               S01:000101AC:  00 74 87 E1
F07:0021       
F07:0022       	ldrb	R0,[R1,R11,lsr #12]
               S01:000101B0:  2B 06 D1 E7
F07:0023       	add		R11,R11,R12
               S01:000101B4:  0C B0 8B E0
F07:0024       	mov		R4,R13,lsl #24
               S01:000101B8:  0D 4C A0 E1
F07:0025       	subs	R0,R0,R4,lsr #24
               S01:000101BC:  24 0C 50 E0
F07:0026       	movmi	R0,#0
               S01:000101C0:  00 00 A0 43
F07:0027       	orr		R7,R7,R0
               S01:000101C4:  00 70 87 E1
F07:0028       
F07:0029       	str		R7,[R14],#4		
               S01:000101C8:  04 70 8E E4
F07:0030       	
F07:0001       	ldrb	R0,[R1,R2,lsr #12]
               S01:000101CC:  22 06 D1 E7
F07:0002       	add		R2,R2,R3
               S01:000101D0:  03 20 82 E0
F07:0003       	mov		R4,R13,lsr #24
               S01:000101D4:  2D 4C A0 E1
F07:0004       	subs	R0,R0,R4
               S01:000101D8:  04 00 50 E0
F07:0005       	movmi	R0,#0
               S01:000101DC:  00 00 A0 43
F07:0006       	mov		R7,R0,lsl #24
               S01:000101E0:  00 7C A0 E1
F07:0007       
F07:0008       	ldrb	R0,[R1,R5,lsr #12]
               S01:000101E4:  25 06 D1 E7
F07:0009       	add		R5,R5,R6
               S01:000101E8:  06 50 85 E0
F07:0010       	mov		R4,R13,lsl #8
               S01:000101EC:  0D 44 A0 E1
F07:0011       	subs	R0,R0,R4,lsr #24
               S01:000101F0:  24 0C 50 E0
F07:0012       	movmi	R0,#0
               S01:000101F4:  00 00 A0 43
F07:0013       	orr		R7,R7,R0,lsl #16
               S01:000101F8:  00 78 87 E1
F07:0014       
F07:0015       	ldrb	R0,[R1,R8,lsr #12]
               S01:000101FC:  28 06 D1 E7
F07:0016       	add		R8,R8,R9
               S01:00010200:  09 80 88 E0
F07:0017       	mov		R4,R13,lsl #16
               S01:00010204:  0D 48 A0 E1
F07:0018       	subs	R0,R0,R4, lsr #24
               S01:00010208:  24 0C 50 E0
F07:0019       	movmi	R0,#0
               S01:0001020C:  00 00 A0 43
F07:0020       	orr		R7,R7,R0,lsl #8
               S01:00010210:  00 74 87 E1
F07:0021       
F07:0022       	ldrb	R0,[R1,R11,lsr #12]
               S01:00010214:  2B 06 D1 E7
F07:0023       	add		R11,R11,R12
               S01:00010218:  0C B0 8B E0
F07:0024       	mov		R4,R13,lsl #24
               S01:0001021C:  0D 4C A0 E1
F07:0025       	subs	R0,R0,R4,lsr #24
               S01:00010220:  24 0C 50 E0
F07:0026       	movmi	R0,#0
               S01:00010224:  00 00 A0 43
F07:0027       	orr		R7,R7,R0
               S01:00010228:  00 70 87 E1
F07:0028       
F07:0029       	str		R7,[R14],#4		
               S01:0001022C:  04 70 8E E4
F07:0030       	
F07:0001       	ldrb	R0,[R1,R2,lsr #12]
               S01:00010230:  22 06 D1 E7
F07:0002       	add		R2,R2,R3
               S01:00010234:  03 20 82 E0
F07:0003       	mov		R4,R13,lsr #24
               S01:00010238:  2D 4C A0 E1
F07:0004       	subs	R0,R0,R4
               S01:0001023C:  04 00 50 E0
F07:0005       	movmi	R0,#0
               S01:00010240:  00 00 A0 43
F07:0006       	mov		R7,R0,lsl #24
               S01:00010244:  00 7C A0 E1
F07:0007       
F07:0008       	ldrb	R0,[R1,R5,lsr #12]
               S01:00010248:  25 06 D1 E7
F07:0009       	add		R5,R5,R6
               S01:0001024C:  06 50 85 E0
F07:0010       	mov		R4,R13,lsl #8
               S01:00010250:  0D 44 A0 E1
F07:0011       	subs	R0,R0,R4,lsr #24
               S01:00010254:  24 0C 50 E0
F07:0012       	movmi	R0,#0
               S01:00010258:  00 00 A0 43
F07:0013       	orr		R7,R7,R0,lsl #16
               S01:0001025C:  00 78 87 E1
F07:0014       
F07:0015       	ldrb	R0,[R1,R8,lsr #12]
               S01:00010260:  28 06 D1 E7
F07:0016       	add		R8,R8,R9
               S01:00010264:  09 80 88 E0
F07:0017       	mov		R4,R13,lsl #16
               S01:00010268:  0D 48 A0 E1
F07:0018       	subs	R0,R0,R4, lsr #24
               S01:0001026C:  24 0C 50 E0
F07:0019       	movmi	R0,#0
               S01:00010270:  00 00 A0 43
F07:0020       	orr		R7,R7,R0,lsl #8
               S01:00010274:  00 74 87 E1
F07:0021       
F07:0022       	ldrb	R0,[R1,R11,lsr #12]
               S01:00010278:  2B 06 D1 E7
F07:0023       	add		R11,R11,R12
               S01:0001027C:  0C B0 8B E0
F07:0024       	mov		R4,R13,lsl #24
               S01:00010280:  0D 4C A0 E1
F07:0025       	subs	R0,R0,R4,lsr #24
               S01:00010284:  24 0C 50 E0
F07:0026       	movmi	R0,#0
               S01:00010288:  00 00 A0 43
F07:0027       	orr		R7,R7,R0
               S01:0001028C:  00 70 87 E1
F07:0028       
F07:0029       	str		R7,[R14],#4		
               S01:00010290:  04 70 8E E4
F07:0030       	
F07:0001       	ldrb	R0,[R1,R2,lsr #12]
               S01:00010294:  22 06 D1 E7
F07:0002       	add		R2,R2,R3
               S01:00010298:  03 20 82 E0
F07:0003       	mov		R4,R13,lsr #24
               S01:0001029C:  2D 4C A0 E1
F07:0004       	subs	R0,R0,R4
               S01:000102A0:  04 00 50 E0
F07:0005       	movmi	R0,#0
               S01:000102A4:  00 00 A0 43
F07:0006       	mov		R7,R0,lsl #24
               S01:000102A8:  00 7C A0 E1
F07:0007       
F07:0008       	ldrb	R0,[R1,R5,lsr #12]
               S01:000102AC:  25 06 D1 E7
F07:0009       	add		R5,R5,R6
               S01:000102B0:  06 50 85 E0
F07:0010       	mov		R4,R13,lsl #8
               S01:000102B4:  0D 44 A0 E1
F07:0011       	subs	R0,R0,R4,lsr #24
               S01:000102B8:  24 0C 50 E0
F07:0012       	movmi	R0,#0
               S01:000102BC:  00 00 A0 43
F07:0013       	orr		R7,R7,R0,lsl #16
               S01:000102C0:  00 78 87 E1
F07:0014       
F07:0015       	ldrb	R0,[R1,R8,lsr #12]
               S01:000102C4:  28 06 D1 E7
F07:0016       	add		R8,R8,R9
               S01:000102C8:  09 80 88 E0
F07:0017       	mov		R4,R13,lsl #16
               S01:000102CC:  0D 48 A0 E1
F07:0018       	subs	R0,R0,R4, lsr #24
               S01:000102D0:  24 0C 50 E0
F07:0019       	movmi	R0,#0
               S01:000102D4:  00 00 A0 43
F07:0020       	orr		R7,R7,R0,lsl #8
               S01:000102D8:  00 74 87 E1
F07:0021       
F07:0022       	ldrb	R0,[R1,R11,lsr #12]
               S01:000102DC:  2B 06 D1 E7
F07:0023       	add		R11,R11,R12
               S01:000102E0:  0C B0 8B E0
F07:0024       	mov		R4,R13,lsl #24
               S01:000102E4:  0D 4C A0 E1
F07:0025       	subs	R0,R0,R4,lsr #24
               S01:000102E8:  24 0C 50 E0
F07:0026       	movmi	R0,#0
               S01:000102EC:  00 00 A0 43
F07:0027       	orr		R7,R7,R0
               S01:000102F0:  00 70 87 E1
F07:0028       
F07:0029       	str		R7,[R14],#4		
               S01:000102F4:  04 70 8E E4
F07:0030       	
F07:0001       	ldrb	R0,[R1,R2,lsr #12]
               S01:000102F8:  22 06 D1 E7
F07:0002       	add		R2,R2,R3
               S01:000102FC:  03 20 82 E0
F07:0003       	mov		R4,R13,lsr #24
               S01:00010300:  2D 4C A0 E1
F07:0004       	subs	R0,R0,R4
               S01:00010304:  04 00 50 E0
F07:0005       	movmi	R0,#0
               S01:00010308:  00 00 A0 43
F07:0006       	mov		R7,R0,lsl #24
               S01:0001030C:  00 7C A0 E1
F07:0007       
F07:0008       	ldrb	R0,[R1,R5,lsr #12]
               S01:00010310:  25 06 D1 E7
F07:0009       	add		R5,R5,R6
               S01:00010314:  06 50 85 E0
F07:0010       	mov		R4,R13,lsl #8
               S01:00010318:  0D 44 A0 E1
F07:0011       	subs	R0,R0,R4,lsr #24
               S01:0001031C:  24 0C 50 E0
F07:0012       	movmi	R0,#0
               S01:00010320:  00 00 A0 43
F07:0013       	orr		R7,R7,R0,lsl #16
               S01:00010324:  00 78 87 E1
F07:0014       
F07:0015       	ldrb	R0,[R1,R8,lsr #12]
               S01:00010328:  28 06 D1 E7
F07:0016       	add		R8,R8,R9
               S01:0001032C:  09 80 88 E0
F07:0017       	mov		R4,R13,lsl #16
               S01:00010330:  0D 48 A0 E1
F07:0018       	subs	R0,R0,R4, lsr #24
               S01:00010334:  24 0C 50 E0
F07:0019       	movmi	R0,#0
               S01:00010338:  00 00 A0 43
F07:0020       	orr		R7,R7,R0,lsl #8
               S01:0001033C:  00 74 87 E1
F07:0021       
F07:0022       	ldrb	R0,[R1,R11,lsr #12]
               S01:00010340:  2B 06 D1 E7
F07:0023       	add		R11,R11,R12
               S01:00010344:  0C B0 8B E0
F07:0024       	mov		R4,R13,lsl #24
               S01:00010348:  0D 4C A0 E1
F07:0025       	subs	R0,R0,R4,lsr #24
               S01:0001034C:  24 0C 50 E0
F07:0026       	movmi	R0,#0
               S01:00010350:  00 00 A0 43
F07:0027       	orr		R7,R7,R0
               S01:00010354:  00 70 87 E1
F07:0028       
F07:0029       	str		R7,[R14],#4		
               S01:00010358:  04 70 8E E4
F07:0030       	
F07:0001       	ldrb	R0,[R1,R2,lsr #12]
               S01:0001035C:  22 06 D1 E7
F07:0002       	add		R2,R2,R3
               S01:00010360:  03 20 82 E0
F07:0003       	mov		R4,R13,lsr #24
               S01:00010364:  2D 4C A0 E1
F07:0004       	subs	R0,R0,R4
               S01:00010368:  04 00 50 E0
F07:0005       	movmi	R0,#0
               S01:0001036C:  00 00 A0 43
F07:0006       	mov		R7,R0,lsl #24
               S01:00010370:  00 7C A0 E1
F07:0007       
F07:0008       	ldrb	R0,[R1,R5,lsr #12]
               S01:00010374:  25 06 D1 E7
F07:0009       	add		R5,R5,R6
               S01:00010378:  06 50 85 E0
F07:0010       	mov		R4,R13,lsl #8
               S01:0001037C:  0D 44 A0 E1
F07:0011       	subs	R0,R0,R4,lsr #24
               S01:00010380:  24 0C 50 E0
F07:0012       	movmi	R0,#0
               S01:00010384:  00 00 A0 43
F07:0013       	orr		R7,R7,R0,lsl #16
               S01:00010388:  00 78 87 E1
F07:0014       
F07:0015       	ldrb	R0,[R1,R8,lsr #12]
               S01:0001038C:  28 06 D1 E7
F07:0016       	add		R8,R8,R9
               S01:00010390:  09 80 88 E0
F07:0017       	mov		R4,R13,lsl #16
               S01:00010394:  0D 48 A0 E1
F07:0018       	subs	R0,R0,R4, lsr #24
               S01:00010398:  24 0C 50 E0
F07:0019       	movmi	R0,#0
               S01:0001039C:  00 00 A0 43
F07:0020       	orr		R7,R7,R0,lsl #8
               S01:000103A0:  00 74 87 E1
F07:0021       
F07:0022       	ldrb	R0,[R1,R11,lsr #12]
               S01:000103A4:  2B 06 D1 E7
F07:0023       	add		R11,R11,R12
               S01:000103A8:  0C B0 8B E0
F07:0024       	mov		R4,R13,lsl #24
               S01:000103AC:  0D 4C A0 E1
F07:0025       	subs	R0,R0,R4,lsr #24
               S01:000103B0:  24 0C 50 E0
F07:0026       	movmi	R0,#0
               S01:000103B4:  00 00 A0 43
F07:0027       	orr		R7,R7,R0
               S01:000103B8:  00 70 87 E1
F07:0028       
F07:0029       	str		R7,[R14],#4		
               S01:000103BC:  04 70 8E E4
F07:0030       	
F07:0001       	ldrb	R0,[R1,R2,lsr #12]
               S01:000103C0:  22 06 D1 E7
F07:0002       	add		R2,R2,R3
               S01:000103C4:  03 20 82 E0
F07:0003       	mov		R4,R13,lsr #24
               S01:000103C8:  2D 4C A0 E1
F07:0004       	subs	R0,R0,R4
               S01:000103CC:  04 00 50 E0
F07:0005       	movmi	R0,#0
               S01:000103D0:  00 00 A0 43
F07:0006       	mov		R7,R0,lsl #24
               S01:000103D4:  00 7C A0 E1
F07:0007       
F07:0008       	ldrb	R0,[R1,R5,lsr #12]
               S01:000103D8:  25 06 D1 E7
F07:0009       	add		R5,R5,R6
               S01:000103DC:  06 50 85 E0
F07:0010       	mov		R4,R13,lsl #8
               S01:000103E0:  0D 44 A0 E1
F07:0011       	subs	R0,R0,R4,lsr #24
               S01:000103E4:  24 0C 50 E0
F07:0012       	movmi	R0,#0
               S01:000103E8:  00 00 A0 43
F07:0013       	orr		R7,R7,R0,lsl #16
               S01:000103EC:  00 78 87 E1
F07:0014       
F07:0015       	ldrb	R0,[R1,R8,lsr #12]
               S01:000103F0:  28 06 D1 E7
F07:0016       	add		R8,R8,R9
               S01:000103F4:  09 80 88 E0
F07:0017       	mov		R4,R13,lsl #16
               S01:000103F8:  0D 48 A0 E1
F07:0018       	subs	R0,R0,R4, lsr #24
               S01:000103FC:  24 0C 50 E0
F07:0019       	movmi	R0,#0
               S01:00010400:  00 00 A0 43
F07:0020       	orr		R7,R7,R0,lsl #8
               S01:00010404:  00 74 87 E1
F07:0021       
F07:0022       	ldrb	R0,[R1,R11,lsr #12]
               S01:00010408:  2B 06 D1 E7
F07:0023       	add		R11,R11,R12
               S01:0001040C:  0C B0 8B E0
F07:0024       	mov		R4,R13,lsl #24
               S01:00010410:  0D 4C A0 E1
F07:0025       	subs	R0,R0,R4,lsr #24
               S01:00010414:  24 0C 50 E0
F07:0026       	movmi	R0,#0
               S01:00010418:  00 00 A0 43
F07:0027       	orr		R7,R7,R0
               S01:0001041C:  00 70 87 E1
F07:0028       
F07:0029       	str		R7,[R14],#4		
               S01:00010420:  04 70 8E E4
F07:0030       	
F07:0001       	ldrb	R0,[R1,R2,lsr #12]
               S01:00010424:  22 06 D1 E7
F07:0002       	add		R2,R2,R3
               S01:00010428:  03 20 82 E0
F07:0003       	mov		R4,R13,lsr #24
               S01:0001042C:  2D 4C A0 E1
F07:0004       	subs	R0,R0,R4
               S01:00010430:  04 00 50 E0
F07:0005       	movmi	R0,#0
               S01:00010434:  00 00 A0 43
F07:0006       	mov		R7,R0,lsl #24
               S01:00010438:  00 7C A0 E1
F07:0007       
F07:0008       	ldrb	R0,[R1,R5,lsr #12]
               S01:0001043C:  25 06 D1 E7
F07:0009       	add		R5,R5,R6
               S01:00010440:  06 50 85 E0
F07:0010       	mov		R4,R13,lsl #8
               S01:00010444:  0D 44 A0 E1
F07:0011       	subs	R0,R0,R4,lsr #24
               S01:00010448:  24 0C 50 E0
F07:0012       	movmi	R0,#0
               S01:0001044C:  00 00 A0 43
F07:0013       	orr		R7,R7,R0,lsl #16
               S01:00010450:  00 78 87 E1
F07:0014       
F07:0015       	ldrb	R0,[R1,R8,lsr #12]
               S01:00010454:  28 06 D1 E7
F07:0016       	add		R8,R8,R9
               S01:00010458:  09 80 88 E0
F07:0017       	mov		R4,R13,lsl #16
               S01:0001045C:  0D 48 A0 E1
F07:0018       	subs	R0,R0,R4, lsr #24
               S01:00010460:  24 0C 50 E0
F07:0019       	movmi	R0,#0
               S01:00010464:  00 00 A0 43
F07:0020       	orr		R7,R7,R0,lsl #8
               S01:00010468:  00 74 87 E1
F07:0021       
F07:0022       	ldrb	R0,[R1,R11,lsr #12]
               S01:0001046C:  2B 06 D1 E7
F07:0023       	add		R11,R11,R12
               S01:00010470:  0C B0 8B E0
F07:0024       	mov		R4,R13,lsl #24
               S01:00010474:  0D 4C A0 E1
F07:0025       	subs	R0,R0,R4,lsr #24
               S01:00010478:  24 0C 50 E0
F07:0026       	movmi	R0,#0
               S01:0001047C:  00 00 A0 43
F07:0027       	orr		R7,R7,R0
               S01:00010480:  00 70 87 E1
F07:0028       
F07:0029       	str		R7,[R14],#4		
               S01:00010484:  04 70 8E E4
F07:0030       	
F07:0001       	ldrb	R0,[R1,R2,lsr #12]
               S01:00010488:  22 06 D1 E7
F07:0002       	add		R2,R2,R3
               S01:0001048C:  03 20 82 E0
F07:0003       	mov		R4,R13,lsr #24
               S01:00010490:  2D 4C A0 E1
F07:0004       	subs	R0,R0,R4
               S01:00010494:  04 00 50 E0
F07:0005       	movmi	R0,#0
               S01:00010498:  00 00 A0 43
F07:0006       	mov		R7,R0,lsl #24
               S01:0001049C:  00 7C A0 E1
F07:0007       
F07:0008       	ldrb	R0,[R1,R5,lsr #12]
               S01:000104A0:  25 06 D1 E7
F07:0009       	add		R5,R5,R6
               S01:000104A4:  06 50 85 E0
F07:0010       	mov		R4,R13,lsl #8
               S01:000104A8:  0D 44 A0 E1
F07:0011       	subs	R0,R0,R4,lsr #24
               S01:000104AC:  24 0C 50 E0
F07:0012       	movmi	R0,#0
               S01:000104B0:  00 00 A0 43
F07:0013       	orr		R7,R7,R0,lsl #16
               S01:000104B4:  00 78 87 E1
F07:0014       
F07:0015       	ldrb	R0,[R1,R8,lsr #12]
               S01:000104B8:  28 06 D1 E7
F07:0016       	add		R8,R8,R9
               S01:000104BC:  09 80 88 E0
F07:0017       	mov		R4,R13,lsl #16
               S01:000104C0:  0D 48 A0 E1
F07:0018       	subs	R0,R0,R4, lsr #24
               S01:000104C4:  24 0C 50 E0
F07:0019       	movmi	R0,#0
               S01:000104C8:  00 00 A0 43
F07:0020       	orr		R7,R7,R0,lsl #8
               S01:000104CC:  00 74 87 E1
F07:0021       
F07:0022       	ldrb	R0,[R1,R11,lsr #12]
               S01:000104D0:  2B 06 D1 E7
F07:0023       	add		R11,R11,R12
               S01:000104D4:  0C B0 8B E0
F07:0024       	mov		R4,R13,lsl #24
               S01:000104D8:  0D 4C A0 E1
F07:0025       	subs	R0,R0,R4,lsr #24
               S01:000104DC:  24 0C 50 E0
F07:0026       	movmi	R0,#0
               S01:000104E0:  00 00 A0 43
F07:0027       	orr		R7,R7,R0
               S01:000104E4:  00 70 87 E1
F07:0028       
F07:0029       	str		R7,[R14],#4		
               S01:000104E8:  04 70 8E E4
F07:0030       	
F07:0001       	ldrb	R0,[R1,R2,lsr #12]
               S01:000104EC:  22 06 D1 E7
F07:0002       	add		R2,R2,R3
               S01:000104F0:  03 20 82 E0
F07:0003       	mov		R4,R13,lsr #24
               S01:000104F4:  2D 4C A0 E1
F07:0004       	subs	R0,R0,R4
               S01:000104F8:  04 00 50 E0
F07:0005       	movmi	R0,#0
               S01:000104FC:  00 00 A0 43
F07:0006       	mov		R7,R0,lsl #24
               S01:00010500:  00 7C A0 E1
F07:0007       
F07:0008       	ldrb	R0,[R1,R5,lsr #12]
               S01:00010504:  25 06 D1 E7
F07:0009       	add		R5,R5,R6
               S01:00010508:  06 50 85 E0
F07:0010       	mov		R4,R13,lsl #8
               S01:0001050C:  0D 44 A0 E1
F07:0011       	subs	R0,R0,R4,lsr #24
               S01:00010510:  24 0C 50 E0
F07:0012       	movmi	R0,#0
               S01:00010514:  00 00 A0 43
F07:0013       	orr		R7,R7,R0,lsl #16
               S01:00010518:  00 78 87 E1
F07:0014       
F07:0015       	ldrb	R0,[R1,R8,lsr #12]
               S01:0001051C:  28 06 D1 E7
F07:0016       	add		R8,R8,R9
               S01:00010520:  09 80 88 E0
F07:0017       	mov		R4,R13,lsl #16
               S01:00010524:  0D 48 A0 E1
F07:0018       	subs	R0,R0,R4, lsr #24
               S01:00010528:  24 0C 50 E0
F07:0019       	movmi	R0,#0
               S01:0001052C:  00 00 A0 43
F07:0020       	orr		R7,R7,R0,lsl #8
               S01:00010530:  00 74 87 E1
F07:0021       
F07:0022       	ldrb	R0,[R1,R11,lsr #12]
               S01:00010534:  2B 06 D1 E7
F07:0023       	add		R11,R11,R12
               S01:00010538:  0C B0 8B E0
F07:0024       	mov		R4,R13,lsl #24
               S01:0001053C:  0D 4C A0 E1
F07:0025       	subs	R0,R0,R4,lsr #24
               S01:00010540:  24 0C 50 E0
F07:0026       	movmi	R0,#0
               S01:00010544:  00 00 A0 43
F07:0027       	orr		R7,R7,R0
               S01:00010548:  00 70 87 E1
F07:0028       
F07:0029       	str		R7,[R14],#4		
               S01:0001054C:  04 70 8E E4
F07:0030       	
F07:0001       	ldrb	R0,[R1,R2,lsr #12]
               S01:00010550:  22 06 D1 E7
F07:0002       	add		R2,R2,R3
               S01:00010554:  03 20 82 E0
F07:0003       	mov		R4,R13,lsr #24
               S01:00010558:  2D 4C A0 E1
F07:0004       	subs	R0,R0,R4
               S01:0001055C:  04 00 50 E0
F07:0005       	movmi	R0,#0
               S01:00010560:  00 00 A0 43
F07:0006       	mov		R7,R0,lsl #24
               S01:00010564:  00 7C A0 E1
F07:0007       
F07:0008       	ldrb	R0,[R1,R5,lsr #12]
               S01:00010568:  25 06 D1 E7
F07:0009       	add		R5,R5,R6
               S01:0001056C:  06 50 85 E0
F07:0010       	mov		R4,R13,lsl #8
               S01:00010570:  0D 44 A0 E1
F07:0011       	subs	R0,R0,R4,lsr #24
               S01:00010574:  24 0C 50 E0
F07:0012       	movmi	R0,#0
               S01:00010578:  00 00 A0 43
F07:0013       	orr		R7,R7,R0,lsl #16
               S01:0001057C:  00 78 87 E1
F07:0014       
F07:0015       	ldrb	R0,[R1,R8,lsr #12]
               S01:00010580:  28 06 D1 E7
F07:0016       	add		R8,R8,R9
               S01:00010584:  09 80 88 E0
F07:0017       	mov		R4,R13,lsl #16
               S01:00010588:  0D 48 A0 E1
F07:0018       	subs	R0,R0,R4, lsr #24
               S01:0001058C:  24 0C 50 E0
F07:0019       	movmi	R0,#0
               S01:00010590:  00 00 A0 43
F07:0020       	orr		R7,R7,R0,lsl #8
               S01:00010594:  00 74 87 E1
F07:0021       
F07:0022       	ldrb	R0,[R1,R11,lsr #12]
               S01:00010598:  2B 06 D1 E7
F07:0023       	add		R11,R11,R12
               S01:0001059C:  0C B0 8B E0
F07:0024       	mov		R4,R13,lsl #24
               S01:000105A0:  0D 4C A0 E1
F07:0025       	subs	R0,R0,R4,lsr #24
               S01:000105A4:  24 0C 50 E0
F07:0026       	movmi	R0,#0
               S01:000105A8:  00 00 A0 43
F07:0027       	orr		R7,R7,R0
               S01:000105AC:  00 70 87 E1
F07:0028       
F07:0029       	str		R7,[R14],#4		
               S01:000105B0:  04 70 8E E4
F07:0030       	
F07:0001       	ldrb	R0,[R1,R2,lsr #12]
               S01:000105B4:  22 06 D1 E7
F07:0002       	add		R2,R2,R3
               S01:000105B8:  03 20 82 E0
F07:0003       	mov		R4,R13,lsr #24
               S01:000105BC:  2D 4C A0 E1
F07:0004       	subs	R0,R0,R4
               S01:000105C0:  04 00 50 E0
F07:0005       	movmi	R0,#0
               S01:000105C4:  00 00 A0 43
F07:0006       	mov		R7,R0,lsl #24
               S01:000105C8:  00 7C A0 E1
F07:0007       
F07:0008       	ldrb	R0,[R1,R5,lsr #12]
               S01:000105CC:  25 06 D1 E7
F07:0009       	add		R5,R5,R6
               S01:000105D0:  06 50 85 E0
F07:0010       	mov		R4,R13,lsl #8
               S01:000105D4:  0D 44 A0 E1
F07:0011       	subs	R0,R0,R4,lsr #24
               S01:000105D8:  24 0C 50 E0
F07:0012       	movmi	R0,#0
               S01:000105DC:  00 00 A0 43
F07:0013       	orr		R7,R7,R0,lsl #16
               S01:000105E0:  00 78 87 E1
F07:0014       
F07:0015       	ldrb	R0,[R1,R8,lsr #12]
               S01:000105E4:  28 06 D1 E7
F07:0016       	add		R8,R8,R9
               S01:000105E8:  09 80 88 E0
F07:0017       	mov		R4,R13,lsl #16
               S01:000105EC:  0D 48 A0 E1
F07:0018       	subs	R0,R0,R4, lsr #24
               S01:000105F0:  24 0C 50 E0
F07:0019       	movmi	R0,#0
               S01:000105F4:  00 00 A0 43
F07:0020       	orr		R7,R7,R0,lsl #8
               S01:000105F8:  00 74 87 E1
F07:0021       
F07:0022       	ldrb	R0,[R1,R11,lsr #12]
               S01:000105FC:  2B 06 D1 E7
F07:0023       	add		R11,R11,R12
               S01:00010600:  0C B0 8B E0
F07:0024       	mov		R4,R13,lsl #24
               S01:00010604:  0D 4C A0 E1
F07:0025       	subs	R0,R0,R4,lsr #24
               S01:00010608:  24 0C 50 E0
F07:0026       	movmi	R0,#0
               S01:0001060C:  00 00 A0 43
F07:0027       	orr		R7,R7,R0
               S01:00010610:  00 70 87 E1
F07:0028       
F07:0029       	str		R7,[R14],#4		
               S01:00010614:  04 70 8E E4
F07:0030       	
F07:0001       	ldrb	R0,[R1,R2,lsr #12]
               S01:00010618:  22 06 D1 E7
F07:0002       	add		R2,R2,R3
               S01:0001061C:  03 20 82 E0
F07:0003       	mov		R4,R13,lsr #24
               S01:00010620:  2D 4C A0 E1
F07:0004       	subs	R0,R0,R4
               S01:00010624:  04 00 50 E0
F07:0005       	movmi	R0,#0
               S01:00010628:  00 00 A0 43
F07:0006       	mov		R7,R0,lsl #24
               S01:0001062C:  00 7C A0 E1
F07:0007       
F07:0008       	ldrb	R0,[R1,R5,lsr #12]
               S01:00010630:  25 06 D1 E7
F07:0009       	add		R5,R5,R6
               S01:00010634:  06 50 85 E0
F07:0010       	mov		R4,R13,lsl #8
               S01:00010638:  0D 44 A0 E1
F07:0011       	subs	R0,R0,R4,lsr #24
               S01:0001063C:  24 0C 50 E0
F07:0012       	movmi	R0,#0
               S01:00010640:  00 00 A0 43
F07:0013       	orr		R7,R7,R0,lsl #16
               S01:00010644:  00 78 87 E1
F07:0014       
F07:0015       	ldrb	R0,[R1,R8,lsr #12]
               S01:00010648:  28 06 D1 E7
F07:0016       	add		R8,R8,R9
               S01:0001064C:  09 80 88 E0
F07:0017       	mov		R4,R13,lsl #16
               S01:00010650:  0D 48 A0 E1
F07:0018       	subs	R0,R0,R4, lsr #24
               S01:00010654:  24 0C 50 E0
F07:0019       	movmi	R0,#0
               S01:00010658:  00 00 A0 43
F07:0020       	orr		R7,R7,R0,lsl #8
               S01:0001065C:  00 74 87 E1
F07:0021       
F07:0022       	ldrb	R0,[R1,R11,lsr #12]
               S01:00010660:  2B 06 D1 E7
F07:0023       	add		R11,R11,R12
               S01:00010664:  0C B0 8B E0
F07:0024       	mov		R4,R13,lsl #24
               S01:00010668:  0D 4C A0 E1
F07:0025       	subs	R0,R0,R4,lsr #24
               S01:0001066C:  24 0C 50 E0
F07:0026       	movmi	R0,#0
               S01:00010670:  00 00 A0 43
F07:0027       	orr		R7,R7,R0
               S01:00010674:  00 70 87 E1
F07:0028       
F07:0029       	str		R7,[R14],#4		
               S01:00010678:  04 70 8E E4
F07:0030       	
F07:0001       	ldrb	R0,[R1,R2,lsr #12]
               S01:0001067C:  22 06 D1 E7
F07:0002       	add		R2,R2,R3
               S01:00010680:  03 20 82 E0
F07:0003       	mov		R4,R13,lsr #24
               S01:00010684:  2D 4C A0 E1
F07:0004       	subs	R0,R0,R4
               S01:00010688:  04 00 50 E0
F07:0005       	movmi	R0,#0
               S01:0001068C:  00 00 A0 43
F07:0006       	mov		R7,R0,lsl #24
               S01:00010690:  00 7C A0 E1
F07:0007       
F07:0008       	ldrb	R0,[R1,R5,lsr #12]
               S01:00010694:  25 06 D1 E7
F07:0009       	add		R5,R5,R6
               S01:00010698:  06 50 85 E0
F07:0010       	mov		R4,R13,lsl #8
               S01:0001069C:  0D 44 A0 E1
F07:0011       	subs	R0,R0,R4,lsr #24
               S01:000106A0:  24 0C 50 E0
F07:0012       	movmi	R0,#0
               S01:000106A4:  00 00 A0 43
F07:0013       	orr		R7,R7,R0,lsl #16
               S01:000106A8:  00 78 87 E1
F07:0014       
F07:0015       	ldrb	R0,[R1,R8,lsr #12]
               S01:000106AC:  28 06 D1 E7
F07:0016       	add		R8,R8,R9
               S01:000106B0:  09 80 88 E0
F07:0017       	mov		R4,R13,lsl #16
               S01:000106B4:  0D 48 A0 E1
F07:0018       	subs	R0,R0,R4, lsr #24
               S01:000106B8:  24 0C 50 E0
F07:0019       	movmi	R0,#0
               S01:000106BC:  00 00 A0 43
F07:0020       	orr		R7,R7,R0,lsl #8
               S01:000106C0:  00 74 87 E1
F07:0021       
F07:0022       	ldrb	R0,[R1,R11,lsr #12]
               S01:000106C4:  2B 06 D1 E7
F07:0023       	add		R11,R11,R12
               S01:000106C8:  0C B0 8B E0
F07:0024       	mov		R4,R13,lsl #24
               S01:000106CC:  0D 4C A0 E1
F07:0025       	subs	R0,R0,R4,lsr #24
               S01:000106D0:  24 0C 50 E0
F07:0026       	movmi	R0,#0
               S01:000106D4:  00 00 A0 43
F07:0027       	orr		R7,R7,R0
               S01:000106D8:  00 70 87 E1
F07:0028       
F07:0029       	str		R7,[R14],#4		
               S01:000106DC:  04 70 8E E4
F07:0030       	
F07:0001       	ldrb	R0,[R1,R2,lsr #12]
               S01:000106E0:  22 06 D1 E7
F07:0002       	add		R2,R2,R3
               S01:000106E4:  03 20 82 E0
F07:0003       	mov		R4,R13,lsr #24
               S01:000106E8:  2D 4C A0 E1
F07:0004       	subs	R0,R0,R4
               S01:000106EC:  04 00 50 E0
F07:0005       	movmi	R0,#0
               S01:000106F0:  00 00 A0 43
F07:0006       	mov		R7,R0,lsl #24
               S01:000106F4:  00 7C A0 E1
F07:0007       
F07:0008       	ldrb	R0,[R1,R5,lsr #12]
               S01:000106F8:  25 06 D1 E7
F07:0009       	add		R5,R5,R6
               S01:000106FC:  06 50 85 E0
F07:0010       	mov		R4,R13,lsl #8
               S01:00010700:  0D 44 A0 E1
F07:0011       	subs	R0,R0,R4,lsr #24
               S01:00010704:  24 0C 50 E0
F07:0012       	movmi	R0,#0
               S01:00010708:  00 00 A0 43
F07:0013       	orr		R7,R7,R0,lsl #16
               S01:0001070C:  00 78 87 E1
F07:0014       
F07:0015       	ldrb	R0,[R1,R8,lsr #12]
               S01:00010710:  28 06 D1 E7
F07:0016       	add		R8,R8,R9
               S01:00010714:  09 80 88 E0
F07:0017       	mov		R4,R13,lsl #16
               S01:00010718:  0D 48 A0 E1
F07:0018       	subs	R0,R0,R4, lsr #24
               S01:0001071C:  24 0C 50 E0
F07:0019       	movmi	R0,#0
               S01:00010720:  00 00 A0 43
F07:0020       	orr		R7,R7,R0,lsl #8
               S01:00010724:  00 74 87 E1
F07:0021       
F07:0022       	ldrb	R0,[R1,R11,lsr #12]
               S01:00010728:  2B 06 D1 E7
F07:0023       	add		R11,R11,R12
               S01:0001072C:  0C B0 8B E0
F07:0024       	mov		R4,R13,lsl #24
               S01:00010730:  0D 4C A0 E1
F07:0025       	subs	R0,R0,R4,lsr #24
               S01:00010734:  24 0C 50 E0
F07:0026       	movmi	R0,#0
               S01:00010738:  00 00 A0 43
F07:0027       	orr		R7,R7,R0
               S01:0001073C:  00 70 87 E1
F07:0028       
F07:0029       	str		R7,[R14],#4		
               S01:00010740:  04 70 8E E4
F07:0030       	
F07:0001       	ldrb	R0,[R1,R2,lsr #12]
               S01:00010744:  22 06 D1 E7
F07:0002       	add		R2,R2,R3
               S01:00010748:  03 20 82 E0
F07:0003       	mov		R4,R13,lsr #24
               S01:0001074C:  2D 4C A0 E1
F07:0004       	subs	R0,R0,R4
               S01:00010750:  04 00 50 E0
F07:0005       	movmi	R0,#0
               S01:00010754:  00 00 A0 43
F07:0006       	mov		R7,R0,lsl #24
               S01:00010758:  00 7C A0 E1
F07:0007       
F07:0008       	ldrb	R0,[R1,R5,lsr #12]
               S01:0001075C:  25 06 D1 E7
F07:0009       	add		R5,R5,R6
               S01:00010760:  06 50 85 E0
F07:0010       	mov		R4,R13,lsl #8
               S01:00010764:  0D 44 A0 E1
F07:0011       	subs	R0,R0,R4,lsr #24
               S01:00010768:  24 0C 50 E0
F07:0012       	movmi	R0,#0
               S01:0001076C:  00 00 A0 43
F07:0013       	orr		R7,R7,R0,lsl #16
               S01:00010770:  00 78 87 E1
F07:0014       
F07:0015       	ldrb	R0,[R1,R8,lsr #12]
               S01:00010774:  28 06 D1 E7
F07:0016       	add		R8,R8,R9
               S01:00010778:  09 80 88 E0
F07:0017       	mov		R4,R13,lsl #16
               S01:0001077C:  0D 48 A0 E1
F07:0018       	subs	R0,R0,R4, lsr #24
               S01:00010780:  24 0C 50 E0
F07:0019       	movmi	R0,#0
               S01:00010784:  00 00 A0 43
F07:0020       	orr		R7,R7,R0,lsl #8
               S01:00010788:  00 74 87 E1
F07:0021       
F07:0022       	ldrb	R0,[R1,R11,lsr #12]
               S01:0001078C:  2B 06 D1 E7
F07:0023       	add		R11,R11,R12
               S01:00010790:  0C B0 8B E0
F07:0024       	mov		R4,R13,lsl #24
               S01:00010794:  0D 4C A0 E1
F07:0025       	subs	R0,R0,R4,lsr #24
               S01:00010798:  24 0C 50 E0
F07:0026       	movmi	R0,#0
               S01:0001079C:  00 00 A0 43
F07:0027       	orr		R7,R7,R0
               S01:000107A0:  00 70 87 E1
F07:0028       
F07:0029       	str		R7,[R14],#4		
               S01:000107A4:  04 70 8E E4
F07:0030       	
F07:0001       	ldrb	R0,[R1,R2,lsr #12]
               S01:000107A8:  22 06 D1 E7
F07:0002       	add		R2,R2,R3
               S01:000107AC:  03 20 82 E0
F07:0003       	mov		R4,R13,lsr #24
               S01:000107B0:  2D 4C A0 E1
F07:0004       	subs	R0,R0,R4
               S01:000107B4:  04 00 50 E0
F07:0005       	movmi	R0,#0
               S01:000107B8:  00 00 A0 43
F07:0006       	mov		R7,R0,lsl #24
               S01:000107BC:  00 7C A0 E1
F07:0007       
F07:0008       	ldrb	R0,[R1,R5,lsr #12]
               S01:000107C0:  25 06 D1 E7
F07:0009       	add		R5,R5,R6
               S01:000107C4:  06 50 85 E0
F07:0010       	mov		R4,R13,lsl #8
               S01:000107C8:  0D 44 A0 E1
F07:0011       	subs	R0,R0,R4,lsr #24
               S01:000107CC:  24 0C 50 E0
F07:0012       	movmi	R0,#0
               S01:000107D0:  00 00 A0 43
F07:0013       	orr		R7,R7,R0,lsl #16
               S01:000107D4:  00 78 87 E1
F07:0014       
F07:0015       	ldrb	R0,[R1,R8,lsr #12]
               S01:000107D8:  28 06 D1 E7
F07:0016       	add		R8,R8,R9
               S01:000107DC:  09 80 88 E0
F07:0017       	mov		R4,R13,lsl #16
               S01:000107E0:  0D 48 A0 E1
F07:0018       	subs	R0,R0,R4, lsr #24
               S01:000107E4:  24 0C 50 E0
F07:0019       	movmi	R0,#0
               S01:000107E8:  00 00 A0 43
F07:0020       	orr		R7,R7,R0,lsl #8
               S01:000107EC:  00 74 87 E1
F07:0021       
F07:0022       	ldrb	R0,[R1,R11,lsr #12]
               S01:000107F0:  2B 06 D1 E7
F07:0023       	add		R11,R11,R12
               S01:000107F4:  0C B0 8B E0
F07:0024       	mov		R4,R13,lsl #24
               S01:000107F8:  0D 4C A0 E1
F07:0025       	subs	R0,R0,R4,lsr #24
               S01:000107FC:  24 0C 50 E0
F07:0026       	movmi	R0,#0
               S01:00010800:  00 00 A0 43
F07:0027       	orr		R7,R7,R0
               S01:00010804:  00 70 87 E1
F07:0028       
F07:0029       	str		R7,[R14],#4		
               S01:00010808:  04 70 8E E4
F07:0030       	
F07:0001       	ldrb	R0,[R1,R2,lsr #12]
               S01:0001080C:  22 06 D1 E7
F07:0002       	add		R2,R2,R3
               S01:00010810:  03 20 82 E0
F07:0003       	mov		R4,R13,lsr #24
               S01:00010814:  2D 4C A0 E1
F07:0004       	subs	R0,R0,R4
               S01:00010818:  04 00 50 E0
F07:0005       	movmi	R0,#0
               S01:0001081C:  00 00 A0 43
F07:0006       	mov		R7,R0,lsl #24
               S01:00010820:  00 7C A0 E1
F07:0007       
F07:0008       	ldrb	R0,[R1,R5,lsr #12]
               S01:00010824:  25 06 D1 E7
F07:0009       	add		R5,R5,R6
               S01:00010828:  06 50 85 E0
F07:0010       	mov		R4,R13,lsl #8
               S01:0001082C:  0D 44 A0 E1
F07:0011       	subs	R0,R0,R4,lsr #24
               S01:00010830:  24 0C 50 E0
F07:0012       	movmi	R0,#0
               S01:00010834:  00 00 A0 43
F07:0013       	orr		R7,R7,R0,lsl #16
               S01:00010838:  00 78 87 E1
F07:0014       
F07:0015       	ldrb	R0,[R1,R8,lsr #12]
               S01:0001083C:  28 06 D1 E7
F07:0016       	add		R8,R8,R9
               S01:00010840:  09 80 88 E0
F07:0017       	mov		R4,R13,lsl #16
               S01:00010844:  0D 48 A0 E1
F07:0018       	subs	R0,R0,R4, lsr #24
               S01:00010848:  24 0C 50 E0
F07:0019       	movmi	R0,#0
               S01:0001084C:  00 00 A0 43
F07:0020       	orr		R7,R7,R0,lsl #8
               S01:00010850:  00 74 87 E1
F07:0021       
F07:0022       	ldrb	R0,[R1,R11,lsr #12]
               S01:00010854:  2B 06 D1 E7
F07:0023       	add		R11,R11,R12
               S01:00010858:  0C B0 8B E0
F07:0024       	mov		R4,R13,lsl #24
               S01:0001085C:  0D 4C A0 E1
F07:0025       	subs	R0,R0,R4,lsr #24
               S01:00010860:  24 0C 50 E0
F07:0026       	movmi	R0,#0
               S01:00010864:  00 00 A0 43
F07:0027       	orr		R7,R7,R0
               S01:00010868:  00 70 87 E1
F07:0028       
F07:0029       	str		R7,[R14],#4		
               S01:0001086C:  04 70 8E E4
F07:0030       	
F07:0001       	ldrb	R0,[R1,R2,lsr #12]
               S01:00010870:  22 06 D1 E7
F07:0002       	add		R2,R2,R3
               S01:00010874:  03 20 82 E0
F07:0003       	mov		R4,R13,lsr #24
               S01:00010878:  2D 4C A0 E1
F07:0004       	subs	R0,R0,R4
               S01:0001087C:  04 00 50 E0
F07:0005       	movmi	R0,#0
               S01:00010880:  00 00 A0 43
F07:0006       	mov		R7,R0,lsl #24
               S01:00010884:  00 7C A0 E1
F07:0007       
F07:0008       	ldrb	R0,[R1,R5,lsr #12]
               S01:00010888:  25 06 D1 E7
F07:0009       	add		R5,R5,R6
               S01:0001088C:  06 50 85 E0
F07:0010       	mov		R4,R13,lsl #8
               S01:00010890:  0D 44 A0 E1
F07:0011       	subs	R0,R0,R4,lsr #24
               S01:00010894:  24 0C 50 E0
F07:0012       	movmi	R0,#0
               S01:00010898:  00 00 A0 43
F07:0013       	orr		R7,R7,R0,lsl #16
               S01:0001089C:  00 78 87 E1
F07:0014       
F07:0015       	ldrb	R0,[R1,R8,lsr #12]
               S01:000108A0:  28 06 D1 E7
F07:0016       	add		R8,R8,R9
               S01:000108A4:  09 80 88 E0
F07:0017       	mov		R4,R13,lsl #16
               S01:000108A8:  0D 48 A0 E1
F07:0018       	subs	R0,R0,R4, lsr #24
               S01:000108AC:  24 0C 50 E0
F07:0019       	movmi	R0,#0
               S01:000108B0:  00 00 A0 43
F07:0020       	orr		R7,R7,R0,lsl #8
               S01:000108B4:  00 74 87 E1
F07:0021       
F07:0022       	ldrb	R0,[R1,R11,lsr #12]
               S01:000108B8:  2B 06 D1 E7
F07:0023       	add		R11,R11,R12
               S01:000108BC:  0C B0 8B E0
F07:0024       	mov		R4,R13,lsl #24
               S01:000108C0:  0D 4C A0 E1
F07:0025       	subs	R0,R0,R4,lsr #24
               S01:000108C4:  24 0C 50 E0
F07:0026       	movmi	R0,#0
               S01:000108C8:  00 00 A0 43
F07:0027       	orr		R7,R7,R0
               S01:000108CC:  00 70 87 E1
F07:0028       
F07:0029       	str		R7,[R14],#4		
               S01:000108D0:  04 70 8E E4
F07:0030       	
F07:0001       	ldrb	R0,[R1,R2,lsr #12]
               S01:000108D4:  22 06 D1 E7
F07:0002       	add		R2,R2,R3
               S01:000108D8:  03 20 82 E0
F07:0003       	mov		R4,R13,lsr #24
               S01:000108DC:  2D 4C A0 E1
F07:0004       	subs	R0,R0,R4
               S01:000108E0:  04 00 50 E0
F07:0005       	movmi	R0,#0
               S01:000108E4:  00 00 A0 43
F07:0006       	mov		R7,R0,lsl #24
               S01:000108E8:  00 7C A0 E1
F07:0007       
F07:0008       	ldrb	R0,[R1,R5,lsr #12]
               S01:000108EC:  25 06 D1 E7
F07:0009       	add		R5,R5,R6
               S01:000108F0:  06 50 85 E0
F07:0010       	mov		R4,R13,lsl #8
               S01:000108F4:  0D 44 A0 E1
F07:0011       	subs	R0,R0,R4,lsr #24
               S01:000108F8:  24 0C 50 E0
F07:0012       	movmi	R0,#0
               S01:000108FC:  00 00 A0 43
F07:0013       	orr		R7,R7,R0,lsl #16
               S01:00010900:  00 78 87 E1
F07:0014       
F07:0015       	ldrb	R0,[R1,R8,lsr #12]
               S01:00010904:  28 06 D1 E7
F07:0016       	add		R8,R8,R9
               S01:00010908:  09 80 88 E0
F07:0017       	mov		R4,R13,lsl #16
               S01:0001090C:  0D 48 A0 E1
F07:0018       	subs	R0,R0,R4, lsr #24
               S01:00010910:  24 0C 50 E0
F07:0019       	movmi	R0,#0
               S01:00010914:  00 00 A0 43
F07:0020       	orr		R7,R7,R0,lsl #8
               S01:00010918:  00 74 87 E1
F07:0021       
F07:0022       	ldrb	R0,[R1,R11,lsr #12]
               S01:0001091C:  2B 06 D1 E7
F07:0023       	add		R11,R11,R12
               S01:00010920:  0C B0 8B E0
F07:0024       	mov		R4,R13,lsl #24
               S01:00010924:  0D 4C A0 E1
F07:0025       	subs	R0,R0,R4,lsr #24
               S01:00010928:  24 0C 50 E0
F07:0026       	movmi	R0,#0
               S01:0001092C:  00 00 A0 43
F07:0027       	orr		R7,R7,R0
               S01:00010930:  00 70 87 E1
F07:0028       
F07:0029       	str		R7,[R14],#4		
               S01:00010934:  04 70 8E E4
F07:0030       	
F07:0001       	ldrb	R0,[R1,R2,lsr #12]
               S01:00010938:  22 06 D1 E7
F07:0002       	add		R2,R2,R3
               S01:0001093C:  03 20 82 E0
F07:0003       	mov		R4,R13,lsr #24
               S01:00010940:  2D 4C A0 E1
F07:0004       	subs	R0,R0,R4
               S01:00010944:  04 00 50 E0
F07:0005       	movmi	R0,#0
               S01:00010948:  00 00 A0 43
F07:0006       	mov		R7,R0,lsl #24
               S01:0001094C:  00 7C A0 E1
F07:0007       
F07:0008       	ldrb	R0,[R1,R5,lsr #12]
               S01:00010950:  25 06 D1 E7
F07:0009       	add		R5,R5,R6
               S01:00010954:  06 50 85 E0
F07:0010       	mov		R4,R13,lsl #8
               S01:00010958:  0D 44 A0 E1
F07:0011       	subs	R0,R0,R4,lsr #24
               S01:0001095C:  24 0C 50 E0
F07:0012       	movmi	R0,#0
               S01:00010960:  00 00 A0 43
F07:0013       	orr		R7,R7,R0,lsl #16
               S01:00010964:  00 78 87 E1
F07:0014       
F07:0015       	ldrb	R0,[R1,R8,lsr #12]
               S01:00010968:  28 06 D1 E7
F07:0016       	add		R8,R8,R9
               S01:0001096C:  09 80 88 E0
F07:0017       	mov		R4,R13,lsl #16
               S01:00010970:  0D 48 A0 E1
F07:0018       	subs	R0,R0,R4, lsr #24
               S01:00010974:  24 0C 50 E0
F07:0019       	movmi	R0,#0
               S01:00010978:  00 00 A0 43
F07:0020       	orr		R7,R7,R0,lsl #8
               S01:0001097C:  00 74 87 E1
F07:0021       
F07:0022       	ldrb	R0,[R1,R11,lsr #12]
               S01:00010980:  2B 06 D1 E7
F07:0023       	add		R11,R11,R12
               S01:00010984:  0C B0 8B E0
F07:0024       	mov		R4,R13,lsl #24
               S01:00010988:  0D 4C A0 E1
F07:0025       	subs	R0,R0,R4,lsr #24
               S01:0001098C:  24 0C 50 E0
F07:0026       	movmi	R0,#0
               S01:00010990:  00 00 A0 43
F07:0027       	orr		R7,R7,R0
               S01:00010994:  00 70 87 E1
F07:0028       
F07:0029       	str		R7,[R14],#4		
               S01:00010998:  04 70 8E E4
F07:0030       	
F07:0001       	ldrb	R0,[R1,R2,lsr #12]
               S01:0001099C:  22 06 D1 E7
F07:0002       	add		R2,R2,R3
               S01:000109A0:  03 20 82 E0
F07:0003       	mov		R4,R13,lsr #24
               S01:000109A4:  2D 4C A0 E1
F07:0004       	subs	R0,R0,R4
               S01:000109A8:  04 00 50 E0
F07:0005       	movmi	R0,#0
               S01:000109AC:  00 00 A0 43
F07:0006       	mov		R7,R0,lsl #24
               S01:000109B0:  00 7C A0 E1
F07:0007       
F07:0008       	ldrb	R0,[R1,R5,lsr #12]
               S01:000109B4:  25 06 D1 E7
F07:0009       	add		R5,R5,R6
               S01:000109B8:  06 50 85 E0
F07:0010       	mov		R4,R13,lsl #8
               S01:000109BC:  0D 44 A0 E1
F07:0011       	subs	R0,R0,R4,lsr #24
               S01:000109C0:  24 0C 50 E0
F07:0012       	movmi	R0,#0
               S01:000109C4:  00 00 A0 43
F07:0013       	orr		R7,R7,R0,lsl #16
               S01:000109C8:  00 78 87 E1
F07:0014       
F07:0015       	ldrb	R0,[R1,R8,lsr #12]
               S01:000109CC:  28 06 D1 E7
F07:0016       	add		R8,R8,R9
               S01:000109D0:  09 80 88 E0
F07:0017       	mov		R4,R13,lsl #16
               S01:000109D4:  0D 48 A0 E1
F07:0018       	subs	R0,R0,R4, lsr #24
               S01:000109D8:  24 0C 50 E0
F07:0019       	movmi	R0,#0
               S01:000109DC:  00 00 A0 43
F07:0020       	orr		R7,R7,R0,lsl #8
               S01:000109E0:  00 74 87 E1
F07:0021       
F07:0022       	ldrb	R0,[R1,R11,lsr #12]
               S01:000109E4:  2B 06 D1 E7
F07:0023       	add		R11,R11,R12
               S01:000109E8:  0C B0 8B E0
F07:0024       	mov		R4,R13,lsl #24
               S01:000109EC:  0D 4C A0 E1
F07:0025       	subs	R0,R0,R4,lsr #24
               S01:000109F0:  24 0C 50 E0
F07:0026       	movmi	R0,#0
               S01:000109F4:  00 00 A0 43
F07:0027       	orr		R7,R7,R0
               S01:000109F8:  00 70 87 E1
F07:0028       
F07:0029       	str		R7,[R14],#4		
               S01:000109FC:  04 70 8E E4
F07:0030       	
F07:0001       	ldrb	R0,[R1,R2,lsr #12]
               S01:00010A00:  22 06 D1 E7
F07:0002       	add		R2,R2,R3
               S01:00010A04:  03 20 82 E0
F07:0003       	mov		R4,R13,lsr #24
               S01:00010A08:  2D 4C A0 E1
F07:0004       	subs	R0,R0,R4
               S01:00010A0C:  04 00 50 E0
F07:0005       	movmi	R0,#0
               S01:00010A10:  00 00 A0 43
F07:0006       	mov		R7,R0,lsl #24
               S01:00010A14:  00 7C A0 E1
F07:0007       
F07:0008       	ldrb	R0,[R1,R5,lsr #12]
               S01:00010A18:  25 06 D1 E7
F07:0009       	add		R5,R5,R6
               S01:00010A1C:  06 50 85 E0
F07:0010       	mov		R4,R13,lsl #8
               S01:00010A20:  0D 44 A0 E1
F07:0011       	subs	R0,R0,R4,lsr #24
               S01:00010A24:  24 0C 50 E0
F07:0012       	movmi	R0,#0
               S01:00010A28:  00 00 A0 43
F07:0013       	orr		R7,R7,R0,lsl #16
               S01:00010A2C:  00 78 87 E1
F07:0014       
F07:0015       	ldrb	R0,[R1,R8,lsr #12]
               S01:00010A30:  28 06 D1 E7
F07:0016       	add		R8,R8,R9
               S01:00010A34:  09 80 88 E0
F07:0017       	mov		R4,R13,lsl #16
               S01:00010A38:  0D 48 A0 E1
F07:0018       	subs	R0,R0,R4, lsr #24
               S01:00010A3C:  24 0C 50 E0
F07:0019       	movmi	R0,#0
               S01:00010A40:  00 00 A0 43
F07:0020       	orr		R7,R7,R0,lsl #8
               S01:00010A44:  00 74 87 E1
F07:0021       
F07:0022       	ldrb	R0,[R1,R11,lsr #12]
               S01:00010A48:  2B 06 D1 E7
F07:0023       	add		R11,R11,R12
               S01:00010A4C:  0C B0 8B E0
F07:0024       	mov		R4,R13,lsl #24
               S01:00010A50:  0D 4C A0 E1
F07:0025       	subs	R0,R0,R4,lsr #24
               S01:00010A54:  24 0C 50 E0
F07:0026       	movmi	R0,#0
               S01:00010A58:  00 00 A0 43
F07:0027       	orr		R7,R7,R0
               S01:00010A5C:  00 70 87 E1
F07:0028       
F07:0029       	str		R7,[R14],#4		
               S01:00010A60:  04 70 8E E4
F07:0030       	
F07:0001       	ldrb	R0,[R1,R2,lsr #12]
               S01:00010A64:  22 06 D1 E7
F07:0002       	add		R2,R2,R3
               S01:00010A68:  03 20 82 E0
F07:0003       	mov		R4,R13,lsr #24
               S01:00010A6C:  2D 4C A0 E1
F07:0004       	subs	R0,R0,R4
               S01:00010A70:  04 00 50 E0
F07:0005       	movmi	R0,#0
               S01:00010A74:  00 00 A0 43
F07:0006       	mov		R7,R0,lsl #24
               S01:00010A78:  00 7C A0 E1
F07:0007       
F07:0008       	ldrb	R0,[R1,R5,lsr #12]
               S01:00010A7C:  25 06 D1 E7
F07:0009       	add		R5,R5,R6
               S01:00010A80:  06 50 85 E0
F07:0010       	mov		R4,R13,lsl #8
               S01:00010A84:  0D 44 A0 E1
F07:0011       	subs	R0,R0,R4,lsr #24
               S01:00010A88:  24 0C 50 E0
F07:0012       	movmi	R0,#0
               S01:00010A8C:  00 00 A0 43
F07:0013       	orr		R7,R7,R0,lsl #16
               S01:00010A90:  00 78 87 E1
F07:0014       
F07:0015       	ldrb	R0,[R1,R8,lsr #12]
               S01:00010A94:  28 06 D1 E7
F07:0016       	add		R8,R8,R9
               S01:00010A98:  09 80 88 E0
F07:0017       	mov		R4,R13,lsl #16
               S01:00010A9C:  0D 48 A0 E1
F07:0018       	subs	R0,R0,R4, lsr #24
               S01:00010AA0:  24 0C 50 E0
F07:0019       	movmi	R0,#0
               S01:00010AA4:  00 00 A0 43
F07:0020       	orr		R7,R7,R0,lsl #8
               S01:00010AA8:  00 74 87 E1
F07:0021       
F07:0022       	ldrb	R0,[R1,R11,lsr #12]
               S01:00010AAC:  2B 06 D1 E7
F07:0023       	add		R11,R11,R12
               S01:00010AB0:  0C B0 8B E0
F07:0024       	mov		R4,R13,lsl #24
               S01:00010AB4:  0D 4C A0 E1
F07:0025       	subs	R0,R0,R4,lsr #24
               S01:00010AB8:  24 0C 50 E0
F07:0026       	movmi	R0,#0
               S01:00010ABC:  00 00 A0 43
F07:0027       	orr		R7,R7,R0
               S01:00010AC0:  00 70 87 E1
F07:0028       
F07:0029       	str		R7,[R14],#4		
               S01:00010AC4:  04 70 8E E4
F07:0030       	
F07:0001       	ldrb	R0,[R1,R2,lsr #12]
               S01:00010AC8:  22 06 D1 E7
F07:0002       	add		R2,R2,R3
               S01:00010ACC:  03 20 82 E0
F07:0003       	mov		R4,R13,lsr #24
               S01:00010AD0:  2D 4C A0 E1
F07:0004       	subs	R0,R0,R4
               S01:00010AD4:  04 00 50 E0
F07:0005       	movmi	R0,#0
               S01:00010AD8:  00 00 A0 43
F07:0006       	mov		R7,R0,lsl #24
               S01:00010ADC:  00 7C A0 E1
F07:0007       
F07:0008       	ldrb	R0,[R1,R5,lsr #12]
               S01:00010AE0:  25 06 D1 E7
F07:0009       	add		R5,R5,R6
               S01:00010AE4:  06 50 85 E0
F07:0010       	mov		R4,R13,lsl #8
               S01:00010AE8:  0D 44 A0 E1
F07:0011       	subs	R0,R0,R4,lsr #24
               S01:00010AEC:  24 0C 50 E0
F07:0012       	movmi	R0,#0
               S01:00010AF0:  00 00 A0 43
F07:0013       	orr		R7,R7,R0,lsl #16
               S01:00010AF4:  00 78 87 E1
F07:0014       
F07:0015       	ldrb	R0,[R1,R8,lsr #12]
               S01:00010AF8:  28 06 D1 E7
F07:0016       	add		R8,R8,R9
               S01:00010AFC:  09 80 88 E0
F07:0017       	mov		R4,R13,lsl #16
               S01:00010B00:  0D 48 A0 E1
F07:0018       	subs	R0,R0,R4, lsr #24
               S01:00010B04:  24 0C 50 E0
F07:0019       	movmi	R0,#0
               S01:00010B08:  00 00 A0 43
F07:0020       	orr		R7,R7,R0,lsl #8
               S01:00010B0C:  00 74 87 E1
F07:0021       
F07:0022       	ldrb	R0,[R1,R11,lsr #12]
               S01:00010B10:  2B 06 D1 E7
F07:0023       	add		R11,R11,R12
               S01:00010B14:  0C B0 8B E0
F07:0024       	mov		R4,R13,lsl #24
               S01:00010B18:  0D 4C A0 E1
F07:0025       	subs	R0,R0,R4,lsr #24
               S01:00010B1C:  24 0C 50 E0
F07:0026       	movmi	R0,#0
               S01:00010B20:  00 00 A0 43
F07:0027       	orr		R7,R7,R0
               S01:00010B24:  00 70 87 E1
F07:0028       
F07:0029       	str		R7,[R14],#4		
               S01:00010B28:  04 70 8E E4
F07:0030       	
F07:0001       	ldrb	R0,[R1,R2,lsr #12]
               S01:00010B2C:  22 06 D1 E7
F07:0002       	add		R2,R2,R3
               S01:00010B30:  03 20 82 E0
F07:0003       	mov		R4,R13,lsr #24
               S01:00010B34:  2D 4C A0 E1
F07:0004       	subs	R0,R0,R4
               S01:00010B38:  04 00 50 E0
F07:0005       	movmi	R0,#0
               S01:00010B3C:  00 00 A0 43
F07:0006       	mov		R7,R0,lsl #24
               S01:00010B40:  00 7C A0 E1
F07:0007       
F07:0008       	ldrb	R0,[R1,R5,lsr #12]
               S01:00010B44:  25 06 D1 E7
F07:0009       	add		R5,R5,R6
               S01:00010B48:  06 50 85 E0
F07:0010       	mov		R4,R13,lsl #8
               S01:00010B4C:  0D 44 A0 E1
F07:0011       	subs	R0,R0,R4,lsr #24
               S01:00010B50:  24 0C 50 E0
F07:0012       	movmi	R0,#0
               S01:00010B54:  00 00 A0 43
F07:0013       	orr		R7,R7,R0,lsl #16
               S01:00010B58:  00 78 87 E1
F07:0014       
F07:0015       	ldrb	R0,[R1,R8,lsr #12]
               S01:00010B5C:  28 06 D1 E7
F07:0016       	add		R8,R8,R9
               S01:00010B60:  09 80 88 E0
F07:0017       	mov		R4,R13,lsl #16
               S01:00010B64:  0D 48 A0 E1
F07:0018       	subs	R0,R0,R4, lsr #24
               S01:00010B68:  24 0C 50 E0
F07:0019       	movmi	R0,#0
               S01:00010B6C:  00 00 A0 43
F07:0020       	orr		R7,R7,R0,lsl #8
               S01:00010B70:  00 74 87 E1
F07:0021       
F07:0022       	ldrb	R0,[R1,R11,lsr #12]
               S01:00010B74:  2B 06 D1 E7
F07:0023       	add		R11,R11,R12
               S01:00010B78:  0C B0 8B E0
F07:0024       	mov		R4,R13,lsl #24
               S01:00010B7C:  0D 4C A0 E1
F07:0025       	subs	R0,R0,R4,lsr #24
               S01:00010B80:  24 0C 50 E0
F07:0026       	movmi	R0,#0
               S01:00010B84:  00 00 A0 43
F07:0027       	orr		R7,R7,R0
               S01:00010B88:  00 70 87 E1
F07:0028       
F07:0029       	str		R7,[R14],#4		
               S01:00010B8C:  04 70 8E E4
F07:0030       	
F07:0001       	ldrb	R0,[R1,R2,lsr #12]
               S01:00010B90:  22 06 D1 E7
F07:0002       	add		R2,R2,R3
               S01:00010B94:  03 20 82 E0
F07:0003       	mov		R4,R13,lsr #24
               S01:00010B98:  2D 4C A0 E1
F07:0004       	subs	R0,R0,R4
               S01:00010B9C:  04 00 50 E0
F07:0005       	movmi	R0,#0
               S01:00010BA0:  00 00 A0 43
F07:0006       	mov		R7,R0,lsl #24
               S01:00010BA4:  00 7C A0 E1
F07:0007       
F07:0008       	ldrb	R0,[R1,R5,lsr #12]
               S01:00010BA8:  25 06 D1 E7
F07:0009       	add		R5,R5,R6
               S01:00010BAC:  06 50 85 E0
F07:0010       	mov		R4,R13,lsl #8
               S01:00010BB0:  0D 44 A0 E1
F07:0011       	subs	R0,R0,R4,lsr #24
               S01:00010BB4:  24 0C 50 E0
F07:0012       	movmi	R0,#0
               S01:00010BB8:  00 00 A0 43
F07:0013       	orr		R7,R7,R0,lsl #16
               S01:00010BBC:  00 78 87 E1
F07:0014       
F07:0015       	ldrb	R0,[R1,R8,lsr #12]
               S01:00010BC0:  28 06 D1 E7
F07:0016       	add		R8,R8,R9
               S01:00010BC4:  09 80 88 E0
F07:0017       	mov		R4,R13,lsl #16
               S01:00010BC8:  0D 48 A0 E1
F07:0018       	subs	R0,R0,R4, lsr #24
               S01:00010BCC:  24 0C 50 E0
F07:0019       	movmi	R0,#0
               S01:00010BD0:  00 00 A0 43
F07:0020       	orr		R7,R7,R0,lsl #8
               S01:00010BD4:  00 74 87 E1
F07:0021       
F07:0022       	ldrb	R0,[R1,R11,lsr #12]
               S01:00010BD8:  2B 06 D1 E7
F07:0023       	add		R11,R11,R12
               S01:00010BDC:  0C B0 8B E0
F07:0024       	mov		R4,R13,lsl #24
               S01:00010BE0:  0D 4C A0 E1
F07:0025       	subs	R0,R0,R4,lsr #24
               S01:00010BE4:  24 0C 50 E0
F07:0026       	movmi	R0,#0
               S01:00010BE8:  00 00 A0 43
F07:0027       	orr		R7,R7,R0
               S01:00010BEC:  00 70 87 E1
F07:0028       
F07:0029       	str		R7,[R14],#4		
               S01:00010BF0:  04 70 8E E4
F07:0030       	
F07:0001       	ldrb	R0,[R1,R2,lsr #12]
               S01:00010BF4:  22 06 D1 E7
F07:0002       	add		R2,R2,R3
               S01:00010BF8:  03 20 82 E0
F07:0003       	mov		R4,R13,lsr #24
               S01:00010BFC:  2D 4C A0 E1
F07:0004       	subs	R0,R0,R4
               S01:00010C00:  04 00 50 E0
F07:0005       	movmi	R0,#0
               S01:00010C04:  00 00 A0 43
F07:0006       	mov		R7,R0,lsl #24
               S01:00010C08:  00 7C A0 E1
F07:0007       
F07:0008       	ldrb	R0,[R1,R5,lsr #12]
               S01:00010C0C:  25 06 D1 E7
F07:0009       	add		R5,R5,R6
               S01:00010C10:  06 50 85 E0
F07:0010       	mov		R4,R13,lsl #8
               S01:00010C14:  0D 44 A0 E1
F07:0011       	subs	R0,R0,R4,lsr #24
               S01:00010C18:  24 0C 50 E0
F07:0012       	movmi	R0,#0
               S01:00010C1C:  00 00 A0 43
F07:0013       	orr		R7,R7,R0,lsl #16
               S01:00010C20:  00 78 87 E1
F07:0014       
F07:0015       	ldrb	R0,[R1,R8,lsr #12]
               S01:00010C24:  28 06 D1 E7
F07:0016       	add		R8,R8,R9
               S01:00010C28:  09 80 88 E0
F07:0017       	mov		R4,R13,lsl #16
               S01:00010C2C:  0D 48 A0 E1
F07:0018       	subs	R0,R0,R4, lsr #24
               S01:00010C30:  24 0C 50 E0
F07:0019       	movmi	R0,#0
               S01:00010C34:  00 00 A0 43
F07:0020       	orr		R7,R7,R0,lsl #8
               S01:00010C38:  00 74 87 E1
F07:0021       
F07:0022       	ldrb	R0,[R1,R11,lsr #12]
               S01:00010C3C:  2B 06 D1 E7
F07:0023       	add		R11,R11,R12
               S01:00010C40:  0C B0 8B E0
F07:0024       	mov		R4,R13,lsl #24
               S01:00010C44:  0D 4C A0 E1
F07:0025       	subs	R0,R0,R4,lsr #24
               S01:00010C48:  24 0C 50 E0
F07:0026       	movmi	R0,#0
               S01:00010C4C:  00 00 A0 43
F07:0027       	orr		R7,R7,R0
               S01:00010C50:  00 70 87 E1
F07:0028       
F07:0029       	str		R7,[R14],#4		
               S01:00010C54:  04 70 8E E4
F07:0030       	
F07:0001       	ldrb	R0,[R1,R2,lsr #12]
               S01:00010C58:  22 06 D1 E7
F07:0002       	add		R2,R2,R3
               S01:00010C5C:  03 20 82 E0
F07:0003       	mov		R4,R13,lsr #24
               S01:00010C60:  2D 4C A0 E1
F07:0004       	subs	R0,R0,R4
               S01:00010C64:  04 00 50 E0
F07:0005       	movmi	R0,#0
               S01:00010C68:  00 00 A0 43
F07:0006       	mov		R7,R0,lsl #24
               S01:00010C6C:  00 7C A0 E1
F07:0007       
F07:0008       	ldrb	R0,[R1,R5,lsr #12]
               S01:00010C70:  25 06 D1 E7
F07:0009       	add		R5,R5,R6
               S01:00010C74:  06 50 85 E0
F07:0010       	mov		R4,R13,lsl #8
               S01:00010C78:  0D 44 A0 E1
F07:0011       	subs	R0,R0,R4,lsr #24
               S01:00010C7C:  24 0C 50 E0
F07:0012       	movmi	R0,#0
               S01:00010C80:  00 00 A0 43
F07:0013       	orr		R7,R7,R0,lsl #16
               S01:00010C84:  00 78 87 E1
F07:0014       
F07:0015       	ldrb	R0,[R1,R8,lsr #12]
               S01:00010C88:  28 06 D1 E7
F07:0016       	add		R8,R8,R9
               S01:00010C8C:  09 80 88 E0
F07:0017       	mov		R4,R13,lsl #16
               S01:00010C90:  0D 48 A0 E1
F07:0018       	subs	R0,R0,R4, lsr #24
               S01:00010C94:  24 0C 50 E0
F07:0019       	movmi	R0,#0
               S01:00010C98:  00 00 A0 43
F07:0020       	orr		R7,R7,R0,lsl #8
               S01:00010C9C:  00 74 87 E1
F07:0021       
F07:0022       	ldrb	R0,[R1,R11,lsr #12]
               S01:00010CA0:  2B 06 D1 E7
F07:0023       	add		R11,R11,R12
               S01:00010CA4:  0C B0 8B E0
F07:0024       	mov		R4,R13,lsl #24
               S01:00010CA8:  0D 4C A0 E1
F07:0025       	subs	R0,R0,R4,lsr #24
               S01:00010CAC:  24 0C 50 E0
F07:0026       	movmi	R0,#0
               S01:00010CB0:  00 00 A0 43
F07:0027       	orr		R7,R7,R0
               S01:00010CB4:  00 70 87 E1
F07:0028       
F07:0029       	str		R7,[R14],#4		
               S01:00010CB8:  04 70 8E E4
F07:0030       	
F07:0001       	ldrb	R0,[R1,R2,lsr #12]
               S01:00010CBC:  22 06 D1 E7
F07:0002       	add		R2,R2,R3
               S01:00010CC0:  03 20 82 E0
F07:0003       	mov		R4,R13,lsr #24
               S01:00010CC4:  2D 4C A0 E1
F07:0004       	subs	R0,R0,R4
               S01:00010CC8:  04 00 50 E0
F07:0005       	movmi	R0,#0
               S01:00010CCC:  00 00 A0 43
F07:0006       	mov		R7,R0,lsl #24
               S01:00010CD0:  00 7C A0 E1
F07:0007       
F07:0008       	ldrb	R0,[R1,R5,lsr #12]
               S01:00010CD4:  25 06 D1 E7
F07:0009       	add		R5,R5,R6
               S01:00010CD8:  06 50 85 E0
F07:0010       	mov		R4,R13,lsl #8
               S01:00010CDC:  0D 44 A0 E1
F07:0011       	subs	R0,R0,R4,lsr #24
               S01:00010CE0:  24 0C 50 E0
F07:0012       	movmi	R0,#0
               S01:00010CE4:  00 00 A0 43
F07:0013       	orr		R7,R7,R0,lsl #16
               S01:00010CE8:  00 78 87 E1
F07:0014       
F07:0015       	ldrb	R0,[R1,R8,lsr #12]
               S01:00010CEC:  28 06 D1 E7
F07:0016       	add		R8,R8,R9
               S01:00010CF0:  09 80 88 E0
F07:0017       	mov		R4,R13,lsl #16
               S01:00010CF4:  0D 48 A0 E1
F07:0018       	subs	R0,R0,R4, lsr #24
               S01:00010CF8:  24 0C 50 E0
F07:0019       	movmi	R0,#0
               S01:00010CFC:  00 00 A0 43
F07:0020       	orr		R7,R7,R0,lsl #8
               S01:00010D00:  00 74 87 E1
F07:0021       
F07:0022       	ldrb	R0,[R1,R11,lsr #12]
               S01:00010D04:  2B 06 D1 E7
F07:0023       	add		R11,R11,R12
               S01:00010D08:  0C B0 8B E0
F07:0024       	mov		R4,R13,lsl #24
               S01:00010D0C:  0D 4C A0 E1
F07:0025       	subs	R0,R0,R4,lsr #24
               S01:00010D10:  24 0C 50 E0
F07:0026       	movmi	R0,#0
               S01:00010D14:  00 00 A0 43
F07:0027       	orr		R7,R7,R0
               S01:00010D18:  00 70 87 E1
F07:0028       
F07:0029       	str		R7,[R14],#4		
               S01:00010D1C:  04 70 8E E4
F07:0030       	
F07:0001       	ldrb	R0,[R1,R2,lsr #12]
               S01:00010D20:  22 06 D1 E7
F07:0002       	add		R2,R2,R3
               S01:00010D24:  03 20 82 E0
F07:0003       	mov		R4,R13,lsr #24
               S01:00010D28:  2D 4C A0 E1
F07:0004       	subs	R0,R0,R4
               S01:00010D2C:  04 00 50 E0
F07:0005       	movmi	R0,#0
               S01:00010D30:  00 00 A0 43
F07:0006       	mov		R7,R0,lsl #24
               S01:00010D34:  00 7C A0 E1
F07:0007       
F07:0008       	ldrb	R0,[R1,R5,lsr #12]
               S01:00010D38:  25 06 D1 E7
F07:0009       	add		R5,R5,R6
               S01:00010D3C:  06 50 85 E0
F07:0010       	mov		R4,R13,lsl #8
               S01:00010D40:  0D 44 A0 E1
F07:0011       	subs	R0,R0,R4,lsr #24
               S01:00010D44:  24 0C 50 E0
F07:0012       	movmi	R0,#0
               S01:00010D48:  00 00 A0 43
F07:0013       	orr		R7,R7,R0,lsl #16
               S01:00010D4C:  00 78 87 E1
F07:0014       
F07:0015       	ldrb	R0,[R1,R8,lsr #12]
               S01:00010D50:  28 06 D1 E7
F07:0016       	add		R8,R8,R9
               S01:00010D54:  09 80 88 E0
F07:0017       	mov		R4,R13,lsl #16
               S01:00010D58:  0D 48 A0 E1
F07:0018       	subs	R0,R0,R4, lsr #24
               S01:00010D5C:  24 0C 50 E0
F07:0019       	movmi	R0,#0
               S01:00010D60:  00 00 A0 43
F07:0020       	orr		R7,R7,R0,lsl #8
               S01:00010D64:  00 74 87 E1
F07:0021       
F07:0022       	ldrb	R0,[R1,R11,lsr #12]
               S01:00010D68:  2B 06 D1 E7
F07:0023       	add		R11,R11,R12
               S01:00010D6C:  0C B0 8B E0
F07:0024       	mov		R4,R13,lsl #24
               S01:00010D70:  0D 4C A0 E1
F07:0025       	subs	R0,R0,R4,lsr #24
               S01:00010D74:  24 0C 50 E0
F07:0026       	movmi	R0,#0
               S01:00010D78:  00 00 A0 43
F07:0027       	orr		R7,R7,R0
               S01:00010D7C:  00 70 87 E1
F07:0028       
F07:0029       	str		R7,[R14],#4		
               S01:00010D80:  04 70 8E E4
F07:0030       	
F07:0001       	ldrb	R0,[R1,R2,lsr #12]
               S01:00010D84:  22 06 D1 E7
F07:0002       	add		R2,R2,R3
               S01:00010D88:  03 20 82 E0
F07:0003       	mov		R4,R13,lsr #24
               S01:00010D8C:  2D 4C A0 E1
F07:0004       	subs	R0,R0,R4
               S01:00010D90:  04 00 50 E0
F07:0005       	movmi	R0,#0
               S01:00010D94:  00 00 A0 43
F07:0006       	mov		R7,R0,lsl #24
               S01:00010D98:  00 7C A0 E1
F07:0007       
F07:0008       	ldrb	R0,[R1,R5,lsr #12]
               S01:00010D9C:  25 06 D1 E7
F07:0009       	add		R5,R5,R6
               S01:00010DA0:  06 50 85 E0
F07:0010       	mov		R4,R13,lsl #8
               S01:00010DA4:  0D 44 A0 E1
F07:0011       	subs	R0,R0,R4,lsr #24
               S01:00010DA8:  24 0C 50 E0
F07:0012       	movmi	R0,#0
               S01:00010DAC:  00 00 A0 43
F07:0013       	orr		R7,R7,R0,lsl #16
               S01:00010DB0:  00 78 87 E1
F07:0014       
F07:0015       	ldrb	R0,[R1,R8,lsr #12]
               S01:00010DB4:  28 06 D1 E7
F07:0016       	add		R8,R8,R9
               S01:00010DB8:  09 80 88 E0
F07:0017       	mov		R4,R13,lsl #16
               S01:00010DBC:  0D 48 A0 E1
F07:0018       	subs	R0,R0,R4, lsr #24
               S01:00010DC0:  24 0C 50 E0
F07:0019       	movmi	R0,#0
               S01:00010DC4:  00 00 A0 43
F07:0020       	orr		R7,R7,R0,lsl #8
               S01:00010DC8:  00 74 87 E1
F07:0021       
F07:0022       	ldrb	R0,[R1,R11,lsr #12]
               S01:00010DCC:  2B 06 D1 E7
F07:0023       	add		R11,R11,R12
               S01:00010DD0:  0C B0 8B E0
F07:0024       	mov		R4,R13,lsl #24
               S01:00010DD4:  0D 4C A0 E1
F07:0025       	subs	R0,R0,R4,lsr #24
               S01:00010DD8:  24 0C 50 E0
F07:0026       	movmi	R0,#0
               S01:00010DDC:  00 00 A0 43
F07:0027       	orr		R7,R7,R0
               S01:00010DE0:  00 70 87 E1
F07:0028       
F07:0029       	str		R7,[R14],#4		
               S01:00010DE4:  04 70 8E E4
F07:0030       	
F07:0001       	ldrb	R0,[R1,R2,lsr #12]
               S01:00010DE8:  22 06 D1 E7
F07:0002       	add		R2,R2,R3
               S01:00010DEC:  03 20 82 E0
F07:0003       	mov		R4,R13,lsr #24
               S01:00010DF0:  2D 4C A0 E1
F07:0004       	subs	R0,R0,R4
               S01:00010DF4:  04 00 50 E0
F07:0005       	movmi	R0,#0
               S01:00010DF8:  00 00 A0 43
F07:0006       	mov		R7,R0,lsl #24
               S01:00010DFC:  00 7C A0 E1
F07:0007       
F07:0008       	ldrb	R0,[R1,R5,lsr #12]
               S01:00010E00:  25 06 D1 E7
F07:0009       	add		R5,R5,R6
               S01:00010E04:  06 50 85 E0
F07:0010       	mov		R4,R13,lsl #8
               S01:00010E08:  0D 44 A0 E1
F07:0011       	subs	R0,R0,R4,lsr #24
               S01:00010E0C:  24 0C 50 E0
F07:0012       	movmi	R0,#0
               S01:00010E10:  00 00 A0 43
F07:0013       	orr		R7,R7,R0,lsl #16
               S01:00010E14:  00 78 87 E1
F07:0014       
F07:0015       	ldrb	R0,[R1,R8,lsr #12]
               S01:00010E18:  28 06 D1 E7
F07:0016       	add		R8,R8,R9
               S01:00010E1C:  09 80 88 E0
F07:0017       	mov		R4,R13,lsl #16
               S01:00010E20:  0D 48 A0 E1
F07:0018       	subs	R0,R0,R4, lsr #24
               S01:00010E24:  24 0C 50 E0
F07:0019       	movmi	R0,#0
               S01:00010E28:  00 00 A0 43
F07:0020       	orr		R7,R7,R0,lsl #8
               S01:00010E2C:  00 74 87 E1
F07:0021       
F07:0022       	ldrb	R0,[R1,R11,lsr #12]
               S01:00010E30:  2B 06 D1 E7
F07:0023       	add		R11,R11,R12
               S01:00010E34:  0C B0 8B E0
F07:0024       	mov		R4,R13,lsl #24
               S01:00010E38:  0D 4C A0 E1
F07:0025       	subs	R0,R0,R4,lsr #24
               S01:00010E3C:  24 0C 50 E0
F07:0026       	movmi	R0,#0
               S01:00010E40:  00 00 A0 43
F07:0027       	orr		R7,R7,R0
               S01:00010E44:  00 70 87 E1
F07:0028       
F07:0029       	str		R7,[R14],#4		
               S01:00010E48:  04 70 8E E4
F07:0030       	
F07:0001       	ldrb	R0,[R1,R2,lsr #12]
               S01:00010E4C:  22 06 D1 E7
F07:0002       	add		R2,R2,R3
               S01:00010E50:  03 20 82 E0
F07:0003       	mov		R4,R13,lsr #24
               S01:00010E54:  2D 4C A0 E1
F07:0004       	subs	R0,R0,R4
               S01:00010E58:  04 00 50 E0
F07:0005       	movmi	R0,#0
               S01:00010E5C:  00 00 A0 43
F07:0006       	mov		R7,R0,lsl #24
               S01:00010E60:  00 7C A0 E1
F07:0007       
F07:0008       	ldrb	R0,[R1,R5,lsr #12]
               S01:00010E64:  25 06 D1 E7
F07:0009       	add		R5,R5,R6
               S01:00010E68:  06 50 85 E0
F07:0010       	mov		R4,R13,lsl #8
               S01:00010E6C:  0D 44 A0 E1
F07:0011       	subs	R0,R0,R4,lsr #24
               S01:00010E70:  24 0C 50 E0
F07:0012       	movmi	R0,#0
               S01:00010E74:  00 00 A0 43
F07:0013       	orr		R7,R7,R0,lsl #16
               S01:00010E78:  00 78 87 E1
F07:0014       
F07:0015       	ldrb	R0,[R1,R8,lsr #12]
               S01:00010E7C:  28 06 D1 E7
F07:0016       	add		R8,R8,R9
               S01:00010E80:  09 80 88 E0
F07:0017       	mov		R4,R13,lsl #16
               S01:00010E84:  0D 48 A0 E1
F07:0018       	subs	R0,R0,R4, lsr #24
               S01:00010E88:  24 0C 50 E0
F07:0019       	movmi	R0,#0
               S01:00010E8C:  00 00 A0 43
F07:0020       	orr		R7,R7,R0,lsl #8
               S01:00010E90:  00 74 87 E1
F07:0021       
F07:0022       	ldrb	R0,[R1,R11,lsr #12]
               S01:00010E94:  2B 06 D1 E7
F07:0023       	add		R11,R11,R12
               S01:00010E98:  0C B0 8B E0
F07:0024       	mov		R4,R13,lsl #24
               S01:00010E9C:  0D 4C A0 E1
F07:0025       	subs	R0,R0,R4,lsr #24
               S01:00010EA0:  24 0C 50 E0
F07:0026       	movmi	R0,#0
               S01:00010EA4:  00 00 A0 43
F07:0027       	orr		R7,R7,R0
               S01:00010EA8:  00 70 87 E1
F07:0028       
F07:0029       	str		R7,[R14],#4		
               S01:00010EAC:  04 70 8E E4
F07:0030       	
F07:0001       	ldrb	R0,[R1,R2,lsr #12]
               S01:00010EB0:  22 06 D1 E7
F07:0002       	add		R2,R2,R3
               S01:00010EB4:  03 20 82 E0
F07:0003       	mov		R4,R13,lsr #24
               S01:00010EB8:  2D 4C A0 E1
F07:0004       	subs	R0,R0,R4
               S01:00010EBC:  04 00 50 E0
F07:0005       	movmi	R0,#0
               S01:00010EC0:  00 00 A0 43
F07:0006       	mov		R7,R0,lsl #24
               S01:00010EC4:  00 7C A0 E1
F07:0007       
F07:0008       	ldrb	R0,[R1,R5,lsr #12]
               S01:00010EC8:  25 06 D1 E7
F07:0009       	add		R5,R5,R6
               S01:00010ECC:  06 50 85 E0
F07:0010       	mov		R4,R13,lsl #8
               S01:00010ED0:  0D 44 A0 E1
F07:0011       	subs	R0,R0,R4,lsr #24
               S01:00010ED4:  24 0C 50 E0
F07:0012       	movmi	R0,#0
               S01:00010ED8:  00 00 A0 43
F07:0013       	orr		R7,R7,R0,lsl #16
               S01:00010EDC:  00 78 87 E1
F07:0014       
F07:0015       	ldrb	R0,[R1,R8,lsr #12]
               S01:00010EE0:  28 06 D1 E7
F07:0016       	add		R8,R8,R9
               S01:00010EE4:  09 80 88 E0
F07:0017       	mov		R4,R13,lsl #16
               S01:00010EE8:  0D 48 A0 E1
F07:0018       	subs	R0,R0,R4, lsr #24
               S01:00010EEC:  24 0C 50 E0
F07:0019       	movmi	R0,#0
               S01:00010EF0:  00 00 A0 43
F07:0020       	orr		R7,R7,R0,lsl #8
               S01:00010EF4:  00 74 87 E1
F07:0021       
F07:0022       	ldrb	R0,[R1,R11,lsr #12]
               S01:00010EF8:  2B 06 D1 E7
F07:0023       	add		R11,R11,R12
               S01:00010EFC:  0C B0 8B E0
F07:0024       	mov		R4,R13,lsl #24
               S01:00010F00:  0D 4C A0 E1
F07:0025       	subs	R0,R0,R4,lsr #24
               S01:00010F04:  24 0C 50 E0
F07:0026       	movmi	R0,#0
               S01:00010F08:  00 00 A0 43
F07:0027       	orr		R7,R7,R0
               S01:00010F0C:  00 70 87 E1
F07:0028       
F07:0029       	str		R7,[R14],#4		
               S01:00010F10:  04 70 8E E4
F07:0030       	
F07:0001       	ldrb	R0,[R1,R2,lsr #12]
               S01:00010F14:  22 06 D1 E7
F07:0002       	add		R2,R2,R3
               S01:00010F18:  03 20 82 E0
F07:0003       	mov		R4,R13,lsr #24
               S01:00010F1C:  2D 4C A0 E1
F07:0004       	subs	R0,R0,R4
               S01:00010F20:  04 00 50 E0
F07:0005       	movmi	R0,#0
               S01:00010F24:  00 00 A0 43
F07:0006       	mov		R7,R0,lsl #24
               S01:00010F28:  00 7C A0 E1
F07:0007       
F07:0008       	ldrb	R0,[R1,R5,lsr #12]
               S01:00010F2C:  25 06 D1 E7
F07:0009       	add		R5,R5,R6
               S01:00010F30:  06 50 85 E0
F07:0010       	mov		R4,R13,lsl #8
               S01:00010F34:  0D 44 A0 E1
F07:0011       	subs	R0,R0,R4,lsr #24
               S01:00010F38:  24 0C 50 E0
F07:0012       	movmi	R0,#0
               S01:00010F3C:  00 00 A0 43
F07:0013       	orr		R7,R7,R0,lsl #16
               S01:00010F40:  00 78 87 E1
F07:0014       
F07:0015       	ldrb	R0,[R1,R8,lsr #12]
               S01:00010F44:  28 06 D1 E7
F07:0016       	add		R8,R8,R9
               S01:00010F48:  09 80 88 E0
F07:0017       	mov		R4,R13,lsl #16
               S01:00010F4C:  0D 48 A0 E1
F07:0018       	subs	R0,R0,R4, lsr #24
               S01:00010F50:  24 0C 50 E0
F07:0019       	movmi	R0,#0
               S01:00010F54:  00 00 A0 43
F07:0020       	orr		R7,R7,R0,lsl #8
               S01:00010F58:  00 74 87 E1
F07:0021       
F07:0022       	ldrb	R0,[R1,R11,lsr #12]
               S01:00010F5C:  2B 06 D1 E7
F07:0023       	add		R11,R11,R12
               S01:00010F60:  0C B0 8B E0
F07:0024       	mov		R4,R13,lsl #24
               S01:00010F64:  0D 4C A0 E1
F07:0025       	subs	R0,R0,R4,lsr #24
               S01:00010F68:  24 0C 50 E0
F07:0026       	movmi	R0,#0
               S01:00010F6C:  00 00 A0 43
F07:0027       	orr		R7,R7,R0
               S01:00010F70:  00 70 87 E1
F07:0028       
F07:0029       	str		R7,[R14],#4		
               S01:00010F74:  04 70 8E E4
F07:0030       	
F07:0001       	ldrb	R0,[R1,R2,lsr #12]
               S01:00010F78:  22 06 D1 E7
F07:0002       	add		R2,R2,R3
               S01:00010F7C:  03 20 82 E0
F07:0003       	mov		R4,R13,lsr #24
               S01:00010F80:  2D 4C A0 E1
F07:0004       	subs	R0,R0,R4
               S01:00010F84:  04 00 50 E0
F07:0005       	movmi	R0,#0
               S01:00010F88:  00 00 A0 43
F07:0006       	mov		R7,R0,lsl #24
               S01:00010F8C:  00 7C A0 E1
F07:0007       
F07:0008       	ldrb	R0,[R1,R5,lsr #12]
               S01:00010F90:  25 06 D1 E7
F07:0009       	add		R5,R5,R6
               S01:00010F94:  06 50 85 E0
F07:0010       	mov		R4,R13,lsl #8
               S01:00010F98:  0D 44 A0 E1
F07:0011       	subs	R0,R0,R4,lsr #24
               S01:00010F9C:  24 0C 50 E0
F07:0012       	movmi	R0,#0
               S01:00010FA0:  00 00 A0 43
F07:0013       	orr		R7,R7,R0,lsl #16
               S01:00010FA4:  00 78 87 E1
F07:0014       
F07:0015       	ldrb	R0,[R1,R8,lsr #12]
               S01:00010FA8:  28 06 D1 E7
F07:0016       	add		R8,R8,R9
               S01:00010FAC:  09 80 88 E0
F07:0017       	mov		R4,R13,lsl #16
               S01:00010FB0:  0D 48 A0 E1
F07:0018       	subs	R0,R0,R4, lsr #24
               S01:00010FB4:  24 0C 50 E0
F07:0019       	movmi	R0,#0
               S01:00010FB8:  00 00 A0 43
F07:0020       	orr		R7,R7,R0,lsl #8
               S01:00010FBC:  00 74 87 E1
F07:0021       
F07:0022       	ldrb	R0,[R1,R11,lsr #12]
               S01:00010FC0:  2B 06 D1 E7
F07:0023       	add		R11,R11,R12
               S01:00010FC4:  0C B0 8B E0
F07:0024       	mov		R4,R13,lsl #24
               S01:00010FC8:  0D 4C A0 E1
F07:0025       	subs	R0,R0,R4,lsr #24
               S01:00010FCC:  24 0C 50 E0
F07:0026       	movmi	R0,#0
               S01:00010FD0:  00 00 A0 43
F07:0027       	orr		R7,R7,R0
               S01:00010FD4:  00 70 87 E1
F07:0028       
F07:0029       	str		R7,[R14],#4		
               S01:00010FD8:  04 70 8E E4
F07:0030       	
F07:0001       	ldrb	R0,[R1,R2,lsr #12]
               S01:00010FDC:  22 06 D1 E7
F07:0002       	add		R2,R2,R3
               S01:00010FE0:  03 20 82 E0
F07:0003       	mov		R4,R13,lsr #24
               S01:00010FE4:  2D 4C A0 E1
F07:0004       	subs	R0,R0,R4
               S01:00010FE8:  04 00 50 E0
F07:0005       	movmi	R0,#0
               S01:00010FEC:  00 00 A0 43
F07:0006       	mov		R7,R0,lsl #24
               S01:00010FF0:  00 7C A0 E1
F07:0007       
F07:0008       	ldrb	R0,[R1,R5,lsr #12]
               S01:00010FF4:  25 06 D1 E7
F07:0009       	add		R5,R5,R6
               S01:00010FF8:  06 50 85 E0
F07:0010       	mov		R4,R13,lsl #8
               S01:00010FFC:  0D 44 A0 E1
F07:0011       	subs	R0,R0,R4,lsr #24
               S01:00011000:  24 0C 50 E0
F07:0012       	movmi	R0,#0
               S01:00011004:  00 00 A0 43
F07:0013       	orr		R7,R7,R0,lsl #16
               S01:00011008:  00 78 87 E1
F07:0014       
F07:0015       	ldrb	R0,[R1,R8,lsr #12]
               S01:0001100C:  28 06 D1 E7
F07:0016       	add		R8,R8,R9
               S01:00011010:  09 80 88 E0
F07:0017       	mov		R4,R13,lsl #16
               S01:00011014:  0D 48 A0 E1
F07:0018       	subs	R0,R0,R4, lsr #24
               S01:00011018:  24 0C 50 E0
F07:0019       	movmi	R0,#0
               S01:0001101C:  00 00 A0 43
F07:0020       	orr		R7,R7,R0,lsl #8
               S01:00011020:  00 74 87 E1
F07:0021       
F07:0022       	ldrb	R0,[R1,R11,lsr #12]
               S01:00011024:  2B 06 D1 E7
F07:0023       	add		R11,R11,R12
               S01:00011028:  0C B0 8B E0
F07:0024       	mov		R4,R13,lsl #24
               S01:0001102C:  0D 4C A0 E1
F07:0025       	subs	R0,R0,R4,lsr #24
               S01:00011030:  24 0C 50 E0
F07:0026       	movmi	R0,#0
               S01:00011034:  00 00 A0 43
F07:0027       	orr		R7,R7,R0
               S01:00011038:  00 70 87 E1
F07:0028       
F07:0029       	str		R7,[R14],#4		
               S01:0001103C:  04 70 8E E4
F07:0030       	
F07:0001       	ldrb	R0,[R1,R2,lsr #12]
               S01:00011040:  22 06 D1 E7
F07:0002       	add		R2,R2,R3
               S01:00011044:  03 20 82 E0
F07:0003       	mov		R4,R13,lsr #24
               S01:00011048:  2D 4C A0 E1
F07:0004       	subs	R0,R0,R4
               S01:0001104C:  04 00 50 E0
F07:0005       	movmi	R0,#0
               S01:00011050:  00 00 A0 43
F07:0006       	mov		R7,R0,lsl #24
               S01:00011054:  00 7C A0 E1
F07:0007       
F07:0008       	ldrb	R0,[R1,R5,lsr #12]
               S01:00011058:  25 06 D1 E7
F07:0009       	add		R5,R5,R6
               S01:0001105C:  06 50 85 E0
F07:0010       	mov		R4,R13,lsl #8
               S01:00011060:  0D 44 A0 E1
F07:0011       	subs	R0,R0,R4,lsr #24
               S01:00011064:  24 0C 50 E0
F07:0012       	movmi	R0,#0
               S01:00011068:  00 00 A0 43
F07:0013       	orr		R7,R7,R0,lsl #16
               S01:0001106C:  00 78 87 E1
F07:0014       
F07:0015       	ldrb	R0,[R1,R8,lsr #12]
               S01:00011070:  28 06 D1 E7
F07:0016       	add		R8,R8,R9
               S01:00011074:  09 80 88 E0
F07:0017       	mov		R4,R13,lsl #16
               S01:00011078:  0D 48 A0 E1
F07:0018       	subs	R0,R0,R4, lsr #24
               S01:0001107C:  24 0C 50 E0
F07:0019       	movmi	R0,#0
               S01:00011080:  00 00 A0 43
F07:0020       	orr		R7,R7,R0,lsl #8
               S01:00011084:  00 74 87 E1
F07:0021       
F07:0022       	ldrb	R0,[R1,R11,lsr #12]
               S01:00011088:  2B 06 D1 E7
F07:0023       	add		R11,R11,R12
               S01:0001108C:  0C B0 8B E0
F07:0024       	mov		R4,R13,lsl #24
               S01:00011090:  0D 4C A0 E1
F07:0025       	subs	R0,R0,R4,lsr #24
               S01:00011094:  24 0C 50 E0
F07:0026       	movmi	R0,#0
               S01:00011098:  00 00 A0 43
F07:0027       	orr		R7,R7,R0
               S01:0001109C:  00 70 87 E1
F07:0028       
F07:0029       	str		R7,[R14],#4		
               S01:000110A0:  04 70 8E E4
F07:0030       	
F07:0001       	ldrb	R0,[R1,R2,lsr #12]
               S01:000110A4:  22 06 D1 E7
F07:0002       	add		R2,R2,R3
               S01:000110A8:  03 20 82 E0
F07:0003       	mov		R4,R13,lsr #24
               S01:000110AC:  2D 4C A0 E1
F07:0004       	subs	R0,R0,R4
               S01:000110B0:  04 00 50 E0
F07:0005       	movmi	R0,#0
               S01:000110B4:  00 00 A0 43
F07:0006       	mov		R7,R0,lsl #24
               S01:000110B8:  00 7C A0 E1
F07:0007       
F07:0008       	ldrb	R0,[R1,R5,lsr #12]
               S01:000110BC:  25 06 D1 E7
F07:0009       	add		R5,R5,R6
               S01:000110C0:  06 50 85 E0
F07:0010       	mov		R4,R13,lsl #8
               S01:000110C4:  0D 44 A0 E1
F07:0011       	subs	R0,R0,R4,lsr #24
               S01:000110C8:  24 0C 50 E0
F07:0012       	movmi	R0,#0
               S01:000110CC:  00 00 A0 43
F07:0013       	orr		R7,R7,R0,lsl #16
               S01:000110D0:  00 78 87 E1
F07:0014       
F07:0015       	ldrb	R0,[R1,R8,lsr #12]
               S01:000110D4:  28 06 D1 E7
F07:0016       	add		R8,R8,R9
               S01:000110D8:  09 80 88 E0
F07:0017       	mov		R4,R13,lsl #16
               S01:000110DC:  0D 48 A0 E1
F07:0018       	subs	R0,R0,R4, lsr #24
               S01:000110E0:  24 0C 50 E0
F07:0019       	movmi	R0,#0
               S01:000110E4:  00 00 A0 43
F07:0020       	orr		R7,R7,R0,lsl #8
               S01:000110E8:  00 74 87 E1
F07:0021       
F07:0022       	ldrb	R0,[R1,R11,lsr #12]
               S01:000110EC:  2B 06 D1 E7
F07:0023       	add		R11,R11,R12
               S01:000110F0:  0C B0 8B E0
F07:0024       	mov		R4,R13,lsl #24
               S01:000110F4:  0D 4C A0 E1
F07:0025       	subs	R0,R0,R4,lsr #24
               S01:000110F8:  24 0C 50 E0
F07:0026       	movmi	R0,#0
               S01:000110FC:  00 00 A0 43
F07:0027       	orr		R7,R7,R0
               S01:00011100:  00 70 87 E1
F07:0028       
F07:0029       	str		R7,[R14],#4		
               S01:00011104:  04 70 8E E4
F07:0030       	
F07:0001       	ldrb	R0,[R1,R2,lsr #12]
               S01:00011108:  22 06 D1 E7
F07:0002       	add		R2,R2,R3
               S01:0001110C:  03 20 82 E0
F07:0003       	mov		R4,R13,lsr #24
               S01:00011110:  2D 4C A0 E1
F07:0004       	subs	R0,R0,R4
               S01:00011114:  04 00 50 E0
F07:0005       	movmi	R0,#0
               S01:00011118:  00 00 A0 43
F07:0006       	mov		R7,R0,lsl #24
               S01:0001111C:  00 7C A0 E1
F07:0007       
F07:0008       	ldrb	R0,[R1,R5,lsr #12]
               S01:00011120:  25 06 D1 E7
F07:0009       	add		R5,R5,R6
               S01:00011124:  06 50 85 E0
F07:0010       	mov		R4,R13,lsl #8
               S01:00011128:  0D 44 A0 E1
F07:0011       	subs	R0,R0,R4,lsr #24
               S01:0001112C:  24 0C 50 E0
F07:0012       	movmi	R0,#0
               S01:00011130:  00 00 A0 43
F07:0013       	orr		R7,R7,R0,lsl #16
               S01:00011134:  00 78 87 E1
F07:0014       
F07:0015       	ldrb	R0,[R1,R8,lsr #12]
               S01:00011138:  28 06 D1 E7
F07:0016       	add		R8,R8,R9
               S01:0001113C:  09 80 88 E0
F07:0017       	mov		R4,R13,lsl #16
               S01:00011140:  0D 48 A0 E1
F07:0018       	subs	R0,R0,R4, lsr #24
               S01:00011144:  24 0C 50 E0
F07:0019       	movmi	R0,#0
               S01:00011148:  00 00 A0 43
F07:0020       	orr		R7,R7,R0,lsl #8
               S01:0001114C:  00 74 87 E1
F07:0021       
F07:0022       	ldrb	R0,[R1,R11,lsr #12]
               S01:00011150:  2B 06 D1 E7
F07:0023       	add		R11,R11,R12
               S01:00011154:  0C B0 8B E0
F07:0024       	mov		R4,R13,lsl #24
               S01:00011158:  0D 4C A0 E1
F07:0025       	subs	R0,R0,R4,lsr #24
               S01:0001115C:  24 0C 50 E0
F07:0026       	movmi	R0,#0
               S01:00011160:  00 00 A0 43
F07:0027       	orr		R7,R7,R0
               S01:00011164:  00 70 87 E1
F07:0028       
F07:0029       	str		R7,[R14],#4		
               S01:00011168:  04 70 8E E4
F07:0030       	
F07:0001       	ldrb	R0,[R1,R2,lsr #12]
               S01:0001116C:  22 06 D1 E7
F07:0002       	add		R2,R2,R3
               S01:00011170:  03 20 82 E0
F07:0003       	mov		R4,R13,lsr #24
               S01:00011174:  2D 4C A0 E1
F07:0004       	subs	R0,R0,R4
               S01:00011178:  04 00 50 E0
F07:0005       	movmi	R0,#0
               S01:0001117C:  00 00 A0 43
F07:0006       	mov		R7,R0,lsl #24
               S01:00011180:  00 7C A0 E1
F07:0007       
F07:0008       	ldrb	R0,[R1,R5,lsr #12]
               S01:00011184:  25 06 D1 E7
F07:0009       	add		R5,R5,R6
               S01:00011188:  06 50 85 E0
F07:0010       	mov		R4,R13,lsl #8
               S01:0001118C:  0D 44 A0 E1
F07:0011       	subs	R0,R0,R4,lsr #24
               S01:00011190:  24 0C 50 E0
F07:0012       	movmi	R0,#0
               S01:00011194:  00 00 A0 43
F07:0013       	orr		R7,R7,R0,lsl #16
               S01:00011198:  00 78 87 E1
F07:0014       
F07:0015       	ldrb	R0,[R1,R8,lsr #12]
               S01:0001119C:  28 06 D1 E7
F07:0016       	add		R8,R8,R9
               S01:000111A0:  09 80 88 E0
F07:0017       	mov		R4,R13,lsl #16
               S01:000111A4:  0D 48 A0 E1
F07:0018       	subs	R0,R0,R4, lsr #24
               S01:000111A8:  24 0C 50 E0
F07:0019       	movmi	R0,#0
               S01:000111AC:  00 00 A0 43
F07:0020       	orr		R7,R7,R0,lsl #8
               S01:000111B0:  00 74 87 E1
F07:0021       
F07:0022       	ldrb	R0,[R1,R11,lsr #12]
               S01:000111B4:  2B 06 D1 E7
F07:0023       	add		R11,R11,R12
               S01:000111B8:  0C B0 8B E0
F07:0024       	mov		R4,R13,lsl #24
               S01:000111BC:  0D 4C A0 E1
F07:0025       	subs	R0,R0,R4,lsr #24
               S01:000111C0:  24 0C 50 E0
F07:0026       	movmi	R0,#0
               S01:000111C4:  00 00 A0 43
F07:0027       	orr		R7,R7,R0
               S01:000111C8:  00 70 87 E1
F07:0028       
F07:0029       	str		R7,[R14],#4		
               S01:000111CC:  04 70 8E E4
F07:0030       	
F07:0001       	ldrb	R0,[R1,R2,lsr #12]
               S01:000111D0:  22 06 D1 E7
F07:0002       	add		R2,R2,R3
               S01:000111D4:  03 20 82 E0
F07:0003       	mov		R4,R13,lsr #24
               S01:000111D8:  2D 4C A0 E1
F07:0004       	subs	R0,R0,R4
               S01:000111DC:  04 00 50 E0
F07:0005       	movmi	R0,#0
               S01:000111E0:  00 00 A0 43
F07:0006       	mov		R7,R0,lsl #24
               S01:000111E4:  00 7C A0 E1
F07:0007       
F07:0008       	ldrb	R0,[R1,R5,lsr #12]
               S01:000111E8:  25 06 D1 E7
F07:0009       	add		R5,R5,R6
               S01:000111EC:  06 50 85 E0
F07:0010       	mov		R4,R13,lsl #8
               S01:000111F0:  0D 44 A0 E1
F07:0011       	subs	R0,R0,R4,lsr #24
               S01:000111F4:  24 0C 50 E0
F07:0012       	movmi	R0,#0
               S01:000111F8:  00 00 A0 43
F07:0013       	orr		R7,R7,R0,lsl #16
               S01:000111FC:  00 78 87 E1
F07:0014       
F07:0015       	ldrb	R0,[R1,R8,lsr #12]
               S01:00011200:  28 06 D1 E7
F07:0016       	add		R8,R8,R9
               S01:00011204:  09 80 88 E0
F07:0017       	mov		R4,R13,lsl #16
               S01:00011208:  0D 48 A0 E1
F07:0018       	subs	R0,R0,R4, lsr #24
               S01:0001120C:  24 0C 50 E0
F07:0019       	movmi	R0,#0
               S01:00011210:  00 00 A0 43
F07:0020       	orr		R7,R7,R0,lsl #8
               S01:00011214:  00 74 87 E1
F07:0021       
F07:0022       	ldrb	R0,[R1,R11,lsr #12]
               S01:00011218:  2B 06 D1 E7
F07:0023       	add		R11,R11,R12
               S01:0001121C:  0C B0 8B E0
F07:0024       	mov		R4,R13,lsl #24
               S01:00011220:  0D 4C A0 E1
F07:0025       	subs	R0,R0,R4,lsr #24
               S01:00011224:  24 0C 50 E0
F07:0026       	movmi	R0,#0
               S01:00011228:  00 00 A0 43
F07:0027       	orr		R7,R7,R0
               S01:0001122C:  00 70 87 E1
F07:0028       
F07:0029       	str		R7,[R14],#4		
               S01:00011230:  04 70 8E E4
F07:0030       	
F07:0001       	ldrb	R0,[R1,R2,lsr #12]
               S01:00011234:  22 06 D1 E7
F07:0002       	add		R2,R2,R3
               S01:00011238:  03 20 82 E0
F07:0003       	mov		R4,R13,lsr #24
               S01:0001123C:  2D 4C A0 E1
F07:0004       	subs	R0,R0,R4
               S01:00011240:  04 00 50 E0
F07:0005       	movmi	R0,#0
               S01:00011244:  00 00 A0 43
F07:0006       	mov		R7,R0,lsl #24
               S01:00011248:  00 7C A0 E1
F07:0007       
F07:0008       	ldrb	R0,[R1,R5,lsr #12]
               S01:0001124C:  25 06 D1 E7
F07:0009       	add		R5,R5,R6
               S01:00011250:  06 50 85 E0
F07:0010       	mov		R4,R13,lsl #8
               S01:00011254:  0D 44 A0 E1
F07:0011       	subs	R0,R0,R4,lsr #24
               S01:00011258:  24 0C 50 E0
F07:0012       	movmi	R0,#0
               S01:0001125C:  00 00 A0 43
F07:0013       	orr		R7,R7,R0,lsl #16
               S01:00011260:  00 78 87 E1
F07:0014       
F07:0015       	ldrb	R0,[R1,R8,lsr #12]
               S01:00011264:  28 06 D1 E7
F07:0016       	add		R8,R8,R9
               S01:00011268:  09 80 88 E0
F07:0017       	mov		R4,R13,lsl #16
               S01:0001126C:  0D 48 A0 E1
F07:0018       	subs	R0,R0,R4, lsr #24
               S01:00011270:  24 0C 50 E0
F07:0019       	movmi	R0,#0
               S01:00011274:  00 00 A0 43
F07:0020       	orr		R7,R7,R0,lsl #8
               S01:00011278:  00 74 87 E1
F07:0021       
F07:0022       	ldrb	R0,[R1,R11,lsr #12]
               S01:0001127C:  2B 06 D1 E7
F07:0023       	add		R11,R11,R12
               S01:00011280:  0C B0 8B E0
F07:0024       	mov		R4,R13,lsl #24
               S01:00011284:  0D 4C A0 E1
F07:0025       	subs	R0,R0,R4,lsr #24
               S01:00011288:  24 0C 50 E0
F07:0026       	movmi	R0,#0
               S01:0001128C:  00 00 A0 43
F07:0027       	orr		R7,R7,R0
               S01:00011290:  00 70 87 E1
F07:0028       
F07:0029       	str		R7,[R14],#4		
               S01:00011294:  04 70 8E E4
F07:0030       	
F07:0001       	ldrb	R0,[R1,R2,lsr #12]
               S01:00011298:  22 06 D1 E7
F07:0002       	add		R2,R2,R3
               S01:0001129C:  03 20 82 E0
F07:0003       	mov		R4,R13,lsr #24
               S01:000112A0:  2D 4C A0 E1
F07:0004       	subs	R0,R0,R4
               S01:000112A4:  04 00 50 E0
F07:0005       	movmi	R0,#0
               S01:000112A8:  00 00 A0 43
F07:0006       	mov		R7,R0,lsl #24
               S01:000112AC:  00 7C A0 E1
F07:0007       
F07:0008       	ldrb	R0,[R1,R5,lsr #12]
               S01:000112B0:  25 06 D1 E7
F07:0009       	add		R5,R5,R6
               S01:000112B4:  06 50 85 E0
F07:0010       	mov		R4,R13,lsl #8
               S01:000112B8:  0D 44 A0 E1
F07:0011       	subs	R0,R0,R4,lsr #24
               S01:000112BC:  24 0C 50 E0
F07:0012       	movmi	R0,#0
               S01:000112C0:  00 00 A0 43
F07:0013       	orr		R7,R7,R0,lsl #16
               S01:000112C4:  00 78 87 E1
F07:0014       
F07:0015       	ldrb	R0,[R1,R8,lsr #12]
               S01:000112C8:  28 06 D1 E7
F07:0016       	add		R8,R8,R9
               S01:000112CC:  09 80 88 E0
F07:0017       	mov		R4,R13,lsl #16
               S01:000112D0:  0D 48 A0 E1
F07:0018       	subs	R0,R0,R4, lsr #24
               S01:000112D4:  24 0C 50 E0
F07:0019       	movmi	R0,#0
               S01:000112D8:  00 00 A0 43
F07:0020       	orr		R7,R7,R0,lsl #8
               S01:000112DC:  00 74 87 E1
F07:0021       
F07:0022       	ldrb	R0,[R1,R11,lsr #12]
               S01:000112E0:  2B 06 D1 E7
F07:0023       	add		R11,R11,R12
               S01:000112E4:  0C B0 8B E0
F07:0024       	mov		R4,R13,lsl #24
               S01:000112E8:  0D 4C A0 E1
F07:0025       	subs	R0,R0,R4,lsr #24
               S01:000112EC:  24 0C 50 E0
F07:0026       	movmi	R0,#0
               S01:000112F0:  00 00 A0 43
F07:0027       	orr		R7,R7,R0
               S01:000112F4:  00 70 87 E1
F07:0028       
F07:0029       	str		R7,[R14],#4		
               S01:000112F8:  04 70 8E E4
F07:0030       	
F07:0001       	ldrb	R0,[R1,R2,lsr #12]
               S01:000112FC:  22 06 D1 E7
F07:0002       	add		R2,R2,R3
               S01:00011300:  03 20 82 E0
F07:0003       	mov		R4,R13,lsr #24
               S01:00011304:  2D 4C A0 E1
F07:0004       	subs	R0,R0,R4
               S01:00011308:  04 00 50 E0
F07:0005       	movmi	R0,#0
               S01:0001130C:  00 00 A0 43
F07:0006       	mov		R7,R0,lsl #24
               S01:00011310:  00 7C A0 E1
F07:0007       
F07:0008       	ldrb	R0,[R1,R5,lsr #12]
               S01:00011314:  25 06 D1 E7
F07:0009       	add		R5,R5,R6
               S01:00011318:  06 50 85 E0
F07:0010       	mov		R4,R13,lsl #8
               S01:0001131C:  0D 44 A0 E1
F07:0011       	subs	R0,R0,R4,lsr #24
               S01:00011320:  24 0C 50 E0
F07:0012       	movmi	R0,#0
               S01:00011324:  00 00 A0 43
F07:0013       	orr		R7,R7,R0,lsl #16
               S01:00011328:  00 78 87 E1
F07:0014       
F07:0015       	ldrb	R0,[R1,R8,lsr #12]
               S01:0001132C:  28 06 D1 E7
F07:0016       	add		R8,R8,R9
               S01:00011330:  09 80 88 E0
F07:0017       	mov		R4,R13,lsl #16
               S01:00011334:  0D 48 A0 E1
F07:0018       	subs	R0,R0,R4, lsr #24
               S01:00011338:  24 0C 50 E0
F07:0019       	movmi	R0,#0
               S01:0001133C:  00 00 A0 43
F07:0020       	orr		R7,R7,R0,lsl #8
               S01:00011340:  00 74 87 E1
F07:0021       
F07:0022       	ldrb	R0,[R1,R11,lsr #12]
               S01:00011344:  2B 06 D1 E7
F07:0023       	add		R11,R11,R12
               S01:00011348:  0C B0 8B E0
F07:0024       	mov		R4,R13,lsl #24
               S01:0001134C:  0D 4C A0 E1
F07:0025       	subs	R0,R0,R4,lsr #24
               S01:00011350:  24 0C 50 E0
F07:0026       	movmi	R0,#0
               S01:00011354:  00 00 A0 43
F07:0027       	orr		R7,R7,R0
               S01:00011358:  00 70 87 E1
F07:0028       
F07:0029       	str		R7,[R14],#4		
               S01:0001135C:  04 70 8E E4
F07:0030       	
F07:0001       	ldrb	R0,[R1,R2,lsr #12]
               S01:00011360:  22 06 D1 E7
F07:0002       	add		R2,R2,R3
               S01:00011364:  03 20 82 E0
F07:0003       	mov		R4,R13,lsr #24
               S01:00011368:  2D 4C A0 E1
F07:0004       	subs	R0,R0,R4
               S01:0001136C:  04 00 50 E0
F07:0005       	movmi	R0,#0
               S01:00011370:  00 00 A0 43
F07:0006       	mov		R7,R0,lsl #24
               S01:00011374:  00 7C A0 E1
F07:0007       
F07:0008       	ldrb	R0,[R1,R5,lsr #12]
               S01:00011378:  25 06 D1 E7
F07:0009       	add		R5,R5,R6
               S01:0001137C:  06 50 85 E0
F07:0010       	mov		R4,R13,lsl #8
               S01:00011380:  0D 44 A0 E1
F07:0011       	subs	R0,R0,R4,lsr #24
               S01:00011384:  24 0C 50 E0
F07:0012       	movmi	R0,#0
               S01:00011388:  00 00 A0 43
F07:0013       	orr		R7,R7,R0,lsl #16
               S01:0001138C:  00 78 87 E1
F07:0014       
F07:0015       	ldrb	R0,[R1,R8,lsr #12]
               S01:00011390:  28 06 D1 E7
F07:0016       	add		R8,R8,R9
               S01:00011394:  09 80 88 E0
F07:0017       	mov		R4,R13,lsl #16
               S01:00011398:  0D 48 A0 E1
F07:0018       	subs	R0,R0,R4, lsr #24
               S01:0001139C:  24 0C 50 E0
F07:0019       	movmi	R0,#0
               S01:000113A0:  00 00 A0 43
F07:0020       	orr		R7,R7,R0,lsl #8
               S01:000113A4:  00 74 87 E1
F07:0021       
F07:0022       	ldrb	R0,[R1,R11,lsr #12]
               S01:000113A8:  2B 06 D1 E7
F07:0023       	add		R11,R11,R12
               S01:000113AC:  0C B0 8B E0
F07:0024       	mov		R4,R13,lsl #24
               S01:000113B0:  0D 4C A0 E1
F07:0025       	subs	R0,R0,R4,lsr #24
               S01:000113B4:  24 0C 50 E0
F07:0026       	movmi	R0,#0
               S01:000113B8:  00 00 A0 43
F07:0027       	orr		R7,R7,R0
               S01:000113BC:  00 70 87 E1
F07:0028       
F07:0029       	str		R7,[R14],#4		
               S01:000113C0:  04 70 8E E4
F07:0030       	
F07:0001       	ldrb	R0,[R1,R2,lsr #12]
               S01:000113C4:  22 06 D1 E7
F07:0002       	add		R2,R2,R3
               S01:000113C8:  03 20 82 E0
F07:0003       	mov		R4,R13,lsr #24
               S01:000113CC:  2D 4C A0 E1
F07:0004       	subs	R0,R0,R4
               S01:000113D0:  04 00 50 E0
F07:0005       	movmi	R0,#0
               S01:000113D4:  00 00 A0 43
F07:0006       	mov		R7,R0,lsl #24
               S01:000113D8:  00 7C A0 E1
F07:0007       
F07:0008       	ldrb	R0,[R1,R5,lsr #12]
               S01:000113DC:  25 06 D1 E7
F07:0009       	add		R5,R5,R6
               S01:000113E0:  06 50 85 E0
F07:0010       	mov		R4,R13,lsl #8
               S01:000113E4:  0D 44 A0 E1
F07:0011       	subs	R0,R0,R4,lsr #24
               S01:000113E8:  24 0C 50 E0
F07:0012       	movmi	R0,#0
               S01:000113EC:  00 00 A0 43
F07:0013       	orr		R7,R7,R0,lsl #16
               S01:000113F0:  00 78 87 E1
F07:0014       
F07:0015       	ldrb	R0,[R1,R8,lsr #12]
               S01:000113F4:  28 06 D1 E7
F07:0016       	add		R8,R8,R9
               S01:000113F8:  09 80 88 E0
F07:0017       	mov		R4,R13,lsl #16
               S01:000113FC:  0D 48 A0 E1
F07:0018       	subs	R0,R0,R4, lsr #24
               S01:00011400:  24 0C 50 E0
F07:0019       	movmi	R0,#0
               S01:00011404:  00 00 A0 43
F07:0020       	orr		R7,R7,R0,lsl #8
               S01:00011408:  00 74 87 E1
F07:0021       
F07:0022       	ldrb	R0,[R1,R11,lsr #12]
               S01:0001140C:  2B 06 D1 E7
F07:0023       	add		R11,R11,R12
               S01:00011410:  0C B0 8B E0
F07:0024       	mov		R4,R13,lsl #24
               S01:00011414:  0D 4C A0 E1
F07:0025       	subs	R0,R0,R4,lsr #24
               S01:00011418:  24 0C 50 E0
F07:0026       	movmi	R0,#0
               S01:0001141C:  00 00 A0 43
F07:0027       	orr		R7,R7,R0
               S01:00011420:  00 70 87 E1
F07:0028       
F07:0029       	str		R7,[R14],#4		
               S01:00011424:  04 70 8E E4
F07:0030       	
F07:0001       	ldrb	R0,[R1,R2,lsr #12]
               S01:00011428:  22 06 D1 E7
F07:0002       	add		R2,R2,R3
               S01:0001142C:  03 20 82 E0
F07:0003       	mov		R4,R13,lsr #24
               S01:00011430:  2D 4C A0 E1
F07:0004       	subs	R0,R0,R4
               S01:00011434:  04 00 50 E0
F07:0005       	movmi	R0,#0
               S01:00011438:  00 00 A0 43
F07:0006       	mov		R7,R0,lsl #24
               S01:0001143C:  00 7C A0 E1
F07:0007       
F07:0008       	ldrb	R0,[R1,R5,lsr #12]
               S01:00011440:  25 06 D1 E7
F07:0009       	add		R5,R5,R6
               S01:00011444:  06 50 85 E0
F07:0010       	mov		R4,R13,lsl #8
               S01:00011448:  0D 44 A0 E1
F07:0011       	subs	R0,R0,R4,lsr #24
               S01:0001144C:  24 0C 50 E0
F07:0012       	movmi	R0,#0
               S01:00011450:  00 00 A0 43
F07:0013       	orr		R7,R7,R0,lsl #16
               S01:00011454:  00 78 87 E1
F07:0014       
F07:0015       	ldrb	R0,[R1,R8,lsr #12]
               S01:00011458:  28 06 D1 E7
F07:0016       	add		R8,R8,R9
               S01:0001145C:  09 80 88 E0
F07:0017       	mov		R4,R13,lsl #16
               S01:00011460:  0D 48 A0 E1
F07:0018       	subs	R0,R0,R4, lsr #24
               S01:00011464:  24 0C 50 E0
F07:0019       	movmi	R0,#0
               S01:00011468:  00 00 A0 43
F07:0020       	orr		R7,R7,R0,lsl #8
               S01:0001146C:  00 74 87 E1
F07:0021       
F07:0022       	ldrb	R0,[R1,R11,lsr #12]
               S01:00011470:  2B 06 D1 E7
F07:0023       	add		R11,R11,R12
               S01:00011474:  0C B0 8B E0
F07:0024       	mov		R4,R13,lsl #24
               S01:00011478:  0D 4C A0 E1
F07:0025       	subs	R0,R0,R4,lsr #24
               S01:0001147C:  24 0C 50 E0
F07:0026       	movmi	R0,#0
               S01:00011480:  00 00 A0 43
F07:0027       	orr		R7,R7,R0
               S01:00011484:  00 70 87 E1
F07:0028       
F07:0029       	str		R7,[R14],#4		
               S01:00011488:  04 70 8E E4
F07:0030       	
F07:0001       	ldrb	R0,[R1,R2,lsr #12]
               S01:0001148C:  22 06 D1 E7
F07:0002       	add		R2,R2,R3
               S01:00011490:  03 20 82 E0
F07:0003       	mov		R4,R13,lsr #24
               S01:00011494:  2D 4C A0 E1
F07:0004       	subs	R0,R0,R4
               S01:00011498:  04 00 50 E0
F07:0005       	movmi	R0,#0
               S01:0001149C:  00 00 A0 43
F07:0006       	mov		R7,R0,lsl #24
               S01:000114A0:  00 7C A0 E1
F07:0007       
F07:0008       	ldrb	R0,[R1,R5,lsr #12]
               S01:000114A4:  25 06 D1 E7
F07:0009       	add		R5,R5,R6
               S01:000114A8:  06 50 85 E0
F07:0010       	mov		R4,R13,lsl #8
               S01:000114AC:  0D 44 A0 E1
F07:0011       	subs	R0,R0,R4,lsr #24
               S01:000114B0:  24 0C 50 E0
F07:0012       	movmi	R0,#0
               S01:000114B4:  00 00 A0 43
F07:0013       	orr		R7,R7,R0,lsl #16
               S01:000114B8:  00 78 87 E1
F07:0014       
F07:0015       	ldrb	R0,[R1,R8,lsr #12]
               S01:000114BC:  28 06 D1 E7
F07:0016       	add		R8,R8,R9
               S01:000114C0:  09 80 88 E0
F07:0017       	mov		R4,R13,lsl #16
               S01:000114C4:  0D 48 A0 E1
F07:0018       	subs	R0,R0,R4, lsr #24
               S01:000114C8:  24 0C 50 E0
F07:0019       	movmi	R0,#0
               S01:000114CC:  00 00 A0 43
F07:0020       	orr		R7,R7,R0,lsl #8
               S01:000114D0:  00 74 87 E1
F07:0021       
F07:0022       	ldrb	R0,[R1,R11,lsr #12]
               S01:000114D4:  2B 06 D1 E7
F07:0023       	add		R11,R11,R12
               S01:000114D8:  0C B0 8B E0
F07:0024       	mov		R4,R13,lsl #24
               S01:000114DC:  0D 4C A0 E1
F07:0025       	subs	R0,R0,R4,lsr #24
               S01:000114E0:  24 0C 50 E0
F07:0026       	movmi	R0,#0
               S01:000114E4:  00 00 A0 43
F07:0027       	orr		R7,R7,R0
               S01:000114E8:  00 70 87 E1
F07:0028       
F07:0029       	str		R7,[R14],#4		
               S01:000114EC:  04 70 8E E4
F07:0030       	
F07:0001       	ldrb	R0,[R1,R2,lsr #12]
               S01:000114F0:  22 06 D1 E7
F07:0002       	add		R2,R2,R3
               S01:000114F4:  03 20 82 E0
F07:0003       	mov		R4,R13,lsr #24
               S01:000114F8:  2D 4C A0 E1
F07:0004       	subs	R0,R0,R4
               S01:000114FC:  04 00 50 E0
F07:0005       	movmi	R0,#0
               S01:00011500:  00 00 A0 43
F07:0006       	mov		R7,R0,lsl #24
               S01:00011504:  00 7C A0 E1
F07:0007       
F07:0008       	ldrb	R0,[R1,R5,lsr #12]
               S01:00011508:  25 06 D1 E7
F07:0009       	add		R5,R5,R6
               S01:0001150C:  06 50 85 E0
F07:0010       	mov		R4,R13,lsl #8
               S01:00011510:  0D 44 A0 E1
F07:0011       	subs	R0,R0,R4,lsr #24
               S01:00011514:  24 0C 50 E0
F07:0012       	movmi	R0,#0
               S01:00011518:  00 00 A0 43
F07:0013       	orr		R7,R7,R0,lsl #16
               S01:0001151C:  00 78 87 E1
F07:0014       
F07:0015       	ldrb	R0,[R1,R8,lsr #12]
               S01:00011520:  28 06 D1 E7
F07:0016       	add		R8,R8,R9
               S01:00011524:  09 80 88 E0
F07:0017       	mov		R4,R13,lsl #16
               S01:00011528:  0D 48 A0 E1
F07:0018       	subs	R0,R0,R4, lsr #24
               S01:0001152C:  24 0C 50 E0
F07:0019       	movmi	R0,#0
               S01:00011530:  00 00 A0 43
F07:0020       	orr		R7,R7,R0,lsl #8
               S01:00011534:  00 74 87 E1
F07:0021       
F07:0022       	ldrb	R0,[R1,R11,lsr #12]
               S01:00011538:  2B 06 D1 E7
F07:0023       	add		R11,R11,R12
               S01:0001153C:  0C B0 8B E0
F07:0024       	mov		R4,R13,lsl #24
               S01:00011540:  0D 4C A0 E1
F07:0025       	subs	R0,R0,R4,lsr #24
               S01:00011544:  24 0C 50 E0
F07:0026       	movmi	R0,#0
               S01:00011548:  00 00 A0 43
F07:0027       	orr		R7,R7,R0
               S01:0001154C:  00 70 87 E1
F07:0028       
F07:0029       	str		R7,[R14],#4		
               S01:00011550:  04 70 8E E4
F07:0030       	
F07:0001       	ldrb	R0,[R1,R2,lsr #12]
               S01:00011554:  22 06 D1 E7
F07:0002       	add		R2,R2,R3
               S01:00011558:  03 20 82 E0
F07:0003       	mov		R4,R13,lsr #24
               S01:0001155C:  2D 4C A0 E1
F07:0004       	subs	R0,R0,R4
               S01:00011560:  04 00 50 E0
F07:0005       	movmi	R0,#0
               S01:00011564:  00 00 A0 43
F07:0006       	mov		R7,R0,lsl #24
               S01:00011568:  00 7C A0 E1
F07:0007       
F07:0008       	ldrb	R0,[R1,R5,lsr #12]
               S01:0001156C:  25 06 D1 E7
F07:0009       	add		R5,R5,R6
               S01:00011570:  06 50 85 E0
F07:0010       	mov		R4,R13,lsl #8
               S01:00011574:  0D 44 A0 E1
F07:0011       	subs	R0,R0,R4,lsr #24
               S01:00011578:  24 0C 50 E0
F07:0012       	movmi	R0,#0
               S01:0001157C:  00 00 A0 43
F07:0013       	orr		R7,R7,R0,lsl #16
               S01:00011580:  00 78 87 E1
F07:0014       
F07:0015       	ldrb	R0,[R1,R8,lsr #12]
               S01:00011584:  28 06 D1 E7
F07:0016       	add		R8,R8,R9
               S01:00011588:  09 80 88 E0
F07:0017       	mov		R4,R13,lsl #16
               S01:0001158C:  0D 48 A0 E1
F07:0018       	subs	R0,R0,R4, lsr #24
               S01:00011590:  24 0C 50 E0
F07:0019       	movmi	R0,#0
               S01:00011594:  00 00 A0 43
F07:0020       	orr		R7,R7,R0,lsl #8
               S01:00011598:  00 74 87 E1
F07:0021       
F07:0022       	ldrb	R0,[R1,R11,lsr #12]
               S01:0001159C:  2B 06 D1 E7
F07:0023       	add		R11,R11,R12
               S01:000115A0:  0C B0 8B E0
F07:0024       	mov		R4,R13,lsl #24
               S01:000115A4:  0D 4C A0 E1
F07:0025       	subs	R0,R0,R4,lsr #24
               S01:000115A8:  24 0C 50 E0
F07:0026       	movmi	R0,#0
               S01:000115AC:  00 00 A0 43
F07:0027       	orr		R7,R7,R0
               S01:000115B0:  00 70 87 E1
F07:0028       
F07:0029       	str		R7,[R14],#4		
               S01:000115B4:  04 70 8E E4
F07:0030       	
F07:0001       	ldrb	R0,[R1,R2,lsr #12]
               S01:000115B8:  22 06 D1 E7
F07:0002       	add		R2,R2,R3
               S01:000115BC:  03 20 82 E0
F07:0003       	mov		R4,R13,lsr #24
               S01:000115C0:  2D 4C A0 E1
F07:0004       	subs	R0,R0,R4
               S01:000115C4:  04 00 50 E0
F07:0005       	movmi	R0,#0
               S01:000115C8:  00 00 A0 43
F07:0006       	mov		R7,R0,lsl #24
               S01:000115CC:  00 7C A0 E1
F07:0007       
F07:0008       	ldrb	R0,[R1,R5,lsr #12]
               S01:000115D0:  25 06 D1 E7
F07:0009       	add		R5,R5,R6
               S01:000115D4:  06 50 85 E0
F07:0010       	mov		R4,R13,lsl #8
               S01:000115D8:  0D 44 A0 E1
F07:0011       	subs	R0,R0,R4,lsr #24
               S01:000115DC:  24 0C 50 E0
F07:0012       	movmi	R0,#0
               S01:000115E0:  00 00 A0 43
F07:0013       	orr		R7,R7,R0,lsl #16
               S01:000115E4:  00 78 87 E1
F07:0014       
F07:0015       	ldrb	R0,[R1,R8,lsr #12]
               S01:000115E8:  28 06 D1 E7
F07:0016       	add		R8,R8,R9
               S01:000115EC:  09 80 88 E0
F07:0017       	mov		R4,R13,lsl #16
               S01:000115F0:  0D 48 A0 E1
F07:0018       	subs	R0,R0,R4, lsr #24
               S01:000115F4:  24 0C 50 E0
F07:0019       	movmi	R0,#0
               S01:000115F8:  00 00 A0 43
F07:0020       	orr		R7,R7,R0,lsl #8
               S01:000115FC:  00 74 87 E1
F07:0021       
F07:0022       	ldrb	R0,[R1,R11,lsr #12]
               S01:00011600:  2B 06 D1 E7
F07:0023       	add		R11,R11,R12
               S01:00011604:  0C B0 8B E0
F07:0024       	mov		R4,R13,lsl #24
               S01:00011608:  0D 4C A0 E1
F07:0025       	subs	R0,R0,R4,lsr #24
               S01:0001160C:  24 0C 50 E0
F07:0026       	movmi	R0,#0
               S01:00011610:  00 00 A0 43
F07:0027       	orr		R7,R7,R0
               S01:00011614:  00 70 87 E1
F07:0028       
F07:0029       	str		R7,[R14],#4		
               S01:00011618:  04 70 8E E4
F07:0030       	
F07:0001       	ldrb	R0,[R1,R2,lsr #12]
               S01:0001161C:  22 06 D1 E7
F07:0002       	add		R2,R2,R3
               S01:00011620:  03 20 82 E0
F07:0003       	mov		R4,R13,lsr #24
               S01:00011624:  2D 4C A0 E1
F07:0004       	subs	R0,R0,R4
               S01:00011628:  04 00 50 E0
F07:0005       	movmi	R0,#0
               S01:0001162C:  00 00 A0 43
F07:0006       	mov		R7,R0,lsl #24
               S01:00011630:  00 7C A0 E1
F07:0007       
F07:0008       	ldrb	R0,[R1,R5,lsr #12]
               S01:00011634:  25 06 D1 E7
F07:0009       	add		R5,R5,R6
               S01:00011638:  06 50 85 E0
F07:0010       	mov		R4,R13,lsl #8
               S01:0001163C:  0D 44 A0 E1
F07:0011       	subs	R0,R0,R4,lsr #24
               S01:00011640:  24 0C 50 E0
F07:0012       	movmi	R0,#0
               S01:00011644:  00 00 A0 43
F07:0013       	orr		R7,R7,R0,lsl #16
               S01:00011648:  00 78 87 E1
F07:0014       
F07:0015       	ldrb	R0,[R1,R8,lsr #12]
               S01:0001164C:  28 06 D1 E7
F07:0016       	add		R8,R8,R9
               S01:00011650:  09 80 88 E0
F07:0017       	mov		R4,R13,lsl #16
               S01:00011654:  0D 48 A0 E1
F07:0018       	subs	R0,R0,R4, lsr #24
               S01:00011658:  24 0C 50 E0
F07:0019       	movmi	R0,#0
               S01:0001165C:  00 00 A0 43
F07:0020       	orr		R7,R7,R0,lsl #8
               S01:00011660:  00 74 87 E1
F07:0021       
F07:0022       	ldrb	R0,[R1,R11,lsr #12]
               S01:00011664:  2B 06 D1 E7
F07:0023       	add		R11,R11,R12
               S01:00011668:  0C B0 8B E0
F07:0024       	mov		R4,R13,lsl #24
               S01:0001166C:  0D 4C A0 E1
F07:0025       	subs	R0,R0,R4,lsr #24
               S01:00011670:  24 0C 50 E0
F07:0026       	movmi	R0,#0
               S01:00011674:  00 00 A0 43
F07:0027       	orr		R7,R7,R0
               S01:00011678:  00 70 87 E1
F07:0028       
F07:0029       	str		R7,[R14],#4		
               S01:0001167C:  04 70 8E E4
F07:0030       	
F07:0001       	ldrb	R0,[R1,R2,lsr #12]
               S01:00011680:  22 06 D1 E7
F07:0002       	add		R2,R2,R3
               S01:00011684:  03 20 82 E0
F07:0003       	mov		R4,R13,lsr #24
               S01:00011688:  2D 4C A0 E1
F07:0004       	subs	R0,R0,R4
               S01:0001168C:  04 00 50 E0
F07:0005       	movmi	R0,#0
               S01:00011690:  00 00 A0 43
F07:0006       	mov		R7,R0,lsl #24
               S01:00011694:  00 7C A0 E1
F07:0007       
F07:0008       	ldrb	R0,[R1,R5,lsr #12]
               S01:00011698:  25 06 D1 E7
F07:0009       	add		R5,R5,R6
               S01:0001169C:  06 50 85 E0
F07:0010       	mov		R4,R13,lsl #8
               S01:000116A0:  0D 44 A0 E1
F07:0011       	subs	R0,R0,R4,lsr #24
               S01:000116A4:  24 0C 50 E0
F07:0012       	movmi	R0,#0
               S01:000116A8:  00 00 A0 43
F07:0013       	orr		R7,R7,R0,lsl #16
               S01:000116AC:  00 78 87 E1
F07:0014       
F07:0015       	ldrb	R0,[R1,R8,lsr #12]
               S01:000116B0:  28 06 D1 E7
F07:0016       	add		R8,R8,R9
               S01:000116B4:  09 80 88 E0
F07:0017       	mov		R4,R13,lsl #16
               S01:000116B8:  0D 48 A0 E1
F07:0018       	subs	R0,R0,R4, lsr #24
               S01:000116BC:  24 0C 50 E0
F07:0019       	movmi	R0,#0
               S01:000116C0:  00 00 A0 43
F07:0020       	orr		R7,R7,R0,lsl #8
               S01:000116C4:  00 74 87 E1
F07:0021       
F07:0022       	ldrb	R0,[R1,R11,lsr #12]
               S01:000116C8:  2B 06 D1 E7
F07:0023       	add		R11,R11,R12
               S01:000116CC:  0C B0 8B E0
F07:0024       	mov		R4,R13,lsl #24
               S01:000116D0:  0D 4C A0 E1
F07:0025       	subs	R0,R0,R4,lsr #24
               S01:000116D4:  24 0C 50 E0
F07:0026       	movmi	R0,#0
               S01:000116D8:  00 00 A0 43
F07:0027       	orr		R7,R7,R0
               S01:000116DC:  00 70 87 E1
F07:0028       
F07:0029       	str		R7,[R14],#4		
               S01:000116E0:  04 70 8E E4
F07:0030       	
F07:0001       	ldrb	R0,[R1,R2,lsr #12]
               S01:000116E4:  22 06 D1 E7
F07:0002       	add		R2,R2,R3
               S01:000116E8:  03 20 82 E0
F07:0003       	mov		R4,R13,lsr #24
               S01:000116EC:  2D 4C A0 E1
F07:0004       	subs	R0,R0,R4
               S01:000116F0:  04 00 50 E0
F07:0005       	movmi	R0,#0
               S01:000116F4:  00 00 A0 43
F07:0006       	mov		R7,R0,lsl #24
               S01:000116F8:  00 7C A0 E1
F07:0007       
F07:0008       	ldrb	R0,[R1,R5,lsr #12]
               S01:000116FC:  25 06 D1 E7
F07:0009       	add		R5,R5,R6
               S01:00011700:  06 50 85 E0
F07:0010       	mov		R4,R13,lsl #8
               S01:00011704:  0D 44 A0 E1
F07:0011       	subs	R0,R0,R4,lsr #24
               S01:00011708:  24 0C 50 E0
F07:0012       	movmi	R0,#0
               S01:0001170C:  00 00 A0 43
F07:0013       	orr		R7,R7,R0,lsl #16
               S01:00011710:  00 78 87 E1
F07:0014       
F07:0015       	ldrb	R0,[R1,R8,lsr #12]
               S01:00011714:  28 06 D1 E7
F07:0016       	add		R8,R8,R9
               S01:00011718:  09 80 88 E0
F07:0017       	mov		R4,R13,lsl #16
               S01:0001171C:  0D 48 A0 E1
F07:0018       	subs	R0,R0,R4, lsr #24
               S01:00011720:  24 0C 50 E0
F07:0019       	movmi	R0,#0
               S01:00011724:  00 00 A0 43
F07:0020       	orr		R7,R7,R0,lsl #8
               S01:00011728:  00 74 87 E1
F07:0021       
F07:0022       	ldrb	R0,[R1,R11,lsr #12]
               S01:0001172C:  2B 06 D1 E7
F07:0023       	add		R11,R11,R12
               S01:00011730:  0C B0 8B E0
F07:0024       	mov		R4,R13,lsl #24
               S01:00011734:  0D 4C A0 E1
F07:0025       	subs	R0,R0,R4,lsr #24
               S01:00011738:  24 0C 50 E0
F07:0026       	movmi	R0,#0
               S01:0001173C:  00 00 A0 43
F07:0027       	orr		R7,R7,R0
               S01:00011740:  00 70 87 E1
F07:0028       
F07:0029       	str		R7,[R14],#4		
               S01:00011744:  04 70 8E E4
F07:0030       	
F07:0001       	ldrb	R0,[R1,R2,lsr #12]
               S01:00011748:  22 06 D1 E7
F07:0002       	add		R2,R2,R3
               S01:0001174C:  03 20 82 E0
F07:0003       	mov		R4,R13,lsr #24
               S01:00011750:  2D 4C A0 E1
F07:0004       	subs	R0,R0,R4
               S01:00011754:  04 00 50 E0
F07:0005       	movmi	R0,#0
               S01:00011758:  00 00 A0 43
F07:0006       	mov		R7,R0,lsl #24
               S01:0001175C:  00 7C A0 E1
F07:0007       
F07:0008       	ldrb	R0,[R1,R5,lsr #12]
               S01:00011760:  25 06 D1 E7
F07:0009       	add		R5,R5,R6
               S01:00011764:  06 50 85 E0
F07:0010       	mov		R4,R13,lsl #8
               S01:00011768:  0D 44 A0 E1
F07:0011       	subs	R0,R0,R4,lsr #24
               S01:0001176C:  24 0C 50 E0
F07:0012       	movmi	R0,#0
               S01:00011770:  00 00 A0 43
F07:0013       	orr		R7,R7,R0,lsl #16
               S01:00011774:  00 78 87 E1
F07:0014       
F07:0015       	ldrb	R0,[R1,R8,lsr #12]
               S01:00011778:  28 06 D1 E7
F07:0016       	add		R8,R8,R9
               S01:0001177C:  09 80 88 E0
F07:0017       	mov		R4,R13,lsl #16
               S01:00011780:  0D 48 A0 E1
F07:0018       	subs	R0,R0,R4, lsr #24
               S01:00011784:  24 0C 50 E0
F07:0019       	movmi	R0,#0
               S01:00011788:  00 00 A0 43
F07:0020       	orr		R7,R7,R0,lsl #8
               S01:0001178C:  00 74 87 E1
F07:0021       
F07:0022       	ldrb	R0,[R1,R11,lsr #12]
               S01:00011790:  2B 06 D1 E7
F07:0023       	add		R11,R11,R12
               S01:00011794:  0C B0 8B E0
F07:0024       	mov		R4,R13,lsl #24
               S01:00011798:  0D 4C A0 E1
F07:0025       	subs	R0,R0,R4,lsr #24
               S01:0001179C:  24 0C 50 E0
F07:0026       	movmi	R0,#0
               S01:000117A0:  00 00 A0 43
F07:0027       	orr		R7,R7,R0
               S01:000117A4:  00 70 87 E1
F07:0028       
F07:0029       	str		R7,[R14],#4		
               S01:000117A8:  04 70 8E E4
F07:0030       	
F07:0001       	ldrb	R0,[R1,R2,lsr #12]
               S01:000117AC:  22 06 D1 E7
F07:0002       	add		R2,R2,R3
               S01:000117B0:  03 20 82 E0
F07:0003       	mov		R4,R13,lsr #24
               S01:000117B4:  2D 4C A0 E1
F07:0004       	subs	R0,R0,R4
               S01:000117B8:  04 00 50 E0
F07:0005       	movmi	R0,#0
               S01:000117BC:  00 00 A0 43
F07:0006       	mov		R7,R0,lsl #24
               S01:000117C0:  00 7C A0 E1
F07:0007       
F07:0008       	ldrb	R0,[R1,R5,lsr #12]
               S01:000117C4:  25 06 D1 E7
F07:0009       	add		R5,R5,R6
               S01:000117C8:  06 50 85 E0
F07:0010       	mov		R4,R13,lsl #8
               S01:000117CC:  0D 44 A0 E1
F07:0011       	subs	R0,R0,R4,lsr #24
               S01:000117D0:  24 0C 50 E0
F07:0012       	movmi	R0,#0
               S01:000117D4:  00 00 A0 43
F07:0013       	orr		R7,R7,R0,lsl #16
               S01:000117D8:  00 78 87 E1
F07:0014       
F07:0015       	ldrb	R0,[R1,R8,lsr #12]
               S01:000117DC:  28 06 D1 E7
F07:0016       	add		R8,R8,R9
               S01:000117E0:  09 80 88 E0
F07:0017       	mov		R4,R13,lsl #16
               S01:000117E4:  0D 48 A0 E1
F07:0018       	subs	R0,R0,R4, lsr #24
               S01:000117E8:  24 0C 50 E0
F07:0019       	movmi	R0,#0
               S01:000117EC:  00 00 A0 43
F07:0020       	orr		R7,R7,R0,lsl #8
               S01:000117F0:  00 74 87 E1
F07:0021       
F07:0022       	ldrb	R0,[R1,R11,lsr #12]
               S01:000117F4:  2B 06 D1 E7
F07:0023       	add		R11,R11,R12
               S01:000117F8:  0C B0 8B E0
F07:0024       	mov		R4,R13,lsl #24
               S01:000117FC:  0D 4C A0 E1
F07:0025       	subs	R0,R0,R4,lsr #24
               S01:00011800:  24 0C 50 E0
F07:0026       	movmi	R0,#0
               S01:00011804:  00 00 A0 43
F07:0027       	orr		R7,R7,R0
               S01:00011808:  00 70 87 E1
F07:0028       
F07:0029       	str		R7,[R14],#4		
               S01:0001180C:  04 70 8E E4
F07:0030       	
F07:0001       	ldrb	R0,[R1,R2,lsr #12]
               S01:00011810:  22 06 D1 E7
F07:0002       	add		R2,R2,R3
               S01:00011814:  03 20 82 E0
F07:0003       	mov		R4,R13,lsr #24
               S01:00011818:  2D 4C A0 E1
F07:0004       	subs	R0,R0,R4
               S01:0001181C:  04 00 50 E0
F07:0005       	movmi	R0,#0
               S01:00011820:  00 00 A0 43
F07:0006       	mov		R7,R0,lsl #24
               S01:00011824:  00 7C A0 E1
F07:0007       
F07:0008       	ldrb	R0,[R1,R5,lsr #12]
               S01:00011828:  25 06 D1 E7
F07:0009       	add		R5,R5,R6
               S01:0001182C:  06 50 85 E0
F07:0010       	mov		R4,R13,lsl #8
               S01:00011830:  0D 44 A0 E1
F07:0011       	subs	R0,R0,R4,lsr #24
               S01:00011834:  24 0C 50 E0
F07:0012       	movmi	R0,#0
               S01:00011838:  00 00 A0 43
F07:0013       	orr		R7,R7,R0,lsl #16
               S01:0001183C:  00 78 87 E1
F07:0014       
F07:0015       	ldrb	R0,[R1,R8,lsr #12]
               S01:00011840:  28 06 D1 E7
F07:0016       	add		R8,R8,R9
               S01:00011844:  09 80 88 E0
F07:0017       	mov		R4,R13,lsl #16
               S01:00011848:  0D 48 A0 E1
F07:0018       	subs	R0,R0,R4, lsr #24
               S01:0001184C:  24 0C 50 E0
F07:0019       	movmi	R0,#0
               S01:00011850:  00 00 A0 43
F07:0020       	orr		R7,R7,R0,lsl #8
               S01:00011854:  00 74 87 E1
F07:0021       
F07:0022       	ldrb	R0,[R1,R11,lsr #12]
               S01:00011858:  2B 06 D1 E7
F07:0023       	add		R11,R11,R12
               S01:0001185C:  0C B0 8B E0
F07:0024       	mov		R4,R13,lsl #24
               S01:00011860:  0D 4C A0 E1
F07:0025       	subs	R0,R0,R4,lsr #24
               S01:00011864:  24 0C 50 E0
F07:0026       	movmi	R0,#0
               S01:00011868:  00 00 A0 43
F07:0027       	orr		R7,R7,R0
               S01:0001186C:  00 70 87 E1
F07:0028       
F07:0029       	str		R7,[R14],#4		
               S01:00011870:  04 70 8E E4
F07:0030       	
F07:0001       	ldrb	R0,[R1,R2,lsr #12]
               S01:00011874:  22 06 D1 E7
F07:0002       	add		R2,R2,R3
               S01:00011878:  03 20 82 E0
F07:0003       	mov		R4,R13,lsr #24
               S01:0001187C:  2D 4C A0 E1
F07:0004       	subs	R0,R0,R4
               S01:00011880:  04 00 50 E0
F07:0005       	movmi	R0,#0
               S01:00011884:  00 00 A0 43
F07:0006       	mov		R7,R0,lsl #24
               S01:00011888:  00 7C A0 E1
F07:0007       
F07:0008       	ldrb	R0,[R1,R5,lsr #12]
               S01:0001188C:  25 06 D1 E7
F07:0009       	add		R5,R5,R6
               S01:00011890:  06 50 85 E0
F07:0010       	mov		R4,R13,lsl #8
               S01:00011894:  0D 44 A0 E1
F07:0011       	subs	R0,R0,R4,lsr #24
               S01:00011898:  24 0C 50 E0
F07:0012       	movmi	R0,#0
               S01:0001189C:  00 00 A0 43
F07:0013       	orr		R7,R7,R0,lsl #16
               S01:000118A0:  00 78 87 E1
F07:0014       
F07:0015       	ldrb	R0,[R1,R8,lsr #12]
               S01:000118A4:  28 06 D1 E7
F07:0016       	add		R8,R8,R9
               S01:000118A8:  09 80 88 E0
F07:0017       	mov		R4,R13,lsl #16
               S01:000118AC:  0D 48 A0 E1
F07:0018       	subs	R0,R0,R4, lsr #24
               S01:000118B0:  24 0C 50 E0
F07:0019       	movmi	R0,#0
               S01:000118B4:  00 00 A0 43
F07:0020       	orr		R7,R7,R0,lsl #8
               S01:000118B8:  00 74 87 E1
F07:0021       
F07:0022       	ldrb	R0,[R1,R11,lsr #12]
               S01:000118BC:  2B 06 D1 E7
F07:0023       	add		R11,R11,R12
               S01:000118C0:  0C B0 8B E0
F07:0024       	mov		R4,R13,lsl #24
               S01:000118C4:  0D 4C A0 E1
F07:0025       	subs	R0,R0,R4,lsr #24
               S01:000118C8:  24 0C 50 E0
F07:0026       	movmi	R0,#0
               S01:000118CC:  00 00 A0 43
F07:0027       	orr		R7,R7,R0
               S01:000118D0:  00 70 87 E1
F07:0028       
F07:0029       	str		R7,[R14],#4		
               S01:000118D4:  04 70 8E E4
F07:0030       	
F07:0001       	ldrb	R0,[R1,R2,lsr #12]
               S01:000118D8:  22 06 D1 E7
F07:0002       	add		R2,R2,R3
               S01:000118DC:  03 20 82 E0
F07:0003       	mov		R4,R13,lsr #24
               S01:000118E0:  2D 4C A0 E1
F07:0004       	subs	R0,R0,R4
               S01:000118E4:  04 00 50 E0
F07:0005       	movmi	R0,#0
               S01:000118E8:  00 00 A0 43
F07:0006       	mov		R7,R0,lsl #24
               S01:000118EC:  00 7C A0 E1
F07:0007       
F07:0008       	ldrb	R0,[R1,R5,lsr #12]
               S01:000118F0:  25 06 D1 E7
F07:0009       	add		R5,R5,R6
               S01:000118F4:  06 50 85 E0
F07:0010       	mov		R4,R13,lsl #8
               S01:000118F8:  0D 44 A0 E1
F07:0011       	subs	R0,R0,R4,lsr #24
               S01:000118FC:  24 0C 50 E0
F07:0012       	movmi	R0,#0
               S01:00011900:  00 00 A0 43
F07:0013       	orr		R7,R7,R0,lsl #16
               S01:00011904:  00 78 87 E1
F07:0014       
F07:0015       	ldrb	R0,[R1,R8,lsr #12]
               S01:00011908:  28 06 D1 E7
F07:0016       	add		R8,R8,R9
               S01:0001190C:  09 80 88 E0
F07:0017       	mov		R4,R13,lsl #16
               S01:00011910:  0D 48 A0 E1
F07:0018       	subs	R0,R0,R4, lsr #24
               S01:00011914:  24 0C 50 E0
F07:0019       	movmi	R0,#0
               S01:00011918:  00 00 A0 43
F07:0020       	orr		R7,R7,R0,lsl #8
               S01:0001191C:  00 74 87 E1
F07:0021       
F07:0022       	ldrb	R0,[R1,R11,lsr #12]
               S01:00011920:  2B 06 D1 E7
F07:0023       	add		R11,R11,R12
               S01:00011924:  0C B0 8B E0
F07:0024       	mov		R4,R13,lsl #24
               S01:00011928:  0D 4C A0 E1
F07:0025       	subs	R0,R0,R4,lsr #24
               S01:0001192C:  24 0C 50 E0
F07:0026       	movmi	R0,#0
               S01:00011930:  00 00 A0 43
F07:0027       	orr		R7,R7,R0
               S01:00011934:  00 70 87 E1
F07:0028       
F07:0029       	str		R7,[R14],#4		
               S01:00011938:  04 70 8E E4
F07:0030       	
F07:0001       	ldrb	R0,[R1,R2,lsr #12]
               S01:0001193C:  22 06 D1 E7
F07:0002       	add		R2,R2,R3
               S01:00011940:  03 20 82 E0
F07:0003       	mov		R4,R13,lsr #24
               S01:00011944:  2D 4C A0 E1
F07:0004       	subs	R0,R0,R4
               S01:00011948:  04 00 50 E0
F07:0005       	movmi	R0,#0
               S01:0001194C:  00 00 A0 43
F07:0006       	mov		R7,R0,lsl #24
               S01:00011950:  00 7C A0 E1
F07:0007       
F07:0008       	ldrb	R0,[R1,R5,lsr #12]
               S01:00011954:  25 06 D1 E7
F07:0009       	add		R5,R5,R6
               S01:00011958:  06 50 85 E0
F07:0010       	mov		R4,R13,lsl #8
               S01:0001195C:  0D 44 A0 E1
F07:0011       	subs	R0,R0,R4,lsr #24
               S01:00011960:  24 0C 50 E0
F07:0012       	movmi	R0,#0
               S01:00011964:  00 00 A0 43
F07:0013       	orr		R7,R7,R0,lsl #16
               S01:00011968:  00 78 87 E1
F07:0014       
F07:0015       	ldrb	R0,[R1,R8,lsr #12]
               S01:0001196C:  28 06 D1 E7
F07:0016       	add		R8,R8,R9
               S01:00011970:  09 80 88 E0
F07:0017       	mov		R4,R13,lsl #16
               S01:00011974:  0D 48 A0 E1
F07:0018       	subs	R0,R0,R4, lsr #24
               S01:00011978:  24 0C 50 E0
F07:0019       	movmi	R0,#0
               S01:0001197C:  00 00 A0 43
F07:0020       	orr		R7,R7,R0,lsl #8
               S01:00011980:  00 74 87 E1
F07:0021       
F07:0022       	ldrb	R0,[R1,R11,lsr #12]
               S01:00011984:  2B 06 D1 E7
F07:0023       	add		R11,R11,R12
               S01:00011988:  0C B0 8B E0
F07:0024       	mov		R4,R13,lsl #24
               S01:0001198C:  0D 4C A0 E1
F07:0025       	subs	R0,R0,R4,lsr #24
               S01:00011990:  24 0C 50 E0
F07:0026       	movmi	R0,#0
               S01:00011994:  00 00 A0 43
F07:0027       	orr		R7,R7,R0
               S01:00011998:  00 70 87 E1
F07:0028       
F07:0029       	str		R7,[R14],#4		
               S01:0001199C:  04 70 8E E4
F07:0030       	
F07:0001       	ldrb	R0,[R1,R2,lsr #12]
               S01:000119A0:  22 06 D1 E7
F07:0002       	add		R2,R2,R3
               S01:000119A4:  03 20 82 E0
F07:0003       	mov		R4,R13,lsr #24
               S01:000119A8:  2D 4C A0 E1
F07:0004       	subs	R0,R0,R4
               S01:000119AC:  04 00 50 E0
F07:0005       	movmi	R0,#0
               S01:000119B0:  00 00 A0 43
F07:0006       	mov		R7,R0,lsl #24
               S01:000119B4:  00 7C A0 E1
F07:0007       
F07:0008       	ldrb	R0,[R1,R5,lsr #12]
               S01:000119B8:  25 06 D1 E7
F07:0009       	add		R5,R5,R6
               S01:000119BC:  06 50 85 E0
F07:0010       	mov		R4,R13,lsl #8
               S01:000119C0:  0D 44 A0 E1
F07:0011       	subs	R0,R0,R4,lsr #24
               S01:000119C4:  24 0C 50 E0
F07:0012       	movmi	R0,#0
               S01:000119C8:  00 00 A0 43
F07:0013       	orr		R7,R7,R0,lsl #16
               S01:000119CC:  00 78 87 E1
F07:0014       
F07:0015       	ldrb	R0,[R1,R8,lsr #12]
               S01:000119D0:  28 06 D1 E7
F07:0016       	add		R8,R8,R9
               S01:000119D4:  09 80 88 E0
F07:0017       	mov		R4,R13,lsl #16
               S01:000119D8:  0D 48 A0 E1
F07:0018       	subs	R0,R0,R4, lsr #24
               S01:000119DC:  24 0C 50 E0
F07:0019       	movmi	R0,#0
               S01:000119E0:  00 00 A0 43
F07:0020       	orr		R7,R7,R0,lsl #8
               S01:000119E4:  00 74 87 E1
F07:0021       
F07:0022       	ldrb	R0,[R1,R11,lsr #12]
               S01:000119E8:  2B 06 D1 E7
F07:0023       	add		R11,R11,R12
               S01:000119EC:  0C B0 8B E0
F07:0024       	mov		R4,R13,lsl #24
               S01:000119F0:  0D 4C A0 E1
F07:0025       	subs	R0,R0,R4,lsr #24
               S01:000119F4:  24 0C 50 E0
F07:0026       	movmi	R0,#0
               S01:000119F8:  00 00 A0 43
F07:0027       	orr		R7,R7,R0
               S01:000119FC:  00 70 87 E1
F07:0028       
F07:0029       	str		R7,[R14],#4		
               S01:00011A00:  04 70 8E E4
F07:0030       	
F07:0001       	ldrb	R0,[R1,R2,lsr #12]
               S01:00011A04:  22 06 D1 E7
F07:0002       	add		R2,R2,R3
               S01:00011A08:  03 20 82 E0
F07:0003       	mov		R4,R13,lsr #24
               S01:00011A0C:  2D 4C A0 E1
F07:0004       	subs	R0,R0,R4
               S01:00011A10:  04 00 50 E0
F07:0005       	movmi	R0,#0
               S01:00011A14:  00 00 A0 43
F07:0006       	mov		R7,R0,lsl #24
               S01:00011A18:  00 7C A0 E1
F07:0007       
F07:0008       	ldrb	R0,[R1,R5,lsr #12]
               S01:00011A1C:  25 06 D1 E7
F07:0009       	add		R5,R5,R6
               S01:00011A20:  06 50 85 E0
F07:0010       	mov		R4,R13,lsl #8
               S01:00011A24:  0D 44 A0 E1
F07:0011       	subs	R0,R0,R4,lsr #24
               S01:00011A28:  24 0C 50 E0
F07:0012       	movmi	R0,#0
               S01:00011A2C:  00 00 A0 43
F07:0013       	orr		R7,R7,R0,lsl #16
               S01:00011A30:  00 78 87 E1
F07:0014       
F07:0015       	ldrb	R0,[R1,R8,lsr #12]
               S01:00011A34:  28 06 D1 E7
F07:0016       	add		R8,R8,R9
               S01:00011A38:  09 80 88 E0
F07:0017       	mov		R4,R13,lsl #16
               S01:00011A3C:  0D 48 A0 E1
F07:0018       	subs	R0,R0,R4, lsr #24
               S01:00011A40:  24 0C 50 E0
F07:0019       	movmi	R0,#0
               S01:00011A44:  00 00 A0 43
F07:0020       	orr		R7,R7,R0,lsl #8
               S01:00011A48:  00 74 87 E1
F07:0021       
F07:0022       	ldrb	R0,[R1,R11,lsr #12]
               S01:00011A4C:  2B 06 D1 E7
F07:0023       	add		R11,R11,R12
               S01:00011A50:  0C B0 8B E0
F07:0024       	mov		R4,R13,lsl #24
               S01:00011A54:  0D 4C A0 E1
F07:0025       	subs	R0,R0,R4,lsr #24
               S01:00011A58:  24 0C 50 E0
F07:0026       	movmi	R0,#0
               S01:00011A5C:  00 00 A0 43
F07:0027       	orr		R7,R7,R0
               S01:00011A60:  00 70 87 E1
F07:0028       
F07:0029       	str		R7,[R14],#4		
               S01:00011A64:  04 70 8E E4
F07:0030       	
F07:0001       	ldrb	R0,[R1,R2,lsr #12]
               S01:00011A68:  22 06 D1 E7
F07:0002       	add		R2,R2,R3
               S01:00011A6C:  03 20 82 E0
F07:0003       	mov		R4,R13,lsr #24
               S01:00011A70:  2D 4C A0 E1
F07:0004       	subs	R0,R0,R4
               S01:00011A74:  04 00 50 E0
F07:0005       	movmi	R0,#0
               S01:00011A78:  00 00 A0 43
F07:0006       	mov		R7,R0,lsl #24
               S01:00011A7C:  00 7C A0 E1
F07:0007       
F07:0008       	ldrb	R0,[R1,R5,lsr #12]
               S01:00011A80:  25 06 D1 E7
F07:0009       	add		R5,R5,R6
               S01:00011A84:  06 50 85 E0
F07:0010       	mov		R4,R13,lsl #8
               S01:00011A88:  0D 44 A0 E1
F07:0011       	subs	R0,R0,R4,lsr #24
               S01:00011A8C:  24 0C 50 E0
F07:0012       	movmi	R0,#0
               S01:00011A90:  00 00 A0 43
F07:0013       	orr		R7,R7,R0,lsl #16
               S01:00011A94:  00 78 87 E1
F07:0014       
F07:0015       	ldrb	R0,[R1,R8,lsr #12]
               S01:00011A98:  28 06 D1 E7
F07:0016       	add		R8,R8,R9
               S01:00011A9C:  09 80 88 E0
F07:0017       	mov		R4,R13,lsl #16
               S01:00011AA0:  0D 48 A0 E1
F07:0018       	subs	R0,R0,R4, lsr #24
               S01:00011AA4:  24 0C 50 E0
F07:0019       	movmi	R0,#0
               S01:00011AA8:  00 00 A0 43
F07:0020       	orr		R7,R7,R0,lsl #8
               S01:00011AAC:  00 74 87 E1
F07:0021       
F07:0022       	ldrb	R0,[R1,R11,lsr #12]
               S01:00011AB0:  2B 06 D1 E7
F07:0023       	add		R11,R11,R12
               S01:00011AB4:  0C B0 8B E0
F07:0024       	mov		R4,R13,lsl #24
               S01:00011AB8:  0D 4C A0 E1
F07:0025       	subs	R0,R0,R4,lsr #24
               S01:00011ABC:  24 0C 50 E0
F07:0026       	movmi	R0,#0
               S01:00011AC0:  00 00 A0 43
F07:0027       	orr		R7,R7,R0
               S01:00011AC4:  00 70 87 E1
F07:0028       
F07:0029       	str		R7,[R14],#4		
               S01:00011AC8:  04 70 8E E4
F07:0030       	
F07:0001       	ldrb	R0,[R1,R2,lsr #12]
               S01:00011ACC:  22 06 D1 E7
F07:0002       	add		R2,R2,R3
               S01:00011AD0:  03 20 82 E0
F07:0003       	mov		R4,R13,lsr #24
               S01:00011AD4:  2D 4C A0 E1
F07:0004       	subs	R0,R0,R4
               S01:00011AD8:  04 00 50 E0
F07:0005       	movmi	R0,#0
               S01:00011ADC:  00 00 A0 43
F07:0006       	mov		R7,R0,lsl #24
               S01:00011AE0:  00 7C A0 E1
F07:0007       
F07:0008       	ldrb	R0,[R1,R5,lsr #12]
               S01:00011AE4:  25 06 D1 E7
F07:0009       	add		R5,R5,R6
               S01:00011AE8:  06 50 85 E0
F07:0010       	mov		R4,R13,lsl #8
               S01:00011AEC:  0D 44 A0 E1
F07:0011       	subs	R0,R0,R4,lsr #24
               S01:00011AF0:  24 0C 50 E0
F07:0012       	movmi	R0,#0
               S01:00011AF4:  00 00 A0 43
F07:0013       	orr		R7,R7,R0,lsl #16
               S01:00011AF8:  00 78 87 E1
F07:0014       
F07:0015       	ldrb	R0,[R1,R8,lsr #12]
               S01:00011AFC:  28 06 D1 E7
F07:0016       	add		R8,R8,R9
               S01:00011B00:  09 80 88 E0
F07:0017       	mov		R4,R13,lsl #16
               S01:00011B04:  0D 48 A0 E1
F07:0018       	subs	R0,R0,R4, lsr #24
               S01:00011B08:  24 0C 50 E0
F07:0019       	movmi	R0,#0
               S01:00011B0C:  00 00 A0 43
F07:0020       	orr		R7,R7,R0,lsl #8
               S01:00011B10:  00 74 87 E1
F07:0021       
F07:0022       	ldrb	R0,[R1,R11,lsr #12]
               S01:00011B14:  2B 06 D1 E7
F07:0023       	add		R11,R11,R12
               S01:00011B18:  0C B0 8B E0
F07:0024       	mov		R4,R13,lsl #24
               S01:00011B1C:  0D 4C A0 E1
F07:0025       	subs	R0,R0,R4,lsr #24
               S01:00011B20:  24 0C 50 E0
F07:0026       	movmi	R0,#0
               S01:00011B24:  00 00 A0 43
F07:0027       	orr		R7,R7,R0
               S01:00011B28:  00 70 87 E1
F07:0028       
F07:0029       	str		R7,[R14],#4		
               S01:00011B2C:  04 70 8E E4
F07:0030       	
F07:0001       	ldrb	R0,[R1,R2,lsr #12]
               S01:00011B30:  22 06 D1 E7
F07:0002       	add		R2,R2,R3
               S01:00011B34:  03 20 82 E0
F07:0003       	mov		R4,R13,lsr #24
               S01:00011B38:  2D 4C A0 E1
F07:0004       	subs	R0,R0,R4
               S01:00011B3C:  04 00 50 E0
F07:0005       	movmi	R0,#0
               S01:00011B40:  00 00 A0 43
F07:0006       	mov		R7,R0,lsl #24
               S01:00011B44:  00 7C A0 E1
F07:0007       
F07:0008       	ldrb	R0,[R1,R5,lsr #12]
               S01:00011B48:  25 06 D1 E7
F07:0009       	add		R5,R5,R6
               S01:00011B4C:  06 50 85 E0
F07:0010       	mov		R4,R13,lsl #8
               S01:00011B50:  0D 44 A0 E1
F07:0011       	subs	R0,R0,R4,lsr #24
               S01:00011B54:  24 0C 50 E0
F07:0012       	movmi	R0,#0
               S01:00011B58:  00 00 A0 43
F07:0013       	orr		R7,R7,R0,lsl #16
               S01:00011B5C:  00 78 87 E1
F07:0014       
F07:0015       	ldrb	R0,[R1,R8,lsr #12]
               S01:00011B60:  28 06 D1 E7
F07:0016       	add		R8,R8,R9
               S01:00011B64:  09 80 88 E0
F07:0017       	mov		R4,R13,lsl #16
               S01:00011B68:  0D 48 A0 E1
F07:0018       	subs	R0,R0,R4, lsr #24
               S01:00011B6C:  24 0C 50 E0
F07:0019       	movmi	R0,#0
               S01:00011B70:  00 00 A0 43
F07:0020       	orr		R7,R7,R0,lsl #8
               S01:00011B74:  00 74 87 E1
F07:0021       
F07:0022       	ldrb	R0,[R1,R11,lsr #12]
               S01:00011B78:  2B 06 D1 E7
F07:0023       	add		R11,R11,R12
               S01:00011B7C:  0C B0 8B E0
F07:0024       	mov		R4,R13,lsl #24
               S01:00011B80:  0D 4C A0 E1
F07:0025       	subs	R0,R0,R4,lsr #24
               S01:00011B84:  24 0C 50 E0
F07:0026       	movmi	R0,#0
               S01:00011B88:  00 00 A0 43
F07:0027       	orr		R7,R7,R0
               S01:00011B8C:  00 70 87 E1
F07:0028       
F07:0029       	str		R7,[R14],#4		
               S01:00011B90:  04 70 8E E4
F07:0030       	
F07:0001       	ldrb	R0,[R1,R2,lsr #12]
               S01:00011B94:  22 06 D1 E7
F07:0002       	add		R2,R2,R3
               S01:00011B98:  03 20 82 E0
F07:0003       	mov		R4,R13,lsr #24
               S01:00011B9C:  2D 4C A0 E1
F07:0004       	subs	R0,R0,R4
               S01:00011BA0:  04 00 50 E0
F07:0005       	movmi	R0,#0
               S01:00011BA4:  00 00 A0 43
F07:0006       	mov		R7,R0,lsl #24
               S01:00011BA8:  00 7C A0 E1
F07:0007       
F07:0008       	ldrb	R0,[R1,R5,lsr #12]
               S01:00011BAC:  25 06 D1 E7
F07:0009       	add		R5,R5,R6
               S01:00011BB0:  06 50 85 E0
F07:0010       	mov		R4,R13,lsl #8
               S01:00011BB4:  0D 44 A0 E1
F07:0011       	subs	R0,R0,R4,lsr #24
               S01:00011BB8:  24 0C 50 E0
F07:0012       	movmi	R0,#0
               S01:00011BBC:  00 00 A0 43
F07:0013       	orr		R7,R7,R0,lsl #16
               S01:00011BC0:  00 78 87 E1
F07:0014       
F07:0015       	ldrb	R0,[R1,R8,lsr #12]
               S01:00011BC4:  28 06 D1 E7
F07:0016       	add		R8,R8,R9
               S01:00011BC8:  09 80 88 E0
F07:0017       	mov		R4,R13,lsl #16
               S01:00011BCC:  0D 48 A0 E1
F07:0018       	subs	R0,R0,R4, lsr #24
               S01:00011BD0:  24 0C 50 E0
F07:0019       	movmi	R0,#0
               S01:00011BD4:  00 00 A0 43
F07:0020       	orr		R7,R7,R0,lsl #8
               S01:00011BD8:  00 74 87 E1
F07:0021       
F07:0022       	ldrb	R0,[R1,R11,lsr #12]
               S01:00011BDC:  2B 06 D1 E7
F07:0023       	add		R11,R11,R12
               S01:00011BE0:  0C B0 8B E0
F07:0024       	mov		R4,R13,lsl #24
               S01:00011BE4:  0D 4C A0 E1
F07:0025       	subs	R0,R0,R4,lsr #24
               S01:00011BE8:  24 0C 50 E0
F07:0026       	movmi	R0,#0
               S01:00011BEC:  00 00 A0 43
F07:0027       	orr		R7,R7,R0
               S01:00011BF0:  00 70 87 E1
F07:0028       
F07:0029       	str		R7,[R14],#4		
               S01:00011BF4:  04 70 8E E4
F07:0030       	
F07:0001       	ldrb	R0,[R1,R2,lsr #12]
               S01:00011BF8:  22 06 D1 E7
F07:0002       	add		R2,R2,R3
               S01:00011BFC:  03 20 82 E0
F07:0003       	mov		R4,R13,lsr #24
               S01:00011C00:  2D 4C A0 E1
F07:0004       	subs	R0,R0,R4
               S01:00011C04:  04 00 50 E0
F07:0005       	movmi	R0,#0
               S01:00011C08:  00 00 A0 43
F07:0006       	mov		R7,R0,lsl #24
               S01:00011C0C:  00 7C A0 E1
F07:0007       
F07:0008       	ldrb	R0,[R1,R5,lsr #12]
               S01:00011C10:  25 06 D1 E7
F07:0009       	add		R5,R5,R6
               S01:00011C14:  06 50 85 E0
F07:0010       	mov		R4,R13,lsl #8
               S01:00011C18:  0D 44 A0 E1
F07:0011       	subs	R0,R0,R4,lsr #24
               S01:00011C1C:  24 0C 50 E0
F07:0012       	movmi	R0,#0
               S01:00011C20:  00 00 A0 43
F07:0013       	orr		R7,R7,R0,lsl #16
               S01:00011C24:  00 78 87 E1
F07:0014       
F07:0015       	ldrb	R0,[R1,R8,lsr #12]
               S01:00011C28:  28 06 D1 E7
F07:0016       	add		R8,R8,R9
               S01:00011C2C:  09 80 88 E0
F07:0017       	mov		R4,R13,lsl #16
               S01:00011C30:  0D 48 A0 E1
F07:0018       	subs	R0,R0,R4, lsr #24
               S01:00011C34:  24 0C 50 E0
F07:0019       	movmi	R0,#0
               S01:00011C38:  00 00 A0 43
F07:0020       	orr		R7,R7,R0,lsl #8
               S01:00011C3C:  00 74 87 E1
F07:0021       
F07:0022       	ldrb	R0,[R1,R11,lsr #12]
               S01:00011C40:  2B 06 D1 E7
F07:0023       	add		R11,R11,R12
               S01:00011C44:  0C B0 8B E0
F07:0024       	mov		R4,R13,lsl #24
               S01:00011C48:  0D 4C A0 E1
F07:0025       	subs	R0,R0,R4,lsr #24
               S01:00011C4C:  24 0C 50 E0
F07:0026       	movmi	R0,#0
               S01:00011C50:  00 00 A0 43
F07:0027       	orr		R7,R7,R0
               S01:00011C54:  00 70 87 E1
F07:0028       
F07:0029       	str		R7,[R14],#4		
               S01:00011C58:  04 70 8E E4
F07:0030       	
F07:0001       	ldrb	R0,[R1,R2,lsr #12]
               S01:00011C5C:  22 06 D1 E7
F07:0002       	add		R2,R2,R3
               S01:00011C60:  03 20 82 E0
F07:0003       	mov		R4,R13,lsr #24
               S01:00011C64:  2D 4C A0 E1
F07:0004       	subs	R0,R0,R4
               S01:00011C68:  04 00 50 E0
F07:0005       	movmi	R0,#0
               S01:00011C6C:  00 00 A0 43
F07:0006       	mov		R7,R0,lsl #24
               S01:00011C70:  00 7C A0 E1
F07:0007       
F07:0008       	ldrb	R0,[R1,R5,lsr #12]
               S01:00011C74:  25 06 D1 E7
F07:0009       	add		R5,R5,R6
               S01:00011C78:  06 50 85 E0
F07:0010       	mov		R4,R13,lsl #8
               S01:00011C7C:  0D 44 A0 E1
F07:0011       	subs	R0,R0,R4,lsr #24
               S01:00011C80:  24 0C 50 E0
F07:0012       	movmi	R0,#0
               S01:00011C84:  00 00 A0 43
F07:0013       	orr		R7,R7,R0,lsl #16
               S01:00011C88:  00 78 87 E1
F07:0014       
F07:0015       	ldrb	R0,[R1,R8,lsr #12]
               S01:00011C8C:  28 06 D1 E7
F07:0016       	add		R8,R8,R9
               S01:00011C90:  09 80 88 E0
F07:0017       	mov		R4,R13,lsl #16
               S01:00011C94:  0D 48 A0 E1
F07:0018       	subs	R0,R0,R4, lsr #24
               S01:00011C98:  24 0C 50 E0
F07:0019       	movmi	R0,#0
               S01:00011C9C:  00 00 A0 43
F07:0020       	orr		R7,R7,R0,lsl #8
               S01:00011CA0:  00 74 87 E1
F07:0021       
F07:0022       	ldrb	R0,[R1,R11,lsr #12]
               S01:00011CA4:  2B 06 D1 E7
F07:0023       	add		R11,R11,R12
               S01:00011CA8:  0C B0 8B E0
F07:0024       	mov		R4,R13,lsl #24
               S01:00011CAC:  0D 4C A0 E1
F07:0025       	subs	R0,R0,R4,lsr #24
               S01:00011CB0:  24 0C 50 E0
F07:0026       	movmi	R0,#0
               S01:00011CB4:  00 00 A0 43
F07:0027       	orr		R7,R7,R0
               S01:00011CB8:  00 70 87 E1
F07:0028       
F07:0029       	str		R7,[R14],#4		
               S01:00011CBC:  04 70 8E E4
F07:0030       	
F07:0001       	ldrb	R0,[R1,R2,lsr #12]
               S01:00011CC0:  22 06 D1 E7
F07:0002       	add		R2,R2,R3
               S01:00011CC4:  03 20 82 E0
F07:0003       	mov		R4,R13,lsr #24
               S01:00011CC8:  2D 4C A0 E1
F07:0004       	subs	R0,R0,R4
               S01:00011CCC:  04 00 50 E0
F07:0005       	movmi	R0,#0
               S01:00011CD0:  00 00 A0 43
F07:0006       	mov		R7,R0,lsl #24
               S01:00011CD4:  00 7C A0 E1
F07:0007       
F07:0008       	ldrb	R0,[R1,R5,lsr #12]
               S01:00011CD8:  25 06 D1 E7
F07:0009       	add		R5,R5,R6
               S01:00011CDC:  06 50 85 E0
F07:0010       	mov		R4,R13,lsl #8
               S01:00011CE0:  0D 44 A0 E1
F07:0011       	subs	R0,R0,R4,lsr #24
               S01:00011CE4:  24 0C 50 E0
F07:0012       	movmi	R0,#0
               S01:00011CE8:  00 00 A0 43
F07:0013       	orr		R7,R7,R0,lsl #16
               S01:00011CEC:  00 78 87 E1
F07:0014       
F07:0015       	ldrb	R0,[R1,R8,lsr #12]
               S01:00011CF0:  28 06 D1 E7
F07:0016       	add		R8,R8,R9
               S01:00011CF4:  09 80 88 E0
F07:0017       	mov		R4,R13,lsl #16
               S01:00011CF8:  0D 48 A0 E1
F07:0018       	subs	R0,R0,R4, lsr #24
               S01:00011CFC:  24 0C 50 E0
F07:0019       	movmi	R0,#0
               S01:00011D00:  00 00 A0 43
F07:0020       	orr		R7,R7,R0,lsl #8
               S01:00011D04:  00 74 87 E1
F07:0021       
F07:0022       	ldrb	R0,[R1,R11,lsr #12]
               S01:00011D08:  2B 06 D1 E7
F07:0023       	add		R11,R11,R12
               S01:00011D0C:  0C B0 8B E0
F07:0024       	mov		R4,R13,lsl #24
               S01:00011D10:  0D 4C A0 E1
F07:0025       	subs	R0,R0,R4,lsr #24
               S01:00011D14:  24 0C 50 E0
F07:0026       	movmi	R0,#0
               S01:00011D18:  00 00 A0 43
F07:0027       	orr		R7,R7,R0
               S01:00011D1C:  00 70 87 E1
F07:0028       
F07:0029       	str		R7,[R14],#4		
               S01:00011D20:  04 70 8E E4
F07:0030       	
F07:0001       	ldrb	R0,[R1,R2,lsr #12]
               S01:00011D24:  22 06 D1 E7
F07:0002       	add		R2,R2,R3
               S01:00011D28:  03 20 82 E0
F07:0003       	mov		R4,R13,lsr #24
               S01:00011D2C:  2D 4C A0 E1
F07:0004       	subs	R0,R0,R4
               S01:00011D30:  04 00 50 E0
F07:0005       	movmi	R0,#0
               S01:00011D34:  00 00 A0 43
F07:0006       	mov		R7,R0,lsl #24
               S01:00011D38:  00 7C A0 E1
F07:0007       
F07:0008       	ldrb	R0,[R1,R5,lsr #12]
               S01:00011D3C:  25 06 D1 E7
F07:0009       	add		R5,R5,R6
               S01:00011D40:  06 50 85 E0
F07:0010       	mov		R4,R13,lsl #8
               S01:00011D44:  0D 44 A0 E1
F07:0011       	subs	R0,R0,R4,lsr #24
               S01:00011D48:  24 0C 50 E0
F07:0012       	movmi	R0,#0
               S01:00011D4C:  00 00 A0 43
F07:0013       	orr		R7,R7,R0,lsl #16
               S01:00011D50:  00 78 87 E1
F07:0014       
F07:0015       	ldrb	R0,[R1,R8,lsr #12]
               S01:00011D54:  28 06 D1 E7
F07:0016       	add		R8,R8,R9
               S01:00011D58:  09 80 88 E0
F07:0017       	mov		R4,R13,lsl #16
               S01:00011D5C:  0D 48 A0 E1
F07:0018       	subs	R0,R0,R4, lsr #24
               S01:00011D60:  24 0C 50 E0
F07:0019       	movmi	R0,#0
               S01:00011D64:  00 00 A0 43
F07:0020       	orr		R7,R7,R0,lsl #8
               S01:00011D68:  00 74 87 E1
F07:0021       
F07:0022       	ldrb	R0,[R1,R11,lsr #12]
               S01:00011D6C:  2B 06 D1 E7
F07:0023       	add		R11,R11,R12
               S01:00011D70:  0C B0 8B E0
F07:0024       	mov		R4,R13,lsl #24
               S01:00011D74:  0D 4C A0 E1
F07:0025       	subs	R0,R0,R4,lsr #24
               S01:00011D78:  24 0C 50 E0
F07:0026       	movmi	R0,#0
               S01:00011D7C:  00 00 A0 43
F07:0027       	orr		R7,R7,R0
               S01:00011D80:  00 70 87 E1
F07:0028       
F07:0029       	str		R7,[R14],#4		
               S01:00011D84:  04 70 8E E4
F07:0030       	
F07:0001       	ldrb	R0,[R1,R2,lsr #12]
               S01:00011D88:  22 06 D1 E7
F07:0002       	add		R2,R2,R3
               S01:00011D8C:  03 20 82 E0
F07:0003       	mov		R4,R13,lsr #24
               S01:00011D90:  2D 4C A0 E1
F07:0004       	subs	R0,R0,R4
               S01:00011D94:  04 00 50 E0
F07:0005       	movmi	R0,#0
               S01:00011D98:  00 00 A0 43
F07:0006       	mov		R7,R0,lsl #24
               S01:00011D9C:  00 7C A0 E1
F07:0007       
F07:0008       	ldrb	R0,[R1,R5,lsr #12]
               S01:00011DA0:  25 06 D1 E7
F07:0009       	add		R5,R5,R6
               S01:00011DA4:  06 50 85 E0
F07:0010       	mov		R4,R13,lsl #8
               S01:00011DA8:  0D 44 A0 E1
F07:0011       	subs	R0,R0,R4,lsr #24
               S01:00011DAC:  24 0C 50 E0
F07:0012       	movmi	R0,#0
               S01:00011DB0:  00 00 A0 43
F07:0013       	orr		R7,R7,R0,lsl #16
               S01:00011DB4:  00 78 87 E1
F07:0014       
F07:0015       	ldrb	R0,[R1,R8,lsr #12]
               S01:00011DB8:  28 06 D1 E7
F07:0016       	add		R8,R8,R9
               S01:00011DBC:  09 80 88 E0
F07:0017       	mov		R4,R13,lsl #16
               S01:00011DC0:  0D 48 A0 E1
F07:0018       	subs	R0,R0,R4, lsr #24
               S01:00011DC4:  24 0C 50 E0
F07:0019       	movmi	R0,#0
               S01:00011DC8:  00 00 A0 43
F07:0020       	orr		R7,R7,R0,lsl #8
               S01:00011DCC:  00 74 87 E1
F07:0021       
F07:0022       	ldrb	R0,[R1,R11,lsr #12]
               S01:00011DD0:  2B 06 D1 E7
F07:0023       	add		R11,R11,R12
               S01:00011DD4:  0C B0 8B E0
F07:0024       	mov		R4,R13,lsl #24
               S01:00011DD8:  0D 4C A0 E1
F07:0025       	subs	R0,R0,R4,lsr #24
               S01:00011DDC:  24 0C 50 E0
F07:0026       	movmi	R0,#0
               S01:00011DE0:  00 00 A0 43
F07:0027       	orr		R7,R7,R0
               S01:00011DE4:  00 70 87 E1
F07:0028       
F07:0029       	str		R7,[R14],#4		
               S01:00011DE8:  04 70 8E E4
F07:0030       	
F07:0001       	ldrb	R0,[R1,R2,lsr #12]
               S01:00011DEC:  22 06 D1 E7
F07:0002       	add		R2,R2,R3
               S01:00011DF0:  03 20 82 E0
F07:0003       	mov		R4,R13,lsr #24
               S01:00011DF4:  2D 4C A0 E1
F07:0004       	subs	R0,R0,R4
               S01:00011DF8:  04 00 50 E0
F07:0005       	movmi	R0,#0
               S01:00011DFC:  00 00 A0 43
F07:0006       	mov		R7,R0,lsl #24
               S01:00011E00:  00 7C A0 E1
F07:0007       
F07:0008       	ldrb	R0,[R1,R5,lsr #12]
               S01:00011E04:  25 06 D1 E7
F07:0009       	add		R5,R5,R6
               S01:00011E08:  06 50 85 E0
F07:0010       	mov		R4,R13,lsl #8
               S01:00011E0C:  0D 44 A0 E1
F07:0011       	subs	R0,R0,R4,lsr #24
               S01:00011E10:  24 0C 50 E0
F07:0012       	movmi	R0,#0
               S01:00011E14:  00 00 A0 43
F07:0013       	orr		R7,R7,R0,lsl #16
               S01:00011E18:  00 78 87 E1
F07:0014       
F07:0015       	ldrb	R0,[R1,R8,lsr #12]
               S01:00011E1C:  28 06 D1 E7
F07:0016       	add		R8,R8,R9
               S01:00011E20:  09 80 88 E0
F07:0017       	mov		R4,R13,lsl #16
               S01:00011E24:  0D 48 A0 E1
F07:0018       	subs	R0,R0,R4, lsr #24
               S01:00011E28:  24 0C 50 E0
F07:0019       	movmi	R0,#0
               S01:00011E2C:  00 00 A0 43
F07:0020       	orr		R7,R7,R0,lsl #8
               S01:00011E30:  00 74 87 E1
F07:0021       
F07:0022       	ldrb	R0,[R1,R11,lsr #12]
               S01:00011E34:  2B 06 D1 E7
F07:0023       	add		R11,R11,R12
               S01:00011E38:  0C B0 8B E0
F07:0024       	mov		R4,R13,lsl #24
               S01:00011E3C:  0D 4C A0 E1
F07:0025       	subs	R0,R0,R4,lsr #24
               S01:00011E40:  24 0C 50 E0
F07:0026       	movmi	R0,#0
               S01:00011E44:  00 00 A0 43
F07:0027       	orr		R7,R7,R0
               S01:00011E48:  00 70 87 E1
F07:0028       
F07:0029       	str		R7,[R14],#4		
               S01:00011E4C:  04 70 8E E4
F07:0030       	
F07:0001       	ldrb	R0,[R1,R2,lsr #12]
               S01:00011E50:  22 06 D1 E7
F07:0002       	add		R2,R2,R3
               S01:00011E54:  03 20 82 E0
F07:0003       	mov		R4,R13,lsr #24
               S01:00011E58:  2D 4C A0 E1
F07:0004       	subs	R0,R0,R4
               S01:00011E5C:  04 00 50 E0
F07:0005       	movmi	R0,#0
               S01:00011E60:  00 00 A0 43
F07:0006       	mov		R7,R0,lsl #24
               S01:00011E64:  00 7C A0 E1
F07:0007       
F07:0008       	ldrb	R0,[R1,R5,lsr #12]
               S01:00011E68:  25 06 D1 E7
F07:0009       	add		R5,R5,R6
               S01:00011E6C:  06 50 85 E0
F07:0010       	mov		R4,R13,lsl #8
               S01:00011E70:  0D 44 A0 E1
F07:0011       	subs	R0,R0,R4,lsr #24
               S01:00011E74:  24 0C 50 E0
F07:0012       	movmi	R0,#0
               S01:00011E78:  00 00 A0 43
F07:0013       	orr		R7,R7,R0,lsl #16
               S01:00011E7C:  00 78 87 E1
F07:0014       
F07:0015       	ldrb	R0,[R1,R8,lsr #12]
               S01:00011E80:  28 06 D1 E7
F07:0016       	add		R8,R8,R9
               S01:00011E84:  09 80 88 E0
F07:0017       	mov		R4,R13,lsl #16
               S01:00011E88:  0D 48 A0 E1
F07:0018       	subs	R0,R0,R4, lsr #24
               S01:00011E8C:  24 0C 50 E0
F07:0019       	movmi	R0,#0
               S01:00011E90:  00 00 A0 43
F07:0020       	orr		R7,R7,R0,lsl #8
               S01:00011E94:  00 74 87 E1
F07:0021       
F07:0022       	ldrb	R0,[R1,R11,lsr #12]
               S01:00011E98:  2B 06 D1 E7
F07:0023       	add		R11,R11,R12
               S01:00011E9C:  0C B0 8B E0
F07:0024       	mov		R4,R13,lsl #24
               S01:00011EA0:  0D 4C A0 E1
F07:0025       	subs	R0,R0,R4,lsr #24
               S01:00011EA4:  24 0C 50 E0
F07:0026       	movmi	R0,#0
               S01:00011EA8:  00 00 A0 43
F07:0027       	orr		R7,R7,R0
               S01:00011EAC:  00 70 87 E1
F07:0028       
F07:0029       	str		R7,[R14],#4		
               S01:00011EB0:  04 70 8E E4
F07:0030       	
F07:0001       	ldrb	R0,[R1,R2,lsr #12]
               S01:00011EB4:  22 06 D1 E7
F07:0002       	add		R2,R2,R3
               S01:00011EB8:  03 20 82 E0
F07:0003       	mov		R4,R13,lsr #24
               S01:00011EBC:  2D 4C A0 E1
F07:0004       	subs	R0,R0,R4
               S01:00011EC0:  04 00 50 E0
F07:0005       	movmi	R0,#0
               S01:00011EC4:  00 00 A0 43
F07:0006       	mov		R7,R0,lsl #24
               S01:00011EC8:  00 7C A0 E1
F07:0007       
F07:0008       	ldrb	R0,[R1,R5,lsr #12]
               S01:00011ECC:  25 06 D1 E7
F07:0009       	add		R5,R5,R6
               S01:00011ED0:  06 50 85 E0
F07:0010       	mov		R4,R13,lsl #8
               S01:00011ED4:  0D 44 A0 E1
F07:0011       	subs	R0,R0,R4,lsr #24
               S01:00011ED8:  24 0C 50 E0
F07:0012       	movmi	R0,#0
               S01:00011EDC:  00 00 A0 43
F07:0013       	orr		R7,R7,R0,lsl #16
               S01:00011EE0:  00 78 87 E1
F07:0014       
F07:0015       	ldrb	R0,[R1,R8,lsr #12]
               S01:00011EE4:  28 06 D1 E7
F07:0016       	add		R8,R8,R9
               S01:00011EE8:  09 80 88 E0
F07:0017       	mov		R4,R13,lsl #16
               S01:00011EEC:  0D 48 A0 E1
F07:0018       	subs	R0,R0,R4, lsr #24
               S01:00011EF0:  24 0C 50 E0
F07:0019       	movmi	R0,#0
               S01:00011EF4:  00 00 A0 43
F07:0020       	orr		R7,R7,R0,lsl #8
               S01:00011EF8:  00 74 87 E1
F07:0021       
F07:0022       	ldrb	R0,[R1,R11,lsr #12]
               S01:00011EFC:  2B 06 D1 E7
F07:0023       	add		R11,R11,R12
               S01:00011F00:  0C B0 8B E0
F07:0024       	mov		R4,R13,lsl #24
               S01:00011F04:  0D 4C A0 E1
F07:0025       	subs	R0,R0,R4,lsr #24
               S01:00011F08:  24 0C 50 E0
F07:0026       	movmi	R0,#0
               S01:00011F0C:  00 00 A0 43
F07:0027       	orr		R7,R7,R0
               S01:00011F10:  00 70 87 E1
F07:0028       
F07:0029       	str		R7,[R14],#4		
               S01:00011F14:  04 70 8E E4
F07:0030       	
F07:0001       	ldrb	R0,[R1,R2,lsr #12]
               S01:00011F18:  22 06 D1 E7
F07:0002       	add		R2,R2,R3
               S01:00011F1C:  03 20 82 E0
F07:0003       	mov		R4,R13,lsr #24
               S01:00011F20:  2D 4C A0 E1
F07:0004       	subs	R0,R0,R4
               S01:00011F24:  04 00 50 E0
F07:0005       	movmi	R0,#0
               S01:00011F28:  00 00 A0 43
F07:0006       	mov		R7,R0,lsl #24
               S01:00011F2C:  00 7C A0 E1
F07:0007       
F07:0008       	ldrb	R0,[R1,R5,lsr #12]
               S01:00011F30:  25 06 D1 E7
F07:0009       	add		R5,R5,R6
               S01:00011F34:  06 50 85 E0
F07:0010       	mov		R4,R13,lsl #8
               S01:00011F38:  0D 44 A0 E1
F07:0011       	subs	R0,R0,R4,lsr #24
               S01:00011F3C:  24 0C 50 E0
F07:0012       	movmi	R0,#0
               S01:00011F40:  00 00 A0 43
F07:0013       	orr		R7,R7,R0,lsl #16
               S01:00011F44:  00 78 87 E1
F07:0014       
F07:0015       	ldrb	R0,[R1,R8,lsr #12]
               S01:00011F48:  28 06 D1 E7
F07:0016       	add		R8,R8,R9
               S01:00011F4C:  09 80 88 E0
F07:0017       	mov		R4,R13,lsl #16
               S01:00011F50:  0D 48 A0 E1
F07:0018       	subs	R0,R0,R4, lsr #24
               S01:00011F54:  24 0C 50 E0
F07:0019       	movmi	R0,#0
               S01:00011F58:  00 00 A0 43
F07:0020       	orr		R7,R7,R0,lsl #8
               S01:00011F5C:  00 74 87 E1
F07:0021       
F07:0022       	ldrb	R0,[R1,R11,lsr #12]
               S01:00011F60:  2B 06 D1 E7
F07:0023       	add		R11,R11,R12
               S01:00011F64:  0C B0 8B E0
F07:0024       	mov		R4,R13,lsl #24
               S01:00011F68:  0D 4C A0 E1
F07:0025       	subs	R0,R0,R4,lsr #24
               S01:00011F6C:  24 0C 50 E0
F07:0026       	movmi	R0,#0
               S01:00011F70:  00 00 A0 43
F07:0027       	orr		R7,R7,R0
               S01:00011F74:  00 70 87 E1
F07:0028       
F07:0029       	str		R7,[R14],#4		
               S01:00011F78:  04 70 8E E4
F07:0030       	
F07:0001       	ldrb	R0,[R1,R2,lsr #12]
               S01:00011F7C:  22 06 D1 E7
F07:0002       	add		R2,R2,R3
               S01:00011F80:  03 20 82 E0
F07:0003       	mov		R4,R13,lsr #24
               S01:00011F84:  2D 4C A0 E1
F07:0004       	subs	R0,R0,R4
               S01:00011F88:  04 00 50 E0
F07:0005       	movmi	R0,#0
               S01:00011F8C:  00 00 A0 43
F07:0006       	mov		R7,R0,lsl #24
               S01:00011F90:  00 7C A0 E1
F07:0007       
F07:0008       	ldrb	R0,[R1,R5,lsr #12]
               S01:00011F94:  25 06 D1 E7
F07:0009       	add		R5,R5,R6
               S01:00011F98:  06 50 85 E0
F07:0010       	mov		R4,R13,lsl #8
               S01:00011F9C:  0D 44 A0 E1
F07:0011       	subs	R0,R0,R4,lsr #24
               S01:00011FA0:  24 0C 50 E0
F07:0012       	movmi	R0,#0
               S01:00011FA4:  00 00 A0 43
F07:0013       	orr		R7,R7,R0,lsl #16
               S01:00011FA8:  00 78 87 E1
F07:0014       
F07:0015       	ldrb	R0,[R1,R8,lsr #12]
               S01:00011FAC:  28 06 D1 E7
F07:0016       	add		R8,R8,R9
               S01:00011FB0:  09 80 88 E0
F07:0017       	mov		R4,R13,lsl #16
               S01:00011FB4:  0D 48 A0 E1
F07:0018       	subs	R0,R0,R4, lsr #24
               S01:00011FB8:  24 0C 50 E0
F07:0019       	movmi	R0,#0
               S01:00011FBC:  00 00 A0 43
F07:0020       	orr		R7,R7,R0,lsl #8
               S01:00011FC0:  00 74 87 E1
F07:0021       
F07:0022       	ldrb	R0,[R1,R11,lsr #12]
               S01:00011FC4:  2B 06 D1 E7
F07:0023       	add		R11,R11,R12
               S01:00011FC8:  0C B0 8B E0
F07:0024       	mov		R4,R13,lsl #24
               S01:00011FCC:  0D 4C A0 E1
F07:0025       	subs	R0,R0,R4,lsr #24
               S01:00011FD0:  24 0C 50 E0
F07:0026       	movmi	R0,#0
               S01:00011FD4:  00 00 A0 43
F07:0027       	orr		R7,R7,R0
               S01:00011FD8:  00 70 87 E1
F07:0028       
F07:0029       	str		R7,[R14],#4		
               S01:00011FDC:  04 70 8E E4
F07:0030       	
F07:0001       	ldrb	R0,[R1,R2,lsr #12]
               S01:00011FE0:  22 06 D1 E7
F07:0002       	add		R2,R2,R3
               S01:00011FE4:  03 20 82 E0
F07:0003       	mov		R4,R13,lsr #24
               S01:00011FE8:  2D 4C A0 E1
F07:0004       	subs	R0,R0,R4
               S01:00011FEC:  04 00 50 E0
F07:0005       	movmi	R0,#0
               S01:00011FF0:  00 00 A0 43
F07:0006       	mov		R7,R0,lsl #24
               S01:00011FF4:  00 7C A0 E1
F07:0007       
F07:0008       	ldrb	R0,[R1,R5,lsr #12]
               S01:00011FF8:  25 06 D1 E7
F07:0009       	add		R5,R5,R6
               S01:00011FFC:  06 50 85 E0
F07:0010       	mov		R4,R13,lsl #8
               S01:00012000:  0D 44 A0 E1
F07:0011       	subs	R0,R0,R4,lsr #24
               S01:00012004:  24 0C 50 E0
F07:0012       	movmi	R0,#0
               S01:00012008:  00 00 A0 43
F07:0013       	orr		R7,R7,R0,lsl #16
               S01:0001200C:  00 78 87 E1
F07:0014       
F07:0015       	ldrb	R0,[R1,R8,lsr #12]
               S01:00012010:  28 06 D1 E7
F07:0016       	add		R8,R8,R9
               S01:00012014:  09 80 88 E0
F07:0017       	mov		R4,R13,lsl #16
               S01:00012018:  0D 48 A0 E1
F07:0018       	subs	R0,R0,R4, lsr #24
               S01:0001201C:  24 0C 50 E0
F07:0019       	movmi	R0,#0
               S01:00012020:  00 00 A0 43
F07:0020       	orr		R7,R7,R0,lsl #8
               S01:00012024:  00 74 87 E1
F07:0021       
F07:0022       	ldrb	R0,[R1,R11,lsr #12]
               S01:00012028:  2B 06 D1 E7
F07:0023       	add		R11,R11,R12
               S01:0001202C:  0C B0 8B E0
F07:0024       	mov		R4,R13,lsl #24
               S01:00012030:  0D 4C A0 E1
F07:0025       	subs	R0,R0,R4,lsr #24
               S01:00012034:  24 0C 50 E0
F07:0026       	movmi	R0,#0
               S01:00012038:  00 00 A0 43
F07:0027       	orr		R7,R7,R0
               S01:0001203C:  00 70 87 E1
F07:0028       
F07:0029       	str		R7,[R14],#4		
               S01:00012040:  04 70 8E E4
F07:0030       	
F07:0001       	ldrb	R0,[R1,R2,lsr #12]
               S01:00012044:  22 06 D1 E7
F07:0002       	add		R2,R2,R3
               S01:00012048:  03 20 82 E0
F07:0003       	mov		R4,R13,lsr #24
               S01:0001204C:  2D 4C A0 E1
F07:0004       	subs	R0,R0,R4
               S01:00012050:  04 00 50 E0
F07:0005       	movmi	R0,#0
               S01:00012054:  00 00 A0 43
F07:0006       	mov		R7,R0,lsl #24
               S01:00012058:  00 7C A0 E1
F07:0007       
F07:0008       	ldrb	R0,[R1,R5,lsr #12]
               S01:0001205C:  25 06 D1 E7
F07:0009       	add		R5,R5,R6
               S01:00012060:  06 50 85 E0
F07:0010       	mov		R4,R13,lsl #8
               S01:00012064:  0D 44 A0 E1
F07:0011       	subs	R0,R0,R4,lsr #24
               S01:00012068:  24 0C 50 E0
F07:0012       	movmi	R0,#0
               S01:0001206C:  00 00 A0 43
F07:0013       	orr		R7,R7,R0,lsl #16
               S01:00012070:  00 78 87 E1
F07:0014       
F07:0015       	ldrb	R0,[R1,R8,lsr #12]
               S01:00012074:  28 06 D1 E7
F07:0016       	add		R8,R8,R9
               S01:00012078:  09 80 88 E0
F07:0017       	mov		R4,R13,lsl #16
               S01:0001207C:  0D 48 A0 E1
F07:0018       	subs	R0,R0,R4, lsr #24
               S01:00012080:  24 0C 50 E0
F07:0019       	movmi	R0,#0
               S01:00012084:  00 00 A0 43
F07:0020       	orr		R7,R7,R0,lsl #8
               S01:00012088:  00 74 87 E1
F07:0021       
F07:0022       	ldrb	R0,[R1,R11,lsr #12]
               S01:0001208C:  2B 06 D1 E7
F07:0023       	add		R11,R11,R12
               S01:00012090:  0C B0 8B E0
F07:0024       	mov		R4,R13,lsl #24
               S01:00012094:  0D 4C A0 E1
F07:0025       	subs	R0,R0,R4,lsr #24
               S01:00012098:  24 0C 50 E0
F07:0026       	movmi	R0,#0
               S01:0001209C:  00 00 A0 43
F07:0027       	orr		R7,R7,R0
               S01:000120A0:  00 70 87 E1
F07:0028       
F07:0029       	str		R7,[R14],#4		
               S01:000120A4:  04 70 8E E4
F07:0030       	
F07:0001       	ldrb	R0,[R1,R2,lsr #12]
               S01:000120A8:  22 06 D1 E7
F07:0002       	add		R2,R2,R3
               S01:000120AC:  03 20 82 E0
F07:0003       	mov		R4,R13,lsr #24
               S01:000120B0:  2D 4C A0 E1
F07:0004       	subs	R0,R0,R4
               S01:000120B4:  04 00 50 E0
F07:0005       	movmi	R0,#0
               S01:000120B8:  00 00 A0 43
F07:0006       	mov		R7,R0,lsl #24
               S01:000120BC:  00 7C A0 E1
F07:0007       
F07:0008       	ldrb	R0,[R1,R5,lsr #12]
               S01:000120C0:  25 06 D1 E7
F07:0009       	add		R5,R5,R6
               S01:000120C4:  06 50 85 E0
F07:0010       	mov		R4,R13,lsl #8
               S01:000120C8:  0D 44 A0 E1
F07:0011       	subs	R0,R0,R4,lsr #24
               S01:000120CC:  24 0C 50 E0
F07:0012       	movmi	R0,#0
               S01:000120D0:  00 00 A0 43
F07:0013       	orr		R7,R7,R0,lsl #16
               S01:000120D4:  00 78 87 E1
F07:0014       
F07:0015       	ldrb	R0,[R1,R8,lsr #12]
               S01:000120D8:  28 06 D1 E7
F07:0016       	add		R8,R8,R9
               S01:000120DC:  09 80 88 E0
F07:0017       	mov		R4,R13,lsl #16
               S01:000120E0:  0D 48 A0 E1
F07:0018       	subs	R0,R0,R4, lsr #24
               S01:000120E4:  24 0C 50 E0
F07:0019       	movmi	R0,#0
               S01:000120E8:  00 00 A0 43
F07:0020       	orr		R7,R7,R0,lsl #8
               S01:000120EC:  00 74 87 E1
F07:0021       
F07:0022       	ldrb	R0,[R1,R11,lsr #12]
               S01:000120F0:  2B 06 D1 E7
F07:0023       	add		R11,R11,R12
               S01:000120F4:  0C B0 8B E0
F07:0024       	mov		R4,R13,lsl #24
               S01:000120F8:  0D 4C A0 E1
F07:0025       	subs	R0,R0,R4,lsr #24
               S01:000120FC:  24 0C 50 E0
F07:0026       	movmi	R0,#0
               S01:00012100:  00 00 A0 43
F07:0027       	orr		R7,R7,R0
               S01:00012104:  00 70 87 E1
F07:0028       
F07:0029       	str		R7,[R14],#4		
               S01:00012108:  04 70 8E E4
F07:0030       	
F07:0001       	ldrb	R0,[R1,R2,lsr #12]
               S01:0001210C:  22 06 D1 E7
F07:0002       	add		R2,R2,R3
               S01:00012110:  03 20 82 E0
F07:0003       	mov		R4,R13,lsr #24
               S01:00012114:  2D 4C A0 E1
F07:0004       	subs	R0,R0,R4
               S01:00012118:  04 00 50 E0
F07:0005       	movmi	R0,#0
               S01:0001211C:  00 00 A0 43
F07:0006       	mov		R7,R0,lsl #24
               S01:00012120:  00 7C A0 E1
F07:0007       
F07:0008       	ldrb	R0,[R1,R5,lsr #12]
               S01:00012124:  25 06 D1 E7
F07:0009       	add		R5,R5,R6
               S01:00012128:  06 50 85 E0
F07:0010       	mov		R4,R13,lsl #8
               S01:0001212C:  0D 44 A0 E1
F07:0011       	subs	R0,R0,R4,lsr #24
               S01:00012130:  24 0C 50 E0
F07:0012       	movmi	R0,#0
               S01:00012134:  00 00 A0 43
F07:0013       	orr		R7,R7,R0,lsl #16
               S01:00012138:  00 78 87 E1
F07:0014       
F07:0015       	ldrb	R0,[R1,R8,lsr #12]
               S01:0001213C:  28 06 D1 E7
F07:0016       	add		R8,R8,R9
               S01:00012140:  09 80 88 E0
F07:0017       	mov		R4,R13,lsl #16
               S01:00012144:  0D 48 A0 E1
F07:0018       	subs	R0,R0,R4, lsr #24
               S01:00012148:  24 0C 50 E0
F07:0019       	movmi	R0,#0
               S01:0001214C:  00 00 A0 43
F07:0020       	orr		R7,R7,R0,lsl #8
               S01:00012150:  00 74 87 E1
F07:0021       
F07:0022       	ldrb	R0,[R1,R11,lsr #12]
               S01:00012154:  2B 06 D1 E7
F07:0023       	add		R11,R11,R12
               S01:00012158:  0C B0 8B E0
F07:0024       	mov		R4,R13,lsl #24
               S01:0001215C:  0D 4C A0 E1
F07:0025       	subs	R0,R0,R4,lsr #24
               S01:00012160:  24 0C 50 E0
F07:0026       	movmi	R0,#0
               S01:00012164:  00 00 A0 43
F07:0027       	orr		R7,R7,R0
               S01:00012168:  00 70 87 E1
F07:0028       
F07:0029       	str		R7,[R14],#4		
               S01:0001216C:  04 70 8E E4
F07:0030       	
F07:0001       	ldrb	R0,[R1,R2,lsr #12]
               S01:00012170:  22 06 D1 E7
F07:0002       	add		R2,R2,R3
               S01:00012174:  03 20 82 E0
F07:0003       	mov		R4,R13,lsr #24
               S01:00012178:  2D 4C A0 E1
F07:0004       	subs	R0,R0,R4
               S01:0001217C:  04 00 50 E0
F07:0005       	movmi	R0,#0
               S01:00012180:  00 00 A0 43
F07:0006       	mov		R7,R0,lsl #24
               S01:00012184:  00 7C A0 E1
F07:0007       
F07:0008       	ldrb	R0,[R1,R5,lsr #12]
               S01:00012188:  25 06 D1 E7
F07:0009       	add		R5,R5,R6
               S01:0001218C:  06 50 85 E0
F07:0010       	mov		R4,R13,lsl #8
               S01:00012190:  0D 44 A0 E1
F07:0011       	subs	R0,R0,R4,lsr #24
               S01:00012194:  24 0C 50 E0
F07:0012       	movmi	R0,#0
               S01:00012198:  00 00 A0 43
F07:0013       	orr		R7,R7,R0,lsl #16
               S01:0001219C:  00 78 87 E1
F07:0014       
F07:0015       	ldrb	R0,[R1,R8,lsr #12]
               S01:000121A0:  28 06 D1 E7
F07:0016       	add		R8,R8,R9
               S01:000121A4:  09 80 88 E0
F07:0017       	mov		R4,R13,lsl #16
               S01:000121A8:  0D 48 A0 E1
F07:0018       	subs	R0,R0,R4, lsr #24
               S01:000121AC:  24 0C 50 E0
F07:0019       	movmi	R0,#0
               S01:000121B0:  00 00 A0 43
F07:0020       	orr		R7,R7,R0,lsl #8
               S01:000121B4:  00 74 87 E1
F07:0021       
F07:0022       	ldrb	R0,[R1,R11,lsr #12]
               S01:000121B8:  2B 06 D1 E7
F07:0023       	add		R11,R11,R12
               S01:000121BC:  0C B0 8B E0
F07:0024       	mov		R4,R13,lsl #24
               S01:000121C0:  0D 4C A0 E1
F07:0025       	subs	R0,R0,R4,lsr #24
               S01:000121C4:  24 0C 50 E0
F07:0026       	movmi	R0,#0
               S01:000121C8:  00 00 A0 43
F07:0027       	orr		R7,R7,R0
               S01:000121CC:  00 70 87 E1
F07:0028       
F07:0029       	str		R7,[R14],#4		
               S01:000121D0:  04 70 8E E4
F07:0030       	
F07:0001       	ldrb	R0,[R1,R2,lsr #12]
               S01:000121D4:  22 06 D1 E7
F07:0002       	add		R2,R2,R3
               S01:000121D8:  03 20 82 E0
F07:0003       	mov		R4,R13,lsr #24
               S01:000121DC:  2D 4C A0 E1
F07:0004       	subs	R0,R0,R4
               S01:000121E0:  04 00 50 E0
F07:0005       	movmi	R0,#0
               S01:000121E4:  00 00 A0 43
F07:0006       	mov		R7,R0,lsl #24
               S01:000121E8:  00 7C A0 E1
F07:0007       
F07:0008       	ldrb	R0,[R1,R5,lsr #12]
               S01:000121EC:  25 06 D1 E7
F07:0009       	add		R5,R5,R6
               S01:000121F0:  06 50 85 E0
F07:0010       	mov		R4,R13,lsl #8
               S01:000121F4:  0D 44 A0 E1
F07:0011       	subs	R0,R0,R4,lsr #24
               S01:000121F8:  24 0C 50 E0
F07:0012       	movmi	R0,#0
               S01:000121FC:  00 00 A0 43
F07:0013       	orr		R7,R7,R0,lsl #16
               S01:00012200:  00 78 87 E1
F07:0014       
F07:0015       	ldrb	R0,[R1,R8,lsr #12]
               S01:00012204:  28 06 D1 E7
F07:0016       	add		R8,R8,R9
               S01:00012208:  09 80 88 E0
F07:0017       	mov		R4,R13,lsl #16
               S01:0001220C:  0D 48 A0 E1
F07:0018       	subs	R0,R0,R4, lsr #24
               S01:00012210:  24 0C 50 E0
F07:0019       	movmi	R0,#0
               S01:00012214:  00 00 A0 43
F07:0020       	orr		R7,R7,R0,lsl #8
               S01:00012218:  00 74 87 E1
F07:0021       
F07:0022       	ldrb	R0,[R1,R11,lsr #12]
               S01:0001221C:  2B 06 D1 E7
F07:0023       	add		R11,R11,R12
               S01:00012220:  0C B0 8B E0
F07:0024       	mov		R4,R13,lsl #24
               S01:00012224:  0D 4C A0 E1
F07:0025       	subs	R0,R0,R4,lsr #24
               S01:00012228:  24 0C 50 E0
F07:0026       	movmi	R0,#0
               S01:0001222C:  00 00 A0 43
F07:0027       	orr		R7,R7,R0
               S01:00012230:  00 70 87 E1
F07:0028       
F07:0029       	str		R7,[R14],#4		
               S01:00012234:  04 70 8E E4
F07:0030       	
F07:0001       	ldrb	R0,[R1,R2,lsr #12]
               S01:00012238:  22 06 D1 E7
F07:0002       	add		R2,R2,R3
               S01:0001223C:  03 20 82 E0
F07:0003       	mov		R4,R13,lsr #24
               S01:00012240:  2D 4C A0 E1
F07:0004       	subs	R0,R0,R4
               S01:00012244:  04 00 50 E0
F07:0005       	movmi	R0,#0
               S01:00012248:  00 00 A0 43
F07:0006       	mov		R7,R0,lsl #24
               S01:0001224C:  00 7C A0 E1
F07:0007       
F07:0008       	ldrb	R0,[R1,R5,lsr #12]
               S01:00012250:  25 06 D1 E7
F07:0009       	add		R5,R5,R6
               S01:00012254:  06 50 85 E0
F07:0010       	mov		R4,R13,lsl #8
               S01:00012258:  0D 44 A0 E1
F07:0011       	subs	R0,R0,R4,lsr #24
               S01:0001225C:  24 0C 50 E0
F07:0012       	movmi	R0,#0
               S01:00012260:  00 00 A0 43
F07:0013       	orr		R7,R7,R0,lsl #16
               S01:00012264:  00 78 87 E1
F07:0014       
F07:0015       	ldrb	R0,[R1,R8,lsr #12]
               S01:00012268:  28 06 D1 E7
F07:0016       	add		R8,R8,R9
               S01:0001226C:  09 80 88 E0
F07:0017       	mov		R4,R13,lsl #16
               S01:00012270:  0D 48 A0 E1
F07:0018       	subs	R0,R0,R4, lsr #24
               S01:00012274:  24 0C 50 E0
F07:0019       	movmi	R0,#0
               S01:00012278:  00 00 A0 43
F07:0020       	orr		R7,R7,R0,lsl #8
               S01:0001227C:  00 74 87 E1
F07:0021       
F07:0022       	ldrb	R0,[R1,R11,lsr #12]
               S01:00012280:  2B 06 D1 E7
F07:0023       	add		R11,R11,R12
               S01:00012284:  0C B0 8B E0
F07:0024       	mov		R4,R13,lsl #24
               S01:00012288:  0D 4C A0 E1
F07:0025       	subs	R0,R0,R4,lsr #24
               S01:0001228C:  24 0C 50 E0
F07:0026       	movmi	R0,#0
               S01:00012290:  00 00 A0 43
F07:0027       	orr		R7,R7,R0
               S01:00012294:  00 70 87 E1
F07:0028       
F07:0029       	str		R7,[R14],#4		
               S01:00012298:  04 70 8E E4
F07:0030       	
F07:0001       	ldrb	R0,[R1,R2,lsr #12]
               S01:0001229C:  22 06 D1 E7
F07:0002       	add		R2,R2,R3
               S01:000122A0:  03 20 82 E0
F07:0003       	mov		R4,R13,lsr #24
               S01:000122A4:  2D 4C A0 E1
F07:0004       	subs	R0,R0,R4
               S01:000122A8:  04 00 50 E0
F07:0005       	movmi	R0,#0
               S01:000122AC:  00 00 A0 43
F07:0006       	mov		R7,R0,lsl #24
               S01:000122B0:  00 7C A0 E1
F07:0007       
F07:0008       	ldrb	R0,[R1,R5,lsr #12]
               S01:000122B4:  25 06 D1 E7
F07:0009       	add		R5,R5,R6
               S01:000122B8:  06 50 85 E0
F07:0010       	mov		R4,R13,lsl #8
               S01:000122BC:  0D 44 A0 E1
F07:0011       	subs	R0,R0,R4,lsr #24
               S01:000122C0:  24 0C 50 E0
F07:0012       	movmi	R0,#0
               S01:000122C4:  00 00 A0 43
F07:0013       	orr		R7,R7,R0,lsl #16
               S01:000122C8:  00 78 87 E1
F07:0014       
F07:0015       	ldrb	R0,[R1,R8,lsr #12]
               S01:000122CC:  28 06 D1 E7
F07:0016       	add		R8,R8,R9
               S01:000122D0:  09 80 88 E0
F07:0017       	mov		R4,R13,lsl #16
               S01:000122D4:  0D 48 A0 E1
F07:0018       	subs	R0,R0,R4, lsr #24
               S01:000122D8:  24 0C 50 E0
F07:0019       	movmi	R0,#0
               S01:000122DC:  00 00 A0 43
F07:0020       	orr		R7,R7,R0,lsl #8
               S01:000122E0:  00 74 87 E1
F07:0021       
F07:0022       	ldrb	R0,[R1,R11,lsr #12]
               S01:000122E4:  2B 06 D1 E7
F07:0023       	add		R11,R11,R12
               S01:000122E8:  0C B0 8B E0
F07:0024       	mov		R4,R13,lsl #24
               S01:000122EC:  0D 4C A0 E1
F07:0025       	subs	R0,R0,R4,lsr #24
               S01:000122F0:  24 0C 50 E0
F07:0026       	movmi	R0,#0
               S01:000122F4:  00 00 A0 43
F07:0027       	orr		R7,R7,R0
               S01:000122F8:  00 70 87 E1
F07:0028       
F07:0029       	str		R7,[R14],#4		
               S01:000122FC:  04 70 8E E4
F07:0030       	
F07:0001       	ldrb	R0,[R1,R2,lsr #12]
               S01:00012300:  22 06 D1 E7
F07:0002       	add		R2,R2,R3
               S01:00012304:  03 20 82 E0
F07:0003       	mov		R4,R13,lsr #24
               S01:00012308:  2D 4C A0 E1
F07:0004       	subs	R0,R0,R4
               S01:0001230C:  04 00 50 E0
F07:0005       	movmi	R0,#0
               S01:00012310:  00 00 A0 43
F07:0006       	mov		R7,R0,lsl #24
               S01:00012314:  00 7C A0 E1
F07:0007       
F07:0008       	ldrb	R0,[R1,R5,lsr #12]
               S01:00012318:  25 06 D1 E7
F07:0009       	add		R5,R5,R6
               S01:0001231C:  06 50 85 E0
F07:0010       	mov		R4,R13,lsl #8
               S01:00012320:  0D 44 A0 E1
F07:0011       	subs	R0,R0,R4,lsr #24
               S01:00012324:  24 0C 50 E0
F07:0012       	movmi	R0,#0
               S01:00012328:  00 00 A0 43
F07:0013       	orr		R7,R7,R0,lsl #16
               S01:0001232C:  00 78 87 E1
F07:0014       
F07:0015       	ldrb	R0,[R1,R8,lsr #12]
               S01:00012330:  28 06 D1 E7
F07:0016       	add		R8,R8,R9
               S01:00012334:  09 80 88 E0
F07:0017       	mov		R4,R13,lsl #16
               S01:00012338:  0D 48 A0 E1
F07:0018       	subs	R0,R0,R4, lsr #24
               S01:0001233C:  24 0C 50 E0
F07:0019       	movmi	R0,#0
               S01:00012340:  00 00 A0 43
F07:0020       	orr		R7,R7,R0,lsl #8
               S01:00012344:  00 74 87 E1
F07:0021       
F07:0022       	ldrb	R0,[R1,R11,lsr #12]
               S01:00012348:  2B 06 D1 E7
F07:0023       	add		R11,R11,R12
               S01:0001234C:  0C B0 8B E0
F07:0024       	mov		R4,R13,lsl #24
               S01:00012350:  0D 4C A0 E1
F07:0025       	subs	R0,R0,R4,lsr #24
               S01:00012354:  24 0C 50 E0
F07:0026       	movmi	R0,#0
               S01:00012358:  00 00 A0 43
F07:0027       	orr		R7,R7,R0
               S01:0001235C:  00 70 87 E1
F07:0028       
F07:0029       	str		R7,[R14],#4		
               S01:00012360:  04 70 8E E4
F07:0030       	
F07:0001       	ldrb	R0,[R1,R2,lsr #12]
               S01:00012364:  22 06 D1 E7
F07:0002       	add		R2,R2,R3
               S01:00012368:  03 20 82 E0
F07:0003       	mov		R4,R13,lsr #24
               S01:0001236C:  2D 4C A0 E1
F07:0004       	subs	R0,R0,R4
               S01:00012370:  04 00 50 E0
F07:0005       	movmi	R0,#0
               S01:00012374:  00 00 A0 43
F07:0006       	mov		R7,R0,lsl #24
               S01:00012378:  00 7C A0 E1
F07:0007       
F07:0008       	ldrb	R0,[R1,R5,lsr #12]
               S01:0001237C:  25 06 D1 E7
F07:0009       	add		R5,R5,R6
               S01:00012380:  06 50 85 E0
F07:0010       	mov		R4,R13,lsl #8
               S01:00012384:  0D 44 A0 E1
F07:0011       	subs	R0,R0,R4,lsr #24
               S01:00012388:  24 0C 50 E0
F07:0012       	movmi	R0,#0
               S01:0001238C:  00 00 A0 43
F07:0013       	orr		R7,R7,R0,lsl #16
               S01:00012390:  00 78 87 E1
F07:0014       
F07:0015       	ldrb	R0,[R1,R8,lsr #12]
               S01:00012394:  28 06 D1 E7
F07:0016       	add		R8,R8,R9
               S01:00012398:  09 80 88 E0
F07:0017       	mov		R4,R13,lsl #16
               S01:0001239C:  0D 48 A0 E1
F07:0018       	subs	R0,R0,R4, lsr #24
               S01:000123A0:  24 0C 50 E0
F07:0019       	movmi	R0,#0
               S01:000123A4:  00 00 A0 43
F07:0020       	orr		R7,R7,R0,lsl #8
               S01:000123A8:  00 74 87 E1
F07:0021       
F07:0022       	ldrb	R0,[R1,R11,lsr #12]
               S01:000123AC:  2B 06 D1 E7
F07:0023       	add		R11,R11,R12
               S01:000123B0:  0C B0 8B E0
F07:0024       	mov		R4,R13,lsl #24
               S01:000123B4:  0D 4C A0 E1
F07:0025       	subs	R0,R0,R4,lsr #24
               S01:000123B8:  24 0C 50 E0
F07:0026       	movmi	R0,#0
               S01:000123BC:  00 00 A0 43
F07:0027       	orr		R7,R7,R0
               S01:000123C0:  00 70 87 E1
F07:0028       
F07:0029       	str		R7,[R14],#4		
               S01:000123C4:  04 70 8E E4
F07:0030       	
F07:0001       	ldrb	R0,[R1,R2,lsr #12]
               S01:000123C8:  22 06 D1 E7
F07:0002       	add		R2,R2,R3
               S01:000123CC:  03 20 82 E0
F07:0003       	mov		R4,R13,lsr #24
               S01:000123D0:  2D 4C A0 E1
F07:0004       	subs	R0,R0,R4
               S01:000123D4:  04 00 50 E0
F07:0005       	movmi	R0,#0
               S01:000123D8:  00 00 A0 43
F07:0006       	mov		R7,R0,lsl #24
               S01:000123DC:  00 7C A0 E1
F07:0007       
F07:0008       	ldrb	R0,[R1,R5,lsr #12]
               S01:000123E0:  25 06 D1 E7
F07:0009       	add		R5,R5,R6
               S01:000123E4:  06 50 85 E0
F07:0010       	mov		R4,R13,lsl #8
               S01:000123E8:  0D 44 A0 E1
F07:0011       	subs	R0,R0,R4,lsr #24
               S01:000123EC:  24 0C 50 E0
F07:0012       	movmi	R0,#0
               S01:000123F0:  00 00 A0 43
F07:0013       	orr		R7,R7,R0,lsl #16
               S01:000123F4:  00 78 87 E1
F07:0014       
F07:0015       	ldrb	R0,[R1,R8,lsr #12]
               S01:000123F8:  28 06 D1 E7
F07:0016       	add		R8,R8,R9
               S01:000123FC:  09 80 88 E0
F07:0017       	mov		R4,R13,lsl #16
               S01:00012400:  0D 48 A0 E1
F07:0018       	subs	R0,R0,R4, lsr #24
               S01:00012404:  24 0C 50 E0
F07:0019       	movmi	R0,#0
               S01:00012408:  00 00 A0 43
F07:0020       	orr		R7,R7,R0,lsl #8
               S01:0001240C:  00 74 87 E1
F07:0021       
F07:0022       	ldrb	R0,[R1,R11,lsr #12]
               S01:00012410:  2B 06 D1 E7
F07:0023       	add		R11,R11,R12
               S01:00012414:  0C B0 8B E0
F07:0024       	mov		R4,R13,lsl #24
               S01:00012418:  0D 4C A0 E1
F07:0025       	subs	R0,R0,R4,lsr #24
               S01:0001241C:  24 0C 50 E0
F07:0026       	movmi	R0,#0
               S01:00012420:  00 00 A0 43
F07:0027       	orr		R7,R7,R0
               S01:00012424:  00 70 87 E1
F07:0028       
F07:0029       	str		R7,[R14],#4		
               S01:00012428:  04 70 8E E4
F07:0030       	
F07:0001       	ldrb	R0,[R1,R2,lsr #12]
               S01:0001242C:  22 06 D1 E7
F07:0002       	add		R2,R2,R3
               S01:00012430:  03 20 82 E0
F07:0003       	mov		R4,R13,lsr #24
               S01:00012434:  2D 4C A0 E1
F07:0004       	subs	R0,R0,R4
               S01:00012438:  04 00 50 E0
F07:0005       	movmi	R0,#0
               S01:0001243C:  00 00 A0 43
F07:0006       	mov		R7,R0,lsl #24
               S01:00012440:  00 7C A0 E1
F07:0007       
F07:0008       	ldrb	R0,[R1,R5,lsr #12]
               S01:00012444:  25 06 D1 E7
F07:0009       	add		R5,R5,R6
               S01:00012448:  06 50 85 E0
F07:0010       	mov		R4,R13,lsl #8
               S01:0001244C:  0D 44 A0 E1
F07:0011       	subs	R0,R0,R4,lsr #24
               S01:00012450:  24 0C 50 E0
F07:0012       	movmi	R0,#0
               S01:00012454:  00 00 A0 43
F07:0013       	orr		R7,R7,R0,lsl #16
               S01:00012458:  00 78 87 E1
F07:0014       
F07:0015       	ldrb	R0,[R1,R8,lsr #12]
               S01:0001245C:  28 06 D1 E7
F07:0016       	add		R8,R8,R9
               S01:00012460:  09 80 88 E0
F07:0017       	mov		R4,R13,lsl #16
               S01:00012464:  0D 48 A0 E1
F07:0018       	subs	R0,R0,R4, lsr #24
               S01:00012468:  24 0C 50 E0
F07:0019       	movmi	R0,#0
               S01:0001246C:  00 00 A0 43
F07:0020       	orr		R7,R7,R0,lsl #8
               S01:00012470:  00 74 87 E1
F07:0021       
F07:0022       	ldrb	R0,[R1,R11,lsr #12]
               S01:00012474:  2B 06 D1 E7
F07:0023       	add		R11,R11,R12
               S01:00012478:  0C B0 8B E0
F07:0024       	mov		R4,R13,lsl #24
               S01:0001247C:  0D 4C A0 E1
F07:0025       	subs	R0,R0,R4,lsr #24
               S01:00012480:  24 0C 50 E0
F07:0026       	movmi	R0,#0
               S01:00012484:  00 00 A0 43
F07:0027       	orr		R7,R7,R0
               S01:00012488:  00 70 87 E1
F07:0028       
F07:0029       	str		R7,[R14],#4		
               S01:0001248C:  04 70 8E E4
F07:0030       	
F07:0001       	ldrb	R0,[R1,R2,lsr #12]
               S01:00012490:  22 06 D1 E7
F07:0002       	add		R2,R2,R3
               S01:00012494:  03 20 82 E0
F07:0003       	mov		R4,R13,lsr #24
               S01:00012498:  2D 4C A0 E1
F07:0004       	subs	R0,R0,R4
               S01:0001249C:  04 00 50 E0
F07:0005       	movmi	R0,#0
               S01:000124A0:  00 00 A0 43
F07:0006       	mov		R7,R0,lsl #24
               S01:000124A4:  00 7C A0 E1
F07:0007       
F07:0008       	ldrb	R0,[R1,R5,lsr #12]
               S01:000124A8:  25 06 D1 E7
F07:0009       	add		R5,R5,R6
               S01:000124AC:  06 50 85 E0
F07:0010       	mov		R4,R13,lsl #8
               S01:000124B0:  0D 44 A0 E1
F07:0011       	subs	R0,R0,R4,lsr #24
               S01:000124B4:  24 0C 50 E0
F07:0012       	movmi	R0,#0
               S01:000124B8:  00 00 A0 43
F07:0013       	orr		R7,R7,R0,lsl #16
               S01:000124BC:  00 78 87 E1
F07:0014       
F07:0015       	ldrb	R0,[R1,R8,lsr #12]
               S01:000124C0:  28 06 D1 E7
F07:0016       	add		R8,R8,R9
               S01:000124C4:  09 80 88 E0
F07:0017       	mov		R4,R13,lsl #16
               S01:000124C8:  0D 48 A0 E1
F07:0018       	subs	R0,R0,R4, lsr #24
               S01:000124CC:  24 0C 50 E0
F07:0019       	movmi	R0,#0
               S01:000124D0:  00 00 A0 43
F07:0020       	orr		R7,R7,R0,lsl #8
               S01:000124D4:  00 74 87 E1
F07:0021       
F07:0022       	ldrb	R0,[R1,R11,lsr #12]
               S01:000124D8:  2B 06 D1 E7
F07:0023       	add		R11,R11,R12
               S01:000124DC:  0C B0 8B E0
F07:0024       	mov		R4,R13,lsl #24
               S01:000124E0:  0D 4C A0 E1
F07:0025       	subs	R0,R0,R4,lsr #24
               S01:000124E4:  24 0C 50 E0
F07:0026       	movmi	R0,#0
               S01:000124E8:  00 00 A0 43
F07:0027       	orr		R7,R7,R0
               S01:000124EC:  00 70 87 E1
F07:0028       
F07:0029       	str		R7,[R14],#4		
               S01:000124F0:  04 70 8E E4
F07:0030       	
F07:0001       	ldrb	R0,[R1,R2,lsr #12]
               S01:000124F4:  22 06 D1 E7
F07:0002       	add		R2,R2,R3
               S01:000124F8:  03 20 82 E0
F07:0003       	mov		R4,R13,lsr #24
               S01:000124FC:  2D 4C A0 E1
F07:0004       	subs	R0,R0,R4
               S01:00012500:  04 00 50 E0
F07:0005       	movmi	R0,#0
               S01:00012504:  00 00 A0 43
F07:0006       	mov		R7,R0,lsl #24
               S01:00012508:  00 7C A0 E1
F07:0007       
F07:0008       	ldrb	R0,[R1,R5,lsr #12]
               S01:0001250C:  25 06 D1 E7
F07:0009       	add		R5,R5,R6
               S01:00012510:  06 50 85 E0
F07:0010       	mov		R4,R13,lsl #8
               S01:00012514:  0D 44 A0 E1
F07:0011       	subs	R0,R0,R4,lsr #24
               S01:00012518:  24 0C 50 E0
F07:0012       	movmi	R0,#0
               S01:0001251C:  00 00 A0 43
F07:0013       	orr		R7,R7,R0,lsl #16
               S01:00012520:  00 78 87 E1
F07:0014       
F07:0015       	ldrb	R0,[R1,R8,lsr #12]
               S01:00012524:  28 06 D1 E7
F07:0016       	add		R8,R8,R9
               S01:00012528:  09 80 88 E0
F07:0017       	mov		R4,R13,lsl #16
               S01:0001252C:  0D 48 A0 E1
F07:0018       	subs	R0,R0,R4, lsr #24
               S01:00012530:  24 0C 50 E0
F07:0019       	movmi	R0,#0
               S01:00012534:  00 00 A0 43
F07:0020       	orr		R7,R7,R0,lsl #8
               S01:00012538:  00 74 87 E1
F07:0021       
F07:0022       	ldrb	R0,[R1,R11,lsr #12]
               S01:0001253C:  2B 06 D1 E7
F07:0023       	add		R11,R11,R12
               S01:00012540:  0C B0 8B E0
F07:0024       	mov		R4,R13,lsl #24
               S01:00012544:  0D 4C A0 E1
F07:0025       	subs	R0,R0,R4,lsr #24
               S01:00012548:  24 0C 50 E0
F07:0026       	movmi	R0,#0
               S01:0001254C:  00 00 A0 43
F07:0027       	orr		R7,R7,R0
               S01:00012550:  00 70 87 E1
F07:0028       
F07:0029       	str		R7,[R14],#4		
               S01:00012554:  04 70 8E E4
F07:0030       	
F07:0001       	ldrb	R0,[R1,R2,lsr #12]
               S01:00012558:  22 06 D1 E7
F07:0002       	add		R2,R2,R3
               S01:0001255C:  03 20 82 E0
F07:0003       	mov		R4,R13,lsr #24
               S01:00012560:  2D 4C A0 E1
F07:0004       	subs	R0,R0,R4
               S01:00012564:  04 00 50 E0
F07:0005       	movmi	R0,#0
               S01:00012568:  00 00 A0 43
F07:0006       	mov		R7,R0,lsl #24
               S01:0001256C:  00 7C A0 E1
F07:0007       
F07:0008       	ldrb	R0,[R1,R5,lsr #12]
               S01:00012570:  25 06 D1 E7
F07:0009       	add		R5,R5,R6
               S01:00012574:  06 50 85 E0
F07:0010       	mov		R4,R13,lsl #8
               S01:00012578:  0D 44 A0 E1
F07:0011       	subs	R0,R0,R4,lsr #24
               S01:0001257C:  24 0C 50 E0
F07:0012       	movmi	R0,#0
               S01:00012580:  00 00 A0 43
F07:0013       	orr		R7,R7,R0,lsl #16
               S01:00012584:  00 78 87 E1
F07:0014       
F07:0015       	ldrb	R0,[R1,R8,lsr #12]
               S01:00012588:  28 06 D1 E7
F07:0016       	add		R8,R8,R9
               S01:0001258C:  09 80 88 E0
F07:0017       	mov		R4,R13,lsl #16
               S01:00012590:  0D 48 A0 E1
F07:0018       	subs	R0,R0,R4, lsr #24
               S01:00012594:  24 0C 50 E0
F07:0019       	movmi	R0,#0
               S01:00012598:  00 00 A0 43
F07:0020       	orr		R7,R7,R0,lsl #8
               S01:0001259C:  00 74 87 E1
F07:0021       
F07:0022       	ldrb	R0,[R1,R11,lsr #12]
               S01:000125A0:  2B 06 D1 E7
F07:0023       	add		R11,R11,R12
               S01:000125A4:  0C B0 8B E0
F07:0024       	mov		R4,R13,lsl #24
               S01:000125A8:  0D 4C A0 E1
F07:0025       	subs	R0,R0,R4,lsr #24
               S01:000125AC:  24 0C 50 E0
F07:0026       	movmi	R0,#0
               S01:000125B0:  00 00 A0 43
F07:0027       	orr		R7,R7,R0
               S01:000125B4:  00 70 87 E1
F07:0028       
F07:0029       	str		R7,[R14],#4		
               S01:000125B8:  04 70 8E E4
F07:0030       	
F07:0001       	ldrb	R0,[R1,R2,lsr #12]
               S01:000125BC:  22 06 D1 E7
F07:0002       	add		R2,R2,R3
               S01:000125C0:  03 20 82 E0
F07:0003       	mov		R4,R13,lsr #24
               S01:000125C4:  2D 4C A0 E1
F07:0004       	subs	R0,R0,R4
               S01:000125C8:  04 00 50 E0
F07:0005       	movmi	R0,#0
               S01:000125CC:  00 00 A0 43
F07:0006       	mov		R7,R0,lsl #24
               S01:000125D0:  00 7C A0 E1
F07:0007       
F07:0008       	ldrb	R0,[R1,R5,lsr #12]
               S01:000125D4:  25 06 D1 E7
F07:0009       	add		R5,R5,R6
               S01:000125D8:  06 50 85 E0
F07:0010       	mov		R4,R13,lsl #8
               S01:000125DC:  0D 44 A0 E1
F07:0011       	subs	R0,R0,R4,lsr #24
               S01:000125E0:  24 0C 50 E0
F07:0012       	movmi	R0,#0
               S01:000125E4:  00 00 A0 43
F07:0013       	orr		R7,R7,R0,lsl #16
               S01:000125E8:  00 78 87 E1
F07:0014       
F07:0015       	ldrb	R0,[R1,R8,lsr #12]
               S01:000125EC:  28 06 D1 E7
F07:0016       	add		R8,R8,R9
               S01:000125F0:  09 80 88 E0
F07:0017       	mov		R4,R13,lsl #16
               S01:000125F4:  0D 48 A0 E1
F07:0018       	subs	R0,R0,R4, lsr #24
               S01:000125F8:  24 0C 50 E0
F07:0019       	movmi	R0,#0
               S01:000125FC:  00 00 A0 43
F07:0020       	orr		R7,R7,R0,lsl #8
               S01:00012600:  00 74 87 E1
F07:0021       
F07:0022       	ldrb	R0,[R1,R11,lsr #12]
               S01:00012604:  2B 06 D1 E7
F07:0023       	add		R11,R11,R12
               S01:00012608:  0C B0 8B E0
F07:0024       	mov		R4,R13,lsl #24
               S01:0001260C:  0D 4C A0 E1
F07:0025       	subs	R0,R0,R4,lsr #24
               S01:00012610:  24 0C 50 E0
F07:0026       	movmi	R0,#0
               S01:00012614:  00 00 A0 43
F07:0027       	orr		R7,R7,R0
               S01:00012618:  00 70 87 E1
F07:0028       
F07:0029       	str		R7,[R14],#4		
               S01:0001261C:  04 70 8E E4
F07:0030       	
F07:0001       	ldrb	R0,[R1,R2,lsr #12]
               S01:00012620:  22 06 D1 E7
F07:0002       	add		R2,R2,R3
               S01:00012624:  03 20 82 E0
F07:0003       	mov		R4,R13,lsr #24
               S01:00012628:  2D 4C A0 E1
F07:0004       	subs	R0,R0,R4
               S01:0001262C:  04 00 50 E0
F07:0005       	movmi	R0,#0
               S01:00012630:  00 00 A0 43
F07:0006       	mov		R7,R0,lsl #24
               S01:00012634:  00 7C A0 E1
F07:0007       
F07:0008       	ldrb	R0,[R1,R5,lsr #12]
               S01:00012638:  25 06 D1 E7
F07:0009       	add		R5,R5,R6
               S01:0001263C:  06 50 85 E0
F07:0010       	mov		R4,R13,lsl #8
               S01:00012640:  0D 44 A0 E1
F07:0011       	subs	R0,R0,R4,lsr #24
               S01:00012644:  24 0C 50 E0
F07:0012       	movmi	R0,#0
               S01:00012648:  00 00 A0 43
F07:0013       	orr		R7,R7,R0,lsl #16
               S01:0001264C:  00 78 87 E1
F07:0014       
F07:0015       	ldrb	R0,[R1,R8,lsr #12]
               S01:00012650:  28 06 D1 E7
F07:0016       	add		R8,R8,R9
               S01:00012654:  09 80 88 E0
F07:0017       	mov		R4,R13,lsl #16
               S01:00012658:  0D 48 A0 E1
F07:0018       	subs	R0,R0,R4, lsr #24
               S01:0001265C:  24 0C 50 E0
F07:0019       	movmi	R0,#0
               S01:00012660:  00 00 A0 43
F07:0020       	orr		R7,R7,R0,lsl #8
               S01:00012664:  00 74 87 E1
F07:0021       
F07:0022       	ldrb	R0,[R1,R11,lsr #12]
               S01:00012668:  2B 06 D1 E7
F07:0023       	add		R11,R11,R12
               S01:0001266C:  0C B0 8B E0
F07:0024       	mov		R4,R13,lsl #24
               S01:00012670:  0D 4C A0 E1
F07:0025       	subs	R0,R0,R4,lsr #24
               S01:00012674:  24 0C 50 E0
F07:0026       	movmi	R0,#0
               S01:00012678:  00 00 A0 43
F07:0027       	orr		R7,R7,R0
               S01:0001267C:  00 70 87 E1
F07:0028       
F07:0029       	str		R7,[R14],#4		
               S01:00012680:  04 70 8E E4
F07:0030       	
F07:0001       	ldrb	R0,[R1,R2,lsr #12]
               S01:00012684:  22 06 D1 E7
F07:0002       	add		R2,R2,R3
               S01:00012688:  03 20 82 E0
F07:0003       	mov		R4,R13,lsr #24
               S01:0001268C:  2D 4C A0 E1
F07:0004       	subs	R0,R0,R4
               S01:00012690:  04 00 50 E0
F07:0005       	movmi	R0,#0
               S01:00012694:  00 00 A0 43
F07:0006       	mov		R7,R0,lsl #24
               S01:00012698:  00 7C A0 E1
F07:0007       
F07:0008       	ldrb	R0,[R1,R5,lsr #12]
               S01:0001269C:  25 06 D1 E7
F07:0009       	add		R5,R5,R6
               S01:000126A0:  06 50 85 E0
F07:0010       	mov		R4,R13,lsl #8
               S01:000126A4:  0D 44 A0 E1
F07:0011       	subs	R0,R0,R4,lsr #24
               S01:000126A8:  24 0C 50 E0
F07:0012       	movmi	R0,#0
               S01:000126AC:  00 00 A0 43
F07:0013       	orr		R7,R7,R0,lsl #16
               S01:000126B0:  00 78 87 E1
F07:0014       
F07:0015       	ldrb	R0,[R1,R8,lsr #12]
               S01:000126B4:  28 06 D1 E7
F07:0016       	add		R8,R8,R9
               S01:000126B8:  09 80 88 E0
F07:0017       	mov		R4,R13,lsl #16
               S01:000126BC:  0D 48 A0 E1
F07:0018       	subs	R0,R0,R4, lsr #24
               S01:000126C0:  24 0C 50 E0
F07:0019       	movmi	R0,#0
               S01:000126C4:  00 00 A0 43
F07:0020       	orr		R7,R7,R0,lsl #8
               S01:000126C8:  00 74 87 E1
F07:0021       
F07:0022       	ldrb	R0,[R1,R11,lsr #12]
               S01:000126CC:  2B 06 D1 E7
F07:0023       	add		R11,R11,R12
               S01:000126D0:  0C B0 8B E0
F07:0024       	mov		R4,R13,lsl #24
               S01:000126D4:  0D 4C A0 E1
F07:0025       	subs	R0,R0,R4,lsr #24
               S01:000126D8:  24 0C 50 E0
F07:0026       	movmi	R0,#0
               S01:000126DC:  00 00 A0 43
F07:0027       	orr		R7,R7,R0
               S01:000126E0:  00 70 87 E1
F07:0028       
F07:0029       	str		R7,[R14],#4		
               S01:000126E4:  04 70 8E E4
F07:0030       	
F07:0001       	ldrb	R0,[R1,R2,lsr #12]
               S01:000126E8:  22 06 D1 E7
F07:0002       	add		R2,R2,R3
               S01:000126EC:  03 20 82 E0
F07:0003       	mov		R4,R13,lsr #24
               S01:000126F0:  2D 4C A0 E1
F07:0004       	subs	R0,R0,R4
               S01:000126F4:  04 00 50 E0
F07:0005       	movmi	R0,#0
               S01:000126F8:  00 00 A0 43
F07:0006       	mov		R7,R0,lsl #24
               S01:000126FC:  00 7C A0 E1
F07:0007       
F07:0008       	ldrb	R0,[R1,R5,lsr #12]
               S01:00012700:  25 06 D1 E7
F07:0009       	add		R5,R5,R6
               S01:00012704:  06 50 85 E0
F07:0010       	mov		R4,R13,lsl #8
               S01:00012708:  0D 44 A0 E1
F07:0011       	subs	R0,R0,R4,lsr #24
               S01:0001270C:  24 0C 50 E0
F07:0012       	movmi	R0,#0
               S01:00012710:  00 00 A0 43
F07:0013       	orr		R7,R7,R0,lsl #16
               S01:00012714:  00 78 87 E1
F07:0014       
F07:0015       	ldrb	R0,[R1,R8,lsr #12]
               S01:00012718:  28 06 D1 E7
F07:0016       	add		R8,R8,R9
               S01:0001271C:  09 80 88 E0
F07:0017       	mov		R4,R13,lsl #16
               S01:00012720:  0D 48 A0 E1
F07:0018       	subs	R0,R0,R4, lsr #24
               S01:00012724:  24 0C 50 E0
F07:0019       	movmi	R0,#0
               S01:00012728:  00 00 A0 43
F07:0020       	orr		R7,R7,R0,lsl #8
               S01:0001272C:  00 74 87 E1
F07:0021       
F07:0022       	ldrb	R0,[R1,R11,lsr #12]
               S01:00012730:  2B 06 D1 E7
F07:0023       	add		R11,R11,R12
               S01:00012734:  0C B0 8B E0
F07:0024       	mov		R4,R13,lsl #24
               S01:00012738:  0D 4C A0 E1
F07:0025       	subs	R0,R0,R4,lsr #24
               S01:0001273C:  24 0C 50 E0
F07:0026       	movmi	R0,#0
               S01:00012740:  00 00 A0 43
F07:0027       	orr		R7,R7,R0
               S01:00012744:  00 70 87 E1
F07:0028       
F07:0029       	str		R7,[R14],#4		
               S01:00012748:  04 70 8E E4
F07:0030       	
F07:0001       	ldrb	R0,[R1,R2,lsr #12]
               S01:0001274C:  22 06 D1 E7
F07:0002       	add		R2,R2,R3
               S01:00012750:  03 20 82 E0
F07:0003       	mov		R4,R13,lsr #24
               S01:00012754:  2D 4C A0 E1
F07:0004       	subs	R0,R0,R4
               S01:00012758:  04 00 50 E0
F07:0005       	movmi	R0,#0
               S01:0001275C:  00 00 A0 43
F07:0006       	mov		R7,R0,lsl #24
               S01:00012760:  00 7C A0 E1
F07:0007       
F07:0008       	ldrb	R0,[R1,R5,lsr #12]
               S01:00012764:  25 06 D1 E7
F07:0009       	add		R5,R5,R6
               S01:00012768:  06 50 85 E0
F07:0010       	mov		R4,R13,lsl #8
               S01:0001276C:  0D 44 A0 E1
F07:0011       	subs	R0,R0,R4,lsr #24
               S01:00012770:  24 0C 50 E0
F07:0012       	movmi	R0,#0
               S01:00012774:  00 00 A0 43
F07:0013       	orr		R7,R7,R0,lsl #16
               S01:00012778:  00 78 87 E1
F07:0014       
F07:0015       	ldrb	R0,[R1,R8,lsr #12]
               S01:0001277C:  28 06 D1 E7
F07:0016       	add		R8,R8,R9
               S01:00012780:  09 80 88 E0
F07:0017       	mov		R4,R13,lsl #16
               S01:00012784:  0D 48 A0 E1
F07:0018       	subs	R0,R0,R4, lsr #24
               S01:00012788:  24 0C 50 E0
F07:0019       	movmi	R0,#0
               S01:0001278C:  00 00 A0 43
F07:0020       	orr		R7,R7,R0,lsl #8
               S01:00012790:  00 74 87 E1
F07:0021       
F07:0022       	ldrb	R0,[R1,R11,lsr #12]
               S01:00012794:  2B 06 D1 E7
F07:0023       	add		R11,R11,R12
               S01:00012798:  0C B0 8B E0
F07:0024       	mov		R4,R13,lsl #24
               S01:0001279C:  0D 4C A0 E1
F07:0025       	subs	R0,R0,R4,lsr #24
               S01:000127A0:  24 0C 50 E0
F07:0026       	movmi	R0,#0
               S01:000127A4:  00 00 A0 43
F07:0027       	orr		R7,R7,R0
               S01:000127A8:  00 70 87 E1
F07:0028       
F07:0029       	str		R7,[R14],#4		
               S01:000127AC:  04 70 8E E4
F07:0030       	
F07:0001       	ldrb	R0,[R1,R2,lsr #12]
               S01:000127B0:  22 06 D1 E7
F07:0002       	add		R2,R2,R3
               S01:000127B4:  03 20 82 E0
F07:0003       	mov		R4,R13,lsr #24
               S01:000127B8:  2D 4C A0 E1
F07:0004       	subs	R0,R0,R4
               S01:000127BC:  04 00 50 E0
F07:0005       	movmi	R0,#0
               S01:000127C0:  00 00 A0 43
F07:0006       	mov		R7,R0,lsl #24
               S01:000127C4:  00 7C A0 E1
F07:0007       
F07:0008       	ldrb	R0,[R1,R5,lsr #12]
               S01:000127C8:  25 06 D1 E7
F07:0009       	add		R5,R5,R6
               S01:000127CC:  06 50 85 E0
F07:0010       	mov		R4,R13,lsl #8
               S01:000127D0:  0D 44 A0 E1
F07:0011       	subs	R0,R0,R4,lsr #24
               S01:000127D4:  24 0C 50 E0
F07:0012       	movmi	R0,#0
               S01:000127D8:  00 00 A0 43
F07:0013       	orr		R7,R7,R0,lsl #16
               S01:000127DC:  00 78 87 E1
F07:0014       
F07:0015       	ldrb	R0,[R1,R8,lsr #12]
               S01:000127E0:  28 06 D1 E7
F07:0016       	add		R8,R8,R9
               S01:000127E4:  09 80 88 E0
F07:0017       	mov		R4,R13,lsl #16
               S01:000127E8:  0D 48 A0 E1
F07:0018       	subs	R0,R0,R4, lsr #24
               S01:000127EC:  24 0C 50 E0
F07:0019       	movmi	R0,#0
               S01:000127F0:  00 00 A0 43
F07:0020       	orr		R7,R7,R0,lsl #8
               S01:000127F4:  00 74 87 E1
F07:0021       
F07:0022       	ldrb	R0,[R1,R11,lsr #12]
               S01:000127F8:  2B 06 D1 E7
F07:0023       	add		R11,R11,R12
               S01:000127FC:  0C B0 8B E0
F07:0024       	mov		R4,R13,lsl #24
               S01:00012800:  0D 4C A0 E1
F07:0025       	subs	R0,R0,R4,lsr #24
               S01:00012804:  24 0C 50 E0
F07:0026       	movmi	R0,#0
               S01:00012808:  00 00 A0 43
F07:0027       	orr		R7,R7,R0
               S01:0001280C:  00 70 87 E1
F07:0028       
F07:0029       	str		R7,[R14],#4		
               S01:00012810:  04 70 8E E4
F07:0030       	
F07:0001       	ldrb	R0,[R1,R2,lsr #12]
               S01:00012814:  22 06 D1 E7
F07:0002       	add		R2,R2,R3
               S01:00012818:  03 20 82 E0
F07:0003       	mov		R4,R13,lsr #24
               S01:0001281C:  2D 4C A0 E1
F07:0004       	subs	R0,R0,R4
               S01:00012820:  04 00 50 E0
F07:0005       	movmi	R0,#0
               S01:00012824:  00 00 A0 43
F07:0006       	mov		R7,R0,lsl #24
               S01:00012828:  00 7C A0 E1
F07:0007       
F07:0008       	ldrb	R0,[R1,R5,lsr #12]
               S01:0001282C:  25 06 D1 E7
F07:0009       	add		R5,R5,R6
               S01:00012830:  06 50 85 E0
F07:0010       	mov		R4,R13,lsl #8
               S01:00012834:  0D 44 A0 E1
F07:0011       	subs	R0,R0,R4,lsr #24
               S01:00012838:  24 0C 50 E0
F07:0012       	movmi	R0,#0
               S01:0001283C:  00 00 A0 43
F07:0013       	orr		R7,R7,R0,lsl #16
               S01:00012840:  00 78 87 E1
F07:0014       
F07:0015       	ldrb	R0,[R1,R8,lsr #12]
               S01:00012844:  28 06 D1 E7
F07:0016       	add		R8,R8,R9
               S01:00012848:  09 80 88 E0
F07:0017       	mov		R4,R13,lsl #16
               S01:0001284C:  0D 48 A0 E1
F07:0018       	subs	R0,R0,R4, lsr #24
               S01:00012850:  24 0C 50 E0
F07:0019       	movmi	R0,#0
               S01:00012854:  00 00 A0 43
F07:0020       	orr		R7,R7,R0,lsl #8
               S01:00012858:  00 74 87 E1
F07:0021       
F07:0022       	ldrb	R0,[R1,R11,lsr #12]
               S01:0001285C:  2B 06 D1 E7
F07:0023       	add		R11,R11,R12
               S01:00012860:  0C B0 8B E0
F07:0024       	mov		R4,R13,lsl #24
               S01:00012864:  0D 4C A0 E1
F07:0025       	subs	R0,R0,R4,lsr #24
               S01:00012868:  24 0C 50 E0
F07:0026       	movmi	R0,#0
               S01:0001286C:  00 00 A0 43
F07:0027       	orr		R7,R7,R0
               S01:00012870:  00 70 87 E1
F07:0028       
F07:0029       	str		R7,[R14],#4		
               S01:00012874:  04 70 8E E4
F07:0030       	
F07:0001       	ldrb	R0,[R1,R2,lsr #12]
               S01:00012878:  22 06 D1 E7
F07:0002       	add		R2,R2,R3
               S01:0001287C:  03 20 82 E0
F07:0003       	mov		R4,R13,lsr #24
               S01:00012880:  2D 4C A0 E1
F07:0004       	subs	R0,R0,R4
               S01:00012884:  04 00 50 E0
F07:0005       	movmi	R0,#0
               S01:00012888:  00 00 A0 43
F07:0006       	mov		R7,R0,lsl #24
               S01:0001288C:  00 7C A0 E1
F07:0007       
F07:0008       	ldrb	R0,[R1,R5,lsr #12]
               S01:00012890:  25 06 D1 E7
F07:0009       	add		R5,R5,R6
               S01:00012894:  06 50 85 E0
F07:0010       	mov		R4,R13,lsl #8
               S01:00012898:  0D 44 A0 E1
F07:0011       	subs	R0,R0,R4,lsr #24
               S01:0001289C:  24 0C 50 E0
F07:0012       	movmi	R0,#0
               S01:000128A0:  00 00 A0 43
F07:0013       	orr		R7,R7,R0,lsl #16
               S01:000128A4:  00 78 87 E1
F07:0014       
F07:0015       	ldrb	R0,[R1,R8,lsr #12]
               S01:000128A8:  28 06 D1 E7
F07:0016       	add		R8,R8,R9
               S01:000128AC:  09 80 88 E0
F07:0017       	mov		R4,R13,lsl #16
               S01:000128B0:  0D 48 A0 E1
F07:0018       	subs	R0,R0,R4, lsr #24
               S01:000128B4:  24 0C 50 E0
F07:0019       	movmi	R0,#0
               S01:000128B8:  00 00 A0 43
F07:0020       	orr		R7,R7,R0,lsl #8
               S01:000128BC:  00 74 87 E1
F07:0021       
F07:0022       	ldrb	R0,[R1,R11,lsr #12]
               S01:000128C0:  2B 06 D1 E7
F07:0023       	add		R11,R11,R12
               S01:000128C4:  0C B0 8B E0
F07:0024       	mov		R4,R13,lsl #24
               S01:000128C8:  0D 4C A0 E1
F07:0025       	subs	R0,R0,R4,lsr #24
               S01:000128CC:  24 0C 50 E0
F07:0026       	movmi	R0,#0
               S01:000128D0:  00 00 A0 43
F07:0027       	orr		R7,R7,R0
               S01:000128D4:  00 70 87 E1
F07:0028       
F07:0029       	str		R7,[R14],#4		
               S01:000128D8:  04 70 8E E4
F07:0030       	
F07:0001       	ldrb	R0,[R1,R2,lsr #12]
               S01:000128DC:  22 06 D1 E7
F07:0002       	add		R2,R2,R3
               S01:000128E0:  03 20 82 E0
F07:0003       	mov		R4,R13,lsr #24
               S01:000128E4:  2D 4C A0 E1
F07:0004       	subs	R0,R0,R4
               S01:000128E8:  04 00 50 E0
F07:0005       	movmi	R0,#0
               S01:000128EC:  00 00 A0 43
F07:0006       	mov		R7,R0,lsl #24
               S01:000128F0:  00 7C A0 E1
F07:0007       
F07:0008       	ldrb	R0,[R1,R5,lsr #12]
               S01:000128F4:  25 06 D1 E7
F07:0009       	add		R5,R5,R6
               S01:000128F8:  06 50 85 E0
F07:0010       	mov		R4,R13,lsl #8
               S01:000128FC:  0D 44 A0 E1
F07:0011       	subs	R0,R0,R4,lsr #24
               S01:00012900:  24 0C 50 E0
F07:0012       	movmi	R0,#0
               S01:00012904:  00 00 A0 43
F07:0013       	orr		R7,R7,R0,lsl #16
               S01:00012908:  00 78 87 E1
F07:0014       
F07:0015       	ldrb	R0,[R1,R8,lsr #12]
               S01:0001290C:  28 06 D1 E7
F07:0016       	add		R8,R8,R9
               S01:00012910:  09 80 88 E0
F07:0017       	mov		R4,R13,lsl #16
               S01:00012914:  0D 48 A0 E1
F07:0018       	subs	R0,R0,R4, lsr #24
               S01:00012918:  24 0C 50 E0
F07:0019       	movmi	R0,#0
               S01:0001291C:  00 00 A0 43
F07:0020       	orr		R7,R7,R0,lsl #8
               S01:00012920:  00 74 87 E1
F07:0021       
F07:0022       	ldrb	R0,[R1,R11,lsr #12]
               S01:00012924:  2B 06 D1 E7
F07:0023       	add		R11,R11,R12
               S01:00012928:  0C B0 8B E0
F07:0024       	mov		R4,R13,lsl #24
               S01:0001292C:  0D 4C A0 E1
F07:0025       	subs	R0,R0,R4,lsr #24
               S01:00012930:  24 0C 50 E0
F07:0026       	movmi	R0,#0
               S01:00012934:  00 00 A0 43
F07:0027       	orr		R7,R7,R0
               S01:00012938:  00 70 87 E1
F07:0028       
F07:0029       	str		R7,[R14],#4		
               S01:0001293C:  04 70 8E E4
F07:0030       	
F07:0001       	ldrb	R0,[R1,R2,lsr #12]
               S01:00012940:  22 06 D1 E7
F07:0002       	add		R2,R2,R3
               S01:00012944:  03 20 82 E0
F07:0003       	mov		R4,R13,lsr #24
               S01:00012948:  2D 4C A0 E1
F07:0004       	subs	R0,R0,R4
               S01:0001294C:  04 00 50 E0
F07:0005       	movmi	R0,#0
               S01:00012950:  00 00 A0 43
F07:0006       	mov		R7,R0,lsl #24
               S01:00012954:  00 7C A0 E1
F07:0007       
F07:0008       	ldrb	R0,[R1,R5,lsr #12]
               S01:00012958:  25 06 D1 E7
F07:0009       	add		R5,R5,R6
               S01:0001295C:  06 50 85 E0
F07:0010       	mov		R4,R13,lsl #8
               S01:00012960:  0D 44 A0 E1
F07:0011       	subs	R0,R0,R4,lsr #24
               S01:00012964:  24 0C 50 E0
F07:0012       	movmi	R0,#0
               S01:00012968:  00 00 A0 43
F07:0013       	orr		R7,R7,R0,lsl #16
               S01:0001296C:  00 78 87 E1
F07:0014       
F07:0015       	ldrb	R0,[R1,R8,lsr #12]
               S01:00012970:  28 06 D1 E7
F07:0016       	add		R8,R8,R9
               S01:00012974:  09 80 88 E0
F07:0017       	mov		R4,R13,lsl #16
               S01:00012978:  0D 48 A0 E1
F07:0018       	subs	R0,R0,R4, lsr #24
               S01:0001297C:  24 0C 50 E0
F07:0019       	movmi	R0,#0
               S01:00012980:  00 00 A0 43
F07:0020       	orr		R7,R7,R0,lsl #8
               S01:00012984:  00 74 87 E1
F07:0021       
F07:0022       	ldrb	R0,[R1,R11,lsr #12]
               S01:00012988:  2B 06 D1 E7
F07:0023       	add		R11,R11,R12
               S01:0001298C:  0C B0 8B E0
F07:0024       	mov		R4,R13,lsl #24
               S01:00012990:  0D 4C A0 E1
F07:0025       	subs	R0,R0,R4,lsr #24
               S01:00012994:  24 0C 50 E0
F07:0026       	movmi	R0,#0
               S01:00012998:  00 00 A0 43
F07:0027       	orr		R7,R7,R0
               S01:0001299C:  00 70 87 E1
F07:0028       
F07:0029       	str		R7,[R14],#4		
               S01:000129A0:  04 70 8E E4
F07:0030       	
F07:0001       	ldrb	R0,[R1,R2,lsr #12]
               S01:000129A4:  22 06 D1 E7
F07:0002       	add		R2,R2,R3
               S01:000129A8:  03 20 82 E0
F07:0003       	mov		R4,R13,lsr #24
               S01:000129AC:  2D 4C A0 E1
F07:0004       	subs	R0,R0,R4
               S01:000129B0:  04 00 50 E0
F07:0005       	movmi	R0,#0
               S01:000129B4:  00 00 A0 43
F07:0006       	mov		R7,R0,lsl #24
               S01:000129B8:  00 7C A0 E1
F07:0007       
F07:0008       	ldrb	R0,[R1,R5,lsr #12]
               S01:000129BC:  25 06 D1 E7
F07:0009       	add		R5,R5,R6
               S01:000129C0:  06 50 85 E0
F07:0010       	mov		R4,R13,lsl #8
               S01:000129C4:  0D 44 A0 E1
F07:0011       	subs	R0,R0,R4,lsr #24
               S01:000129C8:  24 0C 50 E0
F07:0012       	movmi	R0,#0
               S01:000129CC:  00 00 A0 43
F07:0013       	orr		R7,R7,R0,lsl #16
               S01:000129D0:  00 78 87 E1
F07:0014       
F07:0015       	ldrb	R0,[R1,R8,lsr #12]
               S01:000129D4:  28 06 D1 E7
F07:0016       	add		R8,R8,R9
               S01:000129D8:  09 80 88 E0
F07:0017       	mov		R4,R13,lsl #16
               S01:000129DC:  0D 48 A0 E1
F07:0018       	subs	R0,R0,R4, lsr #24
               S01:000129E0:  24 0C 50 E0
F07:0019       	movmi	R0,#0
               S01:000129E4:  00 00 A0 43
F07:0020       	orr		R7,R7,R0,lsl #8
               S01:000129E8:  00 74 87 E1
F07:0021       
F07:0022       	ldrb	R0,[R1,R11,lsr #12]
               S01:000129EC:  2B 06 D1 E7
F07:0023       	add		R11,R11,R12
               S01:000129F0:  0C B0 8B E0
F07:0024       	mov		R4,R13,lsl #24
               S01:000129F4:  0D 4C A0 E1
F07:0025       	subs	R0,R0,R4,lsr #24
               S01:000129F8:  24 0C 50 E0
F07:0026       	movmi	R0,#0
               S01:000129FC:  00 00 A0 43
F07:0027       	orr		R7,R7,R0
               S01:00012A00:  00 70 87 E1
F07:0028       
F07:0029       	str		R7,[R14],#4		
               S01:00012A04:  04 70 8E E4
F07:0030       	
F07:0001       	ldrb	R0,[R1,R2,lsr #12]
               S01:00012A08:  22 06 D1 E7
F07:0002       	add		R2,R2,R3
               S01:00012A0C:  03 20 82 E0
F07:0003       	mov		R4,R13,lsr #24
               S01:00012A10:  2D 4C A0 E1
F07:0004       	subs	R0,R0,R4
               S01:00012A14:  04 00 50 E0
F07:0005       	movmi	R0,#0
               S01:00012A18:  00 00 A0 43
F07:0006       	mov		R7,R0,lsl #24
               S01:00012A1C:  00 7C A0 E1
F07:0007       
F07:0008       	ldrb	R0,[R1,R5,lsr #12]
               S01:00012A20:  25 06 D1 E7
F07:0009       	add		R5,R5,R6
               S01:00012A24:  06 50 85 E0
F07:0010       	mov		R4,R13,lsl #8
               S01:00012A28:  0D 44 A0 E1
F07:0011       	subs	R0,R0,R4,lsr #24
               S01:00012A2C:  24 0C 50 E0
F07:0012       	movmi	R0,#0
               S01:00012A30:  00 00 A0 43
F07:0013       	orr		R7,R7,R0,lsl #16
               S01:00012A34:  00 78 87 E1
F07:0014       
F07:0015       	ldrb	R0,[R1,R8,lsr #12]
               S01:00012A38:  28 06 D1 E7
F07:0016       	add		R8,R8,R9
               S01:00012A3C:  09 80 88 E0
F07:0017       	mov		R4,R13,lsl #16
               S01:00012A40:  0D 48 A0 E1
F07:0018       	subs	R0,R0,R4, lsr #24
               S01:00012A44:  24 0C 50 E0
F07:0019       	movmi	R0,#0
               S01:00012A48:  00 00 A0 43
F07:0020       	orr		R7,R7,R0,lsl #8
               S01:00012A4C:  00 74 87 E1
F07:0021       
F07:0022       	ldrb	R0,[R1,R11,lsr #12]
               S01:00012A50:  2B 06 D1 E7
F07:0023       	add		R11,R11,R12
               S01:00012A54:  0C B0 8B E0
F07:0024       	mov		R4,R13,lsl #24
               S01:00012A58:  0D 4C A0 E1
F07:0025       	subs	R0,R0,R4,lsr #24
               S01:00012A5C:  24 0C 50 E0
F07:0026       	movmi	R0,#0
               S01:00012A60:  00 00 A0 43
F07:0027       	orr		R7,R7,R0
               S01:00012A64:  00 70 87 E1
F07:0028       
F07:0029       	str		R7,[R14],#4		
               S01:00012A68:  04 70 8E E4
F07:0030       	
F07:0001       	ldrb	R0,[R1,R2,lsr #12]
               S01:00012A6C:  22 06 D1 E7
F07:0002       	add		R2,R2,R3
               S01:00012A70:  03 20 82 E0
F07:0003       	mov		R4,R13,lsr #24
               S01:00012A74:  2D 4C A0 E1
F07:0004       	subs	R0,R0,R4
               S01:00012A78:  04 00 50 E0
F07:0005       	movmi	R0,#0
               S01:00012A7C:  00 00 A0 43
F07:0006       	mov		R7,R0,lsl #24
               S01:00012A80:  00 7C A0 E1
F07:0007       
F07:0008       	ldrb	R0,[R1,R5,lsr #12]
               S01:00012A84:  25 06 D1 E7
F07:0009       	add		R5,R5,R6
               S01:00012A88:  06 50 85 E0
F07:0010       	mov		R4,R13,lsl #8
               S01:00012A8C:  0D 44 A0 E1
F07:0011       	subs	R0,R0,R4,lsr #24
               S01:00012A90:  24 0C 50 E0
F07:0012       	movmi	R0,#0
               S01:00012A94:  00 00 A0 43
F07:0013       	orr		R7,R7,R0,lsl #16
               S01:00012A98:  00 78 87 E1
F07:0014       
F07:0015       	ldrb	R0,[R1,R8,lsr #12]
               S01:00012A9C:  28 06 D1 E7
F07:0016       	add		R8,R8,R9
               S01:00012AA0:  09 80 88 E0
F07:0017       	mov		R4,R13,lsl #16
               S01:00012AA4:  0D 48 A0 E1
F07:0018       	subs	R0,R0,R4, lsr #24
               S01:00012AA8:  24 0C 50 E0
F07:0019       	movmi	R0,#0
               S01:00012AAC:  00 00 A0 43
F07:0020       	orr		R7,R7,R0,lsl #8
               S01:00012AB0:  00 74 87 E1
F07:0021       
F07:0022       	ldrb	R0,[R1,R11,lsr #12]
               S01:00012AB4:  2B 06 D1 E7
F07:0023       	add		R11,R11,R12
               S01:00012AB8:  0C B0 8B E0
F07:0024       	mov		R4,R13,lsl #24
               S01:00012ABC:  0D 4C A0 E1
F07:0025       	subs	R0,R0,R4,lsr #24
               S01:00012AC0:  24 0C 50 E0
F07:0026       	movmi	R0,#0
               S01:00012AC4:  00 00 A0 43
F07:0027       	orr		R7,R7,R0
               S01:00012AC8:  00 70 87 E1
F07:0028       
F07:0029       	str		R7,[R14],#4		
               S01:00012ACC:  04 70 8E E4
F07:0030       	
F07:0001       	ldrb	R0,[R1,R2,lsr #12]
               S01:00012AD0:  22 06 D1 E7
F07:0002       	add		R2,R2,R3
               S01:00012AD4:  03 20 82 E0
F07:0003       	mov		R4,R13,lsr #24
               S01:00012AD8:  2D 4C A0 E1
F07:0004       	subs	R0,R0,R4
               S01:00012ADC:  04 00 50 E0
F07:0005       	movmi	R0,#0
               S01:00012AE0:  00 00 A0 43
F07:0006       	mov		R7,R0,lsl #24
               S01:00012AE4:  00 7C A0 E1
F07:0007       
F07:0008       	ldrb	R0,[R1,R5,lsr #12]
               S01:00012AE8:  25 06 D1 E7
F07:0009       	add		R5,R5,R6
               S01:00012AEC:  06 50 85 E0
F07:0010       	mov		R4,R13,lsl #8
               S01:00012AF0:  0D 44 A0 E1
F07:0011       	subs	R0,R0,R4,lsr #24
               S01:00012AF4:  24 0C 50 E0
F07:0012       	movmi	R0,#0
               S01:00012AF8:  00 00 A0 43
F07:0013       	orr		R7,R7,R0,lsl #16
               S01:00012AFC:  00 78 87 E1
F07:0014       
F07:0015       	ldrb	R0,[R1,R8,lsr #12]
               S01:00012B00:  28 06 D1 E7
F07:0016       	add		R8,R8,R9
               S01:00012B04:  09 80 88 E0
F07:0017       	mov		R4,R13,lsl #16
               S01:00012B08:  0D 48 A0 E1
F07:0018       	subs	R0,R0,R4, lsr #24
               S01:00012B0C:  24 0C 50 E0
F07:0019       	movmi	R0,#0
               S01:00012B10:  00 00 A0 43
F07:0020       	orr		R7,R7,R0,lsl #8
               S01:00012B14:  00 74 87 E1
F07:0021       
F07:0022       	ldrb	R0,[R1,R11,lsr #12]
               S01:00012B18:  2B 06 D1 E7
F07:0023       	add		R11,R11,R12
               S01:00012B1C:  0C B0 8B E0
F07:0024       	mov		R4,R13,lsl #24
               S01:00012B20:  0D 4C A0 E1
F07:0025       	subs	R0,R0,R4,lsr #24
               S01:00012B24:  24 0C 50 E0
F07:0026       	movmi	R0,#0
               S01:00012B28:  00 00 A0 43
F07:0027       	orr		R7,R7,R0
               S01:00012B2C:  00 70 87 E1
F07:0028       
F07:0029       	str		R7,[R14],#4		
               S01:00012B30:  04 70 8E E4
F07:0030       	
F07:0001       	ldrb	R0,[R1,R2,lsr #12]
               S01:00012B34:  22 06 D1 E7
F07:0002       	add		R2,R2,R3
               S01:00012B38:  03 20 82 E0
F07:0003       	mov		R4,R13,lsr #24
               S01:00012B3C:  2D 4C A0 E1
F07:0004       	subs	R0,R0,R4
               S01:00012B40:  04 00 50 E0
F07:0005       	movmi	R0,#0
               S01:00012B44:  00 00 A0 43
F07:0006       	mov		R7,R0,lsl #24
               S01:00012B48:  00 7C A0 E1
F07:0007       
F07:0008       	ldrb	R0,[R1,R5,lsr #12]
               S01:00012B4C:  25 06 D1 E7
F07:0009       	add		R5,R5,R6
               S01:00012B50:  06 50 85 E0
F07:0010       	mov		R4,R13,lsl #8
               S01:00012B54:  0D 44 A0 E1
F07:0011       	subs	R0,R0,R4,lsr #24
               S01:00012B58:  24 0C 50 E0
F07:0012       	movmi	R0,#0
               S01:00012B5C:  00 00 A0 43
F07:0013       	orr		R7,R7,R0,lsl #16
               S01:00012B60:  00 78 87 E1
F07:0014       
F07:0015       	ldrb	R0,[R1,R8,lsr #12]
               S01:00012B64:  28 06 D1 E7
F07:0016       	add		R8,R8,R9
               S01:00012B68:  09 80 88 E0
F07:0017       	mov		R4,R13,lsl #16
               S01:00012B6C:  0D 48 A0 E1
F07:0018       	subs	R0,R0,R4, lsr #24
               S01:00012B70:  24 0C 50 E0
F07:0019       	movmi	R0,#0
               S01:00012B74:  00 00 A0 43
F07:0020       	orr		R7,R7,R0,lsl #8
               S01:00012B78:  00 74 87 E1
F07:0021       
F07:0022       	ldrb	R0,[R1,R11,lsr #12]
               S01:00012B7C:  2B 06 D1 E7
F07:0023       	add		R11,R11,R12
               S01:00012B80:  0C B0 8B E0
F07:0024       	mov		R4,R13,lsl #24
               S01:00012B84:  0D 4C A0 E1
F07:0025       	subs	R0,R0,R4,lsr #24
               S01:00012B88:  24 0C 50 E0
F07:0026       	movmi	R0,#0
               S01:00012B8C:  00 00 A0 43
F07:0027       	orr		R7,R7,R0
               S01:00012B90:  00 70 87 E1
F07:0028       
F07:0029       	str		R7,[R14],#4		
               S01:00012B94:  04 70 8E E4
F07:0030       	
F07:0001       	ldrb	R0,[R1,R2,lsr #12]
               S01:00012B98:  22 06 D1 E7
F07:0002       	add		R2,R2,R3
               S01:00012B9C:  03 20 82 E0
F07:0003       	mov		R4,R13,lsr #24
               S01:00012BA0:  2D 4C A0 E1
F07:0004       	subs	R0,R0,R4
               S01:00012BA4:  04 00 50 E0
F07:0005       	movmi	R0,#0
               S01:00012BA8:  00 00 A0 43
F07:0006       	mov		R7,R0,lsl #24
               S01:00012BAC:  00 7C A0 E1
F07:0007       
F07:0008       	ldrb	R0,[R1,R5,lsr #12]
               S01:00012BB0:  25 06 D1 E7
F07:0009       	add		R5,R5,R6
               S01:00012BB4:  06 50 85 E0
F07:0010       	mov		R4,R13,lsl #8
               S01:00012BB8:  0D 44 A0 E1
F07:0011       	subs	R0,R0,R4,lsr #24
               S01:00012BBC:  24 0C 50 E0
F07:0012       	movmi	R0,#0
               S01:00012BC0:  00 00 A0 43
F07:0013       	orr		R7,R7,R0,lsl #16
               S01:00012BC4:  00 78 87 E1
F07:0014       
F07:0015       	ldrb	R0,[R1,R8,lsr #12]
               S01:00012BC8:  28 06 D1 E7
F07:0016       	add		R8,R8,R9
               S01:00012BCC:  09 80 88 E0
F07:0017       	mov		R4,R13,lsl #16
               S01:00012BD0:  0D 48 A0 E1
F07:0018       	subs	R0,R0,R4, lsr #24
               S01:00012BD4:  24 0C 50 E0
F07:0019       	movmi	R0,#0
               S01:00012BD8:  00 00 A0 43
F07:0020       	orr		R7,R7,R0,lsl #8
               S01:00012BDC:  00 74 87 E1
F07:0021       
F07:0022       	ldrb	R0,[R1,R11,lsr #12]
               S01:00012BE0:  2B 06 D1 E7
F07:0023       	add		R11,R11,R12
               S01:00012BE4:  0C B0 8B E0
F07:0024       	mov		R4,R13,lsl #24
               S01:00012BE8:  0D 4C A0 E1
F07:0025       	subs	R0,R0,R4,lsr #24
               S01:00012BEC:  24 0C 50 E0
F07:0026       	movmi	R0,#0
               S01:00012BF0:  00 00 A0 43
F07:0027       	orr		R7,R7,R0
               S01:00012BF4:  00 70 87 E1
F07:0028       
F07:0029       	str		R7,[R14],#4		
               S01:00012BF8:  04 70 8E E4
F07:0030       	
F07:0001       	ldrb	R0,[R1,R2,lsr #12]
               S01:00012BFC:  22 06 D1 E7
F07:0002       	add		R2,R2,R3
               S01:00012C00:  03 20 82 E0
F07:0003       	mov		R4,R13,lsr #24
               S01:00012C04:  2D 4C A0 E1
F07:0004       	subs	R0,R0,R4
               S01:00012C08:  04 00 50 E0
F07:0005       	movmi	R0,#0
               S01:00012C0C:  00 00 A0 43
F07:0006       	mov		R7,R0,lsl #24
               S01:00012C10:  00 7C A0 E1
F07:0007       
F07:0008       	ldrb	R0,[R1,R5,lsr #12]
               S01:00012C14:  25 06 D1 E7
F07:0009       	add		R5,R5,R6
               S01:00012C18:  06 50 85 E0
F07:0010       	mov		R4,R13,lsl #8
               S01:00012C1C:  0D 44 A0 E1
F07:0011       	subs	R0,R0,R4,lsr #24
               S01:00012C20:  24 0C 50 E0
F07:0012       	movmi	R0,#0
               S01:00012C24:  00 00 A0 43
F07:0013       	orr		R7,R7,R0,lsl #16
               S01:00012C28:  00 78 87 E1
F07:0014       
F07:0015       	ldrb	R0,[R1,R8,lsr #12]
               S01:00012C2C:  28 06 D1 E7
F07:0016       	add		R8,R8,R9
               S01:00012C30:  09 80 88 E0
F07:0017       	mov		R4,R13,lsl #16
               S01:00012C34:  0D 48 A0 E1
F07:0018       	subs	R0,R0,R4, lsr #24
               S01:00012C38:  24 0C 50 E0
F07:0019       	movmi	R0,#0
               S01:00012C3C:  00 00 A0 43
F07:0020       	orr		R7,R7,R0,lsl #8
               S01:00012C40:  00 74 87 E1
F07:0021       
F07:0022       	ldrb	R0,[R1,R11,lsr #12]
               S01:00012C44:  2B 06 D1 E7
F07:0023       	add		R11,R11,R12
               S01:00012C48:  0C B0 8B E0
F07:0024       	mov		R4,R13,lsl #24
               S01:00012C4C:  0D 4C A0 E1
F07:0025       	subs	R0,R0,R4,lsr #24
               S01:00012C50:  24 0C 50 E0
F07:0026       	movmi	R0,#0
               S01:00012C54:  00 00 A0 43
F07:0027       	orr		R7,R7,R0
               S01:00012C58:  00 70 87 E1
F07:0028       
F07:0029       	str		R7,[R14],#4		
               S01:00012C5C:  04 70 8E E4
F07:0030       	
F07:0001       	ldrb	R0,[R1,R2,lsr #12]
               S01:00012C60:  22 06 D1 E7
F07:0002       	add		R2,R2,R3
               S01:00012C64:  03 20 82 E0
F07:0003       	mov		R4,R13,lsr #24
               S01:00012C68:  2D 4C A0 E1
F07:0004       	subs	R0,R0,R4
               S01:00012C6C:  04 00 50 E0
F07:0005       	movmi	R0,#0
               S01:00012C70:  00 00 A0 43
F07:0006       	mov		R7,R0,lsl #24
               S01:00012C74:  00 7C A0 E1
F07:0007       
F07:0008       	ldrb	R0,[R1,R5,lsr #12]
               S01:00012C78:  25 06 D1 E7
F07:0009       	add		R5,R5,R6
               S01:00012C7C:  06 50 85 E0
F07:0010       	mov		R4,R13,lsl #8
               S01:00012C80:  0D 44 A0 E1
F07:0011       	subs	R0,R0,R4,lsr #24
               S01:00012C84:  24 0C 50 E0
F07:0012       	movmi	R0,#0
               S01:00012C88:  00 00 A0 43
F07:0013       	orr		R7,R7,R0,lsl #16
               S01:00012C8C:  00 78 87 E1
F07:0014       
F07:0015       	ldrb	R0,[R1,R8,lsr #12]
               S01:00012C90:  28 06 D1 E7
F07:0016       	add		R8,R8,R9
               S01:00012C94:  09 80 88 E0
F07:0017       	mov		R4,R13,lsl #16
               S01:00012C98:  0D 48 A0 E1
F07:0018       	subs	R0,R0,R4, lsr #24
               S01:00012C9C:  24 0C 50 E0
F07:0019       	movmi	R0,#0
               S01:00012CA0:  00 00 A0 43
F07:0020       	orr		R7,R7,R0,lsl #8
               S01:00012CA4:  00 74 87 E1
F07:0021       
F07:0022       	ldrb	R0,[R1,R11,lsr #12]
               S01:00012CA8:  2B 06 D1 E7
F07:0023       	add		R11,R11,R12
               S01:00012CAC:  0C B0 8B E0
F07:0024       	mov		R4,R13,lsl #24
               S01:00012CB0:  0D 4C A0 E1
F07:0025       	subs	R0,R0,R4,lsr #24
               S01:00012CB4:  24 0C 50 E0
F07:0026       	movmi	R0,#0
               S01:00012CB8:  00 00 A0 43
F07:0027       	orr		R7,R7,R0
               S01:00012CBC:  00 70 87 E1
F07:0028       
F07:0029       	str		R7,[R14],#4		
               S01:00012CC0:  04 70 8E E4
F07:0030       	
F07:0001       	ldrb	R0,[R1,R2,lsr #12]
               S01:00012CC4:  22 06 D1 E7
F07:0002       	add		R2,R2,R3
               S01:00012CC8:  03 20 82 E0
F07:0003       	mov		R4,R13,lsr #24
               S01:00012CCC:  2D 4C A0 E1
F07:0004       	subs	R0,R0,R4
               S01:00012CD0:  04 00 50 E0
F07:0005       	movmi	R0,#0
               S01:00012CD4:  00 00 A0 43
F07:0006       	mov		R7,R0,lsl #24
               S01:00012CD8:  00 7C A0 E1
F07:0007       
F07:0008       	ldrb	R0,[R1,R5,lsr #12]
               S01:00012CDC:  25 06 D1 E7
F07:0009       	add		R5,R5,R6
               S01:00012CE0:  06 50 85 E0
F07:0010       	mov		R4,R13,lsl #8
               S01:00012CE4:  0D 44 A0 E1
F07:0011       	subs	R0,R0,R4,lsr #24
               S01:00012CE8:  24 0C 50 E0
F07:0012       	movmi	R0,#0
               S01:00012CEC:  00 00 A0 43
F07:0013       	orr		R7,R7,R0,lsl #16
               S01:00012CF0:  00 78 87 E1
F07:0014       
F07:0015       	ldrb	R0,[R1,R8,lsr #12]
               S01:00012CF4:  28 06 D1 E7
F07:0016       	add		R8,R8,R9
               S01:00012CF8:  09 80 88 E0
F07:0017       	mov		R4,R13,lsl #16
               S01:00012CFC:  0D 48 A0 E1
F07:0018       	subs	R0,R0,R4, lsr #24
               S01:00012D00:  24 0C 50 E0
F07:0019       	movmi	R0,#0
               S01:00012D04:  00 00 A0 43
F07:0020       	orr		R7,R7,R0,lsl #8
               S01:00012D08:  00 74 87 E1
F07:0021       
F07:0022       	ldrb	R0,[R1,R11,lsr #12]
               S01:00012D0C:  2B 06 D1 E7
F07:0023       	add		R11,R11,R12
               S01:00012D10:  0C B0 8B E0
F07:0024       	mov		R4,R13,lsl #24
               S01:00012D14:  0D 4C A0 E1
F07:0025       	subs	R0,R0,R4,lsr #24
               S01:00012D18:  24 0C 50 E0
F07:0026       	movmi	R0,#0
               S01:00012D1C:  00 00 A0 43
F07:0027       	orr		R7,R7,R0
               S01:00012D20:  00 70 87 E1
F07:0028       
F07:0029       	str		R7,[R14],#4		
               S01:00012D24:  04 70 8E E4
F07:0030       	
F07:0001       	ldrb	R0,[R1,R2,lsr #12]
               S01:00012D28:  22 06 D1 E7
F07:0002       	add		R2,R2,R3
               S01:00012D2C:  03 20 82 E0
F07:0003       	mov		R4,R13,lsr #24
               S01:00012D30:  2D 4C A0 E1
F07:0004       	subs	R0,R0,R4
               S01:00012D34:  04 00 50 E0
F07:0005       	movmi	R0,#0
               S01:00012D38:  00 00 A0 43
F07:0006       	mov		R7,R0,lsl #24
               S01:00012D3C:  00 7C A0 E1
F07:0007       
F07:0008       	ldrb	R0,[R1,R5,lsr #12]
               S01:00012D40:  25 06 D1 E7
F07:0009       	add		R5,R5,R6
               S01:00012D44:  06 50 85 E0
F07:0010       	mov		R4,R13,lsl #8
               S01:00012D48:  0D 44 A0 E1
F07:0011       	subs	R0,R0,R4,lsr #24
               S01:00012D4C:  24 0C 50 E0
F07:0012       	movmi	R0,#0
               S01:00012D50:  00 00 A0 43
F07:0013       	orr		R7,R7,R0,lsl #16
               S01:00012D54:  00 78 87 E1
F07:0014       
F07:0015       	ldrb	R0,[R1,R8,lsr #12]
               S01:00012D58:  28 06 D1 E7
F07:0016       	add		R8,R8,R9
               S01:00012D5C:  09 80 88 E0
F07:0017       	mov		R4,R13,lsl #16
               S01:00012D60:  0D 48 A0 E1
F07:0018       	subs	R0,R0,R4, lsr #24
               S01:00012D64:  24 0C 50 E0
F07:0019       	movmi	R0,#0
               S01:00012D68:  00 00 A0 43
F07:0020       	orr		R7,R7,R0,lsl #8
               S01:00012D6C:  00 74 87 E1
F07:0021       
F07:0022       	ldrb	R0,[R1,R11,lsr #12]
               S01:00012D70:  2B 06 D1 E7
F07:0023       	add		R11,R11,R12
               S01:00012D74:  0C B0 8B E0
F07:0024       	mov		R4,R13,lsl #24
               S01:00012D78:  0D 4C A0 E1
F07:0025       	subs	R0,R0,R4,lsr #24
               S01:00012D7C:  24 0C 50 E0
F07:0026       	movmi	R0,#0
               S01:00012D80:  00 00 A0 43
F07:0027       	orr		R7,R7,R0
               S01:00012D84:  00 70 87 E1
F07:0028       
F07:0029       	str		R7,[R14],#4		
               S01:00012D88:  04 70 8E E4
F07:0030       	
F07:0001       	ldrb	R0,[R1,R2,lsr #12]
               S01:00012D8C:  22 06 D1 E7
F07:0002       	add		R2,R2,R3
               S01:00012D90:  03 20 82 E0
F07:0003       	mov		R4,R13,lsr #24
               S01:00012D94:  2D 4C A0 E1
F07:0004       	subs	R0,R0,R4
               S01:00012D98:  04 00 50 E0
F07:0005       	movmi	R0,#0
               S01:00012D9C:  00 00 A0 43
F07:0006       	mov		R7,R0,lsl #24
               S01:00012DA0:  00 7C A0 E1
F07:0007       
F07:0008       	ldrb	R0,[R1,R5,lsr #12]
               S01:00012DA4:  25 06 D1 E7
F07:0009       	add		R5,R5,R6
               S01:00012DA8:  06 50 85 E0
F07:0010       	mov		R4,R13,lsl #8
               S01:00012DAC:  0D 44 A0 E1
F07:0011       	subs	R0,R0,R4,lsr #24
               S01:00012DB0:  24 0C 50 E0
F07:0012       	movmi	R0,#0
               S01:00012DB4:  00 00 A0 43
F07:0013       	orr		R7,R7,R0,lsl #16
               S01:00012DB8:  00 78 87 E1
F07:0014       
F07:0015       	ldrb	R0,[R1,R8,lsr #12]
               S01:00012DBC:  28 06 D1 E7
F07:0016       	add		R8,R8,R9
               S01:00012DC0:  09 80 88 E0
F07:0017       	mov		R4,R13,lsl #16
               S01:00012DC4:  0D 48 A0 E1
F07:0018       	subs	R0,R0,R4, lsr #24
               S01:00012DC8:  24 0C 50 E0
F07:0019       	movmi	R0,#0
               S01:00012DCC:  00 00 A0 43
F07:0020       	orr		R7,R7,R0,lsl #8
               S01:00012DD0:  00 74 87 E1
F07:0021       
F07:0022       	ldrb	R0,[R1,R11,lsr #12]
               S01:00012DD4:  2B 06 D1 E7
F07:0023       	add		R11,R11,R12
               S01:00012DD8:  0C B0 8B E0
F07:0024       	mov		R4,R13,lsl #24
               S01:00012DDC:  0D 4C A0 E1
F07:0025       	subs	R0,R0,R4,lsr #24
               S01:00012DE0:  24 0C 50 E0
F07:0026       	movmi	R0,#0
               S01:00012DE4:  00 00 A0 43
F07:0027       	orr		R7,R7,R0
               S01:00012DE8:  00 70 87 E1
F07:0028       
F07:0029       	str		R7,[R14],#4		
               S01:00012DEC:  04 70 8E E4
F07:0030       	
F07:0001       	ldrb	R0,[R1,R2,lsr #12]
               S01:00012DF0:  22 06 D1 E7
F07:0002       	add		R2,R2,R3
               S01:00012DF4:  03 20 82 E0
F07:0003       	mov		R4,R13,lsr #24
               S01:00012DF8:  2D 4C A0 E1
F07:0004       	subs	R0,R0,R4
               S01:00012DFC:  04 00 50 E0
F07:0005       	movmi	R0,#0
               S01:00012E00:  00 00 A0 43
F07:0006       	mov		R7,R0,lsl #24
               S01:00012E04:  00 7C A0 E1
F07:0007       
F07:0008       	ldrb	R0,[R1,R5,lsr #12]
               S01:00012E08:  25 06 D1 E7
F07:0009       	add		R5,R5,R6
               S01:00012E0C:  06 50 85 E0
F07:0010       	mov		R4,R13,lsl #8
               S01:00012E10:  0D 44 A0 E1
F07:0011       	subs	R0,R0,R4,lsr #24
               S01:00012E14:  24 0C 50 E0
F07:0012       	movmi	R0,#0
               S01:00012E18:  00 00 A0 43
F07:0013       	orr		R7,R7,R0,lsl #16
               S01:00012E1C:  00 78 87 E1
F07:0014       
F07:0015       	ldrb	R0,[R1,R8,lsr #12]
               S01:00012E20:  28 06 D1 E7
F07:0016       	add		R8,R8,R9
               S01:00012E24:  09 80 88 E0
F07:0017       	mov		R4,R13,lsl #16
               S01:00012E28:  0D 48 A0 E1
F07:0018       	subs	R0,R0,R4, lsr #24
               S01:00012E2C:  24 0C 50 E0
F07:0019       	movmi	R0,#0
               S01:00012E30:  00 00 A0 43
F07:0020       	orr		R7,R7,R0,lsl #8
               S01:00012E34:  00 74 87 E1
F07:0021       
F07:0022       	ldrb	R0,[R1,R11,lsr #12]
               S01:00012E38:  2B 06 D1 E7
F07:0023       	add		R11,R11,R12
               S01:00012E3C:  0C B0 8B E0
F07:0024       	mov		R4,R13,lsl #24
               S01:00012E40:  0D 4C A0 E1
F07:0025       	subs	R0,R0,R4,lsr #24
               S01:00012E44:  24 0C 50 E0
F07:0026       	movmi	R0,#0
               S01:00012E48:  00 00 A0 43
F07:0027       	orr		R7,R7,R0
               S01:00012E4C:  00 70 87 E1
F07:0028       
F07:0029       	str		R7,[R14],#4		
               S01:00012E50:  04 70 8E E4
F07:0030       	
F07:0001       	ldrb	R0,[R1,R2,lsr #12]
               S01:00012E54:  22 06 D1 E7
F07:0002       	add		R2,R2,R3
               S01:00012E58:  03 20 82 E0
F07:0003       	mov		R4,R13,lsr #24
               S01:00012E5C:  2D 4C A0 E1
F07:0004       	subs	R0,R0,R4
               S01:00012E60:  04 00 50 E0
F07:0005       	movmi	R0,#0
               S01:00012E64:  00 00 A0 43
F07:0006       	mov		R7,R0,lsl #24
               S01:00012E68:  00 7C A0 E1
F07:0007       
F07:0008       	ldrb	R0,[R1,R5,lsr #12]
               S01:00012E6C:  25 06 D1 E7
F07:0009       	add		R5,R5,R6
               S01:00012E70:  06 50 85 E0
F07:0010       	mov		R4,R13,lsl #8
               S01:00012E74:  0D 44 A0 E1
F07:0011       	subs	R0,R0,R4,lsr #24
               S01:00012E78:  24 0C 50 E0
F07:0012       	movmi	R0,#0
               S01:00012E7C:  00 00 A0 43
F07:0013       	orr		R7,R7,R0,lsl #16
               S01:00012E80:  00 78 87 E1
F07:0014       
F07:0015       	ldrb	R0,[R1,R8,lsr #12]
               S01:00012E84:  28 06 D1 E7
F07:0016       	add		R8,R8,R9
               S01:00012E88:  09 80 88 E0
F07:0017       	mov		R4,R13,lsl #16
               S01:00012E8C:  0D 48 A0 E1
F07:0018       	subs	R0,R0,R4, lsr #24
               S01:00012E90:  24 0C 50 E0
F07:0019       	movmi	R0,#0
               S01:00012E94:  00 00 A0 43
F07:0020       	orr		R7,R7,R0,lsl #8
               S01:00012E98:  00 74 87 E1
F07:0021       
F07:0022       	ldrb	R0,[R1,R11,lsr #12]
               S01:00012E9C:  2B 06 D1 E7
F07:0023       	add		R11,R11,R12
               S01:00012EA0:  0C B0 8B E0
F07:0024       	mov		R4,R13,lsl #24
               S01:00012EA4:  0D 4C A0 E1
F07:0025       	subs	R0,R0,R4,lsr #24
               S01:00012EA8:  24 0C 50 E0
F07:0026       	movmi	R0,#0
               S01:00012EAC:  00 00 A0 43
F07:0027       	orr		R7,R7,R0
               S01:00012EB0:  00 70 87 E1
F07:0028       
F07:0029       	str		R7,[R14],#4		
               S01:00012EB4:  04 70 8E E4
F07:0030       	
F07:0001       	ldrb	R0,[R1,R2,lsr #12]
               S01:00012EB8:  22 06 D1 E7
F07:0002       	add		R2,R2,R3
               S01:00012EBC:  03 20 82 E0
F07:0003       	mov		R4,R13,lsr #24
               S01:00012EC0:  2D 4C A0 E1
F07:0004       	subs	R0,R0,R4
               S01:00012EC4:  04 00 50 E0
F07:0005       	movmi	R0,#0
               S01:00012EC8:  00 00 A0 43
F07:0006       	mov		R7,R0,lsl #24
               S01:00012ECC:  00 7C A0 E1
F07:0007       
F07:0008       	ldrb	R0,[R1,R5,lsr #12]
               S01:00012ED0:  25 06 D1 E7
F07:0009       	add		R5,R5,R6
               S01:00012ED4:  06 50 85 E0
F07:0010       	mov		R4,R13,lsl #8
               S01:00012ED8:  0D 44 A0 E1
F07:0011       	subs	R0,R0,R4,lsr #24
               S01:00012EDC:  24 0C 50 E0
F07:0012       	movmi	R0,#0
               S01:00012EE0:  00 00 A0 43
F07:0013       	orr		R7,R7,R0,lsl #16
               S01:00012EE4:  00 78 87 E1
F07:0014       
F07:0015       	ldrb	R0,[R1,R8,lsr #12]
               S01:00012EE8:  28 06 D1 E7
F07:0016       	add		R8,R8,R9
               S01:00012EEC:  09 80 88 E0
F07:0017       	mov		R4,R13,lsl #16
               S01:00012EF0:  0D 48 A0 E1
F07:0018       	subs	R0,R0,R4, lsr #24
               S01:00012EF4:  24 0C 50 E0
F07:0019       	movmi	R0,#0
               S01:00012EF8:  00 00 A0 43
F07:0020       	orr		R7,R7,R0,lsl #8
               S01:00012EFC:  00 74 87 E1
F07:0021       
F07:0022       	ldrb	R0,[R1,R11,lsr #12]
               S01:00012F00:  2B 06 D1 E7
F07:0023       	add		R11,R11,R12
               S01:00012F04:  0C B0 8B E0
F07:0024       	mov		R4,R13,lsl #24
               S01:00012F08:  0D 4C A0 E1
F07:0025       	subs	R0,R0,R4,lsr #24
               S01:00012F0C:  24 0C 50 E0
F07:0026       	movmi	R0,#0
               S01:00012F10:  00 00 A0 43
F07:0027       	orr		R7,R7,R0
               S01:00012F14:  00 70 87 E1
F07:0028       
F07:0029       	str		R7,[R14],#4		
               S01:00012F18:  04 70 8E E4
F07:0030       	
F07:0001       	ldrb	R0,[R1,R2,lsr #12]
               S01:00012F1C:  22 06 D1 E7
F07:0002       	add		R2,R2,R3
               S01:00012F20:  03 20 82 E0
F07:0003       	mov		R4,R13,lsr #24
               S01:00012F24:  2D 4C A0 E1
F07:0004       	subs	R0,R0,R4
               S01:00012F28:  04 00 50 E0
F07:0005       	movmi	R0,#0
               S01:00012F2C:  00 00 A0 43
F07:0006       	mov		R7,R0,lsl #24
               S01:00012F30:  00 7C A0 E1
F07:0007       
F07:0008       	ldrb	R0,[R1,R5,lsr #12]
               S01:00012F34:  25 06 D1 E7
F07:0009       	add		R5,R5,R6
               S01:00012F38:  06 50 85 E0
F07:0010       	mov		R4,R13,lsl #8
               S01:00012F3C:  0D 44 A0 E1
F07:0011       	subs	R0,R0,R4,lsr #24
               S01:00012F40:  24 0C 50 E0
F07:0012       	movmi	R0,#0
               S01:00012F44:  00 00 A0 43
F07:0013       	orr		R7,R7,R0,lsl #16
               S01:00012F48:  00 78 87 E1
F07:0014       
F07:0015       	ldrb	R0,[R1,R8,lsr #12]
               S01:00012F4C:  28 06 D1 E7
F07:0016       	add		R8,R8,R9
               S01:00012F50:  09 80 88 E0
F07:0017       	mov		R4,R13,lsl #16
               S01:00012F54:  0D 48 A0 E1
F07:0018       	subs	R0,R0,R4, lsr #24
               S01:00012F58:  24 0C 50 E0
F07:0019       	movmi	R0,#0
               S01:00012F5C:  00 00 A0 43
F07:0020       	orr		R7,R7,R0,lsl #8
               S01:00012F60:  00 74 87 E1
F07:0021       
F07:0022       	ldrb	R0,[R1,R11,lsr #12]
               S01:00012F64:  2B 06 D1 E7
F07:0023       	add		R11,R11,R12
               S01:00012F68:  0C B0 8B E0
F07:0024       	mov		R4,R13,lsl #24
               S01:00012F6C:  0D 4C A0 E1
F07:0025       	subs	R0,R0,R4,lsr #24
               S01:00012F70:  24 0C 50 E0
F07:0026       	movmi	R0,#0
               S01:00012F74:  00 00 A0 43
F07:0027       	orr		R7,R7,R0
               S01:00012F78:  00 70 87 E1
F07:0028       
F07:0029       	str		R7,[R14],#4		
               S01:00012F7C:  04 70 8E E4
F07:0030       	
F07:0001       	ldrb	R0,[R1,R2,lsr #12]
               S01:00012F80:  22 06 D1 E7
F07:0002       	add		R2,R2,R3
               S01:00012F84:  03 20 82 E0
F07:0003       	mov		R4,R13,lsr #24
               S01:00012F88:  2D 4C A0 E1
F07:0004       	subs	R0,R0,R4
               S01:00012F8C:  04 00 50 E0
F07:0005       	movmi	R0,#0
               S01:00012F90:  00 00 A0 43
F07:0006       	mov		R7,R0,lsl #24
               S01:00012F94:  00 7C A0 E1
F07:0007       
F07:0008       	ldrb	R0,[R1,R5,lsr #12]
               S01:00012F98:  25 06 D1 E7
F07:0009       	add		R5,R5,R6
               S01:00012F9C:  06 50 85 E0
F07:0010       	mov		R4,R13,lsl #8
               S01:00012FA0:  0D 44 A0 E1
F07:0011       	subs	R0,R0,R4,lsr #24
               S01:00012FA4:  24 0C 50 E0
F07:0012       	movmi	R0,#0
               S01:00012FA8:  00 00 A0 43
F07:0013       	orr		R7,R7,R0,lsl #16
               S01:00012FAC:  00 78 87 E1
F07:0014       
F07:0015       	ldrb	R0,[R1,R8,lsr #12]
               S01:00012FB0:  28 06 D1 E7
F07:0016       	add		R8,R8,R9
               S01:00012FB4:  09 80 88 E0
F07:0017       	mov		R4,R13,lsl #16
               S01:00012FB8:  0D 48 A0 E1
F07:0018       	subs	R0,R0,R4, lsr #24
               S01:00012FBC:  24 0C 50 E0
F07:0019       	movmi	R0,#0
               S01:00012FC0:  00 00 A0 43
F07:0020       	orr		R7,R7,R0,lsl #8
               S01:00012FC4:  00 74 87 E1
F07:0021       
F07:0022       	ldrb	R0,[R1,R11,lsr #12]
               S01:00012FC8:  2B 06 D1 E7
F07:0023       	add		R11,R11,R12
               S01:00012FCC:  0C B0 8B E0
F07:0024       	mov		R4,R13,lsl #24
               S01:00012FD0:  0D 4C A0 E1
F07:0025       	subs	R0,R0,R4,lsr #24
               S01:00012FD4:  24 0C 50 E0
F07:0026       	movmi	R0,#0
               S01:00012FD8:  00 00 A0 43
F07:0027       	orr		R7,R7,R0
               S01:00012FDC:  00 70 87 E1
F07:0028       
F07:0029       	str		R7,[R14],#4		
               S01:00012FE0:  04 70 8E E4
F07:0030       	
F07:0001       	ldrb	R0,[R1,R2,lsr #12]
               S01:00012FE4:  22 06 D1 E7
F07:0002       	add		R2,R2,R3
               S01:00012FE8:  03 20 82 E0
F07:0003       	mov		R4,R13,lsr #24
               S01:00012FEC:  2D 4C A0 E1
F07:0004       	subs	R0,R0,R4
               S01:00012FF0:  04 00 50 E0
F07:0005       	movmi	R0,#0
               S01:00012FF4:  00 00 A0 43
F07:0006       	mov		R7,R0,lsl #24
               S01:00012FF8:  00 7C A0 E1
F07:0007       
F07:0008       	ldrb	R0,[R1,R5,lsr #12]
               S01:00012FFC:  25 06 D1 E7
F07:0009       	add		R5,R5,R6
               S01:00013000:  06 50 85 E0
F07:0010       	mov		R4,R13,lsl #8
               S01:00013004:  0D 44 A0 E1
F07:0011       	subs	R0,R0,R4,lsr #24
               S01:00013008:  24 0C 50 E0
F07:0012       	movmi	R0,#0
               S01:0001300C:  00 00 A0 43
F07:0013       	orr		R7,R7,R0,lsl #16
               S01:00013010:  00 78 87 E1
F07:0014       
F07:0015       	ldrb	R0,[R1,R8,lsr #12]
               S01:00013014:  28 06 D1 E7
F07:0016       	add		R8,R8,R9
               S01:00013018:  09 80 88 E0
F07:0017       	mov		R4,R13,lsl #16
               S01:0001301C:  0D 48 A0 E1
F07:0018       	subs	R0,R0,R4, lsr #24
               S01:00013020:  24 0C 50 E0
F07:0019       	movmi	R0,#0
               S01:00013024:  00 00 A0 43
F07:0020       	orr		R7,R7,R0,lsl #8
               S01:00013028:  00 74 87 E1
F07:0021       
F07:0022       	ldrb	R0,[R1,R11,lsr #12]
               S01:0001302C:  2B 06 D1 E7
F07:0023       	add		R11,R11,R12
               S01:00013030:  0C B0 8B E0
F07:0024       	mov		R4,R13,lsl #24
               S01:00013034:  0D 4C A0 E1
F07:0025       	subs	R0,R0,R4,lsr #24
               S01:00013038:  24 0C 50 E0
F07:0026       	movmi	R0,#0
               S01:0001303C:  00 00 A0 43
F07:0027       	orr		R7,R7,R0
               S01:00013040:  00 70 87 E1
F07:0028       
F07:0029       	str		R7,[R14],#4		
               S01:00013044:  04 70 8E E4
F07:0030       	
F07:0001       	ldrb	R0,[R1,R2,lsr #12]
               S01:00013048:  22 06 D1 E7
F07:0002       	add		R2,R2,R3
               S01:0001304C:  03 20 82 E0
F07:0003       	mov		R4,R13,lsr #24
               S01:00013050:  2D 4C A0 E1
F07:0004       	subs	R0,R0,R4
               S01:00013054:  04 00 50 E0
F07:0005       	movmi	R0,#0
               S01:00013058:  00 00 A0 43
F07:0006       	mov		R7,R0,lsl #24
               S01:0001305C:  00 7C A0 E1
F07:0007       
F07:0008       	ldrb	R0,[R1,R5,lsr #12]
               S01:00013060:  25 06 D1 E7
F07:0009       	add		R5,R5,R6
               S01:00013064:  06 50 85 E0
F07:0010       	mov		R4,R13,lsl #8
               S01:00013068:  0D 44 A0 E1
F07:0011       	subs	R0,R0,R4,lsr #24
               S01:0001306C:  24 0C 50 E0
F07:0012       	movmi	R0,#0
               S01:00013070:  00 00 A0 43
F07:0013       	orr		R7,R7,R0,lsl #16
               S01:00013074:  00 78 87 E1
F07:0014       
F07:0015       	ldrb	R0,[R1,R8,lsr #12]
               S01:00013078:  28 06 D1 E7
F07:0016       	add		R8,R8,R9
               S01:0001307C:  09 80 88 E0
F07:0017       	mov		R4,R13,lsl #16
               S01:00013080:  0D 48 A0 E1
F07:0018       	subs	R0,R0,R4, lsr #24
               S01:00013084:  24 0C 50 E0
F07:0019       	movmi	R0,#0
               S01:00013088:  00 00 A0 43
F07:0020       	orr		R7,R7,R0,lsl #8
               S01:0001308C:  00 74 87 E1
F07:0021       
F07:0022       	ldrb	R0,[R1,R11,lsr #12]
               S01:00013090:  2B 06 D1 E7
F07:0023       	add		R11,R11,R12
               S01:00013094:  0C B0 8B E0
F07:0024       	mov		R4,R13,lsl #24
               S01:00013098:  0D 4C A0 E1
F07:0025       	subs	R0,R0,R4,lsr #24
               S01:0001309C:  24 0C 50 E0
F07:0026       	movmi	R0,#0
               S01:000130A0:  00 00 A0 43
F07:0027       	orr		R7,R7,R0
               S01:000130A4:  00 70 87 E1
F07:0028       
F07:0029       	str		R7,[R14],#4		
               S01:000130A8:  04 70 8E E4
F07:0030       	
F07:0001       	ldrb	R0,[R1,R2,lsr #12]
               S01:000130AC:  22 06 D1 E7
F07:0002       	add		R2,R2,R3
               S01:000130B0:  03 20 82 E0
F07:0003       	mov		R4,R13,lsr #24
               S01:000130B4:  2D 4C A0 E1
F07:0004       	subs	R0,R0,R4
               S01:000130B8:  04 00 50 E0
F07:0005       	movmi	R0,#0
               S01:000130BC:  00 00 A0 43
F07:0006       	mov		R7,R0,lsl #24
               S01:000130C0:  00 7C A0 E1
F07:0007       
F07:0008       	ldrb	R0,[R1,R5,lsr #12]
               S01:000130C4:  25 06 D1 E7
F07:0009       	add		R5,R5,R6
               S01:000130C8:  06 50 85 E0
F07:0010       	mov		R4,R13,lsl #8
               S01:000130CC:  0D 44 A0 E1
F07:0011       	subs	R0,R0,R4,lsr #24
               S01:000130D0:  24 0C 50 E0
F07:0012       	movmi	R0,#0
               S01:000130D4:  00 00 A0 43
F07:0013       	orr		R7,R7,R0,lsl #16
               S01:000130D8:  00 78 87 E1
F07:0014       
F07:0015       	ldrb	R0,[R1,R8,lsr #12]
               S01:000130DC:  28 06 D1 E7
F07:0016       	add		R8,R8,R9
               S01:000130E0:  09 80 88 E0
F07:0017       	mov		R4,R13,lsl #16
               S01:000130E4:  0D 48 A0 E1
F07:0018       	subs	R0,R0,R4, lsr #24
               S01:000130E8:  24 0C 50 E0
F07:0019       	movmi	R0,#0
               S01:000130EC:  00 00 A0 43
F07:0020       	orr		R7,R7,R0,lsl #8
               S01:000130F0:  00 74 87 E1
F07:0021       
F07:0022       	ldrb	R0,[R1,R11,lsr #12]
               S01:000130F4:  2B 06 D1 E7
F07:0023       	add		R11,R11,R12
               S01:000130F8:  0C B0 8B E0
F07:0024       	mov		R4,R13,lsl #24
               S01:000130FC:  0D 4C A0 E1
F07:0025       	subs	R0,R0,R4,lsr #24
               S01:00013100:  24 0C 50 E0
F07:0026       	movmi	R0,#0
               S01:00013104:  00 00 A0 43
F07:0027       	orr		R7,R7,R0
               S01:00013108:  00 70 87 E1
F07:0028       
F07:0029       	str		R7,[R14],#4		
               S01:0001310C:  04 70 8E E4
F07:0030       	
F07:0001       	ldrb	R0,[R1,R2,lsr #12]
               S01:00013110:  22 06 D1 E7
F07:0002       	add		R2,R2,R3
               S01:00013114:  03 20 82 E0
F07:0003       	mov		R4,R13,lsr #24
               S01:00013118:  2D 4C A0 E1
F07:0004       	subs	R0,R0,R4
               S01:0001311C:  04 00 50 E0
F07:0005       	movmi	R0,#0
               S01:00013120:  00 00 A0 43
F07:0006       	mov		R7,R0,lsl #24
               S01:00013124:  00 7C A0 E1
F07:0007       
F07:0008       	ldrb	R0,[R1,R5,lsr #12]
               S01:00013128:  25 06 D1 E7
F07:0009       	add		R5,R5,R6
               S01:0001312C:  06 50 85 E0
F07:0010       	mov		R4,R13,lsl #8
               S01:00013130:  0D 44 A0 E1
F07:0011       	subs	R0,R0,R4,lsr #24
               S01:00013134:  24 0C 50 E0
F07:0012       	movmi	R0,#0
               S01:00013138:  00 00 A0 43
F07:0013       	orr		R7,R7,R0,lsl #16
               S01:0001313C:  00 78 87 E1
F07:0014       
F07:0015       	ldrb	R0,[R1,R8,lsr #12]
               S01:00013140:  28 06 D1 E7
F07:0016       	add		R8,R8,R9
               S01:00013144:  09 80 88 E0
F07:0017       	mov		R4,R13,lsl #16
               S01:00013148:  0D 48 A0 E1
F07:0018       	subs	R0,R0,R4, lsr #24
               S01:0001314C:  24 0C 50 E0
F07:0019       	movmi	R0,#0
               S01:00013150:  00 00 A0 43
F07:0020       	orr		R7,R7,R0,lsl #8
               S01:00013154:  00 74 87 E1
F07:0021       
F07:0022       	ldrb	R0,[R1,R11,lsr #12]
               S01:00013158:  2B 06 D1 E7
F07:0023       	add		R11,R11,R12
               S01:0001315C:  0C B0 8B E0
F07:0024       	mov		R4,R13,lsl #24
               S01:00013160:  0D 4C A0 E1
F07:0025       	subs	R0,R0,R4,lsr #24
               S01:00013164:  24 0C 50 E0
F07:0026       	movmi	R0,#0
               S01:00013168:  00 00 A0 43
F07:0027       	orr		R7,R7,R0
               S01:0001316C:  00 70 87 E1
F07:0028       
F07:0029       	str		R7,[R14],#4		
               S01:00013170:  04 70 8E E4
F07:0030       	
F07:0001       	ldrb	R0,[R1,R2,lsr #12]
               S01:00013174:  22 06 D1 E7
F07:0002       	add		R2,R2,R3
               S01:00013178:  03 20 82 E0
F07:0003       	mov		R4,R13,lsr #24
               S01:0001317C:  2D 4C A0 E1
F07:0004       	subs	R0,R0,R4
               S01:00013180:  04 00 50 E0
F07:0005       	movmi	R0,#0
               S01:00013184:  00 00 A0 43
F07:0006       	mov		R7,R0,lsl #24
               S01:00013188:  00 7C A0 E1
F07:0007       
F07:0008       	ldrb	R0,[R1,R5,lsr #12]
               S01:0001318C:  25 06 D1 E7
F07:0009       	add		R5,R5,R6
               S01:00013190:  06 50 85 E0
F07:0010       	mov		R4,R13,lsl #8
               S01:00013194:  0D 44 A0 E1
F07:0011       	subs	R0,R0,R4,lsr #24
               S01:00013198:  24 0C 50 E0
F07:0012       	movmi	R0,#0
               S01:0001319C:  00 00 A0 43
F07:0013       	orr		R7,R7,R0,lsl #16
               S01:000131A0:  00 78 87 E1
F07:0014       
F07:0015       	ldrb	R0,[R1,R8,lsr #12]
               S01:000131A4:  28 06 D1 E7
F07:0016       	add		R8,R8,R9
               S01:000131A8:  09 80 88 E0
F07:0017       	mov		R4,R13,lsl #16
               S01:000131AC:  0D 48 A0 E1
F07:0018       	subs	R0,R0,R4, lsr #24
               S01:000131B0:  24 0C 50 E0
F07:0019       	movmi	R0,#0
               S01:000131B4:  00 00 A0 43
F07:0020       	orr		R7,R7,R0,lsl #8
               S01:000131B8:  00 74 87 E1
F07:0021       
F07:0022       	ldrb	R0,[R1,R11,lsr #12]
               S01:000131BC:  2B 06 D1 E7
F07:0023       	add		R11,R11,R12
               S01:000131C0:  0C B0 8B E0
F07:0024       	mov		R4,R13,lsl #24
               S01:000131C4:  0D 4C A0 E1
F07:0025       	subs	R0,R0,R4,lsr #24
               S01:000131C8:  24 0C 50 E0
F07:0026       	movmi	R0,#0
               S01:000131CC:  00 00 A0 43
F07:0027       	orr		R7,R7,R0
               S01:000131D0:  00 70 87 E1
F07:0028       
F07:0029       	str		R7,[R14],#4		
               S01:000131D4:  04 70 8E E4
F07:0030       	
F07:0001       	ldrb	R0,[R1,R2,lsr #12]
               S01:000131D8:  22 06 D1 E7
F07:0002       	add		R2,R2,R3
               S01:000131DC:  03 20 82 E0
F07:0003       	mov		R4,R13,lsr #24
               S01:000131E0:  2D 4C A0 E1
F07:0004       	subs	R0,R0,R4
               S01:000131E4:  04 00 50 E0
F07:0005       	movmi	R0,#0
               S01:000131E8:  00 00 A0 43
F07:0006       	mov		R7,R0,lsl #24
               S01:000131EC:  00 7C A0 E1
F07:0007       
F07:0008       	ldrb	R0,[R1,R5,lsr #12]
               S01:000131F0:  25 06 D1 E7
F07:0009       	add		R5,R5,R6
               S01:000131F4:  06 50 85 E0
F07:0010       	mov		R4,R13,lsl #8
               S01:000131F8:  0D 44 A0 E1
F07:0011       	subs	R0,R0,R4,lsr #24
               S01:000131FC:  24 0C 50 E0
F07:0012       	movmi	R0,#0
               S01:00013200:  00 00 A0 43
F07:0013       	orr		R7,R7,R0,lsl #16
               S01:00013204:  00 78 87 E1
F07:0014       
F07:0015       	ldrb	R0,[R1,R8,lsr #12]
               S01:00013208:  28 06 D1 E7
F07:0016       	add		R8,R8,R9
               S01:0001320C:  09 80 88 E0
F07:0017       	mov		R4,R13,lsl #16
               S01:00013210:  0D 48 A0 E1
F07:0018       	subs	R0,R0,R4, lsr #24
               S01:00013214:  24 0C 50 E0
F07:0019       	movmi	R0,#0
               S01:00013218:  00 00 A0 43
F07:0020       	orr		R7,R7,R0,lsl #8
               S01:0001321C:  00 74 87 E1
F07:0021       
F07:0022       	ldrb	R0,[R1,R11,lsr #12]
               S01:00013220:  2B 06 D1 E7
F07:0023       	add		R11,R11,R12
               S01:00013224:  0C B0 8B E0
F07:0024       	mov		R4,R13,lsl #24
               S01:00013228:  0D 4C A0 E1
F07:0025       	subs	R0,R0,R4,lsr #24
               S01:0001322C:  24 0C 50 E0
F07:0026       	movmi	R0,#0
               S01:00013230:  00 00 A0 43
F07:0027       	orr		R7,R7,R0
               S01:00013234:  00 70 87 E1
F07:0028       
F07:0029       	str		R7,[R14],#4		
               S01:00013238:  04 70 8E E4
F07:0030       	
F07:0001       	ldrb	R0,[R1,R2,lsr #12]
               S01:0001323C:  22 06 D1 E7
F07:0002       	add		R2,R2,R3
               S01:00013240:  03 20 82 E0
F07:0003       	mov		R4,R13,lsr #24
               S01:00013244:  2D 4C A0 E1
F07:0004       	subs	R0,R0,R4
               S01:00013248:  04 00 50 E0
F07:0005       	movmi	R0,#0
               S01:0001324C:  00 00 A0 43
F07:0006       	mov		R7,R0,lsl #24
               S01:00013250:  00 7C A0 E1
F07:0007       
F07:0008       	ldrb	R0,[R1,R5,lsr #12]
               S01:00013254:  25 06 D1 E7
F07:0009       	add		R5,R5,R6
               S01:00013258:  06 50 85 E0
F07:0010       	mov		R4,R13,lsl #8
               S01:0001325C:  0D 44 A0 E1
F07:0011       	subs	R0,R0,R4,lsr #24
               S01:00013260:  24 0C 50 E0
F07:0012       	movmi	R0,#0
               S01:00013264:  00 00 A0 43
F07:0013       	orr		R7,R7,R0,lsl #16
               S01:00013268:  00 78 87 E1
F07:0014       
F07:0015       	ldrb	R0,[R1,R8,lsr #12]
               S01:0001326C:  28 06 D1 E7
F07:0016       	add		R8,R8,R9
               S01:00013270:  09 80 88 E0
F07:0017       	mov		R4,R13,lsl #16
               S01:00013274:  0D 48 A0 E1
F07:0018       	subs	R0,R0,R4, lsr #24
               S01:00013278:  24 0C 50 E0
F07:0019       	movmi	R0,#0
               S01:0001327C:  00 00 A0 43
F07:0020       	orr		R7,R7,R0,lsl #8
               S01:00013280:  00 74 87 E1
F07:0021       
F07:0022       	ldrb	R0,[R1,R11,lsr #12]
               S01:00013284:  2B 06 D1 E7
F07:0023       	add		R11,R11,R12
               S01:00013288:  0C B0 8B E0
F07:0024       	mov		R4,R13,lsl #24
               S01:0001328C:  0D 4C A0 E1
F07:0025       	subs	R0,R0,R4,lsr #24
               S01:00013290:  24 0C 50 E0
F07:0026       	movmi	R0,#0
               S01:00013294:  00 00 A0 43
F07:0027       	orr		R7,R7,R0
               S01:00013298:  00 70 87 E1
F07:0028       
F07:0029       	str		R7,[R14],#4		
               S01:0001329C:  04 70 8E E4
F07:0030       	
F07:0001       	ldrb	R0,[R1,R2,lsr #12]
               S01:000132A0:  22 06 D1 E7
F07:0002       	add		R2,R2,R3
               S01:000132A4:  03 20 82 E0
F07:0003       	mov		R4,R13,lsr #24
               S01:000132A8:  2D 4C A0 E1
F07:0004       	subs	R0,R0,R4
               S01:000132AC:  04 00 50 E0
F07:0005       	movmi	R0,#0
               S01:000132B0:  00 00 A0 43
F07:0006       	mov		R7,R0,lsl #24
               S01:000132B4:  00 7C A0 E1
F07:0007       
F07:0008       	ldrb	R0,[R1,R5,lsr #12]
               S01:000132B8:  25 06 D1 E7
F07:0009       	add		R5,R5,R6
               S01:000132BC:  06 50 85 E0
F07:0010       	mov		R4,R13,lsl #8
               S01:000132C0:  0D 44 A0 E1
F07:0011       	subs	R0,R0,R4,lsr #24
               S01:000132C4:  24 0C 50 E0
F07:0012       	movmi	R0,#0
               S01:000132C8:  00 00 A0 43
F07:0013       	orr		R7,R7,R0,lsl #16
               S01:000132CC:  00 78 87 E1
F07:0014       
F07:0015       	ldrb	R0,[R1,R8,lsr #12]
               S01:000132D0:  28 06 D1 E7
F07:0016       	add		R8,R8,R9
               S01:000132D4:  09 80 88 E0
F07:0017       	mov		R4,R13,lsl #16
               S01:000132D8:  0D 48 A0 E1
F07:0018       	subs	R0,R0,R4, lsr #24
               S01:000132DC:  24 0C 50 E0
F07:0019       	movmi	R0,#0
               S01:000132E0:  00 00 A0 43
F07:0020       	orr		R7,R7,R0,lsl #8
               S01:000132E4:  00 74 87 E1
F07:0021       
F07:0022       	ldrb	R0,[R1,R11,lsr #12]
               S01:000132E8:  2B 06 D1 E7
F07:0023       	add		R11,R11,R12
               S01:000132EC:  0C B0 8B E0
F07:0024       	mov		R4,R13,lsl #24
               S01:000132F0:  0D 4C A0 E1
F07:0025       	subs	R0,R0,R4,lsr #24
               S01:000132F4:  24 0C 50 E0
F07:0026       	movmi	R0,#0
               S01:000132F8:  00 00 A0 43
F07:0027       	orr		R7,R7,R0
               S01:000132FC:  00 70 87 E1
F07:0028       
F07:0029       	str		R7,[R14],#4		
               S01:00013300:  04 70 8E E4
F07:0030       	
F07:0001       	ldrb	R0,[R1,R2,lsr #12]
               S01:00013304:  22 06 D1 E7
F07:0002       	add		R2,R2,R3
               S01:00013308:  03 20 82 E0
F07:0003       	mov		R4,R13,lsr #24
               S01:0001330C:  2D 4C A0 E1
F07:0004       	subs	R0,R0,R4
               S01:00013310:  04 00 50 E0
F07:0005       	movmi	R0,#0
               S01:00013314:  00 00 A0 43
F07:0006       	mov		R7,R0,lsl #24
               S01:00013318:  00 7C A0 E1
F07:0007       
F07:0008       	ldrb	R0,[R1,R5,lsr #12]
               S01:0001331C:  25 06 D1 E7
F07:0009       	add		R5,R5,R6
               S01:00013320:  06 50 85 E0
F07:0010       	mov		R4,R13,lsl #8
               S01:00013324:  0D 44 A0 E1
F07:0011       	subs	R0,R0,R4,lsr #24
               S01:00013328:  24 0C 50 E0
F07:0012       	movmi	R0,#0
               S01:0001332C:  00 00 A0 43
F07:0013       	orr		R7,R7,R0,lsl #16
               S01:00013330:  00 78 87 E1
F07:0014       
F07:0015       	ldrb	R0,[R1,R8,lsr #12]
               S01:00013334:  28 06 D1 E7
F07:0016       	add		R8,R8,R9
               S01:00013338:  09 80 88 E0
F07:0017       	mov		R4,R13,lsl #16
               S01:0001333C:  0D 48 A0 E1
F07:0018       	subs	R0,R0,R4, lsr #24
               S01:00013340:  24 0C 50 E0
F07:0019       	movmi	R0,#0
               S01:00013344:  00 00 A0 43
F07:0020       	orr		R7,R7,R0,lsl #8
               S01:00013348:  00 74 87 E1
F07:0021       
F07:0022       	ldrb	R0,[R1,R11,lsr #12]
               S01:0001334C:  2B 06 D1 E7
F07:0023       	add		R11,R11,R12
               S01:00013350:  0C B0 8B E0
F07:0024       	mov		R4,R13,lsl #24
               S01:00013354:  0D 4C A0 E1
F07:0025       	subs	R0,R0,R4,lsr #24
               S01:00013358:  24 0C 50 E0
F07:0026       	movmi	R0,#0
               S01:0001335C:  00 00 A0 43
F07:0027       	orr		R7,R7,R0
               S01:00013360:  00 70 87 E1
F07:0028       
F07:0029       	str		R7,[R14],#4		
               S01:00013364:  04 70 8E E4
F07:0030       	
F07:0001       	ldrb	R0,[R1,R2,lsr #12]
               S01:00013368:  22 06 D1 E7
F07:0002       	add		R2,R2,R3
               S01:0001336C:  03 20 82 E0
F07:0003       	mov		R4,R13,lsr #24
               S01:00013370:  2D 4C A0 E1
F07:0004       	subs	R0,R0,R4
               S01:00013374:  04 00 50 E0
F07:0005       	movmi	R0,#0
               S01:00013378:  00 00 A0 43
F07:0006       	mov		R7,R0,lsl #24
               S01:0001337C:  00 7C A0 E1
F07:0007       
F07:0008       	ldrb	R0,[R1,R5,lsr #12]
               S01:00013380:  25 06 D1 E7
F07:0009       	add		R5,R5,R6
               S01:00013384:  06 50 85 E0
F07:0010       	mov		R4,R13,lsl #8
               S01:00013388:  0D 44 A0 E1
F07:0011       	subs	R0,R0,R4,lsr #24
               S01:0001338C:  24 0C 50 E0
F07:0012       	movmi	R0,#0
               S01:00013390:  00 00 A0 43
F07:0013       	orr		R7,R7,R0,lsl #16
               S01:00013394:  00 78 87 E1
F07:0014       
F07:0015       	ldrb	R0,[R1,R8,lsr #12]
               S01:00013398:  28 06 D1 E7
F07:0016       	add		R8,R8,R9
               S01:0001339C:  09 80 88 E0
F07:0017       	mov		R4,R13,lsl #16
               S01:000133A0:  0D 48 A0 E1
F07:0018       	subs	R0,R0,R4, lsr #24
               S01:000133A4:  24 0C 50 E0
F07:0019       	movmi	R0,#0
               S01:000133A8:  00 00 A0 43
F07:0020       	orr		R7,R7,R0,lsl #8
               S01:000133AC:  00 74 87 E1
F07:0021       
F07:0022       	ldrb	R0,[R1,R11,lsr #12]
               S01:000133B0:  2B 06 D1 E7
F07:0023       	add		R11,R11,R12
               S01:000133B4:  0C B0 8B E0
F07:0024       	mov		R4,R13,lsl #24
               S01:000133B8:  0D 4C A0 E1
F07:0025       	subs	R0,R0,R4,lsr #24
               S01:000133BC:  24 0C 50 E0
F07:0026       	movmi	R0,#0
               S01:000133C0:  00 00 A0 43
F07:0027       	orr		R7,R7,R0
               S01:000133C4:  00 70 87 E1
F07:0028       
F07:0029       	str		R7,[R14],#4		
               S01:000133C8:  04 70 8E E4
F07:0030       	
F07:0001       	ldrb	R0,[R1,R2,lsr #12]
               S01:000133CC:  22 06 D1 E7
F07:0002       	add		R2,R2,R3
               S01:000133D0:  03 20 82 E0
F07:0003       	mov		R4,R13,lsr #24
               S01:000133D4:  2D 4C A0 E1
F07:0004       	subs	R0,R0,R4
               S01:000133D8:  04 00 50 E0
F07:0005       	movmi	R0,#0
               S01:000133DC:  00 00 A0 43
F07:0006       	mov		R7,R0,lsl #24
               S01:000133E0:  00 7C A0 E1
F07:0007       
F07:0008       	ldrb	R0,[R1,R5,lsr #12]
               S01:000133E4:  25 06 D1 E7
F07:0009       	add		R5,R5,R6
               S01:000133E8:  06 50 85 E0
F07:0010       	mov		R4,R13,lsl #8
               S01:000133EC:  0D 44 A0 E1
F07:0011       	subs	R0,R0,R4,lsr #24
               S01:000133F0:  24 0C 50 E0
F07:0012       	movmi	R0,#0
               S01:000133F4:  00 00 A0 43
F07:0013       	orr		R7,R7,R0,lsl #16
               S01:000133F8:  00 78 87 E1
F07:0014       
F07:0015       	ldrb	R0,[R1,R8,lsr #12]
               S01:000133FC:  28 06 D1 E7
F07:0016       	add		R8,R8,R9
               S01:00013400:  09 80 88 E0
F07:0017       	mov		R4,R13,lsl #16
               S01:00013404:  0D 48 A0 E1
F07:0018       	subs	R0,R0,R4, lsr #24
               S01:00013408:  24 0C 50 E0
F07:0019       	movmi	R0,#0
               S01:0001340C:  00 00 A0 43
F07:0020       	orr		R7,R7,R0,lsl #8
               S01:00013410:  00 74 87 E1
F07:0021       
F07:0022       	ldrb	R0,[R1,R11,lsr #12]
               S01:00013414:  2B 06 D1 E7
F07:0023       	add		R11,R11,R12
               S01:00013418:  0C B0 8B E0
F07:0024       	mov		R4,R13,lsl #24
               S01:0001341C:  0D 4C A0 E1
F07:0025       	subs	R0,R0,R4,lsr #24
               S01:00013420:  24 0C 50 E0
F07:0026       	movmi	R0,#0
               S01:00013424:  00 00 A0 43
F07:0027       	orr		R7,R7,R0
               S01:00013428:  00 70 87 E1
F07:0028       
F07:0029       	str		R7,[R14],#4		
               S01:0001342C:  04 70 8E E4
F07:0030       	
F07:0001       	ldrb	R0,[R1,R2,lsr #12]
               S01:00013430:  22 06 D1 E7
F07:0002       	add		R2,R2,R3
               S01:00013434:  03 20 82 E0
F07:0003       	mov		R4,R13,lsr #24
               S01:00013438:  2D 4C A0 E1
F07:0004       	subs	R0,R0,R4
               S01:0001343C:  04 00 50 E0
F07:0005       	movmi	R0,#0
               S01:00013440:  00 00 A0 43
F07:0006       	mov		R7,R0,lsl #24
               S01:00013444:  00 7C A0 E1
F07:0007       
F07:0008       	ldrb	R0,[R1,R5,lsr #12]
               S01:00013448:  25 06 D1 E7
F07:0009       	add		R5,R5,R6
               S01:0001344C:  06 50 85 E0
F07:0010       	mov		R4,R13,lsl #8
               S01:00013450:  0D 44 A0 E1
F07:0011       	subs	R0,R0,R4,lsr #24
               S01:00013454:  24 0C 50 E0
F07:0012       	movmi	R0,#0
               S01:00013458:  00 00 A0 43
F07:0013       	orr		R7,R7,R0,lsl #16
               S01:0001345C:  00 78 87 E1
F07:0014       
F07:0015       	ldrb	R0,[R1,R8,lsr #12]
               S01:00013460:  28 06 D1 E7
F07:0016       	add		R8,R8,R9
               S01:00013464:  09 80 88 E0
F07:0017       	mov		R4,R13,lsl #16
               S01:00013468:  0D 48 A0 E1
F07:0018       	subs	R0,R0,R4, lsr #24
               S01:0001346C:  24 0C 50 E0
F07:0019       	movmi	R0,#0
               S01:00013470:  00 00 A0 43
F07:0020       	orr		R7,R7,R0,lsl #8
               S01:00013474:  00 74 87 E1
F07:0021       
F07:0022       	ldrb	R0,[R1,R11,lsr #12]
               S01:00013478:  2B 06 D1 E7
F07:0023       	add		R11,R11,R12
               S01:0001347C:  0C B0 8B E0
F07:0024       	mov		R4,R13,lsl #24
               S01:00013480:  0D 4C A0 E1
F07:0025       	subs	R0,R0,R4,lsr #24
               S01:00013484:  24 0C 50 E0
F07:0026       	movmi	R0,#0
               S01:00013488:  00 00 A0 43
F07:0027       	orr		R7,R7,R0
               S01:0001348C:  00 70 87 E1
F07:0028       
F07:0029       	str		R7,[R14],#4		
               S01:00013490:  04 70 8E E4
F07:0030       	
F07:0001       	ldrb	R0,[R1,R2,lsr #12]
               S01:00013494:  22 06 D1 E7
F07:0002       	add		R2,R2,R3
               S01:00013498:  03 20 82 E0
F07:0003       	mov		R4,R13,lsr #24
               S01:0001349C:  2D 4C A0 E1
F07:0004       	subs	R0,R0,R4
               S01:000134A0:  04 00 50 E0
F07:0005       	movmi	R0,#0
               S01:000134A4:  00 00 A0 43
F07:0006       	mov		R7,R0,lsl #24
               S01:000134A8:  00 7C A0 E1
F07:0007       
F07:0008       	ldrb	R0,[R1,R5,lsr #12]
               S01:000134AC:  25 06 D1 E7
F07:0009       	add		R5,R5,R6
               S01:000134B0:  06 50 85 E0
F07:0010       	mov		R4,R13,lsl #8
               S01:000134B4:  0D 44 A0 E1
F07:0011       	subs	R0,R0,R4,lsr #24
               S01:000134B8:  24 0C 50 E0
F07:0012       	movmi	R0,#0
               S01:000134BC:  00 00 A0 43
F07:0013       	orr		R7,R7,R0,lsl #16
               S01:000134C0:  00 78 87 E1
F07:0014       
F07:0015       	ldrb	R0,[R1,R8,lsr #12]
               S01:000134C4:  28 06 D1 E7
F07:0016       	add		R8,R8,R9
               S01:000134C8:  09 80 88 E0
F07:0017       	mov		R4,R13,lsl #16
               S01:000134CC:  0D 48 A0 E1
F07:0018       	subs	R0,R0,R4, lsr #24
               S01:000134D0:  24 0C 50 E0
F07:0019       	movmi	R0,#0
               S01:000134D4:  00 00 A0 43
F07:0020       	orr		R7,R7,R0,lsl #8
               S01:000134D8:  00 74 87 E1
F07:0021       
F07:0022       	ldrb	R0,[R1,R11,lsr #12]
               S01:000134DC:  2B 06 D1 E7
F07:0023       	add		R11,R11,R12
               S01:000134E0:  0C B0 8B E0
F07:0024       	mov		R4,R13,lsl #24
               S01:000134E4:  0D 4C A0 E1
F07:0025       	subs	R0,R0,R4,lsr #24
               S01:000134E8:  24 0C 50 E0
F07:0026       	movmi	R0,#0
               S01:000134EC:  00 00 A0 43
F07:0027       	orr		R7,R7,R0
               S01:000134F0:  00 70 87 E1
F07:0028       
F07:0029       	str		R7,[R14],#4		
               S01:000134F4:  04 70 8E E4
F07:0030       	
F07:0001       	ldrb	R0,[R1,R2,lsr #12]
               S01:000134F8:  22 06 D1 E7
F07:0002       	add		R2,R2,R3
               S01:000134FC:  03 20 82 E0
F07:0003       	mov		R4,R13,lsr #24
               S01:00013500:  2D 4C A0 E1
F07:0004       	subs	R0,R0,R4
               S01:00013504:  04 00 50 E0
F07:0005       	movmi	R0,#0
               S01:00013508:  00 00 A0 43
F07:0006       	mov		R7,R0,lsl #24
               S01:0001350C:  00 7C A0 E1
F07:0007       
F07:0008       	ldrb	R0,[R1,R5,lsr #12]
               S01:00013510:  25 06 D1 E7
F07:0009       	add		R5,R5,R6
               S01:00013514:  06 50 85 E0
F07:0010       	mov		R4,R13,lsl #8
               S01:00013518:  0D 44 A0 E1
F07:0011       	subs	R0,R0,R4,lsr #24
               S01:0001351C:  24 0C 50 E0
F07:0012       	movmi	R0,#0
               S01:00013520:  00 00 A0 43
F07:0013       	orr		R7,R7,R0,lsl #16
               S01:00013524:  00 78 87 E1
F07:0014       
F07:0015       	ldrb	R0,[R1,R8,lsr #12]
               S01:00013528:  28 06 D1 E7
F07:0016       	add		R8,R8,R9
               S01:0001352C:  09 80 88 E0
F07:0017       	mov		R4,R13,lsl #16
               S01:00013530:  0D 48 A0 E1
F07:0018       	subs	R0,R0,R4, lsr #24
               S01:00013534:  24 0C 50 E0
F07:0019       	movmi	R0,#0
               S01:00013538:  00 00 A0 43
F07:0020       	orr		R7,R7,R0,lsl #8
               S01:0001353C:  00 74 87 E1
F07:0021       
F07:0022       	ldrb	R0,[R1,R11,lsr #12]
               S01:00013540:  2B 06 D1 E7
F07:0023       	add		R11,R11,R12
               S01:00013544:  0C B0 8B E0
F07:0024       	mov		R4,R13,lsl #24
               S01:00013548:  0D 4C A0 E1
F07:0025       	subs	R0,R0,R4,lsr #24
               S01:0001354C:  24 0C 50 E0
F07:0026       	movmi	R0,#0
               S01:00013550:  00 00 A0 43
F07:0027       	orr		R7,R7,R0
               S01:00013554:  00 70 87 E1
F07:0028       
F07:0029       	str		R7,[R14],#4		
               S01:00013558:  04 70 8E E4
F07:0030       	
F07:0001       	ldrb	R0,[R1,R2,lsr #12]
               S01:0001355C:  22 06 D1 E7
F07:0002       	add		R2,R2,R3
               S01:00013560:  03 20 82 E0
F07:0003       	mov		R4,R13,lsr #24
               S01:00013564:  2D 4C A0 E1
F07:0004       	subs	R0,R0,R4
               S01:00013568:  04 00 50 E0
F07:0005       	movmi	R0,#0
               S01:0001356C:  00 00 A0 43
F07:0006       	mov		R7,R0,lsl #24
               S01:00013570:  00 7C A0 E1
F07:0007       
F07:0008       	ldrb	R0,[R1,R5,lsr #12]
               S01:00013574:  25 06 D1 E7
F07:0009       	add		R5,R5,R6
               S01:00013578:  06 50 85 E0
F07:0010       	mov		R4,R13,lsl #8
               S01:0001357C:  0D 44 A0 E1
F07:0011       	subs	R0,R0,R4,lsr #24
               S01:00013580:  24 0C 50 E0
F07:0012       	movmi	R0,#0
               S01:00013584:  00 00 A0 43
F07:0013       	orr		R7,R7,R0,lsl #16
               S01:00013588:  00 78 87 E1
F07:0014       
F07:0015       	ldrb	R0,[R1,R8,lsr #12]
               S01:0001358C:  28 06 D1 E7
F07:0016       	add		R8,R8,R9
               S01:00013590:  09 80 88 E0
F07:0017       	mov		R4,R13,lsl #16
               S01:00013594:  0D 48 A0 E1
F07:0018       	subs	R0,R0,R4, lsr #24
               S01:00013598:  24 0C 50 E0
F07:0019       	movmi	R0,#0
               S01:0001359C:  00 00 A0 43
F07:0020       	orr		R7,R7,R0,lsl #8
               S01:000135A0:  00 74 87 E1
F07:0021       
F07:0022       	ldrb	R0,[R1,R11,lsr #12]
               S01:000135A4:  2B 06 D1 E7
F07:0023       	add		R11,R11,R12
               S01:000135A8:  0C B0 8B E0
F07:0024       	mov		R4,R13,lsl #24
               S01:000135AC:  0D 4C A0 E1
F07:0025       	subs	R0,R0,R4,lsr #24
               S01:000135B0:  24 0C 50 E0
F07:0026       	movmi	R0,#0
               S01:000135B4:  00 00 A0 43
F07:0027       	orr		R7,R7,R0
               S01:000135B8:  00 70 87 E1
F07:0028       
F07:0029       	str		R7,[R14],#4		
               S01:000135BC:  04 70 8E E4
F07:0030       	
F07:0001       	ldrb	R0,[R1,R2,lsr #12]
               S01:000135C0:  22 06 D1 E7
F07:0002       	add		R2,R2,R3
               S01:000135C4:  03 20 82 E0
F07:0003       	mov		R4,R13,lsr #24
               S01:000135C8:  2D 4C A0 E1
F07:0004       	subs	R0,R0,R4
               S01:000135CC:  04 00 50 E0
F07:0005       	movmi	R0,#0
               S01:000135D0:  00 00 A0 43
F07:0006       	mov		R7,R0,lsl #24
               S01:000135D4:  00 7C A0 E1
F07:0007       
F07:0008       	ldrb	R0,[R1,R5,lsr #12]
               S01:000135D8:  25 06 D1 E7
F07:0009       	add		R5,R5,R6
               S01:000135DC:  06 50 85 E0
F07:0010       	mov		R4,R13,lsl #8
               S01:000135E0:  0D 44 A0 E1
F07:0011       	subs	R0,R0,R4,lsr #24
               S01:000135E4:  24 0C 50 E0
F07:0012       	movmi	R0,#0
               S01:000135E8:  00 00 A0 43
F07:0013       	orr		R7,R7,R0,lsl #16
               S01:000135EC:  00 78 87 E1
F07:0014       
F07:0015       	ldrb	R0,[R1,R8,lsr #12]
               S01:000135F0:  28 06 D1 E7
F07:0016       	add		R8,R8,R9
               S01:000135F4:  09 80 88 E0
F07:0017       	mov		R4,R13,lsl #16
               S01:000135F8:  0D 48 A0 E1
F07:0018       	subs	R0,R0,R4, lsr #24
               S01:000135FC:  24 0C 50 E0
F07:0019       	movmi	R0,#0
               S01:00013600:  00 00 A0 43
F07:0020       	orr		R7,R7,R0,lsl #8
               S01:00013604:  00 74 87 E1
F07:0021       
F07:0022       	ldrb	R0,[R1,R11,lsr #12]
               S01:00013608:  2B 06 D1 E7
F07:0023       	add		R11,R11,R12
               S01:0001360C:  0C B0 8B E0
F07:0024       	mov		R4,R13,lsl #24
               S01:00013610:  0D 4C A0 E1
F07:0025       	subs	R0,R0,R4,lsr #24
               S01:00013614:  24 0C 50 E0
F07:0026       	movmi	R0,#0
               S01:00013618:  00 00 A0 43
F07:0027       	orr		R7,R7,R0
               S01:0001361C:  00 70 87 E1
F07:0028       
F07:0029       	str		R7,[R14],#4		
               S01:00013620:  04 70 8E E4
F07:0030       	
F07:0001       	ldrb	R0,[R1,R2,lsr #12]
               S01:00013624:  22 06 D1 E7
F07:0002       	add		R2,R2,R3
               S01:00013628:  03 20 82 E0
F07:0003       	mov		R4,R13,lsr #24
               S01:0001362C:  2D 4C A0 E1
F07:0004       	subs	R0,R0,R4
               S01:00013630:  04 00 50 E0
F07:0005       	movmi	R0,#0
               S01:00013634:  00 00 A0 43
F07:0006       	mov		R7,R0,lsl #24
               S01:00013638:  00 7C A0 E1
F07:0007       
F07:0008       	ldrb	R0,[R1,R5,lsr #12]
               S01:0001363C:  25 06 D1 E7
F07:0009       	add		R5,R5,R6
               S01:00013640:  06 50 85 E0
F07:0010       	mov		R4,R13,lsl #8
               S01:00013644:  0D 44 A0 E1
F07:0011       	subs	R0,R0,R4,lsr #24
               S01:00013648:  24 0C 50 E0
F07:0012       	movmi	R0,#0
               S01:0001364C:  00 00 A0 43
F07:0013       	orr		R7,R7,R0,lsl #16
               S01:00013650:  00 78 87 E1
F07:0014       
F07:0015       	ldrb	R0,[R1,R8,lsr #12]
               S01:00013654:  28 06 D1 E7
F07:0016       	add		R8,R8,R9
               S01:00013658:  09 80 88 E0
F07:0017       	mov		R4,R13,lsl #16
               S01:0001365C:  0D 48 A0 E1
F07:0018       	subs	R0,R0,R4, lsr #24
               S01:00013660:  24 0C 50 E0
F07:0019       	movmi	R0,#0
               S01:00013664:  00 00 A0 43
F07:0020       	orr		R7,R7,R0,lsl #8
               S01:00013668:  00 74 87 E1
F07:0021       
F07:0022       	ldrb	R0,[R1,R11,lsr #12]
               S01:0001366C:  2B 06 D1 E7
F07:0023       	add		R11,R11,R12
               S01:00013670:  0C B0 8B E0
F07:0024       	mov		R4,R13,lsl #24
               S01:00013674:  0D 4C A0 E1
F07:0025       	subs	R0,R0,R4,lsr #24
               S01:00013678:  24 0C 50 E0
F07:0026       	movmi	R0,#0
               S01:0001367C:  00 00 A0 43
F07:0027       	orr		R7,R7,R0
               S01:00013680:  00 70 87 E1
F07:0028       
F07:0029       	str		R7,[R14],#4		
               S01:00013684:  04 70 8E E4
F07:0030       	
F07:0001       	ldrb	R0,[R1,R2,lsr #12]
               S01:00013688:  22 06 D1 E7
F07:0002       	add		R2,R2,R3
               S01:0001368C:  03 20 82 E0
F07:0003       	mov		R4,R13,lsr #24
               S01:00013690:  2D 4C A0 E1
F07:0004       	subs	R0,R0,R4
               S01:00013694:  04 00 50 E0
F07:0005       	movmi	R0,#0
               S01:00013698:  00 00 A0 43
F07:0006       	mov		R7,R0,lsl #24
               S01:0001369C:  00 7C A0 E1
F07:0007       
F07:0008       	ldrb	R0,[R1,R5,lsr #12]
               S01:000136A0:  25 06 D1 E7
F07:0009       	add		R5,R5,R6
               S01:000136A4:  06 50 85 E0
F07:0010       	mov		R4,R13,lsl #8
               S01:000136A8:  0D 44 A0 E1
F07:0011       	subs	R0,R0,R4,lsr #24
               S01:000136AC:  24 0C 50 E0
F07:0012       	movmi	R0,#0
               S01:000136B0:  00 00 A0 43
F07:0013       	orr		R7,R7,R0,lsl #16
               S01:000136B4:  00 78 87 E1
F07:0014       
F07:0015       	ldrb	R0,[R1,R8,lsr #12]
               S01:000136B8:  28 06 D1 E7
F07:0016       	add		R8,R8,R9
               S01:000136BC:  09 80 88 E0
F07:0017       	mov		R4,R13,lsl #16
               S01:000136C0:  0D 48 A0 E1
F07:0018       	subs	R0,R0,R4, lsr #24
               S01:000136C4:  24 0C 50 E0
F07:0019       	movmi	R0,#0
               S01:000136C8:  00 00 A0 43
F07:0020       	orr		R7,R7,R0,lsl #8
               S01:000136CC:  00 74 87 E1
F07:0021       
F07:0022       	ldrb	R0,[R1,R11,lsr #12]
               S01:000136D0:  2B 06 D1 E7
F07:0023       	add		R11,R11,R12
               S01:000136D4:  0C B0 8B E0
F07:0024       	mov		R4,R13,lsl #24
               S01:000136D8:  0D 4C A0 E1
F07:0025       	subs	R0,R0,R4,lsr #24
               S01:000136DC:  24 0C 50 E0
F07:0026       	movmi	R0,#0
               S01:000136E0:  00 00 A0 43
F07:0027       	orr		R7,R7,R0
               S01:000136E4:  00 70 87 E1
F07:0028       
F07:0029       	str		R7,[R14],#4		
               S01:000136E8:  04 70 8E E4
F07:0030       	
F07:0001       	ldrb	R0,[R1,R2,lsr #12]
               S01:000136EC:  22 06 D1 E7
F07:0002       	add		R2,R2,R3
               S01:000136F0:  03 20 82 E0
F07:0003       	mov		R4,R13,lsr #24
               S01:000136F4:  2D 4C A0 E1
F07:0004       	subs	R0,R0,R4
               S01:000136F8:  04 00 50 E0
F07:0005       	movmi	R0,#0
               S01:000136FC:  00 00 A0 43
F07:0006       	mov		R7,R0,lsl #24
               S01:00013700:  00 7C A0 E1
F07:0007       
F07:0008       	ldrb	R0,[R1,R5,lsr #12]
               S01:00013704:  25 06 D1 E7
F07:0009       	add		R5,R5,R6
               S01:00013708:  06 50 85 E0
F07:0010       	mov		R4,R13,lsl #8
               S01:0001370C:  0D 44 A0 E1
F07:0011       	subs	R0,R0,R4,lsr #24
               S01:00013710:  24 0C 50 E0
F07:0012       	movmi	R0,#0
               S01:00013714:  00 00 A0 43
F07:0013       	orr		R7,R7,R0,lsl #16
               S01:00013718:  00 78 87 E1
F07:0014       
F07:0015       	ldrb	R0,[R1,R8,lsr #12]
               S01:0001371C:  28 06 D1 E7
F07:0016       	add		R8,R8,R9
               S01:00013720:  09 80 88 E0
F07:0017       	mov		R4,R13,lsl #16
               S01:00013724:  0D 48 A0 E1
F07:0018       	subs	R0,R0,R4, lsr #24
               S01:00013728:  24 0C 50 E0
F07:0019       	movmi	R0,#0
               S01:0001372C:  00 00 A0 43
F07:0020       	orr		R7,R7,R0,lsl #8
               S01:00013730:  00 74 87 E1
F07:0021       
F07:0022       	ldrb	R0,[R1,R11,lsr #12]
               S01:00013734:  2B 06 D1 E7
F07:0023       	add		R11,R11,R12
               S01:00013738:  0C B0 8B E0
F07:0024       	mov		R4,R13,lsl #24
               S01:0001373C:  0D 4C A0 E1
F07:0025       	subs	R0,R0,R4,lsr #24
               S01:00013740:  24 0C 50 E0
F07:0026       	movmi	R0,#0
               S01:00013744:  00 00 A0 43
F07:0027       	orr		R7,R7,R0
               S01:00013748:  00 70 87 E1
F07:0028       
F07:0029       	str		R7,[R14],#4		
               S01:0001374C:  04 70 8E E4
F07:0030       	
F07:0001       	ldrb	R0,[R1,R2,lsr #12]
               S01:00013750:  22 06 D1 E7
F07:0002       	add		R2,R2,R3
               S01:00013754:  03 20 82 E0
F07:0003       	mov		R4,R13,lsr #24
               S01:00013758:  2D 4C A0 E1
F07:0004       	subs	R0,R0,R4
               S01:0001375C:  04 00 50 E0
F07:0005       	movmi	R0,#0
               S01:00013760:  00 00 A0 43
F07:0006       	mov		R7,R0,lsl #24
               S01:00013764:  00 7C A0 E1
F07:0007       
F07:0008       	ldrb	R0,[R1,R5,lsr #12]
               S01:00013768:  25 06 D1 E7
F07:0009       	add		R5,R5,R6
               S01:0001376C:  06 50 85 E0
F07:0010       	mov		R4,R13,lsl #8
               S01:00013770:  0D 44 A0 E1
F07:0011       	subs	R0,R0,R4,lsr #24
               S01:00013774:  24 0C 50 E0
F07:0012       	movmi	R0,#0
               S01:00013778:  00 00 A0 43
F07:0013       	orr		R7,R7,R0,lsl #16
               S01:0001377C:  00 78 87 E1
F07:0014       
F07:0015       	ldrb	R0,[R1,R8,lsr #12]
               S01:00013780:  28 06 D1 E7
F07:0016       	add		R8,R8,R9
               S01:00013784:  09 80 88 E0
F07:0017       	mov		R4,R13,lsl #16
               S01:00013788:  0D 48 A0 E1
F07:0018       	subs	R0,R0,R4, lsr #24
               S01:0001378C:  24 0C 50 E0
F07:0019       	movmi	R0,#0
               S01:00013790:  00 00 A0 43
F07:0020       	orr		R7,R7,R0,lsl #8
               S01:00013794:  00 74 87 E1
F07:0021       
F07:0022       	ldrb	R0,[R1,R11,lsr #12]
               S01:00013798:  2B 06 D1 E7
F07:0023       	add		R11,R11,R12
               S01:0001379C:  0C B0 8B E0
F07:0024       	mov		R4,R13,lsl #24
               S01:000137A0:  0D 4C A0 E1
F07:0025       	subs	R0,R0,R4,lsr #24
               S01:000137A4:  24 0C 50 E0
F07:0026       	movmi	R0,#0
               S01:000137A8:  00 00 A0 43
F07:0027       	orr		R7,R7,R0
               S01:000137AC:  00 70 87 E1
F07:0028       
F07:0029       	str		R7,[R14],#4		
               S01:000137B0:  04 70 8E E4
F07:0030       	
F07:0001       	ldrb	R0,[R1,R2,lsr #12]
               S01:000137B4:  22 06 D1 E7
F07:0002       	add		R2,R2,R3
               S01:000137B8:  03 20 82 E0
F07:0003       	mov		R4,R13,lsr #24
               S01:000137BC:  2D 4C A0 E1
F07:0004       	subs	R0,R0,R4
               S01:000137C0:  04 00 50 E0
F07:0005       	movmi	R0,#0
               S01:000137C4:  00 00 A0 43
F07:0006       	mov		R7,R0,lsl #24
               S01:000137C8:  00 7C A0 E1
F07:0007       
F07:0008       	ldrb	R0,[R1,R5,lsr #12]
               S01:000137CC:  25 06 D1 E7
F07:0009       	add		R5,R5,R6
               S01:000137D0:  06 50 85 E0
F07:0010       	mov		R4,R13,lsl #8
               S01:000137D4:  0D 44 A0 E1
F07:0011       	subs	R0,R0,R4,lsr #24
               S01:000137D8:  24 0C 50 E0
F07:0012       	movmi	R0,#0
               S01:000137DC:  00 00 A0 43
F07:0013       	orr		R7,R7,R0,lsl #16
               S01:000137E0:  00 78 87 E1
F07:0014       
F07:0015       	ldrb	R0,[R1,R8,lsr #12]
               S01:000137E4:  28 06 D1 E7
F07:0016       	add		R8,R8,R9
               S01:000137E8:  09 80 88 E0
F07:0017       	mov		R4,R13,lsl #16
               S01:000137EC:  0D 48 A0 E1
F07:0018       	subs	R0,R0,R4, lsr #24
               S01:000137F0:  24 0C 50 E0
F07:0019       	movmi	R0,#0
               S01:000137F4:  00 00 A0 43
F07:0020       	orr		R7,R7,R0,lsl #8
               S01:000137F8:  00 74 87 E1
F07:0021       
F07:0022       	ldrb	R0,[R1,R11,lsr #12]
               S01:000137FC:  2B 06 D1 E7
F07:0023       	add		R11,R11,R12
               S01:00013800:  0C B0 8B E0
F07:0024       	mov		R4,R13,lsl #24
               S01:00013804:  0D 4C A0 E1
F07:0025       	subs	R0,R0,R4,lsr #24
               S01:00013808:  24 0C 50 E0
F07:0026       	movmi	R0,#0
               S01:0001380C:  00 00 A0 43
F07:0027       	orr		R7,R7,R0
               S01:00013810:  00 70 87 E1
F07:0028       
F07:0029       	str		R7,[R14],#4		
               S01:00013814:  04 70 8E E4
F07:0030       	
F07:0001       	ldrb	R0,[R1,R2,lsr #12]
               S01:00013818:  22 06 D1 E7
F07:0002       	add		R2,R2,R3
               S01:0001381C:  03 20 82 E0
F07:0003       	mov		R4,R13,lsr #24
               S01:00013820:  2D 4C A0 E1
F07:0004       	subs	R0,R0,R4
               S01:00013824:  04 00 50 E0
F07:0005       	movmi	R0,#0
               S01:00013828:  00 00 A0 43
F07:0006       	mov		R7,R0,lsl #24
               S01:0001382C:  00 7C A0 E1
F07:0007       
F07:0008       	ldrb	R0,[R1,R5,lsr #12]
               S01:00013830:  25 06 D1 E7
F07:0009       	add		R5,R5,R6
               S01:00013834:  06 50 85 E0
F07:0010       	mov		R4,R13,lsl #8
               S01:00013838:  0D 44 A0 E1
F07:0011       	subs	R0,R0,R4,lsr #24
               S01:0001383C:  24 0C 50 E0
F07:0012       	movmi	R0,#0
               S01:00013840:  00 00 A0 43
F07:0013       	orr		R7,R7,R0,lsl #16
               S01:00013844:  00 78 87 E1
F07:0014       
F07:0015       	ldrb	R0,[R1,R8,lsr #12]
               S01:00013848:  28 06 D1 E7
F07:0016       	add		R8,R8,R9
               S01:0001384C:  09 80 88 E0
F07:0017       	mov		R4,R13,lsl #16
               S01:00013850:  0D 48 A0 E1
F07:0018       	subs	R0,R0,R4, lsr #24
               S01:00013854:  24 0C 50 E0
F07:0019       	movmi	R0,#0
               S01:00013858:  00 00 A0 43
F07:0020       	orr		R7,R7,R0,lsl #8
               S01:0001385C:  00 74 87 E1
F07:0021       
F07:0022       	ldrb	R0,[R1,R11,lsr #12]
               S01:00013860:  2B 06 D1 E7
F07:0023       	add		R11,R11,R12
               S01:00013864:  0C B0 8B E0
F07:0024       	mov		R4,R13,lsl #24
               S01:00013868:  0D 4C A0 E1
F07:0025       	subs	R0,R0,R4,lsr #24
               S01:0001386C:  24 0C 50 E0
F07:0026       	movmi	R0,#0
               S01:00013870:  00 00 A0 43
F07:0027       	orr		R7,R7,R0
               S01:00013874:  00 70 87 E1
F07:0028       
F07:0029       	str		R7,[R14],#4		
               S01:00013878:  04 70 8E E4
F07:0030       	
F07:0001       	ldrb	R0,[R1,R2,lsr #12]
               S01:0001387C:  22 06 D1 E7
F07:0002       	add		R2,R2,R3
               S01:00013880:  03 20 82 E0
F07:0003       	mov		R4,R13,lsr #24
               S01:00013884:  2D 4C A0 E1
F07:0004       	subs	R0,R0,R4
               S01:00013888:  04 00 50 E0
F07:0005       	movmi	R0,#0
               S01:0001388C:  00 00 A0 43
F07:0006       	mov		R7,R0,lsl #24
               S01:00013890:  00 7C A0 E1
F07:0007       
F07:0008       	ldrb	R0,[R1,R5,lsr #12]
               S01:00013894:  25 06 D1 E7
F07:0009       	add		R5,R5,R6
               S01:00013898:  06 50 85 E0
F07:0010       	mov		R4,R13,lsl #8
               S01:0001389C:  0D 44 A0 E1
F07:0011       	subs	R0,R0,R4,lsr #24
               S01:000138A0:  24 0C 50 E0
F07:0012       	movmi	R0,#0
               S01:000138A4:  00 00 A0 43
F07:0013       	orr		R7,R7,R0,lsl #16
               S01:000138A8:  00 78 87 E1
F07:0014       
F07:0015       	ldrb	R0,[R1,R8,lsr #12]
               S01:000138AC:  28 06 D1 E7
F07:0016       	add		R8,R8,R9
               S01:000138B0:  09 80 88 E0
F07:0017       	mov		R4,R13,lsl #16
               S01:000138B4:  0D 48 A0 E1
F07:0018       	subs	R0,R0,R4, lsr #24
               S01:000138B8:  24 0C 50 E0
F07:0019       	movmi	R0,#0
               S01:000138BC:  00 00 A0 43
F07:0020       	orr		R7,R7,R0,lsl #8
               S01:000138C0:  00 74 87 E1
F07:0021       
F07:0022       	ldrb	R0,[R1,R11,lsr #12]
               S01:000138C4:  2B 06 D1 E7
F07:0023       	add		R11,R11,R12
               S01:000138C8:  0C B0 8B E0
F07:0024       	mov		R4,R13,lsl #24
               S01:000138CC:  0D 4C A0 E1
F07:0025       	subs	R0,R0,R4,lsr #24
               S01:000138D0:  24 0C 50 E0
F07:0026       	movmi	R0,#0
               S01:000138D4:  00 00 A0 43
F07:0027       	orr		R7,R7,R0
               S01:000138D8:  00 70 87 E1
F07:0028       
F07:0029       	str		R7,[R14],#4		
               S01:000138DC:  04 70 8E E4
F07:0030       	
F07:0001       	ldrb	R0,[R1,R2,lsr #12]
               S01:000138E0:  22 06 D1 E7
F07:0002       	add		R2,R2,R3
               S01:000138E4:  03 20 82 E0
F07:0003       	mov		R4,R13,lsr #24
               S01:000138E8:  2D 4C A0 E1
F07:0004       	subs	R0,R0,R4
               S01:000138EC:  04 00 50 E0
F07:0005       	movmi	R0,#0
               S01:000138F0:  00 00 A0 43
F07:0006       	mov		R7,R0,lsl #24
               S01:000138F4:  00 7C A0 E1
F07:0007       
F07:0008       	ldrb	R0,[R1,R5,lsr #12]
               S01:000138F8:  25 06 D1 E7
F07:0009       	add		R5,R5,R6
               S01:000138FC:  06 50 85 E0
F07:0010       	mov		R4,R13,lsl #8
               S01:00013900:  0D 44 A0 E1
F07:0011       	subs	R0,R0,R4,lsr #24
               S01:00013904:  24 0C 50 E0
F07:0012       	movmi	R0,#0
               S01:00013908:  00 00 A0 43
F07:0013       	orr		R7,R7,R0,lsl #16
               S01:0001390C:  00 78 87 E1
F07:0014       
F07:0015       	ldrb	R0,[R1,R8,lsr #12]
               S01:00013910:  28 06 D1 E7
F07:0016       	add		R8,R8,R9
               S01:00013914:  09 80 88 E0
F07:0017       	mov		R4,R13,lsl #16
               S01:00013918:  0D 48 A0 E1
F07:0018       	subs	R0,R0,R4, lsr #24
               S01:0001391C:  24 0C 50 E0
F07:0019       	movmi	R0,#0
               S01:00013920:  00 00 A0 43
F07:0020       	orr		R7,R7,R0,lsl #8
               S01:00013924:  00 74 87 E1
F07:0021       
F07:0022       	ldrb	R0,[R1,R11,lsr #12]
               S01:00013928:  2B 06 D1 E7
F07:0023       	add		R11,R11,R12
               S01:0001392C:  0C B0 8B E0
F07:0024       	mov		R4,R13,lsl #24
               S01:00013930:  0D 4C A0 E1
F07:0025       	subs	R0,R0,R4,lsr #24
               S01:00013934:  24 0C 50 E0
F07:0026       	movmi	R0,#0
               S01:00013938:  00 00 A0 43
F07:0027       	orr		R7,R7,R0
               S01:0001393C:  00 70 87 E1
F07:0028       
F07:0029       	str		R7,[R14],#4		
               S01:00013940:  04 70 8E E4
F07:0030       	
F07:0001       	ldrb	R0,[R1,R2,lsr #12]
               S01:00013944:  22 06 D1 E7
F07:0002       	add		R2,R2,R3
               S01:00013948:  03 20 82 E0
F07:0003       	mov		R4,R13,lsr #24
               S01:0001394C:  2D 4C A0 E1
F07:0004       	subs	R0,R0,R4
               S01:00013950:  04 00 50 E0
F07:0005       	movmi	R0,#0
               S01:00013954:  00 00 A0 43
F07:0006       	mov		R7,R0,lsl #24
               S01:00013958:  00 7C A0 E1
F07:0007       
F07:0008       	ldrb	R0,[R1,R5,lsr #12]
               S01:0001395C:  25 06 D1 E7
F07:0009       	add		R5,R5,R6
               S01:00013960:  06 50 85 E0
F07:0010       	mov		R4,R13,lsl #8
               S01:00013964:  0D 44 A0 E1
F07:0011       	subs	R0,R0,R4,lsr #24
               S01:00013968:  24 0C 50 E0
F07:0012       	movmi	R0,#0
               S01:0001396C:  00 00 A0 43
F07:0013       	orr		R7,R7,R0,lsl #16
               S01:00013970:  00 78 87 E1
F07:0014       
F07:0015       	ldrb	R0,[R1,R8,lsr #12]
               S01:00013974:  28 06 D1 E7
F07:0016       	add		R8,R8,R9
               S01:00013978:  09 80 88 E0
F07:0017       	mov		R4,R13,lsl #16
               S01:0001397C:  0D 48 A0 E1
F07:0018       	subs	R0,R0,R4, lsr #24
               S01:00013980:  24 0C 50 E0
F07:0019       	movmi	R0,#0
               S01:00013984:  00 00 A0 43
F07:0020       	orr		R7,R7,R0,lsl #8
               S01:00013988:  00 74 87 E1
F07:0021       
F07:0022       	ldrb	R0,[R1,R11,lsr #12]
               S01:0001398C:  2B 06 D1 E7
F07:0023       	add		R11,R11,R12
               S01:00013990:  0C B0 8B E0
F07:0024       	mov		R4,R13,lsl #24
               S01:00013994:  0D 4C A0 E1
F07:0025       	subs	R0,R0,R4,lsr #24
               S01:00013998:  24 0C 50 E0
F07:0026       	movmi	R0,#0
               S01:0001399C:  00 00 A0 43
F07:0027       	orr		R7,R7,R0
               S01:000139A0:  00 70 87 E1
F07:0028       
F07:0029       	str		R7,[R14],#4		
               S01:000139A4:  04 70 8E E4
F07:0030       	
F07:0001       	ldrb	R0,[R1,R2,lsr #12]
               S01:000139A8:  22 06 D1 E7
F07:0002       	add		R2,R2,R3
               S01:000139AC:  03 20 82 E0
F07:0003       	mov		R4,R13,lsr #24
               S01:000139B0:  2D 4C A0 E1
F07:0004       	subs	R0,R0,R4
               S01:000139B4:  04 00 50 E0
F07:0005       	movmi	R0,#0
               S01:000139B8:  00 00 A0 43
F07:0006       	mov		R7,R0,lsl #24
               S01:000139BC:  00 7C A0 E1
F07:0007       
F07:0008       	ldrb	R0,[R1,R5,lsr #12]
               S01:000139C0:  25 06 D1 E7
F07:0009       	add		R5,R5,R6
               S01:000139C4:  06 50 85 E0
F07:0010       	mov		R4,R13,lsl #8
               S01:000139C8:  0D 44 A0 E1
F07:0011       	subs	R0,R0,R4,lsr #24
               S01:000139CC:  24 0C 50 E0
F07:0012       	movmi	R0,#0
               S01:000139D0:  00 00 A0 43
F07:0013       	orr		R7,R7,R0,lsl #16
               S01:000139D4:  00 78 87 E1
F07:0014       
F07:0015       	ldrb	R0,[R1,R8,lsr #12]
               S01:000139D8:  28 06 D1 E7
F07:0016       	add		R8,R8,R9
               S01:000139DC:  09 80 88 E0
F07:0017       	mov		R4,R13,lsl #16
               S01:000139E0:  0D 48 A0 E1
F07:0018       	subs	R0,R0,R4, lsr #24
               S01:000139E4:  24 0C 50 E0
F07:0019       	movmi	R0,#0
               S01:000139E8:  00 00 A0 43
F07:0020       	orr		R7,R7,R0,lsl #8
               S01:000139EC:  00 74 87 E1
F07:0021       
F07:0022       	ldrb	R0,[R1,R11,lsr #12]
               S01:000139F0:  2B 06 D1 E7
F07:0023       	add		R11,R11,R12
               S01:000139F4:  0C B0 8B E0
F07:0024       	mov		R4,R13,lsl #24
               S01:000139F8:  0D 4C A0 E1
F07:0025       	subs	R0,R0,R4,lsr #24
               S01:000139FC:  24 0C 50 E0
F07:0026       	movmi	R0,#0
               S01:00013A00:  00 00 A0 43
F07:0027       	orr		R7,R7,R0
               S01:00013A04:  00 70 87 E1
F07:0028       
F07:0029       	str		R7,[R14],#4		
               S01:00013A08:  04 70 8E E4
F07:0030       	
F07:0001       	ldrb	R0,[R1,R2,lsr #12]
               S01:00013A0C:  22 06 D1 E7
F07:0002       	add		R2,R2,R3
               S01:00013A10:  03 20 82 E0
F07:0003       	mov		R4,R13,lsr #24
               S01:00013A14:  2D 4C A0 E1
F07:0004       	subs	R0,R0,R4
               S01:00013A18:  04 00 50 E0
F07:0005       	movmi	R0,#0
               S01:00013A1C:  00 00 A0 43
F07:0006       	mov		R7,R0,lsl #24
               S01:00013A20:  00 7C A0 E1
F07:0007       
F07:0008       	ldrb	R0,[R1,R5,lsr #12]
               S01:00013A24:  25 06 D1 E7
F07:0009       	add		R5,R5,R6
               S01:00013A28:  06 50 85 E0
F07:0010       	mov		R4,R13,lsl #8
               S01:00013A2C:  0D 44 A0 E1
F07:0011       	subs	R0,R0,R4,lsr #24
               S01:00013A30:  24 0C 50 E0
F07:0012       	movmi	R0,#0
               S01:00013A34:  00 00 A0 43
F07:0013       	orr		R7,R7,R0,lsl #16
               S01:00013A38:  00 78 87 E1
F07:0014       
F07:0015       	ldrb	R0,[R1,R8,lsr #12]
               S01:00013A3C:  28 06 D1 E7
F07:0016       	add		R8,R8,R9
               S01:00013A40:  09 80 88 E0
F07:0017       	mov		R4,R13,lsl #16
               S01:00013A44:  0D 48 A0 E1
F07:0018       	subs	R0,R0,R4, lsr #24
               S01:00013A48:  24 0C 50 E0
F07:0019       	movmi	R0,#0
               S01:00013A4C:  00 00 A0 43
F07:0020       	orr		R7,R7,R0,lsl #8
               S01:00013A50:  00 74 87 E1
F07:0021       
F07:0022       	ldrb	R0,[R1,R11,lsr #12]
               S01:00013A54:  2B 06 D1 E7
F07:0023       	add		R11,R11,R12
               S01:00013A58:  0C B0 8B E0
F07:0024       	mov		R4,R13,lsl #24
               S01:00013A5C:  0D 4C A0 E1
F07:0025       	subs	R0,R0,R4,lsr #24
               S01:00013A60:  24 0C 50 E0
F07:0026       	movmi	R0,#0
               S01:00013A64:  00 00 A0 43
F07:0027       	orr		R7,R7,R0
               S01:00013A68:  00 70 87 E1
F07:0028       
F07:0029       	str		R7,[R14],#4		
               S01:00013A6C:  04 70 8E E4
F07:0030       	
F07:0001       	ldrb	R0,[R1,R2,lsr #12]
               S01:00013A70:  22 06 D1 E7
F07:0002       	add		R2,R2,R3
               S01:00013A74:  03 20 82 E0
F07:0003       	mov		R4,R13,lsr #24
               S01:00013A78:  2D 4C A0 E1
F07:0004       	subs	R0,R0,R4
               S01:00013A7C:  04 00 50 E0
F07:0005       	movmi	R0,#0
               S01:00013A80:  00 00 A0 43
F07:0006       	mov		R7,R0,lsl #24
               S01:00013A84:  00 7C A0 E1
F07:0007       
F07:0008       	ldrb	R0,[R1,R5,lsr #12]
               S01:00013A88:  25 06 D1 E7
F07:0009       	add		R5,R5,R6
               S01:00013A8C:  06 50 85 E0
F07:0010       	mov		R4,R13,lsl #8
               S01:00013A90:  0D 44 A0 E1
F07:0011       	subs	R0,R0,R4,lsr #24
               S01:00013A94:  24 0C 50 E0
F07:0012       	movmi	R0,#0
               S01:00013A98:  00 00 A0 43
F07:0013       	orr		R7,R7,R0,lsl #16
               S01:00013A9C:  00 78 87 E1
F07:0014       
F07:0015       	ldrb	R0,[R1,R8,lsr #12]
               S01:00013AA0:  28 06 D1 E7
F07:0016       	add		R8,R8,R9
               S01:00013AA4:  09 80 88 E0
F07:0017       	mov		R4,R13,lsl #16
               S01:00013AA8:  0D 48 A0 E1
F07:0018       	subs	R0,R0,R4, lsr #24
               S01:00013AAC:  24 0C 50 E0
F07:0019       	movmi	R0,#0
               S01:00013AB0:  00 00 A0 43
F07:0020       	orr		R7,R7,R0,lsl #8
               S01:00013AB4:  00 74 87 E1
F07:0021       
F07:0022       	ldrb	R0,[R1,R11,lsr #12]
               S01:00013AB8:  2B 06 D1 E7
F07:0023       	add		R11,R11,R12
               S01:00013ABC:  0C B0 8B E0
F07:0024       	mov		R4,R13,lsl #24
               S01:00013AC0:  0D 4C A0 E1
F07:0025       	subs	R0,R0,R4,lsr #24
               S01:00013AC4:  24 0C 50 E0
F07:0026       	movmi	R0,#0
               S01:00013AC8:  00 00 A0 43
F07:0027       	orr		R7,R7,R0
               S01:00013ACC:  00 70 87 E1
F07:0028       
F07:0029       	str		R7,[R14],#4		
               S01:00013AD0:  04 70 8E E4
F07:0030       	
F07:0001       	ldrb	R0,[R1,R2,lsr #12]
               S01:00013AD4:  22 06 D1 E7
F07:0002       	add		R2,R2,R3
               S01:00013AD8:  03 20 82 E0
F07:0003       	mov		R4,R13,lsr #24
               S01:00013ADC:  2D 4C A0 E1
F07:0004       	subs	R0,R0,R4
               S01:00013AE0:  04 00 50 E0
F07:0005       	movmi	R0,#0
               S01:00013AE4:  00 00 A0 43
F07:0006       	mov		R7,R0,lsl #24
               S01:00013AE8:  00 7C A0 E1
F07:0007       
F07:0008       	ldrb	R0,[R1,R5,lsr #12]
               S01:00013AEC:  25 06 D1 E7
F07:0009       	add		R5,R5,R6
               S01:00013AF0:  06 50 85 E0
F07:0010       	mov		R4,R13,lsl #8
               S01:00013AF4:  0D 44 A0 E1
F07:0011       	subs	R0,R0,R4,lsr #24
               S01:00013AF8:  24 0C 50 E0
F07:0012       	movmi	R0,#0
               S01:00013AFC:  00 00 A0 43
F07:0013       	orr		R7,R7,R0,lsl #16
               S01:00013B00:  00 78 87 E1
F07:0014       
F07:0015       	ldrb	R0,[R1,R8,lsr #12]
               S01:00013B04:  28 06 D1 E7
F07:0016       	add		R8,R8,R9
               S01:00013B08:  09 80 88 E0
F07:0017       	mov		R4,R13,lsl #16
               S01:00013B0C:  0D 48 A0 E1
F07:0018       	subs	R0,R0,R4, lsr #24
               S01:00013B10:  24 0C 50 E0
F07:0019       	movmi	R0,#0
               S01:00013B14:  00 00 A0 43
F07:0020       	orr		R7,R7,R0,lsl #8
               S01:00013B18:  00 74 87 E1
F07:0021       
F07:0022       	ldrb	R0,[R1,R11,lsr #12]
               S01:00013B1C:  2B 06 D1 E7
F07:0023       	add		R11,R11,R12
               S01:00013B20:  0C B0 8B E0
F07:0024       	mov		R4,R13,lsl #24
               S01:00013B24:  0D 4C A0 E1
F07:0025       	subs	R0,R0,R4,lsr #24
               S01:00013B28:  24 0C 50 E0
F07:0026       	movmi	R0,#0
               S01:00013B2C:  00 00 A0 43
F07:0027       	orr		R7,R7,R0
               S01:00013B30:  00 70 87 E1
F07:0028       
F07:0029       	str		R7,[R14],#4		
               S01:00013B34:  04 70 8E E4
F07:0030       	
F07:0001       	ldrb	R0,[R1,R2,lsr #12]
               S01:00013B38:  22 06 D1 E7
F07:0002       	add		R2,R2,R3
               S01:00013B3C:  03 20 82 E0
F07:0003       	mov		R4,R13,lsr #24
               S01:00013B40:  2D 4C A0 E1
F07:0004       	subs	R0,R0,R4
               S01:00013B44:  04 00 50 E0
F07:0005       	movmi	R0,#0
               S01:00013B48:  00 00 A0 43
F07:0006       	mov		R7,R0,lsl #24
               S01:00013B4C:  00 7C A0 E1
F07:0007       
F07:0008       	ldrb	R0,[R1,R5,lsr #12]
               S01:00013B50:  25 06 D1 E7
F07:0009       	add		R5,R5,R6
               S01:00013B54:  06 50 85 E0
F07:0010       	mov		R4,R13,lsl #8
               S01:00013B58:  0D 44 A0 E1
F07:0011       	subs	R0,R0,R4,lsr #24
               S01:00013B5C:  24 0C 50 E0
F07:0012       	movmi	R0,#0
               S01:00013B60:  00 00 A0 43
F07:0013       	orr		R7,R7,R0,lsl #16
               S01:00013B64:  00 78 87 E1
F07:0014       
F07:0015       	ldrb	R0,[R1,R8,lsr #12]
               S01:00013B68:  28 06 D1 E7
F07:0016       	add		R8,R8,R9
               S01:00013B6C:  09 80 88 E0
F07:0017       	mov		R4,R13,lsl #16
               S01:00013B70:  0D 48 A0 E1
F07:0018       	subs	R0,R0,R4, lsr #24
               S01:00013B74:  24 0C 50 E0
F07:0019       	movmi	R0,#0
               S01:00013B78:  00 00 A0 43
F07:0020       	orr		R7,R7,R0,lsl #8
               S01:00013B7C:  00 74 87 E1
F07:0021       
F07:0022       	ldrb	R0,[R1,R11,lsr #12]
               S01:00013B80:  2B 06 D1 E7
F07:0023       	add		R11,R11,R12
               S01:00013B84:  0C B0 8B E0
F07:0024       	mov		R4,R13,lsl #24
               S01:00013B88:  0D 4C A0 E1
F07:0025       	subs	R0,R0,R4,lsr #24
               S01:00013B8C:  24 0C 50 E0
F07:0026       	movmi	R0,#0
               S01:00013B90:  00 00 A0 43
F07:0027       	orr		R7,R7,R0
               S01:00013B94:  00 70 87 E1
F07:0028       
F07:0029       	str		R7,[R14],#4		
               S01:00013B98:  04 70 8E E4
F07:0030       	
F07:0001       	ldrb	R0,[R1,R2,lsr #12]
               S01:00013B9C:  22 06 D1 E7
F07:0002       	add		R2,R2,R3
               S01:00013BA0:  03 20 82 E0
F07:0003       	mov		R4,R13,lsr #24
               S01:00013BA4:  2D 4C A0 E1
F07:0004       	subs	R0,R0,R4
               S01:00013BA8:  04 00 50 E0
F07:0005       	movmi	R0,#0
               S01:00013BAC:  00 00 A0 43
F07:0006       	mov		R7,R0,lsl #24
               S01:00013BB0:  00 7C A0 E1
F07:0007       
F07:0008       	ldrb	R0,[R1,R5,lsr #12]
               S01:00013BB4:  25 06 D1 E7
F07:0009       	add		R5,R5,R6
               S01:00013BB8:  06 50 85 E0
F07:0010       	mov		R4,R13,lsl #8
               S01:00013BBC:  0D 44 A0 E1
F07:0011       	subs	R0,R0,R4,lsr #24
               S01:00013BC0:  24 0C 50 E0
F07:0012       	movmi	R0,#0
               S01:00013BC4:  00 00 A0 43
F07:0013       	orr		R7,R7,R0,lsl #16
               S01:00013BC8:  00 78 87 E1
F07:0014       
F07:0015       	ldrb	R0,[R1,R8,lsr #12]
               S01:00013BCC:  28 06 D1 E7
F07:0016       	add		R8,R8,R9
               S01:00013BD0:  09 80 88 E0
F07:0017       	mov		R4,R13,lsl #16
               S01:00013BD4:  0D 48 A0 E1
F07:0018       	subs	R0,R0,R4, lsr #24
               S01:00013BD8:  24 0C 50 E0
F07:0019       	movmi	R0,#0
               S01:00013BDC:  00 00 A0 43
F07:0020       	orr		R7,R7,R0,lsl #8
               S01:00013BE0:  00 74 87 E1
F07:0021       
F07:0022       	ldrb	R0,[R1,R11,lsr #12]
               S01:00013BE4:  2B 06 D1 E7
F07:0023       	add		R11,R11,R12
               S01:00013BE8:  0C B0 8B E0
F07:0024       	mov		R4,R13,lsl #24
               S01:00013BEC:  0D 4C A0 E1
F07:0025       	subs	R0,R0,R4,lsr #24
               S01:00013BF0:  24 0C 50 E0
F07:0026       	movmi	R0,#0
               S01:00013BF4:  00 00 A0 43
F07:0027       	orr		R7,R7,R0
               S01:00013BF8:  00 70 87 E1
F07:0028       
F07:0029       	str		R7,[R14],#4		
               S01:00013BFC:  04 70 8E E4
F07:0030       	
F07:0001       	ldrb	R0,[R1,R2,lsr #12]
               S01:00013C00:  22 06 D1 E7
F07:0002       	add		R2,R2,R3
               S01:00013C04:  03 20 82 E0
F07:0003       	mov		R4,R13,lsr #24
               S01:00013C08:  2D 4C A0 E1
F07:0004       	subs	R0,R0,R4
               S01:00013C0C:  04 00 50 E0
F07:0005       	movmi	R0,#0
               S01:00013C10:  00 00 A0 43
F07:0006       	mov		R7,R0,lsl #24
               S01:00013C14:  00 7C A0 E1
F07:0007       
F07:0008       	ldrb	R0,[R1,R5,lsr #12]
               S01:00013C18:  25 06 D1 E7
F07:0009       	add		R5,R5,R6
               S01:00013C1C:  06 50 85 E0
F07:0010       	mov		R4,R13,lsl #8
               S01:00013C20:  0D 44 A0 E1
F07:0011       	subs	R0,R0,R4,lsr #24
               S01:00013C24:  24 0C 50 E0
F07:0012       	movmi	R0,#0
               S01:00013C28:  00 00 A0 43
F07:0013       	orr		R7,R7,R0,lsl #16
               S01:00013C2C:  00 78 87 E1
F07:0014       
F07:0015       	ldrb	R0,[R1,R8,lsr #12]
               S01:00013C30:  28 06 D1 E7
F07:0016       	add		R8,R8,R9
               S01:00013C34:  09 80 88 E0
F07:0017       	mov		R4,R13,lsl #16
               S01:00013C38:  0D 48 A0 E1
F07:0018       	subs	R0,R0,R4, lsr #24
               S01:00013C3C:  24 0C 50 E0
F07:0019       	movmi	R0,#0
               S01:00013C40:  00 00 A0 43
F07:0020       	orr		R7,R7,R0,lsl #8
               S01:00013C44:  00 74 87 E1
F07:0021       
F07:0022       	ldrb	R0,[R1,R11,lsr #12]
               S01:00013C48:  2B 06 D1 E7
F07:0023       	add		R11,R11,R12
               S01:00013C4C:  0C B0 8B E0
F07:0024       	mov		R4,R13,lsl #24
               S01:00013C50:  0D 4C A0 E1
F07:0025       	subs	R0,R0,R4,lsr #24
               S01:00013C54:  24 0C 50 E0
F07:0026       	movmi	R0,#0
               S01:00013C58:  00 00 A0 43
F07:0027       	orr		R7,R7,R0
               S01:00013C5C:  00 70 87 E1
F07:0028       
F07:0029       	str		R7,[R14],#4		
               S01:00013C60:  04 70 8E E4
F07:0030       	
F07:0001       	ldrb	R0,[R1,R2,lsr #12]
               S01:00013C64:  22 06 D1 E7
F07:0002       	add		R2,R2,R3
               S01:00013C68:  03 20 82 E0
F07:0003       	mov		R4,R13,lsr #24
               S01:00013C6C:  2D 4C A0 E1
F07:0004       	subs	R0,R0,R4
               S01:00013C70:  04 00 50 E0
F07:0005       	movmi	R0,#0
               S01:00013C74:  00 00 A0 43
F07:0006       	mov		R7,R0,lsl #24
               S01:00013C78:  00 7C A0 E1
F07:0007       
F07:0008       	ldrb	R0,[R1,R5,lsr #12]
               S01:00013C7C:  25 06 D1 E7
F07:0009       	add		R5,R5,R6
               S01:00013C80:  06 50 85 E0
F07:0010       	mov		R4,R13,lsl #8
               S01:00013C84:  0D 44 A0 E1
F07:0011       	subs	R0,R0,R4,lsr #24
               S01:00013C88:  24 0C 50 E0
F07:0012       	movmi	R0,#0
               S01:00013C8C:  00 00 A0 43
F07:0013       	orr		R7,R7,R0,lsl #16
               S01:00013C90:  00 78 87 E1
F07:0014       
F07:0015       	ldrb	R0,[R1,R8,lsr #12]
               S01:00013C94:  28 06 D1 E7
F07:0016       	add		R8,R8,R9
               S01:00013C98:  09 80 88 E0
F07:0017       	mov		R4,R13,lsl #16
               S01:00013C9C:  0D 48 A0 E1
F07:0018       	subs	R0,R0,R4, lsr #24
               S01:00013CA0:  24 0C 50 E0
F07:0019       	movmi	R0,#0
               S01:00013CA4:  00 00 A0 43
F07:0020       	orr		R7,R7,R0,lsl #8
               S01:00013CA8:  00 74 87 E1
F07:0021       
F07:0022       	ldrb	R0,[R1,R11,lsr #12]
               S01:00013CAC:  2B 06 D1 E7
F07:0023       	add		R11,R11,R12
               S01:00013CB0:  0C B0 8B E0
F07:0024       	mov		R4,R13,lsl #24
               S01:00013CB4:  0D 4C A0 E1
F07:0025       	subs	R0,R0,R4,lsr #24
               S01:00013CB8:  24 0C 50 E0
F07:0026       	movmi	R0,#0
               S01:00013CBC:  00 00 A0 43
F07:0027       	orr		R7,R7,R0
               S01:00013CC0:  00 70 87 E1
F07:0028       
F07:0029       	str		R7,[R14],#4		
               S01:00013CC4:  04 70 8E E4
F07:0030       	
F07:0001       	ldrb	R0,[R1,R2,lsr #12]
               S01:00013CC8:  22 06 D1 E7
F07:0002       	add		R2,R2,R3
               S01:00013CCC:  03 20 82 E0
F07:0003       	mov		R4,R13,lsr #24
               S01:00013CD0:  2D 4C A0 E1
F07:0004       	subs	R0,R0,R4
               S01:00013CD4:  04 00 50 E0
F07:0005       	movmi	R0,#0
               S01:00013CD8:  00 00 A0 43
F07:0006       	mov		R7,R0,lsl #24
               S01:00013CDC:  00 7C A0 E1
F07:0007       
F07:0008       	ldrb	R0,[R1,R5,lsr #12]
               S01:00013CE0:  25 06 D1 E7
F07:0009       	add		R5,R5,R6
               S01:00013CE4:  06 50 85 E0
F07:0010       	mov		R4,R13,lsl #8
               S01:00013CE8:  0D 44 A0 E1
F07:0011       	subs	R0,R0,R4,lsr #24
               S01:00013CEC:  24 0C 50 E0
F07:0012       	movmi	R0,#0
               S01:00013CF0:  00 00 A0 43
F07:0013       	orr		R7,R7,R0,lsl #16
               S01:00013CF4:  00 78 87 E1
F07:0014       
F07:0015       	ldrb	R0,[R1,R8,lsr #12]
               S01:00013CF8:  28 06 D1 E7
F07:0016       	add		R8,R8,R9
               S01:00013CFC:  09 80 88 E0
F07:0017       	mov		R4,R13,lsl #16
               S01:00013D00:  0D 48 A0 E1
F07:0018       	subs	R0,R0,R4, lsr #24
               S01:00013D04:  24 0C 50 E0
F07:0019       	movmi	R0,#0
               S01:00013D08:  00 00 A0 43
F07:0020       	orr		R7,R7,R0,lsl #8
               S01:00013D0C:  00 74 87 E1
F07:0021       
F07:0022       	ldrb	R0,[R1,R11,lsr #12]
               S01:00013D10:  2B 06 D1 E7
F07:0023       	add		R11,R11,R12
               S01:00013D14:  0C B0 8B E0
F07:0024       	mov		R4,R13,lsl #24
               S01:00013D18:  0D 4C A0 E1
F07:0025       	subs	R0,R0,R4,lsr #24
               S01:00013D1C:  24 0C 50 E0
F07:0026       	movmi	R0,#0
               S01:00013D20:  00 00 A0 43
F07:0027       	orr		R7,R7,R0
               S01:00013D24:  00 70 87 E1
F07:0028       
F07:0029       	str		R7,[R14],#4		
               S01:00013D28:  04 70 8E E4
F07:0030       	
F07:0001       	ldrb	R0,[R1,R2,lsr #12]
               S01:00013D2C:  22 06 D1 E7
F07:0002       	add		R2,R2,R3
               S01:00013D30:  03 20 82 E0
F07:0003       	mov		R4,R13,lsr #24
               S01:00013D34:  2D 4C A0 E1
F07:0004       	subs	R0,R0,R4
               S01:00013D38:  04 00 50 E0
F07:0005       	movmi	R0,#0
               S01:00013D3C:  00 00 A0 43
F07:0006       	mov		R7,R0,lsl #24
               S01:00013D40:  00 7C A0 E1
F07:0007       
F07:0008       	ldrb	R0,[R1,R5,lsr #12]
               S01:00013D44:  25 06 D1 E7
F07:0009       	add		R5,R5,R6
               S01:00013D48:  06 50 85 E0
F07:0010       	mov		R4,R13,lsl #8
               S01:00013D4C:  0D 44 A0 E1
F07:0011       	subs	R0,R0,R4,lsr #24
               S01:00013D50:  24 0C 50 E0
F07:0012       	movmi	R0,#0
               S01:00013D54:  00 00 A0 43
F07:0013       	orr		R7,R7,R0,lsl #16
               S01:00013D58:  00 78 87 E1
F07:0014       
F07:0015       	ldrb	R0,[R1,R8,lsr #12]
               S01:00013D5C:  28 06 D1 E7
F07:0016       	add		R8,R8,R9
               S01:00013D60:  09 80 88 E0
F07:0017       	mov		R4,R13,lsl #16
               S01:00013D64:  0D 48 A0 E1
F07:0018       	subs	R0,R0,R4, lsr #24
               S01:00013D68:  24 0C 50 E0
F07:0019       	movmi	R0,#0
               S01:00013D6C:  00 00 A0 43
F07:0020       	orr		R7,R7,R0,lsl #8
               S01:00013D70:  00 74 87 E1
F07:0021       
F07:0022       	ldrb	R0,[R1,R11,lsr #12]
               S01:00013D74:  2B 06 D1 E7
F07:0023       	add		R11,R11,R12
               S01:00013D78:  0C B0 8B E0
F07:0024       	mov		R4,R13,lsl #24
               S01:00013D7C:  0D 4C A0 E1
F07:0025       	subs	R0,R0,R4,lsr #24
               S01:00013D80:  24 0C 50 E0
F07:0026       	movmi	R0,#0
               S01:00013D84:  00 00 A0 43
F07:0027       	orr		R7,R7,R0
               S01:00013D88:  00 70 87 E1
F07:0028       
F07:0029       	str		R7,[R14],#4		
               S01:00013D8C:  04 70 8E E4
F07:0030       	
F07:0001       	ldrb	R0,[R1,R2,lsr #12]
               S01:00013D90:  22 06 D1 E7
F07:0002       	add		R2,R2,R3
               S01:00013D94:  03 20 82 E0
F07:0003       	mov		R4,R13,lsr #24
               S01:00013D98:  2D 4C A0 E1
F07:0004       	subs	R0,R0,R4
               S01:00013D9C:  04 00 50 E0
F07:0005       	movmi	R0,#0
               S01:00013DA0:  00 00 A0 43
F07:0006       	mov		R7,R0,lsl #24
               S01:00013DA4:  00 7C A0 E1
F07:0007       
F07:0008       	ldrb	R0,[R1,R5,lsr #12]
               S01:00013DA8:  25 06 D1 E7
F07:0009       	add		R5,R5,R6
               S01:00013DAC:  06 50 85 E0
F07:0010       	mov		R4,R13,lsl #8
               S01:00013DB0:  0D 44 A0 E1
F07:0011       	subs	R0,R0,R4,lsr #24
               S01:00013DB4:  24 0C 50 E0
F07:0012       	movmi	R0,#0
               S01:00013DB8:  00 00 A0 43
F07:0013       	orr		R7,R7,R0,lsl #16
               S01:00013DBC:  00 78 87 E1
F07:0014       
F07:0015       	ldrb	R0,[R1,R8,lsr #12]
               S01:00013DC0:  28 06 D1 E7
F07:0016       	add		R8,R8,R9
               S01:00013DC4:  09 80 88 E0
F07:0017       	mov		R4,R13,lsl #16
               S01:00013DC8:  0D 48 A0 E1
F07:0018       	subs	R0,R0,R4, lsr #24
               S01:00013DCC:  24 0C 50 E0
F07:0019       	movmi	R0,#0
               S01:00013DD0:  00 00 A0 43
F07:0020       	orr		R7,R7,R0,lsl #8
               S01:00013DD4:  00 74 87 E1
F07:0021       
F07:0022       	ldrb	R0,[R1,R11,lsr #12]
               S01:00013DD8:  2B 06 D1 E7
F07:0023       	add		R11,R11,R12
               S01:00013DDC:  0C B0 8B E0
F07:0024       	mov		R4,R13,lsl #24
               S01:00013DE0:  0D 4C A0 E1
F07:0025       	subs	R0,R0,R4,lsr #24
               S01:00013DE4:  24 0C 50 E0
F07:0026       	movmi	R0,#0
               S01:00013DE8:  00 00 A0 43
F07:0027       	orr		R7,R7,R0
               S01:00013DEC:  00 70 87 E1
F07:0028       
F07:0029       	str		R7,[R14],#4		
               S01:00013DF0:  04 70 8E E4
F07:0030       	
F07:0001       	ldrb	R0,[R1,R2,lsr #12]
               S01:00013DF4:  22 06 D1 E7
F07:0002       	add		R2,R2,R3
               S01:00013DF8:  03 20 82 E0
F07:0003       	mov		R4,R13,lsr #24
               S01:00013DFC:  2D 4C A0 E1
F07:0004       	subs	R0,R0,R4
               S01:00013E00:  04 00 50 E0
F07:0005       	movmi	R0,#0
               S01:00013E04:  00 00 A0 43
F07:0006       	mov		R7,R0,lsl #24
               S01:00013E08:  00 7C A0 E1
F07:0007       
F07:0008       	ldrb	R0,[R1,R5,lsr #12]
               S01:00013E0C:  25 06 D1 E7
F07:0009       	add		R5,R5,R6
               S01:00013E10:  06 50 85 E0
F07:0010       	mov		R4,R13,lsl #8
               S01:00013E14:  0D 44 A0 E1
F07:0011       	subs	R0,R0,R4,lsr #24
               S01:00013E18:  24 0C 50 E0
F07:0012       	movmi	R0,#0
               S01:00013E1C:  00 00 A0 43
F07:0013       	orr		R7,R7,R0,lsl #16
               S01:00013E20:  00 78 87 E1
F07:0014       
F07:0015       	ldrb	R0,[R1,R8,lsr #12]
               S01:00013E24:  28 06 D1 E7
F07:0016       	add		R8,R8,R9
               S01:00013E28:  09 80 88 E0
F07:0017       	mov		R4,R13,lsl #16
               S01:00013E2C:  0D 48 A0 E1
F07:0018       	subs	R0,R0,R4, lsr #24
               S01:00013E30:  24 0C 50 E0
F07:0019       	movmi	R0,#0
               S01:00013E34:  00 00 A0 43
F07:0020       	orr		R7,R7,R0,lsl #8
               S01:00013E38:  00 74 87 E1
F07:0021       
F07:0022       	ldrb	R0,[R1,R11,lsr #12]
               S01:00013E3C:  2B 06 D1 E7
F07:0023       	add		R11,R11,R12
               S01:00013E40:  0C B0 8B E0
F07:0024       	mov		R4,R13,lsl #24
               S01:00013E44:  0D 4C A0 E1
F07:0025       	subs	R0,R0,R4,lsr #24
               S01:00013E48:  24 0C 50 E0
F07:0026       	movmi	R0,#0
               S01:00013E4C:  00 00 A0 43
F07:0027       	orr		R7,R7,R0
               S01:00013E50:  00 70 87 E1
F07:0028       
F07:0029       	str		R7,[R14],#4		
               S01:00013E54:  04 70 8E E4
F07:0030       	
F07:0001       	ldrb	R0,[R1,R2,lsr #12]
               S01:00013E58:  22 06 D1 E7
F07:0002       	add		R2,R2,R3
               S01:00013E5C:  03 20 82 E0
F07:0003       	mov		R4,R13,lsr #24
               S01:00013E60:  2D 4C A0 E1
F07:0004       	subs	R0,R0,R4
               S01:00013E64:  04 00 50 E0
F07:0005       	movmi	R0,#0
               S01:00013E68:  00 00 A0 43
F07:0006       	mov		R7,R0,lsl #24
               S01:00013E6C:  00 7C A0 E1
F07:0007       
F07:0008       	ldrb	R0,[R1,R5,lsr #12]
               S01:00013E70:  25 06 D1 E7
F07:0009       	add		R5,R5,R6
               S01:00013E74:  06 50 85 E0
F07:0010       	mov		R4,R13,lsl #8
               S01:00013E78:  0D 44 A0 E1
F07:0011       	subs	R0,R0,R4,lsr #24
               S01:00013E7C:  24 0C 50 E0
F07:0012       	movmi	R0,#0
               S01:00013E80:  00 00 A0 43
F07:0013       	orr		R7,R7,R0,lsl #16
               S01:00013E84:  00 78 87 E1
F07:0014       
F07:0015       	ldrb	R0,[R1,R8,lsr #12]
               S01:00013E88:  28 06 D1 E7
F07:0016       	add		R8,R8,R9
               S01:00013E8C:  09 80 88 E0
F07:0017       	mov		R4,R13,lsl #16
               S01:00013E90:  0D 48 A0 E1
F07:0018       	subs	R0,R0,R4, lsr #24
               S01:00013E94:  24 0C 50 E0
F07:0019       	movmi	R0,#0
               S01:00013E98:  00 00 A0 43
F07:0020       	orr		R7,R7,R0,lsl #8
               S01:00013E9C:  00 74 87 E1
F07:0021       
F07:0022       	ldrb	R0,[R1,R11,lsr #12]
               S01:00013EA0:  2B 06 D1 E7
F07:0023       	add		R11,R11,R12
               S01:00013EA4:  0C B0 8B E0
F07:0024       	mov		R4,R13,lsl #24
               S01:00013EA8:  0D 4C A0 E1
F07:0025       	subs	R0,R0,R4,lsr #24
               S01:00013EAC:  24 0C 50 E0
F07:0026       	movmi	R0,#0
               S01:00013EB0:  00 00 A0 43
F07:0027       	orr		R7,R7,R0
               S01:00013EB4:  00 70 87 E1
F07:0028       
F07:0029       	str		R7,[R14],#4		
               S01:00013EB8:  04 70 8E E4
F07:0030       	
F07:0001       	ldrb	R0,[R1,R2,lsr #12]
               S01:00013EBC:  22 06 D1 E7
F07:0002       	add		R2,R2,R3
               S01:00013EC0:  03 20 82 E0
F07:0003       	mov		R4,R13,lsr #24
               S01:00013EC4:  2D 4C A0 E1
F07:0004       	subs	R0,R0,R4
               S01:00013EC8:  04 00 50 E0
F07:0005       	movmi	R0,#0
               S01:00013ECC:  00 00 A0 43
F07:0006       	mov		R7,R0,lsl #24
               S01:00013ED0:  00 7C A0 E1
F07:0007       
F07:0008       	ldrb	R0,[R1,R5,lsr #12]
               S01:00013ED4:  25 06 D1 E7
F07:0009       	add		R5,R5,R6
               S01:00013ED8:  06 50 85 E0
F07:0010       	mov		R4,R13,lsl #8
               S01:00013EDC:  0D 44 A0 E1
F07:0011       	subs	R0,R0,R4,lsr #24
               S01:00013EE0:  24 0C 50 E0
F07:0012       	movmi	R0,#0
               S01:00013EE4:  00 00 A0 43
F07:0013       	orr		R7,R7,R0,lsl #16
               S01:00013EE8:  00 78 87 E1
F07:0014       
F07:0015       	ldrb	R0,[R1,R8,lsr #12]
               S01:00013EEC:  28 06 D1 E7
F07:0016       	add		R8,R8,R9
               S01:00013EF0:  09 80 88 E0
F07:0017       	mov		R4,R13,lsl #16
               S01:00013EF4:  0D 48 A0 E1
F07:0018       	subs	R0,R0,R4, lsr #24
               S01:00013EF8:  24 0C 50 E0
F07:0019       	movmi	R0,#0
               S01:00013EFC:  00 00 A0 43
F07:0020       	orr		R7,R7,R0,lsl #8
               S01:00013F00:  00 74 87 E1
F07:0021       
F07:0022       	ldrb	R0,[R1,R11,lsr #12]
               S01:00013F04:  2B 06 D1 E7
F07:0023       	add		R11,R11,R12
               S01:00013F08:  0C B0 8B E0
F07:0024       	mov		R4,R13,lsl #24
               S01:00013F0C:  0D 4C A0 E1
F07:0025       	subs	R0,R0,R4,lsr #24
               S01:00013F10:  24 0C 50 E0
F07:0026       	movmi	R0,#0
               S01:00013F14:  00 00 A0 43
F07:0027       	orr		R7,R7,R0
               S01:00013F18:  00 70 87 E1
F07:0028       
F07:0029       	str		R7,[R14],#4		
               S01:00013F1C:  04 70 8E E4
F07:0030       	
F07:0001       	ldrb	R0,[R1,R2,lsr #12]
               S01:00013F20:  22 06 D1 E7
F07:0002       	add		R2,R2,R3
               S01:00013F24:  03 20 82 E0
F07:0003       	mov		R4,R13,lsr #24
               S01:00013F28:  2D 4C A0 E1
F07:0004       	subs	R0,R0,R4
               S01:00013F2C:  04 00 50 E0
F07:0005       	movmi	R0,#0
               S01:00013F30:  00 00 A0 43
F07:0006       	mov		R7,R0,lsl #24
               S01:00013F34:  00 7C A0 E1
F07:0007       
F07:0008       	ldrb	R0,[R1,R5,lsr #12]
               S01:00013F38:  25 06 D1 E7
F07:0009       	add		R5,R5,R6
               S01:00013F3C:  06 50 85 E0
F07:0010       	mov		R4,R13,lsl #8
               S01:00013F40:  0D 44 A0 E1
F07:0011       	subs	R0,R0,R4,lsr #24
               S01:00013F44:  24 0C 50 E0
F07:0012       	movmi	R0,#0
               S01:00013F48:  00 00 A0 43
F07:0013       	orr		R7,R7,R0,lsl #16
               S01:00013F4C:  00 78 87 E1
F07:0014       
F07:0015       	ldrb	R0,[R1,R8,lsr #12]
               S01:00013F50:  28 06 D1 E7
F07:0016       	add		R8,R8,R9
               S01:00013F54:  09 80 88 E0
F07:0017       	mov		R4,R13,lsl #16
               S01:00013F58:  0D 48 A0 E1
F07:0018       	subs	R0,R0,R4, lsr #24
               S01:00013F5C:  24 0C 50 E0
F07:0019       	movmi	R0,#0
               S01:00013F60:  00 00 A0 43
F07:0020       	orr		R7,R7,R0,lsl #8
               S01:00013F64:  00 74 87 E1
F07:0021       
F07:0022       	ldrb	R0,[R1,R11,lsr #12]
               S01:00013F68:  2B 06 D1 E7
F07:0023       	add		R11,R11,R12
               S01:00013F6C:  0C B0 8B E0
F07:0024       	mov		R4,R13,lsl #24
               S01:00013F70:  0D 4C A0 E1
F07:0025       	subs	R0,R0,R4,lsr #24
               S01:00013F74:  24 0C 50 E0
F07:0026       	movmi	R0,#0
               S01:00013F78:  00 00 A0 43
F07:0027       	orr		R7,R7,R0
               S01:00013F7C:  00 70 87 E1
F07:0028       
F07:0029       	str		R7,[R14],#4		
               S01:00013F80:  04 70 8E E4
F07:0030       	
F07:0001       	ldrb	R0,[R1,R2,lsr #12]
               S01:00013F84:  22 06 D1 E7
F07:0002       	add		R2,R2,R3
               S01:00013F88:  03 20 82 E0
F07:0003       	mov		R4,R13,lsr #24
               S01:00013F8C:  2D 4C A0 E1
F07:0004       	subs	R0,R0,R4
               S01:00013F90:  04 00 50 E0
F07:0005       	movmi	R0,#0
               S01:00013F94:  00 00 A0 43
F07:0006       	mov		R7,R0,lsl #24
               S01:00013F98:  00 7C A0 E1
F07:0007       
F07:0008       	ldrb	R0,[R1,R5,lsr #12]
               S01:00013F9C:  25 06 D1 E7
F07:0009       	add		R5,R5,R6
               S01:00013FA0:  06 50 85 E0
F07:0010       	mov		R4,R13,lsl #8
               S01:00013FA4:  0D 44 A0 E1
F07:0011       	subs	R0,R0,R4,lsr #24
               S01:00013FA8:  24 0C 50 E0
F07:0012       	movmi	R0,#0
               S01:00013FAC:  00 00 A0 43
F07:0013       	orr		R7,R7,R0,lsl #16
               S01:00013FB0:  00 78 87 E1
F07:0014       
F07:0015       	ldrb	R0,[R1,R8,lsr #12]
               S01:00013FB4:  28 06 D1 E7
F07:0016       	add		R8,R8,R9
               S01:00013FB8:  09 80 88 E0
F07:0017       	mov		R4,R13,lsl #16
               S01:00013FBC:  0D 48 A0 E1
F07:0018       	subs	R0,R0,R4, lsr #24
               S01:00013FC0:  24 0C 50 E0
F07:0019       	movmi	R0,#0
               S01:00013FC4:  00 00 A0 43
F07:0020       	orr		R7,R7,R0,lsl #8
               S01:00013FC8:  00 74 87 E1
F07:0021       
F07:0022       	ldrb	R0,[R1,R11,lsr #12]
               S01:00013FCC:  2B 06 D1 E7
F07:0023       	add		R11,R11,R12
               S01:00013FD0:  0C B0 8B E0
F07:0024       	mov		R4,R13,lsl #24
               S01:00013FD4:  0D 4C A0 E1
F07:0025       	subs	R0,R0,R4,lsr #24
               S01:00013FD8:  24 0C 50 E0
F07:0026       	movmi	R0,#0
               S01:00013FDC:  00 00 A0 43
F07:0027       	orr		R7,R7,R0
               S01:00013FE0:  00 70 87 E1
F07:0028       
F07:0029       	str		R7,[R14],#4		
               S01:00013FE4:  04 70 8E E4
F07:0030       	
F07:0001       	ldrb	R0,[R1,R2,lsr #12]
               S01:00013FE8:  22 06 D1 E7
F07:0002       	add		R2,R2,R3
               S01:00013FEC:  03 20 82 E0
F07:0003       	mov		R4,R13,lsr #24
               S01:00013FF0:  2D 4C A0 E1
F07:0004       	subs	R0,R0,R4
               S01:00013FF4:  04 00 50 E0
F07:0005       	movmi	R0,#0
               S01:00013FF8:  00 00 A0 43
F07:0006       	mov		R7,R0,lsl #24
               S01:00013FFC:  00 7C A0 E1
F07:0007       
F07:0008       	ldrb	R0,[R1,R5,lsr #12]
               S01:00014000:  25 06 D1 E7
F07:0009       	add		R5,R5,R6
               S01:00014004:  06 50 85 E0
F07:0010       	mov		R4,R13,lsl #8
               S01:00014008:  0D 44 A0 E1
F07:0011       	subs	R0,R0,R4,lsr #24
               S01:0001400C:  24 0C 50 E0
F07:0012       	movmi	R0,#0
               S01:00014010:  00 00 A0 43
F07:0013       	orr		R7,R7,R0,lsl #16
               S01:00014014:  00 78 87 E1
F07:0014       
F07:0015       	ldrb	R0,[R1,R8,lsr #12]
               S01:00014018:  28 06 D1 E7
F07:0016       	add		R8,R8,R9
               S01:0001401C:  09 80 88 E0
F07:0017       	mov		R4,R13,lsl #16
               S01:00014020:  0D 48 A0 E1
F07:0018       	subs	R0,R0,R4, lsr #24
               S01:00014024:  24 0C 50 E0
F07:0019       	movmi	R0,#0
               S01:00014028:  00 00 A0 43
F07:0020       	orr		R7,R7,R0,lsl #8
               S01:0001402C:  00 74 87 E1
F07:0021       
F07:0022       	ldrb	R0,[R1,R11,lsr #12]
               S01:00014030:  2B 06 D1 E7
F07:0023       	add		R11,R11,R12
               S01:00014034:  0C B0 8B E0
F07:0024       	mov		R4,R13,lsl #24
               S01:00014038:  0D 4C A0 E1
F07:0025       	subs	R0,R0,R4,lsr #24
               S01:0001403C:  24 0C 50 E0
F07:0026       	movmi	R0,#0
               S01:00014040:  00 00 A0 43
F07:0027       	orr		R7,R7,R0
               S01:00014044:  00 70 87 E1
F07:0028       
F07:0029       	str		R7,[R14],#4		
               S01:00014048:  04 70 8E E4
F07:0030       	
F07:0001       	ldrb	R0,[R1,R2,lsr #12]
               S01:0001404C:  22 06 D1 E7
F07:0002       	add		R2,R2,R3
               S01:00014050:  03 20 82 E0
F07:0003       	mov		R4,R13,lsr #24
               S01:00014054:  2D 4C A0 E1
F07:0004       	subs	R0,R0,R4
               S01:00014058:  04 00 50 E0
F07:0005       	movmi	R0,#0
               S01:0001405C:  00 00 A0 43
F07:0006       	mov		R7,R0,lsl #24
               S01:00014060:  00 7C A0 E1
F07:0007       
F07:0008       	ldrb	R0,[R1,R5,lsr #12]
               S01:00014064:  25 06 D1 E7
F07:0009       	add		R5,R5,R6
               S01:00014068:  06 50 85 E0
F07:0010       	mov		R4,R13,lsl #8
               S01:0001406C:  0D 44 A0 E1
F07:0011       	subs	R0,R0,R4,lsr #24
               S01:00014070:  24 0C 50 E0
F07:0012       	movmi	R0,#0
               S01:00014074:  00 00 A0 43
F07:0013       	orr		R7,R7,R0,lsl #16
               S01:00014078:  00 78 87 E1
F07:0014       
F07:0015       	ldrb	R0,[R1,R8,lsr #12]
               S01:0001407C:  28 06 D1 E7
F07:0016       	add		R8,R8,R9
               S01:00014080:  09 80 88 E0
F07:0017       	mov		R4,R13,lsl #16
               S01:00014084:  0D 48 A0 E1
F07:0018       	subs	R0,R0,R4, lsr #24
               S01:00014088:  24 0C 50 E0
F07:0019       	movmi	R0,#0
               S01:0001408C:  00 00 A0 43
F07:0020       	orr		R7,R7,R0,lsl #8
               S01:00014090:  00 74 87 E1
F07:0021       
F07:0022       	ldrb	R0,[R1,R11,lsr #12]
               S01:00014094:  2B 06 D1 E7
F07:0023       	add		R11,R11,R12
               S01:00014098:  0C B0 8B E0
F07:0024       	mov		R4,R13,lsl #24
               S01:0001409C:  0D 4C A0 E1
F07:0025       	subs	R0,R0,R4,lsr #24
               S01:000140A0:  24 0C 50 E0
F07:0026       	movmi	R0,#0
               S01:000140A4:  00 00 A0 43
F07:0027       	orr		R7,R7,R0
               S01:000140A8:  00 70 87 E1
F07:0028       
F07:0029       	str		R7,[R14],#4		
               S01:000140AC:  04 70 8E E4
F07:0030       	
F07:0001       	ldrb	R0,[R1,R2,lsr #12]
               S01:000140B0:  22 06 D1 E7
F07:0002       	add		R2,R2,R3
               S01:000140B4:  03 20 82 E0
F07:0003       	mov		R4,R13,lsr #24
               S01:000140B8:  2D 4C A0 E1
F07:0004       	subs	R0,R0,R4
               S01:000140BC:  04 00 50 E0
F07:0005       	movmi	R0,#0
               S01:000140C0:  00 00 A0 43
F07:0006       	mov		R7,R0,lsl #24
               S01:000140C4:  00 7C A0 E1
F07:0007       
F07:0008       	ldrb	R0,[R1,R5,lsr #12]
               S01:000140C8:  25 06 D1 E7
F07:0009       	add		R5,R5,R6
               S01:000140CC:  06 50 85 E0
F07:0010       	mov		R4,R13,lsl #8
               S01:000140D0:  0D 44 A0 E1
F07:0011       	subs	R0,R0,R4,lsr #24
               S01:000140D4:  24 0C 50 E0
F07:0012       	movmi	R0,#0
               S01:000140D8:  00 00 A0 43
F07:0013       	orr		R7,R7,R0,lsl #16
               S01:000140DC:  00 78 87 E1
F07:0014       
F07:0015       	ldrb	R0,[R1,R8,lsr #12]
               S01:000140E0:  28 06 D1 E7
F07:0016       	add		R8,R8,R9
               S01:000140E4:  09 80 88 E0
F07:0017       	mov		R4,R13,lsl #16
               S01:000140E8:  0D 48 A0 E1
F07:0018       	subs	R0,R0,R4, lsr #24
               S01:000140EC:  24 0C 50 E0
F07:0019       	movmi	R0,#0
               S01:000140F0:  00 00 A0 43
F07:0020       	orr		R7,R7,R0,lsl #8
               S01:000140F4:  00 74 87 E1
F07:0021       
F07:0022       	ldrb	R0,[R1,R11,lsr #12]
               S01:000140F8:  2B 06 D1 E7
F07:0023       	add		R11,R11,R12
               S01:000140FC:  0C B0 8B E0
F07:0024       	mov		R4,R13,lsl #24
               S01:00014100:  0D 4C A0 E1
F07:0025       	subs	R0,R0,R4,lsr #24
               S01:00014104:  24 0C 50 E0
F07:0026       	movmi	R0,#0
               S01:00014108:  00 00 A0 43
F07:0027       	orr		R7,R7,R0
               S01:0001410C:  00 70 87 E1
F07:0028       
F07:0029       	str		R7,[R14],#4		
               S01:00014110:  04 70 8E E4
F07:0030       	
F07:0001       	ldrb	R0,[R1,R2,lsr #12]
               S01:00014114:  22 06 D1 E7
F07:0002       	add		R2,R2,R3
               S01:00014118:  03 20 82 E0
F07:0003       	mov		R4,R13,lsr #24
               S01:0001411C:  2D 4C A0 E1
F07:0004       	subs	R0,R0,R4
               S01:00014120:  04 00 50 E0
F07:0005       	movmi	R0,#0
               S01:00014124:  00 00 A0 43
F07:0006       	mov		R7,R0,lsl #24
               S01:00014128:  00 7C A0 E1
F07:0007       
F07:0008       	ldrb	R0,[R1,R5,lsr #12]
               S01:0001412C:  25 06 D1 E7
F07:0009       	add		R5,R5,R6
               S01:00014130:  06 50 85 E0
F07:0010       	mov		R4,R13,lsl #8
               S01:00014134:  0D 44 A0 E1
F07:0011       	subs	R0,R0,R4,lsr #24
               S01:00014138:  24 0C 50 E0
F07:0012       	movmi	R0,#0
               S01:0001413C:  00 00 A0 43
F07:0013       	orr		R7,R7,R0,lsl #16
               S01:00014140:  00 78 87 E1
F07:0014       
F07:0015       	ldrb	R0,[R1,R8,lsr #12]
               S01:00014144:  28 06 D1 E7
F07:0016       	add		R8,R8,R9
               S01:00014148:  09 80 88 E0
F07:0017       	mov		R4,R13,lsl #16
               S01:0001414C:  0D 48 A0 E1
F07:0018       	subs	R0,R0,R4, lsr #24
               S01:00014150:  24 0C 50 E0
F07:0019       	movmi	R0,#0
               S01:00014154:  00 00 A0 43
F07:0020       	orr		R7,R7,R0,lsl #8
               S01:00014158:  00 74 87 E1
F07:0021       
F07:0022       	ldrb	R0,[R1,R11,lsr #12]
               S01:0001415C:  2B 06 D1 E7
F07:0023       	add		R11,R11,R12
               S01:00014160:  0C B0 8B E0
F07:0024       	mov		R4,R13,lsl #24
               S01:00014164:  0D 4C A0 E1
F07:0025       	subs	R0,R0,R4,lsr #24
               S01:00014168:  24 0C 50 E0
F07:0026       	movmi	R0,#0
               S01:0001416C:  00 00 A0 43
F07:0027       	orr		R7,R7,R0
               S01:00014170:  00 70 87 E1
F07:0028       
F07:0029       	str		R7,[R14],#4		
               S01:00014174:  04 70 8E E4
F07:0030       	
F07:0001       	ldrb	R0,[R1,R2,lsr #12]
               S01:00014178:  22 06 D1 E7
F07:0002       	add		R2,R2,R3
               S01:0001417C:  03 20 82 E0
F07:0003       	mov		R4,R13,lsr #24
               S01:00014180:  2D 4C A0 E1
F07:0004       	subs	R0,R0,R4
               S01:00014184:  04 00 50 E0
F07:0005       	movmi	R0,#0
               S01:00014188:  00 00 A0 43
F07:0006       	mov		R7,R0,lsl #24
               S01:0001418C:  00 7C A0 E1
F07:0007       
F07:0008       	ldrb	R0,[R1,R5,lsr #12]
               S01:00014190:  25 06 D1 E7
F07:0009       	add		R5,R5,R6
               S01:00014194:  06 50 85 E0
F07:0010       	mov		R4,R13,lsl #8
               S01:00014198:  0D 44 A0 E1
F07:0011       	subs	R0,R0,R4,lsr #24
               S01:0001419C:  24 0C 50 E0
F07:0012       	movmi	R0,#0
               S01:000141A0:  00 00 A0 43
F07:0013       	orr		R7,R7,R0,lsl #16
               S01:000141A4:  00 78 87 E1
F07:0014       
F07:0015       	ldrb	R0,[R1,R8,lsr #12]
               S01:000141A8:  28 06 D1 E7
F07:0016       	add		R8,R8,R9
               S01:000141AC:  09 80 88 E0
F07:0017       	mov		R4,R13,lsl #16
               S01:000141B0:  0D 48 A0 E1
F07:0018       	subs	R0,R0,R4, lsr #24
               S01:000141B4:  24 0C 50 E0
F07:0019       	movmi	R0,#0
               S01:000141B8:  00 00 A0 43
F07:0020       	orr		R7,R7,R0,lsl #8
               S01:000141BC:  00 74 87 E1
F07:0021       
F07:0022       	ldrb	R0,[R1,R11,lsr #12]
               S01:000141C0:  2B 06 D1 E7
F07:0023       	add		R11,R11,R12
               S01:000141C4:  0C B0 8B E0
F07:0024       	mov		R4,R13,lsl #24
               S01:000141C8:  0D 4C A0 E1
F07:0025       	subs	R0,R0,R4,lsr #24
               S01:000141CC:  24 0C 50 E0
F07:0026       	movmi	R0,#0
               S01:000141D0:  00 00 A0 43
F07:0027       	orr		R7,R7,R0
               S01:000141D4:  00 70 87 E1
F07:0028       
F07:0029       	str		R7,[R14],#4		
               S01:000141D8:  04 70 8E E4
F07:0030       	
F07:0001       	ldrb	R0,[R1,R2,lsr #12]
               S01:000141DC:  22 06 D1 E7
F07:0002       	add		R2,R2,R3
               S01:000141E0:  03 20 82 E0
F07:0003       	mov		R4,R13,lsr #24
               S01:000141E4:  2D 4C A0 E1
F07:0004       	subs	R0,R0,R4
               S01:000141E8:  04 00 50 E0
F07:0005       	movmi	R0,#0
               S01:000141EC:  00 00 A0 43
F07:0006       	mov		R7,R0,lsl #24
               S01:000141F0:  00 7C A0 E1
F07:0007       
F07:0008       	ldrb	R0,[R1,R5,lsr #12]
               S01:000141F4:  25 06 D1 E7
F07:0009       	add		R5,R5,R6
               S01:000141F8:  06 50 85 E0
F07:0010       	mov		R4,R13,lsl #8
               S01:000141FC:  0D 44 A0 E1
F07:0011       	subs	R0,R0,R4,lsr #24
               S01:00014200:  24 0C 50 E0
F07:0012       	movmi	R0,#0
               S01:00014204:  00 00 A0 43
F07:0013       	orr		R7,R7,R0,lsl #16
               S01:00014208:  00 78 87 E1
F07:0014       
F07:0015       	ldrb	R0,[R1,R8,lsr #12]
               S01:0001420C:  28 06 D1 E7
F07:0016       	add		R8,R8,R9
               S01:00014210:  09 80 88 E0
F07:0017       	mov		R4,R13,lsl #16
               S01:00014214:  0D 48 A0 E1
F07:0018       	subs	R0,R0,R4, lsr #24
               S01:00014218:  24 0C 50 E0
F07:0019       	movmi	R0,#0
               S01:0001421C:  00 00 A0 43
F07:0020       	orr		R7,R7,R0,lsl #8
               S01:00014220:  00 74 87 E1
F07:0021       
F07:0022       	ldrb	R0,[R1,R11,lsr #12]
               S01:00014224:  2B 06 D1 E7
F07:0023       	add		R11,R11,R12
               S01:00014228:  0C B0 8B E0
F07:0024       	mov		R4,R13,lsl #24
               S01:0001422C:  0D 4C A0 E1
F07:0025       	subs	R0,R0,R4,lsr #24
               S01:00014230:  24 0C 50 E0
F07:0026       	movmi	R0,#0
               S01:00014234:  00 00 A0 43
F07:0027       	orr		R7,R7,R0
               S01:00014238:  00 70 87 E1
F07:0028       
F07:0029       	str		R7,[R14],#4		
               S01:0001423C:  04 70 8E E4
F07:0030       	
F07:0001       	ldrb	R0,[R1,R2,lsr #12]
               S01:00014240:  22 06 D1 E7
F07:0002       	add		R2,R2,R3
               S01:00014244:  03 20 82 E0
F07:0003       	mov		R4,R13,lsr #24
               S01:00014248:  2D 4C A0 E1
F07:0004       	subs	R0,R0,R4
               S01:0001424C:  04 00 50 E0
F07:0005       	movmi	R0,#0
               S01:00014250:  00 00 A0 43
F07:0006       	mov		R7,R0,lsl #24
               S01:00014254:  00 7C A0 E1
F07:0007       
F07:0008       	ldrb	R0,[R1,R5,lsr #12]
               S01:00014258:  25 06 D1 E7
F07:0009       	add		R5,R5,R6
               S01:0001425C:  06 50 85 E0
F07:0010       	mov		R4,R13,lsl #8
               S01:00014260:  0D 44 A0 E1
F07:0011       	subs	R0,R0,R4,lsr #24
               S01:00014264:  24 0C 50 E0
F07:0012       	movmi	R0,#0
               S01:00014268:  00 00 A0 43
F07:0013       	orr		R7,R7,R0,lsl #16
               S01:0001426C:  00 78 87 E1
F07:0014       
F07:0015       	ldrb	R0,[R1,R8,lsr #12]
               S01:00014270:  28 06 D1 E7
F07:0016       	add		R8,R8,R9
               S01:00014274:  09 80 88 E0
F07:0017       	mov		R4,R13,lsl #16
               S01:00014278:  0D 48 A0 E1
F07:0018       	subs	R0,R0,R4, lsr #24
               S01:0001427C:  24 0C 50 E0
F07:0019       	movmi	R0,#0
               S01:00014280:  00 00 A0 43
F07:0020       	orr		R7,R7,R0,lsl #8
               S01:00014284:  00 74 87 E1
F07:0021       
F07:0022       	ldrb	R0,[R1,R11,lsr #12]
               S01:00014288:  2B 06 D1 E7
F07:0023       	add		R11,R11,R12
               S01:0001428C:  0C B0 8B E0
F07:0024       	mov		R4,R13,lsl #24
               S01:00014290:  0D 4C A0 E1
F07:0025       	subs	R0,R0,R4,lsr #24
               S01:00014294:  24 0C 50 E0
F07:0026       	movmi	R0,#0
               S01:00014298:  00 00 A0 43
F07:0027       	orr		R7,R7,R0
               S01:0001429C:  00 70 87 E1
F07:0028       
F07:0029       	str		R7,[R14],#4		
               S01:000142A0:  04 70 8E E4
F07:0030       	
F07:0001       	ldrb	R0,[R1,R2,lsr #12]
               S01:000142A4:  22 06 D1 E7
F07:0002       	add		R2,R2,R3
               S01:000142A8:  03 20 82 E0
F07:0003       	mov		R4,R13,lsr #24
               S01:000142AC:  2D 4C A0 E1
F07:0004       	subs	R0,R0,R4
               S01:000142B0:  04 00 50 E0
F07:0005       	movmi	R0,#0
               S01:000142B4:  00 00 A0 43
F07:0006       	mov		R7,R0,lsl #24
               S01:000142B8:  00 7C A0 E1
F07:0007       
F07:0008       	ldrb	R0,[R1,R5,lsr #12]
               S01:000142BC:  25 06 D1 E7
F07:0009       	add		R5,R5,R6
               S01:000142C0:  06 50 85 E0
F07:0010       	mov		R4,R13,lsl #8
               S01:000142C4:  0D 44 A0 E1
F07:0011       	subs	R0,R0,R4,lsr #24
               S01:000142C8:  24 0C 50 E0
F07:0012       	movmi	R0,#0
               S01:000142CC:  00 00 A0 43
F07:0013       	orr		R7,R7,R0,lsl #16
               S01:000142D0:  00 78 87 E1
F07:0014       
F07:0015       	ldrb	R0,[R1,R8,lsr #12]
               S01:000142D4:  28 06 D1 E7
F07:0016       	add		R8,R8,R9
               S01:000142D8:  09 80 88 E0
F07:0017       	mov		R4,R13,lsl #16
               S01:000142DC:  0D 48 A0 E1
F07:0018       	subs	R0,R0,R4, lsr #24
               S01:000142E0:  24 0C 50 E0
F07:0019       	movmi	R0,#0
               S01:000142E4:  00 00 A0 43
F07:0020       	orr		R7,R7,R0,lsl #8
               S01:000142E8:  00 74 87 E1
F07:0021       
F07:0022       	ldrb	R0,[R1,R11,lsr #12]
               S01:000142EC:  2B 06 D1 E7
F07:0023       	add		R11,R11,R12
               S01:000142F0:  0C B0 8B E0
F07:0024       	mov		R4,R13,lsl #24
               S01:000142F4:  0D 4C A0 E1
F07:0025       	subs	R0,R0,R4,lsr #24
               S01:000142F8:  24 0C 50 E0
F07:0026       	movmi	R0,#0
               S01:000142FC:  00 00 A0 43
F07:0027       	orr		R7,R7,R0
               S01:00014300:  00 70 87 E1
F07:0028       
F07:0029       	str		R7,[R14],#4		
               S01:00014304:  04 70 8E E4
F07:0030       	
F07:0001       	ldrb	R0,[R1,R2,lsr #12]
               S01:00014308:  22 06 D1 E7
F07:0002       	add		R2,R2,R3
               S01:0001430C:  03 20 82 E0
F07:0003       	mov		R4,R13,lsr #24
               S01:00014310:  2D 4C A0 E1
F07:0004       	subs	R0,R0,R4
               S01:00014314:  04 00 50 E0
F07:0005       	movmi	R0,#0
               S01:00014318:  00 00 A0 43
F07:0006       	mov		R7,R0,lsl #24
               S01:0001431C:  00 7C A0 E1
F07:0007       
F07:0008       	ldrb	R0,[R1,R5,lsr #12]
               S01:00014320:  25 06 D1 E7
F07:0009       	add		R5,R5,R6
               S01:00014324:  06 50 85 E0
F07:0010       	mov		R4,R13,lsl #8
               S01:00014328:  0D 44 A0 E1
F07:0011       	subs	R0,R0,R4,lsr #24
               S01:0001432C:  24 0C 50 E0
F07:0012       	movmi	R0,#0
               S01:00014330:  00 00 A0 43
F07:0013       	orr		R7,R7,R0,lsl #16
               S01:00014334:  00 78 87 E1
F07:0014       
F07:0015       	ldrb	R0,[R1,R8,lsr #12]
               S01:00014338:  28 06 D1 E7
F07:0016       	add		R8,R8,R9
               S01:0001433C:  09 80 88 E0
F07:0017       	mov		R4,R13,lsl #16
               S01:00014340:  0D 48 A0 E1
F07:0018       	subs	R0,R0,R4, lsr #24
               S01:00014344:  24 0C 50 E0
F07:0019       	movmi	R0,#0
               S01:00014348:  00 00 A0 43
F07:0020       	orr		R7,R7,R0,lsl #8
               S01:0001434C:  00 74 87 E1
F07:0021       
F07:0022       	ldrb	R0,[R1,R11,lsr #12]
               S01:00014350:  2B 06 D1 E7
F07:0023       	add		R11,R11,R12
               S01:00014354:  0C B0 8B E0
F07:0024       	mov		R4,R13,lsl #24
               S01:00014358:  0D 4C A0 E1
F07:0025       	subs	R0,R0,R4,lsr #24
               S01:0001435C:  24 0C 50 E0
F07:0026       	movmi	R0,#0
               S01:00014360:  00 00 A0 43
F07:0027       	orr		R7,R7,R0
               S01:00014364:  00 70 87 E1
F07:0028       
F07:0029       	str		R7,[R14],#4		
               S01:00014368:  04 70 8E E4
F07:0030       	
F07:0001       	ldrb	R0,[R1,R2,lsr #12]
               S01:0001436C:  22 06 D1 E7
F07:0002       	add		R2,R2,R3
               S01:00014370:  03 20 82 E0
F07:0003       	mov		R4,R13,lsr #24
               S01:00014374:  2D 4C A0 E1
F07:0004       	subs	R0,R0,R4
               S01:00014378:  04 00 50 E0
F07:0005       	movmi	R0,#0
               S01:0001437C:  00 00 A0 43
F07:0006       	mov		R7,R0,lsl #24
               S01:00014380:  00 7C A0 E1
F07:0007       
F07:0008       	ldrb	R0,[R1,R5,lsr #12]
               S01:00014384:  25 06 D1 E7
F07:0009       	add		R5,R5,R6
               S01:00014388:  06 50 85 E0
F07:0010       	mov		R4,R13,lsl #8
               S01:0001438C:  0D 44 A0 E1
F07:0011       	subs	R0,R0,R4,lsr #24
               S01:00014390:  24 0C 50 E0
F07:0012       	movmi	R0,#0
               S01:00014394:  00 00 A0 43
F07:0013       	orr		R7,R7,R0,lsl #16
               S01:00014398:  00 78 87 E1
F07:0014       
F07:0015       	ldrb	R0,[R1,R8,lsr #12]
               S01:0001439C:  28 06 D1 E7
F07:0016       	add		R8,R8,R9
               S01:000143A0:  09 80 88 E0
F07:0017       	mov		R4,R13,lsl #16
               S01:000143A4:  0D 48 A0 E1
F07:0018       	subs	R0,R0,R4, lsr #24
               S01:000143A8:  24 0C 50 E0
F07:0019       	movmi	R0,#0
               S01:000143AC:  00 00 A0 43
F07:0020       	orr		R7,R7,R0,lsl #8
               S01:000143B0:  00 74 87 E1
F07:0021       
F07:0022       	ldrb	R0,[R1,R11,lsr #12]
               S01:000143B4:  2B 06 D1 E7
F07:0023       	add		R11,R11,R12
               S01:000143B8:  0C B0 8B E0
F07:0024       	mov		R4,R13,lsl #24
               S01:000143BC:  0D 4C A0 E1
F07:0025       	subs	R0,R0,R4,lsr #24
               S01:000143C0:  24 0C 50 E0
F07:0026       	movmi	R0,#0
               S01:000143C4:  00 00 A0 43
F07:0027       	orr		R7,R7,R0
               S01:000143C8:  00 70 87 E1
F07:0028       
F07:0029       	str		R7,[R14],#4		
               S01:000143CC:  04 70 8E E4
F07:0030       	
F07:0001       	ldrb	R0,[R1,R2,lsr #12]
               S01:000143D0:  22 06 D1 E7
F07:0002       	add		R2,R2,R3
               S01:000143D4:  03 20 82 E0
F07:0003       	mov		R4,R13,lsr #24
               S01:000143D8:  2D 4C A0 E1
F07:0004       	subs	R0,R0,R4
               S01:000143DC:  04 00 50 E0
F07:0005       	movmi	R0,#0
               S01:000143E0:  00 00 A0 43
F07:0006       	mov		R7,R0,lsl #24
               S01:000143E4:  00 7C A0 E1
F07:0007       
F07:0008       	ldrb	R0,[R1,R5,lsr #12]
               S01:000143E8:  25 06 D1 E7
F07:0009       	add		R5,R5,R6
               S01:000143EC:  06 50 85 E0
F07:0010       	mov		R4,R13,lsl #8
               S01:000143F0:  0D 44 A0 E1
F07:0011       	subs	R0,R0,R4,lsr #24
               S01:000143F4:  24 0C 50 E0
F07:0012       	movmi	R0,#0
               S01:000143F8:  00 00 A0 43
F07:0013       	orr		R7,R7,R0,lsl #16
               S01:000143FC:  00 78 87 E1
F07:0014       
F07:0015       	ldrb	R0,[R1,R8,lsr #12]
               S01:00014400:  28 06 D1 E7
F07:0016       	add		R8,R8,R9
               S01:00014404:  09 80 88 E0
F07:0017       	mov		R4,R13,lsl #16
               S01:00014408:  0D 48 A0 E1
F07:0018       	subs	R0,R0,R4, lsr #24
               S01:0001440C:  24 0C 50 E0
F07:0019       	movmi	R0,#0
               S01:00014410:  00 00 A0 43
F07:0020       	orr		R7,R7,R0,lsl #8
               S01:00014414:  00 74 87 E1
F07:0021       
F07:0022       	ldrb	R0,[R1,R11,lsr #12]
               S01:00014418:  2B 06 D1 E7
F07:0023       	add		R11,R11,R12
               S01:0001441C:  0C B0 8B E0
F07:0024       	mov		R4,R13,lsl #24
               S01:00014420:  0D 4C A0 E1
F07:0025       	subs	R0,R0,R4,lsr #24
               S01:00014424:  24 0C 50 E0
F07:0026       	movmi	R0,#0
               S01:00014428:  00 00 A0 43
F07:0027       	orr		R7,R7,R0
               S01:0001442C:  00 70 87 E1
F07:0028       
F07:0029       	str		R7,[R14],#4		
               S01:00014430:  04 70 8E E4
F07:0030       	
F07:0001       	ldrb	R0,[R1,R2,lsr #12]
               S01:00014434:  22 06 D1 E7
F07:0002       	add		R2,R2,R3
               S01:00014438:  03 20 82 E0
F07:0003       	mov		R4,R13,lsr #24
               S01:0001443C:  2D 4C A0 E1
F07:0004       	subs	R0,R0,R4
               S01:00014440:  04 00 50 E0
F07:0005       	movmi	R0,#0
               S01:00014444:  00 00 A0 43
F07:0006       	mov		R7,R0,lsl #24
               S01:00014448:  00 7C A0 E1
F07:0007       
F07:0008       	ldrb	R0,[R1,R5,lsr #12]
               S01:0001444C:  25 06 D1 E7
F07:0009       	add		R5,R5,R6
               S01:00014450:  06 50 85 E0
F07:0010       	mov		R4,R13,lsl #8
               S01:00014454:  0D 44 A0 E1
F07:0011       	subs	R0,R0,R4,lsr #24
               S01:00014458:  24 0C 50 E0
F07:0012       	movmi	R0,#0
               S01:0001445C:  00 00 A0 43
F07:0013       	orr		R7,R7,R0,lsl #16
               S01:00014460:  00 78 87 E1
F07:0014       
F07:0015       	ldrb	R0,[R1,R8,lsr #12]
               S01:00014464:  28 06 D1 E7
F07:0016       	add		R8,R8,R9
               S01:00014468:  09 80 88 E0
F07:0017       	mov		R4,R13,lsl #16
               S01:0001446C:  0D 48 A0 E1
F07:0018       	subs	R0,R0,R4, lsr #24
               S01:00014470:  24 0C 50 E0
F07:0019       	movmi	R0,#0
               S01:00014474:  00 00 A0 43
F07:0020       	orr		R7,R7,R0,lsl #8
               S01:00014478:  00 74 87 E1
F07:0021       
F07:0022       	ldrb	R0,[R1,R11,lsr #12]
               S01:0001447C:  2B 06 D1 E7
F07:0023       	add		R11,R11,R12
               S01:00014480:  0C B0 8B E0
F07:0024       	mov		R4,R13,lsl #24
               S01:00014484:  0D 4C A0 E1
F07:0025       	subs	R0,R0,R4,lsr #24
               S01:00014488:  24 0C 50 E0
F07:0026       	movmi	R0,#0
               S01:0001448C:  00 00 A0 43
F07:0027       	orr		R7,R7,R0
               S01:00014490:  00 70 87 E1
F07:0028       
F07:0029       	str		R7,[R14],#4		
               S01:00014494:  04 70 8E E4
F07:0030       	
F07:0001       	ldrb	R0,[R1,R2,lsr #12]
               S01:00014498:  22 06 D1 E7
F07:0002       	add		R2,R2,R3
               S01:0001449C:  03 20 82 E0
F07:0003       	mov		R4,R13,lsr #24
               S01:000144A0:  2D 4C A0 E1
F07:0004       	subs	R0,R0,R4
               S01:000144A4:  04 00 50 E0
F07:0005       	movmi	R0,#0
               S01:000144A8:  00 00 A0 43
F07:0006       	mov		R7,R0,lsl #24
               S01:000144AC:  00 7C A0 E1
F07:0007       
F07:0008       	ldrb	R0,[R1,R5,lsr #12]
               S01:000144B0:  25 06 D1 E7
F07:0009       	add		R5,R5,R6
               S01:000144B4:  06 50 85 E0
F07:0010       	mov		R4,R13,lsl #8
               S01:000144B8:  0D 44 A0 E1
F07:0011       	subs	R0,R0,R4,lsr #24
               S01:000144BC:  24 0C 50 E0
F07:0012       	movmi	R0,#0
               S01:000144C0:  00 00 A0 43
F07:0013       	orr		R7,R7,R0,lsl #16
               S01:000144C4:  00 78 87 E1
F07:0014       
F07:0015       	ldrb	R0,[R1,R8,lsr #12]
               S01:000144C8:  28 06 D1 E7
F07:0016       	add		R8,R8,R9
               S01:000144CC:  09 80 88 E0
F07:0017       	mov		R4,R13,lsl #16
               S01:000144D0:  0D 48 A0 E1
F07:0018       	subs	R0,R0,R4, lsr #24
               S01:000144D4:  24 0C 50 E0
F07:0019       	movmi	R0,#0
               S01:000144D8:  00 00 A0 43
F07:0020       	orr		R7,R7,R0,lsl #8
               S01:000144DC:  00 74 87 E1
F07:0021       
F07:0022       	ldrb	R0,[R1,R11,lsr #12]
               S01:000144E0:  2B 06 D1 E7
F07:0023       	add		R11,R11,R12
               S01:000144E4:  0C B0 8B E0
F07:0024       	mov		R4,R13,lsl #24
               S01:000144E8:  0D 4C A0 E1
F07:0025       	subs	R0,R0,R4,lsr #24
               S01:000144EC:  24 0C 50 E0
F07:0026       	movmi	R0,#0
               S01:000144F0:  00 00 A0 43
F07:0027       	orr		R7,R7,R0
               S01:000144F4:  00 70 87 E1
F07:0028       
F07:0029       	str		R7,[R14],#4		
               S01:000144F8:  04 70 8E E4
F07:0030       	
F07:0001       	ldrb	R0,[R1,R2,lsr #12]
               S01:000144FC:  22 06 D1 E7
F07:0002       	add		R2,R2,R3
               S01:00014500:  03 20 82 E0
F07:0003       	mov		R4,R13,lsr #24
               S01:00014504:  2D 4C A0 E1
F07:0004       	subs	R0,R0,R4
               S01:00014508:  04 00 50 E0
F07:0005       	movmi	R0,#0
               S01:0001450C:  00 00 A0 43
F07:0006       	mov		R7,R0,lsl #24
               S01:00014510:  00 7C A0 E1
F07:0007       
F07:0008       	ldrb	R0,[R1,R5,lsr #12]
               S01:00014514:  25 06 D1 E7
F07:0009       	add		R5,R5,R6
               S01:00014518:  06 50 85 E0
F07:0010       	mov		R4,R13,lsl #8
               S01:0001451C:  0D 44 A0 E1
F07:0011       	subs	R0,R0,R4,lsr #24
               S01:00014520:  24 0C 50 E0
F07:0012       	movmi	R0,#0
               S01:00014524:  00 00 A0 43
F07:0013       	orr		R7,R7,R0,lsl #16
               S01:00014528:  00 78 87 E1
F07:0014       
F07:0015       	ldrb	R0,[R1,R8,lsr #12]
               S01:0001452C:  28 06 D1 E7
F07:0016       	add		R8,R8,R9
               S01:00014530:  09 80 88 E0
F07:0017       	mov		R4,R13,lsl #16
               S01:00014534:  0D 48 A0 E1
F07:0018       	subs	R0,R0,R4, lsr #24
               S01:00014538:  24 0C 50 E0
F07:0019       	movmi	R0,#0
               S01:0001453C:  00 00 A0 43
F07:0020       	orr		R7,R7,R0,lsl #8
               S01:00014540:  00 74 87 E1
F07:0021       
F07:0022       	ldrb	R0,[R1,R11,lsr #12]
               S01:00014544:  2B 06 D1 E7
F07:0023       	add		R11,R11,R12
               S01:00014548:  0C B0 8B E0
F07:0024       	mov		R4,R13,lsl #24
               S01:0001454C:  0D 4C A0 E1
F07:0025       	subs	R0,R0,R4,lsr #24
               S01:00014550:  24 0C 50 E0
F07:0026       	movmi	R0,#0
               S01:00014554:  00 00 A0 43
F07:0027       	orr		R7,R7,R0
               S01:00014558:  00 70 87 E1
F07:0028       
F07:0029       	str		R7,[R14],#4		
               S01:0001455C:  04 70 8E E4
F07:0030       	
F07:0001       	ldrb	R0,[R1,R2,lsr #12]
               S01:00014560:  22 06 D1 E7
F07:0002       	add		R2,R2,R3
               S01:00014564:  03 20 82 E0
F07:0003       	mov		R4,R13,lsr #24
               S01:00014568:  2D 4C A0 E1
F07:0004       	subs	R0,R0,R4
               S01:0001456C:  04 00 50 E0
F07:0005       	movmi	R0,#0
               S01:00014570:  00 00 A0 43
F07:0006       	mov		R7,R0,lsl #24
               S01:00014574:  00 7C A0 E1
F07:0007       
F07:0008       	ldrb	R0,[R1,R5,lsr #12]
               S01:00014578:  25 06 D1 E7
F07:0009       	add		R5,R5,R6
               S01:0001457C:  06 50 85 E0
F07:0010       	mov		R4,R13,lsl #8
               S01:00014580:  0D 44 A0 E1
F07:0011       	subs	R0,R0,R4,lsr #24
               S01:00014584:  24 0C 50 E0
F07:0012       	movmi	R0,#0
               S01:00014588:  00 00 A0 43
F07:0013       	orr		R7,R7,R0,lsl #16
               S01:0001458C:  00 78 87 E1
F07:0014       
F07:0015       	ldrb	R0,[R1,R8,lsr #12]
               S01:00014590:  28 06 D1 E7
F07:0016       	add		R8,R8,R9
               S01:00014594:  09 80 88 E0
F07:0017       	mov		R4,R13,lsl #16
               S01:00014598:  0D 48 A0 E1
F07:0018       	subs	R0,R0,R4, lsr #24
               S01:0001459C:  24 0C 50 E0
F07:0019       	movmi	R0,#0
               S01:000145A0:  00 00 A0 43
F07:0020       	orr		R7,R7,R0,lsl #8
               S01:000145A4:  00 74 87 E1
F07:0021       
F07:0022       	ldrb	R0,[R1,R11,lsr #12]
               S01:000145A8:  2B 06 D1 E7
F07:0023       	add		R11,R11,R12
               S01:000145AC:  0C B0 8B E0
F07:0024       	mov		R4,R13,lsl #24
               S01:000145B0:  0D 4C A0 E1
F07:0025       	subs	R0,R0,R4,lsr #24
               S01:000145B4:  24 0C 50 E0
F07:0026       	movmi	R0,#0
               S01:000145B8:  00 00 A0 43
F07:0027       	orr		R7,R7,R0
               S01:000145BC:  00 70 87 E1
F07:0028       
F07:0029       	str		R7,[R14],#4		
               S01:000145C0:  04 70 8E E4
F07:0030       	
F07:0001       	ldrb	R0,[R1,R2,lsr #12]
               S01:000145C4:  22 06 D1 E7
F07:0002       	add		R2,R2,R3
               S01:000145C8:  03 20 82 E0
F07:0003       	mov		R4,R13,lsr #24
               S01:000145CC:  2D 4C A0 E1
F07:0004       	subs	R0,R0,R4
               S01:000145D0:  04 00 50 E0
F07:0005       	movmi	R0,#0
               S01:000145D4:  00 00 A0 43
F07:0006       	mov		R7,R0,lsl #24
               S01:000145D8:  00 7C A0 E1
F07:0007       
F07:0008       	ldrb	R0,[R1,R5,lsr #12]
               S01:000145DC:  25 06 D1 E7
F07:0009       	add		R5,R5,R6
               S01:000145E0:  06 50 85 E0
F07:0010       	mov		R4,R13,lsl #8
               S01:000145E4:  0D 44 A0 E1
F07:0011       	subs	R0,R0,R4,lsr #24
               S01:000145E8:  24 0C 50 E0
F07:0012       	movmi	R0,#0
               S01:000145EC:  00 00 A0 43
F07:0013       	orr		R7,R7,R0,lsl #16
               S01:000145F0:  00 78 87 E1
F07:0014       
F07:0015       	ldrb	R0,[R1,R8,lsr #12]
               S01:000145F4:  28 06 D1 E7
F07:0016       	add		R8,R8,R9
               S01:000145F8:  09 80 88 E0
F07:0017       	mov		R4,R13,lsl #16
               S01:000145FC:  0D 48 A0 E1
F07:0018       	subs	R0,R0,R4, lsr #24
               S01:00014600:  24 0C 50 E0
F07:0019       	movmi	R0,#0
               S01:00014604:  00 00 A0 43
F07:0020       	orr		R7,R7,R0,lsl #8
               S01:00014608:  00 74 87 E1
F07:0021       
F07:0022       	ldrb	R0,[R1,R11,lsr #12]
               S01:0001460C:  2B 06 D1 E7
F07:0023       	add		R11,R11,R12
               S01:00014610:  0C B0 8B E0
F07:0024       	mov		R4,R13,lsl #24
               S01:00014614:  0D 4C A0 E1
F07:0025       	subs	R0,R0,R4,lsr #24
               S01:00014618:  24 0C 50 E0
F07:0026       	movmi	R0,#0
               S01:0001461C:  00 00 A0 43
F07:0027       	orr		R7,R7,R0
               S01:00014620:  00 70 87 E1
F07:0028       
F07:0029       	str		R7,[R14],#4		
               S01:00014624:  04 70 8E E4
F07:0030       	
F07:0001       	ldrb	R0,[R1,R2,lsr #12]
               S01:00014628:  22 06 D1 E7
F07:0002       	add		R2,R2,R3
               S01:0001462C:  03 20 82 E0
F07:0003       	mov		R4,R13,lsr #24
               S01:00014630:  2D 4C A0 E1
F07:0004       	subs	R0,R0,R4
               S01:00014634:  04 00 50 E0
F07:0005       	movmi	R0,#0
               S01:00014638:  00 00 A0 43
F07:0006       	mov		R7,R0,lsl #24
               S01:0001463C:  00 7C A0 E1
F07:0007       
F07:0008       	ldrb	R0,[R1,R5,lsr #12]
               S01:00014640:  25 06 D1 E7
F07:0009       	add		R5,R5,R6
               S01:00014644:  06 50 85 E0
F07:0010       	mov		R4,R13,lsl #8
               S01:00014648:  0D 44 A0 E1
F07:0011       	subs	R0,R0,R4,lsr #24
               S01:0001464C:  24 0C 50 E0
F07:0012       	movmi	R0,#0
               S01:00014650:  00 00 A0 43
F07:0013       	orr		R7,R7,R0,lsl #16
               S01:00014654:  00 78 87 E1
F07:0014       
F07:0015       	ldrb	R0,[R1,R8,lsr #12]
               S01:00014658:  28 06 D1 E7
F07:0016       	add		R8,R8,R9
               S01:0001465C:  09 80 88 E0
F07:0017       	mov		R4,R13,lsl #16
               S01:00014660:  0D 48 A0 E1
F07:0018       	subs	R0,R0,R4, lsr #24
               S01:00014664:  24 0C 50 E0
F07:0019       	movmi	R0,#0
               S01:00014668:  00 00 A0 43
F07:0020       	orr		R7,R7,R0,lsl #8
               S01:0001466C:  00 74 87 E1
F07:0021       
F07:0022       	ldrb	R0,[R1,R11,lsr #12]
               S01:00014670:  2B 06 D1 E7
F07:0023       	add		R11,R11,R12
               S01:00014674:  0C B0 8B E0
F07:0024       	mov		R4,R13,lsl #24
               S01:00014678:  0D 4C A0 E1
F07:0025       	subs	R0,R0,R4,lsr #24
               S01:0001467C:  24 0C 50 E0
F07:0026       	movmi	R0,#0
               S01:00014680:  00 00 A0 43
F07:0027       	orr		R7,R7,R0
               S01:00014684:  00 70 87 E1
F07:0028       
F07:0029       	str		R7,[R14],#4		
               S01:00014688:  04 70 8E E4
F07:0030       	
F07:0001       	ldrb	R0,[R1,R2,lsr #12]
               S01:0001468C:  22 06 D1 E7
F07:0002       	add		R2,R2,R3
               S01:00014690:  03 20 82 E0
F07:0003       	mov		R4,R13,lsr #24
               S01:00014694:  2D 4C A0 E1
F07:0004       	subs	R0,R0,R4
               S01:00014698:  04 00 50 E0
F07:0005       	movmi	R0,#0
               S01:0001469C:  00 00 A0 43
F07:0006       	mov		R7,R0,lsl #24
               S01:000146A0:  00 7C A0 E1
F07:0007       
F07:0008       	ldrb	R0,[R1,R5,lsr #12]
               S01:000146A4:  25 06 D1 E7
F07:0009       	add		R5,R5,R6
               S01:000146A8:  06 50 85 E0
F07:0010       	mov		R4,R13,lsl #8
               S01:000146AC:  0D 44 A0 E1
F07:0011       	subs	R0,R0,R4,lsr #24
               S01:000146B0:  24 0C 50 E0
F07:0012       	movmi	R0,#0
               S01:000146B4:  00 00 A0 43
F07:0013       	orr		R7,R7,R0,lsl #16
               S01:000146B8:  00 78 87 E1
F07:0014       
F07:0015       	ldrb	R0,[R1,R8,lsr #12]
               S01:000146BC:  28 06 D1 E7
F07:0016       	add		R8,R8,R9
               S01:000146C0:  09 80 88 E0
F07:0017       	mov		R4,R13,lsl #16
               S01:000146C4:  0D 48 A0 E1
F07:0018       	subs	R0,R0,R4, lsr #24
               S01:000146C8:  24 0C 50 E0
F07:0019       	movmi	R0,#0
               S01:000146CC:  00 00 A0 43
F07:0020       	orr		R7,R7,R0,lsl #8
               S01:000146D0:  00 74 87 E1
F07:0021       
F07:0022       	ldrb	R0,[R1,R11,lsr #12]
               S01:000146D4:  2B 06 D1 E7
F07:0023       	add		R11,R11,R12
               S01:000146D8:  0C B0 8B E0
F07:0024       	mov		R4,R13,lsl #24
               S01:000146DC:  0D 4C A0 E1
F07:0025       	subs	R0,R0,R4,lsr #24
               S01:000146E0:  24 0C 50 E0
F07:0026       	movmi	R0,#0
               S01:000146E4:  00 00 A0 43
F07:0027       	orr		R7,R7,R0
               S01:000146E8:  00 70 87 E1
F07:0028       
F07:0029       	str		R7,[R14],#4		
               S01:000146EC:  04 70 8E E4
F07:0030       	
F07:0001       	ldrb	R0,[R1,R2,lsr #12]
               S01:000146F0:  22 06 D1 E7
F07:0002       	add		R2,R2,R3
               S01:000146F4:  03 20 82 E0
F07:0003       	mov		R4,R13,lsr #24
               S01:000146F8:  2D 4C A0 E1
F07:0004       	subs	R0,R0,R4
               S01:000146FC:  04 00 50 E0
F07:0005       	movmi	R0,#0
               S01:00014700:  00 00 A0 43
F07:0006       	mov		R7,R0,lsl #24
               S01:00014704:  00 7C A0 E1
F07:0007       
F07:0008       	ldrb	R0,[R1,R5,lsr #12]
               S01:00014708:  25 06 D1 E7
F07:0009       	add		R5,R5,R6
               S01:0001470C:  06 50 85 E0
F07:0010       	mov		R4,R13,lsl #8
               S01:00014710:  0D 44 A0 E1
F07:0011       	subs	R0,R0,R4,lsr #24
               S01:00014714:  24 0C 50 E0
F07:0012       	movmi	R0,#0
               S01:00014718:  00 00 A0 43
F07:0013       	orr		R7,R7,R0,lsl #16
               S01:0001471C:  00 78 87 E1
F07:0014       
F07:0015       	ldrb	R0,[R1,R8,lsr #12]
               S01:00014720:  28 06 D1 E7
F07:0016       	add		R8,R8,R9
               S01:00014724:  09 80 88 E0
F07:0017       	mov		R4,R13,lsl #16
               S01:00014728:  0D 48 A0 E1
F07:0018       	subs	R0,R0,R4, lsr #24
               S01:0001472C:  24 0C 50 E0
F07:0019       	movmi	R0,#0
               S01:00014730:  00 00 A0 43
F07:0020       	orr		R7,R7,R0,lsl #8
               S01:00014734:  00 74 87 E1
F07:0021       
F07:0022       	ldrb	R0,[R1,R11,lsr #12]
               S01:00014738:  2B 06 D1 E7
F07:0023       	add		R11,R11,R12
               S01:0001473C:  0C B0 8B E0
F07:0024       	mov		R4,R13,lsl #24
               S01:00014740:  0D 4C A0 E1
F07:0025       	subs	R0,R0,R4,lsr #24
               S01:00014744:  24 0C 50 E0
F07:0026       	movmi	R0,#0
               S01:00014748:  00 00 A0 43
F07:0027       	orr		R7,R7,R0
               S01:0001474C:  00 70 87 E1
F07:0028       
F07:0029       	str		R7,[R14],#4		
               S01:00014750:  04 70 8E E4
F07:0030       	
F07:0001       	ldrb	R0,[R1,R2,lsr #12]
               S01:00014754:  22 06 D1 E7
F07:0002       	add		R2,R2,R3
               S01:00014758:  03 20 82 E0
F07:0003       	mov		R4,R13,lsr #24
               S01:0001475C:  2D 4C A0 E1
F07:0004       	subs	R0,R0,R4
               S01:00014760:  04 00 50 E0
F07:0005       	movmi	R0,#0
               S01:00014764:  00 00 A0 43
F07:0006       	mov		R7,R0,lsl #24
               S01:00014768:  00 7C A0 E1
F07:0007       
F07:0008       	ldrb	R0,[R1,R5,lsr #12]
               S01:0001476C:  25 06 D1 E7
F07:0009       	add		R5,R5,R6
               S01:00014770:  06 50 85 E0
F07:0010       	mov		R4,R13,lsl #8
               S01:00014774:  0D 44 A0 E1
F07:0011       	subs	R0,R0,R4,lsr #24
               S01:00014778:  24 0C 50 E0
F07:0012       	movmi	R0,#0
               S01:0001477C:  00 00 A0 43
F07:0013       	orr		R7,R7,R0,lsl #16
               S01:00014780:  00 78 87 E1
F07:0014       
F07:0015       	ldrb	R0,[R1,R8,lsr #12]
               S01:00014784:  28 06 D1 E7
F07:0016       	add		R8,R8,R9
               S01:00014788:  09 80 88 E0
F07:0017       	mov		R4,R13,lsl #16
               S01:0001478C:  0D 48 A0 E1
F07:0018       	subs	R0,R0,R4, lsr #24
               S01:00014790:  24 0C 50 E0
F07:0019       	movmi	R0,#0
               S01:00014794:  00 00 A0 43
F07:0020       	orr		R7,R7,R0,lsl #8
               S01:00014798:  00 74 87 E1
F07:0021       
F07:0022       	ldrb	R0,[R1,R11,lsr #12]
               S01:0001479C:  2B 06 D1 E7
F07:0023       	add		R11,R11,R12
               S01:000147A0:  0C B0 8B E0
F07:0024       	mov		R4,R13,lsl #24
               S01:000147A4:  0D 4C A0 E1
F07:0025       	subs	R0,R0,R4,lsr #24
               S01:000147A8:  24 0C 50 E0
F07:0026       	movmi	R0,#0
               S01:000147AC:  00 00 A0 43
F07:0027       	orr		R7,R7,R0
               S01:000147B0:  00 70 87 E1
F07:0028       
F07:0029       	str		R7,[R14],#4		
               S01:000147B4:  04 70 8E E4
F07:0030       	
F07:0001       	ldrb	R0,[R1,R2,lsr #12]
               S01:000147B8:  22 06 D1 E7
F07:0002       	add		R2,R2,R3
               S01:000147BC:  03 20 82 E0
F07:0003       	mov		R4,R13,lsr #24
               S01:000147C0:  2D 4C A0 E1
F07:0004       	subs	R0,R0,R4
               S01:000147C4:  04 00 50 E0
F07:0005       	movmi	R0,#0
               S01:000147C8:  00 00 A0 43
F07:0006       	mov		R7,R0,lsl #24
               S01:000147CC:  00 7C A0 E1
F07:0007       
F07:0008       	ldrb	R0,[R1,R5,lsr #12]
               S01:000147D0:  25 06 D1 E7
F07:0009       	add		R5,R5,R6
               S01:000147D4:  06 50 85 E0
F07:0010       	mov		R4,R13,lsl #8
               S01:000147D8:  0D 44 A0 E1
F07:0011       	subs	R0,R0,R4,lsr #24
               S01:000147DC:  24 0C 50 E0
F07:0012       	movmi	R0,#0
               S01:000147E0:  00 00 A0 43
F07:0013       	orr		R7,R7,R0,lsl #16
               S01:000147E4:  00 78 87 E1
F07:0014       
F07:0015       	ldrb	R0,[R1,R8,lsr #12]
               S01:000147E8:  28 06 D1 E7
F07:0016       	add		R8,R8,R9
               S01:000147EC:  09 80 88 E0
F07:0017       	mov		R4,R13,lsl #16
               S01:000147F0:  0D 48 A0 E1
F07:0018       	subs	R0,R0,R4, lsr #24
               S01:000147F4:  24 0C 50 E0
F07:0019       	movmi	R0,#0
               S01:000147F8:  00 00 A0 43
F07:0020       	orr		R7,R7,R0,lsl #8
               S01:000147FC:  00 74 87 E1
F07:0021       
F07:0022       	ldrb	R0,[R1,R11,lsr #12]
               S01:00014800:  2B 06 D1 E7
F07:0023       	add		R11,R11,R12
               S01:00014804:  0C B0 8B E0
F07:0024       	mov		R4,R13,lsl #24
               S01:00014808:  0D 4C A0 E1
F07:0025       	subs	R0,R0,R4,lsr #24
               S01:0001480C:  24 0C 50 E0
F07:0026       	movmi	R0,#0
               S01:00014810:  00 00 A0 43
F07:0027       	orr		R7,R7,R0
               S01:00014814:  00 70 87 E1
F07:0028       
F07:0029       	str		R7,[R14],#4		
               S01:00014818:  04 70 8E E4
F07:0030       	
F07:0001       	ldrb	R0,[R1,R2,lsr #12]
               S01:0001481C:  22 06 D1 E7
F07:0002       	add		R2,R2,R3
               S01:00014820:  03 20 82 E0
F07:0003       	mov		R4,R13,lsr #24
               S01:00014824:  2D 4C A0 E1
F07:0004       	subs	R0,R0,R4
               S01:00014828:  04 00 50 E0
F07:0005       	movmi	R0,#0
               S01:0001482C:  00 00 A0 43
F07:0006       	mov		R7,R0,lsl #24
               S01:00014830:  00 7C A0 E1
F07:0007       
F07:0008       	ldrb	R0,[R1,R5,lsr #12]
               S01:00014834:  25 06 D1 E7
F07:0009       	add		R5,R5,R6
               S01:00014838:  06 50 85 E0
F07:0010       	mov		R4,R13,lsl #8
               S01:0001483C:  0D 44 A0 E1
F07:0011       	subs	R0,R0,R4,lsr #24
               S01:00014840:  24 0C 50 E0
F07:0012       	movmi	R0,#0
               S01:00014844:  00 00 A0 43
F07:0013       	orr		R7,R7,R0,lsl #16
               S01:00014848:  00 78 87 E1
F07:0014       
F07:0015       	ldrb	R0,[R1,R8,lsr #12]
               S01:0001484C:  28 06 D1 E7
F07:0016       	add		R8,R8,R9
               S01:00014850:  09 80 88 E0
F07:0017       	mov		R4,R13,lsl #16
               S01:00014854:  0D 48 A0 E1
F07:0018       	subs	R0,R0,R4, lsr #24
               S01:00014858:  24 0C 50 E0
F07:0019       	movmi	R0,#0
               S01:0001485C:  00 00 A0 43
F07:0020       	orr		R7,R7,R0,lsl #8
               S01:00014860:  00 74 87 E1
F07:0021       
F07:0022       	ldrb	R0,[R1,R11,lsr #12]
               S01:00014864:  2B 06 D1 E7
F07:0023       	add		R11,R11,R12
               S01:00014868:  0C B0 8B E0
F07:0024       	mov		R4,R13,lsl #24
               S01:0001486C:  0D 4C A0 E1
F07:0025       	subs	R0,R0,R4,lsr #24
               S01:00014870:  24 0C 50 E0
F07:0026       	movmi	R0,#0
               S01:00014874:  00 00 A0 43
F07:0027       	orr		R7,R7,R0
               S01:00014878:  00 70 87 E1
F07:0028       
F07:0029       	str		R7,[R14],#4		
               S01:0001487C:  04 70 8E E4
F07:0030       	
F07:0001       	ldrb	R0,[R1,R2,lsr #12]
               S01:00014880:  22 06 D1 E7
F07:0002       	add		R2,R2,R3
               S01:00014884:  03 20 82 E0
F07:0003       	mov		R4,R13,lsr #24
               S01:00014888:  2D 4C A0 E1
F07:0004       	subs	R0,R0,R4
               S01:0001488C:  04 00 50 E0
F07:0005       	movmi	R0,#0
               S01:00014890:  00 00 A0 43
F07:0006       	mov		R7,R0,lsl #24
               S01:00014894:  00 7C A0 E1
F07:0007       
F07:0008       	ldrb	R0,[R1,R5,lsr #12]
               S01:00014898:  25 06 D1 E7
F07:0009       	add		R5,R5,R6
               S01:0001489C:  06 50 85 E0
F07:0010       	mov		R4,R13,lsl #8
               S01:000148A0:  0D 44 A0 E1
F07:0011       	subs	R0,R0,R4,lsr #24
               S01:000148A4:  24 0C 50 E0
F07:0012       	movmi	R0,#0
               S01:000148A8:  00 00 A0 43
F07:0013       	orr		R7,R7,R0,lsl #16
               S01:000148AC:  00 78 87 E1
F07:0014       
F07:0015       	ldrb	R0,[R1,R8,lsr #12]
               S01:000148B0:  28 06 D1 E7
F07:0016       	add		R8,R8,R9
               S01:000148B4:  09 80 88 E0
F07:0017       	mov		R4,R13,lsl #16
               S01:000148B8:  0D 48 A0 E1
F07:0018       	subs	R0,R0,R4, lsr #24
               S01:000148BC:  24 0C 50 E0
F07:0019       	movmi	R0,#0
               S01:000148C0:  00 00 A0 43
F07:0020       	orr		R7,R7,R0,lsl #8
               S01:000148C4:  00 74 87 E1
F07:0021       
F07:0022       	ldrb	R0,[R1,R11,lsr #12]
               S01:000148C8:  2B 06 D1 E7
F07:0023       	add		R11,R11,R12
               S01:000148CC:  0C B0 8B E0
F07:0024       	mov		R4,R13,lsl #24
               S01:000148D0:  0D 4C A0 E1
F07:0025       	subs	R0,R0,R4,lsr #24
               S01:000148D4:  24 0C 50 E0
F07:0026       	movmi	R0,#0
               S01:000148D8:  00 00 A0 43
F07:0027       	orr		R7,R7,R0
               S01:000148DC:  00 70 87 E1
F07:0028       
F07:0029       	str		R7,[R14],#4		
               S01:000148E0:  04 70 8E E4
F07:0030       	
F07:0001       	ldrb	R0,[R1,R2,lsr #12]
               S01:000148E4:  22 06 D1 E7
F07:0002       	add		R2,R2,R3
               S01:000148E8:  03 20 82 E0
F07:0003       	mov		R4,R13,lsr #24
               S01:000148EC:  2D 4C A0 E1
F07:0004       	subs	R0,R0,R4
               S01:000148F0:  04 00 50 E0
F07:0005       	movmi	R0,#0
               S01:000148F4:  00 00 A0 43
F07:0006       	mov		R7,R0,lsl #24
               S01:000148F8:  00 7C A0 E1
F07:0007       
F07:0008       	ldrb	R0,[R1,R5,lsr #12]
               S01:000148FC:  25 06 D1 E7
F07:0009       	add		R5,R5,R6
               S01:00014900:  06 50 85 E0
F07:0010       	mov		R4,R13,lsl #8
               S01:00014904:  0D 44 A0 E1
F07:0011       	subs	R0,R0,R4,lsr #24
               S01:00014908:  24 0C 50 E0
F07:0012       	movmi	R0,#0
               S01:0001490C:  00 00 A0 43
F07:0013       	orr		R7,R7,R0,lsl #16
               S01:00014910:  00 78 87 E1
F07:0014       
F07:0015       	ldrb	R0,[R1,R8,lsr #12]
               S01:00014914:  28 06 D1 E7
F07:0016       	add		R8,R8,R9
               S01:00014918:  09 80 88 E0
F07:0017       	mov		R4,R13,lsl #16
               S01:0001491C:  0D 48 A0 E1
F07:0018       	subs	R0,R0,R4, lsr #24
               S01:00014920:  24 0C 50 E0
F07:0019       	movmi	R0,#0
               S01:00014924:  00 00 A0 43
F07:0020       	orr		R7,R7,R0,lsl #8
               S01:00014928:  00 74 87 E1
F07:0021       
F07:0022       	ldrb	R0,[R1,R11,lsr #12]
               S01:0001492C:  2B 06 D1 E7
F07:0023       	add		R11,R11,R12
               S01:00014930:  0C B0 8B E0
F07:0024       	mov		R4,R13,lsl #24
               S01:00014934:  0D 4C A0 E1
F07:0025       	subs	R0,R0,R4,lsr #24
               S01:00014938:  24 0C 50 E0
F07:0026       	movmi	R0,#0
               S01:0001493C:  00 00 A0 43
F07:0027       	orr		R7,R7,R0
               S01:00014940:  00 70 87 E1
F07:0028       
F07:0029       	str		R7,[R14],#4		
               S01:00014944:  04 70 8E E4
F07:0030       	
F07:0001       	ldrb	R0,[R1,R2,lsr #12]
               S01:00014948:  22 06 D1 E7
F07:0002       	add		R2,R2,R3
               S01:0001494C:  03 20 82 E0
F07:0003       	mov		R4,R13,lsr #24
               S01:00014950:  2D 4C A0 E1
F07:0004       	subs	R0,R0,R4
               S01:00014954:  04 00 50 E0
F07:0005       	movmi	R0,#0
               S01:00014958:  00 00 A0 43
F07:0006       	mov		R7,R0,lsl #24
               S01:0001495C:  00 7C A0 E1
F07:0007       
F07:0008       	ldrb	R0,[R1,R5,lsr #12]
               S01:00014960:  25 06 D1 E7
F07:0009       	add		R5,R5,R6
               S01:00014964:  06 50 85 E0
F07:0010       	mov		R4,R13,lsl #8
               S01:00014968:  0D 44 A0 E1
F07:0011       	subs	R0,R0,R4,lsr #24
               S01:0001496C:  24 0C 50 E0
F07:0012       	movmi	R0,#0
               S01:00014970:  00 00 A0 43
F07:0013       	orr		R7,R7,R0,lsl #16
               S01:00014974:  00 78 87 E1
F07:0014       
F07:0015       	ldrb	R0,[R1,R8,lsr #12]
               S01:00014978:  28 06 D1 E7
F07:0016       	add		R8,R8,R9
               S01:0001497C:  09 80 88 E0
F07:0017       	mov		R4,R13,lsl #16
               S01:00014980:  0D 48 A0 E1
F07:0018       	subs	R0,R0,R4, lsr #24
               S01:00014984:  24 0C 50 E0
F07:0019       	movmi	R0,#0
               S01:00014988:  00 00 A0 43
F07:0020       	orr		R7,R7,R0,lsl #8
               S01:0001498C:  00 74 87 E1
F07:0021       
F07:0022       	ldrb	R0,[R1,R11,lsr #12]
               S01:00014990:  2B 06 D1 E7
F07:0023       	add		R11,R11,R12
               S01:00014994:  0C B0 8B E0
F07:0024       	mov		R4,R13,lsl #24
               S01:00014998:  0D 4C A0 E1
F07:0025       	subs	R0,R0,R4,lsr #24
               S01:0001499C:  24 0C 50 E0
F07:0026       	movmi	R0,#0
               S01:000149A0:  00 00 A0 43
F07:0027       	orr		R7,R7,R0
               S01:000149A4:  00 70 87 E1
F07:0028       
F07:0029       	str		R7,[R14],#4		
               S01:000149A8:  04 70 8E E4
F07:0030       	
F07:0001       	ldrb	R0,[R1,R2,lsr #12]
               S01:000149AC:  22 06 D1 E7
F07:0002       	add		R2,R2,R3
               S01:000149B0:  03 20 82 E0
F07:0003       	mov		R4,R13,lsr #24
               S01:000149B4:  2D 4C A0 E1
F07:0004       	subs	R0,R0,R4
               S01:000149B8:  04 00 50 E0
F07:0005       	movmi	R0,#0
               S01:000149BC:  00 00 A0 43
F07:0006       	mov		R7,R0,lsl #24
               S01:000149C0:  00 7C A0 E1
F07:0007       
F07:0008       	ldrb	R0,[R1,R5,lsr #12]
               S01:000149C4:  25 06 D1 E7
F07:0009       	add		R5,R5,R6
               S01:000149C8:  06 50 85 E0
F07:0010       	mov		R4,R13,lsl #8
               S01:000149CC:  0D 44 A0 E1
F07:0011       	subs	R0,R0,R4,lsr #24
               S01:000149D0:  24 0C 50 E0
F07:0012       	movmi	R0,#0
               S01:000149D4:  00 00 A0 43
F07:0013       	orr		R7,R7,R0,lsl #16
               S01:000149D8:  00 78 87 E1
F07:0014       
F07:0015       	ldrb	R0,[R1,R8,lsr #12]
               S01:000149DC:  28 06 D1 E7
F07:0016       	add		R8,R8,R9
               S01:000149E0:  09 80 88 E0
F07:0017       	mov		R4,R13,lsl #16
               S01:000149E4:  0D 48 A0 E1
F07:0018       	subs	R0,R0,R4, lsr #24
               S01:000149E8:  24 0C 50 E0
F07:0019       	movmi	R0,#0
               S01:000149EC:  00 00 A0 43
F07:0020       	orr		R7,R7,R0,lsl #8
               S01:000149F0:  00 74 87 E1
F07:0021       
F07:0022       	ldrb	R0,[R1,R11,lsr #12]
               S01:000149F4:  2B 06 D1 E7
F07:0023       	add		R11,R11,R12
               S01:000149F8:  0C B0 8B E0
F07:0024       	mov		R4,R13,lsl #24
               S01:000149FC:  0D 4C A0 E1
F07:0025       	subs	R0,R0,R4,lsr #24
               S01:00014A00:  24 0C 50 E0
F07:0026       	movmi	R0,#0
               S01:00014A04:  00 00 A0 43
F07:0027       	orr		R7,R7,R0
               S01:00014A08:  00 70 87 E1
F07:0028       
F07:0029       	str		R7,[R14],#4		
               S01:00014A0C:  04 70 8E E4
F07:0030       	
F07:0001       	ldrb	R0,[R1,R2,lsr #12]
               S01:00014A10:  22 06 D1 E7
F07:0002       	add		R2,R2,R3
               S01:00014A14:  03 20 82 E0
F07:0003       	mov		R4,R13,lsr #24
               S01:00014A18:  2D 4C A0 E1
F07:0004       	subs	R0,R0,R4
               S01:00014A1C:  04 00 50 E0
F07:0005       	movmi	R0,#0
               S01:00014A20:  00 00 A0 43
F07:0006       	mov		R7,R0,lsl #24
               S01:00014A24:  00 7C A0 E1
F07:0007       
F07:0008       	ldrb	R0,[R1,R5,lsr #12]
               S01:00014A28:  25 06 D1 E7
F07:0009       	add		R5,R5,R6
               S01:00014A2C:  06 50 85 E0
F07:0010       	mov		R4,R13,lsl #8
               S01:00014A30:  0D 44 A0 E1
F07:0011       	subs	R0,R0,R4,lsr #24
               S01:00014A34:  24 0C 50 E0
F07:0012       	movmi	R0,#0
               S01:00014A38:  00 00 A0 43
F07:0013       	orr		R7,R7,R0,lsl #16
               S01:00014A3C:  00 78 87 E1
F07:0014       
F07:0015       	ldrb	R0,[R1,R8,lsr #12]
               S01:00014A40:  28 06 D1 E7
F07:0016       	add		R8,R8,R9
               S01:00014A44:  09 80 88 E0
F07:0017       	mov		R4,R13,lsl #16
               S01:00014A48:  0D 48 A0 E1
F07:0018       	subs	R0,R0,R4, lsr #24
               S01:00014A4C:  24 0C 50 E0
F07:0019       	movmi	R0,#0
               S01:00014A50:  00 00 A0 43
F07:0020       	orr		R7,R7,R0,lsl #8
               S01:00014A54:  00 74 87 E1
F07:0021       
F07:0022       	ldrb	R0,[R1,R11,lsr #12]
               S01:00014A58:  2B 06 D1 E7
F07:0023       	add		R11,R11,R12
               S01:00014A5C:  0C B0 8B E0
F07:0024       	mov		R4,R13,lsl #24
               S01:00014A60:  0D 4C A0 E1
F07:0025       	subs	R0,R0,R4,lsr #24
               S01:00014A64:  24 0C 50 E0
F07:0026       	movmi	R0,#0
               S01:00014A68:  00 00 A0 43
F07:0027       	orr		R7,R7,R0
               S01:00014A6C:  00 70 87 E1
F07:0028       
F07:0029       	str		R7,[R14],#4		
               S01:00014A70:  04 70 8E E4
F07:0030       	
F07:0001       	ldrb	R0,[R1,R2,lsr #12]
               S01:00014A74:  22 06 D1 E7
F07:0002       	add		R2,R2,R3
               S01:00014A78:  03 20 82 E0
F07:0003       	mov		R4,R13,lsr #24
               S01:00014A7C:  2D 4C A0 E1
F07:0004       	subs	R0,R0,R4
               S01:00014A80:  04 00 50 E0
F07:0005       	movmi	R0,#0
               S01:00014A84:  00 00 A0 43
F07:0006       	mov		R7,R0,lsl #24
               S01:00014A88:  00 7C A0 E1
F07:0007       
F07:0008       	ldrb	R0,[R1,R5,lsr #12]
               S01:00014A8C:  25 06 D1 E7
F07:0009       	add		R5,R5,R6
               S01:00014A90:  06 50 85 E0
F07:0010       	mov		R4,R13,lsl #8
               S01:00014A94:  0D 44 A0 E1
F07:0011       	subs	R0,R0,R4,lsr #24
               S01:00014A98:  24 0C 50 E0
F07:0012       	movmi	R0,#0
               S01:00014A9C:  00 00 A0 43
F07:0013       	orr		R7,R7,R0,lsl #16
               S01:00014AA0:  00 78 87 E1
F07:0014       
F07:0015       	ldrb	R0,[R1,R8,lsr #12]
               S01:00014AA4:  28 06 D1 E7
F07:0016       	add		R8,R8,R9
               S01:00014AA8:  09 80 88 E0
F07:0017       	mov		R4,R13,lsl #16
               S01:00014AAC:  0D 48 A0 E1
F07:0018       	subs	R0,R0,R4, lsr #24
               S01:00014AB0:  24 0C 50 E0
F07:0019       	movmi	R0,#0
               S01:00014AB4:  00 00 A0 43
F07:0020       	orr		R7,R7,R0,lsl #8
               S01:00014AB8:  00 74 87 E1
F07:0021       
F07:0022       	ldrb	R0,[R1,R11,lsr #12]
               S01:00014ABC:  2B 06 D1 E7
F07:0023       	add		R11,R11,R12
               S01:00014AC0:  0C B0 8B E0
F07:0024       	mov		R4,R13,lsl #24
               S01:00014AC4:  0D 4C A0 E1
F07:0025       	subs	R0,R0,R4,lsr #24
               S01:00014AC8:  24 0C 50 E0
F07:0026       	movmi	R0,#0
               S01:00014ACC:  00 00 A0 43
F07:0027       	orr		R7,R7,R0
               S01:00014AD0:  00 70 87 E1
F07:0028       
F07:0029       	str		R7,[R14],#4		
               S01:00014AD4:  04 70 8E E4
F07:0030       	
F07:0001       	ldrb	R0,[R1,R2,lsr #12]
               S01:00014AD8:  22 06 D1 E7
F07:0002       	add		R2,R2,R3
               S01:00014ADC:  03 20 82 E0
F07:0003       	mov		R4,R13,lsr #24
               S01:00014AE0:  2D 4C A0 E1
F07:0004       	subs	R0,R0,R4
               S01:00014AE4:  04 00 50 E0
F07:0005       	movmi	R0,#0
               S01:00014AE8:  00 00 A0 43
F07:0006       	mov		R7,R0,lsl #24
               S01:00014AEC:  00 7C A0 E1
F07:0007       
F07:0008       	ldrb	R0,[R1,R5,lsr #12]
               S01:00014AF0:  25 06 D1 E7
F07:0009       	add		R5,R5,R6
               S01:00014AF4:  06 50 85 E0
F07:0010       	mov		R4,R13,lsl #8
               S01:00014AF8:  0D 44 A0 E1
F07:0011       	subs	R0,R0,R4,lsr #24
               S01:00014AFC:  24 0C 50 E0
F07:0012       	movmi	R0,#0
               S01:00014B00:  00 00 A0 43
F07:0013       	orr		R7,R7,R0,lsl #16
               S01:00014B04:  00 78 87 E1
F07:0014       
F07:0015       	ldrb	R0,[R1,R8,lsr #12]
               S01:00014B08:  28 06 D1 E7
F07:0016       	add		R8,R8,R9
               S01:00014B0C:  09 80 88 E0
F07:0017       	mov		R4,R13,lsl #16
               S01:00014B10:  0D 48 A0 E1
F07:0018       	subs	R0,R0,R4, lsr #24
               S01:00014B14:  24 0C 50 E0
F07:0019       	movmi	R0,#0
               S01:00014B18:  00 00 A0 43
F07:0020       	orr		R7,R7,R0,lsl #8
               S01:00014B1C:  00 74 87 E1
F07:0021       
F07:0022       	ldrb	R0,[R1,R11,lsr #12]
               S01:00014B20:  2B 06 D1 E7
F07:0023       	add		R11,R11,R12
               S01:00014B24:  0C B0 8B E0
F07:0024       	mov		R4,R13,lsl #24
               S01:00014B28:  0D 4C A0 E1
F07:0025       	subs	R0,R0,R4,lsr #24
               S01:00014B2C:  24 0C 50 E0
F07:0026       	movmi	R0,#0
               S01:00014B30:  00 00 A0 43
F07:0027       	orr		R7,R7,R0
               S01:00014B34:  00 70 87 E1
F07:0028       
F07:0029       	str		R7,[R14],#4		
               S01:00014B38:  04 70 8E E4
F07:0030       	
F07:0001       	ldrb	R0,[R1,R2,lsr #12]
               S01:00014B3C:  22 06 D1 E7
F07:0002       	add		R2,R2,R3
               S01:00014B40:  03 20 82 E0
F07:0003       	mov		R4,R13,lsr #24
               S01:00014B44:  2D 4C A0 E1
F07:0004       	subs	R0,R0,R4
               S01:00014B48:  04 00 50 E0
F07:0005       	movmi	R0,#0
               S01:00014B4C:  00 00 A0 43
F07:0006       	mov		R7,R0,lsl #24
               S01:00014B50:  00 7C A0 E1
F07:0007       
F07:0008       	ldrb	R0,[R1,R5,lsr #12]
               S01:00014B54:  25 06 D1 E7
F07:0009       	add		R5,R5,R6
               S01:00014B58:  06 50 85 E0
F07:0010       	mov		R4,R13,lsl #8
               S01:00014B5C:  0D 44 A0 E1
F07:0011       	subs	R0,R0,R4,lsr #24
               S01:00014B60:  24 0C 50 E0
F07:0012       	movmi	R0,#0
               S01:00014B64:  00 00 A0 43
F07:0013       	orr		R7,R7,R0,lsl #16
               S01:00014B68:  00 78 87 E1
F07:0014       
F07:0015       	ldrb	R0,[R1,R8,lsr #12]
               S01:00014B6C:  28 06 D1 E7
F07:0016       	add		R8,R8,R9
               S01:00014B70:  09 80 88 E0
F07:0017       	mov		R4,R13,lsl #16
               S01:00014B74:  0D 48 A0 E1
F07:0018       	subs	R0,R0,R4, lsr #24
               S01:00014B78:  24 0C 50 E0
F07:0019       	movmi	R0,#0
               S01:00014B7C:  00 00 A0 43
F07:0020       	orr		R7,R7,R0,lsl #8
               S01:00014B80:  00 74 87 E1
F07:0021       
F07:0022       	ldrb	R0,[R1,R11,lsr #12]
               S01:00014B84:  2B 06 D1 E7
F07:0023       	add		R11,R11,R12
               S01:00014B88:  0C B0 8B E0
F07:0024       	mov		R4,R13,lsl #24
               S01:00014B8C:  0D 4C A0 E1
F07:0025       	subs	R0,R0,R4,lsr #24
               S01:00014B90:  24 0C 50 E0
F07:0026       	movmi	R0,#0
               S01:00014B94:  00 00 A0 43
F07:0027       	orr		R7,R7,R0
               S01:00014B98:  00 70 87 E1
F07:0028       
F07:0029       	str		R7,[R14],#4		
               S01:00014B9C:  04 70 8E E4
F07:0030       	
F07:0001       	ldrb	R0,[R1,R2,lsr #12]
               S01:00014BA0:  22 06 D1 E7
F07:0002       	add		R2,R2,R3
               S01:00014BA4:  03 20 82 E0
F07:0003       	mov		R4,R13,lsr #24
               S01:00014BA8:  2D 4C A0 E1
F07:0004       	subs	R0,R0,R4
               S01:00014BAC:  04 00 50 E0
F07:0005       	movmi	R0,#0
               S01:00014BB0:  00 00 A0 43
F07:0006       	mov		R7,R0,lsl #24
               S01:00014BB4:  00 7C A0 E1
F07:0007       
F07:0008       	ldrb	R0,[R1,R5,lsr #12]
               S01:00014BB8:  25 06 D1 E7
F07:0009       	add		R5,R5,R6
               S01:00014BBC:  06 50 85 E0
F07:0010       	mov		R4,R13,lsl #8
               S01:00014BC0:  0D 44 A0 E1
F07:0011       	subs	R0,R0,R4,lsr #24
               S01:00014BC4:  24 0C 50 E0
F07:0012       	movmi	R0,#0
               S01:00014BC8:  00 00 A0 43
F07:0013       	orr		R7,R7,R0,lsl #16
               S01:00014BCC:  00 78 87 E1
F07:0014       
F07:0015       	ldrb	R0,[R1,R8,lsr #12]
               S01:00014BD0:  28 06 D1 E7
F07:0016       	add		R8,R8,R9
               S01:00014BD4:  09 80 88 E0
F07:0017       	mov		R4,R13,lsl #16
               S01:00014BD8:  0D 48 A0 E1
F07:0018       	subs	R0,R0,R4, lsr #24
               S01:00014BDC:  24 0C 50 E0
F07:0019       	movmi	R0,#0
               S01:00014BE0:  00 00 A0 43
F07:0020       	orr		R7,R7,R0,lsl #8
               S01:00014BE4:  00 74 87 E1
F07:0021       
F07:0022       	ldrb	R0,[R1,R11,lsr #12]
               S01:00014BE8:  2B 06 D1 E7
F07:0023       	add		R11,R11,R12
               S01:00014BEC:  0C B0 8B E0
F07:0024       	mov		R4,R13,lsl #24
               S01:00014BF0:  0D 4C A0 E1
F07:0025       	subs	R0,R0,R4,lsr #24
               S01:00014BF4:  24 0C 50 E0
F07:0026       	movmi	R0,#0
               S01:00014BF8:  00 00 A0 43
F07:0027       	orr		R7,R7,R0
               S01:00014BFC:  00 70 87 E1
F07:0028       
F07:0029       	str		R7,[R14],#4		
               S01:00014C00:  04 70 8E E4
F07:0030       	
F07:0001       	ldrb	R0,[R1,R2,lsr #12]
               S01:00014C04:  22 06 D1 E7
F07:0002       	add		R2,R2,R3
               S01:00014C08:  03 20 82 E0
F07:0003       	mov		R4,R13,lsr #24
               S01:00014C0C:  2D 4C A0 E1
F07:0004       	subs	R0,R0,R4
               S01:00014C10:  04 00 50 E0
F07:0005       	movmi	R0,#0
               S01:00014C14:  00 00 A0 43
F07:0006       	mov		R7,R0,lsl #24
               S01:00014C18:  00 7C A0 E1
F07:0007       
F07:0008       	ldrb	R0,[R1,R5,lsr #12]
               S01:00014C1C:  25 06 D1 E7
F07:0009       	add		R5,R5,R6
               S01:00014C20:  06 50 85 E0
F07:0010       	mov		R4,R13,lsl #8
               S01:00014C24:  0D 44 A0 E1
F07:0011       	subs	R0,R0,R4,lsr #24
               S01:00014C28:  24 0C 50 E0
F07:0012       	movmi	R0,#0
               S01:00014C2C:  00 00 A0 43
F07:0013       	orr		R7,R7,R0,lsl #16
               S01:00014C30:  00 78 87 E1
F07:0014       
F07:0015       	ldrb	R0,[R1,R8,lsr #12]
               S01:00014C34:  28 06 D1 E7
F07:0016       	add		R8,R8,R9
               S01:00014C38:  09 80 88 E0
F07:0017       	mov		R4,R13,lsl #16
               S01:00014C3C:  0D 48 A0 E1
F07:0018       	subs	R0,R0,R4, lsr #24
               S01:00014C40:  24 0C 50 E0
F07:0019       	movmi	R0,#0
               S01:00014C44:  00 00 A0 43
F07:0020       	orr		R7,R7,R0,lsl #8
               S01:00014C48:  00 74 87 E1
F07:0021       
F07:0022       	ldrb	R0,[R1,R11,lsr #12]
               S01:00014C4C:  2B 06 D1 E7
F07:0023       	add		R11,R11,R12
               S01:00014C50:  0C B0 8B E0
F07:0024       	mov		R4,R13,lsl #24
               S01:00014C54:  0D 4C A0 E1
F07:0025       	subs	R0,R0,R4,lsr #24
               S01:00014C58:  24 0C 50 E0
F07:0026       	movmi	R0,#0
               S01:00014C5C:  00 00 A0 43
F07:0027       	orr		R7,R7,R0
               S01:00014C60:  00 70 87 E1
F07:0028       
F07:0029       	str		R7,[R14],#4		
               S01:00014C64:  04 70 8E E4
F07:0030       	
F07:0001       	ldrb	R0,[R1,R2,lsr #12]
               S01:00014C68:  22 06 D1 E7
F07:0002       	add		R2,R2,R3
               S01:00014C6C:  03 20 82 E0
F07:0003       	mov		R4,R13,lsr #24
               S01:00014C70:  2D 4C A0 E1
F07:0004       	subs	R0,R0,R4
               S01:00014C74:  04 00 50 E0
F07:0005       	movmi	R0,#0
               S01:00014C78:  00 00 A0 43
F07:0006       	mov		R7,R0,lsl #24
               S01:00014C7C:  00 7C A0 E1
F07:0007       
F07:0008       	ldrb	R0,[R1,R5,lsr #12]
               S01:00014C80:  25 06 D1 E7
F07:0009       	add		R5,R5,R6
               S01:00014C84:  06 50 85 E0
F07:0010       	mov		R4,R13,lsl #8
               S01:00014C88:  0D 44 A0 E1
F07:0011       	subs	R0,R0,R4,lsr #24
               S01:00014C8C:  24 0C 50 E0
F07:0012       	movmi	R0,#0
               S01:00014C90:  00 00 A0 43
F07:0013       	orr		R7,R7,R0,lsl #16
               S01:00014C94:  00 78 87 E1
F07:0014       
F07:0015       	ldrb	R0,[R1,R8,lsr #12]
               S01:00014C98:  28 06 D1 E7
F07:0016       	add		R8,R8,R9
               S01:00014C9C:  09 80 88 E0
F07:0017       	mov		R4,R13,lsl #16
               S01:00014CA0:  0D 48 A0 E1
F07:0018       	subs	R0,R0,R4, lsr #24
               S01:00014CA4:  24 0C 50 E0
F07:0019       	movmi	R0,#0
               S01:00014CA8:  00 00 A0 43
F07:0020       	orr		R7,R7,R0,lsl #8
               S01:00014CAC:  00 74 87 E1
F07:0021       
F07:0022       	ldrb	R0,[R1,R11,lsr #12]
               S01:00014CB0:  2B 06 D1 E7
F07:0023       	add		R11,R11,R12
               S01:00014CB4:  0C B0 8B E0
F07:0024       	mov		R4,R13,lsl #24
               S01:00014CB8:  0D 4C A0 E1
F07:0025       	subs	R0,R0,R4,lsr #24
               S01:00014CBC:  24 0C 50 E0
F07:0026       	movmi	R0,#0
               S01:00014CC0:  00 00 A0 43
F07:0027       	orr		R7,R7,R0
               S01:00014CC4:  00 70 87 E1
F07:0028       
F07:0029       	str		R7,[R14],#4		
               S01:00014CC8:  04 70 8E E4
F07:0030       	
F07:0001       	ldrb	R0,[R1,R2,lsr #12]
               S01:00014CCC:  22 06 D1 E7
F07:0002       	add		R2,R2,R3
               S01:00014CD0:  03 20 82 E0
F07:0003       	mov		R4,R13,lsr #24
               S01:00014CD4:  2D 4C A0 E1
F07:0004       	subs	R0,R0,R4
               S01:00014CD8:  04 00 50 E0
F07:0005       	movmi	R0,#0
               S01:00014CDC:  00 00 A0 43
F07:0006       	mov		R7,R0,lsl #24
               S01:00014CE0:  00 7C A0 E1
F07:0007       
F07:0008       	ldrb	R0,[R1,R5,lsr #12]
               S01:00014CE4:  25 06 D1 E7
F07:0009       	add		R5,R5,R6
               S01:00014CE8:  06 50 85 E0
F07:0010       	mov		R4,R13,lsl #8
               S01:00014CEC:  0D 44 A0 E1
F07:0011       	subs	R0,R0,R4,lsr #24
               S01:00014CF0:  24 0C 50 E0
F07:0012       	movmi	R0,#0
               S01:00014CF4:  00 00 A0 43
F07:0013       	orr		R7,R7,R0,lsl #16
               S01:00014CF8:  00 78 87 E1
F07:0014       
F07:0015       	ldrb	R0,[R1,R8,lsr #12]
               S01:00014CFC:  28 06 D1 E7
F07:0016       	add		R8,R8,R9
               S01:00014D00:  09 80 88 E0
F07:0017       	mov		R4,R13,lsl #16
               S01:00014D04:  0D 48 A0 E1
F07:0018       	subs	R0,R0,R4, lsr #24
               S01:00014D08:  24 0C 50 E0
F07:0019       	movmi	R0,#0
               S01:00014D0C:  00 00 A0 43
F07:0020       	orr		R7,R7,R0,lsl #8
               S01:00014D10:  00 74 87 E1
F07:0021       
F07:0022       	ldrb	R0,[R1,R11,lsr #12]
               S01:00014D14:  2B 06 D1 E7
F07:0023       	add		R11,R11,R12
               S01:00014D18:  0C B0 8B E0
F07:0024       	mov		R4,R13,lsl #24
               S01:00014D1C:  0D 4C A0 E1
F07:0025       	subs	R0,R0,R4,lsr #24
               S01:00014D20:  24 0C 50 E0
F07:0026       	movmi	R0,#0
               S01:00014D24:  00 00 A0 43
F07:0027       	orr		R7,R7,R0
               S01:00014D28:  00 70 87 E1
F07:0028       
F07:0029       	str		R7,[R14],#4		
               S01:00014D2C:  04 70 8E E4
F07:0030       	
F07:0001       	ldrb	R0,[R1,R2,lsr #12]
               S01:00014D30:  22 06 D1 E7
F07:0002       	add		R2,R2,R3
               S01:00014D34:  03 20 82 E0
F07:0003       	mov		R4,R13,lsr #24
               S01:00014D38:  2D 4C A0 E1
F07:0004       	subs	R0,R0,R4
               S01:00014D3C:  04 00 50 E0
F07:0005       	movmi	R0,#0
               S01:00014D40:  00 00 A0 43
F07:0006       	mov		R7,R0,lsl #24
               S01:00014D44:  00 7C A0 E1
F07:0007       
F07:0008       	ldrb	R0,[R1,R5,lsr #12]
               S01:00014D48:  25 06 D1 E7
F07:0009       	add		R5,R5,R6
               S01:00014D4C:  06 50 85 E0
F07:0010       	mov		R4,R13,lsl #8
               S01:00014D50:  0D 44 A0 E1
F07:0011       	subs	R0,R0,R4,lsr #24
               S01:00014D54:  24 0C 50 E0
F07:0012       	movmi	R0,#0
               S01:00014D58:  00 00 A0 43
F07:0013       	orr		R7,R7,R0,lsl #16
               S01:00014D5C:  00 78 87 E1
F07:0014       
F07:0015       	ldrb	R0,[R1,R8,lsr #12]
               S01:00014D60:  28 06 D1 E7
F07:0016       	add		R8,R8,R9
               S01:00014D64:  09 80 88 E0
F07:0017       	mov		R4,R13,lsl #16
               S01:00014D68:  0D 48 A0 E1
F07:0018       	subs	R0,R0,R4, lsr #24
               S01:00014D6C:  24 0C 50 E0
F07:0019       	movmi	R0,#0
               S01:00014D70:  00 00 A0 43
F07:0020       	orr		R7,R7,R0,lsl #8
               S01:00014D74:  00 74 87 E1
F07:0021       
F07:0022       	ldrb	R0,[R1,R11,lsr #12]
               S01:00014D78:  2B 06 D1 E7
F07:0023       	add		R11,R11,R12
               S01:00014D7C:  0C B0 8B E0
F07:0024       	mov		R4,R13,lsl #24
               S01:00014D80:  0D 4C A0 E1
F07:0025       	subs	R0,R0,R4,lsr #24
               S01:00014D84:  24 0C 50 E0
F07:0026       	movmi	R0,#0
               S01:00014D88:  00 00 A0 43
F07:0027       	orr		R7,R7,R0
               S01:00014D8C:  00 70 87 E1
F07:0028       
F07:0029       	str		R7,[R14],#4		
               S01:00014D90:  04 70 8E E4
F07:0030       	
F07:0001       	ldrb	R0,[R1,R2,lsr #12]
               S01:00014D94:  22 06 D1 E7
F07:0002       	add		R2,R2,R3
               S01:00014D98:  03 20 82 E0
F07:0003       	mov		R4,R13,lsr #24
               S01:00014D9C:  2D 4C A0 E1
F07:0004       	subs	R0,R0,R4
               S01:00014DA0:  04 00 50 E0
F07:0005       	movmi	R0,#0
               S01:00014DA4:  00 00 A0 43
F07:0006       	mov		R7,R0,lsl #24
               S01:00014DA8:  00 7C A0 E1
F07:0007       
F07:0008       	ldrb	R0,[R1,R5,lsr #12]
               S01:00014DAC:  25 06 D1 E7
F07:0009       	add		R5,R5,R6
               S01:00014DB0:  06 50 85 E0
F07:0010       	mov		R4,R13,lsl #8
               S01:00014DB4:  0D 44 A0 E1
F07:0011       	subs	R0,R0,R4,lsr #24
               S01:00014DB8:  24 0C 50 E0
F07:0012       	movmi	R0,#0
               S01:00014DBC:  00 00 A0 43
F07:0013       	orr		R7,R7,R0,lsl #16
               S01:00014DC0:  00 78 87 E1
F07:0014       
F07:0015       	ldrb	R0,[R1,R8,lsr #12]
               S01:00014DC4:  28 06 D1 E7
F07:0016       	add		R8,R8,R9
               S01:00014DC8:  09 80 88 E0
F07:0017       	mov		R4,R13,lsl #16
               S01:00014DCC:  0D 48 A0 E1
F07:0018       	subs	R0,R0,R4, lsr #24
               S01:00014DD0:  24 0C 50 E0
F07:0019       	movmi	R0,#0
               S01:00014DD4:  00 00 A0 43
F07:0020       	orr		R7,R7,R0,lsl #8
               S01:00014DD8:  00 74 87 E1
F07:0021       
F07:0022       	ldrb	R0,[R1,R11,lsr #12]
               S01:00014DDC:  2B 06 D1 E7
F07:0023       	add		R11,R11,R12
               S01:00014DE0:  0C B0 8B E0
F07:0024       	mov		R4,R13,lsl #24
               S01:00014DE4:  0D 4C A0 E1
F07:0025       	subs	R0,R0,R4,lsr #24
               S01:00014DE8:  24 0C 50 E0
F07:0026       	movmi	R0,#0
               S01:00014DEC:  00 00 A0 43
F07:0027       	orr		R7,R7,R0
               S01:00014DF0:  00 70 87 E1
F07:0028       
F07:0029       	str		R7,[R14],#4		
               S01:00014DF4:  04 70 8E E4
F07:0030       	
F07:0001       	ldrb	R0,[R1,R2,lsr #12]
               S01:00014DF8:  22 06 D1 E7
F07:0002       	add		R2,R2,R3
               S01:00014DFC:  03 20 82 E0
F07:0003       	mov		R4,R13,lsr #24
               S01:00014E00:  2D 4C A0 E1
F07:0004       	subs	R0,R0,R4
               S01:00014E04:  04 00 50 E0
F07:0005       	movmi	R0,#0
               S01:00014E08:  00 00 A0 43
F07:0006       	mov		R7,R0,lsl #24
               S01:00014E0C:  00 7C A0 E1
F07:0007       
F07:0008       	ldrb	R0,[R1,R5,lsr #12]
               S01:00014E10:  25 06 D1 E7
F07:0009       	add		R5,R5,R6
               S01:00014E14:  06 50 85 E0
F07:0010       	mov		R4,R13,lsl #8
               S01:00014E18:  0D 44 A0 E1
F07:0011       	subs	R0,R0,R4,lsr #24
               S01:00014E1C:  24 0C 50 E0
F07:0012       	movmi	R0,#0
               S01:00014E20:  00 00 A0 43
F07:0013       	orr		R7,R7,R0,lsl #16
               S01:00014E24:  00 78 87 E1
F07:0014       
F07:0015       	ldrb	R0,[R1,R8,lsr #12]
               S01:00014E28:  28 06 D1 E7
F07:0016       	add		R8,R8,R9
               S01:00014E2C:  09 80 88 E0
F07:0017       	mov		R4,R13,lsl #16
               S01:00014E30:  0D 48 A0 E1
F07:0018       	subs	R0,R0,R4, lsr #24
               S01:00014E34:  24 0C 50 E0
F07:0019       	movmi	R0,#0
               S01:00014E38:  00 00 A0 43
F07:0020       	orr		R7,R7,R0,lsl #8
               S01:00014E3C:  00 74 87 E1
F07:0021       
F07:0022       	ldrb	R0,[R1,R11,lsr #12]
               S01:00014E40:  2B 06 D1 E7
F07:0023       	add		R11,R11,R12
               S01:00014E44:  0C B0 8B E0
F07:0024       	mov		R4,R13,lsl #24
               S01:00014E48:  0D 4C A0 E1
F07:0025       	subs	R0,R0,R4,lsr #24
               S01:00014E4C:  24 0C 50 E0
F07:0026       	movmi	R0,#0
               S01:00014E50:  00 00 A0 43
F07:0027       	orr		R7,R7,R0
               S01:00014E54:  00 70 87 E1
F07:0028       
F07:0029       	str		R7,[R14],#4		
               S01:00014E58:  04 70 8E E4
F07:0030       	
F07:0001       	ldrb	R0,[R1,R2,lsr #12]
               S01:00014E5C:  22 06 D1 E7
F07:0002       	add		R2,R2,R3
               S01:00014E60:  03 20 82 E0
F07:0003       	mov		R4,R13,lsr #24
               S01:00014E64:  2D 4C A0 E1
F07:0004       	subs	R0,R0,R4
               S01:00014E68:  04 00 50 E0
F07:0005       	movmi	R0,#0
               S01:00014E6C:  00 00 A0 43
F07:0006       	mov		R7,R0,lsl #24
               S01:00014E70:  00 7C A0 E1
F07:0007       
F07:0008       	ldrb	R0,[R1,R5,lsr #12]
               S01:00014E74:  25 06 D1 E7
F07:0009       	add		R5,R5,R6
               S01:00014E78:  06 50 85 E0
F07:0010       	mov		R4,R13,lsl #8
               S01:00014E7C:  0D 44 A0 E1
F07:0011       	subs	R0,R0,R4,lsr #24
               S01:00014E80:  24 0C 50 E0
F07:0012       	movmi	R0,#0
               S01:00014E84:  00 00 A0 43
F07:0013       	orr		R7,R7,R0,lsl #16
               S01:00014E88:  00 78 87 E1
F07:0014       
F07:0015       	ldrb	R0,[R1,R8,lsr #12]
               S01:00014E8C:  28 06 D1 E7
F07:0016       	add		R8,R8,R9
               S01:00014E90:  09 80 88 E0
F07:0017       	mov		R4,R13,lsl #16
               S01:00014E94:  0D 48 A0 E1
F07:0018       	subs	R0,R0,R4, lsr #24
               S01:00014E98:  24 0C 50 E0
F07:0019       	movmi	R0,#0
               S01:00014E9C:  00 00 A0 43
F07:0020       	orr		R7,R7,R0,lsl #8
               S01:00014EA0:  00 74 87 E1
F07:0021       
F07:0022       	ldrb	R0,[R1,R11,lsr #12]
               S01:00014EA4:  2B 06 D1 E7
F07:0023       	add		R11,R11,R12
               S01:00014EA8:  0C B0 8B E0
F07:0024       	mov		R4,R13,lsl #24
               S01:00014EAC:  0D 4C A0 E1
F07:0025       	subs	R0,R0,R4,lsr #24
               S01:00014EB0:  24 0C 50 E0
F07:0026       	movmi	R0,#0
               S01:00014EB4:  00 00 A0 43
F07:0027       	orr		R7,R7,R0
               S01:00014EB8:  00 70 87 E1
F07:0028       
F07:0029       	str		R7,[R14],#4		
               S01:00014EBC:  04 70 8E E4
F07:0030       	
F07:0001       	ldrb	R0,[R1,R2,lsr #12]
               S01:00014EC0:  22 06 D1 E7
F07:0002       	add		R2,R2,R3
               S01:00014EC4:  03 20 82 E0
F07:0003       	mov		R4,R13,lsr #24
               S01:00014EC8:  2D 4C A0 E1
F07:0004       	subs	R0,R0,R4
               S01:00014ECC:  04 00 50 E0
F07:0005       	movmi	R0,#0
               S01:00014ED0:  00 00 A0 43
F07:0006       	mov		R7,R0,lsl #24
               S01:00014ED4:  00 7C A0 E1
F07:0007       
F07:0008       	ldrb	R0,[R1,R5,lsr #12]
               S01:00014ED8:  25 06 D1 E7
F07:0009       	add		R5,R5,R6
               S01:00014EDC:  06 50 85 E0
F07:0010       	mov		R4,R13,lsl #8
               S01:00014EE0:  0D 44 A0 E1
F07:0011       	subs	R0,R0,R4,lsr #24
               S01:00014EE4:  24 0C 50 E0
F07:0012       	movmi	R0,#0
               S01:00014EE8:  00 00 A0 43
F07:0013       	orr		R7,R7,R0,lsl #16
               S01:00014EEC:  00 78 87 E1
F07:0014       
F07:0015       	ldrb	R0,[R1,R8,lsr #12]
               S01:00014EF0:  28 06 D1 E7
F07:0016       	add		R8,R8,R9
               S01:00014EF4:  09 80 88 E0
F07:0017       	mov		R4,R13,lsl #16
               S01:00014EF8:  0D 48 A0 E1
F07:0018       	subs	R0,R0,R4, lsr #24
               S01:00014EFC:  24 0C 50 E0
F07:0019       	movmi	R0,#0
               S01:00014F00:  00 00 A0 43
F07:0020       	orr		R7,R7,R0,lsl #8
               S01:00014F04:  00 74 87 E1
F07:0021       
F07:0022       	ldrb	R0,[R1,R11,lsr #12]
               S01:00014F08:  2B 06 D1 E7
F07:0023       	add		R11,R11,R12
               S01:00014F0C:  0C B0 8B E0
F07:0024       	mov		R4,R13,lsl #24
               S01:00014F10:  0D 4C A0 E1
F07:0025       	subs	R0,R0,R4,lsr #24
               S01:00014F14:  24 0C 50 E0
F07:0026       	movmi	R0,#0
               S01:00014F18:  00 00 A0 43
F07:0027       	orr		R7,R7,R0
               S01:00014F1C:  00 70 87 E1
F07:0028       
F07:0029       	str		R7,[R14],#4		
               S01:00014F20:  04 70 8E E4
F07:0030       	
F07:0001       	ldrb	R0,[R1,R2,lsr #12]
               S01:00014F24:  22 06 D1 E7
F07:0002       	add		R2,R2,R3
               S01:00014F28:  03 20 82 E0
F07:0003       	mov		R4,R13,lsr #24
               S01:00014F2C:  2D 4C A0 E1
F07:0004       	subs	R0,R0,R4
               S01:00014F30:  04 00 50 E0
F07:0005       	movmi	R0,#0
               S01:00014F34:  00 00 A0 43
F07:0006       	mov		R7,R0,lsl #24
               S01:00014F38:  00 7C A0 E1
F07:0007       
F07:0008       	ldrb	R0,[R1,R5,lsr #12]
               S01:00014F3C:  25 06 D1 E7
F07:0009       	add		R5,R5,R6
               S01:00014F40:  06 50 85 E0
F07:0010       	mov		R4,R13,lsl #8
               S01:00014F44:  0D 44 A0 E1
F07:0011       	subs	R0,R0,R4,lsr #24
               S01:00014F48:  24 0C 50 E0
F07:0012       	movmi	R0,#0
               S01:00014F4C:  00 00 A0 43
F07:0013       	orr		R7,R7,R0,lsl #16
               S01:00014F50:  00 78 87 E1
F07:0014       
F07:0015       	ldrb	R0,[R1,R8,lsr #12]
               S01:00014F54:  28 06 D1 E7
F07:0016       	add		R8,R8,R9
               S01:00014F58:  09 80 88 E0
F07:0017       	mov		R4,R13,lsl #16
               S01:00014F5C:  0D 48 A0 E1
F07:0018       	subs	R0,R0,R4, lsr #24
               S01:00014F60:  24 0C 50 E0
F07:0019       	movmi	R0,#0
               S01:00014F64:  00 00 A0 43
F07:0020       	orr		R7,R7,R0,lsl #8
               S01:00014F68:  00 74 87 E1
F07:0021       
F07:0022       	ldrb	R0,[R1,R11,lsr #12]
               S01:00014F6C:  2B 06 D1 E7
F07:0023       	add		R11,R11,R12
               S01:00014F70:  0C B0 8B E0
F07:0024       	mov		R4,R13,lsl #24
               S01:00014F74:  0D 4C A0 E1
F07:0025       	subs	R0,R0,R4,lsr #24
               S01:00014F78:  24 0C 50 E0
F07:0026       	movmi	R0,#0
               S01:00014F7C:  00 00 A0 43
F07:0027       	orr		R7,R7,R0
               S01:00014F80:  00 70 87 E1
F07:0028       
F07:0029       	str		R7,[R14],#4		
               S01:00014F84:  04 70 8E E4
F07:0030       	
F07:0001       	ldrb	R0,[R1,R2,lsr #12]
               S01:00014F88:  22 06 D1 E7
F07:0002       	add		R2,R2,R3
               S01:00014F8C:  03 20 82 E0
F07:0003       	mov		R4,R13,lsr #24
               S01:00014F90:  2D 4C A0 E1
F07:0004       	subs	R0,R0,R4
               S01:00014F94:  04 00 50 E0
F07:0005       	movmi	R0,#0
               S01:00014F98:  00 00 A0 43
F07:0006       	mov		R7,R0,lsl #24
               S01:00014F9C:  00 7C A0 E1
F07:0007       
F07:0008       	ldrb	R0,[R1,R5,lsr #12]
               S01:00014FA0:  25 06 D1 E7
F07:0009       	add		R5,R5,R6
               S01:00014FA4:  06 50 85 E0
F07:0010       	mov		R4,R13,lsl #8
               S01:00014FA8:  0D 44 A0 E1
F07:0011       	subs	R0,R0,R4,lsr #24
               S01:00014FAC:  24 0C 50 E0
F07:0012       	movmi	R0,#0
               S01:00014FB0:  00 00 A0 43
F07:0013       	orr		R7,R7,R0,lsl #16
               S01:00014FB4:  00 78 87 E1
F07:0014       
F07:0015       	ldrb	R0,[R1,R8,lsr #12]
               S01:00014FB8:  28 06 D1 E7
F07:0016       	add		R8,R8,R9
               S01:00014FBC:  09 80 88 E0
F07:0017       	mov		R4,R13,lsl #16
               S01:00014FC0:  0D 48 A0 E1
F07:0018       	subs	R0,R0,R4, lsr #24
               S01:00014FC4:  24 0C 50 E0
F07:0019       	movmi	R0,#0
               S01:00014FC8:  00 00 A0 43
F07:0020       	orr		R7,R7,R0,lsl #8
               S01:00014FCC:  00 74 87 E1
F07:0021       
F07:0022       	ldrb	R0,[R1,R11,lsr #12]
               S01:00014FD0:  2B 06 D1 E7
F07:0023       	add		R11,R11,R12
               S01:00014FD4:  0C B0 8B E0
F07:0024       	mov		R4,R13,lsl #24
               S01:00014FD8:  0D 4C A0 E1
F07:0025       	subs	R0,R0,R4,lsr #24
               S01:00014FDC:  24 0C 50 E0
F07:0026       	movmi	R0,#0
               S01:00014FE0:  00 00 A0 43
F07:0027       	orr		R7,R7,R0
               S01:00014FE4:  00 70 87 E1
F07:0028       
F07:0029       	str		R7,[R14],#4		
               S01:00014FE8:  04 70 8E E4
F07:0030       	
F07:0001       	ldrb	R0,[R1,R2,lsr #12]
               S01:00014FEC:  22 06 D1 E7
F07:0002       	add		R2,R2,R3
               S01:00014FF0:  03 20 82 E0
F07:0003       	mov		R4,R13,lsr #24
               S01:00014FF4:  2D 4C A0 E1
F07:0004       	subs	R0,R0,R4
               S01:00014FF8:  04 00 50 E0
F07:0005       	movmi	R0,#0
               S01:00014FFC:  00 00 A0 43
F07:0006       	mov		R7,R0,lsl #24
               S01:00015000:  00 7C A0 E1
F07:0007       
F07:0008       	ldrb	R0,[R1,R5,lsr #12]
               S01:00015004:  25 06 D1 E7
F07:0009       	add		R5,R5,R6
               S01:00015008:  06 50 85 E0
F07:0010       	mov		R4,R13,lsl #8
               S01:0001500C:  0D 44 A0 E1
F07:0011       	subs	R0,R0,R4,lsr #24
               S01:00015010:  24 0C 50 E0
F07:0012       	movmi	R0,#0
               S01:00015014:  00 00 A0 43
F07:0013       	orr		R7,R7,R0,lsl #16
               S01:00015018:  00 78 87 E1
F07:0014       
F07:0015       	ldrb	R0,[R1,R8,lsr #12]
               S01:0001501C:  28 06 D1 E7
F07:0016       	add		R8,R8,R9
               S01:00015020:  09 80 88 E0
F07:0017       	mov		R4,R13,lsl #16
               S01:00015024:  0D 48 A0 E1
F07:0018       	subs	R0,R0,R4, lsr #24
               S01:00015028:  24 0C 50 E0
F07:0019       	movmi	R0,#0
               S01:0001502C:  00 00 A0 43
F07:0020       	orr		R7,R7,R0,lsl #8
               S01:00015030:  00 74 87 E1
F07:0021       
F07:0022       	ldrb	R0,[R1,R11,lsr #12]
               S01:00015034:  2B 06 D1 E7
F07:0023       	add		R11,R11,R12
               S01:00015038:  0C B0 8B E0
F07:0024       	mov		R4,R13,lsl #24
               S01:0001503C:  0D 4C A0 E1
F07:0025       	subs	R0,R0,R4,lsr #24
               S01:00015040:  24 0C 50 E0
F07:0026       	movmi	R0,#0
               S01:00015044:  00 00 A0 43
F07:0027       	orr		R7,R7,R0
               S01:00015048:  00 70 87 E1
F07:0028       
F07:0029       	str		R7,[R14],#4		
               S01:0001504C:  04 70 8E E4
F07:0030       	
F07:0001       	ldrb	R0,[R1,R2,lsr #12]
               S01:00015050:  22 06 D1 E7
F07:0002       	add		R2,R2,R3
               S01:00015054:  03 20 82 E0
F07:0003       	mov		R4,R13,lsr #24
               S01:00015058:  2D 4C A0 E1
F07:0004       	subs	R0,R0,R4
               S01:0001505C:  04 00 50 E0
F07:0005       	movmi	R0,#0
               S01:00015060:  00 00 A0 43
F07:0006       	mov		R7,R0,lsl #24
               S01:00015064:  00 7C A0 E1
F07:0007       
F07:0008       	ldrb	R0,[R1,R5,lsr #12]
               S01:00015068:  25 06 D1 E7
F07:0009       	add		R5,R5,R6
               S01:0001506C:  06 50 85 E0
F07:0010       	mov		R4,R13,lsl #8
               S01:00015070:  0D 44 A0 E1
F07:0011       	subs	R0,R0,R4,lsr #24
               S01:00015074:  24 0C 50 E0
F07:0012       	movmi	R0,#0
               S01:00015078:  00 00 A0 43
F07:0013       	orr		R7,R7,R0,lsl #16
               S01:0001507C:  00 78 87 E1
F07:0014       
F07:0015       	ldrb	R0,[R1,R8,lsr #12]
               S01:00015080:  28 06 D1 E7
F07:0016       	add		R8,R8,R9
               S01:00015084:  09 80 88 E0
F07:0017       	mov		R4,R13,lsl #16
               S01:00015088:  0D 48 A0 E1
F07:0018       	subs	R0,R0,R4, lsr #24
               S01:0001508C:  24 0C 50 E0
F07:0019       	movmi	R0,#0
               S01:00015090:  00 00 A0 43
F07:0020       	orr		R7,R7,R0,lsl #8
               S01:00015094:  00 74 87 E1
F07:0021       
F07:0022       	ldrb	R0,[R1,R11,lsr #12]
               S01:00015098:  2B 06 D1 E7
F07:0023       	add		R11,R11,R12
               S01:0001509C:  0C B0 8B E0
F07:0024       	mov		R4,R13,lsl #24
               S01:000150A0:  0D 4C A0 E1
F07:0025       	subs	R0,R0,R4,lsr #24
               S01:000150A4:  24 0C 50 E0
F07:0026       	movmi	R0,#0
               S01:000150A8:  00 00 A0 43
F07:0027       	orr		R7,R7,R0
               S01:000150AC:  00 70 87 E1
F07:0028       
F07:0029       	str		R7,[R14],#4		
               S01:000150B0:  04 70 8E E4
F07:0030       	
F07:0001       	ldrb	R0,[R1,R2,lsr #12]
               S01:000150B4:  22 06 D1 E7
F07:0002       	add		R2,R2,R3
               S01:000150B8:  03 20 82 E0
F07:0003       	mov		R4,R13,lsr #24
               S01:000150BC:  2D 4C A0 E1
F07:0004       	subs	R0,R0,R4
               S01:000150C0:  04 00 50 E0
F07:0005       	movmi	R0,#0
               S01:000150C4:  00 00 A0 43
F07:0006       	mov		R7,R0,lsl #24
               S01:000150C8:  00 7C A0 E1
F07:0007       
F07:0008       	ldrb	R0,[R1,R5,lsr #12]
               S01:000150CC:  25 06 D1 E7
F07:0009       	add		R5,R5,R6
               S01:000150D0:  06 50 85 E0
F07:0010       	mov		R4,R13,lsl #8
               S01:000150D4:  0D 44 A0 E1
F07:0011       	subs	R0,R0,R4,lsr #24
               S01:000150D8:  24 0C 50 E0
F07:0012       	movmi	R0,#0
               S01:000150DC:  00 00 A0 43
F07:0013       	orr		R7,R7,R0,lsl #16
               S01:000150E0:  00 78 87 E1
F07:0014       
F07:0015       	ldrb	R0,[R1,R8,lsr #12]
               S01:000150E4:  28 06 D1 E7
F07:0016       	add		R8,R8,R9
               S01:000150E8:  09 80 88 E0
F07:0017       	mov		R4,R13,lsl #16
               S01:000150EC:  0D 48 A0 E1
F07:0018       	subs	R0,R0,R4, lsr #24
               S01:000150F0:  24 0C 50 E0
F07:0019       	movmi	R0,#0
               S01:000150F4:  00 00 A0 43
F07:0020       	orr		R7,R7,R0,lsl #8
               S01:000150F8:  00 74 87 E1
F07:0021       
F07:0022       	ldrb	R0,[R1,R11,lsr #12]
               S01:000150FC:  2B 06 D1 E7
F07:0023       	add		R11,R11,R12
               S01:00015100:  0C B0 8B E0
F07:0024       	mov		R4,R13,lsl #24
               S01:00015104:  0D 4C A0 E1
F07:0025       	subs	R0,R0,R4,lsr #24
               S01:00015108:  24 0C 50 E0
F07:0026       	movmi	R0,#0
               S01:0001510C:  00 00 A0 43
F07:0027       	orr		R7,R7,R0
               S01:00015110:  00 70 87 E1
F07:0028       
F07:0029       	str		R7,[R14],#4		
               S01:00015114:  04 70 8E E4
F07:0030       	
F07:0001       	ldrb	R0,[R1,R2,lsr #12]
               S01:00015118:  22 06 D1 E7
F07:0002       	add		R2,R2,R3
               S01:0001511C:  03 20 82 E0
F07:0003       	mov		R4,R13,lsr #24
               S01:00015120:  2D 4C A0 E1
F07:0004       	subs	R0,R0,R4
               S01:00015124:  04 00 50 E0
F07:0005       	movmi	R0,#0
               S01:00015128:  00 00 A0 43
F07:0006       	mov		R7,R0,lsl #24
               S01:0001512C:  00 7C A0 E1
F07:0007       
F07:0008       	ldrb	R0,[R1,R5,lsr #12]
               S01:00015130:  25 06 D1 E7
F07:0009       	add		R5,R5,R6
               S01:00015134:  06 50 85 E0
F07:0010       	mov		R4,R13,lsl #8
               S01:00015138:  0D 44 A0 E1
F07:0011       	subs	R0,R0,R4,lsr #24
               S01:0001513C:  24 0C 50 E0
F07:0012       	movmi	R0,#0
               S01:00015140:  00 00 A0 43
F07:0013       	orr		R7,R7,R0,lsl #16
               S01:00015144:  00 78 87 E1
F07:0014       
F07:0015       	ldrb	R0,[R1,R8,lsr #12]
               S01:00015148:  28 06 D1 E7
F07:0016       	add		R8,R8,R9
               S01:0001514C:  09 80 88 E0
F07:0017       	mov		R4,R13,lsl #16
               S01:00015150:  0D 48 A0 E1
F07:0018       	subs	R0,R0,R4, lsr #24
               S01:00015154:  24 0C 50 E0
F07:0019       	movmi	R0,#0
               S01:00015158:  00 00 A0 43
F07:0020       	orr		R7,R7,R0,lsl #8
               S01:0001515C:  00 74 87 E1
F07:0021       
F07:0022       	ldrb	R0,[R1,R11,lsr #12]
               S01:00015160:  2B 06 D1 E7
F07:0023       	add		R11,R11,R12
               S01:00015164:  0C B0 8B E0
F07:0024       	mov		R4,R13,lsl #24
               S01:00015168:  0D 4C A0 E1
F07:0025       	subs	R0,R0,R4,lsr #24
               S01:0001516C:  24 0C 50 E0
F07:0026       	movmi	R0,#0
               S01:00015170:  00 00 A0 43
F07:0027       	orr		R7,R7,R0
               S01:00015174:  00 70 87 E1
F07:0028       
F07:0029       	str		R7,[R14],#4		
               S01:00015178:  04 70 8E E4
F07:0030       	
F07:0001       	ldrb	R0,[R1,R2,lsr #12]
               S01:0001517C:  22 06 D1 E7
F07:0002       	add		R2,R2,R3
               S01:00015180:  03 20 82 E0
F07:0003       	mov		R4,R13,lsr #24
               S01:00015184:  2D 4C A0 E1
F07:0004       	subs	R0,R0,R4
               S01:00015188:  04 00 50 E0
F07:0005       	movmi	R0,#0
               S01:0001518C:  00 00 A0 43
F07:0006       	mov		R7,R0,lsl #24
               S01:00015190:  00 7C A0 E1
F07:0007       
F07:0008       	ldrb	R0,[R1,R5,lsr #12]
               S01:00015194:  25 06 D1 E7
F07:0009       	add		R5,R5,R6
               S01:00015198:  06 50 85 E0
F07:0010       	mov		R4,R13,lsl #8
               S01:0001519C:  0D 44 A0 E1
F07:0011       	subs	R0,R0,R4,lsr #24
               S01:000151A0:  24 0C 50 E0
F07:0012       	movmi	R0,#0
               S01:000151A4:  00 00 A0 43
F07:0013       	orr		R7,R7,R0,lsl #16
               S01:000151A8:  00 78 87 E1
F07:0014       
F07:0015       	ldrb	R0,[R1,R8,lsr #12]
               S01:000151AC:  28 06 D1 E7
F07:0016       	add		R8,R8,R9
               S01:000151B0:  09 80 88 E0
F07:0017       	mov		R4,R13,lsl #16
               S01:000151B4:  0D 48 A0 E1
F07:0018       	subs	R0,R0,R4, lsr #24
               S01:000151B8:  24 0C 50 E0
F07:0019       	movmi	R0,#0
               S01:000151BC:  00 00 A0 43
F07:0020       	orr		R7,R7,R0,lsl #8
               S01:000151C0:  00 74 87 E1
F07:0021       
F07:0022       	ldrb	R0,[R1,R11,lsr #12]
               S01:000151C4:  2B 06 D1 E7
F07:0023       	add		R11,R11,R12
               S01:000151C8:  0C B0 8B E0
F07:0024       	mov		R4,R13,lsl #24
               S01:000151CC:  0D 4C A0 E1
F07:0025       	subs	R0,R0,R4,lsr #24
               S01:000151D0:  24 0C 50 E0
F07:0026       	movmi	R0,#0
               S01:000151D4:  00 00 A0 43
F07:0027       	orr		R7,R7,R0
               S01:000151D8:  00 70 87 E1
F07:0028       
F07:0029       	str		R7,[R14],#4		
               S01:000151DC:  04 70 8E E4
F07:0030       	
F07:0001       	ldrb	R0,[R1,R2,lsr #12]
               S01:000151E0:  22 06 D1 E7
F07:0002       	add		R2,R2,R3
               S01:000151E4:  03 20 82 E0
F07:0003       	mov		R4,R13,lsr #24
               S01:000151E8:  2D 4C A0 E1
F07:0004       	subs	R0,R0,R4
               S01:000151EC:  04 00 50 E0
F07:0005       	movmi	R0,#0
               S01:000151F0:  00 00 A0 43
F07:0006       	mov		R7,R0,lsl #24
               S01:000151F4:  00 7C A0 E1
F07:0007       
F07:0008       	ldrb	R0,[R1,R5,lsr #12]
               S01:000151F8:  25 06 D1 E7
F07:0009       	add		R5,R5,R6
               S01:000151FC:  06 50 85 E0
F07:0010       	mov		R4,R13,lsl #8
               S01:00015200:  0D 44 A0 E1
F07:0011       	subs	R0,R0,R4,lsr #24
               S01:00015204:  24 0C 50 E0
F07:0012       	movmi	R0,#0
               S01:00015208:  00 00 A0 43
F07:0013       	orr		R7,R7,R0,lsl #16
               S01:0001520C:  00 78 87 E1
F07:0014       
F07:0015       	ldrb	R0,[R1,R8,lsr #12]
               S01:00015210:  28 06 D1 E7
F07:0016       	add		R8,R8,R9
               S01:00015214:  09 80 88 E0
F07:0017       	mov		R4,R13,lsl #16
               S01:00015218:  0D 48 A0 E1
F07:0018       	subs	R0,R0,R4, lsr #24
               S01:0001521C:  24 0C 50 E0
F07:0019       	movmi	R0,#0
               S01:00015220:  00 00 A0 43
F07:0020       	orr		R7,R7,R0,lsl #8
               S01:00015224:  00 74 87 E1
F07:0021       
F07:0022       	ldrb	R0,[R1,R11,lsr #12]
               S01:00015228:  2B 06 D1 E7
F07:0023       	add		R11,R11,R12
               S01:0001522C:  0C B0 8B E0
F07:0024       	mov		R4,R13,lsl #24
               S01:00015230:  0D 4C A0 E1
F07:0025       	subs	R0,R0,R4,lsr #24
               S01:00015234:  24 0C 50 E0
F07:0026       	movmi	R0,#0
               S01:00015238:  00 00 A0 43
F07:0027       	orr		R7,R7,R0
               S01:0001523C:  00 70 87 E1
F07:0028       
F07:0029       	str		R7,[R14],#4		
               S01:00015240:  04 70 8E E4
F07:0030       	
F07:0001       	ldrb	R0,[R1,R2,lsr #12]
               S01:00015244:  22 06 D1 E7
F07:0002       	add		R2,R2,R3
               S01:00015248:  03 20 82 E0
F07:0003       	mov		R4,R13,lsr #24
               S01:0001524C:  2D 4C A0 E1
F07:0004       	subs	R0,R0,R4
               S01:00015250:  04 00 50 E0
F07:0005       	movmi	R0,#0
               S01:00015254:  00 00 A0 43
F07:0006       	mov		R7,R0,lsl #24
               S01:00015258:  00 7C A0 E1
F07:0007       
F07:0008       	ldrb	R0,[R1,R5,lsr #12]
               S01:0001525C:  25 06 D1 E7
F07:0009       	add		R5,R5,R6
               S01:00015260:  06 50 85 E0
F07:0010       	mov		R4,R13,lsl #8
               S01:00015264:  0D 44 A0 E1
F07:0011       	subs	R0,R0,R4,lsr #24
               S01:00015268:  24 0C 50 E0
F07:0012       	movmi	R0,#0
               S01:0001526C:  00 00 A0 43
F07:0013       	orr		R7,R7,R0,lsl #16
               S01:00015270:  00 78 87 E1
F07:0014       
F07:0015       	ldrb	R0,[R1,R8,lsr #12]
               S01:00015274:  28 06 D1 E7
F07:0016       	add		R8,R8,R9
               S01:00015278:  09 80 88 E0
F07:0017       	mov		R4,R13,lsl #16
               S01:0001527C:  0D 48 A0 E1
F07:0018       	subs	R0,R0,R4, lsr #24
               S01:00015280:  24 0C 50 E0
F07:0019       	movmi	R0,#0
               S01:00015284:  00 00 A0 43
F07:0020       	orr		R7,R7,R0,lsl #8
               S01:00015288:  00 74 87 E1
F07:0021       
F07:0022       	ldrb	R0,[R1,R11,lsr #12]
               S01:0001528C:  2B 06 D1 E7
F07:0023       	add		R11,R11,R12
               S01:00015290:  0C B0 8B E0
F07:0024       	mov		R4,R13,lsl #24
               S01:00015294:  0D 4C A0 E1
F07:0025       	subs	R0,R0,R4,lsr #24
               S01:00015298:  24 0C 50 E0
F07:0026       	movmi	R0,#0
               S01:0001529C:  00 00 A0 43
F07:0027       	orr		R7,R7,R0
               S01:000152A0:  00 70 87 E1
F07:0028       
F07:0029       	str		R7,[R14],#4		
               S01:000152A4:  04 70 8E E4
F07:0030       	
F07:0001       	ldrb	R0,[R1,R2,lsr #12]
               S01:000152A8:  22 06 D1 E7
F07:0002       	add		R2,R2,R3
               S01:000152AC:  03 20 82 E0
F07:0003       	mov		R4,R13,lsr #24
               S01:000152B0:  2D 4C A0 E1
F07:0004       	subs	R0,R0,R4
               S01:000152B4:  04 00 50 E0
F07:0005       	movmi	R0,#0
               S01:000152B8:  00 00 A0 43
F07:0006       	mov		R7,R0,lsl #24
               S01:000152BC:  00 7C A0 E1
F07:0007       
F07:0008       	ldrb	R0,[R1,R5,lsr #12]
               S01:000152C0:  25 06 D1 E7
F07:0009       	add		R5,R5,R6
               S01:000152C4:  06 50 85 E0
F07:0010       	mov		R4,R13,lsl #8
               S01:000152C8:  0D 44 A0 E1
F07:0011       	subs	R0,R0,R4,lsr #24
               S01:000152CC:  24 0C 50 E0
F07:0012       	movmi	R0,#0
               S01:000152D0:  00 00 A0 43
F07:0013       	orr		R7,R7,R0,lsl #16
               S01:000152D4:  00 78 87 E1
F07:0014       
F07:0015       	ldrb	R0,[R1,R8,lsr #12]
               S01:000152D8:  28 06 D1 E7
F07:0016       	add		R8,R8,R9
               S01:000152DC:  09 80 88 E0
F07:0017       	mov		R4,R13,lsl #16
               S01:000152E0:  0D 48 A0 E1
F07:0018       	subs	R0,R0,R4, lsr #24
               S01:000152E4:  24 0C 50 E0
F07:0019       	movmi	R0,#0
               S01:000152E8:  00 00 A0 43
F07:0020       	orr		R7,R7,R0,lsl #8
               S01:000152EC:  00 74 87 E1
F07:0021       
F07:0022       	ldrb	R0,[R1,R11,lsr #12]
               S01:000152F0:  2B 06 D1 E7
F07:0023       	add		R11,R11,R12
               S01:000152F4:  0C B0 8B E0
F07:0024       	mov		R4,R13,lsl #24
               S01:000152F8:  0D 4C A0 E1
F07:0025       	subs	R0,R0,R4,lsr #24
               S01:000152FC:  24 0C 50 E0
F07:0026       	movmi	R0,#0
               S01:00015300:  00 00 A0 43
F07:0027       	orr		R7,R7,R0
               S01:00015304:  00 70 87 E1
F07:0028       
F07:0029       	str		R7,[R14],#4		
               S01:00015308:  04 70 8E E4
F07:0030       	
F07:0001       	ldrb	R0,[R1,R2,lsr #12]
               S01:0001530C:  22 06 D1 E7
F07:0002       	add		R2,R2,R3
               S01:00015310:  03 20 82 E0
F07:0003       	mov		R4,R13,lsr #24
               S01:00015314:  2D 4C A0 E1
F07:0004       	subs	R0,R0,R4
               S01:00015318:  04 00 50 E0
F07:0005       	movmi	R0,#0
               S01:0001531C:  00 00 A0 43
F07:0006       	mov		R7,R0,lsl #24
               S01:00015320:  00 7C A0 E1
F07:0007       
F07:0008       	ldrb	R0,[R1,R5,lsr #12]
               S01:00015324:  25 06 D1 E7
F07:0009       	add		R5,R5,R6
               S01:00015328:  06 50 85 E0
F07:0010       	mov		R4,R13,lsl #8
               S01:0001532C:  0D 44 A0 E1
F07:0011       	subs	R0,R0,R4,lsr #24
               S01:00015330:  24 0C 50 E0
F07:0012       	movmi	R0,#0
               S01:00015334:  00 00 A0 43
F07:0013       	orr		R7,R7,R0,lsl #16
               S01:00015338:  00 78 87 E1
F07:0014       
F07:0015       	ldrb	R0,[R1,R8,lsr #12]
               S01:0001533C:  28 06 D1 E7
F07:0016       	add		R8,R8,R9
               S01:00015340:  09 80 88 E0
F07:0017       	mov		R4,R13,lsl #16
               S01:00015344:  0D 48 A0 E1
F07:0018       	subs	R0,R0,R4, lsr #24
               S01:00015348:  24 0C 50 E0
F07:0019       	movmi	R0,#0
               S01:0001534C:  00 00 A0 43
F07:0020       	orr		R7,R7,R0,lsl #8
               S01:00015350:  00 74 87 E1
F07:0021       
F07:0022       	ldrb	R0,[R1,R11,lsr #12]
               S01:00015354:  2B 06 D1 E7
F07:0023       	add		R11,R11,R12
               S01:00015358:  0C B0 8B E0
F07:0024       	mov		R4,R13,lsl #24
               S01:0001535C:  0D 4C A0 E1
F07:0025       	subs	R0,R0,R4,lsr #24
               S01:00015360:  24 0C 50 E0
F07:0026       	movmi	R0,#0
               S01:00015364:  00 00 A0 43
F07:0027       	orr		R7,R7,R0
               S01:00015368:  00 70 87 E1
F07:0028       
F07:0029       	str		R7,[R14],#4		
               S01:0001536C:  04 70 8E E4
F07:0030       	
F07:0001       	ldrb	R0,[R1,R2,lsr #12]
               S01:00015370:  22 06 D1 E7
F07:0002       	add		R2,R2,R3
               S01:00015374:  03 20 82 E0
F07:0003       	mov		R4,R13,lsr #24
               S01:00015378:  2D 4C A0 E1
F07:0004       	subs	R0,R0,R4
               S01:0001537C:  04 00 50 E0
F07:0005       	movmi	R0,#0
               S01:00015380:  00 00 A0 43
F07:0006       	mov		R7,R0,lsl #24
               S01:00015384:  00 7C A0 E1
F07:0007       
F07:0008       	ldrb	R0,[R1,R5,lsr #12]
               S01:00015388:  25 06 D1 E7
F07:0009       	add		R5,R5,R6
               S01:0001538C:  06 50 85 E0
F07:0010       	mov		R4,R13,lsl #8
               S01:00015390:  0D 44 A0 E1
F07:0011       	subs	R0,R0,R4,lsr #24
               S01:00015394:  24 0C 50 E0
F07:0012       	movmi	R0,#0
               S01:00015398:  00 00 A0 43
F07:0013       	orr		R7,R7,R0,lsl #16
               S01:0001539C:  00 78 87 E1
F07:0014       
F07:0015       	ldrb	R0,[R1,R8,lsr #12]
               S01:000153A0:  28 06 D1 E7
F07:0016       	add		R8,R8,R9
               S01:000153A4:  09 80 88 E0
F07:0017       	mov		R4,R13,lsl #16
               S01:000153A8:  0D 48 A0 E1
F07:0018       	subs	R0,R0,R4, lsr #24
               S01:000153AC:  24 0C 50 E0
F07:0019       	movmi	R0,#0
               S01:000153B0:  00 00 A0 43
F07:0020       	orr		R7,R7,R0,lsl #8
               S01:000153B4:  00 74 87 E1
F07:0021       
F07:0022       	ldrb	R0,[R1,R11,lsr #12]
               S01:000153B8:  2B 06 D1 E7
F07:0023       	add		R11,R11,R12
               S01:000153BC:  0C B0 8B E0
F07:0024       	mov		R4,R13,lsl #24
               S01:000153C0:  0D 4C A0 E1
F07:0025       	subs	R0,R0,R4,lsr #24
               S01:000153C4:  24 0C 50 E0
F07:0026       	movmi	R0,#0
               S01:000153C8:  00 00 A0 43
F07:0027       	orr		R7,R7,R0
               S01:000153CC:  00 70 87 E1
F07:0028       
F07:0029       	str		R7,[R14],#4		
               S01:000153D0:  04 70 8E E4
F07:0030       	
F07:0001       	ldrb	R0,[R1,R2,lsr #12]
               S01:000153D4:  22 06 D1 E7
F07:0002       	add		R2,R2,R3
               S01:000153D8:  03 20 82 E0
F07:0003       	mov		R4,R13,lsr #24
               S01:000153DC:  2D 4C A0 E1
F07:0004       	subs	R0,R0,R4
               S01:000153E0:  04 00 50 E0
F07:0005       	movmi	R0,#0
               S01:000153E4:  00 00 A0 43
F07:0006       	mov		R7,R0,lsl #24
               S01:000153E8:  00 7C A0 E1
F07:0007       
F07:0008       	ldrb	R0,[R1,R5,lsr #12]
               S01:000153EC:  25 06 D1 E7
F07:0009       	add		R5,R5,R6
               S01:000153F0:  06 50 85 E0
F07:0010       	mov		R4,R13,lsl #8
               S01:000153F4:  0D 44 A0 E1
F07:0011       	subs	R0,R0,R4,lsr #24
               S01:000153F8:  24 0C 50 E0
F07:0012       	movmi	R0,#0
               S01:000153FC:  00 00 A0 43
F07:0013       	orr		R7,R7,R0,lsl #16
               S01:00015400:  00 78 87 E1
F07:0014       
F07:0015       	ldrb	R0,[R1,R8,lsr #12]
               S01:00015404:  28 06 D1 E7
F07:0016       	add		R8,R8,R9
               S01:00015408:  09 80 88 E0
F07:0017       	mov		R4,R13,lsl #16
               S01:0001540C:  0D 48 A0 E1
F07:0018       	subs	R0,R0,R4, lsr #24
               S01:00015410:  24 0C 50 E0
F07:0019       	movmi	R0,#0
               S01:00015414:  00 00 A0 43
F07:0020       	orr		R7,R7,R0,lsl #8
               S01:00015418:  00 74 87 E1
F07:0021       
F07:0022       	ldrb	R0,[R1,R11,lsr #12]
               S01:0001541C:  2B 06 D1 E7
F07:0023       	add		R11,R11,R12
               S01:00015420:  0C B0 8B E0
F07:0024       	mov		R4,R13,lsl #24
               S01:00015424:  0D 4C A0 E1
F07:0025       	subs	R0,R0,R4,lsr #24
               S01:00015428:  24 0C 50 E0
F07:0026       	movmi	R0,#0
               S01:0001542C:  00 00 A0 43
F07:0027       	orr		R7,R7,R0
               S01:00015430:  00 70 87 E1
F07:0028       
F07:0029       	str		R7,[R14],#4		
               S01:00015434:  04 70 8E E4
F07:0030       	
F07:0001       	ldrb	R0,[R1,R2,lsr #12]
               S01:00015438:  22 06 D1 E7
F07:0002       	add		R2,R2,R3
               S01:0001543C:  03 20 82 E0
F07:0003       	mov		R4,R13,lsr #24
               S01:00015440:  2D 4C A0 E1
F07:0004       	subs	R0,R0,R4
               S01:00015444:  04 00 50 E0
F07:0005       	movmi	R0,#0
               S01:00015448:  00 00 A0 43
F07:0006       	mov		R7,R0,lsl #24
               S01:0001544C:  00 7C A0 E1
F07:0007       
F07:0008       	ldrb	R0,[R1,R5,lsr #12]
               S01:00015450:  25 06 D1 E7
F07:0009       	add		R5,R5,R6
               S01:00015454:  06 50 85 E0
F07:0010       	mov		R4,R13,lsl #8
               S01:00015458:  0D 44 A0 E1
F07:0011       	subs	R0,R0,R4,lsr #24
               S01:0001545C:  24 0C 50 E0
F07:0012       	movmi	R0,#0
               S01:00015460:  00 00 A0 43
F07:0013       	orr		R7,R7,R0,lsl #16
               S01:00015464:  00 78 87 E1
F07:0014       
F07:0015       	ldrb	R0,[R1,R8,lsr #12]
               S01:00015468:  28 06 D1 E7
F07:0016       	add		R8,R8,R9
               S01:0001546C:  09 80 88 E0
F07:0017       	mov		R4,R13,lsl #16
               S01:00015470:  0D 48 A0 E1
F07:0018       	subs	R0,R0,R4, lsr #24
               S01:00015474:  24 0C 50 E0
F07:0019       	movmi	R0,#0
               S01:00015478:  00 00 A0 43
F07:0020       	orr		R7,R7,R0,lsl #8
               S01:0001547C:  00 74 87 E1
F07:0021       
F07:0022       	ldrb	R0,[R1,R11,lsr #12]
               S01:00015480:  2B 06 D1 E7
F07:0023       	add		R11,R11,R12
               S01:00015484:  0C B0 8B E0
F07:0024       	mov		R4,R13,lsl #24
               S01:00015488:  0D 4C A0 E1
F07:0025       	subs	R0,R0,R4,lsr #24
               S01:0001548C:  24 0C 50 E0
F07:0026       	movmi	R0,#0
               S01:00015490:  00 00 A0 43
F07:0027       	orr		R7,R7,R0
               S01:00015494:  00 70 87 E1
F07:0028       
F07:0029       	str		R7,[R14],#4		
               S01:00015498:  04 70 8E E4
F07:0030       	
F07:0001       	ldrb	R0,[R1,R2,lsr #12]
               S01:0001549C:  22 06 D1 E7
F07:0002       	add		R2,R2,R3
               S01:000154A0:  03 20 82 E0
F07:0003       	mov		R4,R13,lsr #24
               S01:000154A4:  2D 4C A0 E1
F07:0004       	subs	R0,R0,R4
               S01:000154A8:  04 00 50 E0
F07:0005       	movmi	R0,#0
               S01:000154AC:  00 00 A0 43
F07:0006       	mov		R7,R0,lsl #24
               S01:000154B0:  00 7C A0 E1
F07:0007       
F07:0008       	ldrb	R0,[R1,R5,lsr #12]
               S01:000154B4:  25 06 D1 E7
F07:0009       	add		R5,R5,R6
               S01:000154B8:  06 50 85 E0
F07:0010       	mov		R4,R13,lsl #8
               S01:000154BC:  0D 44 A0 E1
F07:0011       	subs	R0,R0,R4,lsr #24
               S01:000154C0:  24 0C 50 E0
F07:0012       	movmi	R0,#0
               S01:000154C4:  00 00 A0 43
F07:0013       	orr		R7,R7,R0,lsl #16
               S01:000154C8:  00 78 87 E1
F07:0014       
F07:0015       	ldrb	R0,[R1,R8,lsr #12]
               S01:000154CC:  28 06 D1 E7
F07:0016       	add		R8,R8,R9
               S01:000154D0:  09 80 88 E0
F07:0017       	mov		R4,R13,lsl #16
               S01:000154D4:  0D 48 A0 E1
F07:0018       	subs	R0,R0,R4, lsr #24
               S01:000154D8:  24 0C 50 E0
F07:0019       	movmi	R0,#0
               S01:000154DC:  00 00 A0 43
F07:0020       	orr		R7,R7,R0,lsl #8
               S01:000154E0:  00 74 87 E1
F07:0021       
F07:0022       	ldrb	R0,[R1,R11,lsr #12]
               S01:000154E4:  2B 06 D1 E7
F07:0023       	add		R11,R11,R12
               S01:000154E8:  0C B0 8B E0
F07:0024       	mov		R4,R13,lsl #24
               S01:000154EC:  0D 4C A0 E1
F07:0025       	subs	R0,R0,R4,lsr #24
               S01:000154F0:  24 0C 50 E0
F07:0026       	movmi	R0,#0
               S01:000154F4:  00 00 A0 43
F07:0027       	orr		R7,R7,R0
               S01:000154F8:  00 70 87 E1
F07:0028       
F07:0029       	str		R7,[R14],#4		
               S01:000154FC:  04 70 8E E4
F07:0030       	
F07:0001       	ldrb	R0,[R1,R2,lsr #12]
               S01:00015500:  22 06 D1 E7
F07:0002       	add		R2,R2,R3
               S01:00015504:  03 20 82 E0
F07:0003       	mov		R4,R13,lsr #24
               S01:00015508:  2D 4C A0 E1
F07:0004       	subs	R0,R0,R4
               S01:0001550C:  04 00 50 E0
F07:0005       	movmi	R0,#0
               S01:00015510:  00 00 A0 43
F07:0006       	mov		R7,R0,lsl #24
               S01:00015514:  00 7C A0 E1
F07:0007       
F07:0008       	ldrb	R0,[R1,R5,lsr #12]
               S01:00015518:  25 06 D1 E7
F07:0009       	add		R5,R5,R6
               S01:0001551C:  06 50 85 E0
F07:0010       	mov		R4,R13,lsl #8
               S01:00015520:  0D 44 A0 E1
F07:0011       	subs	R0,R0,R4,lsr #24
               S01:00015524:  24 0C 50 E0
F07:0012       	movmi	R0,#0
               S01:00015528:  00 00 A0 43
F07:0013       	orr		R7,R7,R0,lsl #16
               S01:0001552C:  00 78 87 E1
F07:0014       
F07:0015       	ldrb	R0,[R1,R8,lsr #12]
               S01:00015530:  28 06 D1 E7
F07:0016       	add		R8,R8,R9
               S01:00015534:  09 80 88 E0
F07:0017       	mov		R4,R13,lsl #16
               S01:00015538:  0D 48 A0 E1
F07:0018       	subs	R0,R0,R4, lsr #24
               S01:0001553C:  24 0C 50 E0
F07:0019       	movmi	R0,#0
               S01:00015540:  00 00 A0 43
F07:0020       	orr		R7,R7,R0,lsl #8
               S01:00015544:  00 74 87 E1
F07:0021       
F07:0022       	ldrb	R0,[R1,R11,lsr #12]
               S01:00015548:  2B 06 D1 E7
F07:0023       	add		R11,R11,R12
               S01:0001554C:  0C B0 8B E0
F07:0024       	mov		R4,R13,lsl #24
               S01:00015550:  0D 4C A0 E1
F07:0025       	subs	R0,R0,R4,lsr #24
               S01:00015554:  24 0C 50 E0
F07:0026       	movmi	R0,#0
               S01:00015558:  00 00 A0 43
F07:0027       	orr		R7,R7,R0
               S01:0001555C:  00 70 87 E1
F07:0028       
F07:0029       	str		R7,[R14],#4		
               S01:00015560:  04 70 8E E4
F07:0030       	
F07:0001       	ldrb	R0,[R1,R2,lsr #12]
               S01:00015564:  22 06 D1 E7
F07:0002       	add		R2,R2,R3
               S01:00015568:  03 20 82 E0
F07:0003       	mov		R4,R13,lsr #24
               S01:0001556C:  2D 4C A0 E1
F07:0004       	subs	R0,R0,R4
               S01:00015570:  04 00 50 E0
F07:0005       	movmi	R0,#0
               S01:00015574:  00 00 A0 43
F07:0006       	mov		R7,R0,lsl #24
               S01:00015578:  00 7C A0 E1
F07:0007       
F07:0008       	ldrb	R0,[R1,R5,lsr #12]
               S01:0001557C:  25 06 D1 E7
F07:0009       	add		R5,R5,R6
               S01:00015580:  06 50 85 E0
F07:0010       	mov		R4,R13,lsl #8
               S01:00015584:  0D 44 A0 E1
F07:0011       	subs	R0,R0,R4,lsr #24
               S01:00015588:  24 0C 50 E0
F07:0012       	movmi	R0,#0
               S01:0001558C:  00 00 A0 43
F07:0013       	orr		R7,R7,R0,lsl #16
               S01:00015590:  00 78 87 E1
F07:0014       
F07:0015       	ldrb	R0,[R1,R8,lsr #12]
               S01:00015594:  28 06 D1 E7
F07:0016       	add		R8,R8,R9
               S01:00015598:  09 80 88 E0
F07:0017       	mov		R4,R13,lsl #16
               S01:0001559C:  0D 48 A0 E1
F07:0018       	subs	R0,R0,R4, lsr #24
               S01:000155A0:  24 0C 50 E0
F07:0019       	movmi	R0,#0
               S01:000155A4:  00 00 A0 43
F07:0020       	orr		R7,R7,R0,lsl #8
               S01:000155A8:  00 74 87 E1
F07:0021       
F07:0022       	ldrb	R0,[R1,R11,lsr #12]
               S01:000155AC:  2B 06 D1 E7
F07:0023       	add		R11,R11,R12
               S01:000155B0:  0C B0 8B E0
F07:0024       	mov		R4,R13,lsl #24
               S01:000155B4:  0D 4C A0 E1
F07:0025       	subs	R0,R0,R4,lsr #24
               S01:000155B8:  24 0C 50 E0
F07:0026       	movmi	R0,#0
               S01:000155BC:  00 00 A0 43
F07:0027       	orr		R7,R7,R0
               S01:000155C0:  00 70 87 E1
F07:0028       
F07:0029       	str		R7,[R14],#4		
               S01:000155C4:  04 70 8E E4
F07:0030       	
F07:0001       	ldrb	R0,[R1,R2,lsr #12]
               S01:000155C8:  22 06 D1 E7
F07:0002       	add		R2,R2,R3
               S01:000155CC:  03 20 82 E0
F07:0003       	mov		R4,R13,lsr #24
               S01:000155D0:  2D 4C A0 E1
F07:0004       	subs	R0,R0,R4
               S01:000155D4:  04 00 50 E0
F07:0005       	movmi	R0,#0
               S01:000155D8:  00 00 A0 43
F07:0006       	mov		R7,R0,lsl #24
               S01:000155DC:  00 7C A0 E1
F07:0007       
F07:0008       	ldrb	R0,[R1,R5,lsr #12]
               S01:000155E0:  25 06 D1 E7
F07:0009       	add		R5,R5,R6
               S01:000155E4:  06 50 85 E0
F07:0010       	mov		R4,R13,lsl #8
               S01:000155E8:  0D 44 A0 E1
F07:0011       	subs	R0,R0,R4,lsr #24
               S01:000155EC:  24 0C 50 E0
F07:0012       	movmi	R0,#0
               S01:000155F0:  00 00 A0 43
F07:0013       	orr		R7,R7,R0,lsl #16
               S01:000155F4:  00 78 87 E1
F07:0014       
F07:0015       	ldrb	R0,[R1,R8,lsr #12]
               S01:000155F8:  28 06 D1 E7
F07:0016       	add		R8,R8,R9
               S01:000155FC:  09 80 88 E0
F07:0017       	mov		R4,R13,lsl #16
               S01:00015600:  0D 48 A0 E1
F07:0018       	subs	R0,R0,R4, lsr #24
               S01:00015604:  24 0C 50 E0
F07:0019       	movmi	R0,#0
               S01:00015608:  00 00 A0 43
F07:0020       	orr		R7,R7,R0,lsl #8
               S01:0001560C:  00 74 87 E1
F07:0021       
F07:0022       	ldrb	R0,[R1,R11,lsr #12]
               S01:00015610:  2B 06 D1 E7
F07:0023       	add		R11,R11,R12
               S01:00015614:  0C B0 8B E0
F07:0024       	mov		R4,R13,lsl #24
               S01:00015618:  0D 4C A0 E1
F07:0025       	subs	R0,R0,R4,lsr #24
               S01:0001561C:  24 0C 50 E0
F07:0026       	movmi	R0,#0
               S01:00015620:  00 00 A0 43
F07:0027       	orr		R7,R7,R0
               S01:00015624:  00 70 87 E1
F07:0028       
F07:0029       	str		R7,[R14],#4		
               S01:00015628:  04 70 8E E4
F07:0030       	
F07:0001       	ldrb	R0,[R1,R2,lsr #12]
               S01:0001562C:  22 06 D1 E7
F07:0002       	add		R2,R2,R3
               S01:00015630:  03 20 82 E0
F07:0003       	mov		R4,R13,lsr #24
               S01:00015634:  2D 4C A0 E1
F07:0004       	subs	R0,R0,R4
               S01:00015638:  04 00 50 E0
F07:0005       	movmi	R0,#0
               S01:0001563C:  00 00 A0 43
F07:0006       	mov		R7,R0,lsl #24
               S01:00015640:  00 7C A0 E1
F07:0007       
F07:0008       	ldrb	R0,[R1,R5,lsr #12]
               S01:00015644:  25 06 D1 E7
F07:0009       	add		R5,R5,R6
               S01:00015648:  06 50 85 E0
F07:0010       	mov		R4,R13,lsl #8
               S01:0001564C:  0D 44 A0 E1
F07:0011       	subs	R0,R0,R4,lsr #24
               S01:00015650:  24 0C 50 E0
F07:0012       	movmi	R0,#0
               S01:00015654:  00 00 A0 43
F07:0013       	orr		R7,R7,R0,lsl #16
               S01:00015658:  00 78 87 E1
F07:0014       
F07:0015       	ldrb	R0,[R1,R8,lsr #12]
               S01:0001565C:  28 06 D1 E7
F07:0016       	add		R8,R8,R9
               S01:00015660:  09 80 88 E0
F07:0017       	mov		R4,R13,lsl #16
               S01:00015664:  0D 48 A0 E1
F07:0018       	subs	R0,R0,R4, lsr #24
               S01:00015668:  24 0C 50 E0
F07:0019       	movmi	R0,#0
               S01:0001566C:  00 00 A0 43
F07:0020       	orr		R7,R7,R0,lsl #8
               S01:00015670:  00 74 87 E1
F07:0021       
F07:0022       	ldrb	R0,[R1,R11,lsr #12]
               S01:00015674:  2B 06 D1 E7
F07:0023       	add		R11,R11,R12
               S01:00015678:  0C B0 8B E0
F07:0024       	mov		R4,R13,lsl #24
               S01:0001567C:  0D 4C A0 E1
F07:0025       	subs	R0,R0,R4,lsr #24
               S01:00015680:  24 0C 50 E0
F07:0026       	movmi	R0,#0
               S01:00015684:  00 00 A0 43
F07:0027       	orr		R7,R7,R0
               S01:00015688:  00 70 87 E1
F07:0028       
F07:0029       	str		R7,[R14],#4		
               S01:0001568C:  04 70 8E E4
F07:0030       	
F07:0001       	ldrb	R0,[R1,R2,lsr #12]
               S01:00015690:  22 06 D1 E7
F07:0002       	add		R2,R2,R3
               S01:00015694:  03 20 82 E0
F07:0003       	mov		R4,R13,lsr #24
               S01:00015698:  2D 4C A0 E1
F07:0004       	subs	R0,R0,R4
               S01:0001569C:  04 00 50 E0
F07:0005       	movmi	R0,#0
               S01:000156A0:  00 00 A0 43
F07:0006       	mov		R7,R0,lsl #24
               S01:000156A4:  00 7C A0 E1
F07:0007       
F07:0008       	ldrb	R0,[R1,R5,lsr #12]
               S01:000156A8:  25 06 D1 E7
F07:0009       	add		R5,R5,R6
               S01:000156AC:  06 50 85 E0
F07:0010       	mov		R4,R13,lsl #8
               S01:000156B0:  0D 44 A0 E1
F07:0011       	subs	R0,R0,R4,lsr #24
               S01:000156B4:  24 0C 50 E0
F07:0012       	movmi	R0,#0
               S01:000156B8:  00 00 A0 43
F07:0013       	orr		R7,R7,R0,lsl #16
               S01:000156BC:  00 78 87 E1
F07:0014       
F07:0015       	ldrb	R0,[R1,R8,lsr #12]
               S01:000156C0:  28 06 D1 E7
F07:0016       	add		R8,R8,R9
               S01:000156C4:  09 80 88 E0
F07:0017       	mov		R4,R13,lsl #16
               S01:000156C8:  0D 48 A0 E1
F07:0018       	subs	R0,R0,R4, lsr #24
               S01:000156CC:  24 0C 50 E0
F07:0019       	movmi	R0,#0
               S01:000156D0:  00 00 A0 43
F07:0020       	orr		R7,R7,R0,lsl #8
               S01:000156D4:  00 74 87 E1
F07:0021       
F07:0022       	ldrb	R0,[R1,R11,lsr #12]
               S01:000156D8:  2B 06 D1 E7
F07:0023       	add		R11,R11,R12
               S01:000156DC:  0C B0 8B E0
F07:0024       	mov		R4,R13,lsl #24
               S01:000156E0:  0D 4C A0 E1
F07:0025       	subs	R0,R0,R4,lsr #24
               S01:000156E4:  24 0C 50 E0
F07:0026       	movmi	R0,#0
               S01:000156E8:  00 00 A0 43
F07:0027       	orr		R7,R7,R0
               S01:000156EC:  00 70 87 E1
F07:0028       
F07:0029       	str		R7,[R14],#4		
               S01:000156F0:  04 70 8E E4
F07:0030       	
F07:0001       	ldrb	R0,[R1,R2,lsr #12]
               S01:000156F4:  22 06 D1 E7
F07:0002       	add		R2,R2,R3
               S01:000156F8:  03 20 82 E0
F07:0003       	mov		R4,R13,lsr #24
               S01:000156FC:  2D 4C A0 E1
F07:0004       	subs	R0,R0,R4
               S01:00015700:  04 00 50 E0
F07:0005       	movmi	R0,#0
               S01:00015704:  00 00 A0 43
F07:0006       	mov		R7,R0,lsl #24
               S01:00015708:  00 7C A0 E1
F07:0007       
F07:0008       	ldrb	R0,[R1,R5,lsr #12]
               S01:0001570C:  25 06 D1 E7
F07:0009       	add		R5,R5,R6
               S01:00015710:  06 50 85 E0
F07:0010       	mov		R4,R13,lsl #8
               S01:00015714:  0D 44 A0 E1
F07:0011       	subs	R0,R0,R4,lsr #24
               S01:00015718:  24 0C 50 E0
F07:0012       	movmi	R0,#0
               S01:0001571C:  00 00 A0 43
F07:0013       	orr		R7,R7,R0,lsl #16
               S01:00015720:  00 78 87 E1
F07:0014       
F07:0015       	ldrb	R0,[R1,R8,lsr #12]
               S01:00015724:  28 06 D1 E7
F07:0016       	add		R8,R8,R9
               S01:00015728:  09 80 88 E0
F07:0017       	mov		R4,R13,lsl #16
               S01:0001572C:  0D 48 A0 E1
F07:0018       	subs	R0,R0,R4, lsr #24
               S01:00015730:  24 0C 50 E0
F07:0019       	movmi	R0,#0
               S01:00015734:  00 00 A0 43
F07:0020       	orr		R7,R7,R0,lsl #8
               S01:00015738:  00 74 87 E1
F07:0021       
F07:0022       	ldrb	R0,[R1,R11,lsr #12]
               S01:0001573C:  2B 06 D1 E7
F07:0023       	add		R11,R11,R12
               S01:00015740:  0C B0 8B E0
F07:0024       	mov		R4,R13,lsl #24
               S01:00015744:  0D 4C A0 E1
F07:0025       	subs	R0,R0,R4,lsr #24
               S01:00015748:  24 0C 50 E0
F07:0026       	movmi	R0,#0
               S01:0001574C:  00 00 A0 43
F07:0027       	orr		R7,R7,R0
               S01:00015750:  00 70 87 E1
F07:0028       
F07:0029       	str		R7,[R14],#4		
               S01:00015754:  04 70 8E E4
F07:0030       	
F07:0001       	ldrb	R0,[R1,R2,lsr #12]
               S01:00015758:  22 06 D1 E7
F07:0002       	add		R2,R2,R3
               S01:0001575C:  03 20 82 E0
F07:0003       	mov		R4,R13,lsr #24
               S01:00015760:  2D 4C A0 E1
F07:0004       	subs	R0,R0,R4
               S01:00015764:  04 00 50 E0
F07:0005       	movmi	R0,#0
               S01:00015768:  00 00 A0 43
F07:0006       	mov		R7,R0,lsl #24
               S01:0001576C:  00 7C A0 E1
F07:0007       
F07:0008       	ldrb	R0,[R1,R5,lsr #12]
               S01:00015770:  25 06 D1 E7
F07:0009       	add		R5,R5,R6
               S01:00015774:  06 50 85 E0
F07:0010       	mov		R4,R13,lsl #8
               S01:00015778:  0D 44 A0 E1
F07:0011       	subs	R0,R0,R4,lsr #24
               S01:0001577C:  24 0C 50 E0
F07:0012       	movmi	R0,#0
               S01:00015780:  00 00 A0 43
F07:0013       	orr		R7,R7,R0,lsl #16
               S01:00015784:  00 78 87 E1
F07:0014       
F07:0015       	ldrb	R0,[R1,R8,lsr #12]
               S01:00015788:  28 06 D1 E7
F07:0016       	add		R8,R8,R9
               S01:0001578C:  09 80 88 E0
F07:0017       	mov		R4,R13,lsl #16
               S01:00015790:  0D 48 A0 E1
F07:0018       	subs	R0,R0,R4, lsr #24
               S01:00015794:  24 0C 50 E0
F07:0019       	movmi	R0,#0
               S01:00015798:  00 00 A0 43
F07:0020       	orr		R7,R7,R0,lsl #8
               S01:0001579C:  00 74 87 E1
F07:0021       
F07:0022       	ldrb	R0,[R1,R11,lsr #12]
               S01:000157A0:  2B 06 D1 E7
F07:0023       	add		R11,R11,R12
               S01:000157A4:  0C B0 8B E0
F07:0024       	mov		R4,R13,lsl #24
               S01:000157A8:  0D 4C A0 E1
F07:0025       	subs	R0,R0,R4,lsr #24
               S01:000157AC:  24 0C 50 E0
F07:0026       	movmi	R0,#0
               S01:000157B0:  00 00 A0 43
F07:0027       	orr		R7,R7,R0
               S01:000157B4:  00 70 87 E1
F07:0028       
F07:0029       	str		R7,[R14],#4		
               S01:000157B8:  04 70 8E E4
F07:0030       	
F07:0001       	ldrb	R0,[R1,R2,lsr #12]
               S01:000157BC:  22 06 D1 E7
F07:0002       	add		R2,R2,R3
               S01:000157C0:  03 20 82 E0
F07:0003       	mov		R4,R13,lsr #24
               S01:000157C4:  2D 4C A0 E1
F07:0004       	subs	R0,R0,R4
               S01:000157C8:  04 00 50 E0
F07:0005       	movmi	R0,#0
               S01:000157CC:  00 00 A0 43
F07:0006       	mov		R7,R0,lsl #24
               S01:000157D0:  00 7C A0 E1
F07:0007       
F07:0008       	ldrb	R0,[R1,R5,lsr #12]
               S01:000157D4:  25 06 D1 E7
F07:0009       	add		R5,R5,R6
               S01:000157D8:  06 50 85 E0
F07:0010       	mov		R4,R13,lsl #8
               S01:000157DC:  0D 44 A0 E1
F07:0011       	subs	R0,R0,R4,lsr #24
               S01:000157E0:  24 0C 50 E0
F07:0012       	movmi	R0,#0
               S01:000157E4:  00 00 A0 43
F07:0013       	orr		R7,R7,R0,lsl #16
               S01:000157E8:  00 78 87 E1
F07:0014       
F07:0015       	ldrb	R0,[R1,R8,lsr #12]
               S01:000157EC:  28 06 D1 E7
F07:0016       	add		R8,R8,R9
               S01:000157F0:  09 80 88 E0
F07:0017       	mov		R4,R13,lsl #16
               S01:000157F4:  0D 48 A0 E1
F07:0018       	subs	R0,R0,R4, lsr #24
               S01:000157F8:  24 0C 50 E0
F07:0019       	movmi	R0,#0
               S01:000157FC:  00 00 A0 43
F07:0020       	orr		R7,R7,R0,lsl #8
               S01:00015800:  00 74 87 E1
F07:0021       
F07:0022       	ldrb	R0,[R1,R11,lsr #12]
               S01:00015804:  2B 06 D1 E7
F07:0023       	add		R11,R11,R12
               S01:00015808:  0C B0 8B E0
F07:0024       	mov		R4,R13,lsl #24
               S01:0001580C:  0D 4C A0 E1
F07:0025       	subs	R0,R0,R4,lsr #24
               S01:00015810:  24 0C 50 E0
F07:0026       	movmi	R0,#0
               S01:00015814:  00 00 A0 43
F07:0027       	orr		R7,R7,R0
               S01:00015818:  00 70 87 E1
F07:0028       
F07:0029       	str		R7,[R14],#4		
               S01:0001581C:  04 70 8E E4
F07:0030       	
F07:0001       	ldrb	R0,[R1,R2,lsr #12]
               S01:00015820:  22 06 D1 E7
F07:0002       	add		R2,R2,R3
               S01:00015824:  03 20 82 E0
F07:0003       	mov		R4,R13,lsr #24
               S01:00015828:  2D 4C A0 E1
F07:0004       	subs	R0,R0,R4
               S01:0001582C:  04 00 50 E0
F07:0005       	movmi	R0,#0
               S01:00015830:  00 00 A0 43
F07:0006       	mov		R7,R0,lsl #24
               S01:00015834:  00 7C A0 E1
F07:0007       
F07:0008       	ldrb	R0,[R1,R5,lsr #12]
               S01:00015838:  25 06 D1 E7
F07:0009       	add		R5,R5,R6
               S01:0001583C:  06 50 85 E0
F07:0010       	mov		R4,R13,lsl #8
               S01:00015840:  0D 44 A0 E1
F07:0011       	subs	R0,R0,R4,lsr #24
               S01:00015844:  24 0C 50 E0
F07:0012       	movmi	R0,#0
               S01:00015848:  00 00 A0 43
F07:0013       	orr		R7,R7,R0,lsl #16
               S01:0001584C:  00 78 87 E1
F07:0014       
F07:0015       	ldrb	R0,[R1,R8,lsr #12]
               S01:00015850:  28 06 D1 E7
F07:0016       	add		R8,R8,R9
               S01:00015854:  09 80 88 E0
F07:0017       	mov		R4,R13,lsl #16
               S01:00015858:  0D 48 A0 E1
F07:0018       	subs	R0,R0,R4, lsr #24
               S01:0001585C:  24 0C 50 E0
F07:0019       	movmi	R0,#0
               S01:00015860:  00 00 A0 43
F07:0020       	orr		R7,R7,R0,lsl #8
               S01:00015864:  00 74 87 E1
F07:0021       
F07:0022       	ldrb	R0,[R1,R11,lsr #12]
               S01:00015868:  2B 06 D1 E7
F07:0023       	add		R11,R11,R12
               S01:0001586C:  0C B0 8B E0
F07:0024       	mov		R4,R13,lsl #24
               S01:00015870:  0D 4C A0 E1
F07:0025       	subs	R0,R0,R4,lsr #24
               S01:00015874:  24 0C 50 E0
F07:0026       	movmi	R0,#0
               S01:00015878:  00 00 A0 43
F07:0027       	orr		R7,R7,R0
               S01:0001587C:  00 70 87 E1
F07:0028       
F07:0029       	str		R7,[R14],#4		
               S01:00015880:  04 70 8E E4
F07:0030       	
F07:0001       	ldrb	R0,[R1,R2,lsr #12]
               S01:00015884:  22 06 D1 E7
F07:0002       	add		R2,R2,R3
               S01:00015888:  03 20 82 E0
F07:0003       	mov		R4,R13,lsr #24
               S01:0001588C:  2D 4C A0 E1
F07:0004       	subs	R0,R0,R4
               S01:00015890:  04 00 50 E0
F07:0005       	movmi	R0,#0
               S01:00015894:  00 00 A0 43
F07:0006       	mov		R7,R0,lsl #24
               S01:00015898:  00 7C A0 E1
F07:0007       
F07:0008       	ldrb	R0,[R1,R5,lsr #12]
               S01:0001589C:  25 06 D1 E7
F07:0009       	add		R5,R5,R6
               S01:000158A0:  06 50 85 E0
F07:0010       	mov		R4,R13,lsl #8
               S01:000158A4:  0D 44 A0 E1
F07:0011       	subs	R0,R0,R4,lsr #24
               S01:000158A8:  24 0C 50 E0
F07:0012       	movmi	R0,#0
               S01:000158AC:  00 00 A0 43
F07:0013       	orr		R7,R7,R0,lsl #16
               S01:000158B0:  00 78 87 E1
F07:0014       
F07:0015       	ldrb	R0,[R1,R8,lsr #12]
               S01:000158B4:  28 06 D1 E7
F07:0016       	add		R8,R8,R9
               S01:000158B8:  09 80 88 E0
F07:0017       	mov		R4,R13,lsl #16
               S01:000158BC:  0D 48 A0 E1
F07:0018       	subs	R0,R0,R4, lsr #24
               S01:000158C0:  24 0C 50 E0
F07:0019       	movmi	R0,#0
               S01:000158C4:  00 00 A0 43
F07:0020       	orr		R7,R7,R0,lsl #8
               S01:000158C8:  00 74 87 E1
F07:0021       
F07:0022       	ldrb	R0,[R1,R11,lsr #12]
               S01:000158CC:  2B 06 D1 E7
F07:0023       	add		R11,R11,R12
               S01:000158D0:  0C B0 8B E0
F07:0024       	mov		R4,R13,lsl #24
               S01:000158D4:  0D 4C A0 E1
F07:0025       	subs	R0,R0,R4,lsr #24
               S01:000158D8:  24 0C 50 E0
F07:0026       	movmi	R0,#0
               S01:000158DC:  00 00 A0 43
F07:0027       	orr		R7,R7,R0
               S01:000158E0:  00 70 87 E1
F07:0028       
F07:0029       	str		R7,[R14],#4		
               S01:000158E4:  04 70 8E E4
F07:0030       	
F07:0001       	ldrb	R0,[R1,R2,lsr #12]
               S01:000158E8:  22 06 D1 E7
F07:0002       	add		R2,R2,R3
               S01:000158EC:  03 20 82 E0
F07:0003       	mov		R4,R13,lsr #24
               S01:000158F0:  2D 4C A0 E1
F07:0004       	subs	R0,R0,R4
               S01:000158F4:  04 00 50 E0
F07:0005       	movmi	R0,#0
               S01:000158F8:  00 00 A0 43
F07:0006       	mov		R7,R0,lsl #24
               S01:000158FC:  00 7C A0 E1
F07:0007       
F07:0008       	ldrb	R0,[R1,R5,lsr #12]
               S01:00015900:  25 06 D1 E7
F07:0009       	add		R5,R5,R6
               S01:00015904:  06 50 85 E0
F07:0010       	mov		R4,R13,lsl #8
               S01:00015908:  0D 44 A0 E1
F07:0011       	subs	R0,R0,R4,lsr #24
               S01:0001590C:  24 0C 50 E0
F07:0012       	movmi	R0,#0
               S01:00015910:  00 00 A0 43
F07:0013       	orr		R7,R7,R0,lsl #16
               S01:00015914:  00 78 87 E1
F07:0014       
F07:0015       	ldrb	R0,[R1,R8,lsr #12]
               S01:00015918:  28 06 D1 E7
F07:0016       	add		R8,R8,R9
               S01:0001591C:  09 80 88 E0
F07:0017       	mov		R4,R13,lsl #16
               S01:00015920:  0D 48 A0 E1
F07:0018       	subs	R0,R0,R4, lsr #24
               S01:00015924:  24 0C 50 E0
F07:0019       	movmi	R0,#0
               S01:00015928:  00 00 A0 43
F07:0020       	orr		R7,R7,R0,lsl #8
               S01:0001592C:  00 74 87 E1
F07:0021       
F07:0022       	ldrb	R0,[R1,R11,lsr #12]
               S01:00015930:  2B 06 D1 E7
F07:0023       	add		R11,R11,R12
               S01:00015934:  0C B0 8B E0
F07:0024       	mov		R4,R13,lsl #24
               S01:00015938:  0D 4C A0 E1
F07:0025       	subs	R0,R0,R4,lsr #24
               S01:0001593C:  24 0C 50 E0
F07:0026       	movmi	R0,#0
               S01:00015940:  00 00 A0 43
F07:0027       	orr		R7,R7,R0
               S01:00015944:  00 70 87 E1
F07:0028       
F07:0029       	str		R7,[R14],#4		
               S01:00015948:  04 70 8E E4
F07:0030       	
F07:0001       	ldrb	R0,[R1,R2,lsr #12]
               S01:0001594C:  22 06 D1 E7
F07:0002       	add		R2,R2,R3
               S01:00015950:  03 20 82 E0
F07:0003       	mov		R4,R13,lsr #24
               S01:00015954:  2D 4C A0 E1
F07:0004       	subs	R0,R0,R4
               S01:00015958:  04 00 50 E0
F07:0005       	movmi	R0,#0
               S01:0001595C:  00 00 A0 43
F07:0006       	mov		R7,R0,lsl #24
               S01:00015960:  00 7C A0 E1
F07:0007       
F07:0008       	ldrb	R0,[R1,R5,lsr #12]
               S01:00015964:  25 06 D1 E7
F07:0009       	add		R5,R5,R6
               S01:00015968:  06 50 85 E0
F07:0010       	mov		R4,R13,lsl #8
               S01:0001596C:  0D 44 A0 E1
F07:0011       	subs	R0,R0,R4,lsr #24
               S01:00015970:  24 0C 50 E0
F07:0012       	movmi	R0,#0
               S01:00015974:  00 00 A0 43
F07:0013       	orr		R7,R7,R0,lsl #16
               S01:00015978:  00 78 87 E1
F07:0014       
F07:0015       	ldrb	R0,[R1,R8,lsr #12]
               S01:0001597C:  28 06 D1 E7
F07:0016       	add		R8,R8,R9
               S01:00015980:  09 80 88 E0
F07:0017       	mov		R4,R13,lsl #16
               S01:00015984:  0D 48 A0 E1
F07:0018       	subs	R0,R0,R4, lsr #24
               S01:00015988:  24 0C 50 E0
F07:0019       	movmi	R0,#0
               S01:0001598C:  00 00 A0 43
F07:0020       	orr		R7,R7,R0,lsl #8
               S01:00015990:  00 74 87 E1
F07:0021       
F07:0022       	ldrb	R0,[R1,R11,lsr #12]
               S01:00015994:  2B 06 D1 E7
F07:0023       	add		R11,R11,R12
               S01:00015998:  0C B0 8B E0
F07:0024       	mov		R4,R13,lsl #24
               S01:0001599C:  0D 4C A0 E1
F07:0025       	subs	R0,R0,R4,lsr #24
               S01:000159A0:  24 0C 50 E0
F07:0026       	movmi	R0,#0
               S01:000159A4:  00 00 A0 43
F07:0027       	orr		R7,R7,R0
               S01:000159A8:  00 70 87 E1
F07:0028       
F07:0029       	str		R7,[R14],#4		
               S01:000159AC:  04 70 8E E4
F07:0030       	
F07:0001       	ldrb	R0,[R1,R2,lsr #12]
               S01:000159B0:  22 06 D1 E7
F07:0002       	add		R2,R2,R3
               S01:000159B4:  03 20 82 E0
F07:0003       	mov		R4,R13,lsr #24
               S01:000159B8:  2D 4C A0 E1
F07:0004       	subs	R0,R0,R4
               S01:000159BC:  04 00 50 E0
F07:0005       	movmi	R0,#0
               S01:000159C0:  00 00 A0 43
F07:0006       	mov		R7,R0,lsl #24
               S01:000159C4:  00 7C A0 E1
F07:0007       
F07:0008       	ldrb	R0,[R1,R5,lsr #12]
               S01:000159C8:  25 06 D1 E7
F07:0009       	add		R5,R5,R6
               S01:000159CC:  06 50 85 E0
F07:0010       	mov		R4,R13,lsl #8
               S01:000159D0:  0D 44 A0 E1
F07:0011       	subs	R0,R0,R4,lsr #24
               S01:000159D4:  24 0C 50 E0
F07:0012       	movmi	R0,#0
               S01:000159D8:  00 00 A0 43
F07:0013       	orr		R7,R7,R0,lsl #16
               S01:000159DC:  00 78 87 E1
F07:0014       
F07:0015       	ldrb	R0,[R1,R8,lsr #12]
               S01:000159E0:  28 06 D1 E7
F07:0016       	add		R8,R8,R9
               S01:000159E4:  09 80 88 E0
F07:0017       	mov		R4,R13,lsl #16
               S01:000159E8:  0D 48 A0 E1
F07:0018       	subs	R0,R0,R4, lsr #24
               S01:000159EC:  24 0C 50 E0
F07:0019       	movmi	R0,#0
               S01:000159F0:  00 00 A0 43
F07:0020       	orr		R7,R7,R0,lsl #8
               S01:000159F4:  00 74 87 E1
F07:0021       
F07:0022       	ldrb	R0,[R1,R11,lsr #12]
               S01:000159F8:  2B 06 D1 E7
F07:0023       	add		R11,R11,R12
               S01:000159FC:  0C B0 8B E0
F07:0024       	mov		R4,R13,lsl #24
               S01:00015A00:  0D 4C A0 E1
F07:0025       	subs	R0,R0,R4,lsr #24
               S01:00015A04:  24 0C 50 E0
F07:0026       	movmi	R0,#0
               S01:00015A08:  00 00 A0 43
F07:0027       	orr		R7,R7,R0
               S01:00015A0C:  00 70 87 E1
F07:0028       
F07:0029       	str		R7,[R14],#4		
               S01:00015A10:  04 70 8E E4
F07:0030       	
F07:0001       	ldrb	R0,[R1,R2,lsr #12]
               S01:00015A14:  22 06 D1 E7
F07:0002       	add		R2,R2,R3
               S01:00015A18:  03 20 82 E0
F07:0003       	mov		R4,R13,lsr #24
               S01:00015A1C:  2D 4C A0 E1
F07:0004       	subs	R0,R0,R4
               S01:00015A20:  04 00 50 E0
F07:0005       	movmi	R0,#0
               S01:00015A24:  00 00 A0 43
F07:0006       	mov		R7,R0,lsl #24
               S01:00015A28:  00 7C A0 E1
F07:0007       
F07:0008       	ldrb	R0,[R1,R5,lsr #12]
               S01:00015A2C:  25 06 D1 E7
F07:0009       	add		R5,R5,R6
               S01:00015A30:  06 50 85 E0
F07:0010       	mov		R4,R13,lsl #8
               S01:00015A34:  0D 44 A0 E1
F07:0011       	subs	R0,R0,R4,lsr #24
               S01:00015A38:  24 0C 50 E0
F07:0012       	movmi	R0,#0
               S01:00015A3C:  00 00 A0 43
F07:0013       	orr		R7,R7,R0,lsl #16
               S01:00015A40:  00 78 87 E1
F07:0014       
F07:0015       	ldrb	R0,[R1,R8,lsr #12]
               S01:00015A44:  28 06 D1 E7
F07:0016       	add		R8,R8,R9
               S01:00015A48:  09 80 88 E0
F07:0017       	mov		R4,R13,lsl #16
               S01:00015A4C:  0D 48 A0 E1
F07:0018       	subs	R0,R0,R4, lsr #24
               S01:00015A50:  24 0C 50 E0
F07:0019       	movmi	R0,#0
               S01:00015A54:  00 00 A0 43
F07:0020       	orr		R7,R7,R0,lsl #8
               S01:00015A58:  00 74 87 E1
F07:0021       
F07:0022       	ldrb	R0,[R1,R11,lsr #12]
               S01:00015A5C:  2B 06 D1 E7
F07:0023       	add		R11,R11,R12
               S01:00015A60:  0C B0 8B E0
F07:0024       	mov		R4,R13,lsl #24
               S01:00015A64:  0D 4C A0 E1
F07:0025       	subs	R0,R0,R4,lsr #24
               S01:00015A68:  24 0C 50 E0
F07:0026       	movmi	R0,#0
               S01:00015A6C:  00 00 A0 43
F07:0027       	orr		R7,R7,R0
               S01:00015A70:  00 70 87 E1
F07:0028       
F07:0029       	str		R7,[R14],#4		
               S01:00015A74:  04 70 8E E4
F07:0030       	
F07:0001       	ldrb	R0,[R1,R2,lsr #12]
               S01:00015A78:  22 06 D1 E7
F07:0002       	add		R2,R2,R3
               S01:00015A7C:  03 20 82 E0
F07:0003       	mov		R4,R13,lsr #24
               S01:00015A80:  2D 4C A0 E1
F07:0004       	subs	R0,R0,R4
               S01:00015A84:  04 00 50 E0
F07:0005       	movmi	R0,#0
               S01:00015A88:  00 00 A0 43
F07:0006       	mov		R7,R0,lsl #24
               S01:00015A8C:  00 7C A0 E1
F07:0007       
F07:0008       	ldrb	R0,[R1,R5,lsr #12]
               S01:00015A90:  25 06 D1 E7
F07:0009       	add		R5,R5,R6
               S01:00015A94:  06 50 85 E0
F07:0010       	mov		R4,R13,lsl #8
               S01:00015A98:  0D 44 A0 E1
F07:0011       	subs	R0,R0,R4,lsr #24
               S01:00015A9C:  24 0C 50 E0
F07:0012       	movmi	R0,#0
               S01:00015AA0:  00 00 A0 43
F07:0013       	orr		R7,R7,R0,lsl #16
               S01:00015AA4:  00 78 87 E1
F07:0014       
F07:0015       	ldrb	R0,[R1,R8,lsr #12]
               S01:00015AA8:  28 06 D1 E7
F07:0016       	add		R8,R8,R9
               S01:00015AAC:  09 80 88 E0
F07:0017       	mov		R4,R13,lsl #16
               S01:00015AB0:  0D 48 A0 E1
F07:0018       	subs	R0,R0,R4, lsr #24
               S01:00015AB4:  24 0C 50 E0
F07:0019       	movmi	R0,#0
               S01:00015AB8:  00 00 A0 43
F07:0020       	orr		R7,R7,R0,lsl #8
               S01:00015ABC:  00 74 87 E1
F07:0021       
F07:0022       	ldrb	R0,[R1,R11,lsr #12]
               S01:00015AC0:  2B 06 D1 E7
F07:0023       	add		R11,R11,R12
               S01:00015AC4:  0C B0 8B E0
F07:0024       	mov		R4,R13,lsl #24
               S01:00015AC8:  0D 4C A0 E1
F07:0025       	subs	R0,R0,R4,lsr #24
               S01:00015ACC:  24 0C 50 E0
F07:0026       	movmi	R0,#0
               S01:00015AD0:  00 00 A0 43
F07:0027       	orr		R7,R7,R0
               S01:00015AD4:  00 70 87 E1
F07:0028       
F07:0029       	str		R7,[R14],#4		
               S01:00015AD8:  04 70 8E E4
F07:0030       	
F07:0001       	ldrb	R0,[R1,R2,lsr #12]
               S01:00015ADC:  22 06 D1 E7
F07:0002       	add		R2,R2,R3
               S01:00015AE0:  03 20 82 E0
F07:0003       	mov		R4,R13,lsr #24
               S01:00015AE4:  2D 4C A0 E1
F07:0004       	subs	R0,R0,R4
               S01:00015AE8:  04 00 50 E0
F07:0005       	movmi	R0,#0
               S01:00015AEC:  00 00 A0 43
F07:0006       	mov		R7,R0,lsl #24
               S01:00015AF0:  00 7C A0 E1
F07:0007       
F07:0008       	ldrb	R0,[R1,R5,lsr #12]
               S01:00015AF4:  25 06 D1 E7
F07:0009       	add		R5,R5,R6
               S01:00015AF8:  06 50 85 E0
F07:0010       	mov		R4,R13,lsl #8
               S01:00015AFC:  0D 44 A0 E1
F07:0011       	subs	R0,R0,R4,lsr #24
               S01:00015B00:  24 0C 50 E0
F07:0012       	movmi	R0,#0
               S01:00015B04:  00 00 A0 43
F07:0013       	orr		R7,R7,R0,lsl #16
               S01:00015B08:  00 78 87 E1
F07:0014       
F07:0015       	ldrb	R0,[R1,R8,lsr #12]
               S01:00015B0C:  28 06 D1 E7
F07:0016       	add		R8,R8,R9
               S01:00015B10:  09 80 88 E0
F07:0017       	mov		R4,R13,lsl #16
               S01:00015B14:  0D 48 A0 E1
F07:0018       	subs	R0,R0,R4, lsr #24
               S01:00015B18:  24 0C 50 E0
F07:0019       	movmi	R0,#0
               S01:00015B1C:  00 00 A0 43
F07:0020       	orr		R7,R7,R0,lsl #8
               S01:00015B20:  00 74 87 E1
F07:0021       
F07:0022       	ldrb	R0,[R1,R11,lsr #12]
               S01:00015B24:  2B 06 D1 E7
F07:0023       	add		R11,R11,R12
               S01:00015B28:  0C B0 8B E0
F07:0024       	mov		R4,R13,lsl #24
               S01:00015B2C:  0D 4C A0 E1
F07:0025       	subs	R0,R0,R4,lsr #24
               S01:00015B30:  24 0C 50 E0
F07:0026       	movmi	R0,#0
               S01:00015B34:  00 00 A0 43
F07:0027       	orr		R7,R7,R0
               S01:00015B38:  00 70 87 E1
F07:0028       
F07:0029       	str		R7,[R14],#4		
               S01:00015B3C:  04 70 8E E4
F07:0030       	
F07:0001       	ldrb	R0,[R1,R2,lsr #12]
               S01:00015B40:  22 06 D1 E7
F07:0002       	add		R2,R2,R3
               S01:00015B44:  03 20 82 E0
F07:0003       	mov		R4,R13,lsr #24
               S01:00015B48:  2D 4C A0 E1
F07:0004       	subs	R0,R0,R4
               S01:00015B4C:  04 00 50 E0
F07:0005       	movmi	R0,#0
               S01:00015B50:  00 00 A0 43
F07:0006       	mov		R7,R0,lsl #24
               S01:00015B54:  00 7C A0 E1
F07:0007       
F07:0008       	ldrb	R0,[R1,R5,lsr #12]
               S01:00015B58:  25 06 D1 E7
F07:0009       	add		R5,R5,R6
               S01:00015B5C:  06 50 85 E0
F07:0010       	mov		R4,R13,lsl #8
               S01:00015B60:  0D 44 A0 E1
F07:0011       	subs	R0,R0,R4,lsr #24
               S01:00015B64:  24 0C 50 E0
F07:0012       	movmi	R0,#0
               S01:00015B68:  00 00 A0 43
F07:0013       	orr		R7,R7,R0,lsl #16
               S01:00015B6C:  00 78 87 E1
F07:0014       
F07:0015       	ldrb	R0,[R1,R8,lsr #12]
               S01:00015B70:  28 06 D1 E7
F07:0016       	add		R8,R8,R9
               S01:00015B74:  09 80 88 E0
F07:0017       	mov		R4,R13,lsl #16
               S01:00015B78:  0D 48 A0 E1
F07:0018       	subs	R0,R0,R4, lsr #24
               S01:00015B7C:  24 0C 50 E0
F07:0019       	movmi	R0,#0
               S01:00015B80:  00 00 A0 43
F07:0020       	orr		R7,R7,R0,lsl #8
               S01:00015B84:  00 74 87 E1
F07:0021       
F07:0022       	ldrb	R0,[R1,R11,lsr #12]
               S01:00015B88:  2B 06 D1 E7
F07:0023       	add		R11,R11,R12
               S01:00015B8C:  0C B0 8B E0
F07:0024       	mov		R4,R13,lsl #24
               S01:00015B90:  0D 4C A0 E1
F07:0025       	subs	R0,R0,R4,lsr #24
               S01:00015B94:  24 0C 50 E0
F07:0026       	movmi	R0,#0
               S01:00015B98:  00 00 A0 43
F07:0027       	orr		R7,R7,R0
               S01:00015B9C:  00 70 87 E1
F07:0028       
F07:0029       	str		R7,[R14],#4		
               S01:00015BA0:  04 70 8E E4
F07:0030       	
F07:0001       	ldrb	R0,[R1,R2,lsr #12]
               S01:00015BA4:  22 06 D1 E7
F07:0002       	add		R2,R2,R3
               S01:00015BA8:  03 20 82 E0
F07:0003       	mov		R4,R13,lsr #24
               S01:00015BAC:  2D 4C A0 E1
F07:0004       	subs	R0,R0,R4
               S01:00015BB0:  04 00 50 E0
F07:0005       	movmi	R0,#0
               S01:00015BB4:  00 00 A0 43
F07:0006       	mov		R7,R0,lsl #24
               S01:00015BB8:  00 7C A0 E1
F07:0007       
F07:0008       	ldrb	R0,[R1,R5,lsr #12]
               S01:00015BBC:  25 06 D1 E7
F07:0009       	add		R5,R5,R6
               S01:00015BC0:  06 50 85 E0
F07:0010       	mov		R4,R13,lsl #8
               S01:00015BC4:  0D 44 A0 E1
F07:0011       	subs	R0,R0,R4,lsr #24
               S01:00015BC8:  24 0C 50 E0
F07:0012       	movmi	R0,#0
               S01:00015BCC:  00 00 A0 43
F07:0013       	orr		R7,R7,R0,lsl #16
               S01:00015BD0:  00 78 87 E1
F07:0014       
F07:0015       	ldrb	R0,[R1,R8,lsr #12]
               S01:00015BD4:  28 06 D1 E7
F07:0016       	add		R8,R8,R9
               S01:00015BD8:  09 80 88 E0
F07:0017       	mov		R4,R13,lsl #16
               S01:00015BDC:  0D 48 A0 E1
F07:0018       	subs	R0,R0,R4, lsr #24
               S01:00015BE0:  24 0C 50 E0
F07:0019       	movmi	R0,#0
               S01:00015BE4:  00 00 A0 43
F07:0020       	orr		R7,R7,R0,lsl #8
               S01:00015BE8:  00 74 87 E1
F07:0021       
F07:0022       	ldrb	R0,[R1,R11,lsr #12]
               S01:00015BEC:  2B 06 D1 E7
F07:0023       	add		R11,R11,R12
               S01:00015BF0:  0C B0 8B E0
F07:0024       	mov		R4,R13,lsl #24
               S01:00015BF4:  0D 4C A0 E1
F07:0025       	subs	R0,R0,R4,lsr #24
               S01:00015BF8:  24 0C 50 E0
F07:0026       	movmi	R0,#0
               S01:00015BFC:  00 00 A0 43
F07:0027       	orr		R7,R7,R0
               S01:00015C00:  00 70 87 E1
F07:0028       
F07:0029       	str		R7,[R14],#4		
               S01:00015C04:  04 70 8E E4
F07:0030       	
F07:0001       	ldrb	R0,[R1,R2,lsr #12]
               S01:00015C08:  22 06 D1 E7
F07:0002       	add		R2,R2,R3
               S01:00015C0C:  03 20 82 E0
F07:0003       	mov		R4,R13,lsr #24
               S01:00015C10:  2D 4C A0 E1
F07:0004       	subs	R0,R0,R4
               S01:00015C14:  04 00 50 E0
F07:0005       	movmi	R0,#0
               S01:00015C18:  00 00 A0 43
F07:0006       	mov		R7,R0,lsl #24
               S01:00015C1C:  00 7C A0 E1
F07:0007       
F07:0008       	ldrb	R0,[R1,R5,lsr #12]
               S01:00015C20:  25 06 D1 E7
F07:0009       	add		R5,R5,R6
               S01:00015C24:  06 50 85 E0
F07:0010       	mov		R4,R13,lsl #8
               S01:00015C28:  0D 44 A0 E1
F07:0011       	subs	R0,R0,R4,lsr #24
               S01:00015C2C:  24 0C 50 E0
F07:0012       	movmi	R0,#0
               S01:00015C30:  00 00 A0 43
F07:0013       	orr		R7,R7,R0,lsl #16
               S01:00015C34:  00 78 87 E1
F07:0014       
F07:0015       	ldrb	R0,[R1,R8,lsr #12]
               S01:00015C38:  28 06 D1 E7
F07:0016       	add		R8,R8,R9
               S01:00015C3C:  09 80 88 E0
F07:0017       	mov		R4,R13,lsl #16
               S01:00015C40:  0D 48 A0 E1
F07:0018       	subs	R0,R0,R4, lsr #24
               S01:00015C44:  24 0C 50 E0
F07:0019       	movmi	R0,#0
               S01:00015C48:  00 00 A0 43
F07:0020       	orr		R7,R7,R0,lsl #8
               S01:00015C4C:  00 74 87 E1
F07:0021       
F07:0022       	ldrb	R0,[R1,R11,lsr #12]
               S01:00015C50:  2B 06 D1 E7
F07:0023       	add		R11,R11,R12
               S01:00015C54:  0C B0 8B E0
F07:0024       	mov		R4,R13,lsl #24
               S01:00015C58:  0D 4C A0 E1
F07:0025       	subs	R0,R0,R4,lsr #24
               S01:00015C5C:  24 0C 50 E0
F07:0026       	movmi	R0,#0
               S01:00015C60:  00 00 A0 43
F07:0027       	orr		R7,R7,R0
               S01:00015C64:  00 70 87 E1
F07:0028       
F07:0029       	str		R7,[R14],#4		
               S01:00015C68:  04 70 8E E4
F07:0030       	
F07:0001       	ldrb	R0,[R1,R2,lsr #12]
               S01:00015C6C:  22 06 D1 E7
F07:0002       	add		R2,R2,R3
               S01:00015C70:  03 20 82 E0
F07:0003       	mov		R4,R13,lsr #24
               S01:00015C74:  2D 4C A0 E1
F07:0004       	subs	R0,R0,R4
               S01:00015C78:  04 00 50 E0
F07:0005       	movmi	R0,#0
               S01:00015C7C:  00 00 A0 43
F07:0006       	mov		R7,R0,lsl #24
               S01:00015C80:  00 7C A0 E1
F07:0007       
F07:0008       	ldrb	R0,[R1,R5,lsr #12]
               S01:00015C84:  25 06 D1 E7
F07:0009       	add		R5,R5,R6
               S01:00015C88:  06 50 85 E0
F07:0010       	mov		R4,R13,lsl #8
               S01:00015C8C:  0D 44 A0 E1
F07:0011       	subs	R0,R0,R4,lsr #24
               S01:00015C90:  24 0C 50 E0
F07:0012       	movmi	R0,#0
               S01:00015C94:  00 00 A0 43
F07:0013       	orr		R7,R7,R0,lsl #16
               S01:00015C98:  00 78 87 E1
F07:0014       
F07:0015       	ldrb	R0,[R1,R8,lsr #12]
               S01:00015C9C:  28 06 D1 E7
F07:0016       	add		R8,R8,R9
               S01:00015CA0:  09 80 88 E0
F07:0017       	mov		R4,R13,lsl #16
               S01:00015CA4:  0D 48 A0 E1
F07:0018       	subs	R0,R0,R4, lsr #24
               S01:00015CA8:  24 0C 50 E0
F07:0019       	movmi	R0,#0
               S01:00015CAC:  00 00 A0 43
F07:0020       	orr		R7,R7,R0,lsl #8
               S01:00015CB0:  00 74 87 E1
F07:0021       
F07:0022       	ldrb	R0,[R1,R11,lsr #12]
               S01:00015CB4:  2B 06 D1 E7
F07:0023       	add		R11,R11,R12
               S01:00015CB8:  0C B0 8B E0
F07:0024       	mov		R4,R13,lsl #24
               S01:00015CBC:  0D 4C A0 E1
F07:0025       	subs	R0,R0,R4,lsr #24
               S01:00015CC0:  24 0C 50 E0
F07:0026       	movmi	R0,#0
               S01:00015CC4:  00 00 A0 43
F07:0027       	orr		R7,R7,R0
               S01:00015CC8:  00 70 87 E1
F07:0028       
F07:0029       	str		R7,[R14],#4		
               S01:00015CCC:  04 70 8E E4
F07:0030       	
F07:0001       	ldrb	R0,[R1,R2,lsr #12]
               S01:00015CD0:  22 06 D1 E7
F07:0002       	add		R2,R2,R3
               S01:00015CD4:  03 20 82 E0
F07:0003       	mov		R4,R13,lsr #24
               S01:00015CD8:  2D 4C A0 E1
F07:0004       	subs	R0,R0,R4
               S01:00015CDC:  04 00 50 E0
F07:0005       	movmi	R0,#0
               S01:00015CE0:  00 00 A0 43
F07:0006       	mov		R7,R0,lsl #24
               S01:00015CE4:  00 7C A0 E1
F07:0007       
F07:0008       	ldrb	R0,[R1,R5,lsr #12]
               S01:00015CE8:  25 06 D1 E7
F07:0009       	add		R5,R5,R6
               S01:00015CEC:  06 50 85 E0
F07:0010       	mov		R4,R13,lsl #8
               S01:00015CF0:  0D 44 A0 E1
F07:0011       	subs	R0,R0,R4,lsr #24
               S01:00015CF4:  24 0C 50 E0
F07:0012       	movmi	R0,#0
               S01:00015CF8:  00 00 A0 43
F07:0013       	orr		R7,R7,R0,lsl #16
               S01:00015CFC:  00 78 87 E1
F07:0014       
F07:0015       	ldrb	R0,[R1,R8,lsr #12]
               S01:00015D00:  28 06 D1 E7
F07:0016       	add		R8,R8,R9
               S01:00015D04:  09 80 88 E0
F07:0017       	mov		R4,R13,lsl #16
               S01:00015D08:  0D 48 A0 E1
F07:0018       	subs	R0,R0,R4, lsr #24
               S01:00015D0C:  24 0C 50 E0
F07:0019       	movmi	R0,#0
               S01:00015D10:  00 00 A0 43
F07:0020       	orr		R7,R7,R0,lsl #8
               S01:00015D14:  00 74 87 E1
F07:0021       
F07:0022       	ldrb	R0,[R1,R11,lsr #12]
               S01:00015D18:  2B 06 D1 E7
F07:0023       	add		R11,R11,R12
               S01:00015D1C:  0C B0 8B E0
F07:0024       	mov		R4,R13,lsl #24
               S01:00015D20:  0D 4C A0 E1
F07:0025       	subs	R0,R0,R4,lsr #24
               S01:00015D24:  24 0C 50 E0
F07:0026       	movmi	R0,#0
               S01:00015D28:  00 00 A0 43
F07:0027       	orr		R7,R7,R0
               S01:00015D2C:  00 70 87 E1
F07:0028       
F07:0029       	str		R7,[R14],#4		
               S01:00015D30:  04 70 8E E4
F07:0030       	
F07:0001       	ldrb	R0,[R1,R2,lsr #12]
               S01:00015D34:  22 06 D1 E7
F07:0002       	add		R2,R2,R3
               S01:00015D38:  03 20 82 E0
F07:0003       	mov		R4,R13,lsr #24
               S01:00015D3C:  2D 4C A0 E1
F07:0004       	subs	R0,R0,R4
               S01:00015D40:  04 00 50 E0
F07:0005       	movmi	R0,#0
               S01:00015D44:  00 00 A0 43
F07:0006       	mov		R7,R0,lsl #24
               S01:00015D48:  00 7C A0 E1
F07:0007       
F07:0008       	ldrb	R0,[R1,R5,lsr #12]
               S01:00015D4C:  25 06 D1 E7
F07:0009       	add		R5,R5,R6
               S01:00015D50:  06 50 85 E0
F07:0010       	mov		R4,R13,lsl #8
               S01:00015D54:  0D 44 A0 E1
F07:0011       	subs	R0,R0,R4,lsr #24
               S01:00015D58:  24 0C 50 E0
F07:0012       	movmi	R0,#0
               S01:00015D5C:  00 00 A0 43
F07:0013       	orr		R7,R7,R0,lsl #16
               S01:00015D60:  00 78 87 E1
F07:0014       
F07:0015       	ldrb	R0,[R1,R8,lsr #12]
               S01:00015D64:  28 06 D1 E7
F07:0016       	add		R8,R8,R9
               S01:00015D68:  09 80 88 E0
F07:0017       	mov		R4,R13,lsl #16
               S01:00015D6C:  0D 48 A0 E1
F07:0018       	subs	R0,R0,R4, lsr #24
               S01:00015D70:  24 0C 50 E0
F07:0019       	movmi	R0,#0
               S01:00015D74:  00 00 A0 43
F07:0020       	orr		R7,R7,R0,lsl #8
               S01:00015D78:  00 74 87 E1
F07:0021       
F07:0022       	ldrb	R0,[R1,R11,lsr #12]
               S01:00015D7C:  2B 06 D1 E7
F07:0023       	add		R11,R11,R12
               S01:00015D80:  0C B0 8B E0
F07:0024       	mov		R4,R13,lsl #24
               S01:00015D84:  0D 4C A0 E1
F07:0025       	subs	R0,R0,R4,lsr #24
               S01:00015D88:  24 0C 50 E0
F07:0026       	movmi	R0,#0
               S01:00015D8C:  00 00 A0 43
F07:0027       	orr		R7,R7,R0
               S01:00015D90:  00 70 87 E1
F07:0028       
F07:0029       	str		R7,[R14],#4		
               S01:00015D94:  04 70 8E E4
F07:0030       	
F07:0001       	ldrb	R0,[R1,R2,lsr #12]
               S01:00015D98:  22 06 D1 E7
F07:0002       	add		R2,R2,R3
               S01:00015D9C:  03 20 82 E0
F07:0003       	mov		R4,R13,lsr #24
               S01:00015DA0:  2D 4C A0 E1
F07:0004       	subs	R0,R0,R4
               S01:00015DA4:  04 00 50 E0
F07:0005       	movmi	R0,#0
               S01:00015DA8:  00 00 A0 43
F07:0006       	mov		R7,R0,lsl #24
               S01:00015DAC:  00 7C A0 E1
F07:0007       
F07:0008       	ldrb	R0,[R1,R5,lsr #12]
               S01:00015DB0:  25 06 D1 E7
F07:0009       	add		R5,R5,R6
               S01:00015DB4:  06 50 85 E0
F07:0010       	mov		R4,R13,lsl #8
               S01:00015DB8:  0D 44 A0 E1
F07:0011       	subs	R0,R0,R4,lsr #24
               S01:00015DBC:  24 0C 50 E0
F07:0012       	movmi	R0,#0
               S01:00015DC0:  00 00 A0 43
F07:0013       	orr		R7,R7,R0,lsl #16
               S01:00015DC4:  00 78 87 E1
F07:0014       
F07:0015       	ldrb	R0,[R1,R8,lsr #12]
               S01:00015DC8:  28 06 D1 E7
F07:0016       	add		R8,R8,R9
               S01:00015DCC:  09 80 88 E0
F07:0017       	mov		R4,R13,lsl #16
               S01:00015DD0:  0D 48 A0 E1
F07:0018       	subs	R0,R0,R4, lsr #24
               S01:00015DD4:  24 0C 50 E0
F07:0019       	movmi	R0,#0
               S01:00015DD8:  00 00 A0 43
F07:0020       	orr		R7,R7,R0,lsl #8
               S01:00015DDC:  00 74 87 E1
F07:0021       
F07:0022       	ldrb	R0,[R1,R11,lsr #12]
               S01:00015DE0:  2B 06 D1 E7
F07:0023       	add		R11,R11,R12
               S01:00015DE4:  0C B0 8B E0
F07:0024       	mov		R4,R13,lsl #24
               S01:00015DE8:  0D 4C A0 E1
F07:0025       	subs	R0,R0,R4,lsr #24
               S01:00015DEC:  24 0C 50 E0
F07:0026       	movmi	R0,#0
               S01:00015DF0:  00 00 A0 43
F07:0027       	orr		R7,R7,R0
               S01:00015DF4:  00 70 87 E1
F07:0028       
F07:0029       	str		R7,[R14],#4		
               S01:00015DF8:  04 70 8E E4
F07:0030       	
F07:0001       	ldrb	R0,[R1,R2,lsr #12]
               S01:00015DFC:  22 06 D1 E7
F07:0002       	add		R2,R2,R3
               S01:00015E00:  03 20 82 E0
F07:0003       	mov		R4,R13,lsr #24
               S01:00015E04:  2D 4C A0 E1
F07:0004       	subs	R0,R0,R4
               S01:00015E08:  04 00 50 E0
F07:0005       	movmi	R0,#0
               S01:00015E0C:  00 00 A0 43
F07:0006       	mov		R7,R0,lsl #24
               S01:00015E10:  00 7C A0 E1
F07:0007       
F07:0008       	ldrb	R0,[R1,R5,lsr #12]
               S01:00015E14:  25 06 D1 E7
F07:0009       	add		R5,R5,R6
               S01:00015E18:  06 50 85 E0
F07:0010       	mov		R4,R13,lsl #8
               S01:00015E1C:  0D 44 A0 E1
F07:0011       	subs	R0,R0,R4,lsr #24
               S01:00015E20:  24 0C 50 E0
F07:0012       	movmi	R0,#0
               S01:00015E24:  00 00 A0 43
F07:0013       	orr		R7,R7,R0,lsl #16
               S01:00015E28:  00 78 87 E1
F07:0014       
F07:0015       	ldrb	R0,[R1,R8,lsr #12]
               S01:00015E2C:  28 06 D1 E7
F07:0016       	add		R8,R8,R9
               S01:00015E30:  09 80 88 E0
F07:0017       	mov		R4,R13,lsl #16
               S01:00015E34:  0D 48 A0 E1
F07:0018       	subs	R0,R0,R4, lsr #24
               S01:00015E38:  24 0C 50 E0
F07:0019       	movmi	R0,#0
               S01:00015E3C:  00 00 A0 43
F07:0020       	orr		R7,R7,R0,lsl #8
               S01:00015E40:  00 74 87 E1
F07:0021       
F07:0022       	ldrb	R0,[R1,R11,lsr #12]
               S01:00015E44:  2B 06 D1 E7
F07:0023       	add		R11,R11,R12
               S01:00015E48:  0C B0 8B E0
F07:0024       	mov		R4,R13,lsl #24
               S01:00015E4C:  0D 4C A0 E1
F07:0025       	subs	R0,R0,R4,lsr #24
               S01:00015E50:  24 0C 50 E0
F07:0026       	movmi	R0,#0
               S01:00015E54:  00 00 A0 43
F07:0027       	orr		R7,R7,R0
               S01:00015E58:  00 70 87 E1
F07:0028       
F07:0029       	str		R7,[R14],#4		
               S01:00015E5C:  04 70 8E E4
F07:0030       	
F07:0001       	ldrb	R0,[R1,R2,lsr #12]
               S01:00015E60:  22 06 D1 E7
F07:0002       	add		R2,R2,R3
               S01:00015E64:  03 20 82 E0
F07:0003       	mov		R4,R13,lsr #24
               S01:00015E68:  2D 4C A0 E1
F07:0004       	subs	R0,R0,R4
               S01:00015E6C:  04 00 50 E0
F07:0005       	movmi	R0,#0
               S01:00015E70:  00 00 A0 43
F07:0006       	mov		R7,R0,lsl #24
               S01:00015E74:  00 7C A0 E1
F07:0007       
F07:0008       	ldrb	R0,[R1,R5,lsr #12]
               S01:00015E78:  25 06 D1 E7
F07:0009       	add		R5,R5,R6
               S01:00015E7C:  06 50 85 E0
F07:0010       	mov		R4,R13,lsl #8
               S01:00015E80:  0D 44 A0 E1
F07:0011       	subs	R0,R0,R4,lsr #24
               S01:00015E84:  24 0C 50 E0
F07:0012       	movmi	R0,#0
               S01:00015E88:  00 00 A0 43
F07:0013       	orr		R7,R7,R0,lsl #16
               S01:00015E8C:  00 78 87 E1
F07:0014       
F07:0015       	ldrb	R0,[R1,R8,lsr #12]
               S01:00015E90:  28 06 D1 E7
F07:0016       	add		R8,R8,R9
               S01:00015E94:  09 80 88 E0
F07:0017       	mov		R4,R13,lsl #16
               S01:00015E98:  0D 48 A0 E1
F07:0018       	subs	R0,R0,R4, lsr #24
               S01:00015E9C:  24 0C 50 E0
F07:0019       	movmi	R0,#0
               S01:00015EA0:  00 00 A0 43
F07:0020       	orr		R7,R7,R0,lsl #8
               S01:00015EA4:  00 74 87 E1
F07:0021       
F07:0022       	ldrb	R0,[R1,R11,lsr #12]
               S01:00015EA8:  2B 06 D1 E7
F07:0023       	add		R11,R11,R12
               S01:00015EAC:  0C B0 8B E0
F07:0024       	mov		R4,R13,lsl #24
               S01:00015EB0:  0D 4C A0 E1
F07:0025       	subs	R0,R0,R4,lsr #24
               S01:00015EB4:  24 0C 50 E0
F07:0026       	movmi	R0,#0
               S01:00015EB8:  00 00 A0 43
F07:0027       	orr		R7,R7,R0
               S01:00015EBC:  00 70 87 E1
F07:0028       
F07:0029       	str		R7,[R14],#4		
               S01:00015EC0:  04 70 8E E4
F07:0030       	
F07:0001       	ldrb	R0,[R1,R2,lsr #12]
               S01:00015EC4:  22 06 D1 E7
F07:0002       	add		R2,R2,R3
               S01:00015EC8:  03 20 82 E0
F07:0003       	mov		R4,R13,lsr #24
               S01:00015ECC:  2D 4C A0 E1
F07:0004       	subs	R0,R0,R4
               S01:00015ED0:  04 00 50 E0
F07:0005       	movmi	R0,#0
               S01:00015ED4:  00 00 A0 43
F07:0006       	mov		R7,R0,lsl #24
               S01:00015ED8:  00 7C A0 E1
F07:0007       
F07:0008       	ldrb	R0,[R1,R5,lsr #12]
               S01:00015EDC:  25 06 D1 E7
F07:0009       	add		R5,R5,R6
               S01:00015EE0:  06 50 85 E0
F07:0010       	mov		R4,R13,lsl #8
               S01:00015EE4:  0D 44 A0 E1
F07:0011       	subs	R0,R0,R4,lsr #24
               S01:00015EE8:  24 0C 50 E0
F07:0012       	movmi	R0,#0
               S01:00015EEC:  00 00 A0 43
F07:0013       	orr		R7,R7,R0,lsl #16
               S01:00015EF0:  00 78 87 E1
F07:0014       
F07:0015       	ldrb	R0,[R1,R8,lsr #12]
               S01:00015EF4:  28 06 D1 E7
F07:0016       	add		R8,R8,R9
               S01:00015EF8:  09 80 88 E0
F07:0017       	mov		R4,R13,lsl #16
               S01:00015EFC:  0D 48 A0 E1
F07:0018       	subs	R0,R0,R4, lsr #24
               S01:00015F00:  24 0C 50 E0
F07:0019       	movmi	R0,#0
               S01:00015F04:  00 00 A0 43
F07:0020       	orr		R7,R7,R0,lsl #8
               S01:00015F08:  00 74 87 E1
F07:0021       
F07:0022       	ldrb	R0,[R1,R11,lsr #12]
               S01:00015F0C:  2B 06 D1 E7
F07:0023       	add		R11,R11,R12
               S01:00015F10:  0C B0 8B E0
F07:0024       	mov		R4,R13,lsl #24
               S01:00015F14:  0D 4C A0 E1
F07:0025       	subs	R0,R0,R4,lsr #24
               S01:00015F18:  24 0C 50 E0
F07:0026       	movmi	R0,#0
               S01:00015F1C:  00 00 A0 43
F07:0027       	orr		R7,R7,R0
               S01:00015F20:  00 70 87 E1
F07:0028       
F07:0029       	str		R7,[R14],#4		
               S01:00015F24:  04 70 8E E4
F07:0030       	
F07:0001       	ldrb	R0,[R1,R2,lsr #12]
               S01:00015F28:  22 06 D1 E7
F07:0002       	add		R2,R2,R3
               S01:00015F2C:  03 20 82 E0
F07:0003       	mov		R4,R13,lsr #24
               S01:00015F30:  2D 4C A0 E1
F07:0004       	subs	R0,R0,R4
               S01:00015F34:  04 00 50 E0
F07:0005       	movmi	R0,#0
               S01:00015F38:  00 00 A0 43
F07:0006       	mov		R7,R0,lsl #24
               S01:00015F3C:  00 7C A0 E1
F07:0007       
F07:0008       	ldrb	R0,[R1,R5,lsr #12]
               S01:00015F40:  25 06 D1 E7
F07:0009       	add		R5,R5,R6
               S01:00015F44:  06 50 85 E0
F07:0010       	mov		R4,R13,lsl #8
               S01:00015F48:  0D 44 A0 E1
F07:0011       	subs	R0,R0,R4,lsr #24
               S01:00015F4C:  24 0C 50 E0
F07:0012       	movmi	R0,#0
               S01:00015F50:  00 00 A0 43
F07:0013       	orr		R7,R7,R0,lsl #16
               S01:00015F54:  00 78 87 E1
F07:0014       
F07:0015       	ldrb	R0,[R1,R8,lsr #12]
               S01:00015F58:  28 06 D1 E7
F07:0016       	add		R8,R8,R9
               S01:00015F5C:  09 80 88 E0
F07:0017       	mov		R4,R13,lsl #16
               S01:00015F60:  0D 48 A0 E1
F07:0018       	subs	R0,R0,R4, lsr #24
               S01:00015F64:  24 0C 50 E0
F07:0019       	movmi	R0,#0
               S01:00015F68:  00 00 A0 43
F07:0020       	orr		R7,R7,R0,lsl #8
               S01:00015F6C:  00 74 87 E1
F07:0021       
F07:0022       	ldrb	R0,[R1,R11,lsr #12]
               S01:00015F70:  2B 06 D1 E7
F07:0023       	add		R11,R11,R12
               S01:00015F74:  0C B0 8B E0
F07:0024       	mov		R4,R13,lsl #24
               S01:00015F78:  0D 4C A0 E1
F07:0025       	subs	R0,R0,R4,lsr #24
               S01:00015F7C:  24 0C 50 E0
F07:0026       	movmi	R0,#0
               S01:00015F80:  00 00 A0 43
F07:0027       	orr		R7,R7,R0
               S01:00015F84:  00 70 87 E1
F07:0028       
F07:0029       	str		R7,[R14],#4		
               S01:00015F88:  04 70 8E E4
F07:0030       	
F07:0001       	ldrb	R0,[R1,R2,lsr #12]
               S01:00015F8C:  22 06 D1 E7
F07:0002       	add		R2,R2,R3
               S01:00015F90:  03 20 82 E0
F07:0003       	mov		R4,R13,lsr #24
               S01:00015F94:  2D 4C A0 E1
F07:0004       	subs	R0,R0,R4
               S01:00015F98:  04 00 50 E0
F07:0005       	movmi	R0,#0
               S01:00015F9C:  00 00 A0 43
F07:0006       	mov		R7,R0,lsl #24
               S01:00015FA0:  00 7C A0 E1
F07:0007       
F07:0008       	ldrb	R0,[R1,R5,lsr #12]
               S01:00015FA4:  25 06 D1 E7
F07:0009       	add		R5,R5,R6
               S01:00015FA8:  06 50 85 E0
F07:0010       	mov		R4,R13,lsl #8
               S01:00015FAC:  0D 44 A0 E1
F07:0011       	subs	R0,R0,R4,lsr #24
               S01:00015FB0:  24 0C 50 E0
F07:0012       	movmi	R0,#0
               S01:00015FB4:  00 00 A0 43
F07:0013       	orr		R7,R7,R0,lsl #16
               S01:00015FB8:  00 78 87 E1
F07:0014       
F07:0015       	ldrb	R0,[R1,R8,lsr #12]
               S01:00015FBC:  28 06 D1 E7
F07:0016       	add		R8,R8,R9
               S01:00015FC0:  09 80 88 E0
F07:0017       	mov		R4,R13,lsl #16
               S01:00015FC4:  0D 48 A0 E1
F07:0018       	subs	R0,R0,R4, lsr #24
               S01:00015FC8:  24 0C 50 E0
F07:0019       	movmi	R0,#0
               S01:00015FCC:  00 00 A0 43
F07:0020       	orr		R7,R7,R0,lsl #8
               S01:00015FD0:  00 74 87 E1
F07:0021       
F07:0022       	ldrb	R0,[R1,R11,lsr #12]
               S01:00015FD4:  2B 06 D1 E7
F07:0023       	add		R11,R11,R12
               S01:00015FD8:  0C B0 8B E0
F07:0024       	mov		R4,R13,lsl #24
               S01:00015FDC:  0D 4C A0 E1
F07:0025       	subs	R0,R0,R4,lsr #24
               S01:00015FE0:  24 0C 50 E0
F07:0026       	movmi	R0,#0
               S01:00015FE4:  00 00 A0 43
F07:0027       	orr		R7,R7,R0
               S01:00015FE8:  00 70 87 E1
F07:0028       
F07:0029       	str		R7,[R14],#4		
               S01:00015FEC:  04 70 8E E4
F07:0030       	
F07:0001       	ldrb	R0,[R1,R2,lsr #12]
               S01:00015FF0:  22 06 D1 E7
F07:0002       	add		R2,R2,R3
               S01:00015FF4:  03 20 82 E0
F07:0003       	mov		R4,R13,lsr #24
               S01:00015FF8:  2D 4C A0 E1
F07:0004       	subs	R0,R0,R4
               S01:00015FFC:  04 00 50 E0
F07:0005       	movmi	R0,#0
               S01:00016000:  00 00 A0 43
F07:0006       	mov		R7,R0,lsl #24
               S01:00016004:  00 7C A0 E1
F07:0007       
F07:0008       	ldrb	R0,[R1,R5,lsr #12]
               S01:00016008:  25 06 D1 E7
F07:0009       	add		R5,R5,R6
               S01:0001600C:  06 50 85 E0
F07:0010       	mov		R4,R13,lsl #8
               S01:00016010:  0D 44 A0 E1
F07:0011       	subs	R0,R0,R4,lsr #24
               S01:00016014:  24 0C 50 E0
F07:0012       	movmi	R0,#0
               S01:00016018:  00 00 A0 43
F07:0013       	orr		R7,R7,R0,lsl #16
               S01:0001601C:  00 78 87 E1
F07:0014       
F07:0015       	ldrb	R0,[R1,R8,lsr #12]
               S01:00016020:  28 06 D1 E7
F07:0016       	add		R8,R8,R9
               S01:00016024:  09 80 88 E0
F07:0017       	mov		R4,R13,lsl #16
               S01:00016028:  0D 48 A0 E1
F07:0018       	subs	R0,R0,R4, lsr #24
               S01:0001602C:  24 0C 50 E0
F07:0019       	movmi	R0,#0
               S01:00016030:  00 00 A0 43
F07:0020       	orr		R7,R7,R0,lsl #8
               S01:00016034:  00 74 87 E1
F07:0021       
F07:0022       	ldrb	R0,[R1,R11,lsr #12]
               S01:00016038:  2B 06 D1 E7
F07:0023       	add		R11,R11,R12
               S01:0001603C:  0C B0 8B E0
F07:0024       	mov		R4,R13,lsl #24
               S01:00016040:  0D 4C A0 E1
F07:0025       	subs	R0,R0,R4,lsr #24
               S01:00016044:  24 0C 50 E0
F07:0026       	movmi	R0,#0
               S01:00016048:  00 00 A0 43
F07:0027       	orr		R7,R7,R0
               S01:0001604C:  00 70 87 E1
F07:0028       
F07:0029       	str		R7,[R14],#4		
               S01:00016050:  04 70 8E E4
F07:0030       	
F07:0001       	ldrb	R0,[R1,R2,lsr #12]
               S01:00016054:  22 06 D1 E7
F07:0002       	add		R2,R2,R3
               S01:00016058:  03 20 82 E0
F07:0003       	mov		R4,R13,lsr #24
               S01:0001605C:  2D 4C A0 E1
F07:0004       	subs	R0,R0,R4
               S01:00016060:  04 00 50 E0
F07:0005       	movmi	R0,#0
               S01:00016064:  00 00 A0 43
F07:0006       	mov		R7,R0,lsl #24
               S01:00016068:  00 7C A0 E1
F07:0007       
F07:0008       	ldrb	R0,[R1,R5,lsr #12]
               S01:0001606C:  25 06 D1 E7
F07:0009       	add		R5,R5,R6
               S01:00016070:  06 50 85 E0
F07:0010       	mov		R4,R13,lsl #8
               S01:00016074:  0D 44 A0 E1
F07:0011       	subs	R0,R0,R4,lsr #24
               S01:00016078:  24 0C 50 E0
F07:0012       	movmi	R0,#0
               S01:0001607C:  00 00 A0 43
F07:0013       	orr		R7,R7,R0,lsl #16
               S01:00016080:  00 78 87 E1
F07:0014       
F07:0015       	ldrb	R0,[R1,R8,lsr #12]
               S01:00016084:  28 06 D1 E7
F07:0016       	add		R8,R8,R9
               S01:00016088:  09 80 88 E0
F07:0017       	mov		R4,R13,lsl #16
               S01:0001608C:  0D 48 A0 E1
F07:0018       	subs	R0,R0,R4, lsr #24
               S01:00016090:  24 0C 50 E0
F07:0019       	movmi	R0,#0
               S01:00016094:  00 00 A0 43
F07:0020       	orr		R7,R7,R0,lsl #8
               S01:00016098:  00 74 87 E1
F07:0021       
F07:0022       	ldrb	R0,[R1,R11,lsr #12]
               S01:0001609C:  2B 06 D1 E7
F07:0023       	add		R11,R11,R12
               S01:000160A0:  0C B0 8B E0
F07:0024       	mov		R4,R13,lsl #24
               S01:000160A4:  0D 4C A0 E1
F07:0025       	subs	R0,R0,R4,lsr #24
               S01:000160A8:  24 0C 50 E0
F07:0026       	movmi	R0,#0
               S01:000160AC:  00 00 A0 43
F07:0027       	orr		R7,R7,R0
               S01:000160B0:  00 70 87 E1
F07:0028       
F07:0029       	str		R7,[R14],#4		
               S01:000160B4:  04 70 8E E4
F07:0030       	
F07:0001       	ldrb	R0,[R1,R2,lsr #12]
               S01:000160B8:  22 06 D1 E7
F07:0002       	add		R2,R2,R3
               S01:000160BC:  03 20 82 E0
F07:0003       	mov		R4,R13,lsr #24
               S01:000160C0:  2D 4C A0 E1
F07:0004       	subs	R0,R0,R4
               S01:000160C4:  04 00 50 E0
F07:0005       	movmi	R0,#0
               S01:000160C8:  00 00 A0 43
F07:0006       	mov		R7,R0,lsl #24
               S01:000160CC:  00 7C A0 E1
F07:0007       
F07:0008       	ldrb	R0,[R1,R5,lsr #12]
               S01:000160D0:  25 06 D1 E7
F07:0009       	add		R5,R5,R6
               S01:000160D4:  06 50 85 E0
F07:0010       	mov		R4,R13,lsl #8
               S01:000160D8:  0D 44 A0 E1
F07:0011       	subs	R0,R0,R4,lsr #24
               S01:000160DC:  24 0C 50 E0
F07:0012       	movmi	R0,#0
               S01:000160E0:  00 00 A0 43
F07:0013       	orr		R7,R7,R0,lsl #16
               S01:000160E4:  00 78 87 E1
F07:0014       
F07:0015       	ldrb	R0,[R1,R8,lsr #12]
               S01:000160E8:  28 06 D1 E7
F07:0016       	add		R8,R8,R9
               S01:000160EC:  09 80 88 E0
F07:0017       	mov		R4,R13,lsl #16
               S01:000160F0:  0D 48 A0 E1
F07:0018       	subs	R0,R0,R4, lsr #24
               S01:000160F4:  24 0C 50 E0
F07:0019       	movmi	R0,#0
               S01:000160F8:  00 00 A0 43
F07:0020       	orr		R7,R7,R0,lsl #8
               S01:000160FC:  00 74 87 E1
F07:0021       
F07:0022       	ldrb	R0,[R1,R11,lsr #12]
               S01:00016100:  2B 06 D1 E7
F07:0023       	add		R11,R11,R12
               S01:00016104:  0C B0 8B E0
F07:0024       	mov		R4,R13,lsl #24
               S01:00016108:  0D 4C A0 E1
F07:0025       	subs	R0,R0,R4,lsr #24
               S01:0001610C:  24 0C 50 E0
F07:0026       	movmi	R0,#0
               S01:00016110:  00 00 A0 43
F07:0027       	orr		R7,R7,R0
               S01:00016114:  00 70 87 E1
F07:0028       
F07:0029       	str		R7,[R14],#4		
               S01:00016118:  04 70 8E E4
F07:0030       	
F07:0001       	ldrb	R0,[R1,R2,lsr #12]
               S01:0001611C:  22 06 D1 E7
F07:0002       	add		R2,R2,R3
               S01:00016120:  03 20 82 E0
F07:0003       	mov		R4,R13,lsr #24
               S01:00016124:  2D 4C A0 E1
F07:0004       	subs	R0,R0,R4
               S01:00016128:  04 00 50 E0
F07:0005       	movmi	R0,#0
               S01:0001612C:  00 00 A0 43
F07:0006       	mov		R7,R0,lsl #24
               S01:00016130:  00 7C A0 E1
F07:0007       
F07:0008       	ldrb	R0,[R1,R5,lsr #12]
               S01:00016134:  25 06 D1 E7
F07:0009       	add		R5,R5,R6
               S01:00016138:  06 50 85 E0
F07:0010       	mov		R4,R13,lsl #8
               S01:0001613C:  0D 44 A0 E1
F07:0011       	subs	R0,R0,R4,lsr #24
               S01:00016140:  24 0C 50 E0
F07:0012       	movmi	R0,#0
               S01:00016144:  00 00 A0 43
F07:0013       	orr		R7,R7,R0,lsl #16
               S01:00016148:  00 78 87 E1
F07:0014       
F07:0015       	ldrb	R0,[R1,R8,lsr #12]
               S01:0001614C:  28 06 D1 E7
F07:0016       	add		R8,R8,R9
               S01:00016150:  09 80 88 E0
F07:0017       	mov		R4,R13,lsl #16
               S01:00016154:  0D 48 A0 E1
F07:0018       	subs	R0,R0,R4, lsr #24
               S01:00016158:  24 0C 50 E0
F07:0019       	movmi	R0,#0
               S01:0001615C:  00 00 A0 43
F07:0020       	orr		R7,R7,R0,lsl #8
               S01:00016160:  00 74 87 E1
F07:0021       
F07:0022       	ldrb	R0,[R1,R11,lsr #12]
               S01:00016164:  2B 06 D1 E7
F07:0023       	add		R11,R11,R12
               S01:00016168:  0C B0 8B E0
F07:0024       	mov		R4,R13,lsl #24
               S01:0001616C:  0D 4C A0 E1
F07:0025       	subs	R0,R0,R4,lsr #24
               S01:00016170:  24 0C 50 E0
F07:0026       	movmi	R0,#0
               S01:00016174:  00 00 A0 43
F07:0027       	orr		R7,R7,R0
               S01:00016178:  00 70 87 E1
F07:0028       
F07:0029       	str		R7,[R14],#4		
               S01:0001617C:  04 70 8E E4
F07:0030       	
F07:0001       	ldrb	R0,[R1,R2,lsr #12]
               S01:00016180:  22 06 D1 E7
F07:0002       	add		R2,R2,R3
               S01:00016184:  03 20 82 E0
F07:0003       	mov		R4,R13,lsr #24
               S01:00016188:  2D 4C A0 E1
F07:0004       	subs	R0,R0,R4
               S01:0001618C:  04 00 50 E0
F07:0005       	movmi	R0,#0
               S01:00016190:  00 00 A0 43
F07:0006       	mov		R7,R0,lsl #24
               S01:00016194:  00 7C A0 E1
F07:0007       
F07:0008       	ldrb	R0,[R1,R5,lsr #12]
               S01:00016198:  25 06 D1 E7
F07:0009       	add		R5,R5,R6
               S01:0001619C:  06 50 85 E0
F07:0010       	mov		R4,R13,lsl #8
               S01:000161A0:  0D 44 A0 E1
F07:0011       	subs	R0,R0,R4,lsr #24
               S01:000161A4:  24 0C 50 E0
F07:0012       	movmi	R0,#0
               S01:000161A8:  00 00 A0 43
F07:0013       	orr		R7,R7,R0,lsl #16
               S01:000161AC:  00 78 87 E1
F07:0014       
F07:0015       	ldrb	R0,[R1,R8,lsr #12]
               S01:000161B0:  28 06 D1 E7
F07:0016       	add		R8,R8,R9
               S01:000161B4:  09 80 88 E0
F07:0017       	mov		R4,R13,lsl #16
               S01:000161B8:  0D 48 A0 E1
F07:0018       	subs	R0,R0,R4, lsr #24
               S01:000161BC:  24 0C 50 E0
F07:0019       	movmi	R0,#0
               S01:000161C0:  00 00 A0 43
F07:0020       	orr		R7,R7,R0,lsl #8
               S01:000161C4:  00 74 87 E1
F07:0021       
F07:0022       	ldrb	R0,[R1,R11,lsr #12]
               S01:000161C8:  2B 06 D1 E7
F07:0023       	add		R11,R11,R12
               S01:000161CC:  0C B0 8B E0
F07:0024       	mov		R4,R13,lsl #24
               S01:000161D0:  0D 4C A0 E1
F07:0025       	subs	R0,R0,R4,lsr #24
               S01:000161D4:  24 0C 50 E0
F07:0026       	movmi	R0,#0
               S01:000161D8:  00 00 A0 43
F07:0027       	orr		R7,R7,R0
               S01:000161DC:  00 70 87 E1
F07:0028       
F07:0029       	str		R7,[R14],#4		
               S01:000161E0:  04 70 8E E4
F07:0030       	
F07:0001       	ldrb	R0,[R1,R2,lsr #12]
               S01:000161E4:  22 06 D1 E7
F07:0002       	add		R2,R2,R3
               S01:000161E8:  03 20 82 E0
F07:0003       	mov		R4,R13,lsr #24
               S01:000161EC:  2D 4C A0 E1
F07:0004       	subs	R0,R0,R4
               S01:000161F0:  04 00 50 E0
F07:0005       	movmi	R0,#0
               S01:000161F4:  00 00 A0 43
F07:0006       	mov		R7,R0,lsl #24
               S01:000161F8:  00 7C A0 E1
F07:0007       
F07:0008       	ldrb	R0,[R1,R5,lsr #12]
               S01:000161FC:  25 06 D1 E7
F07:0009       	add		R5,R5,R6
               S01:00016200:  06 50 85 E0
F07:0010       	mov		R4,R13,lsl #8
               S01:00016204:  0D 44 A0 E1
F07:0011       	subs	R0,R0,R4,lsr #24
               S01:00016208:  24 0C 50 E0
F07:0012       	movmi	R0,#0
               S01:0001620C:  00 00 A0 43
F07:0013       	orr		R7,R7,R0,lsl #16
               S01:00016210:  00 78 87 E1
F07:0014       
F07:0015       	ldrb	R0,[R1,R8,lsr #12]
               S01:00016214:  28 06 D1 E7
F07:0016       	add		R8,R8,R9
               S01:00016218:  09 80 88 E0
F07:0017       	mov		R4,R13,lsl #16
               S01:0001621C:  0D 48 A0 E1
F07:0018       	subs	R0,R0,R4, lsr #24
               S01:00016220:  24 0C 50 E0
F07:0019       	movmi	R0,#0
               S01:00016224:  00 00 A0 43
F07:0020       	orr		R7,R7,R0,lsl #8
               S01:00016228:  00 74 87 E1
F07:0021       
F07:0022       	ldrb	R0,[R1,R11,lsr #12]
               S01:0001622C:  2B 06 D1 E7
F07:0023       	add		R11,R11,R12
               S01:00016230:  0C B0 8B E0
F07:0024       	mov		R4,R13,lsl #24
               S01:00016234:  0D 4C A0 E1
F07:0025       	subs	R0,R0,R4,lsr #24
               S01:00016238:  24 0C 50 E0
F07:0026       	movmi	R0,#0
               S01:0001623C:  00 00 A0 43
F07:0027       	orr		R7,R7,R0
               S01:00016240:  00 70 87 E1
F07:0028       
F07:0029       	str		R7,[R14],#4		
               S01:00016244:  04 70 8E E4
F07:0030       	
F07:0001       	ldrb	R0,[R1,R2,lsr #12]
               S01:00016248:  22 06 D1 E7
F07:0002       	add		R2,R2,R3
               S01:0001624C:  03 20 82 E0
F07:0003       	mov		R4,R13,lsr #24
               S01:00016250:  2D 4C A0 E1
F07:0004       	subs	R0,R0,R4
               S01:00016254:  04 00 50 E0
F07:0005       	movmi	R0,#0
               S01:00016258:  00 00 A0 43
F07:0006       	mov		R7,R0,lsl #24
               S01:0001625C:  00 7C A0 E1
F07:0007       
F07:0008       	ldrb	R0,[R1,R5,lsr #12]
               S01:00016260:  25 06 D1 E7
F07:0009       	add		R5,R5,R6
               S01:00016264:  06 50 85 E0
F07:0010       	mov		R4,R13,lsl #8
               S01:00016268:  0D 44 A0 E1
F07:0011       	subs	R0,R0,R4,lsr #24
               S01:0001626C:  24 0C 50 E0
F07:0012       	movmi	R0,#0
               S01:00016270:  00 00 A0 43
F07:0013       	orr		R7,R7,R0,lsl #16
               S01:00016274:  00 78 87 E1
F07:0014       
F07:0015       	ldrb	R0,[R1,R8,lsr #12]
               S01:00016278:  28 06 D1 E7
F07:0016       	add		R8,R8,R9
               S01:0001627C:  09 80 88 E0
F07:0017       	mov		R4,R13,lsl #16
               S01:00016280:  0D 48 A0 E1
F07:0018       	subs	R0,R0,R4, lsr #24
               S01:00016284:  24 0C 50 E0
F07:0019       	movmi	R0,#0
               S01:00016288:  00 00 A0 43
F07:0020       	orr		R7,R7,R0,lsl #8
               S01:0001628C:  00 74 87 E1
F07:0021       
F07:0022       	ldrb	R0,[R1,R11,lsr #12]
               S01:00016290:  2B 06 D1 E7
F07:0023       	add		R11,R11,R12
               S01:00016294:  0C B0 8B E0
F07:0024       	mov		R4,R13,lsl #24
               S01:00016298:  0D 4C A0 E1
F07:0025       	subs	R0,R0,R4,lsr #24
               S01:0001629C:  24 0C 50 E0
F07:0026       	movmi	R0,#0
               S01:000162A0:  00 00 A0 43
F07:0027       	orr		R7,R7,R0
               S01:000162A4:  00 70 87 E1
F07:0028       
F07:0029       	str		R7,[R14],#4		
               S01:000162A8:  04 70 8E E4
F07:0030       	
F07:0001       	ldrb	R0,[R1,R2,lsr #12]
               S01:000162AC:  22 06 D1 E7
F07:0002       	add		R2,R2,R3
               S01:000162B0:  03 20 82 E0
F07:0003       	mov		R4,R13,lsr #24
               S01:000162B4:  2D 4C A0 E1
F07:0004       	subs	R0,R0,R4
               S01:000162B8:  04 00 50 E0
F07:0005       	movmi	R0,#0
               S01:000162BC:  00 00 A0 43
F07:0006       	mov		R7,R0,lsl #24
               S01:000162C0:  00 7C A0 E1
F07:0007       
F07:0008       	ldrb	R0,[R1,R5,lsr #12]
               S01:000162C4:  25 06 D1 E7
F07:0009       	add		R5,R5,R6
               S01:000162C8:  06 50 85 E0
F07:0010       	mov		R4,R13,lsl #8
               S01:000162CC:  0D 44 A0 E1
F07:0011       	subs	R0,R0,R4,lsr #24
               S01:000162D0:  24 0C 50 E0
F07:0012       	movmi	R0,#0
               S01:000162D4:  00 00 A0 43
F07:0013       	orr		R7,R7,R0,lsl #16
               S01:000162D8:  00 78 87 E1
F07:0014       
F07:0015       	ldrb	R0,[R1,R8,lsr #12]
               S01:000162DC:  28 06 D1 E7
F07:0016       	add		R8,R8,R9
               S01:000162E0:  09 80 88 E0
F07:0017       	mov		R4,R13,lsl #16
               S01:000162E4:  0D 48 A0 E1
F07:0018       	subs	R0,R0,R4, lsr #24
               S01:000162E8:  24 0C 50 E0
F07:0019       	movmi	R0,#0
               S01:000162EC:  00 00 A0 43
F07:0020       	orr		R7,R7,R0,lsl #8
               S01:000162F0:  00 74 87 E1
F07:0021       
F07:0022       	ldrb	R0,[R1,R11,lsr #12]
               S01:000162F4:  2B 06 D1 E7
F07:0023       	add		R11,R11,R12
               S01:000162F8:  0C B0 8B E0
F07:0024       	mov		R4,R13,lsl #24
               S01:000162FC:  0D 4C A0 E1
F07:0025       	subs	R0,R0,R4,lsr #24
               S01:00016300:  24 0C 50 E0
F07:0026       	movmi	R0,#0
               S01:00016304:  00 00 A0 43
F07:0027       	orr		R7,R7,R0
               S01:00016308:  00 70 87 E1
F07:0028       
F07:0029       	str		R7,[R14],#4		
               S01:0001630C:  04 70 8E E4
F07:0030       	
F07:0001       	ldrb	R0,[R1,R2,lsr #12]
               S01:00016310:  22 06 D1 E7
F07:0002       	add		R2,R2,R3
               S01:00016314:  03 20 82 E0
F07:0003       	mov		R4,R13,lsr #24
               S01:00016318:  2D 4C A0 E1
F07:0004       	subs	R0,R0,R4
               S01:0001631C:  04 00 50 E0
F07:0005       	movmi	R0,#0
               S01:00016320:  00 00 A0 43
F07:0006       	mov		R7,R0,lsl #24
               S01:00016324:  00 7C A0 E1
F07:0007       
F07:0008       	ldrb	R0,[R1,R5,lsr #12]
               S01:00016328:  25 06 D1 E7
F07:0009       	add		R5,R5,R6
               S01:0001632C:  06 50 85 E0
F07:0010       	mov		R4,R13,lsl #8
               S01:00016330:  0D 44 A0 E1
F07:0011       	subs	R0,R0,R4,lsr #24
               S01:00016334:  24 0C 50 E0
F07:0012       	movmi	R0,#0
               S01:00016338:  00 00 A0 43
F07:0013       	orr		R7,R7,R0,lsl #16
               S01:0001633C:  00 78 87 E1
F07:0014       
F07:0015       	ldrb	R0,[R1,R8,lsr #12]
               S01:00016340:  28 06 D1 E7
F07:0016       	add		R8,R8,R9
               S01:00016344:  09 80 88 E0
F07:0017       	mov		R4,R13,lsl #16
               S01:00016348:  0D 48 A0 E1
F07:0018       	subs	R0,R0,R4, lsr #24
               S01:0001634C:  24 0C 50 E0
F07:0019       	movmi	R0,#0
               S01:00016350:  00 00 A0 43
F07:0020       	orr		R7,R7,R0,lsl #8
               S01:00016354:  00 74 87 E1
F07:0021       
F07:0022       	ldrb	R0,[R1,R11,lsr #12]
               S01:00016358:  2B 06 D1 E7
F07:0023       	add		R11,R11,R12
               S01:0001635C:  0C B0 8B E0
F07:0024       	mov		R4,R13,lsl #24
               S01:00016360:  0D 4C A0 E1
F07:0025       	subs	R0,R0,R4,lsr #24
               S01:00016364:  24 0C 50 E0
F07:0026       	movmi	R0,#0
               S01:00016368:  00 00 A0 43
F07:0027       	orr		R7,R7,R0
               S01:0001636C:  00 70 87 E1
F07:0028       
F07:0029       	str		R7,[R14],#4		
               S01:00016370:  04 70 8E E4
F07:0030       	
F07:0001       	ldrb	R0,[R1,R2,lsr #12]
               S01:00016374:  22 06 D1 E7
F07:0002       	add		R2,R2,R3
               S01:00016378:  03 20 82 E0
F07:0003       	mov		R4,R13,lsr #24
               S01:0001637C:  2D 4C A0 E1
F07:0004       	subs	R0,R0,R4
               S01:00016380:  04 00 50 E0
F07:0005       	movmi	R0,#0
               S01:00016384:  00 00 A0 43
F07:0006       	mov		R7,R0,lsl #24
               S01:00016388:  00 7C A0 E1
F07:0007       
F07:0008       	ldrb	R0,[R1,R5,lsr #12]
               S01:0001638C:  25 06 D1 E7
F07:0009       	add		R5,R5,R6
               S01:00016390:  06 50 85 E0
F07:0010       	mov		R4,R13,lsl #8
               S01:00016394:  0D 44 A0 E1
F07:0011       	subs	R0,R0,R4,lsr #24
               S01:00016398:  24 0C 50 E0
F07:0012       	movmi	R0,#0
               S01:0001639C:  00 00 A0 43
F07:0013       	orr		R7,R7,R0,lsl #16
               S01:000163A0:  00 78 87 E1
F07:0014       
F07:0015       	ldrb	R0,[R1,R8,lsr #12]
               S01:000163A4:  28 06 D1 E7
F07:0016       	add		R8,R8,R9
               S01:000163A8:  09 80 88 E0
F07:0017       	mov		R4,R13,lsl #16
               S01:000163AC:  0D 48 A0 E1
F07:0018       	subs	R0,R0,R4, lsr #24
               S01:000163B0:  24 0C 50 E0
F07:0019       	movmi	R0,#0
               S01:000163B4:  00 00 A0 43
F07:0020       	orr		R7,R7,R0,lsl #8
               S01:000163B8:  00 74 87 E1
F07:0021       
F07:0022       	ldrb	R0,[R1,R11,lsr #12]
               S01:000163BC:  2B 06 D1 E7
F07:0023       	add		R11,R11,R12
               S01:000163C0:  0C B0 8B E0
F07:0024       	mov		R4,R13,lsl #24
               S01:000163C4:  0D 4C A0 E1
F07:0025       	subs	R0,R0,R4,lsr #24
               S01:000163C8:  24 0C 50 E0
F07:0026       	movmi	R0,#0
               S01:000163CC:  00 00 A0 43
F07:0027       	orr		R7,R7,R0
               S01:000163D0:  00 70 87 E1
F07:0028       
F07:0029       	str		R7,[R14],#4		
               S01:000163D4:  04 70 8E E4
F07:0030       	
F07:0001       	ldrb	R0,[R1,R2,lsr #12]
               S01:000163D8:  22 06 D1 E7
F07:0002       	add		R2,R2,R3
               S01:000163DC:  03 20 82 E0
F07:0003       	mov		R4,R13,lsr #24
               S01:000163E0:  2D 4C A0 E1
F07:0004       	subs	R0,R0,R4
               S01:000163E4:  04 00 50 E0
F07:0005       	movmi	R0,#0
               S01:000163E8:  00 00 A0 43
F07:0006       	mov		R7,R0,lsl #24
               S01:000163EC:  00 7C A0 E1
F07:0007       
F07:0008       	ldrb	R0,[R1,R5,lsr #12]
               S01:000163F0:  25 06 D1 E7
F07:0009       	add		R5,R5,R6
               S01:000163F4:  06 50 85 E0
F07:0010       	mov		R4,R13,lsl #8
               S01:000163F8:  0D 44 A0 E1
F07:0011       	subs	R0,R0,R4,lsr #24
               S01:000163FC:  24 0C 50 E0
F07:0012       	movmi	R0,#0
               S01:00016400:  00 00 A0 43
F07:0013       	orr		R7,R7,R0,lsl #16
               S01:00016404:  00 78 87 E1
F07:0014       
F07:0015       	ldrb	R0,[R1,R8,lsr #12]
               S01:00016408:  28 06 D1 E7
F07:0016       	add		R8,R8,R9
               S01:0001640C:  09 80 88 E0
F07:0017       	mov		R4,R13,lsl #16
               S01:00016410:  0D 48 A0 E1
F07:0018       	subs	R0,R0,R4, lsr #24
               S01:00016414:  24 0C 50 E0
F07:0019       	movmi	R0,#0
               S01:00016418:  00 00 A0 43
F07:0020       	orr		R7,R7,R0,lsl #8
               S01:0001641C:  00 74 87 E1
F07:0021       
F07:0022       	ldrb	R0,[R1,R11,lsr #12]
               S01:00016420:  2B 06 D1 E7
F07:0023       	add		R11,R11,R12
               S01:00016424:  0C B0 8B E0
F07:0024       	mov		R4,R13,lsl #24
               S01:00016428:  0D 4C A0 E1
F07:0025       	subs	R0,R0,R4,lsr #24
               S01:0001642C:  24 0C 50 E0
F07:0026       	movmi	R0,#0
               S01:00016430:  00 00 A0 43
F07:0027       	orr		R7,R7,R0
               S01:00016434:  00 70 87 E1
F07:0028       
F07:0029       	str		R7,[R14],#4		
               S01:00016438:  04 70 8E E4
F07:0030       	
F07:0001       	ldrb	R0,[R1,R2,lsr #12]
               S01:0001643C:  22 06 D1 E7
F07:0002       	add		R2,R2,R3
               S01:00016440:  03 20 82 E0
F07:0003       	mov		R4,R13,lsr #24
               S01:00016444:  2D 4C A0 E1
F07:0004       	subs	R0,R0,R4
               S01:00016448:  04 00 50 E0
F07:0005       	movmi	R0,#0
               S01:0001644C:  00 00 A0 43
F07:0006       	mov		R7,R0,lsl #24
               S01:00016450:  00 7C A0 E1
F07:0007       
F07:0008       	ldrb	R0,[R1,R5,lsr #12]
               S01:00016454:  25 06 D1 E7
F07:0009       	add		R5,R5,R6
               S01:00016458:  06 50 85 E0
F07:0010       	mov		R4,R13,lsl #8
               S01:0001645C:  0D 44 A0 E1
F07:0011       	subs	R0,R0,R4,lsr #24
               S01:00016460:  24 0C 50 E0
F07:0012       	movmi	R0,#0
               S01:00016464:  00 00 A0 43
F07:0013       	orr		R7,R7,R0,lsl #16
               S01:00016468:  00 78 87 E1
F07:0014       
F07:0015       	ldrb	R0,[R1,R8,lsr #12]
               S01:0001646C:  28 06 D1 E7
F07:0016       	add		R8,R8,R9
               S01:00016470:  09 80 88 E0
F07:0017       	mov		R4,R13,lsl #16
               S01:00016474:  0D 48 A0 E1
F07:0018       	subs	R0,R0,R4, lsr #24
               S01:00016478:  24 0C 50 E0
F07:0019       	movmi	R0,#0
               S01:0001647C:  00 00 A0 43
F07:0020       	orr		R7,R7,R0,lsl #8
               S01:00016480:  00 74 87 E1
F07:0021       
F07:0022       	ldrb	R0,[R1,R11,lsr #12]
               S01:00016484:  2B 06 D1 E7
F07:0023       	add		R11,R11,R12
               S01:00016488:  0C B0 8B E0
F07:0024       	mov		R4,R13,lsl #24
               S01:0001648C:  0D 4C A0 E1
F07:0025       	subs	R0,R0,R4,lsr #24
               S01:00016490:  24 0C 50 E0
F07:0026       	movmi	R0,#0
               S01:00016494:  00 00 A0 43
F07:0027       	orr		R7,R7,R0
               S01:00016498:  00 70 87 E1
F07:0028       
F07:0029       	str		R7,[R14],#4		
               S01:0001649C:  04 70 8E E4
F07:0030       	
F07:0001       	ldrb	R0,[R1,R2,lsr #12]
               S01:000164A0:  22 06 D1 E7
F07:0002       	add		R2,R2,R3
               S01:000164A4:  03 20 82 E0
F07:0003       	mov		R4,R13,lsr #24
               S01:000164A8:  2D 4C A0 E1
F07:0004       	subs	R0,R0,R4
               S01:000164AC:  04 00 50 E0
F07:0005       	movmi	R0,#0
               S01:000164B0:  00 00 A0 43
F07:0006       	mov		R7,R0,lsl #24
               S01:000164B4:  00 7C A0 E1
F07:0007       
F07:0008       	ldrb	R0,[R1,R5,lsr #12]
               S01:000164B8:  25 06 D1 E7
F07:0009       	add		R5,R5,R6
               S01:000164BC:  06 50 85 E0
F07:0010       	mov		R4,R13,lsl #8
               S01:000164C0:  0D 44 A0 E1
F07:0011       	subs	R0,R0,R4,lsr #24
               S01:000164C4:  24 0C 50 E0
F07:0012       	movmi	R0,#0
               S01:000164C8:  00 00 A0 43
F07:0013       	orr		R7,R7,R0,lsl #16
               S01:000164CC:  00 78 87 E1
F07:0014       
F07:0015       	ldrb	R0,[R1,R8,lsr #12]
               S01:000164D0:  28 06 D1 E7
F07:0016       	add		R8,R8,R9
               S01:000164D4:  09 80 88 E0
F07:0017       	mov		R4,R13,lsl #16
               S01:000164D8:  0D 48 A0 E1
F07:0018       	subs	R0,R0,R4, lsr #24
               S01:000164DC:  24 0C 50 E0
F07:0019       	movmi	R0,#0
               S01:000164E0:  00 00 A0 43
F07:0020       	orr		R7,R7,R0,lsl #8
               S01:000164E4:  00 74 87 E1
F07:0021       
F07:0022       	ldrb	R0,[R1,R11,lsr #12]
               S01:000164E8:  2B 06 D1 E7
F07:0023       	add		R11,R11,R12
               S01:000164EC:  0C B0 8B E0
F07:0024       	mov		R4,R13,lsl #24
               S01:000164F0:  0D 4C A0 E1
F07:0025       	subs	R0,R0,R4,lsr #24
               S01:000164F4:  24 0C 50 E0
F07:0026       	movmi	R0,#0
               S01:000164F8:  00 00 A0 43
F07:0027       	orr		R7,R7,R0
               S01:000164FC:  00 70 87 E1
F07:0028       
F07:0029       	str		R7,[R14],#4		
               S01:00016500:  04 70 8E E4
F07:0030       	
F07:0001       	ldrb	R0,[R1,R2,lsr #12]
               S01:00016504:  22 06 D1 E7
F07:0002       	add		R2,R2,R3
               S01:00016508:  03 20 82 E0
F07:0003       	mov		R4,R13,lsr #24
               S01:0001650C:  2D 4C A0 E1
F07:0004       	subs	R0,R0,R4
               S01:00016510:  04 00 50 E0
F07:0005       	movmi	R0,#0
               S01:00016514:  00 00 A0 43
F07:0006       	mov		R7,R0,lsl #24
               S01:00016518:  00 7C A0 E1
F07:0007       
F07:0008       	ldrb	R0,[R1,R5,lsr #12]
               S01:0001651C:  25 06 D1 E7
F07:0009       	add		R5,R5,R6
               S01:00016520:  06 50 85 E0
F07:0010       	mov		R4,R13,lsl #8
               S01:00016524:  0D 44 A0 E1
F07:0011       	subs	R0,R0,R4,lsr #24
               S01:00016528:  24 0C 50 E0
F07:0012       	movmi	R0,#0
               S01:0001652C:  00 00 A0 43
F07:0013       	orr		R7,R7,R0,lsl #16
               S01:00016530:  00 78 87 E1
F07:0014       
F07:0015       	ldrb	R0,[R1,R8,lsr #12]
               S01:00016534:  28 06 D1 E7
F07:0016       	add		R8,R8,R9
               S01:00016538:  09 80 88 E0
F07:0017       	mov		R4,R13,lsl #16
               S01:0001653C:  0D 48 A0 E1
F07:0018       	subs	R0,R0,R4, lsr #24
               S01:00016540:  24 0C 50 E0
F07:0019       	movmi	R0,#0
               S01:00016544:  00 00 A0 43
F07:0020       	orr		R7,R7,R0,lsl #8
               S01:00016548:  00 74 87 E1
F07:0021       
F07:0022       	ldrb	R0,[R1,R11,lsr #12]
               S01:0001654C:  2B 06 D1 E7
F07:0023       	add		R11,R11,R12
               S01:00016550:  0C B0 8B E0
F07:0024       	mov		R4,R13,lsl #24
               S01:00016554:  0D 4C A0 E1
F07:0025       	subs	R0,R0,R4,lsr #24
               S01:00016558:  24 0C 50 E0
F07:0026       	movmi	R0,#0
               S01:0001655C:  00 00 A0 43
F07:0027       	orr		R7,R7,R0
               S01:00016560:  00 70 87 E1
F07:0028       
F07:0029       	str		R7,[R14],#4		
               S01:00016564:  04 70 8E E4
F07:0030       	
F07:0001       	ldrb	R0,[R1,R2,lsr #12]
               S01:00016568:  22 06 D1 E7
F07:0002       	add		R2,R2,R3
               S01:0001656C:  03 20 82 E0
F07:0003       	mov		R4,R13,lsr #24
               S01:00016570:  2D 4C A0 E1
F07:0004       	subs	R0,R0,R4
               S01:00016574:  04 00 50 E0
F07:0005       	movmi	R0,#0
               S01:00016578:  00 00 A0 43
F07:0006       	mov		R7,R0,lsl #24
               S01:0001657C:  00 7C A0 E1
F07:0007       
F07:0008       	ldrb	R0,[R1,R5,lsr #12]
               S01:00016580:  25 06 D1 E7
F07:0009       	add		R5,R5,R6
               S01:00016584:  06 50 85 E0
F07:0010       	mov		R4,R13,lsl #8
               S01:00016588:  0D 44 A0 E1
F07:0011       	subs	R0,R0,R4,lsr #24
               S01:0001658C:  24 0C 50 E0
F07:0012       	movmi	R0,#0
               S01:00016590:  00 00 A0 43
F07:0013       	orr		R7,R7,R0,lsl #16
               S01:00016594:  00 78 87 E1
F07:0014       
F07:0015       	ldrb	R0,[R1,R8,lsr #12]
               S01:00016598:  28 06 D1 E7
F07:0016       	add		R8,R8,R9
               S01:0001659C:  09 80 88 E0
F07:0017       	mov		R4,R13,lsl #16
               S01:000165A0:  0D 48 A0 E1
F07:0018       	subs	R0,R0,R4, lsr #24
               S01:000165A4:  24 0C 50 E0
F07:0019       	movmi	R0,#0
               S01:000165A8:  00 00 A0 43
F07:0020       	orr		R7,R7,R0,lsl #8
               S01:000165AC:  00 74 87 E1
F07:0021       
F07:0022       	ldrb	R0,[R1,R11,lsr #12]
               S01:000165B0:  2B 06 D1 E7
F07:0023       	add		R11,R11,R12
               S01:000165B4:  0C B0 8B E0
F07:0024       	mov		R4,R13,lsl #24
               S01:000165B8:  0D 4C A0 E1
F07:0025       	subs	R0,R0,R4,lsr #24
               S01:000165BC:  24 0C 50 E0
F07:0026       	movmi	R0,#0
               S01:000165C0:  00 00 A0 43
F07:0027       	orr		R7,R7,R0
               S01:000165C4:  00 70 87 E1
F07:0028       
F07:0029       	str		R7,[R14],#4		
               S01:000165C8:  04 70 8E E4
F07:0030       	
F07:0001       	ldrb	R0,[R1,R2,lsr #12]
               S01:000165CC:  22 06 D1 E7
F07:0002       	add		R2,R2,R3
               S01:000165D0:  03 20 82 E0
F07:0003       	mov		R4,R13,lsr #24
               S01:000165D4:  2D 4C A0 E1
F07:0004       	subs	R0,R0,R4
               S01:000165D8:  04 00 50 E0
F07:0005       	movmi	R0,#0
               S01:000165DC:  00 00 A0 43
F07:0006       	mov		R7,R0,lsl #24
               S01:000165E0:  00 7C A0 E1
F07:0007       
F07:0008       	ldrb	R0,[R1,R5,lsr #12]
               S01:000165E4:  25 06 D1 E7
F07:0009       	add		R5,R5,R6
               S01:000165E8:  06 50 85 E0
F07:0010       	mov		R4,R13,lsl #8
               S01:000165EC:  0D 44 A0 E1
F07:0011       	subs	R0,R0,R4,lsr #24
               S01:000165F0:  24 0C 50 E0
F07:0012       	movmi	R0,#0
               S01:000165F4:  00 00 A0 43
F07:0013       	orr		R7,R7,R0,lsl #16
               S01:000165F8:  00 78 87 E1
F07:0014       
F07:0015       	ldrb	R0,[R1,R8,lsr #12]
               S01:000165FC:  28 06 D1 E7
F07:0016       	add		R8,R8,R9
               S01:00016600:  09 80 88 E0
F07:0017       	mov		R4,R13,lsl #16
               S01:00016604:  0D 48 A0 E1
F07:0018       	subs	R0,R0,R4, lsr #24
               S01:00016608:  24 0C 50 E0
F07:0019       	movmi	R0,#0
               S01:0001660C:  00 00 A0 43
F07:0020       	orr		R7,R7,R0,lsl #8
               S01:00016610:  00 74 87 E1
F07:0021       
F07:0022       	ldrb	R0,[R1,R11,lsr #12]
               S01:00016614:  2B 06 D1 E7
F07:0023       	add		R11,R11,R12
               S01:00016618:  0C B0 8B E0
F07:0024       	mov		R4,R13,lsl #24
               S01:0001661C:  0D 4C A0 E1
F07:0025       	subs	R0,R0,R4,lsr #24
               S01:00016620:  24 0C 50 E0
F07:0026       	movmi	R0,#0
               S01:00016624:  00 00 A0 43
F07:0027       	orr		R7,R7,R0
               S01:00016628:  00 70 87 E1
F07:0028       
F07:0029       	str		R7,[R14],#4		
               S01:0001662C:  04 70 8E E4
F07:0030       	
F07:0001       	ldrb	R0,[R1,R2,lsr #12]
               S01:00016630:  22 06 D1 E7
F07:0002       	add		R2,R2,R3
               S01:00016634:  03 20 82 E0
F07:0003       	mov		R4,R13,lsr #24
               S01:00016638:  2D 4C A0 E1
F07:0004       	subs	R0,R0,R4
               S01:0001663C:  04 00 50 E0
F07:0005       	movmi	R0,#0
               S01:00016640:  00 00 A0 43
F07:0006       	mov		R7,R0,lsl #24
               S01:00016644:  00 7C A0 E1
F07:0007       
F07:0008       	ldrb	R0,[R1,R5,lsr #12]
               S01:00016648:  25 06 D1 E7
F07:0009       	add		R5,R5,R6
               S01:0001664C:  06 50 85 E0
F07:0010       	mov		R4,R13,lsl #8
               S01:00016650:  0D 44 A0 E1
F07:0011       	subs	R0,R0,R4,lsr #24
               S01:00016654:  24 0C 50 E0
F07:0012       	movmi	R0,#0
               S01:00016658:  00 00 A0 43
F07:0013       	orr		R7,R7,R0,lsl #16
               S01:0001665C:  00 78 87 E1
F07:0014       
F07:0015       	ldrb	R0,[R1,R8,lsr #12]
               S01:00016660:  28 06 D1 E7
F07:0016       	add		R8,R8,R9
               S01:00016664:  09 80 88 E0
F07:0017       	mov		R4,R13,lsl #16
               S01:00016668:  0D 48 A0 E1
F07:0018       	subs	R0,R0,R4, lsr #24
               S01:0001666C:  24 0C 50 E0
F07:0019       	movmi	R0,#0
               S01:00016670:  00 00 A0 43
F07:0020       	orr		R7,R7,R0,lsl #8
               S01:00016674:  00 74 87 E1
F07:0021       
F07:0022       	ldrb	R0,[R1,R11,lsr #12]
               S01:00016678:  2B 06 D1 E7
F07:0023       	add		R11,R11,R12
               S01:0001667C:  0C B0 8B E0
F07:0024       	mov		R4,R13,lsl #24
               S01:00016680:  0D 4C A0 E1
F07:0025       	subs	R0,R0,R4,lsr #24
               S01:00016684:  24 0C 50 E0
F07:0026       	movmi	R0,#0
               S01:00016688:  00 00 A0 43
F07:0027       	orr		R7,R7,R0
               S01:0001668C:  00 70 87 E1
F07:0028       
F07:0029       	str		R7,[R14],#4		
               S01:00016690:  04 70 8E E4
F07:0030       	
F07:0001       	ldrb	R0,[R1,R2,lsr #12]
               S01:00016694:  22 06 D1 E7
F07:0002       	add		R2,R2,R3
               S01:00016698:  03 20 82 E0
F07:0003       	mov		R4,R13,lsr #24
               S01:0001669C:  2D 4C A0 E1
F07:0004       	subs	R0,R0,R4
               S01:000166A0:  04 00 50 E0
F07:0005       	movmi	R0,#0
               S01:000166A4:  00 00 A0 43
F07:0006       	mov		R7,R0,lsl #24
               S01:000166A8:  00 7C A0 E1
F07:0007       
F07:0008       	ldrb	R0,[R1,R5,lsr #12]
               S01:000166AC:  25 06 D1 E7
F07:0009       	add		R5,R5,R6
               S01:000166B0:  06 50 85 E0
F07:0010       	mov		R4,R13,lsl #8
               S01:000166B4:  0D 44 A0 E1
F07:0011       	subs	R0,R0,R4,lsr #24
               S01:000166B8:  24 0C 50 E0
F07:0012       	movmi	R0,#0
               S01:000166BC:  00 00 A0 43
F07:0013       	orr		R7,R7,R0,lsl #16
               S01:000166C0:  00 78 87 E1
F07:0014       
F07:0015       	ldrb	R0,[R1,R8,lsr #12]
               S01:000166C4:  28 06 D1 E7
F07:0016       	add		R8,R8,R9
               S01:000166C8:  09 80 88 E0
F07:0017       	mov		R4,R13,lsl #16
               S01:000166CC:  0D 48 A0 E1
F07:0018       	subs	R0,R0,R4, lsr #24
               S01:000166D0:  24 0C 50 E0
F07:0019       	movmi	R0,#0
               S01:000166D4:  00 00 A0 43
F07:0020       	orr		R7,R7,R0,lsl #8
               S01:000166D8:  00 74 87 E1
F07:0021       
F07:0022       	ldrb	R0,[R1,R11,lsr #12]
               S01:000166DC:  2B 06 D1 E7
F07:0023       	add		R11,R11,R12
               S01:000166E0:  0C B0 8B E0
F07:0024       	mov		R4,R13,lsl #24
               S01:000166E4:  0D 4C A0 E1
F07:0025       	subs	R0,R0,R4,lsr #24
               S01:000166E8:  24 0C 50 E0
F07:0026       	movmi	R0,#0
               S01:000166EC:  00 00 A0 43
F07:0027       	orr		R7,R7,R0
               S01:000166F0:  00 70 87 E1
F07:0028       
F07:0029       	str		R7,[R14],#4		
               S01:000166F4:  04 70 8E E4
F07:0030       	
F07:0001       	ldrb	R0,[R1,R2,lsr #12]
               S01:000166F8:  22 06 D1 E7
F07:0002       	add		R2,R2,R3
               S01:000166FC:  03 20 82 E0
F07:0003       	mov		R4,R13,lsr #24
               S01:00016700:  2D 4C A0 E1
F07:0004       	subs	R0,R0,R4
               S01:00016704:  04 00 50 E0
F07:0005       	movmi	R0,#0
               S01:00016708:  00 00 A0 43
F07:0006       	mov		R7,R0,lsl #24
               S01:0001670C:  00 7C A0 E1
F07:0007       
F07:0008       	ldrb	R0,[R1,R5,lsr #12]
               S01:00016710:  25 06 D1 E7
F07:0009       	add		R5,R5,R6
               S01:00016714:  06 50 85 E0
F07:0010       	mov		R4,R13,lsl #8
               S01:00016718:  0D 44 A0 E1
F07:0011       	subs	R0,R0,R4,lsr #24
               S01:0001671C:  24 0C 50 E0
F07:0012       	movmi	R0,#0
               S01:00016720:  00 00 A0 43
F07:0013       	orr		R7,R7,R0,lsl #16
               S01:00016724:  00 78 87 E1
F07:0014       
F07:0015       	ldrb	R0,[R1,R8,lsr #12]
               S01:00016728:  28 06 D1 E7
F07:0016       	add		R8,R8,R9
               S01:0001672C:  09 80 88 E0
F07:0017       	mov		R4,R13,lsl #16
               S01:00016730:  0D 48 A0 E1
F07:0018       	subs	R0,R0,R4, lsr #24
               S01:00016734:  24 0C 50 E0
F07:0019       	movmi	R0,#0
               S01:00016738:  00 00 A0 43
F07:0020       	orr		R7,R7,R0,lsl #8
               S01:0001673C:  00 74 87 E1
F07:0021       
F07:0022       	ldrb	R0,[R1,R11,lsr #12]
               S01:00016740:  2B 06 D1 E7
F07:0023       	add		R11,R11,R12
               S01:00016744:  0C B0 8B E0
F07:0024       	mov		R4,R13,lsl #24
               S01:00016748:  0D 4C A0 E1
F07:0025       	subs	R0,R0,R4,lsr #24
               S01:0001674C:  24 0C 50 E0
F07:0026       	movmi	R0,#0
               S01:00016750:  00 00 A0 43
F07:0027       	orr		R7,R7,R0
               S01:00016754:  00 70 87 E1
F07:0028       
F07:0029       	str		R7,[R14],#4		
               S01:00016758:  04 70 8E E4
F07:0030       	
F07:0001       	ldrb	R0,[R1,R2,lsr #12]
               S01:0001675C:  22 06 D1 E7
F07:0002       	add		R2,R2,R3
               S01:00016760:  03 20 82 E0
F07:0003       	mov		R4,R13,lsr #24
               S01:00016764:  2D 4C A0 E1
F07:0004       	subs	R0,R0,R4
               S01:00016768:  04 00 50 E0
F07:0005       	movmi	R0,#0
               S01:0001676C:  00 00 A0 43
F07:0006       	mov		R7,R0,lsl #24
               S01:00016770:  00 7C A0 E1
F07:0007       
F07:0008       	ldrb	R0,[R1,R5,lsr #12]
               S01:00016774:  25 06 D1 E7
F07:0009       	add		R5,R5,R6
               S01:00016778:  06 50 85 E0
F07:0010       	mov		R4,R13,lsl #8
               S01:0001677C:  0D 44 A0 E1
F07:0011       	subs	R0,R0,R4,lsr #24
               S01:00016780:  24 0C 50 E0
F07:0012       	movmi	R0,#0
               S01:00016784:  00 00 A0 43
F07:0013       	orr		R7,R7,R0,lsl #16
               S01:00016788:  00 78 87 E1
F07:0014       
F07:0015       	ldrb	R0,[R1,R8,lsr #12]
               S01:0001678C:  28 06 D1 E7
F07:0016       	add		R8,R8,R9
               S01:00016790:  09 80 88 E0
F07:0017       	mov		R4,R13,lsl #16
               S01:00016794:  0D 48 A0 E1
F07:0018       	subs	R0,R0,R4, lsr #24
               S01:00016798:  24 0C 50 E0
F07:0019       	movmi	R0,#0
               S01:0001679C:  00 00 A0 43
F07:0020       	orr		R7,R7,R0,lsl #8
               S01:000167A0:  00 74 87 E1
F07:0021       
F07:0022       	ldrb	R0,[R1,R11,lsr #12]
               S01:000167A4:  2B 06 D1 E7
F07:0023       	add		R11,R11,R12
               S01:000167A8:  0C B0 8B E0
F07:0024       	mov		R4,R13,lsl #24
               S01:000167AC:  0D 4C A0 E1
F07:0025       	subs	R0,R0,R4,lsr #24
               S01:000167B0:  24 0C 50 E0
F07:0026       	movmi	R0,#0
               S01:000167B4:  00 00 A0 43
F07:0027       	orr		R7,R7,R0
               S01:000167B8:  00 70 87 E1
F07:0028       
F07:0029       	str		R7,[R14],#4		
               S01:000167BC:  04 70 8E E4
F07:0030       	
F07:0001       	ldrb	R0,[R1,R2,lsr #12]
               S01:000167C0:  22 06 D1 E7
F07:0002       	add		R2,R2,R3
               S01:000167C4:  03 20 82 E0
F07:0003       	mov		R4,R13,lsr #24
               S01:000167C8:  2D 4C A0 E1
F07:0004       	subs	R0,R0,R4
               S01:000167CC:  04 00 50 E0
F07:0005       	movmi	R0,#0
               S01:000167D0:  00 00 A0 43
F07:0006       	mov		R7,R0,lsl #24
               S01:000167D4:  00 7C A0 E1
F07:0007       
F07:0008       	ldrb	R0,[R1,R5,lsr #12]
               S01:000167D8:  25 06 D1 E7
F07:0009       	add		R5,R5,R6
               S01:000167DC:  06 50 85 E0
F07:0010       	mov		R4,R13,lsl #8
               S01:000167E0:  0D 44 A0 E1
F07:0011       	subs	R0,R0,R4,lsr #24
               S01:000167E4:  24 0C 50 E0
F07:0012       	movmi	R0,#0
               S01:000167E8:  00 00 A0 43
F07:0013       	orr		R7,R7,R0,lsl #16
               S01:000167EC:  00 78 87 E1
F07:0014       
F07:0015       	ldrb	R0,[R1,R8,lsr #12]
               S01:000167F0:  28 06 D1 E7
F07:0016       	add		R8,R8,R9
               S01:000167F4:  09 80 88 E0
F07:0017       	mov		R4,R13,lsl #16
               S01:000167F8:  0D 48 A0 E1
F07:0018       	subs	R0,R0,R4, lsr #24
               S01:000167FC:  24 0C 50 E0
F07:0019       	movmi	R0,#0
               S01:00016800:  00 00 A0 43
F07:0020       	orr		R7,R7,R0,lsl #8
               S01:00016804:  00 74 87 E1
F07:0021       
F07:0022       	ldrb	R0,[R1,R11,lsr #12]
               S01:00016808:  2B 06 D1 E7
F07:0023       	add		R11,R11,R12
               S01:0001680C:  0C B0 8B E0
F07:0024       	mov		R4,R13,lsl #24
               S01:00016810:  0D 4C A0 E1
F07:0025       	subs	R0,R0,R4,lsr #24
               S01:00016814:  24 0C 50 E0
F07:0026       	movmi	R0,#0
               S01:00016818:  00 00 A0 43
F07:0027       	orr		R7,R7,R0
               S01:0001681C:  00 70 87 E1
F07:0028       
F07:0029       	str		R7,[R14],#4		
               S01:00016820:  04 70 8E E4
F07:0030       	
F07:0001       	ldrb	R0,[R1,R2,lsr #12]
               S01:00016824:  22 06 D1 E7
F07:0002       	add		R2,R2,R3
               S01:00016828:  03 20 82 E0
F07:0003       	mov		R4,R13,lsr #24
               S01:0001682C:  2D 4C A0 E1
F07:0004       	subs	R0,R0,R4
               S01:00016830:  04 00 50 E0
F07:0005       	movmi	R0,#0
               S01:00016834:  00 00 A0 43
F07:0006       	mov		R7,R0,lsl #24
               S01:00016838:  00 7C A0 E1
F07:0007       
F07:0008       	ldrb	R0,[R1,R5,lsr #12]
               S01:0001683C:  25 06 D1 E7
F07:0009       	add		R5,R5,R6
               S01:00016840:  06 50 85 E0
F07:0010       	mov		R4,R13,lsl #8
               S01:00016844:  0D 44 A0 E1
F07:0011       	subs	R0,R0,R4,lsr #24
               S01:00016848:  24 0C 50 E0
F07:0012       	movmi	R0,#0
               S01:0001684C:  00 00 A0 43
F07:0013       	orr		R7,R7,R0,lsl #16
               S01:00016850:  00 78 87 E1
F07:0014       
F07:0015       	ldrb	R0,[R1,R8,lsr #12]
               S01:00016854:  28 06 D1 E7
F07:0016       	add		R8,R8,R9
               S01:00016858:  09 80 88 E0
F07:0017       	mov		R4,R13,lsl #16
               S01:0001685C:  0D 48 A0 E1
F07:0018       	subs	R0,R0,R4, lsr #24
               S01:00016860:  24 0C 50 E0
F07:0019       	movmi	R0,#0
               S01:00016864:  00 00 A0 43
F07:0020       	orr		R7,R7,R0,lsl #8
               S01:00016868:  00 74 87 E1
F07:0021       
F07:0022       	ldrb	R0,[R1,R11,lsr #12]
               S01:0001686C:  2B 06 D1 E7
F07:0023       	add		R11,R11,R12
               S01:00016870:  0C B0 8B E0
F07:0024       	mov		R4,R13,lsl #24
               S01:00016874:  0D 4C A0 E1
F07:0025       	subs	R0,R0,R4,lsr #24
               S01:00016878:  24 0C 50 E0
F07:0026       	movmi	R0,#0
               S01:0001687C:  00 00 A0 43
F07:0027       	orr		R7,R7,R0
               S01:00016880:  00 70 87 E1
F07:0028       
F07:0029       	str		R7,[R14],#4		
               S01:00016884:  04 70 8E E4
F07:0030       	
F07:0001       	ldrb	R0,[R1,R2,lsr #12]
               S01:00016888:  22 06 D1 E7
F07:0002       	add		R2,R2,R3
               S01:0001688C:  03 20 82 E0
F07:0003       	mov		R4,R13,lsr #24
               S01:00016890:  2D 4C A0 E1
F07:0004       	subs	R0,R0,R4
               S01:00016894:  04 00 50 E0
F07:0005       	movmi	R0,#0
               S01:00016898:  00 00 A0 43
F07:0006       	mov		R7,R0,lsl #24
               S01:0001689C:  00 7C A0 E1
F07:0007       
F07:0008       	ldrb	R0,[R1,R5,lsr #12]
               S01:000168A0:  25 06 D1 E7
F07:0009       	add		R5,R5,R6
               S01:000168A4:  06 50 85 E0
F07:0010       	mov		R4,R13,lsl #8
               S01:000168A8:  0D 44 A0 E1
F07:0011       	subs	R0,R0,R4,lsr #24
               S01:000168AC:  24 0C 50 E0
F07:0012       	movmi	R0,#0
               S01:000168B0:  00 00 A0 43
F07:0013       	orr		R7,R7,R0,lsl #16
               S01:000168B4:  00 78 87 E1
F07:0014       
F07:0015       	ldrb	R0,[R1,R8,lsr #12]
               S01:000168B8:  28 06 D1 E7
F07:0016       	add		R8,R8,R9
               S01:000168BC:  09 80 88 E0
F07:0017       	mov		R4,R13,lsl #16
               S01:000168C0:  0D 48 A0 E1
F07:0018       	subs	R0,R0,R4, lsr #24
               S01:000168C4:  24 0C 50 E0
F07:0019       	movmi	R0,#0
               S01:000168C8:  00 00 A0 43
F07:0020       	orr		R7,R7,R0,lsl #8
               S01:000168CC:  00 74 87 E1
F07:0021       
F07:0022       	ldrb	R0,[R1,R11,lsr #12]
               S01:000168D0:  2B 06 D1 E7
F07:0023       	add		R11,R11,R12
               S01:000168D4:  0C B0 8B E0
F07:0024       	mov		R4,R13,lsl #24
               S01:000168D8:  0D 4C A0 E1
F07:0025       	subs	R0,R0,R4,lsr #24
               S01:000168DC:  24 0C 50 E0
F07:0026       	movmi	R0,#0
               S01:000168E0:  00 00 A0 43
F07:0027       	orr		R7,R7,R0
               S01:000168E4:  00 70 87 E1
F07:0028       
F07:0029       	str		R7,[R14],#4		
               S01:000168E8:  04 70 8E E4
F07:0030       	
F07:0001       	ldrb	R0,[R1,R2,lsr #12]
               S01:000168EC:  22 06 D1 E7
F07:0002       	add		R2,R2,R3
               S01:000168F0:  03 20 82 E0
F07:0003       	mov		R4,R13,lsr #24
               S01:000168F4:  2D 4C A0 E1
F07:0004       	subs	R0,R0,R4
               S01:000168F8:  04 00 50 E0
F07:0005       	movmi	R0,#0
               S01:000168FC:  00 00 A0 43
F07:0006       	mov		R7,R0,lsl #24
               S01:00016900:  00 7C A0 E1
F07:0007       
F07:0008       	ldrb	R0,[R1,R5,lsr #12]
               S01:00016904:  25 06 D1 E7
F07:0009       	add		R5,R5,R6
               S01:00016908:  06 50 85 E0
F07:0010       	mov		R4,R13,lsl #8
               S01:0001690C:  0D 44 A0 E1
F07:0011       	subs	R0,R0,R4,lsr #24
               S01:00016910:  24 0C 50 E0
F07:0012       	movmi	R0,#0
               S01:00016914:  00 00 A0 43
F07:0013       	orr		R7,R7,R0,lsl #16
               S01:00016918:  00 78 87 E1
F07:0014       
F07:0015       	ldrb	R0,[R1,R8,lsr #12]
               S01:0001691C:  28 06 D1 E7
F07:0016       	add		R8,R8,R9
               S01:00016920:  09 80 88 E0
F07:0017       	mov		R4,R13,lsl #16
               S01:00016924:  0D 48 A0 E1
F07:0018       	subs	R0,R0,R4, lsr #24
               S01:00016928:  24 0C 50 E0
F07:0019       	movmi	R0,#0
               S01:0001692C:  00 00 A0 43
F07:0020       	orr		R7,R7,R0,lsl #8
               S01:00016930:  00 74 87 E1
F07:0021       
F07:0022       	ldrb	R0,[R1,R11,lsr #12]
               S01:00016934:  2B 06 D1 E7
F07:0023       	add		R11,R11,R12
               S01:00016938:  0C B0 8B E0
F07:0024       	mov		R4,R13,lsl #24
               S01:0001693C:  0D 4C A0 E1
F07:0025       	subs	R0,R0,R4,lsr #24
               S01:00016940:  24 0C 50 E0
F07:0026       	movmi	R0,#0
               S01:00016944:  00 00 A0 43
F07:0027       	orr		R7,R7,R0
               S01:00016948:  00 70 87 E1
F07:0028       
F07:0029       	str		R7,[R14],#4		
               S01:0001694C:  04 70 8E E4
F07:0030       	
F07:0001       	ldrb	R0,[R1,R2,lsr #12]
               S01:00016950:  22 06 D1 E7
F07:0002       	add		R2,R2,R3
               S01:00016954:  03 20 82 E0
F07:0003       	mov		R4,R13,lsr #24
               S01:00016958:  2D 4C A0 E1
F07:0004       	subs	R0,R0,R4
               S01:0001695C:  04 00 50 E0
F07:0005       	movmi	R0,#0
               S01:00016960:  00 00 A0 43
F07:0006       	mov		R7,R0,lsl #24
               S01:00016964:  00 7C A0 E1
F07:0007       
F07:0008       	ldrb	R0,[R1,R5,lsr #12]
               S01:00016968:  25 06 D1 E7
F07:0009       	add		R5,R5,R6
               S01:0001696C:  06 50 85 E0
F07:0010       	mov		R4,R13,lsl #8
               S01:00016970:  0D 44 A0 E1
F07:0011       	subs	R0,R0,R4,lsr #24
               S01:00016974:  24 0C 50 E0
F07:0012       	movmi	R0,#0
               S01:00016978:  00 00 A0 43
F07:0013       	orr		R7,R7,R0,lsl #16
               S01:0001697C:  00 78 87 E1
F07:0014       
F07:0015       	ldrb	R0,[R1,R8,lsr #12]
               S01:00016980:  28 06 D1 E7
F07:0016       	add		R8,R8,R9
               S01:00016984:  09 80 88 E0
F07:0017       	mov		R4,R13,lsl #16
               S01:00016988:  0D 48 A0 E1
F07:0018       	subs	R0,R0,R4, lsr #24
               S01:0001698C:  24 0C 50 E0
F07:0019       	movmi	R0,#0
               S01:00016990:  00 00 A0 43
F07:0020       	orr		R7,R7,R0,lsl #8
               S01:00016994:  00 74 87 E1
F07:0021       
F07:0022       	ldrb	R0,[R1,R11,lsr #12]
               S01:00016998:  2B 06 D1 E7
F07:0023       	add		R11,R11,R12
               S01:0001699C:  0C B0 8B E0
F07:0024       	mov		R4,R13,lsl #24
               S01:000169A0:  0D 4C A0 E1
F07:0025       	subs	R0,R0,R4,lsr #24
               S01:000169A4:  24 0C 50 E0
F07:0026       	movmi	R0,#0
               S01:000169A8:  00 00 A0 43
F07:0027       	orr		R7,R7,R0
               S01:000169AC:  00 70 87 E1
F07:0028       
F07:0029       	str		R7,[R14],#4		
               S01:000169B0:  04 70 8E E4
F07:0030       	
F07:0001       	ldrb	R0,[R1,R2,lsr #12]
               S01:000169B4:  22 06 D1 E7
F07:0002       	add		R2,R2,R3
               S01:000169B8:  03 20 82 E0
F07:0003       	mov		R4,R13,lsr #24
               S01:000169BC:  2D 4C A0 E1
F07:0004       	subs	R0,R0,R4
               S01:000169C0:  04 00 50 E0
F07:0005       	movmi	R0,#0
               S01:000169C4:  00 00 A0 43
F07:0006       	mov		R7,R0,lsl #24
               S01:000169C8:  00 7C A0 E1
F07:0007       
F07:0008       	ldrb	R0,[R1,R5,lsr #12]
               S01:000169CC:  25 06 D1 E7
F07:0009       	add		R5,R5,R6
               S01:000169D0:  06 50 85 E0
F07:0010       	mov		R4,R13,lsl #8
               S01:000169D4:  0D 44 A0 E1
F07:0011       	subs	R0,R0,R4,lsr #24
               S01:000169D8:  24 0C 50 E0
F07:0012       	movmi	R0,#0
               S01:000169DC:  00 00 A0 43
F07:0013       	orr		R7,R7,R0,lsl #16
               S01:000169E0:  00 78 87 E1
F07:0014       
F07:0015       	ldrb	R0,[R1,R8,lsr #12]
               S01:000169E4:  28 06 D1 E7
F07:0016       	add		R8,R8,R9
               S01:000169E8:  09 80 88 E0
F07:0017       	mov		R4,R13,lsl #16
               S01:000169EC:  0D 48 A0 E1
F07:0018       	subs	R0,R0,R4, lsr #24
               S01:000169F0:  24 0C 50 E0
F07:0019       	movmi	R0,#0
               S01:000169F4:  00 00 A0 43
F07:0020       	orr		R7,R7,R0,lsl #8
               S01:000169F8:  00 74 87 E1
F07:0021       
F07:0022       	ldrb	R0,[R1,R11,lsr #12]
               S01:000169FC:  2B 06 D1 E7
F07:0023       	add		R11,R11,R12
               S01:00016A00:  0C B0 8B E0
F07:0024       	mov		R4,R13,lsl #24
               S01:00016A04:  0D 4C A0 E1
F07:0025       	subs	R0,R0,R4,lsr #24
               S01:00016A08:  24 0C 50 E0
F07:0026       	movmi	R0,#0
               S01:00016A0C:  00 00 A0 43
F07:0027       	orr		R7,R7,R0
               S01:00016A10:  00 70 87 E1
F07:0028       
F07:0029       	str		R7,[R14],#4		
               S01:00016A14:  04 70 8E E4
F07:0030       	
F07:0001       	ldrb	R0,[R1,R2,lsr #12]
               S01:00016A18:  22 06 D1 E7
F07:0002       	add		R2,R2,R3
               S01:00016A1C:  03 20 82 E0
F07:0003       	mov		R4,R13,lsr #24
               S01:00016A20:  2D 4C A0 E1
F07:0004       	subs	R0,R0,R4
               S01:00016A24:  04 00 50 E0
F07:0005       	movmi	R0,#0
               S01:00016A28:  00 00 A0 43
F07:0006       	mov		R7,R0,lsl #24
               S01:00016A2C:  00 7C A0 E1
F07:0007       
F07:0008       	ldrb	R0,[R1,R5,lsr #12]
               S01:00016A30:  25 06 D1 E7
F07:0009       	add		R5,R5,R6
               S01:00016A34:  06 50 85 E0
F07:0010       	mov		R4,R13,lsl #8
               S01:00016A38:  0D 44 A0 E1
F07:0011       	subs	R0,R0,R4,lsr #24
               S01:00016A3C:  24 0C 50 E0
F07:0012       	movmi	R0,#0
               S01:00016A40:  00 00 A0 43
F07:0013       	orr		R7,R7,R0,lsl #16
               S01:00016A44:  00 78 87 E1
F07:0014       
F07:0015       	ldrb	R0,[R1,R8,lsr #12]
               S01:00016A48:  28 06 D1 E7
F07:0016       	add		R8,R8,R9
               S01:00016A4C:  09 80 88 E0
F07:0017       	mov		R4,R13,lsl #16
               S01:00016A50:  0D 48 A0 E1
F07:0018       	subs	R0,R0,R4, lsr #24
               S01:00016A54:  24 0C 50 E0
F07:0019       	movmi	R0,#0
               S01:00016A58:  00 00 A0 43
F07:0020       	orr		R7,R7,R0,lsl #8
               S01:00016A5C:  00 74 87 E1
F07:0021       
F07:0022       	ldrb	R0,[R1,R11,lsr #12]
               S01:00016A60:  2B 06 D1 E7
F07:0023       	add		R11,R11,R12
               S01:00016A64:  0C B0 8B E0
F07:0024       	mov		R4,R13,lsl #24
               S01:00016A68:  0D 4C A0 E1
F07:0025       	subs	R0,R0,R4,lsr #24
               S01:00016A6C:  24 0C 50 E0
F07:0026       	movmi	R0,#0
               S01:00016A70:  00 00 A0 43
F07:0027       	orr		R7,R7,R0
               S01:00016A74:  00 70 87 E1
F07:0028       
F07:0029       	str		R7,[R14],#4		
               S01:00016A78:  04 70 8E E4
F07:0030       	
F07:0001       	ldrb	R0,[R1,R2,lsr #12]
               S01:00016A7C:  22 06 D1 E7
F07:0002       	add		R2,R2,R3
               S01:00016A80:  03 20 82 E0
F07:0003       	mov		R4,R13,lsr #24
               S01:00016A84:  2D 4C A0 E1
F07:0004       	subs	R0,R0,R4
               S01:00016A88:  04 00 50 E0
F07:0005       	movmi	R0,#0
               S01:00016A8C:  00 00 A0 43
F07:0006       	mov		R7,R0,lsl #24
               S01:00016A90:  00 7C A0 E1
F07:0007       
F07:0008       	ldrb	R0,[R1,R5,lsr #12]
               S01:00016A94:  25 06 D1 E7
F07:0009       	add		R5,R5,R6
               S01:00016A98:  06 50 85 E0
F07:0010       	mov		R4,R13,lsl #8
               S01:00016A9C:  0D 44 A0 E1
F07:0011       	subs	R0,R0,R4,lsr #24
               S01:00016AA0:  24 0C 50 E0
F07:0012       	movmi	R0,#0
               S01:00016AA4:  00 00 A0 43
F07:0013       	orr		R7,R7,R0,lsl #16
               S01:00016AA8:  00 78 87 E1
F07:0014       
F07:0015       	ldrb	R0,[R1,R8,lsr #12]
               S01:00016AAC:  28 06 D1 E7
F07:0016       	add		R8,R8,R9
               S01:00016AB0:  09 80 88 E0
F07:0017       	mov		R4,R13,lsl #16
               S01:00016AB4:  0D 48 A0 E1
F07:0018       	subs	R0,R0,R4, lsr #24
               S01:00016AB8:  24 0C 50 E0
F07:0019       	movmi	R0,#0
               S01:00016ABC:  00 00 A0 43
F07:0020       	orr		R7,R7,R0,lsl #8
               S01:00016AC0:  00 74 87 E1
F07:0021       
F07:0022       	ldrb	R0,[R1,R11,lsr #12]
               S01:00016AC4:  2B 06 D1 E7
F07:0023       	add		R11,R11,R12
               S01:00016AC8:  0C B0 8B E0
F07:0024       	mov		R4,R13,lsl #24
               S01:00016ACC:  0D 4C A0 E1
F07:0025       	subs	R0,R0,R4,lsr #24
               S01:00016AD0:  24 0C 50 E0
F07:0026       	movmi	R0,#0
               S01:00016AD4:  00 00 A0 43
F07:0027       	orr		R7,R7,R0
               S01:00016AD8:  00 70 87 E1
F07:0028       
F07:0029       	str		R7,[R14],#4		
               S01:00016ADC:  04 70 8E E4
F07:0030       	
F07:0001       	ldrb	R0,[R1,R2,lsr #12]
               S01:00016AE0:  22 06 D1 E7
F07:0002       	add		R2,R2,R3
               S01:00016AE4:  03 20 82 E0
F07:0003       	mov		R4,R13,lsr #24
               S01:00016AE8:  2D 4C A0 E1
F07:0004       	subs	R0,R0,R4
               S01:00016AEC:  04 00 50 E0
F07:0005       	movmi	R0,#0
               S01:00016AF0:  00 00 A0 43
F07:0006       	mov		R7,R0,lsl #24
               S01:00016AF4:  00 7C A0 E1
F07:0007       
F07:0008       	ldrb	R0,[R1,R5,lsr #12]
               S01:00016AF8:  25 06 D1 E7
F07:0009       	add		R5,R5,R6
               S01:00016AFC:  06 50 85 E0
F07:0010       	mov		R4,R13,lsl #8
               S01:00016B00:  0D 44 A0 E1
F07:0011       	subs	R0,R0,R4,lsr #24
               S01:00016B04:  24 0C 50 E0
F07:0012       	movmi	R0,#0
               S01:00016B08:  00 00 A0 43
F07:0013       	orr		R7,R7,R0,lsl #16
               S01:00016B0C:  00 78 87 E1
F07:0014       
F07:0015       	ldrb	R0,[R1,R8,lsr #12]
               S01:00016B10:  28 06 D1 E7
F07:0016       	add		R8,R8,R9
               S01:00016B14:  09 80 88 E0
F07:0017       	mov		R4,R13,lsl #16
               S01:00016B18:  0D 48 A0 E1
F07:0018       	subs	R0,R0,R4, lsr #24
               S01:00016B1C:  24 0C 50 E0
F07:0019       	movmi	R0,#0
               S01:00016B20:  00 00 A0 43
F07:0020       	orr		R7,R7,R0,lsl #8
               S01:00016B24:  00 74 87 E1
F07:0021       
F07:0022       	ldrb	R0,[R1,R11,lsr #12]
               S01:00016B28:  2B 06 D1 E7
F07:0023       	add		R11,R11,R12
               S01:00016B2C:  0C B0 8B E0
F07:0024       	mov		R4,R13,lsl #24
               S01:00016B30:  0D 4C A0 E1
F07:0025       	subs	R0,R0,R4,lsr #24
               S01:00016B34:  24 0C 50 E0
F07:0026       	movmi	R0,#0
               S01:00016B38:  00 00 A0 43
F07:0027       	orr		R7,R7,R0
               S01:00016B3C:  00 70 87 E1
F07:0028       
F07:0029       	str		R7,[R14],#4		
               S01:00016B40:  04 70 8E E4
F07:0030       	
F07:0001       	ldrb	R0,[R1,R2,lsr #12]
               S01:00016B44:  22 06 D1 E7
F07:0002       	add		R2,R2,R3
               S01:00016B48:  03 20 82 E0
F07:0003       	mov		R4,R13,lsr #24
               S01:00016B4C:  2D 4C A0 E1
F07:0004       	subs	R0,R0,R4
               S01:00016B50:  04 00 50 E0
F07:0005       	movmi	R0,#0
               S01:00016B54:  00 00 A0 43
F07:0006       	mov		R7,R0,lsl #24
               S01:00016B58:  00 7C A0 E1
F07:0007       
F07:0008       	ldrb	R0,[R1,R5,lsr #12]
               S01:00016B5C:  25 06 D1 E7
F07:0009       	add		R5,R5,R6
               S01:00016B60:  06 50 85 E0
F07:0010       	mov		R4,R13,lsl #8
               S01:00016B64:  0D 44 A0 E1
F07:0011       	subs	R0,R0,R4,lsr #24
               S01:00016B68:  24 0C 50 E0
F07:0012       	movmi	R0,#0
               S01:00016B6C:  00 00 A0 43
F07:0013       	orr		R7,R7,R0,lsl #16
               S01:00016B70:  00 78 87 E1
F07:0014       
F07:0015       	ldrb	R0,[R1,R8,lsr #12]
               S01:00016B74:  28 06 D1 E7
F07:0016       	add		R8,R8,R9
               S01:00016B78:  09 80 88 E0
F07:0017       	mov		R4,R13,lsl #16
               S01:00016B7C:  0D 48 A0 E1
F07:0018       	subs	R0,R0,R4, lsr #24
               S01:00016B80:  24 0C 50 E0
F07:0019       	movmi	R0,#0
               S01:00016B84:  00 00 A0 43
F07:0020       	orr		R7,R7,R0,lsl #8
               S01:00016B88:  00 74 87 E1
F07:0021       
F07:0022       	ldrb	R0,[R1,R11,lsr #12]
               S01:00016B8C:  2B 06 D1 E7
F07:0023       	add		R11,R11,R12
               S01:00016B90:  0C B0 8B E0
F07:0024       	mov		R4,R13,lsl #24
               S01:00016B94:  0D 4C A0 E1
F07:0025       	subs	R0,R0,R4,lsr #24
               S01:00016B98:  24 0C 50 E0
F07:0026       	movmi	R0,#0
               S01:00016B9C:  00 00 A0 43
F07:0027       	orr		R7,R7,R0
               S01:00016BA0:  00 70 87 E1
F07:0028       
F07:0029       	str		R7,[R14],#4		
               S01:00016BA4:  04 70 8E E4
F07:0030       	
F07:0001       	ldrb	R0,[R1,R2,lsr #12]
               S01:00016BA8:  22 06 D1 E7
F07:0002       	add		R2,R2,R3
               S01:00016BAC:  03 20 82 E0
F07:0003       	mov		R4,R13,lsr #24
               S01:00016BB0:  2D 4C A0 E1
F07:0004       	subs	R0,R0,R4
               S01:00016BB4:  04 00 50 E0
F07:0005       	movmi	R0,#0
               S01:00016BB8:  00 00 A0 43
F07:0006       	mov		R7,R0,lsl #24
               S01:00016BBC:  00 7C A0 E1
F07:0007       
F07:0008       	ldrb	R0,[R1,R5,lsr #12]
               S01:00016BC0:  25 06 D1 E7
F07:0009       	add		R5,R5,R6
               S01:00016BC4:  06 50 85 E0
F07:0010       	mov		R4,R13,lsl #8
               S01:00016BC8:  0D 44 A0 E1
F07:0011       	subs	R0,R0,R4,lsr #24
               S01:00016BCC:  24 0C 50 E0
F07:0012       	movmi	R0,#0
               S01:00016BD0:  00 00 A0 43
F07:0013       	orr		R7,R7,R0,lsl #16
               S01:00016BD4:  00 78 87 E1
F07:0014       
F07:0015       	ldrb	R0,[R1,R8,lsr #12]
               S01:00016BD8:  28 06 D1 E7
F07:0016       	add		R8,R8,R9
               S01:00016BDC:  09 80 88 E0
F07:0017       	mov		R4,R13,lsl #16
               S01:00016BE0:  0D 48 A0 E1
F07:0018       	subs	R0,R0,R4, lsr #24
               S01:00016BE4:  24 0C 50 E0
F07:0019       	movmi	R0,#0
               S01:00016BE8:  00 00 A0 43
F07:0020       	orr		R7,R7,R0,lsl #8
               S01:00016BEC:  00 74 87 E1
F07:0021       
F07:0022       	ldrb	R0,[R1,R11,lsr #12]
               S01:00016BF0:  2B 06 D1 E7
F07:0023       	add		R11,R11,R12
               S01:00016BF4:  0C B0 8B E0
F07:0024       	mov		R4,R13,lsl #24
               S01:00016BF8:  0D 4C A0 E1
F07:0025       	subs	R0,R0,R4,lsr #24
               S01:00016BFC:  24 0C 50 E0
F07:0026       	movmi	R0,#0
               S01:00016C00:  00 00 A0 43
F07:0027       	orr		R7,R7,R0
               S01:00016C04:  00 70 87 E1
F07:0028       
F07:0029       	str		R7,[R14],#4		
               S01:00016C08:  04 70 8E E4
F07:0030       	
F07:0001       	ldrb	R0,[R1,R2,lsr #12]
               S01:00016C0C:  22 06 D1 E7
F07:0002       	add		R2,R2,R3
               S01:00016C10:  03 20 82 E0
F07:0003       	mov		R4,R13,lsr #24
               S01:00016C14:  2D 4C A0 E1
F07:0004       	subs	R0,R0,R4
               S01:00016C18:  04 00 50 E0
F07:0005       	movmi	R0,#0
               S01:00016C1C:  00 00 A0 43
F07:0006       	mov		R7,R0,lsl #24
               S01:00016C20:  00 7C A0 E1
F07:0007       
F07:0008       	ldrb	R0,[R1,R5,lsr #12]
               S01:00016C24:  25 06 D1 E7
F07:0009       	add		R5,R5,R6
               S01:00016C28:  06 50 85 E0
F07:0010       	mov		R4,R13,lsl #8
               S01:00016C2C:  0D 44 A0 E1
F07:0011       	subs	R0,R0,R4,lsr #24
               S01:00016C30:  24 0C 50 E0
F07:0012       	movmi	R0,#0
               S01:00016C34:  00 00 A0 43
F07:0013       	orr		R7,R7,R0,lsl #16
               S01:00016C38:  00 78 87 E1
F07:0014       
F07:0015       	ldrb	R0,[R1,R8,lsr #12]
               S01:00016C3C:  28 06 D1 E7
F07:0016       	add		R8,R8,R9
               S01:00016C40:  09 80 88 E0
F07:0017       	mov		R4,R13,lsl #16
               S01:00016C44:  0D 48 A0 E1
F07:0018       	subs	R0,R0,R4, lsr #24
               S01:00016C48:  24 0C 50 E0
F07:0019       	movmi	R0,#0
               S01:00016C4C:  00 00 A0 43
F07:0020       	orr		R7,R7,R0,lsl #8
               S01:00016C50:  00 74 87 E1
F07:0021       
F07:0022       	ldrb	R0,[R1,R11,lsr #12]
               S01:00016C54:  2B 06 D1 E7
F07:0023       	add		R11,R11,R12
               S01:00016C58:  0C B0 8B E0
F07:0024       	mov		R4,R13,lsl #24
               S01:00016C5C:  0D 4C A0 E1
F07:0025       	subs	R0,R0,R4,lsr #24
               S01:00016C60:  24 0C 50 E0
F07:0026       	movmi	R0,#0
               S01:00016C64:  00 00 A0 43
F07:0027       	orr		R7,R7,R0
               S01:00016C68:  00 70 87 E1
F07:0028       
F07:0029       	str		R7,[R14],#4		
               S01:00016C6C:  04 70 8E E4
F07:0030       	
F07:0001       	ldrb	R0,[R1,R2,lsr #12]
               S01:00016C70:  22 06 D1 E7
F07:0002       	add		R2,R2,R3
               S01:00016C74:  03 20 82 E0
F07:0003       	mov		R4,R13,lsr #24
               S01:00016C78:  2D 4C A0 E1
F07:0004       	subs	R0,R0,R4
               S01:00016C7C:  04 00 50 E0
F07:0005       	movmi	R0,#0
               S01:00016C80:  00 00 A0 43
F07:0006       	mov		R7,R0,lsl #24
               S01:00016C84:  00 7C A0 E1
F07:0007       
F07:0008       	ldrb	R0,[R1,R5,lsr #12]
               S01:00016C88:  25 06 D1 E7
F07:0009       	add		R5,R5,R6
               S01:00016C8C:  06 50 85 E0
F07:0010       	mov		R4,R13,lsl #8
               S01:00016C90:  0D 44 A0 E1
F07:0011       	subs	R0,R0,R4,lsr #24
               S01:00016C94:  24 0C 50 E0
F07:0012       	movmi	R0,#0
               S01:00016C98:  00 00 A0 43
F07:0013       	orr		R7,R7,R0,lsl #16
               S01:00016C9C:  00 78 87 E1
F07:0014       
F07:0015       	ldrb	R0,[R1,R8,lsr #12]
               S01:00016CA0:  28 06 D1 E7
F07:0016       	add		R8,R8,R9
               S01:00016CA4:  09 80 88 E0
F07:0017       	mov		R4,R13,lsl #16
               S01:00016CA8:  0D 48 A0 E1
F07:0018       	subs	R0,R0,R4, lsr #24
               S01:00016CAC:  24 0C 50 E0
F07:0019       	movmi	R0,#0
               S01:00016CB0:  00 00 A0 43
F07:0020       	orr		R7,R7,R0,lsl #8
               S01:00016CB4:  00 74 87 E1
F07:0021       
F07:0022       	ldrb	R0,[R1,R11,lsr #12]
               S01:00016CB8:  2B 06 D1 E7
F07:0023       	add		R11,R11,R12
               S01:00016CBC:  0C B0 8B E0
F07:0024       	mov		R4,R13,lsl #24
               S01:00016CC0:  0D 4C A0 E1
F07:0025       	subs	R0,R0,R4,lsr #24
               S01:00016CC4:  24 0C 50 E0
F07:0026       	movmi	R0,#0
               S01:00016CC8:  00 00 A0 43
F07:0027       	orr		R7,R7,R0
               S01:00016CCC:  00 70 87 E1
F07:0028       
F07:0029       	str		R7,[R14],#4		
               S01:00016CD0:  04 70 8E E4
F07:0030       	
F07:0001       	ldrb	R0,[R1,R2,lsr #12]
               S01:00016CD4:  22 06 D1 E7
F07:0002       	add		R2,R2,R3
               S01:00016CD8:  03 20 82 E0
F07:0003       	mov		R4,R13,lsr #24
               S01:00016CDC:  2D 4C A0 E1
F07:0004       	subs	R0,R0,R4
               S01:00016CE0:  04 00 50 E0
F07:0005       	movmi	R0,#0
               S01:00016CE4:  00 00 A0 43
F07:0006       	mov		R7,R0,lsl #24
               S01:00016CE8:  00 7C A0 E1
F07:0007       
F07:0008       	ldrb	R0,[R1,R5,lsr #12]
               S01:00016CEC:  25 06 D1 E7
F07:0009       	add		R5,R5,R6
               S01:00016CF0:  06 50 85 E0
F07:0010       	mov		R4,R13,lsl #8
               S01:00016CF4:  0D 44 A0 E1
F07:0011       	subs	R0,R0,R4,lsr #24
               S01:00016CF8:  24 0C 50 E0
F07:0012       	movmi	R0,#0
               S01:00016CFC:  00 00 A0 43
F07:0013       	orr		R7,R7,R0,lsl #16
               S01:00016D00:  00 78 87 E1
F07:0014       
F07:0015       	ldrb	R0,[R1,R8,lsr #12]
               S01:00016D04:  28 06 D1 E7
F07:0016       	add		R8,R8,R9
               S01:00016D08:  09 80 88 E0
F07:0017       	mov		R4,R13,lsl #16
               S01:00016D0C:  0D 48 A0 E1
F07:0018       	subs	R0,R0,R4, lsr #24
               S01:00016D10:  24 0C 50 E0
F07:0019       	movmi	R0,#0
               S01:00016D14:  00 00 A0 43
F07:0020       	orr		R7,R7,R0,lsl #8
               S01:00016D18:  00 74 87 E1
F07:0021       
F07:0022       	ldrb	R0,[R1,R11,lsr #12]
               S01:00016D1C:  2B 06 D1 E7
F07:0023       	add		R11,R11,R12
               S01:00016D20:  0C B0 8B E0
F07:0024       	mov		R4,R13,lsl #24
               S01:00016D24:  0D 4C A0 E1
F07:0025       	subs	R0,R0,R4,lsr #24
               S01:00016D28:  24 0C 50 E0
F07:0026       	movmi	R0,#0
               S01:00016D2C:  00 00 A0 43
F07:0027       	orr		R7,R7,R0
               S01:00016D30:  00 70 87 E1
F07:0028       
F07:0029       	str		R7,[R14],#4		
               S01:00016D34:  04 70 8E E4
F07:0030       	
F07:0001       	ldrb	R0,[R1,R2,lsr #12]
               S01:00016D38:  22 06 D1 E7
F07:0002       	add		R2,R2,R3
               S01:00016D3C:  03 20 82 E0
F07:0003       	mov		R4,R13,lsr #24
               S01:00016D40:  2D 4C A0 E1
F07:0004       	subs	R0,R0,R4
               S01:00016D44:  04 00 50 E0
F07:0005       	movmi	R0,#0
               S01:00016D48:  00 00 A0 43
F07:0006       	mov		R7,R0,lsl #24
               S01:00016D4C:  00 7C A0 E1
F07:0007       
F07:0008       	ldrb	R0,[R1,R5,lsr #12]
               S01:00016D50:  25 06 D1 E7
F07:0009       	add		R5,R5,R6
               S01:00016D54:  06 50 85 E0
F07:0010       	mov		R4,R13,lsl #8
               S01:00016D58:  0D 44 A0 E1
F07:0011       	subs	R0,R0,R4,lsr #24
               S01:00016D5C:  24 0C 50 E0
F07:0012       	movmi	R0,#0
               S01:00016D60:  00 00 A0 43
F07:0013       	orr		R7,R7,R0,lsl #16
               S01:00016D64:  00 78 87 E1
F07:0014       
F07:0015       	ldrb	R0,[R1,R8,lsr #12]
               S01:00016D68:  28 06 D1 E7
F07:0016       	add		R8,R8,R9
               S01:00016D6C:  09 80 88 E0
F07:0017       	mov		R4,R13,lsl #16
               S01:00016D70:  0D 48 A0 E1
F07:0018       	subs	R0,R0,R4, lsr #24
               S01:00016D74:  24 0C 50 E0
F07:0019       	movmi	R0,#0
               S01:00016D78:  00 00 A0 43
F07:0020       	orr		R7,R7,R0,lsl #8
               S01:00016D7C:  00 74 87 E1
F07:0021       
F07:0022       	ldrb	R0,[R1,R11,lsr #12]
               S01:00016D80:  2B 06 D1 E7
F07:0023       	add		R11,R11,R12
               S01:00016D84:  0C B0 8B E0
F07:0024       	mov		R4,R13,lsl #24
               S01:00016D88:  0D 4C A0 E1
F07:0025       	subs	R0,R0,R4,lsr #24
               S01:00016D8C:  24 0C 50 E0
F07:0026       	movmi	R0,#0
               S01:00016D90:  00 00 A0 43
F07:0027       	orr		R7,R7,R0
               S01:00016D94:  00 70 87 E1
F07:0028       
F07:0029       	str		R7,[R14],#4		
               S01:00016D98:  04 70 8E E4
F07:0030       	
F07:0001       	ldrb	R0,[R1,R2,lsr #12]
               S01:00016D9C:  22 06 D1 E7
F07:0002       	add		R2,R2,R3
               S01:00016DA0:  03 20 82 E0
F07:0003       	mov		R4,R13,lsr #24
               S01:00016DA4:  2D 4C A0 E1
F07:0004       	subs	R0,R0,R4
               S01:00016DA8:  04 00 50 E0
F07:0005       	movmi	R0,#0
               S01:00016DAC:  00 00 A0 43
F07:0006       	mov		R7,R0,lsl #24
               S01:00016DB0:  00 7C A0 E1
F07:0007       
F07:0008       	ldrb	R0,[R1,R5,lsr #12]
               S01:00016DB4:  25 06 D1 E7
F07:0009       	add		R5,R5,R6
               S01:00016DB8:  06 50 85 E0
F07:0010       	mov		R4,R13,lsl #8
               S01:00016DBC:  0D 44 A0 E1
F07:0011       	subs	R0,R0,R4,lsr #24
               S01:00016DC0:  24 0C 50 E0
F07:0012       	movmi	R0,#0
               S01:00016DC4:  00 00 A0 43
F07:0013       	orr		R7,R7,R0,lsl #16
               S01:00016DC8:  00 78 87 E1
F07:0014       
F07:0015       	ldrb	R0,[R1,R8,lsr #12]
               S01:00016DCC:  28 06 D1 E7
F07:0016       	add		R8,R8,R9
               S01:00016DD0:  09 80 88 E0
F07:0017       	mov		R4,R13,lsl #16
               S01:00016DD4:  0D 48 A0 E1
F07:0018       	subs	R0,R0,R4, lsr #24
               S01:00016DD8:  24 0C 50 E0
F07:0019       	movmi	R0,#0
               S01:00016DDC:  00 00 A0 43
F07:0020       	orr		R7,R7,R0,lsl #8
               S01:00016DE0:  00 74 87 E1
F07:0021       
F07:0022       	ldrb	R0,[R1,R11,lsr #12]
               S01:00016DE4:  2B 06 D1 E7
F07:0023       	add		R11,R11,R12
               S01:00016DE8:  0C B0 8B E0
F07:0024       	mov		R4,R13,lsl #24
               S01:00016DEC:  0D 4C A0 E1
F07:0025       	subs	R0,R0,R4,lsr #24
               S01:00016DF0:  24 0C 50 E0
F07:0026       	movmi	R0,#0
               S01:00016DF4:  00 00 A0 43
F07:0027       	orr		R7,R7,R0
               S01:00016DF8:  00 70 87 E1
F07:0028       
F07:0029       	str		R7,[R14],#4		
               S01:00016DFC:  04 70 8E E4
F07:0030       	
F07:0001       	ldrb	R0,[R1,R2,lsr #12]
               S01:00016E00:  22 06 D1 E7
F07:0002       	add		R2,R2,R3
               S01:00016E04:  03 20 82 E0
F07:0003       	mov		R4,R13,lsr #24
               S01:00016E08:  2D 4C A0 E1
F07:0004       	subs	R0,R0,R4
               S01:00016E0C:  04 00 50 E0
F07:0005       	movmi	R0,#0
               S01:00016E10:  00 00 A0 43
F07:0006       	mov		R7,R0,lsl #24
               S01:00016E14:  00 7C A0 E1
F07:0007       
F07:0008       	ldrb	R0,[R1,R5,lsr #12]
               S01:00016E18:  25 06 D1 E7
F07:0009       	add		R5,R5,R6
               S01:00016E1C:  06 50 85 E0
F07:0010       	mov		R4,R13,lsl #8
               S01:00016E20:  0D 44 A0 E1
F07:0011       	subs	R0,R0,R4,lsr #24
               S01:00016E24:  24 0C 50 E0
F07:0012       	movmi	R0,#0
               S01:00016E28:  00 00 A0 43
F07:0013       	orr		R7,R7,R0,lsl #16
               S01:00016E2C:  00 78 87 E1
F07:0014       
F07:0015       	ldrb	R0,[R1,R8,lsr #12]
               S01:00016E30:  28 06 D1 E7
F07:0016       	add		R8,R8,R9
               S01:00016E34:  09 80 88 E0
F07:0017       	mov		R4,R13,lsl #16
               S01:00016E38:  0D 48 A0 E1
F07:0018       	subs	R0,R0,R4, lsr #24
               S01:00016E3C:  24 0C 50 E0
F07:0019       	movmi	R0,#0
               S01:00016E40:  00 00 A0 43
F07:0020       	orr		R7,R7,R0,lsl #8
               S01:00016E44:  00 74 87 E1
F07:0021       
F07:0022       	ldrb	R0,[R1,R11,lsr #12]
               S01:00016E48:  2B 06 D1 E7
F07:0023       	add		R11,R11,R12
               S01:00016E4C:  0C B0 8B E0
F07:0024       	mov		R4,R13,lsl #24
               S01:00016E50:  0D 4C A0 E1
F07:0025       	subs	R0,R0,R4,lsr #24
               S01:00016E54:  24 0C 50 E0
F07:0026       	movmi	R0,#0
               S01:00016E58:  00 00 A0 43
F07:0027       	orr		R7,R7,R0
               S01:00016E5C:  00 70 87 E1
F07:0028       
F07:0029       	str		R7,[R14],#4		
               S01:00016E60:  04 70 8E E4
F07:0030       	
F07:0001       	ldrb	R0,[R1,R2,lsr #12]
               S01:00016E64:  22 06 D1 E7
F07:0002       	add		R2,R2,R3
               S01:00016E68:  03 20 82 E0
F07:0003       	mov		R4,R13,lsr #24
               S01:00016E6C:  2D 4C A0 E1
F07:0004       	subs	R0,R0,R4
               S01:00016E70:  04 00 50 E0
F07:0005       	movmi	R0,#0
               S01:00016E74:  00 00 A0 43
F07:0006       	mov		R7,R0,lsl #24
               S01:00016E78:  00 7C A0 E1
F07:0007       
F07:0008       	ldrb	R0,[R1,R5,lsr #12]
               S01:00016E7C:  25 06 D1 E7
F07:0009       	add		R5,R5,R6
               S01:00016E80:  06 50 85 E0
F07:0010       	mov		R4,R13,lsl #8
               S01:00016E84:  0D 44 A0 E1
F07:0011       	subs	R0,R0,R4,lsr #24
               S01:00016E88:  24 0C 50 E0
F07:0012       	movmi	R0,#0
               S01:00016E8C:  00 00 A0 43
F07:0013       	orr		R7,R7,R0,lsl #16
               S01:00016E90:  00 78 87 E1
F07:0014       
F07:0015       	ldrb	R0,[R1,R8,lsr #12]
               S01:00016E94:  28 06 D1 E7
F07:0016       	add		R8,R8,R9
               S01:00016E98:  09 80 88 E0
F07:0017       	mov		R4,R13,lsl #16
               S01:00016E9C:  0D 48 A0 E1
F07:0018       	subs	R0,R0,R4, lsr #24
               S01:00016EA0:  24 0C 50 E0
F07:0019       	movmi	R0,#0
               S01:00016EA4:  00 00 A0 43
F07:0020       	orr		R7,R7,R0,lsl #8
               S01:00016EA8:  00 74 87 E1
F07:0021       
F07:0022       	ldrb	R0,[R1,R11,lsr #12]
               S01:00016EAC:  2B 06 D1 E7
F07:0023       	add		R11,R11,R12
               S01:00016EB0:  0C B0 8B E0
F07:0024       	mov		R4,R13,lsl #24
               S01:00016EB4:  0D 4C A0 E1
F07:0025       	subs	R0,R0,R4,lsr #24
               S01:00016EB8:  24 0C 50 E0
F07:0026       	movmi	R0,#0
               S01:00016EBC:  00 00 A0 43
F07:0027       	orr		R7,R7,R0
               S01:00016EC0:  00 70 87 E1
F07:0028       
F07:0029       	str		R7,[R14],#4		
               S01:00016EC4:  04 70 8E E4
F07:0030       	
F07:0001       	ldrb	R0,[R1,R2,lsr #12]
               S01:00016EC8:  22 06 D1 E7
F07:0002       	add		R2,R2,R3
               S01:00016ECC:  03 20 82 E0
F07:0003       	mov		R4,R13,lsr #24
               S01:00016ED0:  2D 4C A0 E1
F07:0004       	subs	R0,R0,R4
               S01:00016ED4:  04 00 50 E0
F07:0005       	movmi	R0,#0
               S01:00016ED8:  00 00 A0 43
F07:0006       	mov		R7,R0,lsl #24
               S01:00016EDC:  00 7C A0 E1
F07:0007       
F07:0008       	ldrb	R0,[R1,R5,lsr #12]
               S01:00016EE0:  25 06 D1 E7
F07:0009       	add		R5,R5,R6
               S01:00016EE4:  06 50 85 E0
F07:0010       	mov		R4,R13,lsl #8
               S01:00016EE8:  0D 44 A0 E1
F07:0011       	subs	R0,R0,R4,lsr #24
               S01:00016EEC:  24 0C 50 E0
F07:0012       	movmi	R0,#0
               S01:00016EF0:  00 00 A0 43
F07:0013       	orr		R7,R7,R0,lsl #16
               S01:00016EF4:  00 78 87 E1
F07:0014       
F07:0015       	ldrb	R0,[R1,R8,lsr #12]
               S01:00016EF8:  28 06 D1 E7
F07:0016       	add		R8,R8,R9
               S01:00016EFC:  09 80 88 E0
F07:0017       	mov		R4,R13,lsl #16
               S01:00016F00:  0D 48 A0 E1
F07:0018       	subs	R0,R0,R4, lsr #24
               S01:00016F04:  24 0C 50 E0
F07:0019       	movmi	R0,#0
               S01:00016F08:  00 00 A0 43
F07:0020       	orr		R7,R7,R0,lsl #8
               S01:00016F0C:  00 74 87 E1
F07:0021       
F07:0022       	ldrb	R0,[R1,R11,lsr #12]
               S01:00016F10:  2B 06 D1 E7
F07:0023       	add		R11,R11,R12
               S01:00016F14:  0C B0 8B E0
F07:0024       	mov		R4,R13,lsl #24
               S01:00016F18:  0D 4C A0 E1
F07:0025       	subs	R0,R0,R4,lsr #24
               S01:00016F1C:  24 0C 50 E0
F07:0026       	movmi	R0,#0
               S01:00016F20:  00 00 A0 43
F07:0027       	orr		R7,R7,R0
               S01:00016F24:  00 70 87 E1
F07:0028       
F07:0029       	str		R7,[R14],#4		
               S01:00016F28:  04 70 8E E4
F07:0030       	
F07:0001       	ldrb	R0,[R1,R2,lsr #12]
               S01:00016F2C:  22 06 D1 E7
F07:0002       	add		R2,R2,R3
               S01:00016F30:  03 20 82 E0
F07:0003       	mov		R4,R13,lsr #24
               S01:00016F34:  2D 4C A0 E1
F07:0004       	subs	R0,R0,R4
               S01:00016F38:  04 00 50 E0
F07:0005       	movmi	R0,#0
               S01:00016F3C:  00 00 A0 43
F07:0006       	mov		R7,R0,lsl #24
               S01:00016F40:  00 7C A0 E1
F07:0007       
F07:0008       	ldrb	R0,[R1,R5,lsr #12]
               S01:00016F44:  25 06 D1 E7
F07:0009       	add		R5,R5,R6
               S01:00016F48:  06 50 85 E0
F07:0010       	mov		R4,R13,lsl #8
               S01:00016F4C:  0D 44 A0 E1
F07:0011       	subs	R0,R0,R4,lsr #24
               S01:00016F50:  24 0C 50 E0
F07:0012       	movmi	R0,#0
               S01:00016F54:  00 00 A0 43
F07:0013       	orr		R7,R7,R0,lsl #16
               S01:00016F58:  00 78 87 E1
F07:0014       
F07:0015       	ldrb	R0,[R1,R8,lsr #12]
               S01:00016F5C:  28 06 D1 E7
F07:0016       	add		R8,R8,R9
               S01:00016F60:  09 80 88 E0
F07:0017       	mov		R4,R13,lsl #16
               S01:00016F64:  0D 48 A0 E1
F07:0018       	subs	R0,R0,R4, lsr #24
               S01:00016F68:  24 0C 50 E0
F07:0019       	movmi	R0,#0
               S01:00016F6C:  00 00 A0 43
F07:0020       	orr		R7,R7,R0,lsl #8
               S01:00016F70:  00 74 87 E1
F07:0021       
F07:0022       	ldrb	R0,[R1,R11,lsr #12]
               S01:00016F74:  2B 06 D1 E7
F07:0023       	add		R11,R11,R12
               S01:00016F78:  0C B0 8B E0
F07:0024       	mov		R4,R13,lsl #24
               S01:00016F7C:  0D 4C A0 E1
F07:0025       	subs	R0,R0,R4,lsr #24
               S01:00016F80:  24 0C 50 E0
F07:0026       	movmi	R0,#0
               S01:00016F84:  00 00 A0 43
F07:0027       	orr		R7,R7,R0
               S01:00016F88:  00 70 87 E1
F07:0028       
F07:0029       	str		R7,[R14],#4		
               S01:00016F8C:  04 70 8E E4
F07:0030       	
F07:0001       	ldrb	R0,[R1,R2,lsr #12]
               S01:00016F90:  22 06 D1 E7
F07:0002       	add		R2,R2,R3
               S01:00016F94:  03 20 82 E0
F07:0003       	mov		R4,R13,lsr #24
               S01:00016F98:  2D 4C A0 E1
F07:0004       	subs	R0,R0,R4
               S01:00016F9C:  04 00 50 E0
F07:0005       	movmi	R0,#0
               S01:00016FA0:  00 00 A0 43
F07:0006       	mov		R7,R0,lsl #24
               S01:00016FA4:  00 7C A0 E1
F07:0007       
F07:0008       	ldrb	R0,[R1,R5,lsr #12]
               S01:00016FA8:  25 06 D1 E7
F07:0009       	add		R5,R5,R6
               S01:00016FAC:  06 50 85 E0
F07:0010       	mov		R4,R13,lsl #8
               S01:00016FB0:  0D 44 A0 E1
F07:0011       	subs	R0,R0,R4,lsr #24
               S01:00016FB4:  24 0C 50 E0
F07:0012       	movmi	R0,#0
               S01:00016FB8:  00 00 A0 43
F07:0013       	orr		R7,R7,R0,lsl #16
               S01:00016FBC:  00 78 87 E1
F07:0014       
F07:0015       	ldrb	R0,[R1,R8,lsr #12]
               S01:00016FC0:  28 06 D1 E7
F07:0016       	add		R8,R8,R9
               S01:00016FC4:  09 80 88 E0
F07:0017       	mov		R4,R13,lsl #16
               S01:00016FC8:  0D 48 A0 E1
F07:0018       	subs	R0,R0,R4, lsr #24
               S01:00016FCC:  24 0C 50 E0
F07:0019       	movmi	R0,#0
               S01:00016FD0:  00 00 A0 43
F07:0020       	orr		R7,R7,R0,lsl #8
               S01:00016FD4:  00 74 87 E1
F07:0021       
F07:0022       	ldrb	R0,[R1,R11,lsr #12]
               S01:00016FD8:  2B 06 D1 E7
F07:0023       	add		R11,R11,R12
               S01:00016FDC:  0C B0 8B E0
F07:0024       	mov		R4,R13,lsl #24
               S01:00016FE0:  0D 4C A0 E1
F07:0025       	subs	R0,R0,R4,lsr #24
               S01:00016FE4:  24 0C 50 E0
F07:0026       	movmi	R0,#0
               S01:00016FE8:  00 00 A0 43
F07:0027       	orr		R7,R7,R0
               S01:00016FEC:  00 70 87 E1
F07:0028       
F07:0029       	str		R7,[R14],#4		
               S01:00016FF0:  04 70 8E E4
F07:0030       	
F07:0001       	ldrb	R0,[R1,R2,lsr #12]
               S01:00016FF4:  22 06 D1 E7
F07:0002       	add		R2,R2,R3
               S01:00016FF8:  03 20 82 E0
F07:0003       	mov		R4,R13,lsr #24
               S01:00016FFC:  2D 4C A0 E1
F07:0004       	subs	R0,R0,R4
               S01:00017000:  04 00 50 E0
F07:0005       	movmi	R0,#0
               S01:00017004:  00 00 A0 43
F07:0006       	mov		R7,R0,lsl #24
               S01:00017008:  00 7C A0 E1
F07:0007       
F07:0008       	ldrb	R0,[R1,R5,lsr #12]
               S01:0001700C:  25 06 D1 E7
F07:0009       	add		R5,R5,R6
               S01:00017010:  06 50 85 E0
F07:0010       	mov		R4,R13,lsl #8
               S01:00017014:  0D 44 A0 E1
F07:0011       	subs	R0,R0,R4,lsr #24
               S01:00017018:  24 0C 50 E0
F07:0012       	movmi	R0,#0
               S01:0001701C:  00 00 A0 43
F07:0013       	orr		R7,R7,R0,lsl #16
               S01:00017020:  00 78 87 E1
F07:0014       
F07:0015       	ldrb	R0,[R1,R8,lsr #12]
               S01:00017024:  28 06 D1 E7
F07:0016       	add		R8,R8,R9
               S01:00017028:  09 80 88 E0
F07:0017       	mov		R4,R13,lsl #16
               S01:0001702C:  0D 48 A0 E1
F07:0018       	subs	R0,R0,R4, lsr #24
               S01:00017030:  24 0C 50 E0
F07:0019       	movmi	R0,#0
               S01:00017034:  00 00 A0 43
F07:0020       	orr		R7,R7,R0,lsl #8
               S01:00017038:  00 74 87 E1
F07:0021       
F07:0022       	ldrb	R0,[R1,R11,lsr #12]
               S01:0001703C:  2B 06 D1 E7
F07:0023       	add		R11,R11,R12
               S01:00017040:  0C B0 8B E0
F07:0024       	mov		R4,R13,lsl #24
               S01:00017044:  0D 4C A0 E1
F07:0025       	subs	R0,R0,R4,lsr #24
               S01:00017048:  24 0C 50 E0
F07:0026       	movmi	R0,#0
               S01:0001704C:  00 00 A0 43
F07:0027       	orr		R7,R7,R0
               S01:00017050:  00 70 87 E1
F07:0028       
F07:0029       	str		R7,[R14],#4		
               S01:00017054:  04 70 8E E4
F07:0030       	
F07:0001       	ldrb	R0,[R1,R2,lsr #12]
               S01:00017058:  22 06 D1 E7
F07:0002       	add		R2,R2,R3
               S01:0001705C:  03 20 82 E0
F07:0003       	mov		R4,R13,lsr #24
               S01:00017060:  2D 4C A0 E1
F07:0004       	subs	R0,R0,R4
               S01:00017064:  04 00 50 E0
F07:0005       	movmi	R0,#0
               S01:00017068:  00 00 A0 43
F07:0006       	mov		R7,R0,lsl #24
               S01:0001706C:  00 7C A0 E1
F07:0007       
F07:0008       	ldrb	R0,[R1,R5,lsr #12]
               S01:00017070:  25 06 D1 E7
F07:0009       	add		R5,R5,R6
               S01:00017074:  06 50 85 E0
F07:0010       	mov		R4,R13,lsl #8
               S01:00017078:  0D 44 A0 E1
F07:0011       	subs	R0,R0,R4,lsr #24
               S01:0001707C:  24 0C 50 E0
F07:0012       	movmi	R0,#0
               S01:00017080:  00 00 A0 43
F07:0013       	orr		R7,R7,R0,lsl #16
               S01:00017084:  00 78 87 E1
F07:0014       
F07:0015       	ldrb	R0,[R1,R8,lsr #12]
               S01:00017088:  28 06 D1 E7
F07:0016       	add		R8,R8,R9
               S01:0001708C:  09 80 88 E0
F07:0017       	mov		R4,R13,lsl #16
               S01:00017090:  0D 48 A0 E1
F07:0018       	subs	R0,R0,R4, lsr #24
               S01:00017094:  24 0C 50 E0
F07:0019       	movmi	R0,#0
               S01:00017098:  00 00 A0 43
F07:0020       	orr		R7,R7,R0,lsl #8
               S01:0001709C:  00 74 87 E1
F07:0021       
F07:0022       	ldrb	R0,[R1,R11,lsr #12]
               S01:000170A0:  2B 06 D1 E7
F07:0023       	add		R11,R11,R12
               S01:000170A4:  0C B0 8B E0
F07:0024       	mov		R4,R13,lsl #24
               S01:000170A8:  0D 4C A0 E1
F07:0025       	subs	R0,R0,R4,lsr #24
               S01:000170AC:  24 0C 50 E0
F07:0026       	movmi	R0,#0
               S01:000170B0:  00 00 A0 43
F07:0027       	orr		R7,R7,R0
               S01:000170B4:  00 70 87 E1
F07:0028       
F07:0029       	str		R7,[R14],#4		
               S01:000170B8:  04 70 8E E4
F07:0030       	
F07:0001       	ldrb	R0,[R1,R2,lsr #12]
               S01:000170BC:  22 06 D1 E7
F07:0002       	add		R2,R2,R3
               S01:000170C0:  03 20 82 E0
F07:0003       	mov		R4,R13,lsr #24
               S01:000170C4:  2D 4C A0 E1
F07:0004       	subs	R0,R0,R4
               S01:000170C8:  04 00 50 E0
F07:0005       	movmi	R0,#0
               S01:000170CC:  00 00 A0 43
F07:0006       	mov		R7,R0,lsl #24
               S01:000170D0:  00 7C A0 E1
F07:0007       
F07:0008       	ldrb	R0,[R1,R5,lsr #12]
               S01:000170D4:  25 06 D1 E7
F07:0009       	add		R5,R5,R6
               S01:000170D8:  06 50 85 E0
F07:0010       	mov		R4,R13,lsl #8
               S01:000170DC:  0D 44 A0 E1
F07:0011       	subs	R0,R0,R4,lsr #24
               S01:000170E0:  24 0C 50 E0
F07:0012       	movmi	R0,#0
               S01:000170E4:  00 00 A0 43
F07:0013       	orr		R7,R7,R0,lsl #16
               S01:000170E8:  00 78 87 E1
F07:0014       
F07:0015       	ldrb	R0,[R1,R8,lsr #12]
               S01:000170EC:  28 06 D1 E7
F07:0016       	add		R8,R8,R9
               S01:000170F0:  09 80 88 E0
F07:0017       	mov		R4,R13,lsl #16
               S01:000170F4:  0D 48 A0 E1
F07:0018       	subs	R0,R0,R4, lsr #24
               S01:000170F8:  24 0C 50 E0
F07:0019       	movmi	R0,#0
               S01:000170FC:  00 00 A0 43
F07:0020       	orr		R7,R7,R0,lsl #8
               S01:00017100:  00 74 87 E1
F07:0021       
F07:0022       	ldrb	R0,[R1,R11,lsr #12]
               S01:00017104:  2B 06 D1 E7
F07:0023       	add		R11,R11,R12
               S01:00017108:  0C B0 8B E0
F07:0024       	mov		R4,R13,lsl #24
               S01:0001710C:  0D 4C A0 E1
F07:0025       	subs	R0,R0,R4,lsr #24
               S01:00017110:  24 0C 50 E0
F07:0026       	movmi	R0,#0
               S01:00017114:  00 00 A0 43
F07:0027       	orr		R7,R7,R0
               S01:00017118:  00 70 87 E1
F07:0028       
F07:0029       	str		R7,[R14],#4		
               S01:0001711C:  04 70 8E E4
F07:0030       	
F07:0001       	ldrb	R0,[R1,R2,lsr #12]
               S01:00017120:  22 06 D1 E7
F07:0002       	add		R2,R2,R3
               S01:00017124:  03 20 82 E0
F07:0003       	mov		R4,R13,lsr #24
               S01:00017128:  2D 4C A0 E1
F07:0004       	subs	R0,R0,R4
               S01:0001712C:  04 00 50 E0
F07:0005       	movmi	R0,#0
               S01:00017130:  00 00 A0 43
F07:0006       	mov		R7,R0,lsl #24
               S01:00017134:  00 7C A0 E1
F07:0007       
F07:0008       	ldrb	R0,[R1,R5,lsr #12]
               S01:00017138:  25 06 D1 E7
F07:0009       	add		R5,R5,R6
               S01:0001713C:  06 50 85 E0
F07:0010       	mov		R4,R13,lsl #8
               S01:00017140:  0D 44 A0 E1
F07:0011       	subs	R0,R0,R4,lsr #24
               S01:00017144:  24 0C 50 E0
F07:0012       	movmi	R0,#0
               S01:00017148:  00 00 A0 43
F07:0013       	orr		R7,R7,R0,lsl #16
               S01:0001714C:  00 78 87 E1
F07:0014       
F07:0015       	ldrb	R0,[R1,R8,lsr #12]
               S01:00017150:  28 06 D1 E7
F07:0016       	add		R8,R8,R9
               S01:00017154:  09 80 88 E0
F07:0017       	mov		R4,R13,lsl #16
               S01:00017158:  0D 48 A0 E1
F07:0018       	subs	R0,R0,R4, lsr #24
               S01:0001715C:  24 0C 50 E0
F07:0019       	movmi	R0,#0
               S01:00017160:  00 00 A0 43
F07:0020       	orr		R7,R7,R0,lsl #8
               S01:00017164:  00 74 87 E1
F07:0021       
F07:0022       	ldrb	R0,[R1,R11,lsr #12]
               S01:00017168:  2B 06 D1 E7
F07:0023       	add		R11,R11,R12
               S01:0001716C:  0C B0 8B E0
F07:0024       	mov		R4,R13,lsl #24
               S01:00017170:  0D 4C A0 E1
F07:0025       	subs	R0,R0,R4,lsr #24
               S01:00017174:  24 0C 50 E0
F07:0026       	movmi	R0,#0
               S01:00017178:  00 00 A0 43
F07:0027       	orr		R7,R7,R0
               S01:0001717C:  00 70 87 E1
F07:0028       
F07:0029       	str		R7,[R14],#4		
               S01:00017180:  04 70 8E E4
F07:0030       	
F07:0001       	ldrb	R0,[R1,R2,lsr #12]
               S01:00017184:  22 06 D1 E7
F07:0002       	add		R2,R2,R3
               S01:00017188:  03 20 82 E0
F07:0003       	mov		R4,R13,lsr #24
               S01:0001718C:  2D 4C A0 E1
F07:0004       	subs	R0,R0,R4
               S01:00017190:  04 00 50 E0
F07:0005       	movmi	R0,#0
               S01:00017194:  00 00 A0 43
F07:0006       	mov		R7,R0,lsl #24
               S01:00017198:  00 7C A0 E1
F07:0007       
F07:0008       	ldrb	R0,[R1,R5,lsr #12]
               S01:0001719C:  25 06 D1 E7
F07:0009       	add		R5,R5,R6
               S01:000171A0:  06 50 85 E0
F07:0010       	mov		R4,R13,lsl #8
               S01:000171A4:  0D 44 A0 E1
F07:0011       	subs	R0,R0,R4,lsr #24
               S01:000171A8:  24 0C 50 E0
F07:0012       	movmi	R0,#0
               S01:000171AC:  00 00 A0 43
F07:0013       	orr		R7,R7,R0,lsl #16
               S01:000171B0:  00 78 87 E1
F07:0014       
F07:0015       	ldrb	R0,[R1,R8,lsr #12]
               S01:000171B4:  28 06 D1 E7
F07:0016       	add		R8,R8,R9
               S01:000171B8:  09 80 88 E0
F07:0017       	mov		R4,R13,lsl #16
               S01:000171BC:  0D 48 A0 E1
F07:0018       	subs	R0,R0,R4, lsr #24
               S01:000171C0:  24 0C 50 E0
F07:0019       	movmi	R0,#0
               S01:000171C4:  00 00 A0 43
F07:0020       	orr		R7,R7,R0,lsl #8
               S01:000171C8:  00 74 87 E1
F07:0021       
F07:0022       	ldrb	R0,[R1,R11,lsr #12]
               S01:000171CC:  2B 06 D1 E7
F07:0023       	add		R11,R11,R12
               S01:000171D0:  0C B0 8B E0
F07:0024       	mov		R4,R13,lsl #24
               S01:000171D4:  0D 4C A0 E1
F07:0025       	subs	R0,R0,R4,lsr #24
               S01:000171D8:  24 0C 50 E0
F07:0026       	movmi	R0,#0
               S01:000171DC:  00 00 A0 43
F07:0027       	orr		R7,R7,R0
               S01:000171E0:  00 70 87 E1
F07:0028       
F07:0029       	str		R7,[R14],#4		
               S01:000171E4:  04 70 8E E4
F07:0030       	
F07:0001       	ldrb	R0,[R1,R2,lsr #12]
               S01:000171E8:  22 06 D1 E7
F07:0002       	add		R2,R2,R3
               S01:000171EC:  03 20 82 E0
F07:0003       	mov		R4,R13,lsr #24
               S01:000171F0:  2D 4C A0 E1
F07:0004       	subs	R0,R0,R4
               S01:000171F4:  04 00 50 E0
F07:0005       	movmi	R0,#0
               S01:000171F8:  00 00 A0 43
F07:0006       	mov		R7,R0,lsl #24
               S01:000171FC:  00 7C A0 E1
F07:0007       
F07:0008       	ldrb	R0,[R1,R5,lsr #12]
               S01:00017200:  25 06 D1 E7
F07:0009       	add		R5,R5,R6
               S01:00017204:  06 50 85 E0
F07:0010       	mov		R4,R13,lsl #8
               S01:00017208:  0D 44 A0 E1
F07:0011       	subs	R0,R0,R4,lsr #24
               S01:0001720C:  24 0C 50 E0
F07:0012       	movmi	R0,#0
               S01:00017210:  00 00 A0 43
F07:0013       	orr		R7,R7,R0,lsl #16
               S01:00017214:  00 78 87 E1
F07:0014       
F07:0015       	ldrb	R0,[R1,R8,lsr #12]
               S01:00017218:  28 06 D1 E7
F07:0016       	add		R8,R8,R9
               S01:0001721C:  09 80 88 E0
F07:0017       	mov		R4,R13,lsl #16
               S01:00017220:  0D 48 A0 E1
F07:0018       	subs	R0,R0,R4, lsr #24
               S01:00017224:  24 0C 50 E0
F07:0019       	movmi	R0,#0
               S01:00017228:  00 00 A0 43
F07:0020       	orr		R7,R7,R0,lsl #8
               S01:0001722C:  00 74 87 E1
F07:0021       
F07:0022       	ldrb	R0,[R1,R11,lsr #12]
               S01:00017230:  2B 06 D1 E7
F07:0023       	add		R11,R11,R12
               S01:00017234:  0C B0 8B E0
F07:0024       	mov		R4,R13,lsl #24
               S01:00017238:  0D 4C A0 E1
F07:0025       	subs	R0,R0,R4,lsr #24
               S01:0001723C:  24 0C 50 E0
F07:0026       	movmi	R0,#0
               S01:00017240:  00 00 A0 43
F07:0027       	orr		R7,R7,R0
               S01:00017244:  00 70 87 E1
F07:0028       
F07:0029       	str		R7,[R14],#4		
               S01:00017248:  04 70 8E E4
F07:0030       	
F07:0001       	ldrb	R0,[R1,R2,lsr #12]
               S01:0001724C:  22 06 D1 E7
F07:0002       	add		R2,R2,R3
               S01:00017250:  03 20 82 E0
F07:0003       	mov		R4,R13,lsr #24
               S01:00017254:  2D 4C A0 E1
F07:0004       	subs	R0,R0,R4
               S01:00017258:  04 00 50 E0
F07:0005       	movmi	R0,#0
               S01:0001725C:  00 00 A0 43
F07:0006       	mov		R7,R0,lsl #24
               S01:00017260:  00 7C A0 E1
F07:0007       
F07:0008       	ldrb	R0,[R1,R5,lsr #12]
               S01:00017264:  25 06 D1 E7
F07:0009       	add		R5,R5,R6
               S01:00017268:  06 50 85 E0
F07:0010       	mov		R4,R13,lsl #8
               S01:0001726C:  0D 44 A0 E1
F07:0011       	subs	R0,R0,R4,lsr #24
               S01:00017270:  24 0C 50 E0
F07:0012       	movmi	R0,#0
               S01:00017274:  00 00 A0 43
F07:0013       	orr		R7,R7,R0,lsl #16
               S01:00017278:  00 78 87 E1
F07:0014       
F07:0015       	ldrb	R0,[R1,R8,lsr #12]
               S01:0001727C:  28 06 D1 E7
F07:0016       	add		R8,R8,R9
               S01:00017280:  09 80 88 E0
F07:0017       	mov		R4,R13,lsl #16
               S01:00017284:  0D 48 A0 E1
F07:0018       	subs	R0,R0,R4, lsr #24
               S01:00017288:  24 0C 50 E0
F07:0019       	movmi	R0,#0
               S01:0001728C:  00 00 A0 43
F07:0020       	orr		R7,R7,R0,lsl #8
               S01:00017290:  00 74 87 E1
F07:0021       
F07:0022       	ldrb	R0,[R1,R11,lsr #12]
               S01:00017294:  2B 06 D1 E7
F07:0023       	add		R11,R11,R12
               S01:00017298:  0C B0 8B E0
F07:0024       	mov		R4,R13,lsl #24
               S01:0001729C:  0D 4C A0 E1
F07:0025       	subs	R0,R0,R4,lsr #24
               S01:000172A0:  24 0C 50 E0
F07:0026       	movmi	R0,#0
               S01:000172A4:  00 00 A0 43
F07:0027       	orr		R7,R7,R0
               S01:000172A8:  00 70 87 E1
F07:0028       
F07:0029       	str		R7,[R14],#4		
               S01:000172AC:  04 70 8E E4
F07:0030       	
F07:0001       	ldrb	R0,[R1,R2,lsr #12]
               S01:000172B0:  22 06 D1 E7
F07:0002       	add		R2,R2,R3
               S01:000172B4:  03 20 82 E0
F07:0003       	mov		R4,R13,lsr #24
               S01:000172B8:  2D 4C A0 E1
F07:0004       	subs	R0,R0,R4
               S01:000172BC:  04 00 50 E0
F07:0005       	movmi	R0,#0
               S01:000172C0:  00 00 A0 43
F07:0006       	mov		R7,R0,lsl #24
               S01:000172C4:  00 7C A0 E1
F07:0007       
F07:0008       	ldrb	R0,[R1,R5,lsr #12]
               S01:000172C8:  25 06 D1 E7
F07:0009       	add		R5,R5,R6
               S01:000172CC:  06 50 85 E0
F07:0010       	mov		R4,R13,lsl #8
               S01:000172D0:  0D 44 A0 E1
F07:0011       	subs	R0,R0,R4,lsr #24
               S01:000172D4:  24 0C 50 E0
F07:0012       	movmi	R0,#0
               S01:000172D8:  00 00 A0 43
F07:0013       	orr		R7,R7,R0,lsl #16
               S01:000172DC:  00 78 87 E1
F07:0014       
F07:0015       	ldrb	R0,[R1,R8,lsr #12]
               S01:000172E0:  28 06 D1 E7
F07:0016       	add		R8,R8,R9
               S01:000172E4:  09 80 88 E0
F07:0017       	mov		R4,R13,lsl #16
               S01:000172E8:  0D 48 A0 E1
F07:0018       	subs	R0,R0,R4, lsr #24
               S01:000172EC:  24 0C 50 E0
F07:0019       	movmi	R0,#0
               S01:000172F0:  00 00 A0 43
F07:0020       	orr		R7,R7,R0,lsl #8
               S01:000172F4:  00 74 87 E1
F07:0021       
F07:0022       	ldrb	R0,[R1,R11,lsr #12]
               S01:000172F8:  2B 06 D1 E7
F07:0023       	add		R11,R11,R12
               S01:000172FC:  0C B0 8B E0
F07:0024       	mov		R4,R13,lsl #24
               S01:00017300:  0D 4C A0 E1
F07:0025       	subs	R0,R0,R4,lsr #24
               S01:00017304:  24 0C 50 E0
F07:0026       	movmi	R0,#0
               S01:00017308:  00 00 A0 43
F07:0027       	orr		R7,R7,R0
               S01:0001730C:  00 70 87 E1
F07:0028       
F07:0029       	str		R7,[R14],#4		
               S01:00017310:  04 70 8E E4
F07:0030       	
F07:0001       	ldrb	R0,[R1,R2,lsr #12]
               S01:00017314:  22 06 D1 E7
F07:0002       	add		R2,R2,R3
               S01:00017318:  03 20 82 E0
F07:0003       	mov		R4,R13,lsr #24
               S01:0001731C:  2D 4C A0 E1
F07:0004       	subs	R0,R0,R4
               S01:00017320:  04 00 50 E0
F07:0005       	movmi	R0,#0
               S01:00017324:  00 00 A0 43
F07:0006       	mov		R7,R0,lsl #24
               S01:00017328:  00 7C A0 E1
F07:0007       
F07:0008       	ldrb	R0,[R1,R5,lsr #12]
               S01:0001732C:  25 06 D1 E7
F07:0009       	add		R5,R5,R6
               S01:00017330:  06 50 85 E0
F07:0010       	mov		R4,R13,lsl #8
               S01:00017334:  0D 44 A0 E1
F07:0011       	subs	R0,R0,R4,lsr #24
               S01:00017338:  24 0C 50 E0
F07:0012       	movmi	R0,#0
               S01:0001733C:  00 00 A0 43
F07:0013       	orr		R7,R7,R0,lsl #16
               S01:00017340:  00 78 87 E1
F07:0014       
F07:0015       	ldrb	R0,[R1,R8,lsr #12]
               S01:00017344:  28 06 D1 E7
F07:0016       	add		R8,R8,R9
               S01:00017348:  09 80 88 E0
F07:0017       	mov		R4,R13,lsl #16
               S01:0001734C:  0D 48 A0 E1
F07:0018       	subs	R0,R0,R4, lsr #24
               S01:00017350:  24 0C 50 E0
F07:0019       	movmi	R0,#0
               S01:00017354:  00 00 A0 43
F07:0020       	orr		R7,R7,R0,lsl #8
               S01:00017358:  00 74 87 E1
F07:0021       
F07:0022       	ldrb	R0,[R1,R11,lsr #12]
               S01:0001735C:  2B 06 D1 E7
F07:0023       	add		R11,R11,R12
               S01:00017360:  0C B0 8B E0
F07:0024       	mov		R4,R13,lsl #24
               S01:00017364:  0D 4C A0 E1
F07:0025       	subs	R0,R0,R4,lsr #24
               S01:00017368:  24 0C 50 E0
F07:0026       	movmi	R0,#0
               S01:0001736C:  00 00 A0 43
F07:0027       	orr		R7,R7,R0
               S01:00017370:  00 70 87 E1
F07:0028       
F07:0029       	str		R7,[R14],#4		
               S01:00017374:  04 70 8E E4
F07:0030       	
F07:0001       	ldrb	R0,[R1,R2,lsr #12]
               S01:00017378:  22 06 D1 E7
F07:0002       	add		R2,R2,R3
               S01:0001737C:  03 20 82 E0
F07:0003       	mov		R4,R13,lsr #24
               S01:00017380:  2D 4C A0 E1
F07:0004       	subs	R0,R0,R4
               S01:00017384:  04 00 50 E0
F07:0005       	movmi	R0,#0
               S01:00017388:  00 00 A0 43
F07:0006       	mov		R7,R0,lsl #24
               S01:0001738C:  00 7C A0 E1
F07:0007       
F07:0008       	ldrb	R0,[R1,R5,lsr #12]
               S01:00017390:  25 06 D1 E7
F07:0009       	add		R5,R5,R6
               S01:00017394:  06 50 85 E0
F07:0010       	mov		R4,R13,lsl #8
               S01:00017398:  0D 44 A0 E1
F07:0011       	subs	R0,R0,R4,lsr #24
               S01:0001739C:  24 0C 50 E0
F07:0012       	movmi	R0,#0
               S01:000173A0:  00 00 A0 43
F07:0013       	orr		R7,R7,R0,lsl #16
               S01:000173A4:  00 78 87 E1
F07:0014       
F07:0015       	ldrb	R0,[R1,R8,lsr #12]
               S01:000173A8:  28 06 D1 E7
F07:0016       	add		R8,R8,R9
               S01:000173AC:  09 80 88 E0
F07:0017       	mov		R4,R13,lsl #16
               S01:000173B0:  0D 48 A0 E1
F07:0018       	subs	R0,R0,R4, lsr #24
               S01:000173B4:  24 0C 50 E0
F07:0019       	movmi	R0,#0
               S01:000173B8:  00 00 A0 43
F07:0020       	orr		R7,R7,R0,lsl #8
               S01:000173BC:  00 74 87 E1
F07:0021       
F07:0022       	ldrb	R0,[R1,R11,lsr #12]
               S01:000173C0:  2B 06 D1 E7
F07:0023       	add		R11,R11,R12
               S01:000173C4:  0C B0 8B E0
F07:0024       	mov		R4,R13,lsl #24
               S01:000173C8:  0D 4C A0 E1
F07:0025       	subs	R0,R0,R4,lsr #24
               S01:000173CC:  24 0C 50 E0
F07:0026       	movmi	R0,#0
               S01:000173D0:  00 00 A0 43
F07:0027       	orr		R7,R7,R0
               S01:000173D4:  00 70 87 E1
F07:0028       
F07:0029       	str		R7,[R14],#4		
               S01:000173D8:  04 70 8E E4
F07:0030       	
F07:0001       	ldrb	R0,[R1,R2,lsr #12]
               S01:000173DC:  22 06 D1 E7
F07:0002       	add		R2,R2,R3
               S01:000173E0:  03 20 82 E0
F07:0003       	mov		R4,R13,lsr #24
               S01:000173E4:  2D 4C A0 E1
F07:0004       	subs	R0,R0,R4
               S01:000173E8:  04 00 50 E0
F07:0005       	movmi	R0,#0
               S01:000173EC:  00 00 A0 43
F07:0006       	mov		R7,R0,lsl #24
               S01:000173F0:  00 7C A0 E1
F07:0007       
F07:0008       	ldrb	R0,[R1,R5,lsr #12]
               S01:000173F4:  25 06 D1 E7
F07:0009       	add		R5,R5,R6
               S01:000173F8:  06 50 85 E0
F07:0010       	mov		R4,R13,lsl #8
               S01:000173FC:  0D 44 A0 E1
F07:0011       	subs	R0,R0,R4,lsr #24
               S01:00017400:  24 0C 50 E0
F07:0012       	movmi	R0,#0
               S01:00017404:  00 00 A0 43
F07:0013       	orr		R7,R7,R0,lsl #16
               S01:00017408:  00 78 87 E1
F07:0014       
F07:0015       	ldrb	R0,[R1,R8,lsr #12]
               S01:0001740C:  28 06 D1 E7
F07:0016       	add		R8,R8,R9
               S01:00017410:  09 80 88 E0
F07:0017       	mov		R4,R13,lsl #16
               S01:00017414:  0D 48 A0 E1
F07:0018       	subs	R0,R0,R4, lsr #24
               S01:00017418:  24 0C 50 E0
F07:0019       	movmi	R0,#0
               S01:0001741C:  00 00 A0 43
F07:0020       	orr		R7,R7,R0,lsl #8
               S01:00017420:  00 74 87 E1
F07:0021       
F07:0022       	ldrb	R0,[R1,R11,lsr #12]
               S01:00017424:  2B 06 D1 E7
F07:0023       	add		R11,R11,R12
               S01:00017428:  0C B0 8B E0
F07:0024       	mov		R4,R13,lsl #24
               S01:0001742C:  0D 4C A0 E1
F07:0025       	subs	R0,R0,R4,lsr #24
               S01:00017430:  24 0C 50 E0
F07:0026       	movmi	R0,#0
               S01:00017434:  00 00 A0 43
F07:0027       	orr		R7,R7,R0
               S01:00017438:  00 70 87 E1
F07:0028       
F07:0029       	str		R7,[R14],#4		
               S01:0001743C:  04 70 8E E4
F07:0030       	
F00:2816       	ldr		pc,pointeur_retour_mixage
               S01:00017440:  04 F0 1F E5
F00:2817       
F00:2818       pointeur_retour_mixage:		.long		retour_mixage
               S01:00017444:  30 91 00 00
F00:2819       
F00:2820       
F00:2821       LSPMusic:
F00:2822       	.incbin		"knullakuk.lsmusic"
               S01:00017448:  4C 53 50 31 EE 61 E5 23 01 03 00 7D 00 0F 00 00
               S01:00017458:  AF 52 11 88 00 00 D1 34 00 96 00 01 7A 9A 19 1D
F00:2823       	.p2align	2
F00:2824       
F00:2825       LSPBank:
F00:2826       	.incbin		"knullakuk.lsbank"
               S01:0002B934:  EE 61 E5 23 00 00 00 00 F0 04 E0 EC 10 D0 1C E4
               S01:0002B944:  02 08 22 DE FA F4 CC F2 28 C0 E8 26 E4 30 D4 0A
F00:2827       LSPBank_end:
F00:2828       	.skip		ecart_sample*31				; espace pour bouclage des 31 samples
F00:2829       silence:
F00:2830       	.long		0,0,0,0
               S01:0004E402:  00 00 00 00
               S01:0004E406:  00 00 00 00
               S01:0004E40A:  00 00 00 00
               S01:0004E40E:  00 00 00 00
F00:2831       fin_silence:
F00:2832       	.rept		1000
F00:2834       
F08:0001       		.long		0
               S01:0004E412:  00 00 00 00
F08:0002       	
F08:0001       		.long		0
               S01:0004E416:  00 00 00 00
F08:0002       	
F08:0001       		.long		0
               S01:0004E41A:  00 00 00 00
F08:0002       	
F08:0001       		.long		0
               S01:0004E41E:  00 00 00 00
F08:0002       	
F08:0001       		.long		0
               S01:0004E422:  00 00 00 00
F08:0002       	
F08:0001       		.long		0
               S01:0004E426:  00 00 00 00
F08:0002       	
F08:0001       		.long		0
               S01:0004E42A:  00 00 00 00
F08:0002       	
F08:0001       		.long		0
               S01:0004E42E:  00 00 00 00
F08:0002       	
F08:0001       		.long		0
               S01:0004E432:  00 00 00 00
F08:0002       	
F08:0001       		.long		0
               S01:0004E436:  00 00 00 00
F08:0002       	
F08:0001       		.long		0
               S01:0004E43A:  00 00 00 00
F08:0002       	
F08:0001       		.long		0
               S01:0004E43E:  00 00 00 00
F08:0002       	
F08:0001       		.long		0
               S01:0004E442:  00 00 00 00
F08:0002       	
F08:0001       		.long		0
               S01:0004E446:  00 00 00 00
F08:0002       	
F08:0001       		.long		0
               S01:0004E44A:  00 00 00 00
F08:0002       	
F08:0001       		.long		0
               S01:0004E44E:  00 00 00 00
F08:0002       	
F08:0001       		.long		0
               S01:0004E452:  00 00 00 00
F08:0002       	
F08:0001       		.long		0
               S01:0004E456:  00 00 00 00
F08:0002       	
F08:0001       		.long		0
               S01:0004E45A:  00 00 00 00
F08:0002       	
F08:0001       		.long		0
               S01:0004E45E:  00 00 00 00
F08:0002       	
F08:0001       		.long		0
               S01:0004E462:  00 00 00 00
F08:0002       	
F08:0001       		.long		0
               S01:0004E466:  00 00 00 00
F08:0002       	
F08:0001       		.long		0
               S01:0004E46A:  00 00 00 00
F08:0002       	
F08:0001       		.long		0
               S01:0004E46E:  00 00 00 00
F08:0002       	
F08:0001       		.long		0
               S01:0004E472:  00 00 00 00
F08:0002       	
F08:0001       		.long		0
               S01:0004E476:  00 00 00 00
F08:0002       	
F08:0001       		.long		0
               S01:0004E47A:  00 00 00 00
F08:0002       	
F08:0001       		.long		0
               S01:0004E47E:  00 00 00 00
F08:0002       	
F08:0001       		.long		0
               S01:0004E482:  00 00 00 00
F08:0002       	
F08:0001       		.long		0
               S01:0004E486:  00 00 00 00
F08:0002       	
F08:0001       		.long		0
               S01:0004E48A:  00 00 00 00
F08:0002       	
F08:0001       		.long		0
               S01:0004E48E:  00 00 00 00
F08:0002       	
F08:0001       		.long		0
               S01:0004E492:  00 00 00 00
F08:0002       	
F08:0001       		.long		0
               S01:0004E496:  00 00 00 00
F08:0002       	
F08:0001       		.long		0
               S01:0004E49A:  00 00 00 00
F08:0002       	
F08:0001       		.long		0
               S01:0004E49E:  00 00 00 00
F08:0002       	
F08:0001       		.long		0
               S01:0004E4A2:  00 00 00 00
F08:0002       	
F08:0001       		.long		0
               S01:0004E4A6:  00 00 00 00
F08:0002       	
F08:0001       		.long		0
               S01:0004E4AA:  00 00 00 00
F08:0002       	
F08:0001       		.long		0
               S01:0004E4AE:  00 00 00 00
F08:0002       	
F08:0001       		.long		0
               S01:0004E4B2:  00 00 00 00
F08:0002       	
F08:0001       		.long		0
               S01:0004E4B6:  00 00 00 00
F08:0002       	
F08:0001       		.long		0
               S01:0004E4BA:  00 00 00 00
F08:0002       	
F08:0001       		.long		0
               S01:0004E4BE:  00 00 00 00
F08:0002       	
F08:0001       		.long		0
               S01:0004E4C2:  00 00 00 00
F08:0002       	
F08:0001       		.long		0
               S01:0004E4C6:  00 00 00 00
F08:0002       	
F08:0001       		.long		0
               S01:0004E4CA:  00 00 00 00
F08:0002       	
F08:0001       		.long		0
               S01:0004E4CE:  00 00 00 00
F08:0002       	
F08:0001       		.long		0
               S01:0004E4D2:  00 00 00 00
F08:0002       	
F08:0001       		.long		0
               S01:0004E4D6:  00 00 00 00
F08:0002       	
F08:0001       		.long		0
               S01:0004E4DA:  00 00 00 00
F08:0002       	
F08:0001       		.long		0
               S01:0004E4DE:  00 00 00 00
F08:0002       	
F08:0001       		.long		0
               S01:0004E4E2:  00 00 00 00
F08:0002       	
F08:0001       		.long		0
               S01:0004E4E6:  00 00 00 00
F08:0002       	
F08:0001       		.long		0
               S01:0004E4EA:  00 00 00 00
F08:0002       	
F08:0001       		.long		0
               S01:0004E4EE:  00 00 00 00
F08:0002       	
F08:0001       		.long		0
               S01:0004E4F2:  00 00 00 00
F08:0002       	
F08:0001       		.long		0
               S01:0004E4F6:  00 00 00 00
F08:0002       	
F08:0001       		.long		0
               S01:0004E4FA:  00 00 00 00
F08:0002       	
F08:0001       		.long		0
               S01:0004E4FE:  00 00 00 00
F08:0002       	
F08:0001       		.long		0
               S01:0004E502:  00 00 00 00
F08:0002       	
F08:0001       		.long		0
               S01:0004E506:  00 00 00 00
F08:0002       	
F08:0001       		.long		0
               S01:0004E50A:  00 00 00 00
F08:0002       	
F08:0001       		.long		0
               S01:0004E50E:  00 00 00 00
F08:0002       	
F08:0001       		.long		0
               S01:0004E512:  00 00 00 00
F08:0002       	
F08:0001       		.long		0
               S01:0004E516:  00 00 00 00
F08:0002       	
F08:0001       		.long		0
               S01:0004E51A:  00 00 00 00
F08:0002       	
F08:0001       		.long		0
               S01:0004E51E:  00 00 00 00
F08:0002       	
F08:0001       		.long		0
               S01:0004E522:  00 00 00 00
F08:0002       	
F08:0001       		.long		0
               S01:0004E526:  00 00 00 00
F08:0002       	
F08:0001       		.long		0
               S01:0004E52A:  00 00 00 00
F08:0002       	
F08:0001       		.long		0
               S01:0004E52E:  00 00 00 00
F08:0002       	
F08:0001       		.long		0
               S01:0004E532:  00 00 00 00
F08:0002       	
F08:0001       		.long		0
               S01:0004E536:  00 00 00 00
F08:0002       	
F08:0001       		.long		0
               S01:0004E53A:  00 00 00 00
F08:0002       	
F08:0001       		.long		0
               S01:0004E53E:  00 00 00 00
F08:0002       	
F08:0001       		.long		0
               S01:0004E542:  00 00 00 00
F08:0002       	
F08:0001       		.long		0
               S01:0004E546:  00 00 00 00
F08:0002       	
F08:0001       		.long		0
               S01:0004E54A:  00 00 00 00
F08:0002       	
F08:0001       		.long		0
               S01:0004E54E:  00 00 00 00
F08:0002       	
F08:0001       		.long		0
               S01:0004E552:  00 00 00 00
F08:0002       	
F08:0001       		.long		0
               S01:0004E556:  00 00 00 00
F08:0002       	
F08:0001       		.long		0
               S01:0004E55A:  00 00 00 00
F08:0002       	
F08:0001       		.long		0
               S01:0004E55E:  00 00 00 00
F08:0002       	
F08:0001       		.long		0
               S01:0004E562:  00 00 00 00
F08:0002       	
F08:0001       		.long		0
               S01:0004E566:  00 00 00 00
F08:0002       	
F08:0001       		.long		0
               S01:0004E56A:  00 00 00 00
F08:0002       	
F08:0001       		.long		0
               S01:0004E56E:  00 00 00 00
F08:0002       	
F08:0001       		.long		0
               S01:0004E572:  00 00 00 00
F08:0002       	
F08:0001       		.long		0
               S01:0004E576:  00 00 00 00
F08:0002       	
F08:0001       		.long		0
               S01:0004E57A:  00 00 00 00
F08:0002       	
F08:0001       		.long		0
               S01:0004E57E:  00 00 00 00
F08:0002       	
F08:0001       		.long		0
               S01:0004E582:  00 00 00 00
F08:0002       	
F08:0001       		.long		0
               S01:0004E586:  00 00 00 00
F08:0002       	
F08:0001       		.long		0
               S01:0004E58A:  00 00 00 00
F08:0002       	
F08:0001       		.long		0
               S01:0004E58E:  00 00 00 00
F08:0002       	
F08:0001       		.long		0
               S01:0004E592:  00 00 00 00
F08:0002       	
F08:0001       		.long		0
               S01:0004E596:  00 00 00 00
F08:0002       	
F08:0001       		.long		0
               S01:0004E59A:  00 00 00 00
F08:0002       	
F08:0001       		.long		0
               S01:0004E59E:  00 00 00 00
F08:0002       	
F08:0001       		.long		0
               S01:0004E5A2:  00 00 00 00
F08:0002       	
F08:0001       		.long		0
               S01:0004E5A6:  00 00 00 00
F08:0002       	
F08:0001       		.long		0
               S01:0004E5AA:  00 00 00 00
F08:0002       	
F08:0001       		.long		0
               S01:0004E5AE:  00 00 00 00
F08:0002       	
F08:0001       		.long		0
               S01:0004E5B2:  00 00 00 00
F08:0002       	
F08:0001       		.long		0
               S01:0004E5B6:  00 00 00 00
F08:0002       	
F08:0001       		.long		0
               S01:0004E5BA:  00 00 00 00
F08:0002       	
F08:0001       		.long		0
               S01:0004E5BE:  00 00 00 00
F08:0002       	
F08:0001       		.long		0
               S01:0004E5C2:  00 00 00 00
F08:0002       	
F08:0001       		.long		0
               S01:0004E5C6:  00 00 00 00
F08:0002       	
F08:0001       		.long		0
               S01:0004E5CA:  00 00 00 00
F08:0002       	
F08:0001       		.long		0
               S01:0004E5CE:  00 00 00 00
F08:0002       	
F08:0001       		.long		0
               S01:0004E5D2:  00 00 00 00
F08:0002       	
F08:0001       		.long		0
               S01:0004E5D6:  00 00 00 00
F08:0002       	
F08:0001       		.long		0
               S01:0004E5DA:  00 00 00 00
F08:0002       	
F08:0001       		.long		0
               S01:0004E5DE:  00 00 00 00
F08:0002       	
F08:0001       		.long		0
               S01:0004E5E2:  00 00 00 00
F08:0002       	
F08:0001       		.long		0
               S01:0004E5E6:  00 00 00 00
F08:0002       	
F08:0001       		.long		0
               S01:0004E5EA:  00 00 00 00
F08:0002       	
F08:0001       		.long		0
               S01:0004E5EE:  00 00 00 00
F08:0002       	
F08:0001       		.long		0
               S01:0004E5F2:  00 00 00 00
F08:0002       	
F08:0001       		.long		0
               S01:0004E5F6:  00 00 00 00
F08:0002       	
F08:0001       		.long		0
               S01:0004E5FA:  00 00 00 00
F08:0002       	
F08:0001       		.long		0
               S01:0004E5FE:  00 00 00 00
F08:0002       	
F08:0001       		.long		0
               S01:0004E602:  00 00 00 00
F08:0002       	
F08:0001       		.long		0
               S01:0004E606:  00 00 00 00
F08:0002       	
F08:0001       		.long		0
               S01:0004E60A:  00 00 00 00
F08:0002       	
F08:0001       		.long		0
               S01:0004E60E:  00 00 00 00
F08:0002       	
F08:0001       		.long		0
               S01:0004E612:  00 00 00 00
F08:0002       	
F08:0001       		.long		0
               S01:0004E616:  00 00 00 00
F08:0002       	
F08:0001       		.long		0
               S01:0004E61A:  00 00 00 00
F08:0002       	
F08:0001       		.long		0
               S01:0004E61E:  00 00 00 00
F08:0002       	
F08:0001       		.long		0
               S01:0004E622:  00 00 00 00
F08:0002       	
F08:0001       		.long		0
               S01:0004E626:  00 00 00 00
F08:0002       	
F08:0001       		.long		0
               S01:0004E62A:  00 00 00 00
F08:0002       	
F08:0001       		.long		0
               S01:0004E62E:  00 00 00 00
F08:0002       	
F08:0001       		.long		0
               S01:0004E632:  00 00 00 00
F08:0002       	
F08:0001       		.long		0
               S01:0004E636:  00 00 00 00
F08:0002       	
F08:0001       		.long		0
               S01:0004E63A:  00 00 00 00
F08:0002       	
F08:0001       		.long		0
               S01:0004E63E:  00 00 00 00
F08:0002       	
F08:0001       		.long		0
               S01:0004E642:  00 00 00 00
F08:0002       	
F08:0001       		.long		0
               S01:0004E646:  00 00 00 00
F08:0002       	
F08:0001       		.long		0
               S01:0004E64A:  00 00 00 00
F08:0002       	
F08:0001       		.long		0
               S01:0004E64E:  00 00 00 00
F08:0002       	
F08:0001       		.long		0
               S01:0004E652:  00 00 00 00
F08:0002       	
F08:0001       		.long		0
               S01:0004E656:  00 00 00 00
F08:0002       	
F08:0001       		.long		0
               S01:0004E65A:  00 00 00 00
F08:0002       	
F08:0001       		.long		0
               S01:0004E65E:  00 00 00 00
F08:0002       	
F08:0001       		.long		0
               S01:0004E662:  00 00 00 00
F08:0002       	
F08:0001       		.long		0
               S01:0004E666:  00 00 00 00
F08:0002       	
F08:0001       		.long		0
               S01:0004E66A:  00 00 00 00
F08:0002       	
F08:0001       		.long		0
               S01:0004E66E:  00 00 00 00
F08:0002       	
F08:0001       		.long		0
               S01:0004E672:  00 00 00 00
F08:0002       	
F08:0001       		.long		0
               S01:0004E676:  00 00 00 00
F08:0002       	
F08:0001       		.long		0
               S01:0004E67A:  00 00 00 00
F08:0002       	
F08:0001       		.long		0
               S01:0004E67E:  00 00 00 00
F08:0002       	
F08:0001       		.long		0
               S01:0004E682:  00 00 00 00
F08:0002       	
F08:0001       		.long		0
               S01:0004E686:  00 00 00 00
F08:0002       	
F08:0001       		.long		0
               S01:0004E68A:  00 00 00 00
F08:0002       	
F08:0001       		.long		0
               S01:0004E68E:  00 00 00 00
F08:0002       	
F08:0001       		.long		0
               S01:0004E692:  00 00 00 00
F08:0002       	
F08:0001       		.long		0
               S01:0004E696:  00 00 00 00
F08:0002       	
F08:0001       		.long		0
               S01:0004E69A:  00 00 00 00
F08:0002       	
F08:0001       		.long		0
               S01:0004E69E:  00 00 00 00
F08:0002       	
F08:0001       		.long		0
               S01:0004E6A2:  00 00 00 00
F08:0002       	
F08:0001       		.long		0
               S01:0004E6A6:  00 00 00 00
F08:0002       	
F08:0001       		.long		0
               S01:0004E6AA:  00 00 00 00
F08:0002       	
F08:0001       		.long		0
               S01:0004E6AE:  00 00 00 00
F08:0002       	
F08:0001       		.long		0
               S01:0004E6B2:  00 00 00 00
F08:0002       	
F08:0001       		.long		0
               S01:0004E6B6:  00 00 00 00
F08:0002       	
F08:0001       		.long		0
               S01:0004E6BA:  00 00 00 00
F08:0002       	
F08:0001       		.long		0
               S01:0004E6BE:  00 00 00 00
F08:0002       	
F08:0001       		.long		0
               S01:0004E6C2:  00 00 00 00
F08:0002       	
F08:0001       		.long		0
               S01:0004E6C6:  00 00 00 00
F08:0002       	
F08:0001       		.long		0
               S01:0004E6CA:  00 00 00 00
F08:0002       	
F08:0001       		.long		0
               S01:0004E6CE:  00 00 00 00
F08:0002       	
F08:0001       		.long		0
               S01:0004E6D2:  00 00 00 00
F08:0002       	
F08:0001       		.long		0
               S01:0004E6D6:  00 00 00 00
F08:0002       	
F08:0001       		.long		0
               S01:0004E6DA:  00 00 00 00
F08:0002       	
F08:0001       		.long		0
               S01:0004E6DE:  00 00 00 00
F08:0002       	
F08:0001       		.long		0
               S01:0004E6E2:  00 00 00 00
F08:0002       	
F08:0001       		.long		0
               S01:0004E6E6:  00 00 00 00
F08:0002       	
F08:0001       		.long		0
               S01:0004E6EA:  00 00 00 00
F08:0002       	
F08:0001       		.long		0
               S01:0004E6EE:  00 00 00 00
F08:0002       	
F08:0001       		.long		0
               S01:0004E6F2:  00 00 00 00
F08:0002       	
F08:0001       		.long		0
               S01:0004E6F6:  00 00 00 00
F08:0002       	
F08:0001       		.long		0
               S01:0004E6FA:  00 00 00 00
F08:0002       	
F08:0001       		.long		0
               S01:0004E6FE:  00 00 00 00
F08:0002       	
F08:0001       		.long		0
               S01:0004E702:  00 00 00 00
F08:0002       	
F08:0001       		.long		0
               S01:0004E706:  00 00 00 00
F08:0002       	
F08:0001       		.long		0
               S01:0004E70A:  00 00 00 00
F08:0002       	
F08:0001       		.long		0
               S01:0004E70E:  00 00 00 00
F08:0002       	
F08:0001       		.long		0
               S01:0004E712:  00 00 00 00
F08:0002       	
F08:0001       		.long		0
               S01:0004E716:  00 00 00 00
F08:0002       	
F08:0001       		.long		0
               S01:0004E71A:  00 00 00 00
F08:0002       	
F08:0001       		.long		0
               S01:0004E71E:  00 00 00 00
F08:0002       	
F08:0001       		.long		0
               S01:0004E722:  00 00 00 00
F08:0002       	
F08:0001       		.long		0
               S01:0004E726:  00 00 00 00
F08:0002       	
F08:0001       		.long		0
               S01:0004E72A:  00 00 00 00
F08:0002       	
F08:0001       		.long		0
               S01:0004E72E:  00 00 00 00
F08:0002       	
F08:0001       		.long		0
               S01:0004E732:  00 00 00 00
F08:0002       	
F08:0001       		.long		0
               S01:0004E736:  00 00 00 00
F08:0002       	
F08:0001       		.long		0
               S01:0004E73A:  00 00 00 00
F08:0002       	
F08:0001       		.long		0
               S01:0004E73E:  00 00 00 00
F08:0002       	
F08:0001       		.long		0
               S01:0004E742:  00 00 00 00
F08:0002       	
F08:0001       		.long		0
               S01:0004E746:  00 00 00 00
F08:0002       	
F08:0001       		.long		0
               S01:0004E74A:  00 00 00 00
F08:0002       	
F08:0001       		.long		0
               S01:0004E74E:  00 00 00 00
F08:0002       	
F08:0001       		.long		0
               S01:0004E752:  00 00 00 00
F08:0002       	
F08:0001       		.long		0
               S01:0004E756:  00 00 00 00
F08:0002       	
F08:0001       		.long		0
               S01:0004E75A:  00 00 00 00
F08:0002       	
F08:0001       		.long		0
               S01:0004E75E:  00 00 00 00
F08:0002       	
F08:0001       		.long		0
               S01:0004E762:  00 00 00 00
F08:0002       	
F08:0001       		.long		0
               S01:0004E766:  00 00 00 00
F08:0002       	
F08:0001       		.long		0
               S01:0004E76A:  00 00 00 00
F08:0002       	
F08:0001       		.long		0
               S01:0004E76E:  00 00 00 00
F08:0002       	
F08:0001       		.long		0
               S01:0004E772:  00 00 00 00
F08:0002       	
F08:0001       		.long		0
               S01:0004E776:  00 00 00 00
F08:0002       	
F08:0001       		.long		0
               S01:0004E77A:  00 00 00 00
F08:0002       	
F08:0001       		.long		0
               S01:0004E77E:  00 00 00 00
F08:0002       	
F08:0001       		.long		0
               S01:0004E782:  00 00 00 00
F08:0002       	
F08:0001       		.long		0
               S01:0004E786:  00 00 00 00
F08:0002       	
F08:0001       		.long		0
               S01:0004E78A:  00 00 00 00
F08:0002       	
F08:0001       		.long		0
               S01:0004E78E:  00 00 00 00
F08:0002       	
F08:0001       		.long		0
               S01:0004E792:  00 00 00 00
F08:0002       	
F08:0001       		.long		0
               S01:0004E796:  00 00 00 00
F08:0002       	
F08:0001       		.long		0
               S01:0004E79A:  00 00 00 00
F08:0002       	
F08:0001       		.long		0
               S01:0004E79E:  00 00 00 00
F08:0002       	
F08:0001       		.long		0
               S01:0004E7A2:  00 00 00 00
F08:0002       	
F08:0001       		.long		0
               S01:0004E7A6:  00 00 00 00
F08:0002       	
F08:0001       		.long		0
               S01:0004E7AA:  00 00 00 00
F08:0002       	
F08:0001       		.long		0
               S01:0004E7AE:  00 00 00 00
F08:0002       	
F08:0001       		.long		0
               S01:0004E7B2:  00 00 00 00
F08:0002       	
F08:0001       		.long		0
               S01:0004E7B6:  00 00 00 00
F08:0002       	
F08:0001       		.long		0
               S01:0004E7BA:  00 00 00 00
F08:0002       	
F08:0001       		.long		0
               S01:0004E7BE:  00 00 00 00
F08:0002       	
F08:0001       		.long		0
               S01:0004E7C2:  00 00 00 00
F08:0002       	
F08:0001       		.long		0
               S01:0004E7C6:  00 00 00 00
F08:0002       	
F08:0001       		.long		0
               S01:0004E7CA:  00 00 00 00
F08:0002       	
F08:0001       		.long		0
               S01:0004E7CE:  00 00 00 00
F08:0002       	
F08:0001       		.long		0
               S01:0004E7D2:  00 00 00 00
F08:0002       	
F08:0001       		.long		0
               S01:0004E7D6:  00 00 00 00
F08:0002       	
F08:0001       		.long		0
               S01:0004E7DA:  00 00 00 00
F08:0002       	
F08:0001       		.long		0
               S01:0004E7DE:  00 00 00 00
F08:0002       	
F08:0001       		.long		0
               S01:0004E7E2:  00 00 00 00
F08:0002       	
F08:0001       		.long		0
               S01:0004E7E6:  00 00 00 00
F08:0002       	
F08:0001       		.long		0
               S01:0004E7EA:  00 00 00 00
F08:0002       	
F08:0001       		.long		0
               S01:0004E7EE:  00 00 00 00
F08:0002       	
F08:0001       		.long		0
               S01:0004E7F2:  00 00 00 00
F08:0002       	
F08:0001       		.long		0
               S01:0004E7F6:  00 00 00 00
F08:0002       	
F08:0001       		.long		0
               S01:0004E7FA:  00 00 00 00
F08:0002       	
F08:0001       		.long		0
               S01:0004E7FE:  00 00 00 00
F08:0002       	
F08:0001       		.long		0
               S01:0004E802:  00 00 00 00
F08:0002       	
F08:0001       		.long		0
               S01:0004E806:  00 00 00 00
F08:0002       	
F08:0001       		.long		0
               S01:0004E80A:  00 00 00 00
F08:0002       	
F08:0001       		.long		0
               S01:0004E80E:  00 00 00 00
F08:0002       	
F08:0001       		.long		0
               S01:0004E812:  00 00 00 00
F08:0002       	
F08:0001       		.long		0
               S01:0004E816:  00 00 00 00
F08:0002       	
F08:0001       		.long		0
               S01:0004E81A:  00 00 00 00
F08:0002       	
F08:0001       		.long		0
               S01:0004E81E:  00 00 00 00
F08:0002       	
F08:0001       		.long		0
               S01:0004E822:  00 00 00 00
F08:0002       	
F08:0001       		.long		0
               S01:0004E826:  00 00 00 00
F08:0002       	
F08:0001       		.long		0
               S01:0004E82A:  00 00 00 00
F08:0002       	
F08:0001       		.long		0
               S01:0004E82E:  00 00 00 00
F08:0002       	
F08:0001       		.long		0
               S01:0004E832:  00 00 00 00
F08:0002       	
F08:0001       		.long		0
               S01:0004E836:  00 00 00 00
F08:0002       	
F08:0001       		.long		0
               S01:0004E83A:  00 00 00 00
F08:0002       	
F08:0001       		.long		0
               S01:0004E83E:  00 00 00 00
F08:0002       	
F08:0001       		.long		0
               S01:0004E842:  00 00 00 00
F08:0002       	
F08:0001       		.long		0
               S01:0004E846:  00 00 00 00
F08:0002       	
F08:0001       		.long		0
               S01:0004E84A:  00 00 00 00
F08:0002       	
F08:0001       		.long		0
               S01:0004E84E:  00 00 00 00
F08:0002       	
F08:0001       		.long		0
               S01:0004E852:  00 00 00 00
F08:0002       	
F08:0001       		.long		0
               S01:0004E856:  00 00 00 00
F08:0002       	
F08:0001       		.long		0
               S01:0004E85A:  00 00 00 00
F08:0002       	
F08:0001       		.long		0
               S01:0004E85E:  00 00 00 00
F08:0002       	
F08:0001       		.long		0
               S01:0004E862:  00 00 00 00
F08:0002       	
F08:0001       		.long		0
               S01:0004E866:  00 00 00 00
F08:0002       	
F08:0001       		.long		0
               S01:0004E86A:  00 00 00 00
F08:0002       	
F08:0001       		.long		0
               S01:0004E86E:  00 00 00 00
F08:0002       	
F08:0001       		.long		0
               S01:0004E872:  00 00 00 00
F08:0002       	
F08:0001       		.long		0
               S01:0004E876:  00 00 00 00
F08:0002       	
F08:0001       		.long		0
               S01:0004E87A:  00 00 00 00
F08:0002       	
F08:0001       		.long		0
               S01:0004E87E:  00 00 00 00
F08:0002       	
F08:0001       		.long		0
               S01:0004E882:  00 00 00 00
F08:0002       	
F08:0001       		.long		0
               S01:0004E886:  00 00 00 00
F08:0002       	
F08:0001       		.long		0
               S01:0004E88A:  00 00 00 00
F08:0002       	
F08:0001       		.long		0
               S01:0004E88E:  00 00 00 00
F08:0002       	
F08:0001       		.long		0
               S01:0004E892:  00 00 00 00
F08:0002       	
F08:0001       		.long		0
               S01:0004E896:  00 00 00 00
F08:0002       	
F08:0001       		.long		0
               S01:0004E89A:  00 00 00 00
F08:0002       	
F08:0001       		.long		0
               S01:0004E89E:  00 00 00 00
F08:0002       	
F08:0001       		.long		0
               S01:0004E8A2:  00 00 00 00
F08:0002       	
F08:0001       		.long		0
               S01:0004E8A6:  00 00 00 00
F08:0002       	
F08:0001       		.long		0
               S01:0004E8AA:  00 00 00 00
F08:0002       	
F08:0001       		.long		0
               S01:0004E8AE:  00 00 00 00
F08:0002       	
F08:0001       		.long		0
               S01:0004E8B2:  00 00 00 00
F08:0002       	
F08:0001       		.long		0
               S01:0004E8B6:  00 00 00 00
F08:0002       	
F08:0001       		.long		0
               S01:0004E8BA:  00 00 00 00
F08:0002       	
F08:0001       		.long		0
               S01:0004E8BE:  00 00 00 00
F08:0002       	
F08:0001       		.long		0
               S01:0004E8C2:  00 00 00 00
F08:0002       	
F08:0001       		.long		0
               S01:0004E8C6:  00 00 00 00
F08:0002       	
F08:0001       		.long		0
               S01:0004E8CA:  00 00 00 00
F08:0002       	
F08:0001       		.long		0
               S01:0004E8CE:  00 00 00 00
F08:0002       	
F08:0001       		.long		0
               S01:0004E8D2:  00 00 00 00
F08:0002       	
F08:0001       		.long		0
               S01:0004E8D6:  00 00 00 00
F08:0002       	
F08:0001       		.long		0
               S01:0004E8DA:  00 00 00 00
F08:0002       	
F08:0001       		.long		0
               S01:0004E8DE:  00 00 00 00
F08:0002       	
F08:0001       		.long		0
               S01:0004E8E2:  00 00 00 00
F08:0002       	
F08:0001       		.long		0
               S01:0004E8E6:  00 00 00 00
F08:0002       	
F08:0001       		.long		0
               S01:0004E8EA:  00 00 00 00
F08:0002       	
F08:0001       		.long		0
               S01:0004E8EE:  00 00 00 00
F08:0002       	
F08:0001       		.long		0
               S01:0004E8F2:  00 00 00 00
F08:0002       	
F08:0001       		.long		0
               S01:0004E8F6:  00 00 00 00
F08:0002       	
F08:0001       		.long		0
               S01:0004E8FA:  00 00 00 00
F08:0002       	
F08:0001       		.long		0
               S01:0004E8FE:  00 00 00 00
F08:0002       	
F08:0001       		.long		0
               S01:0004E902:  00 00 00 00
F08:0002       	
F08:0001       		.long		0
               S01:0004E906:  00 00 00 00
F08:0002       	
F08:0001       		.long		0
               S01:0004E90A:  00 00 00 00
F08:0002       	
F08:0001       		.long		0
               S01:0004E90E:  00 00 00 00
F08:0002       	
F08:0001       		.long		0
               S01:0004E912:  00 00 00 00
F08:0002       	
F08:0001       		.long		0
               S01:0004E916:  00 00 00 00
F08:0002       	
F08:0001       		.long		0
               S01:0004E91A:  00 00 00 00
F08:0002       	
F08:0001       		.long		0
               S01:0004E91E:  00 00 00 00
F08:0002       	
F08:0001       		.long		0
               S01:0004E922:  00 00 00 00
F08:0002       	
F08:0001       		.long		0
               S01:0004E926:  00 00 00 00
F08:0002       	
F08:0001       		.long		0
               S01:0004E92A:  00 00 00 00
F08:0002       	
F08:0001       		.long		0
               S01:0004E92E:  00 00 00 00
F08:0002       	
F08:0001       		.long		0
               S01:0004E932:  00 00 00 00
F08:0002       	
F08:0001       		.long		0
               S01:0004E936:  00 00 00 00
F08:0002       	
F08:0001       		.long		0
               S01:0004E93A:  00 00 00 00
F08:0002       	
F08:0001       		.long		0
               S01:0004E93E:  00 00 00 00
F08:0002       	
F08:0001       		.long		0
               S01:0004E942:  00 00 00 00
F08:0002       	
F08:0001       		.long		0
               S01:0004E946:  00 00 00 00
F08:0002       	
F08:0001       		.long		0
               S01:0004E94A:  00 00 00 00
F08:0002       	
F08:0001       		.long		0
               S01:0004E94E:  00 00 00 00
F08:0002       	
F08:0001       		.long		0
               S01:0004E952:  00 00 00 00
F08:0002       	
F08:0001       		.long		0
               S01:0004E956:  00 00 00 00
F08:0002       	
F08:0001       		.long		0
               S01:0004E95A:  00 00 00 00
F08:0002       	
F08:0001       		.long		0
               S01:0004E95E:  00 00 00 00
F08:0002       	
F08:0001       		.long		0
               S01:0004E962:  00 00 00 00
F08:0002       	
F08:0001       		.long		0
               S01:0004E966:  00 00 00 00
F08:0002       	
F08:0001       		.long		0
               S01:0004E96A:  00 00 00 00
F08:0002       	
F08:0001       		.long		0
               S01:0004E96E:  00 00 00 00
F08:0002       	
F08:0001       		.long		0
               S01:0004E972:  00 00 00 00
F08:0002       	
F08:0001       		.long		0
               S01:0004E976:  00 00 00 00
F08:0002       	
F08:0001       		.long		0
               S01:0004E97A:  00 00 00 00
F08:0002       	
F08:0001       		.long		0
               S01:0004E97E:  00 00 00 00
F08:0002       	
F08:0001       		.long		0
               S01:0004E982:  00 00 00 00
F08:0002       	
F08:0001       		.long		0
               S01:0004E986:  00 00 00 00
F08:0002       	
F08:0001       		.long		0
               S01:0004E98A:  00 00 00 00
F08:0002       	
F08:0001       		.long		0
               S01:0004E98E:  00 00 00 00
F08:0002       	
F08:0001       		.long		0
               S01:0004E992:  00 00 00 00
F08:0002       	
F08:0001       		.long		0
               S01:0004E996:  00 00 00 00
F08:0002       	
F08:0001       		.long		0
               S01:0004E99A:  00 00 00 00
F08:0002       	
F08:0001       		.long		0
               S01:0004E99E:  00 00 00 00
F08:0002       	
F08:0001       		.long		0
               S01:0004E9A2:  00 00 00 00
F08:0002       	
F08:0001       		.long		0
               S01:0004E9A6:  00 00 00 00
F08:0002       	
F08:0001       		.long		0
               S01:0004E9AA:  00 00 00 00
F08:0002       	
F08:0001       		.long		0
               S01:0004E9AE:  00 00 00 00
F08:0002       	
F08:0001       		.long		0
               S01:0004E9B2:  00 00 00 00
F08:0002       	
F08:0001       		.long		0
               S01:0004E9B6:  00 00 00 00
F08:0002       	
F08:0001       		.long		0
               S01:0004E9BA:  00 00 00 00
F08:0002       	
F08:0001       		.long		0
               S01:0004E9BE:  00 00 00 00
F08:0002       	
F08:0001       		.long		0
               S01:0004E9C2:  00 00 00 00
F08:0002       	
F08:0001       		.long		0
               S01:0004E9C6:  00 00 00 00
F08:0002       	
F08:0001       		.long		0
               S01:0004E9CA:  00 00 00 00
F08:0002       	
F08:0001       		.long		0
               S01:0004E9CE:  00 00 00 00
F08:0002       	
F08:0001       		.long		0
               S01:0004E9D2:  00 00 00 00
F08:0002       	
F08:0001       		.long		0
               S01:0004E9D6:  00 00 00 00
F08:0002       	
F08:0001       		.long		0
               S01:0004E9DA:  00 00 00 00
F08:0002       	
F08:0001       		.long		0
               S01:0004E9DE:  00 00 00 00
F08:0002       	
F08:0001       		.long		0
               S01:0004E9E2:  00 00 00 00
F08:0002       	
F08:0001       		.long		0
               S01:0004E9E6:  00 00 00 00
F08:0002       	
F08:0001       		.long		0
               S01:0004E9EA:  00 00 00 00
F08:0002       	
F08:0001       		.long		0
               S01:0004E9EE:  00 00 00 00
F08:0002       	
F08:0001       		.long		0
               S01:0004E9F2:  00 00 00 00
F08:0002       	
F08:0001       		.long		0
               S01:0004E9F6:  00 00 00 00
F08:0002       	
F08:0001       		.long		0
               S01:0004E9FA:  00 00 00 00
F08:0002       	
F08:0001       		.long		0
               S01:0004E9FE:  00 00 00 00
F08:0002       	
F08:0001       		.long		0
               S01:0004EA02:  00 00 00 00
F08:0002       	
F08:0001       		.long		0
               S01:0004EA06:  00 00 00 00
F08:0002       	
F08:0001       		.long		0
               S01:0004EA0A:  00 00 00 00
F08:0002       	
F08:0001       		.long		0
               S01:0004EA0E:  00 00 00 00
F08:0002       	
F08:0001       		.long		0
               S01:0004EA12:  00 00 00 00
F08:0002       	
F08:0001       		.long		0
               S01:0004EA16:  00 00 00 00
F08:0002       	
F08:0001       		.long		0
               S01:0004EA1A:  00 00 00 00
F08:0002       	
F08:0001       		.long		0
               S01:0004EA1E:  00 00 00 00
F08:0002       	
F08:0001       		.long		0
               S01:0004EA22:  00 00 00 00
F08:0002       	
F08:0001       		.long		0
               S01:0004EA26:  00 00 00 00
F08:0002       	
F08:0001       		.long		0
               S01:0004EA2A:  00 00 00 00
F08:0002       	
F08:0001       		.long		0
               S01:0004EA2E:  00 00 00 00
F08:0002       	
F08:0001       		.long		0
               S01:0004EA32:  00 00 00 00
F08:0002       	
F08:0001       		.long		0
               S01:0004EA36:  00 00 00 00
F08:0002       	
F08:0001       		.long		0
               S01:0004EA3A:  00 00 00 00
F08:0002       	
F08:0001       		.long		0
               S01:0004EA3E:  00 00 00 00
F08:0002       	
F08:0001       		.long		0
               S01:0004EA42:  00 00 00 00
F08:0002       	
F08:0001       		.long		0
               S01:0004EA46:  00 00 00 00
F08:0002       	
F08:0001       		.long		0
               S01:0004EA4A:  00 00 00 00
F08:0002       	
F08:0001       		.long		0
               S01:0004EA4E:  00 00 00 00
F08:0002       	
F08:0001       		.long		0
               S01:0004EA52:  00 00 00 00
F08:0002       	
F08:0001       		.long		0
               S01:0004EA56:  00 00 00 00
F08:0002       	
F08:0001       		.long		0
               S01:0004EA5A:  00 00 00 00
F08:0002       	
F08:0001       		.long		0
               S01:0004EA5E:  00 00 00 00
F08:0002       	
F08:0001       		.long		0
               S01:0004EA62:  00 00 00 00
F08:0002       	
F08:0001       		.long		0
               S01:0004EA66:  00 00 00 00
F08:0002       	
F08:0001       		.long		0
               S01:0004EA6A:  00 00 00 00
F08:0002       	
F08:0001       		.long		0
               S01:0004EA6E:  00 00 00 00
F08:0002       	
F08:0001       		.long		0
               S01:0004EA72:  00 00 00 00
F08:0002       	
F08:0001       		.long		0
               S01:0004EA76:  00 00 00 00
F08:0002       	
F08:0001       		.long		0
               S01:0004EA7A:  00 00 00 00
F08:0002       	
F08:0001       		.long		0
               S01:0004EA7E:  00 00 00 00
F08:0002       	
F08:0001       		.long		0
               S01:0004EA82:  00 00 00 00
F08:0002       	
F08:0001       		.long		0
               S01:0004EA86:  00 00 00 00
F08:0002       	
F08:0001       		.long		0
               S01:0004EA8A:  00 00 00 00
F08:0002       	
F08:0001       		.long		0
               S01:0004EA8E:  00 00 00 00
F08:0002       	
F08:0001       		.long		0
               S01:0004EA92:  00 00 00 00
F08:0002       	
F08:0001       		.long		0
               S01:0004EA96:  00 00 00 00
F08:0002       	
F08:0001       		.long		0
               S01:0004EA9A:  00 00 00 00
F08:0002       	
F08:0001       		.long		0
               S01:0004EA9E:  00 00 00 00
F08:0002       	
F08:0001       		.long		0
               S01:0004EAA2:  00 00 00 00
F08:0002       	
F08:0001       		.long		0
               S01:0004EAA6:  00 00 00 00
F08:0002       	
F08:0001       		.long		0
               S01:0004EAAA:  00 00 00 00
F08:0002       	
F08:0001       		.long		0
               S01:0004EAAE:  00 00 00 00
F08:0002       	
F08:0001       		.long		0
               S01:0004EAB2:  00 00 00 00
F08:0002       	
F08:0001       		.long		0
               S01:0004EAB6:  00 00 00 00
F08:0002       	
F08:0001       		.long		0
               S01:0004EABA:  00 00 00 00
F08:0002       	
F08:0001       		.long		0
               S01:0004EABE:  00 00 00 00
F08:0002       	
F08:0001       		.long		0
               S01:0004EAC2:  00 00 00 00
F08:0002       	
F08:0001       		.long		0
               S01:0004EAC6:  00 00 00 00
F08:0002       	
F08:0001       		.long		0
               S01:0004EACA:  00 00 00 00
F08:0002       	
F08:0001       		.long		0
               S01:0004EACE:  00 00 00 00
F08:0002       	
F08:0001       		.long		0
               S01:0004EAD2:  00 00 00 00
F08:0002       	
F08:0001       		.long		0
               S01:0004EAD6:  00 00 00 00
F08:0002       	
F08:0001       		.long		0
               S01:0004EADA:  00 00 00 00
F08:0002       	
F08:0001       		.long		0
               S01:0004EADE:  00 00 00 00
F08:0002       	
F08:0001       		.long		0
               S01:0004EAE2:  00 00 00 00
F08:0002       	
F08:0001       		.long		0
               S01:0004EAE6:  00 00 00 00
F08:0002       	
F08:0001       		.long		0
               S01:0004EAEA:  00 00 00 00
F08:0002       	
F08:0001       		.long		0
               S01:0004EAEE:  00 00 00 00
F08:0002       	
F08:0001       		.long		0
               S01:0004EAF2:  00 00 00 00
F08:0002       	
F08:0001       		.long		0
               S01:0004EAF6:  00 00 00 00
F08:0002       	
F08:0001       		.long		0
               S01:0004EAFA:  00 00 00 00
F08:0002       	
F08:0001       		.long		0
               S01:0004EAFE:  00 00 00 00
F08:0002       	
F08:0001       		.long		0
               S01:0004EB02:  00 00 00 00
F08:0002       	
F08:0001       		.long		0
               S01:0004EB06:  00 00 00 00
F08:0002       	
F08:0001       		.long		0
               S01:0004EB0A:  00 00 00 00
F08:0002       	
F08:0001       		.long		0
               S01:0004EB0E:  00 00 00 00
F08:0002       	
F08:0001       		.long		0
               S01:0004EB12:  00 00 00 00
F08:0002       	
F08:0001       		.long		0
               S01:0004EB16:  00 00 00 00
F08:0002       	
F08:0001       		.long		0
               S01:0004EB1A:  00 00 00 00
F08:0002       	
F08:0001       		.long		0
               S01:0004EB1E:  00 00 00 00
F08:0002       	
F08:0001       		.long		0
               S01:0004EB22:  00 00 00 00
F08:0002       	
F08:0001       		.long		0
               S01:0004EB26:  00 00 00 00
F08:0002       	
F08:0001       		.long		0
               S01:0004EB2A:  00 00 00 00
F08:0002       	
F08:0001       		.long		0
               S01:0004EB2E:  00 00 00 00
F08:0002       	
F08:0001       		.long		0
               S01:0004EB32:  00 00 00 00
F08:0002       	
F08:0001       		.long		0
               S01:0004EB36:  00 00 00 00
F08:0002       	
F08:0001       		.long		0
               S01:0004EB3A:  00 00 00 00
F08:0002       	
F08:0001       		.long		0
               S01:0004EB3E:  00 00 00 00
F08:0002       	
F08:0001       		.long		0
               S01:0004EB42:  00 00 00 00
F08:0002       	
F08:0001       		.long		0
               S01:0004EB46:  00 00 00 00
F08:0002       	
F08:0001       		.long		0
               S01:0004EB4A:  00 00 00 00
F08:0002       	
F08:0001       		.long		0
               S01:0004EB4E:  00 00 00 00
F08:0002       	
F08:0001       		.long		0
               S01:0004EB52:  00 00 00 00
F08:0002       	
F08:0001       		.long		0
               S01:0004EB56:  00 00 00 00
F08:0002       	
F08:0001       		.long		0
               S01:0004EB5A:  00 00 00 00
F08:0002       	
F08:0001       		.long		0
               S01:0004EB5E:  00 00 00 00
F08:0002       	
F08:0001       		.long		0
               S01:0004EB62:  00 00 00 00
F08:0002       	
F08:0001       		.long		0
               S01:0004EB66:  00 00 00 00
F08:0002       	
F08:0001       		.long		0
               S01:0004EB6A:  00 00 00 00
F08:0002       	
F08:0001       		.long		0
               S01:0004EB6E:  00 00 00 00
F08:0002       	
F08:0001       		.long		0
               S01:0004EB72:  00 00 00 00
F08:0002       	
F08:0001       		.long		0
               S01:0004EB76:  00 00 00 00
F08:0002       	
F08:0001       		.long		0
               S01:0004EB7A:  00 00 00 00
F08:0002       	
F08:0001       		.long		0
               S01:0004EB7E:  00 00 00 00
F08:0002       	
F08:0001       		.long		0
               S01:0004EB82:  00 00 00 00
F08:0002       	
F08:0001       		.long		0
               S01:0004EB86:  00 00 00 00
F08:0002       	
F08:0001       		.long		0
               S01:0004EB8A:  00 00 00 00
F08:0002       	
F08:0001       		.long		0
               S01:0004EB8E:  00 00 00 00
F08:0002       	
F08:0001       		.long		0
               S01:0004EB92:  00 00 00 00
F08:0002       	
F08:0001       		.long		0
               S01:0004EB96:  00 00 00 00
F08:0002       	
F08:0001       		.long		0
               S01:0004EB9A:  00 00 00 00
F08:0002       	
F08:0001       		.long		0
               S01:0004EB9E:  00 00 00 00
F08:0002       	
F08:0001       		.long		0
               S01:0004EBA2:  00 00 00 00
F08:0002       	
F08:0001       		.long		0
               S01:0004EBA6:  00 00 00 00
F08:0002       	
F08:0001       		.long		0
               S01:0004EBAA:  00 00 00 00
F08:0002       	
F08:0001       		.long		0
               S01:0004EBAE:  00 00 00 00
F08:0002       	
F08:0001       		.long		0
               S01:0004EBB2:  00 00 00 00
F08:0002       	
F08:0001       		.long		0
               S01:0004EBB6:  00 00 00 00
F08:0002       	
F08:0001       		.long		0
               S01:0004EBBA:  00 00 00 00
F08:0002       	
F08:0001       		.long		0
               S01:0004EBBE:  00 00 00 00
F08:0002       	
F08:0001       		.long		0
               S01:0004EBC2:  00 00 00 00
F08:0002       	
F08:0001       		.long		0
               S01:0004EBC6:  00 00 00 00
F08:0002       	
F08:0001       		.long		0
               S01:0004EBCA:  00 00 00 00
F08:0002       	
F08:0001       		.long		0
               S01:0004EBCE:  00 00 00 00
F08:0002       	
F08:0001       		.long		0
               S01:0004EBD2:  00 00 00 00
F08:0002       	
F08:0001       		.long		0
               S01:0004EBD6:  00 00 00 00
F08:0002       	
F08:0001       		.long		0
               S01:0004EBDA:  00 00 00 00
F08:0002       	
F08:0001       		.long		0
               S01:0004EBDE:  00 00 00 00
F08:0002       	
F08:0001       		.long		0
               S01:0004EBE2:  00 00 00 00
F08:0002       	
F08:0001       		.long		0
               S01:0004EBE6:  00 00 00 00
F08:0002       	
F08:0001       		.long		0
               S01:0004EBEA:  00 00 00 00
F08:0002       	
F08:0001       		.long		0
               S01:0004EBEE:  00 00 00 00
F08:0002       	
F08:0001       		.long		0
               S01:0004EBF2:  00 00 00 00
F08:0002       	
F08:0001       		.long		0
               S01:0004EBF6:  00 00 00 00
F08:0002       	
F08:0001       		.long		0
               S01:0004EBFA:  00 00 00 00
F08:0002       	
F08:0001       		.long		0
               S01:0004EBFE:  00 00 00 00
F08:0002       	
F08:0001       		.long		0
               S01:0004EC02:  00 00 00 00
F08:0002       	
F08:0001       		.long		0
               S01:0004EC06:  00 00 00 00
F08:0002       	
F08:0001       		.long		0
               S01:0004EC0A:  00 00 00 00
F08:0002       	
F08:0001       		.long		0
               S01:0004EC0E:  00 00 00 00
F08:0002       	
F08:0001       		.long		0
               S01:0004EC12:  00 00 00 00
F08:0002       	
F08:0001       		.long		0
               S01:0004EC16:  00 00 00 00
F08:0002       	
F08:0001       		.long		0
               S01:0004EC1A:  00 00 00 00
F08:0002       	
F08:0001       		.long		0
               S01:0004EC1E:  00 00 00 00
F08:0002       	
F08:0001       		.long		0
               S01:0004EC22:  00 00 00 00
F08:0002       	
F08:0001       		.long		0
               S01:0004EC26:  00 00 00 00
F08:0002       	
F08:0001       		.long		0
               S01:0004EC2A:  00 00 00 00
F08:0002       	
F08:0001       		.long		0
               S01:0004EC2E:  00 00 00 00
F08:0002       	
F08:0001       		.long		0
               S01:0004EC32:  00 00 00 00
F08:0002       	
F08:0001       		.long		0
               S01:0004EC36:  00 00 00 00
F08:0002       	
F08:0001       		.long		0
               S01:0004EC3A:  00 00 00 00
F08:0002       	
F08:0001       		.long		0
               S01:0004EC3E:  00 00 00 00
F08:0002       	
F08:0001       		.long		0
               S01:0004EC42:  00 00 00 00
F08:0002       	
F08:0001       		.long		0
               S01:0004EC46:  00 00 00 00
F08:0002       	
F08:0001       		.long		0
               S01:0004EC4A:  00 00 00 00
F08:0002       	
F08:0001       		.long		0
               S01:0004EC4E:  00 00 00 00
F08:0002       	
F08:0001       		.long		0
               S01:0004EC52:  00 00 00 00
F08:0002       	
F08:0001       		.long		0
               S01:0004EC56:  00 00 00 00
F08:0002       	
F08:0001       		.long		0
               S01:0004EC5A:  00 00 00 00
F08:0002       	
F08:0001       		.long		0
               S01:0004EC5E:  00 00 00 00
F08:0002       	
F08:0001       		.long		0
               S01:0004EC62:  00 00 00 00
F08:0002       	
F08:0001       		.long		0
               S01:0004EC66:  00 00 00 00
F08:0002       	
F08:0001       		.long		0
               S01:0004EC6A:  00 00 00 00
F08:0002       	
F08:0001       		.long		0
               S01:0004EC6E:  00 00 00 00
F08:0002       	
F08:0001       		.long		0
               S01:0004EC72:  00 00 00 00
F08:0002       	
F08:0001       		.long		0
               S01:0004EC76:  00 00 00 00
F08:0002       	
F08:0001       		.long		0
               S01:0004EC7A:  00 00 00 00
F08:0002       	
F08:0001       		.long		0
               S01:0004EC7E:  00 00 00 00
F08:0002       	
F08:0001       		.long		0
               S01:0004EC82:  00 00 00 00
F08:0002       	
F08:0001       		.long		0
               S01:0004EC86:  00 00 00 00
F08:0002       	
F08:0001       		.long		0
               S01:0004EC8A:  00 00 00 00
F08:0002       	
F08:0001       		.long		0
               S01:0004EC8E:  00 00 00 00
F08:0002       	
F08:0001       		.long		0
               S01:0004EC92:  00 00 00 00
F08:0002       	
F08:0001       		.long		0
               S01:0004EC96:  00 00 00 00
F08:0002       	
F08:0001       		.long		0
               S01:0004EC9A:  00 00 00 00
F08:0002       	
F08:0001       		.long		0
               S01:0004EC9E:  00 00 00 00
F08:0002       	
F08:0001       		.long		0
               S01:0004ECA2:  00 00 00 00
F08:0002       	
F08:0001       		.long		0
               S01:0004ECA6:  00 00 00 00
F08:0002       	
F08:0001       		.long		0
               S01:0004ECAA:  00 00 00 00
F08:0002       	
F08:0001       		.long		0
               S01:0004ECAE:  00 00 00 00
F08:0002       	
F08:0001       		.long		0
               S01:0004ECB2:  00 00 00 00
F08:0002       	
F08:0001       		.long		0
               S01:0004ECB6:  00 00 00 00
F08:0002       	
F08:0001       		.long		0
               S01:0004ECBA:  00 00 00 00
F08:0002       	
F08:0001       		.long		0
               S01:0004ECBE:  00 00 00 00
F08:0002       	
F08:0001       		.long		0
               S01:0004ECC2:  00 00 00 00
F08:0002       	
F08:0001       		.long		0
               S01:0004ECC6:  00 00 00 00
F08:0002       	
F08:0001       		.long		0
               S01:0004ECCA:  00 00 00 00
F08:0002       	
F08:0001       		.long		0
               S01:0004ECCE:  00 00 00 00
F08:0002       	
F08:0001       		.long		0
               S01:0004ECD2:  00 00 00 00
F08:0002       	
F08:0001       		.long		0
               S01:0004ECD6:  00 00 00 00
F08:0002       	
F08:0001       		.long		0
               S01:0004ECDA:  00 00 00 00
F08:0002       	
F08:0001       		.long		0
               S01:0004ECDE:  00 00 00 00
F08:0002       	
F08:0001       		.long		0
               S01:0004ECE2:  00 00 00 00
F08:0002       	
F08:0001       		.long		0
               S01:0004ECE6:  00 00 00 00
F08:0002       	
F08:0001       		.long		0
               S01:0004ECEA:  00 00 00 00
F08:0002       	
F08:0001       		.long		0
               S01:0004ECEE:  00 00 00 00
F08:0002       	
F08:0001       		.long		0
               S01:0004ECF2:  00 00 00 00
F08:0002       	
F08:0001       		.long		0
               S01:0004ECF6:  00 00 00 00
F08:0002       	
F08:0001       		.long		0
               S01:0004ECFA:  00 00 00 00
F08:0002       	
F08:0001       		.long		0
               S01:0004ECFE:  00 00 00 00
F08:0002       	
F08:0001       		.long		0
               S01:0004ED02:  00 00 00 00
F08:0002       	
F08:0001       		.long		0
               S01:0004ED06:  00 00 00 00
F08:0002       	
F08:0001       		.long		0
               S01:0004ED0A:  00 00 00 00
F08:0002       	
F08:0001       		.long		0
               S01:0004ED0E:  00 00 00 00
F08:0002       	
F08:0001       		.long		0
               S01:0004ED12:  00 00 00 00
F08:0002       	
F08:0001       		.long		0
               S01:0004ED16:  00 00 00 00
F08:0002       	
F08:0001       		.long		0
               S01:0004ED1A:  00 00 00 00
F08:0002       	
F08:0001       		.long		0
               S01:0004ED1E:  00 00 00 00
F08:0002       	
F08:0001       		.long		0
               S01:0004ED22:  00 00 00 00
F08:0002       	
F08:0001       		.long		0
               S01:0004ED26:  00 00 00 00
F08:0002       	
F08:0001       		.long		0
               S01:0004ED2A:  00 00 00 00
F08:0002       	
F08:0001       		.long		0
               S01:0004ED2E:  00 00 00 00
F08:0002       	
F08:0001       		.long		0
               S01:0004ED32:  00 00 00 00
F08:0002       	
F08:0001       		.long		0
               S01:0004ED36:  00 00 00 00
F08:0002       	
F08:0001       		.long		0
               S01:0004ED3A:  00 00 00 00
F08:0002       	
F08:0001       		.long		0
               S01:0004ED3E:  00 00 00 00
F08:0002       	
F08:0001       		.long		0
               S01:0004ED42:  00 00 00 00
F08:0002       	
F08:0001       		.long		0
               S01:0004ED46:  00 00 00 00
F08:0002       	
F08:0001       		.long		0
               S01:0004ED4A:  00 00 00 00
F08:0002       	
F08:0001       		.long		0
               S01:0004ED4E:  00 00 00 00
F08:0002       	
F08:0001       		.long		0
               S01:0004ED52:  00 00 00 00
F08:0002       	
F08:0001       		.long		0
               S01:0004ED56:  00 00 00 00
F08:0002       	
F08:0001       		.long		0
               S01:0004ED5A:  00 00 00 00
F08:0002       	
F08:0001       		.long		0
               S01:0004ED5E:  00 00 00 00
F08:0002       	
F08:0001       		.long		0
               S01:0004ED62:  00 00 00 00
F08:0002       	
F08:0001       		.long		0
               S01:0004ED66:  00 00 00 00
F08:0002       	
F08:0001       		.long		0
               S01:0004ED6A:  00 00 00 00
F08:0002       	
F08:0001       		.long		0
               S01:0004ED6E:  00 00 00 00
F08:0002       	
F08:0001       		.long		0
               S01:0004ED72:  00 00 00 00
F08:0002       	
F08:0001       		.long		0
               S01:0004ED76:  00 00 00 00
F08:0002       	
F08:0001       		.long		0
               S01:0004ED7A:  00 00 00 00
F08:0002       	
F08:0001       		.long		0
               S01:0004ED7E:  00 00 00 00
F08:0002       	
F08:0001       		.long		0
               S01:0004ED82:  00 00 00 00
F08:0002       	
F08:0001       		.long		0
               S01:0004ED86:  00 00 00 00
F08:0002       	
F08:0001       		.long		0
               S01:0004ED8A:  00 00 00 00
F08:0002       	
F08:0001       		.long		0
               S01:0004ED8E:  00 00 00 00
F08:0002       	
F08:0001       		.long		0
               S01:0004ED92:  00 00 00 00
F08:0002       	
F08:0001       		.long		0
               S01:0004ED96:  00 00 00 00
F08:0002       	
F08:0001       		.long		0
               S01:0004ED9A:  00 00 00 00
F08:0002       	
F08:0001       		.long		0
               S01:0004ED9E:  00 00 00 00
F08:0002       	
F08:0001       		.long		0
               S01:0004EDA2:  00 00 00 00
F08:0002       	
F08:0001       		.long		0
               S01:0004EDA6:  00 00 00 00
F08:0002       	
F08:0001       		.long		0
               S01:0004EDAA:  00 00 00 00
F08:0002       	
F08:0001       		.long		0
               S01:0004EDAE:  00 00 00 00
F08:0002       	
F08:0001       		.long		0
               S01:0004EDB2:  00 00 00 00
F08:0002       	
F08:0001       		.long		0
               S01:0004EDB6:  00 00 00 00
F08:0002       	
F08:0001       		.long		0
               S01:0004EDBA:  00 00 00 00
F08:0002       	
F08:0001       		.long		0
               S01:0004EDBE:  00 00 00 00
F08:0002       	
F08:0001       		.long		0
               S01:0004EDC2:  00 00 00 00
F08:0002       	
F08:0001       		.long		0
               S01:0004EDC6:  00 00 00 00
F08:0002       	
F08:0001       		.long		0
               S01:0004EDCA:  00 00 00 00
F08:0002       	
F08:0001       		.long		0
               S01:0004EDCE:  00 00 00 00
F08:0002       	
F08:0001       		.long		0
               S01:0004EDD2:  00 00 00 00
F08:0002       	
F08:0001       		.long		0
               S01:0004EDD6:  00 00 00 00
F08:0002       	
F08:0001       		.long		0
               S01:0004EDDA:  00 00 00 00
F08:0002       	
F08:0001       		.long		0
               S01:0004EDDE:  00 00 00 00
F08:0002       	
F08:0001       		.long		0
               S01:0004EDE2:  00 00 00 00
F08:0002       	
F08:0001       		.long		0
               S01:0004EDE6:  00 00 00 00
F08:0002       	
F08:0001       		.long		0
               S01:0004EDEA:  00 00 00 00
F08:0002       	
F08:0001       		.long		0
               S01:0004EDEE:  00 00 00 00
F08:0002       	
F08:0001       		.long		0
               S01:0004EDF2:  00 00 00 00
F08:0002       	
F08:0001       		.long		0
               S01:0004EDF6:  00 00 00 00
F08:0002       	
F08:0001       		.long		0
               S01:0004EDFA:  00 00 00 00
F08:0002       	
F08:0001       		.long		0
               S01:0004EDFE:  00 00 00 00
F08:0002       	
F08:0001       		.long		0
               S01:0004EE02:  00 00 00 00
F08:0002       	
F08:0001       		.long		0
               S01:0004EE06:  00 00 00 00
F08:0002       	
F08:0001       		.long		0
               S01:0004EE0A:  00 00 00 00
F08:0002       	
F08:0001       		.long		0
               S01:0004EE0E:  00 00 00 00
F08:0002       	
F08:0001       		.long		0
               S01:0004EE12:  00 00 00 00
F08:0002       	
F08:0001       		.long		0
               S01:0004EE16:  00 00 00 00
F08:0002       	
F08:0001       		.long		0
               S01:0004EE1A:  00 00 00 00
F08:0002       	
F08:0001       		.long		0
               S01:0004EE1E:  00 00 00 00
F08:0002       	
F08:0001       		.long		0
               S01:0004EE22:  00 00 00 00
F08:0002       	
F08:0001       		.long		0
               S01:0004EE26:  00 00 00 00
F08:0002       	
F08:0001       		.long		0
               S01:0004EE2A:  00 00 00 00
F08:0002       	
F08:0001       		.long		0
               S01:0004EE2E:  00 00 00 00
F08:0002       	
F08:0001       		.long		0
               S01:0004EE32:  00 00 00 00
F08:0002       	
F08:0001       		.long		0
               S01:0004EE36:  00 00 00 00
F08:0002       	
F08:0001       		.long		0
               S01:0004EE3A:  00 00 00 00
F08:0002       	
F08:0001       		.long		0
               S01:0004EE3E:  00 00 00 00
F08:0002       	
F08:0001       		.long		0
               S01:0004EE42:  00 00 00 00
F08:0002       	
F08:0001       		.long		0
               S01:0004EE46:  00 00 00 00
F08:0002       	
F08:0001       		.long		0
               S01:0004EE4A:  00 00 00 00
F08:0002       	
F08:0001       		.long		0
               S01:0004EE4E:  00 00 00 00
F08:0002       	
F08:0001       		.long		0
               S01:0004EE52:  00 00 00 00
F08:0002       	
F08:0001       		.long		0
               S01:0004EE56:  00 00 00 00
F08:0002       	
F08:0001       		.long		0
               S01:0004EE5A:  00 00 00 00
F08:0002       	
F08:0001       		.long		0
               S01:0004EE5E:  00 00 00 00
F08:0002       	
F08:0001       		.long		0
               S01:0004EE62:  00 00 00 00
F08:0002       	
F08:0001       		.long		0
               S01:0004EE66:  00 00 00 00
F08:0002       	
F08:0001       		.long		0
               S01:0004EE6A:  00 00 00 00
F08:0002       	
F08:0001       		.long		0
               S01:0004EE6E:  00 00 00 00
F08:0002       	
F08:0001       		.long		0
               S01:0004EE72:  00 00 00 00
F08:0002       	
F08:0001       		.long		0
               S01:0004EE76:  00 00 00 00
F08:0002       	
F08:0001       		.long		0
               S01:0004EE7A:  00 00 00 00
F08:0002       	
F08:0001       		.long		0
               S01:0004EE7E:  00 00 00 00
F08:0002       	
F08:0001       		.long		0
               S01:0004EE82:  00 00 00 00
F08:0002       	
F08:0001       		.long		0
               S01:0004EE86:  00 00 00 00
F08:0002       	
F08:0001       		.long		0
               S01:0004EE8A:  00 00 00 00
F08:0002       	
F08:0001       		.long		0
               S01:0004EE8E:  00 00 00 00
F08:0002       	
F08:0001       		.long		0
               S01:0004EE92:  00 00 00 00
F08:0002       	
F08:0001       		.long		0
               S01:0004EE96:  00 00 00 00
F08:0002       	
F08:0001       		.long		0
               S01:0004EE9A:  00 00 00 00
F08:0002       	
F08:0001       		.long		0
               S01:0004EE9E:  00 00 00 00
F08:0002       	
F08:0001       		.long		0
               S01:0004EEA2:  00 00 00 00
F08:0002       	
F08:0001       		.long		0
               S01:0004EEA6:  00 00 00 00
F08:0002       	
F08:0001       		.long		0
               S01:0004EEAA:  00 00 00 00
F08:0002       	
F08:0001       		.long		0
               S01:0004EEAE:  00 00 00 00
F08:0002       	
F08:0001       		.long		0
               S01:0004EEB2:  00 00 00 00
F08:0002       	
F08:0001       		.long		0
               S01:0004EEB6:  00 00 00 00
F08:0002       	
F08:0001       		.long		0
               S01:0004EEBA:  00 00 00 00
F08:0002       	
F08:0001       		.long		0
               S01:0004EEBE:  00 00 00 00
F08:0002       	
F08:0001       		.long		0
               S01:0004EEC2:  00 00 00 00
F08:0002       	
F08:0001       		.long		0
               S01:0004EEC6:  00 00 00 00
F08:0002       	
F08:0001       		.long		0
               S01:0004EECA:  00 00 00 00
F08:0002       	
F08:0001       		.long		0
               S01:0004EECE:  00 00 00 00
F08:0002       	
F08:0001       		.long		0
               S01:0004EED2:  00 00 00 00
F08:0002       	
F08:0001       		.long		0
               S01:0004EED6:  00 00 00 00
F08:0002       	
F08:0001       		.long		0
               S01:0004EEDA:  00 00 00 00
F08:0002       	
F08:0001       		.long		0
               S01:0004EEDE:  00 00 00 00
F08:0002       	
F08:0001       		.long		0
               S01:0004EEE2:  00 00 00 00
F08:0002       	
F08:0001       		.long		0
               S01:0004EEE6:  00 00 00 00
F08:0002       	
F08:0001       		.long		0
               S01:0004EEEA:  00 00 00 00
F08:0002       	
F08:0001       		.long		0
               S01:0004EEEE:  00 00 00 00
F08:0002       	
F08:0001       		.long		0
               S01:0004EEF2:  00 00 00 00
F08:0002       	
F08:0001       		.long		0
               S01:0004EEF6:  00 00 00 00
F08:0002       	
F08:0001       		.long		0
               S01:0004EEFA:  00 00 00 00
F08:0002       	
F08:0001       		.long		0
               S01:0004EEFE:  00 00 00 00
F08:0002       	
F08:0001       		.long		0
               S01:0004EF02:  00 00 00 00
F08:0002       	
F08:0001       		.long		0
               S01:0004EF06:  00 00 00 00
F08:0002       	
F08:0001       		.long		0
               S01:0004EF0A:  00 00 00 00
F08:0002       	
F08:0001       		.long		0
               S01:0004EF0E:  00 00 00 00
F08:0002       	
F08:0001       		.long		0
               S01:0004EF12:  00 00 00 00
F08:0002       	
F08:0001       		.long		0
               S01:0004EF16:  00 00 00 00
F08:0002       	
F08:0001       		.long		0
               S01:0004EF1A:  00 00 00 00
F08:0002       	
F08:0001       		.long		0
               S01:0004EF1E:  00 00 00 00
F08:0002       	
F08:0001       		.long		0
               S01:0004EF22:  00 00 00 00
F08:0002       	
F08:0001       		.long		0
               S01:0004EF26:  00 00 00 00
F08:0002       	
F08:0001       		.long		0
               S01:0004EF2A:  00 00 00 00
F08:0002       	
F08:0001       		.long		0
               S01:0004EF2E:  00 00 00 00
F08:0002       	
F08:0001       		.long		0
               S01:0004EF32:  00 00 00 00
F08:0002       	
F08:0001       		.long		0
               S01:0004EF36:  00 00 00 00
F08:0002       	
F08:0001       		.long		0
               S01:0004EF3A:  00 00 00 00
F08:0002       	
F08:0001       		.long		0
               S01:0004EF3E:  00 00 00 00
F08:0002       	
F08:0001       		.long		0
               S01:0004EF42:  00 00 00 00
F08:0002       	
F08:0001       		.long		0
               S01:0004EF46:  00 00 00 00
F08:0002       	
F08:0001       		.long		0
               S01:0004EF4A:  00 00 00 00
F08:0002       	
F08:0001       		.long		0
               S01:0004EF4E:  00 00 00 00
F08:0002       	
F08:0001       		.long		0
               S01:0004EF52:  00 00 00 00
F08:0002       	
F08:0001       		.long		0
               S01:0004EF56:  00 00 00 00
F08:0002       	
F08:0001       		.long		0
               S01:0004EF5A:  00 00 00 00
F08:0002       	
F08:0001       		.long		0
               S01:0004EF5E:  00 00 00 00
F08:0002       	
F08:0001       		.long		0
               S01:0004EF62:  00 00 00 00
F08:0002       	
F08:0001       		.long		0
               S01:0004EF66:  00 00 00 00
F08:0002       	
F08:0001       		.long		0
               S01:0004EF6A:  00 00 00 00
F08:0002       	
F08:0001       		.long		0
               S01:0004EF6E:  00 00 00 00
F08:0002       	
F08:0001       		.long		0
               S01:0004EF72:  00 00 00 00
F08:0002       	
F08:0001       		.long		0
               S01:0004EF76:  00 00 00 00
F08:0002       	
F08:0001       		.long		0
               S01:0004EF7A:  00 00 00 00
F08:0002       	
F08:0001       		.long		0
               S01:0004EF7E:  00 00 00 00
F08:0002       	
F08:0001       		.long		0
               S01:0004EF82:  00 00 00 00
F08:0002       	
F08:0001       		.long		0
               S01:0004EF86:  00 00 00 00
F08:0002       	
F08:0001       		.long		0
               S01:0004EF8A:  00 00 00 00
F08:0002       	
F08:0001       		.long		0
               S01:0004EF8E:  00 00 00 00
F08:0002       	
F08:0001       		.long		0
               S01:0004EF92:  00 00 00 00
F08:0002       	
F08:0001       		.long		0
               S01:0004EF96:  00 00 00 00
F08:0002       	
F08:0001       		.long		0
               S01:0004EF9A:  00 00 00 00
F08:0002       	
F08:0001       		.long		0
               S01:0004EF9E:  00 00 00 00
F08:0002       	
F08:0001       		.long		0
               S01:0004EFA2:  00 00 00 00
F08:0002       	
F08:0001       		.long		0
               S01:0004EFA6:  00 00 00 00
F08:0002       	
F08:0001       		.long		0
               S01:0004EFAA:  00 00 00 00
F08:0002       	
F08:0001       		.long		0
               S01:0004EFAE:  00 00 00 00
F08:0002       	
F08:0001       		.long		0
               S01:0004EFB2:  00 00 00 00
F08:0002       	
F08:0001       		.long		0
               S01:0004EFB6:  00 00 00 00
F08:0002       	
F08:0001       		.long		0
               S01:0004EFBA:  00 00 00 00
F08:0002       	
F08:0001       		.long		0
               S01:0004EFBE:  00 00 00 00
F08:0002       	
F08:0001       		.long		0
               S01:0004EFC2:  00 00 00 00
F08:0002       	
F08:0001       		.long		0
               S01:0004EFC6:  00 00 00 00
F08:0002       	
F08:0001       		.long		0
               S01:0004EFCA:  00 00 00 00
F08:0002       	
F08:0001       		.long		0
               S01:0004EFCE:  00 00 00 00
F08:0002       	
F08:0001       		.long		0
               S01:0004EFD2:  00 00 00 00
F08:0002       	
F08:0001       		.long		0
               S01:0004EFD6:  00 00 00 00
F08:0002       	
F08:0001       		.long		0
               S01:0004EFDA:  00 00 00 00
F08:0002       	
F08:0001       		.long		0
               S01:0004EFDE:  00 00 00 00
F08:0002       	
F08:0001       		.long		0
               S01:0004EFE2:  00 00 00 00
F08:0002       	
F08:0001       		.long		0
               S01:0004EFE6:  00 00 00 00
F08:0002       	
F08:0001       		.long		0
               S01:0004EFEA:  00 00 00 00
F08:0002       	
F08:0001       		.long		0
               S01:0004EFEE:  00 00 00 00
F08:0002       	
F08:0001       		.long		0
               S01:0004EFF2:  00 00 00 00
F08:0002       	
F08:0001       		.long		0
               S01:0004EFF6:  00 00 00 00
F08:0002       	
F08:0001       		.long		0
               S01:0004EFFA:  00 00 00 00
F08:0002       	
F08:0001       		.long		0
               S01:0004EFFE:  00 00 00 00
F08:0002       	
F08:0001       		.long		0
               S01:0004F002:  00 00 00 00
F08:0002       	
F08:0001       		.long		0
               S01:0004F006:  00 00 00 00
F08:0002       	
F08:0001       		.long		0
               S01:0004F00A:  00 00 00 00
F08:0002       	
F08:0001       		.long		0
               S01:0004F00E:  00 00 00 00
F08:0002       	
F08:0001       		.long		0
               S01:0004F012:  00 00 00 00
F08:0002       	
F08:0001       		.long		0
               S01:0004F016:  00 00 00 00
F08:0002       	
F08:0001       		.long		0
               S01:0004F01A:  00 00 00 00
F08:0002       	
F08:0001       		.long		0
               S01:0004F01E:  00 00 00 00
F08:0002       	
F08:0001       		.long		0
               S01:0004F022:  00 00 00 00
F08:0002       	
F08:0001       		.long		0
               S01:0004F026:  00 00 00 00
F08:0002       	
F08:0001       		.long		0
               S01:0004F02A:  00 00 00 00
F08:0002       	
F08:0001       		.long		0
               S01:0004F02E:  00 00 00 00
F08:0002       	
F08:0001       		.long		0
               S01:0004F032:  00 00 00 00
F08:0002       	
F08:0001       		.long		0
               S01:0004F036:  00 00 00 00
F08:0002       	
F08:0001       		.long		0
               S01:0004F03A:  00 00 00 00
F08:0002       	
F08:0001       		.long		0
               S01:0004F03E:  00 00 00 00
F08:0002       	
F08:0001       		.long		0
               S01:0004F042:  00 00 00 00
F08:0002       	
F08:0001       		.long		0
               S01:0004F046:  00 00 00 00
F08:0002       	
F08:0001       		.long		0
               S01:0004F04A:  00 00 00 00
F08:0002       	
F08:0001       		.long		0
               S01:0004F04E:  00 00 00 00
F08:0002       	
F08:0001       		.long		0
               S01:0004F052:  00 00 00 00
F08:0002       	
F08:0001       		.long		0
               S01:0004F056:  00 00 00 00
F08:0002       	
F08:0001       		.long		0
               S01:0004F05A:  00 00 00 00
F08:0002       	
F08:0001       		.long		0
               S01:0004F05E:  00 00 00 00
F08:0002       	
F08:0001       		.long		0
               S01:0004F062:  00 00 00 00
F08:0002       	
F08:0001       		.long		0
               S01:0004F066:  00 00 00 00
F08:0002       	
F08:0001       		.long		0
               S01:0004F06A:  00 00 00 00
F08:0002       	
F08:0001       		.long		0
               S01:0004F06E:  00 00 00 00
F08:0002       	
F08:0001       		.long		0
               S01:0004F072:  00 00 00 00
F08:0002       	
F08:0001       		.long		0
               S01:0004F076:  00 00 00 00
F08:0002       	
F08:0001       		.long		0
               S01:0004F07A:  00 00 00 00
F08:0002       	
F08:0001       		.long		0
               S01:0004F07E:  00 00 00 00
F08:0002       	
F08:0001       		.long		0
               S01:0004F082:  00 00 00 00
F08:0002       	
F08:0001       		.long		0
               S01:0004F086:  00 00 00 00
F08:0002       	
F08:0001       		.long		0
               S01:0004F08A:  00 00 00 00
F08:0002       	
F08:0001       		.long		0
               S01:0004F08E:  00 00 00 00
F08:0002       	
F08:0001       		.long		0
               S01:0004F092:  00 00 00 00
F08:0002       	
F08:0001       		.long		0
               S01:0004F096:  00 00 00 00
F08:0002       	
F08:0001       		.long		0
               S01:0004F09A:  00 00 00 00
F08:0002       	
F08:0001       		.long		0
               S01:0004F09E:  00 00 00 00
F08:0002       	
F08:0001       		.long		0
               S01:0004F0A2:  00 00 00 00
F08:0002       	
F08:0001       		.long		0
               S01:0004F0A6:  00 00 00 00
F08:0002       	
F08:0001       		.long		0
               S01:0004F0AA:  00 00 00 00
F08:0002       	
F08:0001       		.long		0
               S01:0004F0AE:  00 00 00 00
F08:0002       	
F08:0001       		.long		0
               S01:0004F0B2:  00 00 00 00
F08:0002       	
F08:0001       		.long		0
               S01:0004F0B6:  00 00 00 00
F08:0002       	
F08:0001       		.long		0
               S01:0004F0BA:  00 00 00 00
F08:0002       	
F08:0001       		.long		0
               S01:0004F0BE:  00 00 00 00
F08:0002       	
F08:0001       		.long		0
               S01:0004F0C2:  00 00 00 00
F08:0002       	
F08:0001       		.long		0
               S01:0004F0C6:  00 00 00 00
F08:0002       	
F08:0001       		.long		0
               S01:0004F0CA:  00 00 00 00
F08:0002       	
F08:0001       		.long		0
               S01:0004F0CE:  00 00 00 00
F08:0002       	
F08:0001       		.long		0
               S01:0004F0D2:  00 00 00 00
F08:0002       	
F08:0001       		.long		0
               S01:0004F0D6:  00 00 00 00
F08:0002       	
F08:0001       		.long		0
               S01:0004F0DA:  00 00 00 00
F08:0002       	
F08:0001       		.long		0
               S01:0004F0DE:  00 00 00 00
F08:0002       	
F08:0001       		.long		0
               S01:0004F0E2:  00 00 00 00
F08:0002       	
F08:0001       		.long		0
               S01:0004F0E6:  00 00 00 00
F08:0002       	
F08:0001       		.long		0
               S01:0004F0EA:  00 00 00 00
F08:0002       	
F08:0001       		.long		0
               S01:0004F0EE:  00 00 00 00
F08:0002       	
F08:0001       		.long		0
               S01:0004F0F2:  00 00 00 00
F08:0002       	
F08:0001       		.long		0
               S01:0004F0F6:  00 00 00 00
F08:0002       	
F08:0001       		.long		0
               S01:0004F0FA:  00 00 00 00
F08:0002       	
F08:0001       		.long		0
               S01:0004F0FE:  00 00 00 00
F08:0002       	
F08:0001       		.long		0
               S01:0004F102:  00 00 00 00
F08:0002       	
F08:0001       		.long		0
               S01:0004F106:  00 00 00 00
F08:0002       	
F08:0001       		.long		0
               S01:0004F10A:  00 00 00 00
F08:0002       	
F08:0001       		.long		0
               S01:0004F10E:  00 00 00 00
F08:0002       	
F08:0001       		.long		0
               S01:0004F112:  00 00 00 00
F08:0002       	
F08:0001       		.long		0
               S01:0004F116:  00 00 00 00
F08:0002       	
F08:0001       		.long		0
               S01:0004F11A:  00 00 00 00
F08:0002       	
F08:0001       		.long		0
               S01:0004F11E:  00 00 00 00
F08:0002       	
F08:0001       		.long		0
               S01:0004F122:  00 00 00 00
F08:0002       	
F08:0001       		.long		0
               S01:0004F126:  00 00 00 00
F08:0002       	
F08:0001       		.long		0
               S01:0004F12A:  00 00 00 00
F08:0002       	
F08:0001       		.long		0
               S01:0004F12E:  00 00 00 00
F08:0002       	
F08:0001       		.long		0
               S01:0004F132:  00 00 00 00
F08:0002       	
F08:0001       		.long		0
               S01:0004F136:  00 00 00 00
F08:0002       	
F08:0001       		.long		0
               S01:0004F13A:  00 00 00 00
F08:0002       	
F08:0001       		.long		0
               S01:0004F13E:  00 00 00 00
F08:0002       	
F08:0001       		.long		0
               S01:0004F142:  00 00 00 00
F08:0002       	
F08:0001       		.long		0
               S01:0004F146:  00 00 00 00
F08:0002       	
F08:0001       		.long		0
               S01:0004F14A:  00 00 00 00
F08:0002       	
F08:0001       		.long		0
               S01:0004F14E:  00 00 00 00
F08:0002       	
F08:0001       		.long		0
               S01:0004F152:  00 00 00 00
F08:0002       	
F08:0001       		.long		0
               S01:0004F156:  00 00 00 00
F08:0002       	
F08:0001       		.long		0
               S01:0004F15A:  00 00 00 00
F08:0002       	
F08:0001       		.long		0
               S01:0004F15E:  00 00 00 00
F08:0002       	
F08:0001       		.long		0
               S01:0004F162:  00 00 00 00
F08:0002       	
F08:0001       		.long		0
               S01:0004F166:  00 00 00 00
F08:0002       	
F08:0001       		.long		0
               S01:0004F16A:  00 00 00 00
F08:0002       	
F08:0001       		.long		0
               S01:0004F16E:  00 00 00 00
F08:0002       	
F08:0001       		.long		0
               S01:0004F172:  00 00 00 00
F08:0002       	
F08:0001       		.long		0
               S01:0004F176:  00 00 00 00
F08:0002       	
F08:0001       		.long		0
               S01:0004F17A:  00 00 00 00
F08:0002       	
F08:0001       		.long		0
               S01:0004F17E:  00 00 00 00
F08:0002       	
F08:0001       		.long		0
               S01:0004F182:  00 00 00 00
F08:0002       	
F08:0001       		.long		0
               S01:0004F186:  00 00 00 00
F08:0002       	
F08:0001       		.long		0
               S01:0004F18A:  00 00 00 00
F08:0002       	
F08:0001       		.long		0
               S01:0004F18E:  00 00 00 00
F08:0002       	
F08:0001       		.long		0
               S01:0004F192:  00 00 00 00
F08:0002       	
F08:0001       		.long		0
               S01:0004F196:  00 00 00 00
F08:0002       	
F08:0001       		.long		0
               S01:0004F19A:  00 00 00 00
F08:0002       	
F08:0001       		.long		0
               S01:0004F19E:  00 00 00 00
F08:0002       	
F08:0001       		.long		0
               S01:0004F1A2:  00 00 00 00
F08:0002       	
F08:0001       		.long		0
               S01:0004F1A6:  00 00 00 00
F08:0002       	
F08:0001       		.long		0
               S01:0004F1AA:  00 00 00 00
F08:0002       	
F08:0001       		.long		0
               S01:0004F1AE:  00 00 00 00
F08:0002       	
F08:0001       		.long		0
               S01:0004F1B2:  00 00 00 00
F08:0002       	
F08:0001       		.long		0
               S01:0004F1B6:  00 00 00 00
F08:0002       	
F08:0001       		.long		0
               S01:0004F1BA:  00 00 00 00
F08:0002       	
F08:0001       		.long		0
               S01:0004F1BE:  00 00 00 00
F08:0002       	
F08:0001       		.long		0
               S01:0004F1C2:  00 00 00 00
F08:0002       	
F08:0001       		.long		0
               S01:0004F1C6:  00 00 00 00
F08:0002       	
F08:0001       		.long		0
               S01:0004F1CA:  00 00 00 00
F08:0002       	
F08:0001       		.long		0
               S01:0004F1CE:  00 00 00 00
F08:0002       	
F08:0001       		.long		0
               S01:0004F1D2:  00 00 00 00
F08:0002       	
F08:0001       		.long		0
               S01:0004F1D6:  00 00 00 00
F08:0002       	
F08:0001       		.long		0
               S01:0004F1DA:  00 00 00 00
F08:0002       	
F08:0001       		.long		0
               S01:0004F1DE:  00 00 00 00
F08:0002       	
F08:0001       		.long		0
               S01:0004F1E2:  00 00 00 00
F08:0002       	
F08:0001       		.long		0
               S01:0004F1E6:  00 00 00 00
F08:0002       	
F08:0001       		.long		0
               S01:0004F1EA:  00 00 00 00
F08:0002       	
F08:0001       		.long		0
               S01:0004F1EE:  00 00 00 00
F08:0002       	
F08:0001       		.long		0
               S01:0004F1F2:  00 00 00 00
F08:0002       	
F08:0001       		.long		0
               S01:0004F1F6:  00 00 00 00
F08:0002       	
F08:0001       		.long		0
               S01:0004F1FA:  00 00 00 00
F08:0002       	
F08:0001       		.long		0
               S01:0004F1FE:  00 00 00 00
F08:0002       	
F08:0001       		.long		0
               S01:0004F202:  00 00 00 00
F08:0002       	
F08:0001       		.long		0
               S01:0004F206:  00 00 00 00
F08:0002       	
F08:0001       		.long		0
               S01:0004F20A:  00 00 00 00
F08:0002       	
F08:0001       		.long		0
               S01:0004F20E:  00 00 00 00
F08:0002       	
F08:0001       		.long		0
               S01:0004F212:  00 00 00 00
F08:0002       	
F08:0001       		.long		0
               S01:0004F216:  00 00 00 00
F08:0002       	
F08:0001       		.long		0
               S01:0004F21A:  00 00 00 00
F08:0002       	
F08:0001       		.long		0
               S01:0004F21E:  00 00 00 00
F08:0002       	
F08:0001       		.long		0
               S01:0004F222:  00 00 00 00
F08:0002       	
F08:0001       		.long		0
               S01:0004F226:  00 00 00 00
F08:0002       	
F08:0001       		.long		0
               S01:0004F22A:  00 00 00 00
F08:0002       	
F08:0001       		.long		0
               S01:0004F22E:  00 00 00 00
F08:0002       	
F08:0001       		.long		0
               S01:0004F232:  00 00 00 00
F08:0002       	
F08:0001       		.long		0
               S01:0004F236:  00 00 00 00
F08:0002       	
F08:0001       		.long		0
               S01:0004F23A:  00 00 00 00
F08:0002       	
F08:0001       		.long		0
               S01:0004F23E:  00 00 00 00
F08:0002       	
F08:0001       		.long		0
               S01:0004F242:  00 00 00 00
F08:0002       	
F08:0001       		.long		0
               S01:0004F246:  00 00 00 00
F08:0002       	
F08:0001       		.long		0
               S01:0004F24A:  00 00 00 00
F08:0002       	
F08:0001       		.long		0
               S01:0004F24E:  00 00 00 00
F08:0002       	
F08:0001       		.long		0
               S01:0004F252:  00 00 00 00
F08:0002       	
F08:0001       		.long		0
               S01:0004F256:  00 00 00 00
F08:0002       	
F08:0001       		.long		0
               S01:0004F25A:  00 00 00 00
F08:0002       	
F08:0001       		.long		0
               S01:0004F25E:  00 00 00 00
F08:0002       	
F08:0001       		.long		0
               S01:0004F262:  00 00 00 00
F08:0002       	
F08:0001       		.long		0
               S01:0004F266:  00 00 00 00
F08:0002       	
F08:0001       		.long		0
               S01:0004F26A:  00 00 00 00
F08:0002       	
F08:0001       		.long		0
               S01:0004F26E:  00 00 00 00
F08:0002       	
F08:0001       		.long		0
               S01:0004F272:  00 00 00 00
F08:0002       	
F08:0001       		.long		0
               S01:0004F276:  00 00 00 00
F08:0002       	
F08:0001       		.long		0
               S01:0004F27A:  00 00 00 00
F08:0002       	
F08:0001       		.long		0
               S01:0004F27E:  00 00 00 00
F08:0002       	
F08:0001       		.long		0
               S01:0004F282:  00 00 00 00
F08:0002       	
F08:0001       		.long		0
               S01:0004F286:  00 00 00 00
F08:0002       	
F08:0001       		.long		0
               S01:0004F28A:  00 00 00 00
F08:0002       	
F08:0001       		.long		0
               S01:0004F28E:  00 00 00 00
F08:0002       	
F08:0001       		.long		0
               S01:0004F292:  00 00 00 00
F08:0002       	
F08:0001       		.long		0
               S01:0004F296:  00 00 00 00
F08:0002       	
F08:0001       		.long		0
               S01:0004F29A:  00 00 00 00
F08:0002       	
F08:0001       		.long		0
               S01:0004F29E:  00 00 00 00
F08:0002       	
F08:0001       		.long		0
               S01:0004F2A2:  00 00 00 00
F08:0002       	
F08:0001       		.long		0
               S01:0004F2A6:  00 00 00 00
F08:0002       	
F08:0001       		.long		0
               S01:0004F2AA:  00 00 00 00
F08:0002       	
F08:0001       		.long		0
               S01:0004F2AE:  00 00 00 00
F08:0002       	
F08:0001       		.long		0
               S01:0004F2B2:  00 00 00 00
F08:0002       	
F08:0001       		.long		0
               S01:0004F2B6:  00 00 00 00
F08:0002       	
F08:0001       		.long		0
               S01:0004F2BA:  00 00 00 00
F08:0002       	
F08:0001       		.long		0
               S01:0004F2BE:  00 00 00 00
F08:0002       	
F08:0001       		.long		0
               S01:0004F2C2:  00 00 00 00
F08:0002       	
F08:0001       		.long		0
               S01:0004F2C6:  00 00 00 00
F08:0002       	
F08:0001       		.long		0
               S01:0004F2CA:  00 00 00 00
F08:0002       	
F08:0001       		.long		0
               S01:0004F2CE:  00 00 00 00
F08:0002       	
F08:0001       		.long		0
               S01:0004F2D2:  00 00 00 00
F08:0002       	
F08:0001       		.long		0
               S01:0004F2D6:  00 00 00 00
F08:0002       	
F08:0001       		.long		0
               S01:0004F2DA:  00 00 00 00
F08:0002       	
F08:0001       		.long		0
               S01:0004F2DE:  00 00 00 00
F08:0002       	
F08:0001       		.long		0
               S01:0004F2E2:  00 00 00 00
F08:0002       	
F08:0001       		.long		0
               S01:0004F2E6:  00 00 00 00
F08:0002       	
F08:0001       		.long		0
               S01:0004F2EA:  00 00 00 00
F08:0002       	
F08:0001       		.long		0
               S01:0004F2EE:  00 00 00 00
F08:0002       	
F08:0001       		.long		0
               S01:0004F2F2:  00 00 00 00
F08:0002       	
F08:0001       		.long		0
               S01:0004F2F6:  00 00 00 00
F08:0002       	
F08:0001       		.long		0
               S01:0004F2FA:  00 00 00 00
F08:0002       	
F08:0001       		.long		0
               S01:0004F2FE:  00 00 00 00
F08:0002       	
F08:0001       		.long		0
               S01:0004F302:  00 00 00 00
F08:0002       	
F08:0001       		.long		0
               S01:0004F306:  00 00 00 00
F08:0002       	
F08:0001       		.long		0
               S01:0004F30A:  00 00 00 00
F08:0002       	
F08:0001       		.long		0
               S01:0004F30E:  00 00 00 00
F08:0002       	
F08:0001       		.long		0
               S01:0004F312:  00 00 00 00
F08:0002       	
F08:0001       		.long		0
               S01:0004F316:  00 00 00 00
F08:0002       	
F08:0001       		.long		0
               S01:0004F31A:  00 00 00 00
F08:0002       	
F08:0001       		.long		0
               S01:0004F31E:  00 00 00 00
F08:0002       	
F08:0001       		.long		0
               S01:0004F322:  00 00 00 00
F08:0002       	
F08:0001       		.long		0
               S01:0004F326:  00 00 00 00
F08:0002       	
F08:0001       		.long		0
               S01:0004F32A:  00 00 00 00
F08:0002       	
F08:0001       		.long		0
               S01:0004F32E:  00 00 00 00
F08:0002       	
F08:0001       		.long		0
               S01:0004F332:  00 00 00 00
F08:0002       	
F08:0001       		.long		0
               S01:0004F336:  00 00 00 00
F08:0002       	
F08:0001       		.long		0
               S01:0004F33A:  00 00 00 00
F08:0002       	
F08:0001       		.long		0
               S01:0004F33E:  00 00 00 00
F08:0002       	
F08:0001       		.long		0
               S01:0004F342:  00 00 00 00
F08:0002       	
F08:0001       		.long		0
               S01:0004F346:  00 00 00 00
F08:0002       	
F08:0001       		.long		0
               S01:0004F34A:  00 00 00 00
F08:0002       	
F08:0001       		.long		0
               S01:0004F34E:  00 00 00 00
F08:0002       	
F08:0001       		.long		0
               S01:0004F352:  00 00 00 00
F08:0002       	
F08:0001       		.long		0
               S01:0004F356:  00 00 00 00
F08:0002       	
F08:0001       		.long		0
               S01:0004F35A:  00 00 00 00
F08:0002       	
F08:0001       		.long		0
               S01:0004F35E:  00 00 00 00
F08:0002       	
F08:0001       		.long		0
               S01:0004F362:  00 00 00 00
F08:0002       	
F08:0001       		.long		0
               S01:0004F366:  00 00 00 00
F08:0002       	
F08:0001       		.long		0
               S01:0004F36A:  00 00 00 00
F08:0002       	
F08:0001       		.long		0
               S01:0004F36E:  00 00 00 00
F08:0002       	
F08:0001       		.long		0
               S01:0004F372:  00 00 00 00
F08:0002       	
F08:0001       		.long		0
               S01:0004F376:  00 00 00 00
F08:0002       	
F08:0001       		.long		0
               S01:0004F37A:  00 00 00 00
F08:0002       	
F08:0001       		.long		0
               S01:0004F37E:  00 00 00 00
F08:0002       	
F08:0001       		.long		0
               S01:0004F382:  00 00 00 00
F08:0002       	
F08:0001       		.long		0
               S01:0004F386:  00 00 00 00
F08:0002       	
F08:0001       		.long		0
               S01:0004F38A:  00 00 00 00
F08:0002       	
F08:0001       		.long		0
               S01:0004F38E:  00 00 00 00
F08:0002       	
F08:0001       		.long		0
               S01:0004F392:  00 00 00 00
F08:0002       	
F08:0001       		.long		0
               S01:0004F396:  00 00 00 00
F08:0002       	
F08:0001       		.long		0
               S01:0004F39A:  00 00 00 00
F08:0002       	
F08:0001       		.long		0
               S01:0004F39E:  00 00 00 00
F08:0002       	
F08:0001       		.long		0
               S01:0004F3A2:  00 00 00 00
F08:0002       	
F08:0001       		.long		0
               S01:0004F3A6:  00 00 00 00
F08:0002       	
F08:0001       		.long		0
               S01:0004F3AA:  00 00 00 00
F08:0002       	
F08:0001       		.long		0
               S01:0004F3AE:  00 00 00 00
F08:0002       	
F00:2835       	.p2align	2
F00:2836       	.ifeq		1
F00:2837       table_valeurs_repetition_instrument_7:
F00:2838       .rept		4
F00:2839       .byte	0xBE,0xBE,0xBE,0xBE,0xBE,0xBE,0xBE,0xBE
F00:2840       .byte	0xBE,0xBE,0x5C,0x2F,0x5D,0x77,0x8B,0x91
F00:2841       .byte	0x91,0x91,0xAB,0xB3,0xB7,0xBD,0xBF,0xBF
F00:2842       .byte	0xBF,0xBF,0xBF,0xBF,0x8F,0x2E,0x2E,0xA5
F00:2843       .byte	0xBF,0xBF,0xBF,0xBF,0xBF,0xBF,0xAF,0x69
F00:2844       .byte	0x2E,0x60,0x76,0x88,0x94,0x9C,0xA6,0xAC
F00:2845       .byte	0xB0,0xB6,0xBA,0xBA,0x90,0x99,0x9B,0x9D
F00:2846       .byte	0xA1,0xA3,0xA1,0xB8,0xBC,0xBE,0xBC,0x7D
F00:2847       .byte	0x9D,0xA3,0xA7,0xAD,0xAD,0x98,0xB4,0xB6
F00:2848       .byte	0xB6,0xBA,0xBA,0xB6,0x37,0xA3,0xA7,0xA9
F00:2849       .byte	0xAD,0xB1,0xB5,0xB7,0xBB,0xBD,0xBF,0xBF
F00:2850       .byte	0xBF,0xB1,0x2F,0x92,0x96,0x9A,0x3E,0xBD
F00:2851       .byte	0xBD,0xBF,0xBF,0xBF,0xBF,0xB5,0x98,0xA0
F00:2852       .byte	0xA8,0xA2,0xB3,0xB3,0xB3,0xB5,0xB5,0xAD
F00:2853       .byte	0xA8,0xB4,0xB6,0xBA,0xBE,0xB4,0x59,0x95
F00:2854       .byte	0x99,0x99,0x91,0xA6,0xBE,0xBE,0xBE,0xBE
F00:2855       .endr
F00:2856       .endif
F00:2857       
F00:2858       
F00:2859       moduleAmiga:
F00:2860       	;.incbin		"MOD.knulla-kuk !!!.mod"
F00:2861       
F00:2862       	.ifeq 1
F00:2863       ; transformation du module pour ne pas gérer les boucles 
F00:2864       ; ls player pour génerer les effets
F00:2865       ; émulateur Paula de mixage
F00:2866       ;
F00:2867       ; 416 octets / voie / VBL = 20.833kHz.
F00:2868       ;
F00:2869       ; Frequence QTM = 48 uS
F00:2870       ; 48*4 = 192
F00:2871       ; 48*8 = 384
F00:2872       ; 
F00:2873       
F00:2874       ;-----------------------------
F00:2875       ; table de frequences : 
F00:2876       	; - european PAL Amiga clock rate of 7.093789 MHz
F00:2877       	; - de valeur de note protracker à frequence Amiga. : https://github.com/8bitbubsy/pt23f/blob/main/replayer/PT2.3F_rep
F00:2878       	; - de fréquence Amiga à incréments calculs. : on divise la note Amiga par (3579546(paula) * 65536(precision)) / 250
F00:2879       	; - de note protracker à incréments calculs 
F00:2880       
F00:2881       ;-----------------------------
F00:2882       ; table de volume
F00:2883       ; dans QTM à volumetable : ;un-scaled volume table
F00:2884       ; source creation en bas de page
F00:2885       ; 
F00:2886       
F00:2887       ;-----------------------------
F00:2888       ; samples Amiga signés 8 bits
F00:2889       ; samples Archimedes 
F00:2890       ; log / lineaire ?
F00:2891       ;
F00:2892       ; "its sample data is converted into 8-bit logarithmic data, from signed linear data."
F00:2893       ; dans new5, ligne 2590 :
F00:2894       ;	- preparation des repetitions ?
F00:2895       ;	- conversion des samples ?
F00:2896       ;
F00:2897       ; creation de la table de conversion :
F00:2898       
F00:2899       ; 	adr 	R11,linlogtab
F00:2900       ; 	MOV     R1,#255
F00:2901       ; setlinlogtab:
F00:2902       
F00:2903       ;	MOV     R0,R1,LSL#24		; R0=R1<<24 : en entrée du 8 bits donc shifté en haut, sur du 32 bits
F00:2904       ;	SWI     "XSound_SoundLog"	; This SWI is used to convert a signed linear sample to the 8 bit logarithmic format that’
F00:2905       ;	STRB    R0,[R11,R1]			; 8 bit mu-law logarithmic sample 
F00:2906       ;	SUBS    R1,R1,#1
F00:2907       ;	BGE     setlinlogtab
F00:2908       ;
F00:2909       ;	conversion de chaque octet à partir de linlogtable ( linéaire à log) ou de loglintab ( log à linéaire) suivant le
F00:2910       
F00:2911       ;
F00:2912       ; pour le mixage :
F00:2913       ;	4 registres pour source du sample
F00:2914       ;	4 registres pour incréments suivant fréquence/note
F00:2915       ;	4 registres pour position
F00:2916       ;	1 seul registre pour 4 registres de volume => subs du volume sur l'octet de sample, 4 voies mais 32 bits, donc 4 volum
F00:2917       ;	1 registre de destination
F00:2918       ;	1 registre de travail
F00:2919       ; 14
F00:2920       
F00:2921       ; pour le volume
F00:2922       ; on lit un octet de sample
F00:2923       ; on a un pointeur sur une table de volume pour chaque voie
F00:2924       ; on lit l'octet à table_volume de la voie + sample
F00:2925       ; 
F00:2926       ; voie 1 : R1,R2,R3,R4
F00:2927       ;
F00:2928       ; R0=sample, R1=adresse sample voie 1, R2=position actuelle sample voie 1
F00:2929       	ldrb	R0,[R1,R2, ASR#12]
F00:2930       ; R3=increment x 2^12
F00:2931       	add		R2,R2,R3
F00:2932       ; R4=volume, 0 = plein volume
F00:2933       	subs	R0,R0,R4
F00:2934       ; si volume négatif => 0
F00:2935       	movmi	R0,#0
F00:2936       ; R14=buffer canaux mélangés
F00:2937       	strb	R0,[R14],#1	
F00:2938       	
F00:2939       
F00:2940       ; range frequences :
F00:2941       ; ST : de $71 à $d60 / 113 à 3424
F00:2942       ; QTm : de 1 à 1024
F00:2943       ; table des notes : 28 à 1712
F00:2944       ;---------------------------------
F00:2945       ; increment frequence
F00:2946       ; valeur ST:
F00:2947       ; 9371195 = (3579546(paula) * 65536(precision)) / 25033(frequence de mixage)
F00:2948       ; 9371195
F00:2949       
F00:2950       ; version ST CNX
F00:2951       ; frq=(1/(2.79365*10^-7))/freq
F00:2952       ; valeur finale increment = ( frq/i ) * (2^12)   / i= note amiga
F00:2953       
F00:2954       ;valeur archi = (Amiga_multiplier / note amiga ) * actual_uS
F00:2955       ; 
F00:2956       
F00:2957       ;Amiga_multiplier = ((7093789.2/2*1024)/1E6)*2^20 = 0xE3005235
F00:2958       ;amiga = 28.86 khz
F00:2959       ;AUDxPER = 3579546 / samples per seconds
F00:2960       ;uSec = .279365 * Period * Length
F00:2961       ;
F00:2962       ; pour 416 octets:
F00:2963       ; frequence Amiga = 3579546.4715
F00:2964       ; frequence Archi = 20833.33333
F00:2965       ; frq Amiga / Frq Archi = 171.81823066
F00:2966       ; par exemple pour note = $BF = 191 => 3684,6464544363141
F00:2967       
F00:2968       
F00:2969       
F00:2970       ;frequence réelle = 
F00:2971       
F00:2972       ;frequency register : de 3 a 256 en microsecond ( 1000= 1 nanosecond / 1 000 000 = 1 second. par exemple pour 3 => 333 3
F00:2973       ;valeur registre frequence = 48 par voie
F00:2974       
F00:2975       
F00:2976       ;buffer dma en 0x7E000 et 0x7F000
F00:2977       ; set the sound dma registers
F00:2978       
F00:2979       
F00:2980       
F00:2981       
F00:2982       
F00:2983       MOV       R12,R12,LSR#2       ;(Sstart/16) << 2
F00:2984       MOV       R10,R10,LSR#2       ;(SendN/16) << 2
F00:2985       MOV          R0,#0x3600000     ;memc base
F00:2986       ADD       R1,R0,#0x0080000     ;Sstart
F00:2987       ADD       R2,R0,#0x00A0000     ;SendN
F00:2988       ORR       R1,R1,R12           ;Sstart
F00:2989       ORR       R2,R2,R10           ;SendN
F00:2990       STR       R2,[R2]
F00:2991       STR       R1,[R1]
F00:2992       
F00:2993       
F00:2994       on divise la note par (3579546(paula) * 65536(precision)) / 25033(frequence de replay - MIXERFRQ)
F00:2995       
F00:2996       FC = de $71 à $6b0
F00:2997       MOD = de 113 ($71) à 907 
F00:2998       
F00:2999       PERMIN		=	$71 = 113 = plus basse frequence Amiga
F00:3000       PERMAX		=	$d60 = 3424 =plus haute frequence Amiga
F00:3001       frequenceBuild:	
F00:3002       
F00:3003       		lea	frequenceTable(pc),a0
F00:3004       		moveq	#PERMIN-1,d0
F00:3005       .clear:		
F00:3006       		clr.l	(a0)+
F00:3007       		dbf	d0,.clear
F00:3008       		move.w	#PERMIN,d0
F00:3009       		move.w	#PERMAX-PERMIN-1,d1
F00:3010       		move.l	#9371195,d2	; (3579546(paula) * 65536(precision)) / 25033(frequence de replay - MIXERFRQ)
F00:3011       		move.b	iHwConfig(pc),d5
F00:3012       		beq.s	.ok25
F00:3013       		lsr.l	#1,d2			; 50khz => /2
F00:3014       .ok25:
F00:3015       		move.l	d2,d5			; D5 = frequence calculée
F00:3016       		clr.w	d5				; partie entiere uniquement, virgule=0
F00:3017       		swap	d5				; d5.w = 
F00:3018       .compute:
F00:3019       		move.l	d5,d3			; 
F00:3020       		divu	d0,d3			; d3 = d3/d0 = reste 16 bits,resultat 16 bits
F00:3021       		move.w	d3,d4			; resultat de la division, partie entiere
F00:3022       		cmpi.w	#2,d4			; partie entiere >= 2 ?
F00:3023       		bge.s	.clamp
F00:3024       		swap	d4				; partie entiere en haut de d4
F00:3025       		move.w	d2,d3			; partie virgule de la frequence calculée + reste en word haut 
F00:3026       		divu	d0,d3			; d3 = d3/d0 = reste 16 bits,resultat 16 bits
F00:3027       		move.w	d3,d4			; d3 = résultat virgule
F00:3028       
F00:3029       		move.l	d4,(a0)+		; d4=increment : entier 16bits, virgule 16bits
F00:3030       .backClamp:
F00:3031       		addq.w	#1,d0			; d0 : note=note+1
F00:3032       		dbf	d1,.compute
F00:3033       		rts
F00:3034       .clamp:	; NOTE: Only two notes are high on STF (high part more = 2)
F00:3035       		move.l	#$0001FFFF,(a0)+	; on met 1,9999999 comme incrément
F00:3036       		bra.s	.backClamp
F00:3037       		
F00:3038       		
F00:3039       ;---------------------------------------------
F00:3040       creation tables conversion mu law sur ARchie:
F00:3041       utilisé dans la routine convsamps
F00:3042       
F00:3043        2591 STMFD   R13!,{R0-R6,R11-R12,R14}
F00:3044       
F00:3045        2592 FNlong_adr("  ",11,linlogtab)
F00:3046       
F00:3047        2593 MOV     R1,#255
F00:3048       
F00:3049        2594 .setlinlogtab
F00:3050       
F00:3051        2595 MOV     R0,R1,LSL#24
F00:3052       
F00:3053        2596 SWI     "XSound_SoundLog"
F00:3054       
F00:3055        2597 STRB    R0,[R11,R1]
F00:3056       
F00:3057        2598 SUBS    R1,R1,#1
F00:3058       
F00:3059        2599 BGE     setlinlogtab
F00:3060       
F00:3061        2600 :
F00:3062       
F00:3063        2601 MOV     R1,#64                  ;..consider reducing to 32 or 48 for RO3.5+
F00:3064       
F00:3065        2602 STRB    R1,[R12,#musicvolume]   ;..to allow TSS to play system sounds through louder?
F00:3066       
F00:3067        2603 STRB    R1,[R12,#samplevolume]
F00:3068       
F00:3069        2604 ADD     R2,R12,#(volumetable-song_data)
F00:3070       
F00:3071        2605 ADD     R3,R2,#(musicvoltable-volumetable)
F00:3072       
F00:3073        2606 ADD     R4,R2,#(samplevoltable-volumetable) AND &ff00
F00:3074       
F00:3075        2607 ADD     R4,R4,#(samplevoltable-volumetable) AND &00ff
F00:3076       
F00:3077        2608 .setvoltabs
F00:3078       
F00:3079        2609 MOV     R0,R1,LSL#(24+1)					; R0 = volume en cours << 25 ( 7 bits pour la valeur 64 + 25 bits de precision)
F00:3080       
F00:3081        2610 SWI     "XSound_SoundLog"					; R0 => 8-bit signed volume-scaled logarithm
F00:3082       
F00:3083        2611 RSB     R0,R0,#255						; R0 = 255 - R0
F00:3084       
F00:3085        2612 AND     R0,R0,#%11111110                ;stops odd/even changes (ie. +/- sample changes)
F00:3086       
F00:3087        2613 STRB    R0,[R2,R1]						; volumetable
F00:3088       
F00:3089        2614 STRB    R0,[R3,R1]						; musicvoltable
F00:3090       
F00:3091        2615 STRB    R0,[R4,R1]                      ;set all volume tables (unscaled, music and sample)  : samplevoltable
F00:3092       
F00:3093        2616 SUBS    R1,R1,#1
F00:3094       
F00:3095        2617 BGE     setvoltabs
F00:3096        
F00:3097        
F00:3098       ; ----------------------------------------------
F00:3099       ; registres PAULA
F00:3100       	; Custom chip AMIGA:
F00:3101       	;	$dff0a0.L : Sample start adress
F00:3102       	;	$dff0a4.W : Sample length (in words)
F00:3103       	;	$dff0a6.W : Channel period.
F00:3104       	;	$dff0a8.W : Channel Volume.
F00:3105       
F00:3106       ; registre en interne
F00:3107       ;		ds.l	1   ; current sample ptr : pointeur actuel sur le sample
F00:3108       ;		ds.l	1	; end sample ptr     : pointeur fin de sample
F00:3109       ;		ds.w	1	; fixed point        : partie à virgule stockée pour le calcul
F00:3110        
F00:3111        
F00:3112       
F00:3113       
F00:3114       	.endif
F00:3115       	
F00:3116       	
F00:3117       	
F00:3118       	
F00:3119       		.ifeq		1
F00:3120       
F00:3121       ; check du bouclage des 4 voies
F00:3122       	ldr		R1,debut_sample
F00:3123       	ldr		R2,fin_sample
F00:3124       	subs	R1,R2,R1			; R1 = taille du sample
F00:3125       
F00:3126       
F00:3127       
F00:3128       	adr		R10,Paula_registers_external
F00:3129       	
F00:3130       	ldr		R2,[R10,#0x50]			; offset << 12
F00:3131       	subs	R0,R1,R2, asr #12		; R0 = taille du sample - offset >> 12
F00:3132       	bgt		.pas_boucle_canal_A
F00:3133       	; R0 est positif, offset actuel
F00:3134       	subs	R0,R2,R1,asl #12		; offset - taille de sample << 12 = depassement avec la virgule
F00:3135       	str		R0,[R10,#0x50]
F00:3136       .pas_boucle_canal_A:
F00:3137       
F00:3138       	ldr		R2,[R10,#0x60]			; offset << 12
F00:3139       	subs	R0,R1,R2, asr #12		; R0 = taille du sample - offset >> 12
F00:3140       	bgt		.pas_boucle_canal_B
F00:3141       	; R0 est positif, offset actuel
F00:3142       	subs	R0,R2,R1,asl #12		; offset - taille de sample << 12 = depassement avec la virgule
F00:3143       	str		R0,[R10,#0x60]
F00:3144       .pas_boucle_canal_B:
F00:3145       
F00:3146       	ldr		R2,[R10,#0x70]			; offset << 12
F00:3147       	subs	R0,R1,R2, asr #12		; R0 = taille du sample - offset >> 12
F00:3148       	bgt		.pas_boucle_canal_C
F00:3149       	; R0 est positif, offset actuel
F00:3150       	subs	R0,R2,R1,asl #12		; offset - taille de sample << 12 = depassement avec la virgule
F00:3151       	str		R0,[R10,#0x70]
F00:3152       .pas_boucle_canal_C:
F00:3153       
F00:3154       	ldr		R2,[R10,#0x80]			; offset << 12
F00:3155       	subs	R0,R1,R2, asr #12		; R0 = taille du sample - offset >> 12
F00:3156       	bgt		.pas_boucle_canal_D
F00:3157       	; R0 est positif, offset actuel
F00:3158       	subs	R0,R2,R1,asl #12		; offset - taille de sample << 12 = depassement avec la virgule
F00:3159       	str		R0,[R10,#0x80]
F00:3160       .pas_boucle_canal_D:
F00:3161       
F00:3162       	.endif


Sections:
S01  seg8000


Sources:
F00  lsp.asm
F01  swis.h.asm
F02  REPEAT:lsp.asm:line 1448
F03  REPEAT:lsp.asm:line 1454
F04  REPEAT:lsp.asm:line 1710
F05  REPEAT:lsp.asm:line 2672
F06  table_frequences_20833.s
F07  REPEAT:lsp.asm:line 2815
F08  REPEAT:lsp.asm:line 2834


Symbols:
pointeur_retour_mixage EXPR(95300=0x17444) ABS 
DMAcon_Temp EXPR(38952=0x9828) UNUSED ABS 
DMACon EXPR(38948=0x9824) UNUSED ABS 
AUD3INC EXPR(38944=0x9820) UNUSED ABS 
AUD3FIXEDP EXPR(38940=0x981c) UNUSED ABS 
AUD3END EXPR(38936=0x9818) UNUSED ABS 
AUD3POSCUR EXPR(38932=0x9814) UNUSED ABS 
AUD2INC EXPR(38928=0x9810) UNUSED ABS 
AUD2FIXEDP EXPR(38924=0x980c) UNUSED ABS 
AUD2END EXPR(38920=0x9808) UNUSED ABS 
AUD2POSCUR EXPR(38916=0x9804) UNUSED ABS 
AUD1INC EXPR(38912=0x9800) UNUSED ABS 
AUD1FIXEDP EXPR(38908=0x97fc) UNUSED ABS 
AUD1END EXPR(38904=0x97f8) UNUSED ABS 
AUD1POSCUR EXPR(38900=0x97f4) UNUSED ABS 
AUD0INC EXPR(38896=0x97f0) UNUSED ABS 
AUD0FIXEDP EXPR(38892=0x97ec) UNUSED ABS 
AUD0END EXPR(38888=0x97e8) UNUSED ABS 
AUD0POSCUR EXPR(38884=0x97e4) UNUSED ABS 
Paula_registers_internal EXPR(38884=0x97e4) UNUSED ABS 
AUD3DAT EXPR(38880=0x97e0) UNUSED ABS 
AUD3VOL EXPR(38876=0x97dc) UNUSED ABS 
AUD3PER EXPR(38872=0x97d8) UNUSED ABS 
AUD3LEN EXPR(38868=0x97d4) UNUSED ABS 
AUD3LCH_L EXPR(38864=0x97d0) UNUSED ABS 
AUD2DAT EXPR(38860=0x97cc) UNUSED ABS 
AUD2VOL EXPR(38856=0x97c8) UNUSED ABS 
AUD2PER EXPR(38852=0x97c4) UNUSED ABS 
AUD2LEN EXPR(38848=0x97c0) UNUSED ABS 
AUD2LCH_L EXPR(38844=0x97bc) UNUSED ABS 
AUD1DAT EXPR(38840=0x97b8) UNUSED ABS 
AUD1VOL EXPR(38836=0x97b4) UNUSED ABS 
AUD1PER EXPR(38832=0x97b0) UNUSED ABS 
AUD1LEN EXPR(38828=0x97ac) UNUSED ABS 
AUD1LCH_L EXPR(38824=0x97a8) UNUSED ABS 
AUD0DAT EXPR(38820=0x97a4) UNUSED ABS 
AUD0VOL EXPR(38816=0x97a0) UNUSED ABS 
AUD0PER EXPR(38812=0x979c) UNUSED ABS 
AUD0LEN EXPR(38808=0x9798) UNUSED ABS 
AUD0LCH_L EXPR(38804=0x9794) UNUSED ABS 
page_block EXPR(38768=0x9770) UNUSED ABS 
fiqend EXPR(38752=0x9760) UNUSED ABS 
fiqbase EXPR(38520=0x9678) ABS 
newIRQfirstinst EXPR(38436=0x9624) UNUSED ABS 
os_version EXPR(38396=0x95fc) UNUSED ABS 
pile_regs EXPR(38452=0x9634) ABS 
kbd_stack EXPR(38292=0x9594) UNUSED ABS 
nextkeybyte EXPR(38291=0x9593) UNUSED ABS 
keycounter EXPR(38288=0x9590) ABS 
kbd_received EXPR(38240=0x9560) UNUSED ABS 
exitVScode EXPR(38368=0x95e0) ABS 
check_keyboard EXPR(38224=0x9550) ABS 
clearkeybuffer EXPR(38208=0x9540) UNUSED ABS 
keybyte1 EXPR(38289=0x9591) ABS 
sortie_keycheck EXPR(38204=0x953c) ABS 
keybyte2 EXPR(38290=0x9592) ABS 
waitloop_vbl EXPR(38164=0x9514) ABS 
vsyncbyte EXPR(38448=0x9630) ABS 
VBL EXPR(38308=0x95a4) ABS 
FIQ_notHSync_valeur EXPR(192=0xc0) 
pointeur_fiqbase EXPR(38516=0x9674) ABS 
oldIRQaddress EXPR(38444=0x962c) ABS 
fiqoriginal EXPR(38400=0x9600) ABS 
oldIRQb EXPR(38432=0x9620) ABS 
oldIRQa EXPR(38428=0x961c) ABS 
oldIRQbranch EXPR(38440=0x9628) ABS 
save_lr EXPR(38284=0x958c) ABS 
pas_de_bouclage_mixage_1voie EXPR(37692=0x933c) ABS 
boucle_Paula_remplissage_DMA_1_voie EXPR(37664=0x9320) ABS 
mixage_DMA_1_voie EXPR(37540=0x92a4) UNUSED ABS 
test_depassement_canal_D EXPR(37472=0x9260) ABS 
OK_depassement_canal_D EXPR(37488=0x9270) ABS 
pas_de_bouclage_canal_D_Paula EXPR(37520=0x9290) ABS 
test_depassement_canal_C EXPR(37388=0x920c) ABS 
OK_depassement_canal_C EXPR(37404=0x921c) ABS 
pas_de_bouclage_canal_C_Paula EXPR(37436=0x923c) ABS 
test_depassement_canal_B EXPR(37304=0x91b8) ABS 
OK_depassement_canal_B EXPR(37320=0x91c8) ABS 
pas_de_bouclage_canal_B_Paula EXPR(37352=0x91e8) ABS 
test_depassement_canal_A EXPR(37220=0x9164) ABS 
OK_depassement_canal_A EXPR(37236=0x9174) ABS 
pas_de_bouclage_canal_A_Paula EXPR(37268=0x9194) ABS 
retour_mixage EXPR(37168=0x9130) ABS 
boucle_Paula_remplissage_DMA_416 EXPR(37060=0x90c4) ABS 
continue_DMACon_Canal_D EXPR(37032=0x90a8) ABS 
DMACon_Canal_D_On EXPR(37012=0x9094) ABS 
continue_DMACon_Canal_C EXPR(36976=0x9070) ABS 
DMACon_Canal_C_On EXPR(36956=0x905c) ABS 
continue_DMACon_Canal_B EXPR(36920=0x9038) ABS 
DMACon_Canal_B_On EXPR(36900=0x9024) ABS 
continue_DMACon_Canal_A EXPR(36868=0x9004) ABS 
DMACon_Canal_A_On EXPR(36848=0x8ff0) ABS 
table_volume EXPR(38956=0x982c) ABS 
table_increments_frequence EXPR(39296=0x9980) ABS 
expanded_filling_routine EXPR(53696=0xd1c0) ABS 
pointeur_expanded_mixing EXPR(36780=0x8fac) ABS 
valeur0x167a2 EXPR(36776=0x8fa8) UNUSED ABS 
save_R14_Paula EXPR(36772=0x8fa4) ABS 
mask_bits_virgule_frequence EXPR(36768=0x8fa0) UNUSED ABS 
increment_frequence12bits EXPR(36764=0x8f9c) UNUSED ABS 
increment_frequence EXPR(36760=0x8f98) UNUSED ABS 
setlinlogtab EXPR(36736=0x8f80) ABS 
boucle_table_lin2log_edz EXPR(36684=0x8f4c) ABS 
create_table_lin2log_edz EXPR(36668=0x8f3c) UNUSED ABS 
LSPBank_end EXPR(288770=0x46802) ABS 
LSPMusic EXPR(95304=0x17448) ABS 
m_wordStreamLoop EXPR(36092=0x8cfc) UNUSED ABS 
m_byteStreamLoop EXPR(36088=0x8cf8) UNUSED ABS 
m_currentBpm EXPR(36084=0x8cf4) UNUSED ABS 
m_relocDone EXPR(36080=0x8cf0) UNUSED ABS 
m_lspInstruments EXPR(36076=0x8cec) UNUSED ABS 
m_codeTableAddr EXPR(36072=0x8ce8) UNUSED ABS 
m_dmaconPatch EXPR(36068=0x8ce4) UNUSED ABS 
m_wordStream EXPR(36064=0x8ce0) UNUSED ABS 
m_byteStream EXPR(36060=0x8cdc) UNUSED ABS 
moduleAmiga EXPR(324532=0x4f3b4) ABS 
pointeur_module_Amiga EXPR(36056=0x8cd8) UNUSED ABS 
boucle_verif_reloc_sample EXPR(36032=0x8cc0) ABS 
pas_de_fin_de_la_boucle_de_repetition_du_sample EXPR(36000=0x8ca0) ABS 
boucle_copie_repetition_du_sample_dans_l_ecart EXPR(35976=0x8c88) ABS 
fin_copie_repetition_sample_dans_ecart EXPR(36008=0x8ca8) ABS 
boucle_repetition_sample_par_sample EXPR(35908=0x8c44) ABS 
.pas_de_recalcul_de_l_offset_du_sample EXPR(35876=0x8c24) ABS 
reloc_offsets_du_sample_en_cours EXPR(35844=0x8c04) ABS 
boucle_copie_un_sample_zero_ecart EXPR(35824=0x8bf0) ABS 
boucle_copie_un_sample_avec_ecart EXPR(35792=0x8bd0) ABS 
boucle_sample_par_sample EXPR(35760=0x8bb0) ABS 
boucle_convert_sample_mu_law_init_LSP EXPR(35720=0x8b88) ABS 
lin2logtab EXPR(39040=0x9880) ABS 
pointeur_LSPBank_end EXPR(36664=0x8f38) ABS 
LSPVars_Insane EXPR(36096=0x8d00) ABS 
LSP_PlayerInit_Insane EXPR(35632=0x8b30) UNUSED ABS 
valeur16 EXPR(512=0x200) 
boucle_copie_table_instruments EXPR(34980=0x88a4) ABS 
pointeur_LSPMusic EXPR(36656=0x8f30) ABS 
no_I_a_Player_standard EXPR(34864=0x8830) ABS 
no_I_b_Player_standard EXPR(34776=0x87d8) ABS 
no_I_c_Player_standard EXPR(34688=0x8780) ABS 
no_I_d_Player_standard EXPR(34600=0x8728) ABS 
LSP_InstrumentInfo EXPR(36128=0x8d20) ABS 
table_12_16 EXPR(35248=0x89b0) ABS 
no_P_a_Player_standard EXPR(34472=0x86a8) ABS 
no_P_b_Player_standard EXPR(34444=0x868c) ABS 
no_P_c_Player_standard EXPR(34416=0x8670) ABS 
no_P_d_Player_standard EXPR(34388=0x8654) ABS 
no_V_a_Player_standard EXPR(34352=0x8630) ABS 
no_V_b_Player_standard EXPR(34332=0x861c) ABS 
no_V_c_Player_standard EXPR(34312=0x8608) ABS 
no_V_d_Player_standard EXPR(34292=0x85f4) ABS 
noRa_Player_standard EXPR(34272=0x85e0) ABS 
noRb_Player_standard EXPR(34240=0x85c0) ABS 
noRc_Player_standard EXPR(34208=0x85a0) ABS 
resetv EXPR(36640=0x8f20) ABS 
noRd_Player_standard EXPR(34176=0x8580) ABS 
optim_Player_standard EXPR(34136=0x8558) UNUSED ABS 
r_chgbpm_Player_standard EXPR(34888=0x8848) ABS 
r_rewind_Player_standard EXPR(34872=0x8838) ABS 
noInst_Player_standard EXPR(34864=0x8830) ABS 
swCode_Player_standard EXPR(34072=0x8518) ABS 
process_Player_standard EXPR(34032=0x84f0) ABS 
LSPVars_standard EXPR(36060=0x8cdc) ABS 
valeur9521122 EXPR(34004=0x84d4) UNUSED ABS 
Amiga_multiplier EXPR(34000=0x84d0) UNUSED ABS 
actual_uS EXPR(33996=0x84cc) UNUSED ABS 
chans_use EXPR(33992=0x84c8) UNUSED ABS 
current_uS EXPR(33988=0x84c4) UNUSED ABS 
shiftclock EXPR(33984=0x84c0) UNUSED ABS 
answer EXPR(33980=0x84bc) UNUSED ABS 
readclock EXPR(33972=0x84b4) UNUSED ABS 
nombre_instruments_du_module EXPR(33968=0x84b0) ABS 
longueur_silence EXPR(33964=0x84ac) UNUSED ABS 
offset_silence EXPR(33952=0x84a0) ABS 
physicaldma2 EXPR(33948=0x849c) UNUSED ABS 
physicaldma1 EXPR(33944=0x8498) UNUSED ABS 
sauve_R1_compteur EXPR(33908=0x8474) UNUSED ABS 
remove_VBL EXPR(37876=0x93f4) ABS 
exit EXPR(33844=0x8434) ABS 
test_touche_space EXPR(33836=0x842c) UNUSED ABS 
scankeyboard EXPR(38180=0x9524) ABS 
swap_pointeurs_dma_son EXPR(37728=0x9360) ABS 
Paula_remplissage_DMA_416 EXPR(36784=0x8fb0) ABS 
LSP_Player_standard EXPR(34012=0x84dc) ABS 
boucle_attente EXPR(33720=0x83b8) ABS 
boucle EXPR(33712=0x83b0) ABS 
wait_VBL EXPR(38160=0x9510) ABS 
install_vsync EXPR(37952=0x9440) ABS 
set_dma_dma1 EXPR(37764=0x9384) ABS 
silence EXPR(320514=0x4e402) ABS 
fin_silence EXPR(320530=0x4e412) ABS 
pointeur_fin_silence EXPR(33960=0x84a8) ABS 
pointeur_LSPBank EXPR(36660=0x8f34) ABS 
LSPBank EXPR(178484=0x2b934) ABS 
pointeur_debut_silence EXPR(33956=0x84a4) ABS 
Paula_registers_external EXPR(38804=0x9794) ABS 
backup_params_sons EXPR(38780=0x977c) ABS 
boucle_cls_buffer_dma EXPR(33164=0x818c) ABS 
adresse_dma1_memc EXPR(33924=0x8484) ABS 
adresse_dma2_memc EXPR(33932=0x848c) ABS 
pagefindblk EXPR(38752=0x9760) ABS 
numpages EXPR(33940=0x8494) ABS 
pagesize EXPR(33936=0x8490) ABS 
adresse_dma2_logical EXPR(33928=0x8488) ABS 
adresse_dma1_logical EXPR(33920=0x8480) ABS 
fin_de_la_memoire_video EXPR(34008=0x84d8) ABS 
taille_actuelle_memoire_ecran EXPR(33916=0x847c) ABS 
memc_control_register_original EXPR(33912=0x8478) ABS 
ajout_ecart_entre_instruments_et_copie_repetitions EXPR(35744=0x8ba0) ABS 
convertion_samples_instruments_en_mu_law EXPR(35700=0x8b74) ABS 
LSP_PlayerInit_standard EXPR(34900=0x8854) ABS 
create_table_lin2log EXPR(36712=0x8f68) ABS 
main EXPR(32768=0x8000) UNUSED ABS 
XSound_Enable EXPR(393537=0x60141) 
XSound_Configure EXPR(393536=0x60140) 
XSound_Volume EXPR(393600=0x60180) 
XSound_SoundLog EXPR(393601=0x60181) 
OS_FindMemMapEntries EXPR(96=0x60) 
OS_ReadMemMapInfo EXPR(81=0x51) 
XOS_ServiceCall EXPR(131120=0x20030) 
BKP EXPR(281477=0x44b85) UNUSED 
RasterMan_ReadScanAddr EXPR(294539=0x47e8b) UNUSED 
RasterMan_ClearKeyBuffer EXPR(294538=0x47e8a) UNUSED 
RasterMan_ScanKeyboard EXPR(294537=0x47e89) UNUSED 
RasterMan_QTMParamAddr EXPR(294536=0x47e88) UNUSED 
RasterMan_SetMEMCRegister EXPR(294535=0x47e87) UNUSED 
RasterMan_SetVIDCRegister EXPR(294534=0x47e86) UNUSED 
RasterMan_ReadScanline EXPR(294533=0x47e85) UNUSED 
RasterMan_Wait EXPR(294530=0x47e82) UNUSED 
RasterMan_Release EXPR(294529=0x47e81) UNUSED 
RasterMan_Install EXPR(294528=0x47e80) UNUSED 
RasterMan_SetTables EXPR(294531=0x47e83) UNUSED 
RasterMan_Version EXPR(294532=0x47e84) UNUSED 
QTM_SetSampleSpeed EXPR(294473=0x47e49) UNUSED 
QTM_Stop EXPR(294466=0x47e42) UNUSED 
QTM_Start EXPR(294465=0x47e41) UNUSED 
QTM_Load EXPR(294464=0x47e40) UNUSED 
OS_ConvertHex8 EXPR(212=0xd4) UNUSED 
OS_ConvertHex4 EXPR(210=0xd2) UNUSED 
OS_ConvertHex2 EXPR(209=0xd1) UNUSED 
Event_VSync EXPR(4=0x4) UNUSED 
EventV EXPR(16=0x10) UNUSED 
ErrorV EXPR(1=0x1) UNUSED 
OS_AddToVector EXPR(71=0x47) UNUSED 
OS_Release EXPR(32=0x20) UNUSED 
OS_Claim EXPR(31=0x1f) UNUSED 
VD_ScreenStart EXPR(148=0x94) UNUSED 
DynArea_Screen EXPR(2=0x2) 
IKey_Space EXPR(157=0x9d) UNUSED 
IKey_RightClick EXPR(244=0xf4) UNUSED 
IKey_LeftClick EXPR(246=0xf6) UNUSED 
OSWord_WritePalette EXPR(12=0xc) UNUSED 
OSByte_ReadKey EXPR(129=0x81) UNUSED 
OSByte_WriteDisplayBank EXPR(113=0x71) UNUSED 
OSByte_WriteVDUBank EXPR(112=0x70) UNUSED 
OSByte_Vsync EXPR(19=0x13) UNUSED 
OSByte_EventDisable EXPR(13=0xd) UNUSED 
OSByte_EventEnable EXPR(14=0xe) UNUSED 
OS_Module EXPR(30=0x1e) UNUSED 
OS_supervisor EXPR(22=0x16) UNUSED 
OS_EnterOS EXPR(22=0x16) UNUSED 
OS_ConvertCardinal4 EXPR(216=0xd8) UNUSED 
OS_ReadDynamicArea EXPR(92=0x5c) 
OS_ReadMonotonicTime EXPR(66=0x42) UNUSED 
OS_ReadVduVariables EXPR(49=0x31) UNUSED 
OS_GenerateError EXPR(43=0x2b) UNUSED 
OS_ChangeDynamicArea EXPR(42=0x2a) 
OS_BreakPt EXPR(23=0x17) UNUSED 
OS_Exit EXPR(17=0x11) 
OS_File EXPR(8=0x8) UNUSED 
OS_Word EXPR(7=0x7) UNUSED 
XOS_Byte EXPR(131078=0x20006) UNUSED 
OS_Byte EXPR(6=0x6) 
OS_NewLine EXPR(3=0x3) UNUSED 
OS_WriteO EXPR(2=0x2) UNUSED 
OS_WriteC EXPR(0=0x0) 
dmabuffer2_fix EXPR(520192=0x7f000) UNUSED 
dmabuffer1_fix EXPR(516096=0x7e000) UNUSED 
ms_freq_Archi_div_4_pour_registre_direct EXPR(12=0xc) UNUSED 
ms_freq_Archi EXPR(48=0x30) 
nb_octets_par_vbl_fois_4 EXPR(1664=0x680) 
nb_octets_par_vbl EXPR(416=0x1a0) 
frequence_replay EXPR(20833=0x5161) 
ecart_sample EXPR(1024=0x400) 
__VASM EXPR(0=0x0) INTERNAL 
__MSDOSFS EXPR(0=0x0) INTERNAL 

There have been no errors.
